Revision: g7512cdc (master) Thu May 20 19:32:03 2021 +0300
Build date: May 21 2021 10:33:53
Running self tests...Mapped reserved range at phys address 0x000000001b506200 size=2KB
Mapped reserved range at phys address 0x000000001b503200 size=2KB
Mapped (host=0x7f3606e9d010) ROM at phys address 0x000000001fc00000 size=512KB
Mapped (host=0x1256080) RAMDEV0 at phys address 0x000000001a600000 size=0x100
Mapped (host=0x12561f0) SRAM at phys address 0x000000001b520000 size=64KB
Mapped (host=0x7f3506e9c010) RAM at phys address 0x0000000040000000 size=4GB
Mapped (host=0x7f3506e9c010) RAM at phys address 0x0000000000000000 size=256MB
Mapped (host=0x7f3504e9b010) Flash at phys address 0x000000001c000000 size=32MB
Mapped System Controller Registers at phys address 0x000000001b000000 size=0x500
Mapped IDMA registers at phys address 0x000000001b506000 size=0x40
Mapped IDMA registers at phys address 0x000000001b506040 size=0x40
Mapped IDMA registers at phys address 0x000000001b506080 size=0x40
Mapped IDMA registers at phys address 0x000000001b5060c0 size=0x40
Mapped IDMA registers at phys address 0x000000001b506100 size=0x40
Mapped IDMA registers at phys address 0x000000001b506140 size=0x40
Mapped IDMA registers at phys address 0x000000001b506180 size=0x40
Mapped IDMA registers at phys address 0x000000001b5061c0 size=0x40
Mapped General purpose IO at phys address 0x000000001b400250 size=0x20
Mapped IO Port 0 at phys address 0x000000001ff70000 size=0x8
Mapped IO Port 1 at phys address 0x000000001ff70008 size=0x8
Mapped 5 timers at phys address 0x000000001b400080
Mapped 9 timers_v2 at phys address 0x000000001b503020
Mapped interrupt controller at phys address 0x000000001b400020 size=0x10
Loading ROM file 'rom.bin'... 8Kb at phys address 0x000000001fc00000
Loading SRAM file 'sramfile.ram'... failed: No such file or directory
Loading RAM file 'ramfile.ram'... failed: No such file or directory
Loading RAM file 'rom_cut.bin'... 7Kb at phys address 0x0000000040000000
Loading RAM file 'code01.bin'... 40Kb at phys address 0x0000000040002000
Loading RAM file 'code02.bin'... 1Kb at phys address 0x00000000400fe000
Loading RAM file 'code03.bin'... 0Kb at phys address 0x00000000401fe000
Loading RAM file 'data01.bin'... 0Kb at phys address 0x000000004027ff00
Loading RAM file 'code04.bin'... 0Kb at phys address 0x00000000403fe000
Loading RAM file 'code05.bin'... 5Kb at phys address 0x00000000405fe000
Loading RAM file 'data02.bin'... 0Kb at phys address 0x00000000412fff00
Loading RAM file 'data03.bin'... 0Kb at phys address 0x00000000414fff00
Loading RAM file 'data04.bin'... 0Kb at phys address 0x00000000416fff00
Loading RAM file 'data05.bin'... 0Kb at phys address 0x0000000041afff00
Loading RAM file 'data06.bin'... 0Kb at phys address 0x00000000421fff00
Loading RAM file 'data07.bin'... 0Kb at phys address 0x00000000424fff00
Loading RAM file 'data08.bin'... 0Kb at phys address 0x00000000431fff00
Loading RAM file 'data09.bin'... 0Kb at phys address 0x00000000437fff00
Loading RAM file 'data10.bin'... 0Kb at phys address 0x00000000451fff00
Loading RAM file 'data18.bin'... 0Kb at phys address 0x00000000461fff00
Loading RAM file 'data19.bin'... 0Kb at phys address 0x00000000464fff00
Loading RAM file 'data20.bin'... 0Kb at phys address 0x0000000046afff00
Loading RAM file 'data21.bin'... 0Kb at phys address 0x00000000471fff00
Loading RAM file 'data22.bin'... 0Kb at phys address 0x00000000474fff00
Loading RAM file 'data23.bin'... 0Kb at phys address 0x0000000047afff00
Loading RAM file 'data24.bin'... 0Kb at phys address 0x00000000481fff00
Loading RAM file 'data25.bin'... 0Kb at phys address 0x00000000485fff00
Loading RAM file 'data26.bin'... 0Kb at phys address 0x00000000487fff00
Loading RAM file 'data27.bin'... 0Kb at phys address 0x000000004a1fff00
Loading RAM file 'data28.bin'... 0Kb at phys address 0x000000004a4fff00
Loading RAM file 'data29.bin'... 0Kb at phys address 0x000000004aafff00
Loading RAM file 'data30.bin'... 0Kb at phys address 0x000000004b1fff00
Loading RAM file 'data31.bin'... 0Kb at phys address 0x000000004b5fff00
Loading RAM file 'data32.bin'... 0Kb at phys address 0x000000004b7fff00
Loading RAM file 'data33.bin'... 0Kb at phys address 0x000000004cafff00
Loading RAM file 'data34.bin'... 0Kb at phys address 0x000000004cdfff00
Loading RAM file 'data35.bin'... 0Kb at phys address 0x000000004d1fff00
Loading RAM file 'data36.bin'... 0Kb at phys address 0x000000004d4fff00
Loading RAM file 'data37.bin'... 0Kb at phys address 0x000000004dafff00
Loading RAM file 'data11.bin'... 0Kb at phys address 0x00000000501fff00
Loading RAM file 'data12.bin'... 0Kb at phys address 0x00000000504fff00
Loading RAM file 'data13.bin'... 0Kb at phys address 0x00000000511fff00
Loading RAM file 'data14.bin'... 0Kb at phys address 0x00000000515fff00
Loading RAM file 'data15.bin'... 0Kb at phys address 0x00000000517fff00
Loading RAM file 'data16.bin'... 0Kb at phys address 0x0000000051afff00
Loading RAM file 'data17.bin'... 0Kb at phys address 0x0000000051dfff00
Loading RAM file 'data38.bin'... 0Kb at phys address 0x00000000521fff00
Loading RAM file 'data39.bin'... 0Kb at phys address 0x00000000524fff00
Loading RAM file 'data40.bin'... 0Kb at phys address 0x0000000052afff00
Loading RAM file 'data41.bin'... 0Kb at phys address 0x00000000531fff00
Loading RAM file 'data42.bin'... 0Kb at phys address 0x00000000535fff00
Loading RAM file 'data43.bin'... 0Kb at phys address 0x00000000537fff00
Loading RAM file 'data44.bin'... 0Kb at phys address 0x00000000541fff00
Loading RAM file 'data45.bin'... 0Kb at phys address 0x00000000544fff00
Loading RAM file 'data46.bin'... 0Kb at phys address 0x0000000054afff00
Loading RAM file 'data47.bin'... 0Kb at phys address 0x00000000551fff00
Loading RAM file 'data48.bin'... 0Kb at phys address 0x00000000555fff00
Loading RAM file 'data49.bin'... 0Kb at phys address 0x00000000557fff00
Loading RAM file 'data50.bin'... 0Kb at phys address 0x0000000055afff00
Loading RAM file 'data51.bin'... 0Kb at phys address 0x0000000055dfff00
Loading RAM file 'data52.bin'... 0Kb at phys address 0x00000000567fff00
Loading RAM file 'data53.bin'... 0Kb at phys address 0x00000000571fff00
Loading RAM file 'data54.bin'... 0Kb at phys address 0x00000000574fff00
Loading RAM file 'data55.bin'... 0Kb at phys address 0x0000000057afff00
Loading RAM file 'data56.bin'... 0Kb at phys address 0x00000000581fff00
Loading RAM file 'data57.bin'... 0Kb at phys address 0x00000000585fff00
Loading RAM file 'data58.bin'... 0Kb at phys address 0x00000000587fff00
Loading RAM file 'data61.bin'... 0Kb at phys address 0x00000000597fff00
Loading RAM file 'data59.bin'... 0Kb at phys address 0x0000000059afff00
Loading RAM file 'data60.bin'... 0Kb at phys address 0x0000000059dfff00
Loading RAM file 'data62.bin'... 0Kb at phys address 0x000000005a1fff00
Loading RAM file 'data63.bin'... 0Kb at phys address 0x000000005a4fff00
Loading RAM file 'data64.bin'... 0Kb at phys address 0x000000005aafff00
Loading RAM file 'data65.bin'... 0Kb at phys address 0x000000005b1fff00
Loading RAM file 'data66.bin'... 0Kb at phys address 0x000000005b5fff00
Loading RAM file 'data67.bin'... 0Kb at phys address 0x000000005b7fff00
Loading RAM file 'data68.bin'... 0Kb at phys address 0x000000005cafff00
Loading RAM file 'data69.bin'... 0Kb at phys address 0x000000005cdfff00
Loading state done
Loading state file '/home/ngrevcev//etc/vmips_initstate'...
Loading state file '/share4s/rtltests/ngrevcev/etc/vmips_initstate_onecore_new'...
** No state parameter 'perf0_int'. Assuming zero value.
** No state parameter 'perf1_int'. Assuming zero value.
** No state parameter 'perf3_int'. Assuming zero value.
Loading state done
Parameters icache: sets 8, lines 128, size 32KB
Parameters dcache: sets 8, lines 128, size 32KB
Parameters scache: sets 4, lines 4096, size 512KB
Options:
	initstatefile=/share4s/rtltests/ngrevcev/etc/vmips_initstate_onecore_new
	dcachesets=8
	ext_timer_debug
	haltinstcount=2000000
	memsize=0x100000000
	nohaltbreak
	excmsg_all
	bootmsg
	dma_log
	dmacoherent
	instdump
	instdumpnum
	tlb_log
	dumptlbwrite
	dumpregwrite
	dumpdmemacc=1
	dumptlbwrite
	dumpdcache
	dumpicache
	dumpscache
	dumpaddrtrans
	haltdumpcp0
	mempattern=0xfefefefe
	numcores=1
	snoop_ws_debug=1
	ramtable=ram_table.ini
	dumpsnoop
	haltdumpstat
	mipsr3
	mipsr2
	dinclusive=0
	mempattern=0
	numcores=1
	nocp3
	nocp2
	ramdev=0x1a600000 0x100
	reservedranges=0x1b506200 0x800 0x1b503200 0x800
Inital PC: ffffffffbfc00000

************* START *************

1 icache  00000000 load  uncached      pol=8 VA=ffffffffbfc00000 PA=01fc00000 line=00 hitv=00000000 ro=01234567
1 PC=0xffffffffbfc00000 [000000001fc00000]	40086000 mfc0   $t0,$12 # Status
1 Reg write t0=0000000030400004
2 icache  40086000 load  uncached      pol=8 VA=ffffffffbfc00004 PA=01fc00000 line=00 hitv=00000000 ro=01234567
2 PC=0xffffffffbfc00004 [000000001fc00004]	240a0004 addiu  $t2,$r0,0x4
2 Reg write t2=0000000000000004
3 icache  240a0004 load  uncached      pol=8 VA=ffffffffbfc00008 PA=01fc00008 line=00 hitv=00000000 ro=01234567
3 PC=0xffffffffbfc00008 [000000001fc00008]	3c090400 lui    $t1,0x400
3 Reg write t1=0000000004000000
4 icache  3c090400 load  uncached      pol=8 VA=ffffffffbfc0000c PA=01fc00008 line=00 hitv=00000000 ro=01234567
4 PC=0xffffffffbfc0000c [000000001fc0000c]	000a5027 nor    $t2,$r0,$t2
4 Reg write t2=fffffffffffffffb
5 icache  000a5027 load  uncached      pol=8 VA=ffffffffbfc00010 PA=01fc00010 line=00 hitv=00000000 ro=01234567
5 PC=0xffffffffbfc00010 [000000001fc00010]	010a4024 and    $t0,$t0,$t2
5 Reg write t0=0000000030400000
6 icache  010a4024 load  uncached      pol=8 VA=ffffffffbfc00014 PA=01fc00010 line=00 hitv=00000000 ro=01234567
6 PC=0xffffffffbfc00014 [000000001fc00014]	01094025 or     $t0,$t0,$t1
6 Reg write t0=0000000034400000
7 icache  01094025 load  uncached      pol=8 VA=ffffffffbfc00018 PA=01fc00018 line=00 hitv=00000000 ro=01234567
7 PC=0xffffffffbfc00018 [000000001fc00018]	40886000 mtc0   $t0,$12 # Status
8 icache  40886000 load  uncached      pol=8 VA=ffffffffbfc0001c PA=01fc00018 line=00 hitv=00000000 ro=01234567
8 PC=0xffffffffbfc0001c [000000001fc0001c]	3c083400 lui    $t0,0x3400
8 Reg write t0=0000000034000000
9 icache  3c083400 load  uncached      pol=8 VA=ffffffffbfc00020 PA=01fc00020 line=01 hitv=00000000 ro=01234567
9 PC=0xffffffffbfc00020 [000000001fc00020]	40886000 mtc0   $t0,$12 # Status
10 icache  40886000 load  uncached      pol=8 VA=ffffffffbfc00024 PA=01fc00020 line=01 hitv=00000000 ro=01234567
10 PC=0xffffffffbfc00024 [000000001fc00024]	40088000 mfc0   $t0,$16 # Config
10 Reg write t0=ffffffff80f0c484
11 icache  40088000 load  uncached      pol=8 VA=ffffffffbfc00028 PA=01fc00028 line=01 hitv=00000000 ro=01234567
11 PC=0xffffffffbfc00028 [000000001fc00028]	3c0a0020 lui    $t2,0x20
11 Reg write t2=0000000000200000
12 icache  3c0a0020 load  uncached      pol=8 VA=ffffffffbfc0002c PA=01fc00028 line=01 hitv=00000000 ro=01234567
12 PC=0xffffffffbfc0002c [000000001fc0002c]	354a0007 ori    $t2,$t2,0x7
12 Reg write t2=0000000000200007
13 icache  354a0007 load  uncached      pol=8 VA=ffffffffbfc00030 PA=01fc00030 line=01 hitv=00000000 ro=01234567
13 PC=0xffffffffbfc00030 [000000001fc00030]	24090003 addiu  $t1,$r0,0x3
13 Reg write t1=0000000000000003
14 icache  24090003 load  uncached      pol=8 VA=ffffffffbfc00034 PA=01fc00030 line=01 hitv=00000000 ro=01234567
14 PC=0xffffffffbfc00034 [000000001fc00034]	000a5027 nor    $t2,$r0,$t2
14 Reg write t2=ffffffffffdffff8
15 icache  000a5027 load  uncached      pol=8 VA=ffffffffbfc00038 PA=01fc00038 line=01 hitv=00000000 ro=01234567
15 PC=0xffffffffbfc00038 [000000001fc00038]	010a4024 and    $t0,$t0,$t2
15 Reg write t0=ffffffff80d0c480
16 icache  010a4024 load  uncached      pol=8 VA=ffffffffbfc0003c PA=01fc00038 line=01 hitv=00000000 ro=01234567
16 PC=0xffffffffbfc0003c [000000001fc0003c]	01094025 or     $t0,$t0,$t1
16 Reg write t0=ffffffff80d0c483
17 icache  01094025 load  uncached      pol=8 VA=ffffffffbfc00040 PA=01fc00040 line=02 hitv=00000000 ro=01234567
17 PC=0xffffffffbfc00040 [000000001fc00040]	40888000 mtc0   $t0,$16 # Config
18 icache  40888000 load  uncached      pol=8 VA=ffffffffbfc00044 PA=01fc00040 line=02 hitv=00000000 ro=01234567
18 PC=0xffffffffbfc00044 [000000001fc00044]	40805800 mtc0   $r0,$11 # Compare
19 icache  40805800 load  uncached      pol=8 VA=ffffffffbfc00048 PA=01fc00048 line=02 hitv=00000000 ro=01234567
19 PC=0xffffffffbfc00048 [000000001fc00048]	3c1d8000 lui    $sp,0x8000
19 Reg write sp=ffffffff80000000
20 icache  3c1d8000 load  uncached      pol=8 VA=ffffffffbfc0004c PA=01fc00048 line=02 hitv=00000000 ro=01234567
20 PC=0xffffffffbfc0004c [000000001fc0004c]	37bd2000 ori    $sp,$sp,0x2000
20 Reg write sp=ffffffff80002000
21 icache  37bd2000 load  uncached      pol=8 VA=ffffffffbfc00050 PA=01fc00050 line=02 hitv=00000000 ro=01234567
21 PC=0xffffffffbfc00050 [000000001fc00050]	40087801 mfc0   $t0,$15,1 # EBase
21 Reg write t0=ffffffff80000000
22 icache  40087801 load  uncached      pol=8 VA=ffffffffbfc00054 PA=01fc00050 line=02 hitv=00000000 ro=01234567
22 PC=0xffffffffbfc00054 [000000001fc00054]	310803ff andi   $t0,$t0,0x3ff
22 Reg write t0=0000000000000000
23 icache  310803ff load  uncached      pol=8 VA=ffffffffbfc00058 PA=01fc00058 line=02 hitv=00000000 ro=01234567
23 PC=0xffffffffbfc00058 [000000001fc00058]	15000009 bne    $t0,$r0,0xffffffffbfc00080
24 icache  15000009 load  uncached      pol=8 VA=ffffffffbfc0005c PA=01fc00058 line=02 hitv=00000000 ro=01234567
24 PC=0xffffffffbfc0005c [000000001fc0005c]	00000000 nop
25 icache  00000000 load  uncached      pol=8 VA=ffffffffbfc00060 PA=01fc00060 line=03 hitv=00000000 ro=01234567
25 PC=0xffffffffbfc00060 [000000001fc00060]	24080001 addiu  $t0,$r0,0x1
25 Reg write t0=0000000000000001
26 icache  24080001 load  uncached      pol=8 VA=ffffffffbfc00064 PA=01fc00060 line=03 hitv=00000000 ro=01234567
26 PC=0xffffffffbfc00064 [000000001fc00064]	3c09a000 lui    $t1,0xa000
26 Reg write t1=ffffffffa0000000
27 icache  3c09a000 load  uncached      pol=8 VA=ffffffffbfc00068 PA=01fc00068 line=03 hitv=00000000 ro=01234567
27 PC=0xffffffffbfc00068 [000000001fc00068]	a1281a00 sb     $t0,0x1a00($t1)
[va=ffffffffa0001a00 pa=0000000000001a00]
27 dcache  a1281a00 store uncached      pol=8 VA=ffffffffa0001a00 PA=000001a00 line=50 hitv=00000000 ro=01234567
27 scache  a1281a00 store uncached      pol=8 VA=ffffffffa0001a00 PA=000001a00 line=0d0 hitv=0000 ro=0123
27 dmemacc: store 1 addr=000001a00 data=0100000000000000 mask=10000000 
28 icache  a1281a00 load  uncached      pol=8 VA=ffffffffbfc0006c PA=01fc00068 line=03 hitv=00000000 ro=01234567
28 PC=0xffffffffbfc0006c [000000001fc0006c]	a1281a20 sb     $t0,0x1a20($t1)
[va=ffffffffa0001a20 pa=0000000000001a20]
28 dcache  a1281a20 store uncached      pol=8 VA=ffffffffa0001a20 PA=000001a20 line=51 hitv=00000000 ro=01234567
28 scache  a1281a20 store uncached      pol=8 VA=ffffffffa0001a20 PA=000001a20 line=0d1 hitv=0000 ro=0123
28 dmemacc: store 1 addr=000001a20 data=0100000000000000 mask=10000000 
29 icache  a1281a20 load  uncached      pol=8 VA=ffffffffbfc00070 PA=01fc00070 line=03 hitv=00000000 ro=01234567
29 PC=0xffffffffbfc00070 [000000001fc00070]	3c028000 lui    $v0,0x8000
29 Reg write v0=ffffffff80000000
30 icache  3c028000 load  uncached      pol=8 VA=ffffffffbfc00074 PA=01fc00070 line=03 hitv=00000000 ro=01234567
30 PC=0xffffffffbfc00074 [000000001fc00074]	34422000 ori    $v0,$v0,0x2000
30 Reg write v0=ffffffff80002000
31 icache  34422000 load  uncached      pol=8 VA=ffffffffbfc00078 PA=01fc00078 line=03 hitv=00000000 ro=01234567
31 PC=0xffffffffbfc00078 [000000001fc00078]	00400008 jr     $v0
32 icache  00400008 load  uncached      pol=8 VA=ffffffffbfc0007c PA=01fc00078 line=03 hitv=00000000 ro=01234567
32 PC=0xffffffffbfc0007c [000000001fc0007c]	00000000 nop
33 icache  00000000 load  miss refill   pol=3 VA=ffffffff80002000 PA=000002000 line=00 hitv=00000000 ro=01234567 tag=000000 V=00000000 L=00000000
33 PC=0xffffffff80002000 [0000000000002000]	40086000 mfc0   $t0,$12 # Status
33 Reg write t0=0000000034000000
34 PC=0xffffffff80002004 [0000000000002004]	340980e1 ori    $t1,$r0,0x80e1
34 Reg write t1=00000000000080e1
35 PC=0xffffffff80002008 [0000000000002008]	3c0a0040 lui    $t2,0x40
35 Reg write t2=0000000000400000
36 PC=0xffffffff8000200c [000000000000200c]	000a5027 nor    $t2,$r0,$t2
36 Reg write t2=ffffffffffbfffff
37 icache  000a5027 load  hit           pol=3 VA=ffffffff80002010 PA=000002010 line=00 hitv=00000001 ro=12345670 tag=000002 V=00000001 L=00000000
37 PC=0xffffffff80002010 [0000000000002010]	010a4024 and    $t0,$t0,$t2
37 Reg write t0=0000000034000000
38 PC=0xffffffff80002014 [0000000000002014]	01094025 or     $t0,$t0,$t1
38 Reg write t0=00000000340080e1
39 PC=0xffffffff80002018 [0000000000002018]	40886000 mtc0   $t0,$12 # Status
40 PC=0xffffffff8000201c [000000000000201c]	40802800 mtc0   $r0,$5 # PageMask
41 icache  40802800 load  miss refill   pol=3 VA=ffffffff80002020 PA=000002020 line=01 hitv=00000000 ro=01234567 tag=000000 V=00000000 L=00000000
41 PC=0xffffffff80002020 [0000000000002020]	40801000 mtc0   $r0,$2 # EntryLo0
42 PC=0xffffffff80002024 [0000000000002024]	40801800 mtc0   $r0,$3 # EntryLo1
43 PC=0xffffffff80002028 [0000000000002028]	40813000 mtc0   $r1,$6 # Wired
44 PC=0xffffffff8000202c [000000000000202c]	00000040 ssnop
45 icache  00000040 load  hit           pol=3 VA=ffffffff80002030 PA=000002030 line=01 hitv=00000001 ro=12345670 tag=000002 V=00000001 L=00000000
45 PC=0xffffffff80002030 [0000000000002030]	00000040 ssnop
46 PC=0xffffffff80002034 [0000000000002034]	00000040 ssnop
47 PC=0xffffffff80002038 [0000000000002038]	00000040 ssnop
48 PC=0xffffffff8000203c [000000000000203c]	00000040 ssnop
49 icache  00000040 load  miss refill   pol=3 VA=ffffffff80002040 PA=000002040 line=02 hitv=00000000 ro=01234567 tag=000000 V=00000000 L=00000000
49 PC=0xffffffff80002040 [0000000000002040]	00000040 ssnop
50 PC=0xffffffff80002044 [0000000000002044]	00000040 ssnop
51 PC=0xffffffff80002048 [0000000000002048]	40016000 mfc0   $r1,$12 # Status
51 Reg write r1=00000000340080e1
52 PC=0xffffffff8000204c [000000000000204c]	34210020 ori    $r1,$r1,0x20
52 Reg write r1=00000000340080e1
53 icache  34210020 load  hit           pol=3 VA=ffffffff80002050 PA=000002050 line=02 hitv=00000001 ro=12345670 tag=000002 V=00000001 L=00000000
53 PC=0xffffffff80002050 [0000000000002050]	40816000 mtc0   $r1,$12 # Status
54 PC=0xffffffff80002054 [0000000000002054]	3c018000 lui    $r1,0x8000
54 Reg write r1=ffffffff80000000
55 PC=0xffffffff80002058 [0000000000002058]	342100a0 ori    $r1,$r1,0xa0
55 Reg write r1=ffffffff800000a0
56 PC=0xffffffff8000205c [000000000000205c]	3c02001a lui    $v0,0x1a
56 Reg write v0=00000000001a0000
57 icache  3c02001a load  miss refill   pol=3 VA=ffffffff80002060 PA=000002060 line=03 hitv=00000000 ro=01234567 tag=000000 V=00000000 L=00000000
57 PC=0xffffffff80002060 [0000000000002060]	3442d7f8 ori    $v0,$v0,0xd7f8
57 Reg write v0=00000000001ad7f8
58 PC=0xffffffff80002064 [0000000000002064]	ac220000 sw     $v0,0x0($r1)
[va=ffffffff800000a0 pa=00000000000000a0]
58 dcache  ac220000 store miss w/alloc  pol=3 VA=ffffffff800000a0 PA=0000000a0 line=05 hitv=00000000 ro=01234567 tag=000000 V=00000000 W=00000000 L=00000000
58 scache  ac220000 store miss w/alloc  pol=3 VA=ffffffff800000a0 PA=0000000a0 line=005 hitv=0000 ro=0123 tag=00000 V=0000 W=0000 data=001ad7f800000000 mask=11110000
59 PC=0xffffffff80002068 [0000000000002068]	3c02001a lui    $v0,0x1a
59 Reg write v0=00000000001a0000
60 PC=0xffffffff8000206c [000000000000206c]	3442d17e ori    $v0,$v0,0xd17e
60 Reg write v0=00000000001ad17e
61 icache  3442d17e load  hit           pol=3 VA=ffffffff80002070 PA=000002070 line=03 hitv=00000001 ro=12345670 tag=000002 V=00000001 L=00000000
61 PC=0xffffffff80002070 [0000000000002070]	ac220004 sw     $v0,0x4($r1)
[va=ffffffff800000a4 pa=00000000000000a4]
61 dcache  ac220004 store hit           pol=3 VA=ffffffff800000a4 PA=0000000a0 line=05 hitv=00000001 ro=12345670 tag=000000 V=00000001 W=00000000 L=00000000
61 scache  ac220004 store hit           pol=3 VA=ffffffff800000a4 PA=0000000a0 line=005 hitv=0001 ro=1230 tag=00000 V=0001 W=0001 data=00000000001ad17e mask=00001111
62 PC=0xffffffff80002074 [0000000000002074]	3c03a000 lui    $v1,0xa000
62 Reg write v1=ffffffffa0000000
63 PC=0xffffffff80002078 [0000000000002078]	346300a0 ori    $v1,$v1,0xa0
63 Reg write v1=ffffffffa00000a0
64 PC=0xffffffff8000207c [000000000000207c]	8c620008 lw     $v0,0x8($v1)
[va=ffffffffa00000a8 pa=00000000000000a8]
64 dcache  8c620008 load  uncached      pol=8 VA=ffffffffa00000a8 PA=0000000a8 line=05 hitv=00000000 ro=12345670
64 scache  8c620008 load  uncached      pol=8 VA=ffffffffa00000a8 PA=0000000a8 line=005 hitv=0000 ro=1230
64 dmemacc: fetch 4 addr=0000000a8 data=375a001f00000000 mask=11110000 
64 Reg write v0=00000000375a001f
65 icache  8c620008 load  miss refill   pol=3 VA=ffffffff80002080 PA=000002080 line=04 hitv=00000000 ro=01234567 tag=000000 V=00000000 L=00000000
65 PC=0xffffffff80002080 [0000000000002080]	ac220008 sw     $v0,0x8($r1)
[va=ffffffff800000a8 pa=00000000000000a8]
65 dcache  ac220008 store hit           pol=3 VA=ffffffff800000a8 PA=0000000a8 line=05 hitv=00000001 ro=12345670 tag=000000 V=00000001 W=00000000 L=00000000
65 scache  ac220008 store hit           pol=3 VA=ffffffff800000a8 PA=0000000a8 line=005 hitv=0001 ro=1230 tag=00000 V=0001 W=0001 data=375a001f00000000 mask=11110000
66 PC=0xffffffff80002084 [0000000000002084]	8c620008 lw     $v0,0x8($v1)
[va=ffffffffa00000a8 pa=00000000000000a8]
66 dcache  8c620008 load  uncached      pol=8 VA=ffffffffa00000a8 PA=0000000a8 line=05 hitv=00000000 ro=12345670
66 scache  8c620008 load  uncached      pol=8 VA=ffffffffa00000a8 PA=0000000a8 line=005 hitv=0000 ro=1230
66 dmemacc: fetch 4 addr=0000000a8 data=375a001f00000000 mask=11110000 
66 Reg write v0=00000000375a001f
67 PC=0xffffffff80002088 [0000000000002088]	ac220008 sw     $v0,0x8($r1)
[va=ffffffff800000a8 pa=00000000000000a8]
67 dcache  ac220008 store hit           pol=3 VA=ffffffff800000a8 PA=0000000a8 line=05 hitv=00000001 ro=12345670 tag=000000 V=00000001 W=00000000 L=00000000
67 scache  ac220008 store hit           pol=3 VA=ffffffff800000a8 PA=0000000a8 line=005 hitv=0001 ro=1230 tag=00000 V=0001 W=0001 data=375a001f00000000 mask=11110000
68 PC=0xffffffff8000208c [000000000000208c]	8c62000c lw     $v0,0xc($v1)
[va=ffffffffa00000ac pa=00000000000000ac]
68 dcache  8c62000c load  uncached      pol=8 VA=ffffffffa00000ac PA=0000000a8 line=05 hitv=00000000 ro=12345670
68 scache  8c62000c load  uncached      pol=8 VA=ffffffffa00000ac PA=0000000a8 line=005 hitv=0000 ro=1230
68 dmemacc: fetch 4 addr=0000000ac data=00000000401b2000 mask=00001111 
68 Reg write v0=00000000401b2000
69 icache  8c62000c load  hit           pol=3 VA=ffffffff80002090 PA=000002090 line=04 hitv=00000001 ro=12345670 tag=000002 V=00000001 L=00000000
69 PC=0xffffffff80002090 [0000000000002090]	ac22000c sw     $v0,0xc($r1)
[va=ffffffff800000ac pa=00000000000000ac]
69 dcache  ac22000c store hit           pol=3 VA=ffffffff800000ac PA=0000000a8 line=05 hitv=00000001 ro=12345670 tag=000000 V=00000001 W=00000000 L=00000000
69 scache  ac22000c store hit           pol=3 VA=ffffffff800000ac PA=0000000a8 line=005 hitv=0001 ro=1230 tag=00000 V=0001 W=0001 data=00000000401b2000 mask=00001111
70 PC=0xffffffff80002094 [0000000000002094]	8c620010 lw     $v0,0x10($v1)
[va=ffffffffa00000b0 pa=00000000000000b0]
70 dcache  8c620010 load  uncached      pol=8 VA=ffffffffa00000b0 PA=0000000b0 line=05 hitv=00000000 ro=12345670
70 scache  8c620010 load  uncached      pol=8 VA=ffffffffa00000b0 PA=0000000b0 line=005 hitv=0000 ro=1230
70 dmemacc: fetch 4 addr=0000000b0 data=40ba100000000000 mask=11110000 
70 Reg write v0=0000000040ba1000
71 PC=0xffffffff80002098 [0000000000002098]	ac220010 sw     $v0,0x10($r1)
[va=ffffffff800000b0 pa=00000000000000b0]
71 dcache  ac220010 store hit           pol=3 VA=ffffffff800000b0 PA=0000000b0 line=05 hitv=00000001 ro=12345670 tag=000000 V=00000001 W=00000000 L=00000000
71 scache  ac220010 store hit           pol=3 VA=ffffffff800000b0 PA=0000000b0 line=005 hitv=0001 ro=1230 tag=00000 V=0001 W=0001 data=40ba100000000000 mask=11110000
72 PC=0xffffffff8000209c [000000000000209c]	8c620014 lw     $v0,0x14($v1)
[va=ffffffffa00000b4 pa=00000000000000b4]
72 dcache  8c620014 load  uncached      pol=8 VA=ffffffffa00000b4 PA=0000000b0 line=05 hitv=00000000 ro=12345670
72 scache  8c620014 load  uncached      pol=8 VA=ffffffffa00000b4 PA=0000000b0 line=005 hitv=0000 ro=1230
72 dmemacc: fetch 4 addr=0000000b4 data=00000000375a0040 mask=00001111 
72 Reg write v0=00000000375a0040
73 icache  8c620014 load  miss refill   pol=3 VA=ffffffff800020a0 PA=0000020a0 line=05 hitv=00000000 ro=01234567 tag=000000 V=00000000 L=00000000
73 PC=0xffffffff800020a0 [00000000000020a0]	ac220014 sw     $v0,0x14($r1)
[va=ffffffff800000b4 pa=00000000000000b4]
73 dcache  ac220014 store hit           pol=3 VA=ffffffff800000b4 PA=0000000b0 line=05 hitv=00000001 ro=12345670 tag=000000 V=00000001 W=00000000 L=00000000
73 scache  ac220014 store hit           pol=3 VA=ffffffff800000b4 PA=0000000b0 line=005 hitv=0001 ro=1230 tag=00000 V=0001 W=0001 data=00000000375a0040 mask=00001111
74 PC=0xffffffff800020a4 [00000000000020a4]	8c620018 lw     $v0,0x18($v1)
[va=ffffffffa00000b8 pa=00000000000000b8]
74 dcache  8c620018 load  uncached      pol=8 VA=ffffffffa00000b8 PA=0000000b8 line=05 hitv=00000000 ro=12345670
74 scache  8c620018 load  uncached      pol=8 VA=ffffffffa00000b8 PA=0000000b8 line=005 hitv=0000 ro=1230
74 dmemacc: fetch 4 addr=0000000b8 data=401ba00000000000 mask=11110000 
74 Reg write v0=00000000401ba000
75 PC=0xffffffff800020a8 [00000000000020a8]	ac220018 sw     $v0,0x18($r1)
[va=ffffffff800000b8 pa=00000000000000b8]
75 dcache  ac220018 store hit           pol=3 VA=ffffffff800000b8 PA=0000000b8 line=05 hitv=00000001 ro=12345670 tag=000000 V=00000001 W=00000000 L=00000000
75 scache  ac220018 store hit           pol=3 VA=ffffffff800000b8 PA=0000000b8 line=005 hitv=0001 ro=1230 tag=00000 V=0001 W=0001 data=401ba00000000000 mask=11110000
76 PC=0xffffffff800020ac [00000000000020ac]	8c62001c lw     $v0,0x1c($v1)
[va=ffffffffa00000bc pa=00000000000000bc]
76 dcache  8c62001c load  uncached      pol=8 VA=ffffffffa00000bc PA=0000000b8 line=05 hitv=00000000 ro=12345670
76 scache  8c62001c load  uncached      pol=8 VA=ffffffffa00000bc PA=0000000b8 line=005 hitv=0000 ro=1230
76 dmemacc: fetch 4 addr=0000000bc data=0000000040ba1800 mask=00001111 
76 Reg write v0=0000000040ba1800
77 icache  8c62001c load  hit           pol=3 VA=ffffffff800020b0 PA=0000020b0 line=05 hitv=00000001 ro=12345670 tag=000002 V=00000001 L=00000000
77 PC=0xffffffff800020b0 [00000000000020b0]	ac22001c sw     $v0,0x1c($r1)
[va=ffffffff800000bc pa=00000000000000bc]
77 dcache  ac22001c store hit           pol=3 VA=ffffffff800000bc PA=0000000b8 line=05 hitv=00000001 ro=12345670 tag=000000 V=00000001 W=00000000 L=00000000
77 scache  ac22001c store hit           pol=3 VA=ffffffff800000bc PA=0000000b8 line=005 hitv=0001 ro=1230 tag=00000 V=0001 W=0001 data=0000000040ba1800 mask=00001111
78 PC=0xffffffff800020b4 [00000000000020b4]	00000040 ssnop
79 PC=0xffffffff800020b8 [00000000000020b8]	00000040 ssnop
80 PC=0xffffffff800020bc [00000000000020bc]	bc300000 cache  0x10,0x0($r1) # I-Hit Invalidate
[va=ffffffff800000a0 pa=00000000000000a0]
80 icache  bc300000 hit inv        miss pol=3 VA=ffffffff800000a0 PA=0000000a0 line=05 hitv=00000000 ro=12345670 tag=000000 V=00000001 L=00000000
81 icache  bc300000 load  miss refill   pol=3 VA=ffffffff800020c0 PA=0000020c0 line=06 hitv=00000000 ro=01234567 tag=000000 V=00000000 L=00000000
81 PC=0xffffffff800020c0 [00000000000020c0]	bc370000 cache  0x17,0x0($r1) # S-Hit Writeback Invalidate/Hit Invalidate
[va=ffffffff800000a0 pa=00000000000000a0]
81 scache  bc370000 hit wb inv          pol=3 VA=ffffffff800000a0 PA=0000000a0 line=005 hitv=0001 ro=1230 tag=00000 V=0001 W=0001
81 dmemacc: store 8 addr=0000000a0 data=001ad7f8001ad17e mask=11111111 cline 
81 dmemacc: store 8 addr=0000000a8 data=375a001f401b2000 mask=11111111 cline 
81 dmemacc: store 8 addr=0000000b0 data=40ba1000375a0040 mask=11111111 cline 
81 dmemacc: store 8 addr=0000000b8 data=401ba00040ba1800 mask=11111111 cline 
82 PC=0xffffffff800020c4 [00000000000020c4]	3c01dd57 lui    $r1,0xdd57
82 Reg write r1=ffffffffdd570000
83 PC=0xffffffff800020c8 [00000000000020c8]	3c027fff lui    $v0,0x7fff
83 Reg write v0=000000007fff0000
84 PC=0xffffffff800020cc [00000000000020cc]	3c034e58 lui    $v1,0x4e58
84 Reg write v1=000000004e580000
85 icache  3c034e58 load  hit           pol=3 VA=ffffffff800020d0 PA=0000020d0 line=06 hitv=00000001 ro=12345670 tag=000002 V=00000001 L=00000000
85 PC=0xffffffff800020d0 [00000000000020d0]	3c0461cf lui    $a0,0x61cf
85 Reg write a0=0000000061cf0000
86 PC=0xffffffff800020d4 [00000000000020d4]	3c057fff lui    $a1,0x7fff
86 Reg write a1=000000007fff0000
87 PC=0xffffffff800020d8 [00000000000020d8]	3c06ffff lui    $a2,0xffff
87 Reg write a2=ffffffffffff0000
88 PC=0xffffffff800020dc [00000000000020dc]	3c07bb5b lui    $a3,0xbb5b
88 Reg write a3=ffffffffbb5b0000
89 icache  3c07bb5b load  miss refill   pol=3 VA=ffffffff800020e0 PA=0000020e0 line=07 hitv=00000000 ro=01234567 tag=000000 V=00000000 L=00000000
89 PC=0xffffffff800020e0 [00000000000020e0]	3c080d46 lui    $t0,0xd46
89 Reg write t0=000000000d460000
90 PC=0xffffffff800020e4 [00000000000020e4]	3c091a64 lui    $t1,0x1a64
90 Reg write t1=000000001a640000
91 PC=0xffffffff800020e8 [00000000000020e8]	3c0a7992 lui    $t2,0x7992
91 Reg write t2=0000000079920000
92 PC=0xffffffff800020ec [00000000000020ec]	3c0b5571 lui    $t3,0x5571
92 Reg write t3=0000000055710000
93 icache  3c0b5571 load  hit           pol=3 VA=ffffffff800020f0 PA=0000020f0 line=07 hitv=00000001 ro=12345670 tag=000002 V=00000001 L=00000000
93 PC=0xffffffff800020f0 [00000000000020f0]	3c0c5678 lui    $t4,0x5678
93 Reg write t4=0000000056780000
94 PC=0xffffffff800020f4 [00000000000020f4]	3c0db8a7 lui    $t5,0xb8a7
94 Reg write t5=ffffffffb8a70000
95 PC=0xffffffff800020f8 [00000000000020f8]	3c0e8000 lui    $t6,0x8000
95 Reg write t6=ffffffff80000000
96 PC=0xffffffff800020fc [00000000000020fc]	3c0f5452 lui    $t7,0x5452
96 Reg write t7=0000000054520000
97 icache  3c0f5452 load  miss refill   pol=3 VA=ffffffff80002100 PA=000002100 line=08 hitv=00000000 ro=01234567 tag=000000 V=00000000 L=00000000
97 PC=0xffffffff80002100 [0000000000002100]	3c108132 lui    $s0,0x8132
97 Reg write s0=ffffffff81320000
98 PC=0xffffffff80002104 [0000000000002104]	3c118000 lui    $s1,0x8000
98 Reg write s1=ffffffff80000000
99 PC=0xffffffff80002108 [0000000000002108]	3c120001 lui    $s2,0x1
99 Reg write s2=0000000000010000
100 PC=0xffffffff8000210c [000000000000210c]	3c13adaa lui    $s3,0xadaa
100 Reg write s3=ffffffffadaa0000
101 icache  3c13adaa load  hit           pol=3 VA=ffffffff80002110 PA=000002110 line=08 hitv=00000001 ro=12345670 tag=000002 V=00000001 L=00000000
101 PC=0xffffffff80002110 [0000000000002110]	3c14f07c lui    $s4,0xf07c
101 Reg write s4=fffffffff07c0000
102 PC=0xffffffff80002114 [0000000000002114]	3c150001 lui    $s5,0x1
102 Reg write s5=0000000000010000
103 PC=0xffffffff80002118 [0000000000002118]	3c169cba lui    $s6,0x9cba
103 Reg write s6=ffffffff9cba0000
104 PC=0xffffffff8000211c [000000000000211c]	3c173804 lui    $s7,0x3804
104 Reg write s7=0000000038040000
105 icache  3c173804 load  miss refill   pol=3 VA=ffffffff80002120 PA=000002120 line=09 hitv=00000000 ro=01234567 tag=000000 V=00000000 L=00000000
105 PC=0xffffffff80002120 [0000000000002120]	3c1847da lui    $t8,0x47da
105 Reg write t8=0000000047da0000
106 PC=0xffffffff80002124 [0000000000002124]	3c19ff00 lui    $t9,0xff00
106 Reg write t9=ffffffffff000000
107 PC=0xffffffff80002128 [0000000000002128]	3c1c96f5 lui    $gp,0x96f5
107 Reg write gp=ffffffff96f50000
108 PC=0xffffffff8000212c [000000000000212c]	3c1d40c1 lui    $sp,0x40c1
108 Reg write sp=0000000040c10000
109 icache  3c1d40c1 load  hit           pol=3 VA=ffffffff80002130 PA=000002130 line=09 hitv=00000001 ro=12345670 tag=000002 V=00000001 L=00000000
109 PC=0xffffffff80002130 [0000000000002130]	3c1e7d67 lui    $s8,0x7d67
109 Reg write s8=000000007d670000
110 PC=0xffffffff80002134 [0000000000002134]	04110001 bgezal $r0,0xffffffff8000213c
110 Reg write ra=ffffffff8000213c
111 PC=0xffffffff80002138 [0000000000002138]	3c1e0000 lui    $s8,0x0
111 Reg write s8=0000000000000000
112 icache  3c1e0000 load  hit           pol=3 VA=ffffffff8000213c PA=000002130 line=09 hitv=00000001 ro=12345670 tag=000002 V=00000001 L=00000000
112 PC=0xffffffff8000213c [000000000000213c]	37de9e74 ori    $s8,$s8,0x9e74
112 Reg write s8=0000000000009e74
113 icache  37de9e74 load  miss refill   pol=3 VA=ffffffff80002140 PA=000002140 line=0a hitv=00000000 ro=01234567 tag=000000 V=00000000 L=00000000
113 PC=0xffffffff80002140 [0000000000002140]	03dff02c dadd   $s8,$s8,$ra
113 Reg write s8=ffffffff8000bfb0
114 PC=0xffffffff80002144 [0000000000002144]	03c0f809 jalr   $ra,$s8
114 Reg write ra=ffffffff8000214c
115 PC=0xffffffff80002148 [0000000000002148]	00000000 nop
116 icache  00000000 load  miss refill   pol=3 VA=ffffffff8000bfb0 PA=00000bfb0 line=7d hitv=00000000 ro=01234567 tag=000000 V=00000000 L=00000000
116 PC=0xffffffff8000bfb0 [000000000000bfb0]	dfc10130 ld     $r1,0x130($s8)
[va=ffffffff8000c0e0 pa=000000000000c0e0]
116 dcache  dfc10130 load  miss refill   pol=3 VA=ffffffff8000c0e0 PA=00000c0e0 line=07 hitv=00000000 ro=01234567 tag=000000 V=00000000 W=00000000 L=00000000
116 scache  dfc10130 load  miss refill   pol=3 VA=ffffffff8000c0e0 PA=00000c0e0 line=607 hitv=0000 ro=0123 tag=00000 V=0000 W=0000
116 Reg write r1=29bccfe1864f805b
117 PC=0xffffffff8000bfb4 [000000000000bfb4]	00200011 mthi   $r1
118 PC=0xffffffff8000bfb8 [000000000000bfb8]	dfc10138 ld     $r1,0x138($s8)
[va=ffffffff8000c0e8 pa=000000000000c0e8]
118 dcache  dfc10138 load  hit           pol=3 VA=ffffffff8000c0e8 PA=00000c0e8 line=07 hitv=00000001 ro=12345670 tag=00000c V=00000001 W=00000000 L=00000000
118 Reg write r1=5dc137d67d339f4d
119 PC=0xffffffff8000bfbc [000000000000bfbc]	00200013 mtlo   $r1
120 icache  00200013 load  miss refill   pol=3 VA=ffffffff8000bfc0 PA=00000bfc0 line=7e hitv=00000000 ro=01234567 tag=000000 V=00000000 L=00000000
120 PC=0xffffffff8000bfc0 [000000000000bfc0]	dfc10140 ld     $r1,0x140($s8)
[va=ffffffff8000c0f0 pa=000000000000c0f0]
120 dcache  dfc10140 load  hit           pol=3 VA=ffffffff8000c0f0 PA=00000c0f0 line=07 hitv=00000001 ro=12345670 tag=00000c V=00000001 W=00000000 L=00000000
120 Reg write r1=fffffffff805916e
121 PC=0xffffffff8000bfc4 [000000000000bfc4]	44c1c800 ctc1   $r1,f25
122 PC=0xffffffff8000bfc8 [000000000000bfc8]	dfc10148 ld     $r1,0x148($s8)
[va=ffffffff8000c0f8 pa=000000000000c0f8]
122 dcache  dfc10148 load  hit           pol=3 VA=ffffffff8000c0f8 PA=00000c0f8 line=07 hitv=00000001 ro=12345670 tag=00000c V=00000001 W=00000000 L=00000000
122 Reg write r1=af44044ac6ee0abc
123 PC=0xffffffff8000bfcc [000000000000bfcc]	dfc20150 ld     $v0,0x150($s8)
[va=ffffffff8000c100 pa=000000000000c100]
123 dcache  dfc20150 load  miss refill   pol=3 VA=ffffffff8000c100 PA=00000c100 line=08 hitv=00000000 ro=01234567 tag=000000 V=00000000 W=00000000 L=00000000
123 scache  dfc20150 load  miss refill   pol=3 VA=ffffffff8000c100 PA=00000c100 line=608 hitv=0000 ro=0123 tag=00000 V=0000 W=0000
123 Reg write v0=1acd6adbe9126607
124 icache  dfc20150 load  hit           pol=3 VA=ffffffff8000bfd0 PA=00000bfd0 line=7e hitv=00000001 ro=12345670 tag=00000b V=00000001 L=00000000
124 PC=0xffffffff8000bfd0 [000000000000bfd0]	dfc30158 ld     $v1,0x158($s8)
[va=ffffffff8000c108 pa=000000000000c108]
124 dcache  dfc30158 load  hit           pol=3 VA=ffffffff8000c108 PA=00000c108 line=08 hitv=00000001 ro=12345670 tag=00000c V=00000001 W=00000000 L=00000000
124 Reg write v1=a5191e32f08d2225
125 PC=0xffffffff8000bfd4 [000000000000bfd4]	dfc40160 ld     $a0,0x160($s8)
[va=ffffffff8000c110 pa=000000000000c110]
125 dcache  dfc40160 load  hit           pol=3 VA=ffffffff8000c110 PA=00000c110 line=08 hitv=00000001 ro=12345670 tag=00000c V=00000001 W=00000000 L=00000000
125 Reg write a0=ffffffffffffffff
126 PC=0xffffffff8000bfd8 [000000000000bfd8]	dfc50168 ld     $a1,0x168($s8)
[va=ffffffff8000c118 pa=000000000000c118]
126 dcache  dfc50168 load  hit           pol=3 VA=ffffffff8000c118 PA=00000c118 line=08 hitv=00000001 ro=12345670 tag=00000c V=00000001 W=00000000 L=00000000
126 Reg write a1=b213a6e54dce409f
127 PC=0xffffffff8000bfdc [000000000000bfdc]	dfc60170 ld     $a2,0x170($s8)
[va=ffffffff8000c120 pa=000000000000c120]
127 dcache  dfc60170 load  miss refill   pol=3 VA=ffffffff8000c120 PA=00000c120 line=09 hitv=00000000 ro=01234567 tag=000000 V=00000000 W=00000000 L=00000000
127 scache  dfc60170 load  miss refill   pol=3 VA=ffffffff8000c120 PA=00000c120 line=609 hitv=0000 ro=0123 tag=00000 V=0000 W=0000
127 Reg write a2=ffffffffffffffff
128 icache  dfc60170 load  miss refill   pol=3 VA=ffffffff8000bfe0 PA=00000bfe0 line=7f hitv=00000000 ro=01234567 tag=000000 V=00000000 L=00000000
128 PC=0xffffffff8000bfe0 [000000000000bfe0]	dfc70178 ld     $a3,0x178($s8)
[va=ffffffff8000c128 pa=000000000000c128]
128 dcache  dfc70178 load  hit           pol=3 VA=ffffffff8000c128 PA=00000c128 line=09 hitv=00000001 ro=12345670 tag=00000c V=00000001 W=00000000 L=00000000
128 Reg write a3=ffffffffffffffff
129 PC=0xffffffff8000bfe4 [000000000000bfe4]	dfc80180 ld     $t0,0x180($s8)
[va=ffffffff8000c130 pa=000000000000c130]
129 dcache  dfc80180 load  hit           pol=3 VA=ffffffff8000c130 PA=00000c130 line=09 hitv=00000001 ro=12345670 tag=00000c V=00000001 W=00000000 L=00000000
129 Reg write t0=ffffffffffffffff
130 PC=0xffffffff8000bfe8 [000000000000bfe8]	dfc90188 ld     $t1,0x188($s8)
[va=ffffffff8000c138 pa=000000000000c138]
130 dcache  dfc90188 load  hit           pol=3 VA=ffffffff8000c138 PA=00000c138 line=09 hitv=00000001 ro=12345670 tag=00000c V=00000001 W=00000000 L=00000000
130 Reg write t1=d302f6b196686a20
131 PC=0xffffffff8000bfec [000000000000bfec]	dfca0190 ld     $t2,0x190($s8)
[va=ffffffff8000c140 pa=000000000000c140]
131 dcache  dfca0190 load  miss refill   pol=3 VA=ffffffff8000c140 PA=00000c140 line=0a hitv=00000000 ro=01234567 tag=000000 V=00000000 W=00000000 L=00000000
131 scache  dfca0190 load  miss refill   pol=3 VA=ffffffff8000c140 PA=00000c140 line=60a hitv=0000 ro=0123 tag=00000 V=0000 W=0000
131 Reg write t2=406f445de90abd68
132 icache  dfca0190 load  hit           pol=3 VA=ffffffff8000bff0 PA=00000bff0 line=7f hitv=00000001 ro=12345670 tag=00000b V=00000001 L=00000000
132 PC=0xffffffff8000bff0 [000000000000bff0]	dfcb0198 ld     $t3,0x198($s8)
[va=ffffffff8000c148 pa=000000000000c148]
132 dcache  dfcb0198 load  hit           pol=3 VA=ffffffff8000c148 PA=00000c148 line=0a hitv=00000001 ro=12345670 tag=00000c V=00000001 W=00000000 L=00000000
132 Reg write t3=fffffffffc000000
133 PC=0xffffffff8000bff4 [000000000000bff4]	dfcc01a0 ld     $t4,0x1a0($s8)
[va=ffffffff8000c150 pa=000000000000c150]
133 dcache  dfcc01a0 load  hit           pol=3 VA=ffffffff8000c150 PA=00000c150 line=0a hitv=00000001 ro=12345670 tag=00000c V=00000001 W=00000000 L=00000000
133 Reg write t4=d78f192bd55b7835
134 PC=0xffffffff8000bff8 [000000000000bff8]	dfcd01a8 ld     $t5,0x1a8($s8)
[va=ffffffff8000c158 pa=000000000000c158]
134 dcache  dfcd01a8 load  hit           pol=3 VA=ffffffff8000c158 PA=00000c158 line=0a hitv=00000001 ro=12345670 tag=00000c V=00000001 W=00000000 L=00000000
134 Reg write t5=1351a9b17b6234db
135 PC=0xffffffff8000bffc [000000000000bffc]	dfce01b0 ld     $t6,0x1b0($s8)
[va=ffffffff8000c160 pa=000000000000c160]
135 dcache  dfce01b0 load  miss refill   pol=3 VA=ffffffff8000c160 PA=00000c160 line=0b hitv=00000000 ro=01234567 tag=000000 V=00000000 W=00000000 L=00000000
135 scache  dfce01b0 load  miss refill   pol=3 VA=ffffffff8000c160 PA=00000c160 line=60b hitv=0000 ro=0123 tag=00000 V=0000 W=0000
135 Reg write t6=8e38e38e38e38e38
136 icache  dfce01b0 load  miss refill   pol=3 VA=ffffffff8000c000 PA=00000c000 line=00 hitv=00000000 ro=12345670 tag=000000 V=00000001 L=00000000
136 PC=0xffffffff8000c000 [000000000000c000]	dfcf01b8 ld     $t7,0x1b8($s8)
[va=ffffffff8000c168 pa=000000000000c168]
136 dcache  dfcf01b8 load  hit           pol=3 VA=ffffffff8000c168 PA=00000c168 line=0b hitv=00000001 ro=12345670 tag=00000c V=00000001 W=00000000 L=00000000
136 Reg write t7=8000000000000000
137 PC=0xffffffff8000c004 [000000000000c004]	dfd001c0 ld     $s0,0x1c0($s8)
[va=ffffffff8000c170 pa=000000000000c170]
137 dcache  dfd001c0 load  hit           pol=3 VA=ffffffff8000c170 PA=00000c170 line=0b hitv=00000001 ro=12345670 tag=00000c V=00000001 W=00000000 L=00000000
137 Reg write s0=4ba898f109aac4dd
138 PC=0xffffffff8000c008 [000000000000c008]	dfd101c8 ld     $s1,0x1c8($s8)
[va=ffffffff8000c178 pa=000000000000c178]
138 dcache  dfd101c8 load  hit           pol=3 VA=ffffffff8000c178 PA=00000c178 line=0b hitv=00000001 ro=12345670 tag=00000c V=00000001 W=00000000 L=00000000
138 Reg write s1=ea62613e0fb35705
139 PC=0xffffffff8000c00c [000000000000c00c]	dfd201d0 ld     $s2,0x1d0($s8)
[va=ffffffff8000c180 pa=000000000000c180]
139 dcache  dfd201d0 load  miss refill   pol=3 VA=ffffffff8000c180 PA=00000c180 line=0c hitv=00000000 ro=01234567 tag=000000 V=00000000 W=00000000 L=00000000
139 scache  dfd201d0 load  miss refill   pol=3 VA=ffffffff8000c180 PA=00000c180 line=60c hitv=0000 ro=0123 tag=00000 V=0000 W=0000
139 Reg write s2=ca0c54e0f66db589
140 icache  dfd201d0 load  hit           pol=3 VA=ffffffff8000c010 PA=00000c010 line=00 hitv=00000010 ro=23456701 tag=00000c V=00000011 L=00000000
140 PC=0xffffffff8000c010 [000000000000c010]	dfd301d8 ld     $s3,0x1d8($s8)
[va=ffffffff8000c188 pa=000000000000c188]
140 dcache  dfd301d8 load  hit           pol=3 VA=ffffffff8000c188 PA=00000c188 line=0c hitv=00000001 ro=12345670 tag=00000c V=00000001 W=00000000 L=00000000
140 Reg write s3=a199ca0016c73929
141 PC=0xffffffff8000c014 [000000000000c014]	dfd401e0 ld     $s4,0x1e0($s8)
[va=ffffffff8000c190 pa=000000000000c190]
141 dcache  dfd401e0 load  hit           pol=3 VA=ffffffff8000c190 PA=00000c190 line=0c hitv=00000001 ro=12345670 tag=00000c V=00000001 W=00000000 L=00000000
141 Reg write s4=d996e888ba64622b
142 PC=0xffffffff8000c018 [000000000000c018]	dfd501e8 ld     $s5,0x1e8($s8)
[va=ffffffff8000c198 pa=000000000000c198]
142 dcache  dfd501e8 load  hit           pol=3 VA=ffffffff8000c198 PA=00000c198 line=0c hitv=00000001 ro=12345670 tag=00000c V=00000001 W=00000000 L=00000000
142 Reg write s5=7fe16781ef8a34bd
143 PC=0xffffffff8000c01c [000000000000c01c]	dfd601f0 ld     $s6,0x1f0($s8)
[va=ffffffff8000c1a0 pa=000000000000c1a0]
143 dcache  dfd601f0 load  miss refill   pol=3 VA=ffffffff8000c1a0 PA=00000c1a0 line=0d hitv=00000000 ro=01234567 tag=000000 V=00000000 W=00000000 L=00000000
143 scache  dfd601f0 load  miss refill   pol=3 VA=ffffffff8000c1a0 PA=00000c1a0 line=60d hitv=0000 ro=0123 tag=00000 V=0000 W=0000
143 Reg write s6=236267a2809594b0
144 icache  dfd601f0 load  miss refill   pol=3 VA=ffffffff8000c020 PA=00000c020 line=01 hitv=00000000 ro=12345670 tag=000000 V=00000001 L=00000000
144 PC=0xffffffff8000c020 [000000000000c020]	dfd701f8 ld     $s7,0x1f8($s8)
[va=ffffffff8000c1a8 pa=000000000000c1a8]
144 dcache  dfd701f8 load  hit           pol=3 VA=ffffffff8000c1a8 PA=00000c1a8 line=0d hitv=00000001 ro=12345670 tag=00000c V=00000001 W=00000000 L=00000000
144 Reg write s7=ec646c15632fb09a
145 PC=0xffffffff8000c024 [000000000000c024]	dfd80200 ld     $t8,0x200($s8)
[va=ffffffff8000c1b0 pa=000000000000c1b0]
145 dcache  dfd80200 load  hit           pol=3 VA=ffffffff8000c1b0 PA=00000c1b0 line=0d hitv=00000001 ro=12345670 tag=00000c V=00000001 W=00000000 L=00000000
145 Reg write t8=4bd71b6a4e7ec67a
146 PC=0xffffffff8000c028 [000000000000c028]	dfd90208 ld     $t9,0x208($s8)
[va=ffffffff8000c1b8 pa=000000000000c1b8]
146 dcache  dfd90208 load  hit           pol=3 VA=ffffffff8000c1b8 PA=00000c1b8 line=0d hitv=00000001 ro=12345670 tag=00000c V=00000001 W=00000000 L=00000000
146 Reg write t9=1143916c050ae6b8
147 PC=0xffffffff8000c02c [000000000000c02c]	dfda0210 ld     $k0,0x210($s8)
[va=ffffffff8000c1c0 pa=000000000000c1c0]
147 dcache  dfda0210 load  miss refill   pol=3 VA=ffffffff8000c1c0 PA=00000c1c0 line=0e hitv=00000000 ro=01234567 tag=000000 V=00000000 W=00000000 L=00000000
147 scache  dfda0210 load  miss refill   pol=3 VA=ffffffff8000c1c0 PA=00000c1c0 line=60e hitv=0000 ro=0123 tag=00000 V=0000 W=0000
147 Reg write k0=f136b5e4cac3aae1
148 icache  dfda0210 load  hit           pol=3 VA=ffffffff8000c030 PA=00000c030 line=01 hitv=00000010 ro=23456701 tag=00000c V=00000011 L=00000000
148 PC=0xffffffff8000c030 [000000000000c030]	dfdb0218 ld     $k1,0x218($s8)
[va=ffffffff8000c1c8 pa=000000000000c1c8]
148 dcache  dfdb0218 load  hit           pol=3 VA=ffffffff8000c1c8 PA=00000c1c8 line=0e hitv=00000001 ro=12345670 tag=00000c V=00000001 W=00000000 L=00000000
148 Reg write k1=ffffffffffffff80
149 PC=0xffffffff8000c034 [000000000000c034]	dfdc0220 ld     $gp,0x220($s8)
[va=ffffffff8000c1d0 pa=000000000000c1d0]
149 dcache  dfdc0220 load  hit           pol=3 VA=ffffffff8000c1d0 PA=00000c1d0 line=0e hitv=00000001 ro=12345670 tag=00000c V=00000001 W=00000000 L=00000000
149 Reg write gp=ffffffffffc00000
150 PC=0xffffffff8000c038 [000000000000c038]	dfdd0228 ld     $sp,0x228($s8)
[va=ffffffff8000c1d8 pa=000000000000c1d8]
150 dcache  dfdd0228 load  hit           pol=3 VA=ffffffff8000c1d8 PA=00000c1d8 line=0e hitv=00000001 ro=12345670 tag=00000c V=00000001 W=00000000 L=00000000
150 Reg write sp=aaaaaaaaaaaaaaaa
151 PC=0xffffffff8000c03c [000000000000c03c]	d7c00230 ldc1   f0,0x230($s8)
[va=ffffffff8000c1e0 pa=000000000000c1e0]
151 dcache  d7c00230 load  miss refill   pol=3 VA=ffffffff8000c1e0 PA=00000c1e0 line=0f hitv=00000000 ro=01234567 tag=000000 V=00000000 W=00000000 L=00000000
151 scache  d7c00230 load  miss refill   pol=3 VA=ffffffff8000c1e0 PA=00000c1e0 line=60f hitv=0000 ro=0123 tag=00000 V=0000 W=0000
151 Reg write f[0]=beac3fd8b5424a69  FCSR(fcr31)=6e000000
152 icache  d7c00230 load  miss refill   pol=3 VA=ffffffff8000c040 PA=00000c040 line=02 hitv=00000000 ro=12345670 tag=000000 V=00000001 L=00000000
152 PC=0xffffffff8000c040 [000000000000c040]	d7c10238 ldc1   f1,0x238($s8)
[va=ffffffff8000c1e8 pa=000000000000c1e8]
152 dcache  d7c10238 load  hit           pol=3 VA=ffffffff8000c1e8 PA=00000c1e8 line=0f hitv=00000001 ro=12345670 tag=00000c V=00000001 W=00000000 L=00000000
152 Reg write f[1]=403798bc02f4876f  FCSR(fcr31)=6e000000
153 PC=0xffffffff8000c044 [000000000000c044]	d7c20240 ldc1   f2,0x240($s8)
[va=ffffffff8000c1f0 pa=000000000000c1f0]
153 dcache  d7c20240 load  hit           pol=3 VA=ffffffff8000c1f0 PA=00000c1f0 line=0f hitv=00000001 ro=12345670 tag=00000c V=00000001 W=00000000 L=00000000
153 Reg write f[2]=416fffffffffffff  FCSR(fcr31)=6e000000
154 PC=0xffffffff8000c048 [000000000000c048]	d7c30248 ldc1   f3,0x248($s8)
[va=ffffffff8000c1f8 pa=000000000000c1f8]
154 dcache  d7c30248 load  hit           pol=3 VA=ffffffff8000c1f8 PA=00000c1f8 line=0f hitv=00000001 ro=12345670 tag=00000c V=00000001 W=00000000 L=00000000
154 Reg write f[3]=41afffffffffffff  FCSR(fcr31)=6e000000
155 PC=0xffffffff8000c04c [000000000000c04c]	d7c40250 ldc1   f4,0x250($s8)
[va=ffffffff8000c200 pa=000000000000c200]
155 dcache  d7c40250 load  miss refill   pol=3 VA=ffffffff8000c200 PA=00000c200 line=10 hitv=00000000 ro=01234567 tag=000000 V=00000000 W=00000000 L=00000000
155 scache  d7c40250 load  miss refill   pol=3 VA=ffffffff8000c200 PA=00000c200 line=610 hitv=0000 ro=0123 tag=00000 V=0000 W=0000
155 Reg write f[4]=3e70000000000000  FCSR(fcr31)=6e000000
156 icache  d7c40250 load  hit           pol=3 VA=ffffffff8000c050 PA=00000c050 line=02 hitv=00000010 ro=23456701 tag=00000c V=00000011 L=00000000
156 PC=0xffffffff8000c050 [000000000000c050]	d7c50258 ldc1   f5,0x258($s8)
[va=ffffffff8000c208 pa=000000000000c208]
156 dcache  d7c50258 load  hit           pol=3 VA=ffffffff8000c208 PA=00000c208 line=10 hitv=00000001 ro=12345670 tag=00000c V=00000001 W=00000000 L=00000000
156 Reg write f[5]=410fffffffffffff  FCSR(fcr31)=6e000000
157 PC=0xffffffff8000c054 [000000000000c054]	d7c60260 ldc1   f6,0x260($s8)
[va=ffffffff8000c210 pa=000000000000c210]
157 dcache  d7c60260 load  hit           pol=3 VA=ffffffff8000c210 PA=00000c210 line=10 hitv=00000001 ro=12345670 tag=00000c V=00000001 W=00000000 L=00000000
157 Reg write f[6]=00094b1b5d53e5b7  FCSR(fcr31)=6e000000
158 PC=0xffffffff8000c058 [000000000000c058]	d7c70268 ldc1   f7,0x268($s8)
[va=ffffffff8000c218 pa=000000000000c218]
158 dcache  d7c70268 load  hit           pol=3 VA=ffffffff8000c218 PA=00000c218 line=10 hitv=00000001 ro=12345670 tag=00000c V=00000001 W=00000000 L=00000000
158 Reg write f[7]=bee6d057ed1734cc  FCSR(fcr31)=6e000000
159 PC=0xffffffff8000c05c [000000000000c05c]	d7c80270 ldc1   f8,0x270($s8)
[va=ffffffff8000c220 pa=000000000000c220]
159 dcache  d7c80270 load  miss refill   pol=3 VA=ffffffff8000c220 PA=00000c220 line=11 hitv=00000000 ro=01234567 tag=000000 V=00000000 W=00000000 L=00000000
159 scache  d7c80270 load  miss refill   pol=3 VA=ffffffff8000c220 PA=00000c220 line=611 hitv=0000 ro=0123 tag=00000 V=0000 W=0000
159 Reg write f[8]=ffefffffffffffff  FCSR(fcr31)=6e000000
160 icache  d7c80270 load  miss refill   pol=3 VA=ffffffff8000c060 PA=00000c060 line=03 hitv=00000000 ro=12345670 tag=000000 V=00000001 L=00000000
160 PC=0xffffffff8000c060 [000000000000c060]	d7c90278 ldc1   f9,0x278($s8)
[va=ffffffff8000c228 pa=000000000000c228]
160 dcache  d7c90278 load  hit           pol=3 VA=ffffffff8000c228 PA=00000c228 line=11 hitv=00000001 ro=12345670 tag=00000c V=00000001 W=00000000 L=00000000
160 Reg write f[9]=0010000000000000  FCSR(fcr31)=6e000000
161 PC=0xffffffff8000c064 [000000000000c064]	d7ca0280 ldc1   f10,0x280($s8)
[va=ffffffff8000c230 pa=000000000000c230]
161 dcache  d7ca0280 load  hit           pol=3 VA=ffffffff8000c230 PA=00000c230 line=11 hitv=00000001 ro=12345670 tag=00000c V=00000001 W=00000000 L=00000000
161 Reg write f[10]=4020000800000000  FCSR(fcr31)=6e000000
162 PC=0xffffffff8000c068 [000000000000c068]	d7cb0288 ldc1   f11,0x288($s8)
[va=ffffffff8000c238 pa=000000000000c238]
162 dcache  d7cb0288 load  hit           pol=3 VA=ffffffff8000c238 PA=00000c238 line=11 hitv=00000001 ro=12345670 tag=00000c V=00000001 W=00000000 L=00000000
162 Reg write f[11]=fff0000000000000  FCSR(fcr31)=6e000000
163 PC=0xffffffff8000c06c [000000000000c06c]	d7cc0290 ldc1   f12,0x290($s8)
[va=ffffffff8000c240 pa=000000000000c240]
163 dcache  d7cc0290 load  miss refill   pol=3 VA=ffffffff8000c240 PA=00000c240 line=12 hitv=00000000 ro=01234567 tag=000000 V=00000000 W=00000000 L=00000000
163 scache  d7cc0290 load  miss refill   pol=3 VA=ffffffff8000c240 PA=00000c240 line=612 hitv=0000 ro=0123 tag=00000 V=0000 W=0000
163 Reg write f[12]=8010000000000000  FCSR(fcr31)=6e000000
164 icache  d7cc0290 load  hit           pol=3 VA=ffffffff8000c070 PA=00000c070 line=03 hitv=00000010 ro=23456701 tag=00000c V=00000011 L=00000000
164 PC=0xffffffff8000c070 [000000000000c070]	d7cd0298 ldc1   f13,0x298($s8)
[va=ffffffff8000c248 pa=000000000000c248]
164 dcache  d7cd0298 load  hit           pol=3 VA=ffffffff8000c248 PA=00000c248 line=12 hitv=00000001 ro=12345670 tag=00000c V=00000001 W=00000000 L=00000000
164 Reg write f[13]=fff0000000000000  FCSR(fcr31)=6e000000
165 PC=0xffffffff8000c074 [000000000000c074]	d7ce02a0 ldc1   f14,0x2a0($s8)
[va=ffffffff8000c250 pa=000000000000c250]
165 dcache  d7ce02a0 load  hit           pol=3 VA=ffffffff8000c250 PA=00000c250 line=12 hitv=00000001 ro=12345670 tag=00000c V=00000001 W=00000000 L=00000000
165 Reg write f[14]=c13d92aa26150c3f  FCSR(fcr31)=6e000000
166 PC=0xffffffff8000c078 [000000000000c078]	d7cf02a8 ldc1   f15,0x2a8($s8)
[va=ffffffff8000c258 pa=000000000000c258]
166 dcache  d7cf02a8 load  hit           pol=3 VA=ffffffff8000c258 PA=00000c258 line=12 hitv=00000001 ro=12345670 tag=00000c V=00000001 W=00000000 L=00000000
166 Reg write f[15]=0000000000000000  FCSR(fcr31)=6e000000
167 PC=0xffffffff8000c07c [000000000000c07c]	d7d002b0 ldc1   f16,0x2b0($s8)
[va=ffffffff8000c260 pa=000000000000c260]
167 dcache  d7d002b0 load  miss refill   pol=3 VA=ffffffff8000c260 PA=00000c260 line=13 hitv=00000000 ro=01234567 tag=000000 V=00000000 W=00000000 L=00000000
167 scache  d7d002b0 load  miss refill   pol=3 VA=ffffffff8000c260 PA=00000c260 line=613 hitv=0000 ro=0123 tag=00000 V=0000 W=0000
167 Reg write f[16]=0010000000000000  FCSR(fcr31)=6e000000
168 icache  d7d002b0 load  miss refill   pol=3 VA=ffffffff8000c080 PA=00000c080 line=04 hitv=00000000 ro=12345670 tag=000000 V=00000001 L=00000000
168 PC=0xffffffff8000c080 [000000000000c080]	d7d102b8 ldc1   f17,0x2b8($s8)
[va=ffffffff8000c268 pa=000000000000c268]
168 dcache  d7d102b8 load  hit           pol=3 VA=ffffffff8000c268 PA=00000c268 line=13 hitv=00000001 ro=12345670 tag=00000c V=00000001 W=00000000 L=00000000
168 Reg write f[17]=0001878ce51b8f96  FCSR(fcr31)=6e000000
169 PC=0xffffffff8000c084 [000000000000c084]	d7d202c0 ldc1   f18,0x2c0($s8)
[va=ffffffff8000c270 pa=000000000000c270]
169 dcache  d7d202c0 load  hit           pol=3 VA=ffffffff8000c270 PA=00000c270 line=13 hitv=00000001 ro=12345670 tag=00000c V=00000001 W=00000000 L=00000000
169 Reg write f[18]=41efffffffffffff  FCSR(fcr31)=6e000000
170 PC=0xffffffff8000c088 [000000000000c088]	d7d302c8 ldc1   f19,0x2c8($s8)
[va=ffffffff8000c278 pa=000000000000c278]
170 dcache  d7d302c8 load  hit           pol=3 VA=ffffffff8000c278 PA=00000c278 line=13 hitv=00000001 ro=12345670 tag=00000c V=00000001 W=00000000 L=00000000
170 Reg write f[19]=3fb571883972dce4  FCSR(fcr31)=6e000000
171 PC=0xffffffff8000c08c [000000000000c08c]	d7d402d0 ldc1   f20,0x2d0($s8)
[va=ffffffff8000c280 pa=000000000000c280]
171 dcache  d7d402d0 load  miss refill   pol=3 VA=ffffffff8000c280 PA=00000c280 line=14 hitv=00000000 ro=01234567 tag=000000 V=00000000 W=00000000 L=00000000
171 scache  d7d402d0 load  miss refill   pol=3 VA=ffffffff8000c280 PA=00000c280 line=614 hitv=0000 ro=0123 tag=00000 V=0000 W=0000
171 Reg write f[20]=7ff4618a55166d21  FCSR(fcr31)=6e000000
172 icache  d7d402d0 load  hit           pol=3 VA=ffffffff8000c090 PA=00000c090 line=04 hitv=00000010 ro=23456701 tag=00000c V=00000011 L=00000000
172 PC=0xffffffff8000c090 [000000000000c090]	d7d502d8 ldc1   f21,0x2d8($s8)
[va=ffffffff8000c288 pa=000000000000c288]
172 dcache  d7d502d8 load  hit           pol=3 VA=ffffffff8000c288 PA=00000c288 line=14 hitv=00000001 ro=12345670 tag=00000c V=00000001 W=00000000 L=00000000
172 Reg write f[21]=bedc297259158139  FCSR(fcr31)=6e000000
173 PC=0xffffffff8000c094 [000000000000c094]	d7d602e0 ldc1   f22,0x2e0($s8)
[va=ffffffff8000c290 pa=000000000000c290]
173 dcache  d7d602e0 load  hit           pol=3 VA=ffffffff8000c290 PA=00000c290 line=14 hitv=00000001 ro=12345670 tag=00000c V=00000001 W=00000000 L=00000000
173 Reg write f[22]=3f30000000000010  FCSR(fcr31)=6e000000
174 PC=0xffffffff8000c098 [000000000000c098]	d7d702e8 ldc1   f23,0x2e8($s8)
[va=ffffffff8000c298 pa=000000000000c298]
174 dcache  d7d702e8 load  hit           pol=3 VA=ffffffff8000c298 PA=00000c298 line=14 hitv=00000001 ro=12345670 tag=00000c V=00000001 W=00000000 L=00000000
174 Reg write f[23]=0000000000000000  FCSR(fcr31)=6e000000
175 PC=0xffffffff8000c09c [000000000000c09c]	d7d802f0 ldc1   f24,0x2f0($s8)
[va=ffffffff8000c2a0 pa=000000000000c2a0]
175 dcache  d7d802f0 load  miss refill   pol=3 VA=ffffffff8000c2a0 PA=00000c2a0 line=15 hitv=00000000 ro=01234567 tag=000000 V=00000000 W=00000000 L=00000000
175 scache  d7d802f0 load  miss refill   pol=3 VA=ffffffff8000c2a0 PA=00000c2a0 line=615 hitv=0000 ro=0123 tag=00000 V=0000 W=0000
175 Reg write f[24]=8000000000000000  FCSR(fcr31)=6e000000
176 icache  d7d802f0 load  miss refill   pol=3 VA=ffffffff8000c0a0 PA=00000c0a0 line=05 hitv=00000000 ro=12345670 tag=000000 V=00000001 L=00000000
176 PC=0xffffffff8000c0a0 [000000000000c0a0]	d7d902f8 ldc1   f25,0x2f8($s8)
[va=ffffffff8000c2a8 pa=000000000000c2a8]
176 dcache  d7d902f8 load  hit           pol=3 VA=ffffffff8000c2a8 PA=00000c2a8 line=15 hitv=00000001 ro=12345670 tag=00000c V=00000001 W=00000000 L=00000000
176 Reg write f[25]=c060f7c09be6b247  FCSR(fcr31)=6e000000
177 PC=0xffffffff8000c0a4 [000000000000c0a4]	d7da0300 ldc1   f26,0x300($s8)
[va=ffffffff8000c2b0 pa=000000000000c2b0]
177 dcache  d7da0300 load  hit           pol=3 VA=ffffffff8000c2b0 PA=00000c2b0 line=15 hitv=00000001 ro=12345670 tag=00000c V=00000001 W=00000000 L=00000000
177 Reg write f[26]=7ff0000000000000  FCSR(fcr31)=6e000000
178 PC=0xffffffff8000c0a8 [000000000000c0a8]	d7db0308 ldc1   f27,0x308($s8)
[va=ffffffff8000c2b8 pa=000000000000c2b8]
178 dcache  d7db0308 load  hit           pol=3 VA=ffffffff8000c2b8 PA=00000c2b8 line=15 hitv=00000001 ro=12345670 tag=00000c V=00000001 W=00000000 L=00000000
178 Reg write f[27]=c13a2f6b4622bd23  FCSR(fcr31)=6e000000
179 PC=0xffffffff8000c0ac [000000000000c0ac]	d7dc0310 ldc1   f28,0x310($s8)
[va=ffffffff8000c2c0 pa=000000000000c2c0]
179 dcache  d7dc0310 load  miss refill   pol=3 VA=ffffffff8000c2c0 PA=00000c2c0 line=16 hitv=00000000 ro=01234567 tag=000000 V=00000000 W=00000000 L=00000000
179 scache  d7dc0310 load  miss refill   pol=3 VA=ffffffff8000c2c0 PA=00000c2c0 line=616 hitv=0000 ro=0123 tag=00000 V=0000 W=0000
179 Reg write f[28]=000b7a9e0d89bfa8  FCSR(fcr31)=6e000000
180 icache  d7dc0310 load  hit           pol=3 VA=ffffffff8000c0b0 PA=00000c0b0 line=05 hitv=00000010 ro=23456701 tag=00000c V=00000011 L=00000000
180 PC=0xffffffff8000c0b0 [000000000000c0b0]	d7dd0318 ldc1   f29,0x318($s8)
[va=ffffffff8000c2c8 pa=000000000000c2c8]
180 dcache  d7dd0318 load  hit           pol=3 VA=ffffffff8000c2c8 PA=00000c2c8 line=16 hitv=00000001 ro=12345670 tag=00000c V=00000001 W=00000000 L=00000000
180 Reg write f[29]=407eb3da45d6f7c6  FCSR(fcr31)=6e000000
181 PC=0xffffffff8000c0b4 [000000000000c0b4]	d7de0320 ldc1   f30,0x320($s8)
[va=ffffffff8000c2d0 pa=000000000000c2d0]
181 dcache  d7de0320 load  hit           pol=3 VA=ffffffff8000c2d0 PA=00000c2d0 line=16 hitv=00000001 ro=12345670 tag=00000c V=00000001 W=00000000 L=00000000
181 Reg write f[30]=ffffffffffffffff  FCSR(fcr31)=6e000000
182 PC=0xffffffff8000c0b8 [000000000000c0b8]	d7df0328 ldc1   f31,0x328($s8)
[va=ffffffff8000c2d8 pa=000000000000c2d8]
182 dcache  d7df0328 load  hit           pol=3 VA=ffffffff8000c2d8 PA=00000c2d8 line=16 hitv=00000001 ro=12345670 tag=00000c V=00000001 W=00000000 L=00000000
182 Reg write f[31]=3f2ffffffffffdff  FCSR(fcr31)=6e000000
183 PC=0xffffffff8000c0bc [000000000000c0bc]	03e00008 jr     $ra
184 icache  03e00008 load  miss refill   pol=3 VA=ffffffff8000c0c0 PA=00000c0c0 line=06 hitv=00000000 ro=12345670 tag=000000 V=00000001 L=00000000
184 PC=0xffffffff8000c0c0 [000000000000c0c0]	00000000 nop
185 icache  00000000 load  hit           pol=3 VA=ffffffff8000214c PA=000002140 line=0a hitv=00000001 ro=12345670 tag=000002 V=00000001 L=00000000
185 PC=0xffffffff8000214c [000000000000214c]	08002c58 j      0xffffffff8000b160
186 icache  08002c58 load  hit           pol=3 VA=ffffffff80002150 PA=000002150 line=0a hitv=00000001 ro=12345670 tag=000002 V=00000001 L=00000000
186 PC=0xffffffff80002150 [0000000000002150]	00000000 nop
187 icache  00000000 load  miss refill   pol=3 VA=ffffffff8000b160 PA=00000b160 line=0b hitv=00000000 ro=01234567 tag=000000 V=00000000 L=00000000
187 PC=0xffffffff8000b160 [000000000000b160]	3c039800 lui    $v1,0x9800
187 Reg write v1=ffffffff98000000
188 PC=0xffffffff8000b164 [000000000000b164]	00031c38 dsll   $v1,$v1,16
188 Reg write v1=ffff980000000000
189 PC=0xffffffff8000b168 [000000000000b168]	3463535f ori    $v1,$v1,0x535f
189 Reg write v1=ffff98000000535f
190 PC=0xffffffff8000b16c [000000000000b16c]	00031c38 dsll   $v1,$v1,16
190 Reg write v1=98000000535f0000
191 icache  00031c38 load  hit           pol=3 VA=ffffffff8000b170 PA=00000b170 line=0b hitv=00000001 ro=12345670 tag=00000b V=00000001 L=00000000
191 PC=0xffffffff8000b170 [000000000000b170]	3463ff80 ori    $v1,$v1,0xff80
191 Reg write v1=98000000535fff80
192 PC=0xffffffff8000b174 [000000000000b174]	34010001 ori    $r1,$r0,0x1
192 Reg write r1=0000000000000001
193 PC=0xffffffff8000b178 [000000000000b178]	40814800 mtc0   $r1,$9 # Count
194 PC=0xffffffff8000b17c [000000000000b17c]	34011255 ori    $r1,$r0,0x1255
194 Reg write r1=0000000000001255
195 icache  34011255 load  miss refill   pol=3 VA=ffffffff8000b180 PA=00000b180 line=0c hitv=00000000 ro=01234567 tag=000000 V=00000000 L=00000000
195 PC=0xffffffff8000b180 [000000000000b180]	40815800 mtc0   $r1,$11 # Compare
196 PC=0xffffffff8000b184 [000000000000b184]	00000040 ssnop
197 PC=0xffffffff8000b188 [000000000000b188]	00000040 ssnop
198 PC=0xffffffff8000b18c [000000000000b18c]	3c039800 lui    $v1,0x9800
198 Reg write v1=ffffffff98000000
199 icache  3c039800 load  hit           pol=3 VA=ffffffff8000b190 PA=00000b190 line=0c hitv=00000001 ro=12345670 tag=00000b V=00000001 L=00000000
199 PC=0xffffffff8000b190 [000000000000b190]	00031c38 dsll   $v1,$v1,16
199 Reg write v1=ffff980000000000
200 PC=0xffffffff8000b194 [000000000000b194]	3463504f ori    $v1,$v1,0x504f
200 Reg write v1=ffff98000000504f
201 PC=0xffffffff8000b198 [000000000000b198]	00031c38 dsll   $v1,$v1,16
201 Reg write v1=98000000504f0000
202 PC=0xffffffff8000b19c [000000000000b19c]	3463ff30 ori    $v1,$v1,0xff30
202 Reg write v1=98000000504fff30
203 icache  3463ff30 load  miss refill   pol=3 VA=ffffffff8000b1a0 PA=00000b1a0 line=0d hitv=00000000 ro=01234567 tag=000000 V=00000000 L=00000000
203 PC=0xffffffff8000b1a0 [000000000000b1a0]	3c019800 lui    $r1,0x9800
203 Reg write r1=ffffffff98000000
204 PC=0xffffffff8000b1a4 [000000000000b1a4]	00010c38 dsll   $r1,$r1,16
204 Reg write r1=ffff980000000000
205 PC=0xffffffff8000b1a8 [000000000000b1a8]	3421416f ori    $r1,$r1,0x416f
205 Reg write r1=ffff98000000416f
206 PC=0xffffffff8000b1ac [000000000000b1ac]	00010c38 dsll   $r1,$r1,16
206 Reg write r1=98000000416f0000
207 icache  00010c38 load  hit           pol=3 VA=ffffffff8000b1b0 PA=00000b1b0 line=0d hitv=00000001 ro=12345670 tag=00000b V=00000001 L=00000000
207 PC=0xffffffff8000b1b0 [000000000000b1b0]	34219880 ori    $r1,$r1,0x9880
207 Reg write r1=98000000416f9880
208 PC=0xffffffff8000b1b4 [000000000000b1b4]	ac2f6904 sw     $t7,0x6904($r1)
[va=9800000041700184 pa=0000000041700184]
208 dcache  ac2f6904 store miss w/alloc  pol=3 VA=9800000041700184 PA=041700180 line=0c hitv=00000000 ro=12345670 tag=000000 V=00000001 W=00000000 L=00000000
208 scache  ac2f6904 store miss w/alloc  pol=3 VA=9800000041700184 PA=041700180 line=00c hitv=0000 ro=0123 tag=00000 V=0000 W=0000 data=0000000000000000 mask=00001111
209 PC=0xffffffff8000b1b8 [000000000000b1b8]	3c079800 lui    $a3,0x9800
209 Reg write a3=ffffffff98000000
210 PC=0xffffffff8000b1bc [000000000000b1bc]	00073c38 dsll   $a3,$a3,16
210 Reg write a3=ffff980000000000
211 icache  00073c38 load  miss refill   pol=3 VA=ffffffff8000b1c0 PA=00000b1c0 line=0e hitv=00000000 ro=01234567 tag=000000 V=00000000 L=00000000
211 PC=0xffffffff8000b1c0 [000000000000b1c0]	34e741b0 ori    $a3,$a3,0x41b0
211 Reg write a3=ffff9800000041b0
212 PC=0xffffffff8000b1c4 [000000000000b1c4]	00073c38 dsll   $a3,$a3,16
212 Reg write a3=9800000041b00000
213 PC=0xffffffff8000b1c8 [000000000000b1c8]	34e73ad4 ori    $a3,$a3,0x3ad4
213 Reg write a3=9800000041b03ad4
214 PC=0xffffffff8000b1cc [000000000000b1cc]	90e1c67a lbu    $r1,0xffffc67a($a3)
[va=9800000041b0014e pa=0000000041b0014e]
214 dcache  90e1c67a load  miss refill   pol=3 VA=9800000041b0014e PA=041b00148 line=0a hitv=00000000 ro=12345670 tag=000000 V=00000001 W=00000000 L=00000000
214 scache  90e1c67a load  miss refill   pol=3 VA=9800000041b0014e PA=041b00140 line=00a hitv=0000 ro=0123 tag=00000 V=0000 W=0000
214 Reg write r1=0000000000000013
215 icache  90e1c67a load  hit           pol=3 VA=ffffffff8000b1d0 PA=00000b1d0 line=0e hitv=00000001 ro=12345670 tag=00000b V=00000001 L=00000000
215 PC=0xffffffff8000b1d0 [000000000000b1d0]	3c1d9800 lui    $sp,0x9800
215 Reg write sp=ffffffff98000000
216 PC=0xffffffff8000b1d4 [000000000000b1d4]	001dec38 dsll   $sp,$sp,16
216 Reg write sp=ffff980000000000
217 PC=0xffffffff8000b1d8 [000000000000b1d8]	37bd517f ori    $sp,$sp,0x517f
217 Reg write sp=ffff98000000517f
218 PC=0xffffffff8000b1dc [000000000000b1dc]	001dec38 dsll   $sp,$sp,16
218 Reg write sp=98000000517f0000
219 icache  001dec38 load  miss refill   pol=3 VA=ffffffff8000b1e0 PA=00000b1e0 line=0f hitv=00000000 ro=01234567 tag=000000 V=00000000 L=00000000
219 PC=0xffffffff8000b1e0 [000000000000b1e0]	37bdc57d ori    $sp,$sp,0xc57d
219 Reg write sp=98000000517fc57d
220 PC=0xffffffff8000b1e4 [000000000000b1e4]	97a73a3f lhu    $a3,0x3a3f($sp)
[va=98000000517fffbc pa=00000000517fffbc]
220 dcache  97a73a3f load  miss refill   pol=3 VA=98000000517fffbc PA=0517fffb8 line=7d hitv=00000000 ro=01234567 tag=000000 V=00000000 W=00000000 L=00000000
220 scache  97a73a3f load  miss refill   pol=3 VA=98000000517fffbc PA=0517fffa0 line=ffd hitv=0000 ro=0123 tag=00000 V=0000 W=0000
220 Reg write a3=000000000000e68f
221 PC=0xffffffff8000b1e8 [000000000000b1e8]	3c1d9800 lui    $sp,0x9800
221 Reg write sp=ffffffff98000000
222 PC=0xffffffff8000b1ec [000000000000b1ec]	001dec38 dsll   $sp,$sp,16
222 Reg write sp=ffff980000000000
223 icache  001dec38 load  hit           pol=3 VA=ffffffff8000b1f0 PA=00000b1f0 line=0f hitv=00000001 ro=12345670 tag=00000b V=00000001 L=00000000
223 PC=0xffffffff8000b1f0 [000000000000b1f0]	37bd4220 ori    $sp,$sp,0x4220
223 Reg write sp=ffff980000004220
224 PC=0xffffffff8000b1f4 [000000000000b1f4]	001dec38 dsll   $sp,$sp,16
224 Reg write sp=9800000042200000
225 PC=0xffffffff8000b1f8 [000000000000b1f8]	37bd77bf ori    $sp,$sp,0x77bf
225 Reg write sp=98000000422077bf
226 PC=0xffffffff8000b1fc [000000000000b1fc]	a3ab878c sb     $t3,0xffff878c($sp)
[va=98000000421fff4b pa=00000000421fff4b]
226 dcache  a3ab878c store miss w/alloc  pol=3 VA=98000000421fff4b PA=0421fff48 line=7a hitv=00000000 ro=01234567 tag=000000 V=00000000 W=00000000 L=00000000
226 scache  a3ab878c store miss w/alloc  pol=3 VA=98000000421fff4b PA=0421fff48 line=ffa hitv=0000 ro=0123 tag=00000 V=0000 W=0000 data=0000000000000000 mask=00010000
227 icache  a3ab878c load  miss refill   pol=3 VA=ffffffff8000b200 PA=00000b200 line=10 hitv=00000000 ro=01234567 tag=000000 V=00000000 L=00000000
227 PC=0xffffffff8000b200 [000000000000b200]	3c079800 lui    $a3,0x9800
227 Reg write a3=ffffffff98000000
228 PC=0xffffffff8000b204 [000000000000b204]	00073c38 dsll   $a3,$a3,16
228 Reg write a3=ffff980000000000
229 PC=0xffffffff8000b208 [000000000000b208]	34e7414f ori    $a3,$a3,0x414f
229 Reg write a3=ffff98000000414f
230 PC=0xffffffff8000b20c [000000000000b20c]	00073c38 dsll   $a3,$a3,16
230 Reg write a3=98000000414f0000
231 icache  00073c38 load  hit           pol=3 VA=ffffffff8000b210 PA=00000b210 line=10 hitv=00000001 ro=12345670 tag=00000b V=00000001 L=00000000
231 PC=0xffffffff8000b210 [000000000000b210]	34e7d2ee ori    $a3,$a3,0xd2ee
231 Reg write a3=98000000414fd2ee
232 PC=0xffffffff8000b214 [000000000000b214]	94fd2eea lhu    $sp,0x2eea($a3)
[va=98000000415001d8 pa=00000000415001d8]
232 dcache  94fd2eea load  miss refill   pol=3 VA=98000000415001d8 PA=0415001d8 line=0e hitv=00000000 ro=12345670 tag=000000 V=00000001 W=00000000 L=00000000
232 scache  94fd2eea load  miss refill   pol=3 VA=98000000415001d8 PA=0415001c0 line=00e hitv=0000 ro=0123 tag=00000 V=0000 W=0000
232 Reg write sp=000000000000ffff
233 PC=0xffffffff8000b218 [000000000000b218]	3c0e9800 lui    $t6,0x9800
233 Reg write t6=ffffffff98000000
234 PC=0xffffffff8000b21c [000000000000b21c]	000e7438 dsll   $t6,$t6,16
234 Reg write t6=ffff980000000000
235 icache  000e7438 load  miss refill   pol=3 VA=ffffffff8000b220 PA=00000b220 line=11 hitv=00000000 ro=01234567 tag=000000 V=00000000 L=00000000
235 PC=0xffffffff8000b220 [000000000000b220]	35ce517f ori    $t6,$t6,0x517f
235 Reg write t6=ffff98000000517f
236 PC=0xffffffff8000b224 [000000000000b224]	000e7438 dsll   $t6,$t6,16
236 Reg write t6=98000000517f0000
237 PC=0xffffffff8000b228 [000000000000b228]	35cee164 ori    $t6,$t6,0xe164
237 Reg write t6=98000000517fe164
238 PC=0xffffffff8000b22c [000000000000b22c]	add81e30 sw     $t8,0x1e30($t6)
[va=98000000517fff94 pa=00000000517fff94]
238 dcache  add81e30 store miss w/alloc  pol=3 VA=98000000517fff94 PA=0517fff90 line=7c hitv=00000000 ro=01234567 tag=000000 V=00000000 W=00000000 L=00000000
238 scache  add81e30 store miss w/alloc  pol=3 VA=98000000517fff94 PA=0517fff90 line=ffc hitv=0000 ro=0123 tag=00000 V=0000 W=0000 data=000000004e7ec67a mask=00001111
239 icache  add81e30 load  hit           pol=3 VA=ffffffff8000b230 PA=00000b230 line=11 hitv=00000001 ro=12345670 tag=00000b V=00000001 L=00000000
239 PC=0xffffffff8000b230 [000000000000b230]	3c019800 lui    $r1,0x9800
239 Reg write r1=ffffffff98000000
240 PC=0xffffffff8000b234 [000000000000b234]	00010c38 dsll   $r1,$r1,16
240 Reg write r1=ffff980000000000
241 PC=0xffffffff8000b238 [000000000000b238]	3421501f ori    $r1,$r1,0x501f
241 Reg write r1=ffff98000000501f
242 PC=0xffffffff8000b23c [000000000000b23c]	00010c38 dsll   $r1,$r1,16
242 Reg write r1=98000000501f0000
243 icache  00010c38 load  miss refill   pol=3 VA=ffffffff8000b240 PA=00000b240 line=12 hitv=00000000 ro=01234567 tag=000000 V=00000000 L=00000000
243 PC=0xffffffff8000b240 [000000000000b240]	34219446 ori    $r1,$r1,0x9446
243 Reg write r1=98000000501f9446
244 PC=0xffffffff8000b244 [000000000000b244]	9c366ad2 lwu    $s6,0x6ad2($r1)
[va=98000000501fff18 pa=00000000501fff18]
244 dcache  9c366ad2 load  miss refill   pol=3 VA=98000000501fff18 PA=0501fff18 line=78 hitv=00000000 ro=01234567 tag=000000 V=00000000 W=00000000 L=00000000
244 scache  9c366ad2 load  miss refill   pol=3 VA=98000000501fff18 PA=0501fff00 line=ff8 hitv=0000 ro=0123 tag=00000 V=0000 W=0000
244 Reg write s6=00000000fd88531b
245 PC=0xffffffff8000b248 [000000000000b248]	3c0b9800 lui    $t3,0x9800
245 Reg write t3=ffffffff98000000
246 PC=0xffffffff8000b24c [000000000000b24c]	000b5c38 dsll   $t3,$t3,16
246 Reg write t3=ffff980000000000
247 icache  000b5c38 load  hit           pol=3 VA=ffffffff8000b250 PA=00000b250 line=12 hitv=00000001 ro=12345670 tag=00000b V=00000001 L=00000000
247 PC=0xffffffff8000b250 [000000000000b250]	356b41af ori    $t3,$t3,0x41af
247 Reg write t3=ffff9800000041af
248 PC=0xffffffff8000b254 [000000000000b254]	000b5c38 dsll   $t3,$t3,16
248 Reg write t3=9800000041af0000
249 PC=0xffffffff8000b258 [000000000000b258]	356bb554 ori    $t3,$t3,0xb554
249 Reg write t3=9800000041afb554
250 PC=0xffffffff8000b25c [000000000000b25c]	95714c4a lhu    $s1,0x4c4a($t3)
[va=9800000041b0019e pa=0000000041b0019e]
250 dcache  95714c4a load  miss refill   pol=3 VA=9800000041b0019e PA=041b00198 line=0c hitv=00000000 ro=23456701 tag=000000 V=00000011 W=00000000 L=00000000
250 scache  95714c4a load  miss refill   pol=3 VA=9800000041b0019e PA=041b00180 line=00c hitv=0000 ro=1230 tag=00000 V=0001 W=0001
250 Reg write s1=0000000000000000
251 icache  95714c4a load  miss refill   pol=3 VA=ffffffff8000b260 PA=00000b260 line=13 hitv=00000000 ro=01234567 tag=000000 V=00000000 L=00000000
251 PC=0xffffffff8000b260 [000000000000b260]	3c179800 lui    $s7,0x9800
251 Reg write s7=ffffffff98000000
252 PC=0xffffffff8000b264 [000000000000b264]	0017bc38 dsll   $s7,$s7,16
252 Reg write s7=ffff980000000000
253 PC=0xffffffff8000b268 [000000000000b268]	36f74150 ori    $s7,$s7,0x4150
253 Reg write s7=ffff980000004150
254 PC=0xffffffff8000b26c [000000000000b26c]	0017bc38 dsll   $s7,$s7,16
254 Reg write s7=9800000041500000
255 icache  0017bc38 load  hit           pol=3 VA=ffffffff8000b270 PA=00000b270 line=13 hitv=00000001 ro=12345670 tag=00000b V=00000001 L=00000000
255 PC=0xffffffff8000b270 [000000000000b270]	36f74842 ori    $s7,$s7,0x4842
255 Reg write s7=9800000041504842
256 PC=0xffffffff8000b274 [000000000000b274]	8ee7b6da lw     $a3,0xffffb6da($s7)
[va=98000000414fff1c pa=00000000414fff1c]
256 dcache  8ee7b6da load  miss refill   pol=3 VA=98000000414fff1c PA=0414fff18 line=78 hitv=00000000 ro=12345670 tag=000000 V=00000001 W=00000000 L=00000000
256 scache  8ee7b6da load  miss refill   pol=3 VA=98000000414fff1c PA=0414fff00 line=ff8 hitv=0000 ro=1230 tag=00000 V=0001 W=0000
256 Reg write a3=ffffffffa91849f2
257 PC=0xffffffff8000b278 [000000000000b278]	3c0a9800 lui    $t2,0x9800
257 Reg write t2=ffffffff98000000
258 PC=0xffffffff8000b27c [000000000000b27c]	000a5438 dsll   $t2,$t2,16
258 Reg write t2=ffff980000000000
259 icache  000a5438 load  miss refill   pol=3 VA=ffffffff8000b280 PA=00000b280 line=14 hitv=00000000 ro=01234567 tag=000000 V=00000000 L=00000000
259 PC=0xffffffff8000b280 [000000000000b280]	354a587f ori    $t2,$t2,0x587f
259 Reg write t2=ffff98000000587f
260 PC=0xffffffff8000b284 [000000000000b284]	000a5438 dsll   $t2,$t2,16
260 Reg write t2=98000000587f0000
261 PC=0xffffffff8000b288 [000000000000b288]	354aff80 ori    $t2,$t2,0xff80
261 Reg write t2=98000000587fff80
262 PC=0xffffffff8000b28c [000000000000b28c]	fd400240 sd     $r0,0x240($t2)
[va=98000000588001c0 pa=00000000588001c0]
262 dcache  fd400240 store miss w/alloc  pol=3 VA=98000000588001c0 PA=0588001c0 line=0e hitv=00000000 ro=23456701 tag=000000 V=00000011 W=00000000 L=00000000
262 scache  fd400240 store miss w/alloc  pol=3 VA=98000000588001c0 PA=0588001c0 line=00e hitv=0000 ro=1230 tag=00000 V=0001 W=0000 data=0000000000000000 mask=11111111
263 icache  fd400240 load  hit           pol=3 VA=ffffffff8000b290 PA=00000b290 line=14 hitv=00000001 ro=12345670 tag=00000b V=00000001 L=00000000
263 PC=0xffffffff8000b290 [000000000000b290]	fd460120 sd     $a2,0x120($t2)
[va=98000000588000a0 pa=00000000588000a0]
263 dcache  fd460120 store miss w/alloc  pol=3 VA=98000000588000a0 PA=0588000a0 line=05 hitv=00000000 ro=12345670 tag=000000 V=00000001 W=00000000 L=00000000
263 scache  fd460120 store miss w/alloc  pol=3 VA=98000000588000a0 PA=0588000a0 line=005 hitv=0000 ro=0123 tag=00000 V=0000 W=0000 data=ffffffffffffffff mask=11111111
264 PC=0xffffffff8000b294 [000000000000b294]	fd4700e0 sd     $a3,0xe0($t2)
[va=9800000058800060 pa=0000000058800060]
264 dcache  fd4700e0 store miss w/alloc  pol=3 VA=9800000058800060 PA=058800060 line=03 hitv=00000000 ro=01234567 tag=000000 V=00000000 W=00000000 L=00000000
264 scache  fd4700e0 store miss w/alloc  pol=3 VA=9800000058800060 PA=058800060 line=003 hitv=0000 ro=0123 tag=00000 V=0000 W=0000 data=ffffffffa91849f2 mask=11111111
265 PC=0xffffffff8000b298 [000000000000b298]	fd450060 sd     $a1,0x60($t2)
[va=98000000587fffe0 pa=00000000587fffe0]
265 dcache  fd450060 store miss w/alloc  pol=3 VA=98000000587fffe0 PA=0587fffe0 line=7f hitv=00000000 ro=01234567 tag=000000 V=00000000 W=00000000 L=00000000
265 scache  fd450060 store miss w/alloc  pol=3 VA=98000000587fffe0 PA=0587fffe0 line=fff hitv=0000 ro=0123 tag=00000 V=0000 W=0000 data=b213a6e54dce409f mask=11111111
266 PC=0xffffffff8000b29c [000000000000b29c]	fd510080 sd     $s1,0x80($t2)
[va=9800000058800000 pa=0000000058800000]
266 dcache  fd510080 store miss w/alloc  pol=3 VA=9800000058800000 PA=058800000 line=00 hitv=00000000 ro=01234567 tag=000000 V=00000000 W=00000000 L=00000000
266 scache  fd510080 store miss w/alloc  pol=3 VA=9800000058800000 PA=058800000 line=000 hitv=0000 ro=0123 tag=00000 V=0000 W=0000 data=0000000000000000 mask=11111111
267 icache  fd510080 load  miss refill   pol=3 VA=ffffffff8000b2a0 PA=00000b2a0 line=15 hitv=00000000 ro=01234567 tag=000000 V=00000000 L=00000000
267 PC=0xffffffff8000b2a0 [000000000000b2a0]	fd4700a0 sd     $a3,0xa0($t2)
[va=9800000058800020 pa=0000000058800020]
267 dcache  fd4700a0 store miss w/alloc  pol=3 VA=9800000058800020 PA=058800020 line=01 hitv=00000000 ro=01234567 tag=000000 V=00000000 W=00000000 L=00000000
267 scache  fd4700a0 store miss w/alloc  pol=3 VA=9800000058800020 PA=058800020 line=001 hitv=0000 ro=0123 tag=00000 V=0000 W=0000 data=ffffffffa91849f2 mask=11111111
268 PC=0xffffffff8000b2a4 [000000000000b2a4]	fd5501c0 sd     $s5,0x1c0($t2)
[va=9800000058800140 pa=0000000058800140]
268 dcache  fd5501c0 store miss w/alloc  pol=3 VA=9800000058800140 PA=058800140 line=0a hitv=00000000 ro=23456701 tag=000000 V=00000011 W=00000000 L=00000000
268 scache  fd5501c0 store miss w/alloc  pol=3 VA=9800000058800140 PA=058800140 line=00a hitv=0000 ro=1230 tag=00000 V=0001 W=0000 data=7fe16781ef8a34bd mask=11111111
269 PC=0xffffffff8000b2a8 [000000000000b2a8]	fd4a0200 sd     $t2,0x200($t2)
[va=9800000058800180 pa=0000000058800180]
269 dcache  fd4a0200 store miss w/alloc  pol=3 VA=9800000058800180 PA=058800180 line=0c hitv=00000000 ro=34567012 tag=000000 V=00000111 W=00000000 L=00000000
269 scache  fd4a0200 store miss w/alloc  pol=3 VA=9800000058800180 PA=058800180 line=00c hitv=0000 ro=2301 tag=00000 V=0011 W=0001 data=98000000587fff80 mask=11111111
270 PC=0xffffffff8000b2ac [000000000000b2ac]	fd520220 sd     $s2,0x220($t2)
[va=98000000588001a0 pa=00000000588001a0]
270 dcache  fd520220 store miss w/alloc  pol=3 VA=98000000588001a0 PA=0588001a0 line=0d hitv=00000000 ro=12345670 tag=000000 V=00000001 W=00000000 L=00000000
270 scache  fd520220 store miss w/alloc  pol=3 VA=98000000588001a0 PA=0588001a0 line=00d hitv=0000 ro=0123 tag=00000 V=0000 W=0000 data=ca0c54e0f66db589 mask=11111111
271 icache  fd520220 load  hit           pol=3 VA=ffffffff8000b2b0 PA=00000b2b0 line=15 hitv=00000001 ro=12345670 tag=00000b V=00000001 L=00000000
271 PC=0xffffffff8000b2b0 [000000000000b2b0]	fd4a01e0 sd     $t2,0x1e0($t2)
[va=9800000058800160 pa=0000000058800160]
271 dcache  fd4a01e0 store miss w/alloc  pol=3 VA=9800000058800160 PA=058800160 line=0b hitv=00000000 ro=12345670 tag=000000 V=00000001 W=00000000 L=00000000
271 scache  fd4a01e0 store miss w/alloc  pol=3 VA=9800000058800160 PA=058800160 line=00b hitv=0000 ro=0123 tag=00000 V=0000 W=0000 data=98000000587fff80 mask=11111111
272 PC=0xffffffff8000b2b4 [000000000000b2b4]	fd450140 sd     $a1,0x140($t2)
[va=98000000588000c0 pa=00000000588000c0]
272 dcache  fd450140 store miss w/alloc  pol=3 VA=98000000588000c0 PA=0588000c0 line=06 hitv=00000000 ro=01234567 tag=000000 V=00000000 W=00000000 L=00000000
272 scache  fd450140 store miss w/alloc  pol=3 VA=98000000588000c0 PA=0588000c0 line=006 hitv=0000 ro=0123 tag=00000 V=0000 W=0000 data=b213a6e54dce409f mask=11111111
273 PC=0xffffffff8000b2b8 [000000000000b2b8]	fd4700c0 sd     $a3,0xc0($t2)
[va=9800000058800040 pa=0000000058800040]
273 dcache  fd4700c0 store miss w/alloc  pol=3 VA=9800000058800040 PA=058800040 line=02 hitv=00000000 ro=01234567 tag=000000 V=00000000 W=00000000 L=00000000
273 scache  fd4700c0 store miss w/alloc  pol=3 VA=9800000058800040 PA=058800040 line=002 hitv=0000 ro=0123 tag=00000 V=0000 W=0000 data=ffffffffa91849f2 mask=11111111
274 PC=0xffffffff8000b2bc [000000000000b2bc]	fd4b0040 sd     $t3,0x40($t2)
[va=98000000587fffc0 pa=00000000587fffc0]
274 dcache  fd4b0040 store miss w/alloc  pol=3 VA=98000000587fffc0 PA=0587fffc0 line=7e hitv=00000000 ro=01234567 tag=000000 V=00000000 W=00000000 L=00000000
274 scache  fd4b0040 store miss w/alloc  pol=3 VA=98000000587fffc0 PA=0587fffc0 line=ffe hitv=0000 ro=0123 tag=00000 V=0000 W=0000 data=9800000041afb554 mask=11111111
275 icache  fd4b0040 load  miss refill   pol=3 VA=ffffffff8000b2c0 PA=00000b2c0 line=16 hitv=00000000 ro=01234567 tag=000000 V=00000000 L=00000000
275 PC=0xffffffff8000b2c0 [000000000000b2c0]	fd5e0000 sd     $s8,0x0($t2)
[va=98000000587fff80 pa=00000000587fff80]
275 dcache  fd5e0000 store miss w/alloc  pol=3 VA=98000000587fff80 PA=0587fff80 line=7c hitv=00000000 ro=12345670 tag=000000 V=00000001 W=00000000 L=00000000
275 scache  fd5e0000 store miss w/alloc  pol=3 VA=98000000587fff80 PA=0587fff80 line=ffc hitv=0000 ro=1230 tag=00000 V=0001 W=0001 data=ffffffff8000bfb0 mask=11111111
276 PC=0xffffffff8000b2c4 [000000000000b2c4]	fd5f0020 sd     $ra,0x20($t2)
[va=98000000587fffa0 pa=00000000587fffa0]
276 dcache  fd5f0020 store miss w/alloc  pol=3 VA=98000000587fffa0 PA=0587fffa0 line=7d hitv=00000000 ro=12345670 tag=000000 V=00000001 W=00000000 L=00000000
276 scache  fd5f0020 store miss w/alloc  pol=3 VA=98000000587fffa0 PA=0587fffa0 line=ffd hitv=0000 ro=1230 tag=00000 V=0001 W=0000 data=ffffffff8000214c mask=11111111
277 PC=0xffffffff8000b2c8 [000000000000b2c8]	fd4d0100 sd     $t5,0x100($t2)
[va=9800000058800080 pa=0000000058800080]
277 dcache  fd4d0100 store miss w/alloc  pol=3 VA=9800000058800080 PA=058800080 line=04 hitv=00000000 ro=01234567 tag=000000 V=00000000 W=00000000 L=00000000
277 scache  fd4d0100 store miss w/alloc  pol=3 VA=9800000058800080 PA=058800080 line=004 hitv=0000 ro=0123 tag=00000 V=0000 W=0000 data=1351a9b17b6234db mask=11111111
278 PC=0xffffffff8000b2cc [000000000000b2cc]	fd560160 sd     $s6,0x160($t2)
[va=98000000588000e0 pa=00000000588000e0]
278 dcache  fd560160 store miss w/alloc  pol=3 VA=98000000588000e0 PA=0588000e0 line=07 hitv=00000000 ro=12345670 tag=000000 V=00000001 W=00000000 L=00000000
278 scache  fd560160 store miss w/alloc  pol=3 VA=98000000588000e0 PA=0588000e0 line=007 hitv=0000 ro=0123 tag=00000 V=0000 W=0000 data=00000000fd88531b mask=11111111
279 icache  fd560160 load  hit           pol=3 VA=ffffffff8000b2d0 PA=00000b2d0 line=16 hitv=00000001 ro=12345670 tag=00000b V=00000001 L=00000000
279 PC=0xffffffff8000b2d0 [000000000000b2d0]	fd430180 sd     $v1,0x180($t2)
[va=9800000058800100 pa=0000000058800100]
279 dcache  fd430180 store miss w/alloc  pol=3 VA=9800000058800100 PA=058800100 line=08 hitv=00000000 ro=12345670 tag=000000 V=00000001 W=00000000 L=00000000
279 scache  fd430180 store miss w/alloc  pol=3 VA=9800000058800100 PA=058800100 line=008 hitv=0000 ro=0123 tag=00000 V=0000 W=0000 data=98000000504fff30 mask=11111111
280 PC=0xffffffff8000b2d4 [000000000000b2d4]	fd4201a0 sd     $v0,0x1a0($t2)
[va=9800000058800120 pa=0000000058800120]
280 dcache  fd4201a0 store miss w/alloc  pol=3 VA=9800000058800120 PA=058800120 line=09 hitv=00000000 ro=12345670 tag=000000 V=00000001 W=00000000 L=00000000
280 scache  fd4201a0 store miss w/alloc  pol=3 VA=9800000058800120 PA=058800120 line=009 hitv=0000 ro=0123 tag=00000 V=0000 W=0000 data=1acd6adbe9126607 mask=11111111
281 PC=0xffffffff8000b2d8 [000000000000b2d8]	fd4c0260 sd     $t4,0x260($t2)
[va=98000000588001e0 pa=00000000588001e0]
281 dcache  fd4c0260 store miss w/alloc  pol=3 VA=98000000588001e0 PA=0588001e0 line=0f hitv=00000000 ro=12345670 tag=000000 V=00000001 W=00000000 L=00000000
281 scache  fd4c0260 store miss w/alloc  pol=3 VA=98000000588001e0 PA=0588001e0 line=00f hitv=0000 ro=0123 tag=00000 V=0000 W=0000 data=d78f192bd55b7835 mask=11111111
282 PC=0xffffffff8000b2dc [000000000000b2dc]	2009ffa0 addi   $t1,$r0,0xffa0
282 Reg write t1=ffffffffffffffa0
283 icache  2009ffa0 load  miss refill   pol=3 VA=ffffffff8000b2e0 PA=00000b2e0 line=17 hitv=00000000 ro=01234567 tag=000000 V=00000000 L=00000000
283 PC=0xffffffff8000b2e0 [000000000000b2e0]	340a0060 ori    $t2,$r0,0x60
283 Reg write t2=0000000000000060
284 PC=0xffffffff8000b2e4 [000000000000b2e4]	3c089800 lui    $t0,0x9800
284 Reg write t0=ffffffff98000000
285 PC=0xffffffff8000b2e8 [000000000000b2e8]	00084438 dsll   $t0,$t0,16
285 Reg write t0=ffff980000000000
286 PC=0xffffffff8000b2ec [000000000000b2ec]	35084b80 ori    $t0,$t0,0x4b80
286 Reg write t0=ffff980000004b80
287 icache  35084b80 load  hit           pol=3 VA=ffffffff8000b2f0 PA=00000b2f0 line=17 hitv=00000001 ro=12345670 tag=00000b V=00000001 L=00000000
287 PC=0xffffffff8000b2f0 [000000000000b2f0]	00084438 dsll   $t0,$t0,16
287 Reg write t0=980000004b800000
288 PC=0xffffffff8000b2f4 [000000000000b2f4]	35080070 ori    $t0,$t0,0x70
288 Reg write t0=980000004b800070
289 PC=0xffffffff8000b2f8 [000000000000b2f8]	4d090041 ldxc1  f1,$t1($t0)
[va=980000004b800010 pa=000000004b800010]
289 dcache  4d090041 load  miss refill   pol=3 VA=980000004b800010 PA=04b800010 line=00 hitv=00000000 ro=12345670 tag=000000 V=00000001 W=00000000 L=00000000
289 scache  4d090041 load  miss refill   pol=3 VA=980000004b800010 PA=04b800000 line=000 hitv=0000 ro=1230 tag=00000 V=0001 W=0001
289 Reg write f[1]=7fffffffffffffff  FCSR(fcr31)=6e000000
290 PC=0xffffffff8000b2fc [000000000000b2fc]	4d0a0809 sdxc1  f1,$t2($t0)
[va=980000004b8000d0 pa=000000004b8000d0]
290 dcache  4d0a0809 store miss w/alloc  pol=3 VA=980000004b8000d0 PA=04b8000d0 line=06 hitv=00000000 ro=12345670 tag=000000 V=00000001 W=00000000 L=00000000
290 scache  4d0a0809 store miss w/alloc  pol=3 VA=980000004b8000d0 PA=04b8000d0 line=006 hitv=0000 ro=1230 tag=00000 V=0001 W=0001 data=7fffffffffffffff mask=11111111
291 icache  4d0a0809 load  miss refill   pol=3 VA=ffffffff8000b300 PA=00000b300 line=18 hitv=00000000 ro=01234567 tag=000000 V=00000000 L=00000000
291 PC=0xffffffff8000b300 [000000000000b300]	65290008 daddiu $t1,$t1,0x8
291 Reg write t1=ffffffffffffffa8
292 PC=0xffffffff8000b304 [000000000000b304]	654afff8 daddiu $t2,$t2,0xfff8
292 Reg write t2=0000000000000058
293 PC=0xffffffff8000b308 [000000000000b308]	5549fffc bnel   $t2,$t1,0xffffffff8000b2fc
294 PC=0xffffffff8000b30c [000000000000b30c]	4d090041 ldxc1  f1,$t1($t0)
[va=980000004b800018 pa=000000004b800018]
294 dcache  4d090041 load  hit           pol=3 VA=980000004b800018 PA=04b800018 line=00 hitv=00000010 ro=23456701 tag=04b800 V=00000011 W=00000000 L=00000000
294 Reg write f[1]=0000000000000001  FCSR(fcr31)=6e000000
295 icache  4d090041 load  hit           pol=3 VA=ffffffff8000b2fc PA=00000b2f0 line=17 hitv=00000001 ro=12345670 tag=00000b V=00000001 L=00000000
295 PC=0xffffffff8000b2fc [000000000000b2fc]	4d0a0809 sdxc1  f1,$t2($t0)
[va=980000004b8000c8 pa=000000004b8000c8]
295 dcache  4d0a0809 store hit           pol=3 VA=980000004b8000c8 PA=04b8000c8 line=06 hitv=00000010 ro=23456701 tag=04b800 V=00000011 W=00000000 L=00000000
295 scache  4d0a0809 store hit           pol=3 VA=980000004b8000c8 PA=04b8000c8 line=006 hitv=0010 ro=2301 tag=025c0 V=0011 W=0011 data=0000000000000001 mask=11111111
296 icache  4d0a0809 load  hit           pol=3 VA=ffffffff8000b300 PA=00000b300 line=18 hitv=00000001 ro=12345670 tag=00000b V=00000001 L=00000000
296 PC=0xffffffff8000b300 [000000000000b300]	65290008 daddiu $t1,$t1,0x8
296 Reg write t1=ffffffffffffffb0
297 PC=0xffffffff8000b304 [000000000000b304]	654afff8 daddiu $t2,$t2,0xfff8
297 Reg write t2=0000000000000050
298 PC=0xffffffff8000b308 [000000000000b308]	5549fffc bnel   $t2,$t1,0xffffffff8000b2fc
299 PC=0xffffffff8000b30c [000000000000b30c]	4d090041 ldxc1  f1,$t1($t0)
[va=980000004b800020 pa=000000004b800020]
299 dcache  4d090041 load  miss refill   pol=3 VA=980000004b800020 PA=04b800020 line=01 hitv=00000000 ro=12345670 tag=000000 V=00000001 W=00000000 L=00000000
299 scache  4d090041 load  miss refill   pol=3 VA=980000004b800020 PA=04b800020 line=001 hitv=0000 ro=1230 tag=00000 V=0001 W=0001
299 Reg write f[1]=21d9f86546414209  FCSR(fcr31)=6e000000
300 icache  4d090041 load  hit           pol=3 VA=ffffffff8000b2fc PA=00000b2f0 line=17 hitv=00000001 ro=12345670 tag=00000b V=00000001 L=00000000
300 PC=0xffffffff8000b2fc [000000000000b2fc]	4d0a0809 sdxc1  f1,$t2($t0)
[va=980000004b8000c0 pa=000000004b8000c0]
300 dcache  4d0a0809 store hit           pol=3 VA=980000004b8000c0 PA=04b8000c0 line=06 hitv=00000010 ro=23456701 tag=04b800 V=00000011 W=00000000 L=00000000
300 scache  4d0a0809 store hit           pol=3 VA=980000004b8000c0 PA=04b8000c0 line=006 hitv=0010 ro=2301 tag=025c0 V=0011 W=0011 data=21d9f86546414209 mask=11111111
301 icache  4d0a0809 load  hit           pol=3 VA=ffffffff8000b300 PA=00000b300 line=18 hitv=00000001 ro=12345670 tag=00000b V=00000001 L=00000000
301 PC=0xffffffff8000b300 [000000000000b300]	65290008 daddiu $t1,$t1,0x8
301 Reg write t1=ffffffffffffffb8
302 PC=0xffffffff8000b304 [000000000000b304]	654afff8 daddiu $t2,$t2,0xfff8
302 Reg write t2=0000000000000048
303 PC=0xffffffff8000b308 [000000000000b308]	5549fffc bnel   $t2,$t1,0xffffffff8000b2fc
304 PC=0xffffffff8000b30c [000000000000b30c]	4d090041 ldxc1  f1,$t1($t0)
[va=980000004b800028 pa=000000004b800028]
304 dcache  4d090041 load  hit           pol=3 VA=980000004b800028 PA=04b800028 line=01 hitv=00000010 ro=23456701 tag=04b800 V=00000011 W=00000000 L=00000000
304 Reg write f[1]=30fa8861919633a1  FCSR(fcr31)=6e000000
305 icache  4d090041 load  hit           pol=3 VA=ffffffff8000b2fc PA=00000b2f0 line=17 hitv=00000001 ro=12345670 tag=00000b V=00000001 L=00000000
305 PC=0xffffffff8000b2fc [000000000000b2fc]	4d0a0809 sdxc1  f1,$t2($t0)
[va=980000004b8000b8 pa=000000004b8000b8]
305 dcache  4d0a0809 store miss w/alloc  pol=3 VA=980000004b8000b8 PA=04b8000b8 line=05 hitv=00000000 ro=23456701 tag=000000 V=00000011 W=00000000 L=00000000
305 scache  4d0a0809 store miss w/alloc  pol=3 VA=980000004b8000b8 PA=04b8000b8 line=005 hitv=0000 ro=1230 tag=00000 V=0001 W=0001 data=30fa8861919633a1 mask=11111111
306 icache  4d0a0809 load  hit           pol=3 VA=ffffffff8000b300 PA=00000b300 line=18 hitv=00000001 ro=12345670 tag=00000b V=00000001 L=00000000
306 PC=0xffffffff8000b300 [000000000000b300]	65290008 daddiu $t1,$t1,0x8
306 Reg write t1=ffffffffffffffc0
307 PC=0xffffffff8000b304 [000000000000b304]	654afff8 daddiu $t2,$t2,0xfff8
307 Reg write t2=0000000000000040
308 PC=0xffffffff8000b308 [000000000000b308]	5549fffc bnel   $t2,$t1,0xffffffff8000b2fc
309 PC=0xffffffff8000b30c [000000000000b30c]	4d090041 ldxc1  f1,$t1($t0)
[va=980000004b800030 pa=000000004b800030]
309 dcache  4d090041 load  hit           pol=3 VA=980000004b800030 PA=04b800030 line=01 hitv=00000010 ro=23456701 tag=04b800 V=00000011 W=00000000 L=00000000
309 Reg write f[1]=6a0dc3da13f521f8  FCSR(fcr31)=6e000000
310 icache  4d090041 load  hit           pol=3 VA=ffffffff8000b2fc PA=00000b2f0 line=17 hitv=00000001 ro=12345670 tag=00000b V=00000001 L=00000000
310 PC=0xffffffff8000b2fc [000000000000b2fc]	4d0a0809 sdxc1  f1,$t2($t0)
[va=980000004b8000b0 pa=000000004b8000b0]
310 dcache  4d0a0809 store hit           pol=3 VA=980000004b8000b0 PA=04b8000b0 line=05 hitv=00000100 ro=34567012 tag=04b800 V=00000111 W=00000000 L=00000000
310 scache  4d0a0809 store hit           pol=3 VA=980000004b8000b0 PA=04b8000b0 line=005 hitv=0010 ro=2301 tag=025c0 V=0011 W=0011 data=6a0dc3da13f521f8 mask=11111111
311 icache  4d0a0809 load  hit           pol=3 VA=ffffffff8000b300 PA=00000b300 line=18 hitv=00000001 ro=12345670 tag=00000b V=00000001 L=00000000
311 PC=0xffffffff8000b300 [000000000000b300]	65290008 daddiu $t1,$t1,0x8
311 Reg write t1=ffffffffffffffc8
312 PC=0xffffffff8000b304 [000000000000b304]	654afff8 daddiu $t2,$t2,0xfff8
312 Reg write t2=0000000000000038
313 PC=0xffffffff8000b308 [000000000000b308]	5549fffc bnel   $t2,$t1,0xffffffff8000b2fc
314 PC=0xffffffff8000b30c [000000000000b30c]	4d090041 ldxc1  f1,$t1($t0)
[va=980000004b800038 pa=000000004b800038]
314 dcache  4d090041 load  hit           pol=3 VA=980000004b800038 PA=04b800038 line=01 hitv=00000010 ro=23456701 tag=04b800 V=00000011 W=00000000 L=00000000
314 Reg write f[1]=589c8dc048318c8b  FCSR(fcr31)=6e000000
315 icache  4d090041 load  hit           pol=3 VA=ffffffff8000b2fc PA=00000b2f0 line=17 hitv=00000001 ro=12345670 tag=00000b V=00000001 L=00000000
315 PC=0xffffffff8000b2fc [000000000000b2fc]	4d0a0809 sdxc1  f1,$t2($t0)
[va=980000004b8000a8 pa=000000004b8000a8]
315 dcache  4d0a0809 store hit           pol=3 VA=980000004b8000a8 PA=04b8000a8 line=05 hitv=00000100 ro=34567012 tag=04b800 V=00000111 W=00000000 L=00000000
315 scache  4d0a0809 store hit           pol=3 VA=980000004b8000a8 PA=04b8000a8 line=005 hitv=0010 ro=2301 tag=025c0 V=0011 W=0011 data=589c8dc048318c8b mask=11111111
316 icache  4d0a0809 load  hit           pol=3 VA=ffffffff8000b300 PA=00000b300 line=18 hitv=00000001 ro=12345670 tag=00000b V=00000001 L=00000000
316 PC=0xffffffff8000b300 [000000000000b300]	65290008 daddiu $t1,$t1,0x8
316 Reg write t1=ffffffffffffffd0
317 PC=0xffffffff8000b304 [000000000000b304]	654afff8 daddiu $t2,$t2,0xfff8
317 Reg write t2=0000000000000030
318 PC=0xffffffff8000b308 [000000000000b308]	5549fffc bnel   $t2,$t1,0xffffffff8000b2fc
319 PC=0xffffffff8000b30c [000000000000b30c]	4d090041 ldxc1  f1,$t1($t0)
[va=980000004b800040 pa=000000004b800040]
319 dcache  4d090041 load  miss refill   pol=3 VA=980000004b800040 PA=04b800040 line=02 hitv=00000000 ro=12345670 tag=000000 V=00000001 W=00000000 L=00000000
319 scache  4d090041 load  miss refill   pol=3 VA=980000004b800040 PA=04b800040 line=002 hitv=0000 ro=1230 tag=00000 V=0001 W=0001
319 Reg write f[1]=85951bea452c67f1  FCSR(fcr31)=6e000000
320 icache  4d090041 load  hit           pol=3 VA=ffffffff8000b2fc PA=00000b2f0 line=17 hitv=00000001 ro=12345670 tag=00000b V=00000001 L=00000000
320 PC=0xffffffff8000b2fc [000000000000b2fc]	4d0a0809 sdxc1  f1,$t2($t0)
[va=980000004b8000a0 pa=000000004b8000a0]
320 dcache  4d0a0809 store hit           pol=3 VA=980000004b8000a0 PA=04b8000a0 line=05 hitv=00000100 ro=34567012 tag=04b800 V=00000111 W=00000000 L=00000000
320 scache  4d0a0809 store hit           pol=3 VA=980000004b8000a0 PA=04b8000a0 line=005 hitv=0010 ro=2301 tag=025c0 V=0011 W=0011 data=85951bea452c67f1 mask=11111111
321 icache  4d0a0809 load  hit           pol=3 VA=ffffffff8000b300 PA=00000b300 line=18 hitv=00000001 ro=12345670 tag=00000b V=00000001 L=00000000
321 PC=0xffffffff8000b300 [000000000000b300]	65290008 daddiu $t1,$t1,0x8
321 Reg write t1=ffffffffffffffd8
322 PC=0xffffffff8000b304 [000000000000b304]	654afff8 daddiu $t2,$t2,0xfff8
322 Reg write t2=0000000000000028
323 PC=0xffffffff8000b308 [000000000000b308]	5549fffc bnel   $t2,$t1,0xffffffff8000b2fc
324 PC=0xffffffff8000b30c [000000000000b30c]	4d090041 ldxc1  f1,$t1($t0)
[va=980000004b800048 pa=000000004b800048]
324 dcache  4d090041 load  hit           pol=3 VA=980000004b800048 PA=04b800048 line=02 hitv=00000010 ro=23456701 tag=04b800 V=00000011 W=00000000 L=00000000
324 Reg write f[1]=1e7e9cf58148b4b2  FCSR(fcr31)=6e000000
325 icache  4d090041 load  hit           pol=3 VA=ffffffff8000b2fc PA=00000b2f0 line=17 hitv=00000001 ro=12345670 tag=00000b V=00000001 L=00000000
325 PC=0xffffffff8000b2fc [000000000000b2fc]	4d0a0809 sdxc1  f1,$t2($t0)
[va=980000004b800098 pa=000000004b800098]
325 dcache  4d0a0809 store miss w/alloc  pol=3 VA=980000004b800098 PA=04b800098 line=04 hitv=00000000 ro=12345670 tag=000000 V=00000001 W=00000000 L=00000000
325 scache  4d0a0809 store miss w/alloc  pol=3 VA=980000004b800098 PA=04b800098 line=004 hitv=0000 ro=1230 tag=00000 V=0001 W=0001 data=1e7e9cf58148b4b2 mask=11111111
326 icache  4d0a0809 load  hit           pol=3 VA=ffffffff8000b300 PA=00000b300 line=18 hitv=00000001 ro=12345670 tag=00000b V=00000001 L=00000000
326 PC=0xffffffff8000b300 [000000000000b300]	65290008 daddiu $t1,$t1,0x8
326 Reg write t1=ffffffffffffffe0
327 PC=0xffffffff8000b304 [000000000000b304]	654afff8 daddiu $t2,$t2,0xfff8
327 Reg write t2=0000000000000020
328 PC=0xffffffff8000b308 [000000000000b308]	5549fffc bnel   $t2,$t1,0xffffffff8000b2fc
329 PC=0xffffffff8000b30c [000000000000b30c]	4d090041 ldxc1  f1,$t1($t0)
[va=980000004b800050 pa=000000004b800050]
329 dcache  4d090041 load  hit           pol=3 VA=980000004b800050 PA=04b800050 line=02 hitv=00000010 ro=23456701 tag=04b800 V=00000011 W=00000000 L=00000000
329 Reg write f[1]=2a9b08f62c1e9346  FCSR(fcr31)=6e000000
330 icache  4d090041 load  hit           pol=3 VA=ffffffff8000b2fc PA=00000b2f0 line=17 hitv=00000001 ro=12345670 tag=00000b V=00000001 L=00000000
330 PC=0xffffffff8000b2fc [000000000000b2fc]	4d0a0809 sdxc1  f1,$t2($t0)
[va=980000004b800090 pa=000000004b800090]
330 dcache  4d0a0809 store hit           pol=3 VA=980000004b800090 PA=04b800090 line=04 hitv=00000010 ro=23456701 tag=04b800 V=00000011 W=00000000 L=00000000
330 scache  4d0a0809 store hit           pol=3 VA=980000004b800090 PA=04b800090 line=004 hitv=0010 ro=2301 tag=025c0 V=0011 W=0011 data=2a9b08f62c1e9346 mask=11111111
331 icache  4d0a0809 load  hit           pol=3 VA=ffffffff8000b300 PA=00000b300 line=18 hitv=00000001 ro=12345670 tag=00000b V=00000001 L=00000000
331 PC=0xffffffff8000b300 [000000000000b300]	65290008 daddiu $t1,$t1,0x8
331 Reg write t1=ffffffffffffffe8
332 PC=0xffffffff8000b304 [000000000000b304]	654afff8 daddiu $t2,$t2,0xfff8
332 Reg write t2=0000000000000018
333 PC=0xffffffff8000b308 [000000000000b308]	5549fffc bnel   $t2,$t1,0xffffffff8000b2fc
334 PC=0xffffffff8000b30c [000000000000b30c]	4d090041 ldxc1  f1,$t1($t0)
[va=980000004b800058 pa=000000004b800058]
334 dcache  4d090041 load  hit           pol=3 VA=980000004b800058 PA=04b800058 line=02 hitv=00000010 ro=23456701 tag=04b800 V=00000011 W=00000000 L=00000000
334 Reg write f[1]=25c9e37e55bda07b  FCSR(fcr31)=6e000000
335 icache  4d090041 load  hit           pol=3 VA=ffffffff8000b2fc PA=00000b2f0 line=17 hitv=00000001 ro=12345670 tag=00000b V=00000001 L=00000000
335 PC=0xffffffff8000b2fc [000000000000b2fc]	4d0a0809 sdxc1  f1,$t2($t0)
[va=980000004b800088 pa=000000004b800088]
335 dcache  4d0a0809 store hit           pol=3 VA=980000004b800088 PA=04b800088 line=04 hitv=00000010 ro=23456701 tag=04b800 V=00000011 W=00000000 L=00000000
335 scache  4d0a0809 store hit           pol=3 VA=980000004b800088 PA=04b800088 line=004 hitv=0010 ro=2301 tag=025c0 V=0011 W=0011 data=25c9e37e55bda07b mask=11111111
336 icache  4d0a0809 load  hit           pol=3 VA=ffffffff8000b300 PA=00000b300 line=18 hitv=00000001 ro=12345670 tag=00000b V=00000001 L=00000000
336 PC=0xffffffff8000b300 [000000000000b300]	65290008 daddiu $t1,$t1,0x8
336 Reg write t1=fffffffffffffff0
337 PC=0xffffffff8000b304 [000000000000b304]	654afff8 daddiu $t2,$t2,0xfff8
337 Reg write t2=0000000000000010
338 PC=0xffffffff8000b308 [000000000000b308]	5549fffc bnel   $t2,$t1,0xffffffff8000b2fc
339 PC=0xffffffff8000b30c [000000000000b30c]	4d090041 ldxc1  f1,$t1($t0)
[va=980000004b800060 pa=000000004b800060]
339 dcache  4d090041 load  miss refill   pol=3 VA=980000004b800060 PA=04b800060 line=03 hitv=00000000 ro=12345670 tag=000000 V=00000001 W=00000000 L=00000000
339 scache  4d090041 load  miss refill   pol=3 VA=980000004b800060 PA=04b800060 line=003 hitv=0000 ro=1230 tag=00000 V=0001 W=0001
339 Reg write f[1]=0000000000000001  FCSR(fcr31)=6e000000
340 icache  4d090041 load  hit           pol=3 VA=ffffffff8000b2fc PA=00000b2f0 line=17 hitv=00000001 ro=12345670 tag=00000b V=00000001 L=00000000
340 PC=0xffffffff8000b2fc [000000000000b2fc]	4d0a0809 sdxc1  f1,$t2($t0)
[va=980000004b800080 pa=000000004b800080]
340 dcache  4d0a0809 store hit           pol=3 VA=980000004b800080 PA=04b800080 line=04 hitv=00000010 ro=23456701 tag=04b800 V=00000011 W=00000000 L=00000000
340 scache  4d0a0809 store hit           pol=3 VA=980000004b800080 PA=04b800080 line=004 hitv=0010 ro=2301 tag=025c0 V=0011 W=0011 data=0000000000000001 mask=11111111
341 icache  4d0a0809 load  hit           pol=3 VA=ffffffff8000b300 PA=00000b300 line=18 hitv=00000001 ro=12345670 tag=00000b V=00000001 L=00000000
341 PC=0xffffffff8000b300 [000000000000b300]	65290008 daddiu $t1,$t1,0x8
341 Reg write t1=fffffffffffffff8
342 PC=0xffffffff8000b304 [000000000000b304]	654afff8 daddiu $t2,$t2,0xfff8
342 Reg write t2=0000000000000008
343 PC=0xffffffff8000b308 [000000000000b308]	5549fffc bnel   $t2,$t1,0xffffffff8000b2fc
344 PC=0xffffffff8000b30c [000000000000b30c]	4d090041 ldxc1  f1,$t1($t0)
[va=980000004b800068 pa=000000004b800068]
344 dcache  4d090041 load  hit           pol=3 VA=980000004b800068 PA=04b800068 line=03 hitv=00000010 ro=23456701 tag=04b800 V=00000011 W=00000000 L=00000000
344 Reg write f[1]=123a57624d7f732e  FCSR(fcr31)=6e000000
345 icache  4d090041 load  hit           pol=3 VA=ffffffff8000b2fc PA=00000b2f0 line=17 hitv=00000001 ro=12345670 tag=00000b V=00000001 L=00000000
345 PC=0xffffffff8000b2fc [000000000000b2fc]	4d0a0809 sdxc1  f1,$t2($t0)
[va=980000004b800078 pa=000000004b800078]
345 dcache  4d0a0809 store hit           pol=3 VA=980000004b800078 PA=04b800078 line=03 hitv=00000010 ro=23456701 tag=04b800 V=00000011 W=00000000 L=00000000
345 scache  4d0a0809 store hit           pol=3 VA=980000004b800078 PA=04b800078 line=003 hitv=0010 ro=2301 tag=025c0 V=0011 W=0001 data=123a57624d7f732e mask=11111111
346 icache  4d0a0809 load  hit           pol=3 VA=ffffffff8000b300 PA=00000b300 line=18 hitv=00000001 ro=12345670 tag=00000b V=00000001 L=00000000
346 PC=0xffffffff8000b300 [000000000000b300]	65290008 daddiu $t1,$t1,0x8
346 Reg write t1=0000000000000000
347 PC=0xffffffff8000b304 [000000000000b304]	654afff8 daddiu $t2,$t2,0xfff8
347 Reg write t2=0000000000000000
348 PC=0xffffffff8000b308 [000000000000b308]	5549fffc bnel   $t2,$t1,0xffffffff8000b2fc
349 icache  5549fffc load  hit           pol=3 VA=ffffffff8000b310 PA=00000b310 line=18 hitv=00000001 ro=12345670 tag=00000b V=00000001 L=00000000
349 PC=0xffffffff8000b310 [000000000000b310]	00000000 nop
350 PC=0xffffffff8000b314 [000000000000b314]	558c0003 bnel   $t4,$t4,0xffffffff8000b324
351 PC=0xffffffff8000b31c [000000000000b31c]	00000000 nop
352 icache  00000000 load  miss refill   pol=3 VA=ffffffff8000b320 PA=00000b320 line=19 hitv=00000000 ro=01234567 tag=000000 V=00000000 L=00000000
352 PC=0xffffffff8000b320 [000000000000b320]	2009ffa0 addi   $t1,$r0,0xffa0
352 Reg write t1=ffffffffffffffa0
353 PC=0xffffffff8000b324 [000000000000b324]	340a0060 ori    $t2,$r0,0x60
353 Reg write t2=0000000000000060
354 PC=0xffffffff8000b328 [000000000000b328]	3c089800 lui    $t0,0x9800
354 Reg write t0=ffffffff98000000
355 PC=0xffffffff8000b32c [000000000000b32c]	00084438 dsll   $t0,$t0,16
355 Reg write t0=ffff980000000000
356 icache  00084438 load  hit           pol=3 VA=ffffffff8000b330 PA=00000b330 line=19 hitv=00000001 ro=12345670 tag=00000b V=00000001 L=00000000
356 PC=0xffffffff8000b330 [000000000000b330]	35085580 ori    $t0,$t0,0x5580
356 Reg write t0=ffff980000005580
357 PC=0xffffffff8000b334 [000000000000b334]	00084438 dsll   $t0,$t0,16
357 Reg write t0=9800000055800000
358 PC=0xffffffff8000b338 [000000000000b338]	4d090041 ldxc1  f1,$t1($t0)
[va=98000000557fffa0 pa=00000000557fffa0]
358 dcache  4d090041 load  miss refill   pol=3 VA=98000000557fffa0 PA=0557fffa0 line=7d hitv=00000000 ro=23456701 tag=000000 V=00000011 W=00000000 L=00000000
358 scache  4d090041 load  miss refill   pol=3 VA=98000000557fffa0 PA=0557fffa0 line=ffd hitv=0000 ro=2301 tag=00000 V=0011 W=0010
358 Reg write f[1]=0a1090daa9051522  FCSR(fcr31)=6e000000
359 PC=0xffffffff8000b33c [000000000000b33c]	4d0a0809 sdxc1  f1,$t2($t0)
[va=9800000055800060 pa=0000000055800060]
359 dcache  4d0a0809 store miss w/alloc  pol=3 VA=9800000055800060 PA=055800060 line=03 hitv=00000000 ro=23456701 tag=000000 V=00000011 W=00000000 L=00000000
359 scache  4d0a0809 store miss w/alloc  pol=3 VA=9800000055800060 PA=055800060 line=003 hitv=0000 ro=2301 tag=00000 V=0011 W=0011 data=0a1090daa9051522 mask=11111111
360 icache  4d0a0809 load  miss refill   pol=3 VA=ffffffff8000b340 PA=00000b340 line=1a hitv=00000000 ro=01234567 tag=000000 V=00000000 L=00000000
360 PC=0xffffffff8000b340 [000000000000b340]	65290008 daddiu $t1,$t1,0x8
360 Reg write t1=ffffffffffffffa8
361 PC=0xffffffff8000b344 [000000000000b344]	654afff8 daddiu $t2,$t2,0xfff8
361 Reg write t2=0000000000000058
362 PC=0xffffffff8000b348 [000000000000b348]	5549fffc bnel   $t2,$t1,0xffffffff8000b33c
363 PC=0xffffffff8000b34c [000000000000b34c]	4d090041 ldxc1  f1,$t1($t0)
[va=98000000557fffa8 pa=00000000557fffa8]
363 dcache  4d090041 load  hit           pol=3 VA=98000000557fffa8 PA=0557fffa8 line=7d hitv=00000100 ro=34567012 tag=0557ff V=00000111 W=00000000 L=00000000
363 Reg write f[1]=ffffffffffc00000  FCSR(fcr31)=6e000000
364 icache  4d090041 load  hit           pol=3 VA=ffffffff8000b33c PA=00000b330 line=19 hitv=00000001 ro=12345670 tag=00000b V=00000001 L=00000000
364 PC=0xffffffff8000b33c [000000000000b33c]	4d0a0809 sdxc1  f1,$t2($t0)
[va=9800000055800058 pa=0000000055800058]
364 dcache  4d0a0809 store miss w/alloc  pol=3 VA=9800000055800058 PA=055800058 line=02 hitv=00000000 ro=23456701 tag=000000 V=00000011 W=00000000 L=00000000
364 scache  4d0a0809 store miss w/alloc  pol=3 VA=9800000055800058 PA=055800058 line=002 hitv=0000 ro=2301 tag=00000 V=0011 W=0001 data=ffffffffffc00000 mask=11111111
365 icache  4d0a0809 load  hit           pol=3 VA=ffffffff8000b340 PA=00000b340 line=1a hitv=00000001 ro=12345670 tag=00000b V=00000001 L=00000000
365 PC=0xffffffff8000b340 [000000000000b340]	65290008 daddiu $t1,$t1,0x8
365 Reg write t1=ffffffffffffffb0
366 PC=0xffffffff8000b344 [000000000000b344]	654afff8 daddiu $t2,$t2,0xfff8
366 Reg write t2=0000000000000050
367 PC=0xffffffff8000b348 [000000000000b348]	5549fffc bnel   $t2,$t1,0xffffffff8000b33c
368 PC=0xffffffff8000b34c [000000000000b34c]	4d090041 ldxc1  f1,$t1($t0)
[va=98000000557fffb0 pa=00000000557fffb0]
368 dcache  4d090041 load  hit           pol=3 VA=98000000557fffb0 PA=0557fffb0 line=7d hitv=00000100 ro=34567012 tag=0557ff V=00000111 W=00000000 L=00000000
368 Reg write f[1]=7729b51f60398407  FCSR(fcr31)=6e000000
369 icache  4d090041 load  hit           pol=3 VA=ffffffff8000b33c PA=00000b330 line=19 hitv=00000001 ro=12345670 tag=00000b V=00000001 L=00000000
369 PC=0xffffffff8000b33c [000000000000b33c]	4d0a0809 sdxc1  f1,$t2($t0)
[va=9800000055800050 pa=0000000055800050]
369 dcache  4d0a0809 store hit           pol=3 VA=9800000055800050 PA=055800050 line=02 hitv=00000100 ro=34567012 tag=055800 V=00000111 W=00000000 L=00000000
369 scache  4d0a0809 store hit           pol=3 VA=9800000055800050 PA=055800050 line=002 hitv=0100 ro=3012 tag=02ac0 V=0111 W=0101 data=7729b51f60398407 mask=11111111
370 icache  4d0a0809 load  hit           pol=3 VA=ffffffff8000b340 PA=00000b340 line=1a hitv=00000001 ro=12345670 tag=00000b V=00000001 L=00000000
370 PC=0xffffffff8000b340 [000000000000b340]	65290008 daddiu $t1,$t1,0x8
370 Reg write t1=ffffffffffffffb8
371 PC=0xffffffff8000b344 [000000000000b344]	654afff8 daddiu $t2,$t2,0xfff8
371 Reg write t2=0000000000000048
372 PC=0xffffffff8000b348 [000000000000b348]	5549fffc bnel   $t2,$t1,0xffffffff8000b33c
373 PC=0xffffffff8000b34c [000000000000b34c]	4d090041 ldxc1  f1,$t1($t0)
[va=98000000557fffb8 pa=00000000557fffb8]
373 dcache  4d090041 load  hit           pol=3 VA=98000000557fffb8 PA=0557fffb8 line=7d hitv=00000100 ro=34567012 tag=0557ff V=00000111 W=00000000 L=00000000
373 Reg write f[1]=6ce13f76ab2360b3  FCSR(fcr31)=6e000000
374 icache  4d090041 load  hit           pol=3 VA=ffffffff8000b33c PA=00000b330 line=19 hitv=00000001 ro=12345670 tag=00000b V=00000001 L=00000000
374 PC=0xffffffff8000b33c [000000000000b33c]	4d0a0809 sdxc1  f1,$t2($t0)
[va=9800000055800048 pa=0000000055800048]
374 dcache  4d0a0809 store hit           pol=3 VA=9800000055800048 PA=055800048 line=02 hitv=00000100 ro=34567012 tag=055800 V=00000111 W=00000000 L=00000000
374 scache  4d0a0809 store hit           pol=3 VA=9800000055800048 PA=055800048 line=002 hitv=0100 ro=3012 tag=02ac0 V=0111 W=0101 data=6ce13f76ab2360b3 mask=11111111
375 icache  4d0a0809 load  hit           pol=3 VA=ffffffff8000b340 PA=00000b340 line=1a hitv=00000001 ro=12345670 tag=00000b V=00000001 L=00000000
375 PC=0xffffffff8000b340 [000000000000b340]	65290008 daddiu $t1,$t1,0x8
375 Reg write t1=ffffffffffffffc0
376 PC=0xffffffff8000b344 [000000000000b344]	654afff8 daddiu $t2,$t2,0xfff8
376 Reg write t2=0000000000000040
377 PC=0xffffffff8000b348 [000000000000b348]	5549fffc bnel   $t2,$t1,0xffffffff8000b33c
378 PC=0xffffffff8000b34c [000000000000b34c]	4d090041 ldxc1  f1,$t1($t0)
[va=98000000557fffc0 pa=00000000557fffc0]
378 dcache  4d090041 load  miss refill   pol=3 VA=98000000557fffc0 PA=0557fffc0 line=7e hitv=00000000 ro=12345670 tag=000000 V=00000001 W=00000000 L=00000000
378 scache  4d090041 load  miss refill   pol=3 VA=98000000557fffc0 PA=0557fffc0 line=ffe hitv=0000 ro=1230 tag=00000 V=0001 W=0001
378 Reg write f[1]=2065bac9c369ce64  FCSR(fcr31)=6e000000
379 icache  4d090041 load  hit           pol=3 VA=ffffffff8000b33c PA=00000b330 line=19 hitv=00000001 ro=12345670 tag=00000b V=00000001 L=00000000
379 PC=0xffffffff8000b33c [000000000000b33c]	4d0a0809 sdxc1  f1,$t2($t0)
[va=9800000055800040 pa=0000000055800040]
379 dcache  4d0a0809 store hit           pol=3 VA=9800000055800040 PA=055800040 line=02 hitv=00000100 ro=34567012 tag=055800 V=00000111 W=00000000 L=00000000
379 scache  4d0a0809 store hit           pol=3 VA=9800000055800040 PA=055800040 line=002 hitv=0100 ro=3012 tag=02ac0 V=0111 W=0101 data=2065bac9c369ce64 mask=11111111
380 icache  4d0a0809 load  hit           pol=3 VA=ffffffff8000b340 PA=00000b340 line=1a hitv=00000001 ro=12345670 tag=00000b V=00000001 L=00000000
380 PC=0xffffffff8000b340 [000000000000b340]	65290008 daddiu $t1,$t1,0x8
380 Reg write t1=ffffffffffffffc8
381 PC=0xffffffff8000b344 [000000000000b344]	654afff8 daddiu $t2,$t2,0xfff8
381 Reg write t2=0000000000000038
382 PC=0xffffffff8000b348 [000000000000b348]	5549fffc bnel   $t2,$t1,0xffffffff8000b33c
383 PC=0xffffffff8000b34c [000000000000b34c]	4d090041 ldxc1  f1,$t1($t0)
[va=98000000557fffc8 pa=00000000557fffc8]
383 dcache  4d090041 load  hit           pol=3 VA=98000000557fffc8 PA=0557fffc8 line=7e hitv=00000010 ro=23456701 tag=0557ff V=00000011 W=00000000 L=00000000
383 Reg write f[1]=ff00000000000000  FCSR(fcr31)=6e000000
384 icache  4d090041 load  hit           pol=3 VA=ffffffff8000b33c PA=00000b330 line=19 hitv=00000001 ro=12345670 tag=00000b V=00000001 L=00000000
384 PC=0xffffffff8000b33c [000000000000b33c]	4d0a0809 sdxc1  f1,$t2($t0)
[va=9800000055800038 pa=0000000055800038]
384 dcache  4d0a0809 store miss w/alloc  pol=3 VA=9800000055800038 PA=055800038 line=01 hitv=00000000 ro=23456701 tag=000000 V=00000011 W=00000000 L=00000000
384 scache  4d0a0809 store miss w/alloc  pol=3 VA=9800000055800038 PA=055800038 line=001 hitv=0000 ro=2301 tag=00000 V=0011 W=0001 data=ff00000000000000 mask=11111111
385 icache  4d0a0809 load  hit           pol=3 VA=ffffffff8000b340 PA=00000b340 line=1a hitv=00000001 ro=12345670 tag=00000b V=00000001 L=00000000
385 PC=0xffffffff8000b340 [000000000000b340]	65290008 daddiu $t1,$t1,0x8
385 Reg write t1=ffffffffffffffd0
386 PC=0xffffffff8000b344 [000000000000b344]	654afff8 daddiu $t2,$t2,0xfff8
386 Reg write t2=0000000000000030
387 PC=0xffffffff8000b348 [000000000000b348]	5549fffc bnel   $t2,$t1,0xffffffff8000b33c
388 PC=0xffffffff8000b34c [000000000000b34c]	4d090041 ldxc1  f1,$t1($t0)
[va=98000000557fffd0 pa=00000000557fffd0]
388 dcache  4d090041 load  hit           pol=3 VA=98000000557fffd0 PA=0557fffd0 line=7e hitv=00000010 ro=23456701 tag=0557ff V=00000011 W=00000000 L=00000000
388 Reg write f[1]=e9683f5726d4cdb5  FCSR(fcr31)=6e000000
389 icache  4d090041 load  hit           pol=3 VA=ffffffff8000b33c PA=00000b330 line=19 hitv=00000001 ro=12345670 tag=00000b V=00000001 L=00000000
389 PC=0xffffffff8000b33c [000000000000b33c]	4d0a0809 sdxc1  f1,$t2($t0)
[va=9800000055800030 pa=0000000055800030]
389 dcache  4d0a0809 store hit           pol=3 VA=9800000055800030 PA=055800030 line=01 hitv=00000100 ro=34567012 tag=055800 V=00000111 W=00000000 L=00000000
389 scache  4d0a0809 store hit           pol=3 VA=9800000055800030 PA=055800030 line=001 hitv=0100 ro=3012 tag=02ac0 V=0111 W=0101 data=e9683f5726d4cdb5 mask=11111111
390 icache  4d0a0809 load  hit           pol=3 VA=ffffffff8000b340 PA=00000b340 line=1a hitv=00000001 ro=12345670 tag=00000b V=00000001 L=00000000
390 PC=0xffffffff8000b340 [000000000000b340]	65290008 daddiu $t1,$t1,0x8
390 Reg write t1=ffffffffffffffd8
391 PC=0xffffffff8000b344 [000000000000b344]	654afff8 daddiu $t2,$t2,0xfff8
391 Reg write t2=0000000000000028
392 PC=0xffffffff8000b348 [000000000000b348]	5549fffc bnel   $t2,$t1,0xffffffff8000b33c
393 PC=0xffffffff8000b34c [000000000000b34c]	4d090041 ldxc1  f1,$t1($t0)
[va=98000000557fffd8 pa=00000000557fffd8]
393 dcache  4d090041 load  hit           pol=3 VA=98000000557fffd8 PA=0557fffd8 line=7e hitv=00000010 ro=23456701 tag=0557ff V=00000011 W=00000000 L=00000000
393 Reg write f[1]=8c6f27c060e06e51  FCSR(fcr31)=6e000000
394 icache  4d090041 load  hit           pol=3 VA=ffffffff8000b33c PA=00000b330 line=19 hitv=00000001 ro=12345670 tag=00000b V=00000001 L=00000000
394 PC=0xffffffff8000b33c [000000000000b33c]	4d0a0809 sdxc1  f1,$t2($t0)
[va=9800000055800028 pa=0000000055800028]
394 dcache  4d0a0809 store hit           pol=3 VA=9800000055800028 PA=055800028 line=01 hitv=00000100 ro=34567012 tag=055800 V=00000111 W=00000000 L=00000000
394 scache  4d0a0809 store hit           pol=3 VA=9800000055800028 PA=055800028 line=001 hitv=0100 ro=3012 tag=02ac0 V=0111 W=0101 data=8c6f27c060e06e51 mask=11111111
395 icache  4d0a0809 load  hit           pol=3 VA=ffffffff8000b340 PA=00000b340 line=1a hitv=00000001 ro=12345670 tag=00000b V=00000001 L=00000000
395 PC=0xffffffff8000b340 [000000000000b340]	65290008 daddiu $t1,$t1,0x8
395 Reg write t1=ffffffffffffffe0
396 PC=0xffffffff8000b344 [000000000000b344]	654afff8 daddiu $t2,$t2,0xfff8
396 Reg write t2=0000000000000020
397 PC=0xffffffff8000b348 [000000000000b348]	5549fffc bnel   $t2,$t1,0xffffffff8000b33c
398 PC=0xffffffff8000b34c [000000000000b34c]	4d090041 ldxc1  f1,$t1($t0)
[va=98000000557fffe0 pa=00000000557fffe0]
398 dcache  4d090041 load  miss refill   pol=3 VA=98000000557fffe0 PA=0557fffe0 line=7f hitv=00000000 ro=12345670 tag=000000 V=00000001 W=00000000 L=00000000
398 scache  4d090041 load  miss refill   pol=3 VA=98000000557fffe0 PA=0557fffe0 line=fff hitv=0000 ro=1230 tag=00000 V=0001 W=0001
398 Reg write f[1]=74000995e6399f41  FCSR(fcr31)=6e000000
399 icache  4d090041 load  hit           pol=3 VA=ffffffff8000b33c PA=00000b330 line=19 hitv=00000001 ro=12345670 tag=00000b V=00000001 L=00000000
399 PC=0xffffffff8000b33c [000000000000b33c]	4d0a0809 sdxc1  f1,$t2($t0)
[va=9800000055800020 pa=0000000055800020]
399 dcache  4d0a0809 store hit           pol=3 VA=9800000055800020 PA=055800020 line=01 hitv=00000100 ro=34567012 tag=055800 V=00000111 W=00000000 L=00000000
399 scache  4d0a0809 store hit           pol=3 VA=9800000055800020 PA=055800020 line=001 hitv=0100 ro=3012 tag=02ac0 V=0111 W=0101 data=74000995e6399f41 mask=11111111
400 icache  4d0a0809 load  hit           pol=3 VA=ffffffff8000b340 PA=00000b340 line=1a hitv=00000001 ro=12345670 tag=00000b V=00000001 L=00000000
400 PC=0xffffffff8000b340 [000000000000b340]	65290008 daddiu $t1,$t1,0x8
400 Reg write t1=ffffffffffffffe8
401 PC=0xffffffff8000b344 [000000000000b344]	654afff8 daddiu $t2,$t2,0xfff8
401 Reg write t2=0000000000000018
402 PC=0xffffffff8000b348 [000000000000b348]	5549fffc bnel   $t2,$t1,0xffffffff8000b33c
403 PC=0xffffffff8000b34c [000000000000b34c]	4d090041 ldxc1  f1,$t1($t0)
[va=98000000557fffe8 pa=00000000557fffe8]
403 dcache  4d090041 load  hit           pol=3 VA=98000000557fffe8 PA=0557fffe8 line=7f hitv=00000010 ro=23456701 tag=0557ff V=00000011 W=00000000 L=00000000
403 Reg write f[1]=25f24a51da6067fa  FCSR(fcr31)=6e000000
404 icache  4d090041 load  hit           pol=3 VA=ffffffff8000b33c PA=00000b330 line=19 hitv=00000001 ro=12345670 tag=00000b V=00000001 L=00000000
404 PC=0xffffffff8000b33c [000000000000b33c]	4d0a0809 sdxc1  f1,$t2($t0)
[va=9800000055800018 pa=0000000055800018]
404 dcache  4d0a0809 store miss w/alloc  pol=3 VA=9800000055800018 PA=055800018 line=00 hitv=00000000 ro=23456701 tag=000000 V=00000011 W=00000000 L=00000000
404 scache  4d0a0809 store miss w/alloc  pol=3 VA=9800000055800018 PA=055800018 line=000 hitv=0000 ro=2301 tag=00000 V=0011 W=0001 data=25f24a51da6067fa mask=11111111
405 icache  4d0a0809 load  hit           pol=3 VA=ffffffff8000b340 PA=00000b340 line=1a hitv=00000001 ro=12345670 tag=00000b V=00000001 L=00000000
405 PC=0xffffffff8000b340 [000000000000b340]	65290008 daddiu $t1,$t1,0x8
405 Reg write t1=fffffffffffffff0
406 PC=0xffffffff8000b344 [000000000000b344]	654afff8 daddiu $t2,$t2,0xfff8
406 Reg write t2=0000000000000010
407 PC=0xffffffff8000b348 [000000000000b348]	5549fffc bnel   $t2,$t1,0xffffffff8000b33c
408 PC=0xffffffff8000b34c [000000000000b34c]	4d090041 ldxc1  f1,$t1($t0)
[va=98000000557ffff0 pa=00000000557ffff0]
408 dcache  4d090041 load  hit           pol=3 VA=98000000557ffff0 PA=0557ffff0 line=7f hitv=00000010 ro=23456701 tag=0557ff V=00000011 W=00000000 L=00000000
408 Reg write f[1]=ffffffffffffffff  FCSR(fcr31)=6e000000
409 icache  4d090041 load  hit           pol=3 VA=ffffffff8000b33c PA=00000b330 line=19 hitv=00000001 ro=12345670 tag=00000b V=00000001 L=00000000
409 PC=0xffffffff8000b33c [000000000000b33c]	4d0a0809 sdxc1  f1,$t2($t0)
[va=9800000055800010 pa=0000000055800010]
409 dcache  4d0a0809 store hit           pol=3 VA=9800000055800010 PA=055800010 line=00 hitv=00000100 ro=34567012 tag=055800 V=00000111 W=00000000 L=00000000
409 scache  4d0a0809 store hit           pol=3 VA=9800000055800010 PA=055800010 line=000 hitv=0100 ro=3012 tag=02ac0 V=0111 W=0101 data=ffffffffffffffff mask=11111111
410 icache  4d0a0809 load  hit           pol=3 VA=ffffffff8000b340 PA=00000b340 line=1a hitv=00000001 ro=12345670 tag=00000b V=00000001 L=00000000
410 PC=0xffffffff8000b340 [000000000000b340]	65290008 daddiu $t1,$t1,0x8
410 Reg write t1=fffffffffffffff8
411 PC=0xffffffff8000b344 [000000000000b344]	654afff8 daddiu $t2,$t2,0xfff8
411 Reg write t2=0000000000000008
412 PC=0xffffffff8000b348 [000000000000b348]	5549fffc bnel   $t2,$t1,0xffffffff8000b33c
413 PC=0xffffffff8000b34c [000000000000b34c]	4d090041 ldxc1  f1,$t1($t0)
[va=98000000557ffff8 pa=00000000557ffff8]
413 dcache  4d090041 load  hit           pol=3 VA=98000000557ffff8 PA=0557ffff8 line=7f hitv=00000010 ro=23456701 tag=0557ff V=00000011 W=00000000 L=00000000
413 Reg write f[1]=6859827cde0dd946  FCSR(fcr31)=6e000000
414 icache  4d090041 load  hit           pol=3 VA=ffffffff8000b33c PA=00000b330 line=19 hitv=00000001 ro=12345670 tag=00000b V=00000001 L=00000000
414 PC=0xffffffff8000b33c [000000000000b33c]	4d0a0809 sdxc1  f1,$t2($t0)
[va=9800000055800008 pa=0000000055800008]
414 dcache  4d0a0809 store hit           pol=3 VA=9800000055800008 PA=055800008 line=00 hitv=00000100 ro=34567012 tag=055800 V=00000111 W=00000000 L=00000000
414 scache  4d0a0809 store hit           pol=3 VA=9800000055800008 PA=055800008 line=000 hitv=0100 ro=3012 tag=02ac0 V=0111 W=0101 data=6859827cde0dd946 mask=11111111
415 icache  4d0a0809 load  hit           pol=3 VA=ffffffff8000b340 PA=00000b340 line=1a hitv=00000001 ro=12345670 tag=00000b V=00000001 L=00000000
415 PC=0xffffffff8000b340 [000000000000b340]	65290008 daddiu $t1,$t1,0x8
415 Reg write t1=0000000000000000
416 PC=0xffffffff8000b344 [000000000000b344]	654afff8 daddiu $t2,$t2,0xfff8
416 Reg write t2=0000000000000000
417 PC=0xffffffff8000b348 [000000000000b348]	5549fffc bnel   $t2,$t1,0xffffffff8000b33c
418 icache  5549fffc load  hit           pol=3 VA=ffffffff8000b350 PA=00000b350 line=1a hitv=00000001 ro=12345670 tag=00000b V=00000001 L=00000000
418 PC=0xffffffff8000b350 [000000000000b350]	3c019800 lui    $r1,0x9800
418 Reg write r1=ffffffff98000000
419 PC=0xffffffff8000b354 [000000000000b354]	00010c38 dsll   $r1,$r1,16
419 Reg write r1=ffff980000000000
420 PC=0xffffffff8000b358 [000000000000b358]	342141af ori    $r1,$r1,0x41af
420 Reg write r1=ffff9800000041af
421 PC=0xffffffff8000b35c [000000000000b35c]	00010c38 dsll   $r1,$r1,16
421 Reg write r1=9800000041af0000
422 icache  00010c38 load  miss refill   pol=3 VA=ffffffff8000b360 PA=00000b360 line=1b hitv=00000000 ro=01234567 tag=000000 V=00000000 L=00000000
422 PC=0xffffffff8000b360 [000000000000b360]	3421ffad ori    $r1,$r1,0xffad
422 Reg write r1=9800000041afffad
423 PC=0xffffffff8000b364 [000000000000b364]	9429005d lhu    $t1,0x5d($r1)
[va=9800000041b0000a pa=0000000041b0000a]
423 dcache  9429005d load  miss refill   pol=3 VA=9800000041b0000a PA=041b00008 line=00 hitv=00000000 ro=34567012 tag=000000 V=00000111 W=00000000 L=00000000
423 scache  9429005d load  miss refill   pol=3 VA=9800000041b0000a PA=041b00000 line=000 hitv=0000 ro=3012 tag=00000 V=0111 W=0101
423 Reg write t1=000000000000acab
424 PC=0xffffffff8000b368 [000000000000b368]	3c199800 lui    $t9,0x9800
424 Reg write t9=ffffffff98000000
425 PC=0xffffffff8000b36c [000000000000b36c]	0019cc38 dsll   $t9,$t9,16
425 Reg write t9=ffff980000000000
426 icache  0019cc38 load  hit           pol=3 VA=ffffffff8000b370 PA=00000b370 line=1b hitv=00000001 ro=12345670 tag=00000b V=00000001 L=00000000
426 PC=0xffffffff8000b370 [000000000000b370]	3739416f ori    $t9,$t9,0x416f
426 Reg write t9=ffff98000000416f
427 PC=0xffffffff8000b374 [000000000000b374]	0019cc38 dsll   $t9,$t9,16
427 Reg write t9=98000000416f0000
428 PC=0xffffffff8000b378 [000000000000b378]	373999e9 ori    $t9,$t9,0x99e9
428 Reg write t9=98000000416f99e9
429 PC=0xffffffff8000b37c [000000000000b37c]	87276721 lh     $a3,0x6721($t9)
[va=980000004170010a pa=000000004170010a]
429 dcache  87276721 load  miss refill   pol=3 VA=980000004170010a PA=041700108 line=08 hitv=00000000 ro=23456701 tag=000000 V=00000011 W=00000000 L=00000000
429 scache  87276721 load  miss refill   pol=3 VA=980000004170010a PA=041700100 line=008 hitv=0000 ro=1230 tag=00000 V=0001 W=0001
429 Reg write a3=ffffffffffff9c83
430 icache  87276721 load  miss refill   pol=3 VA=ffffffff8000b380 PA=00000b380 line=1c hitv=00000000 ro=01234567 tag=000000 V=00000000 L=00000000
430 PC=0xffffffff8000b380 [000000000000b380]	3c119800 lui    $s1,0x9800
430 Reg write s1=ffffffff98000000
431 PC=0xffffffff8000b384 [000000000000b384]	00118c38 dsll   $s1,$s1,16
431 Reg write s1=ffff980000000000
432 PC=0xffffffff8000b388 [000000000000b388]	3631504f ori    $s1,$s1,0x504f
432 Reg write s1=ffff98000000504f
433 PC=0xffffffff8000b38c [000000000000b38c]	00118c38 dsll   $s1,$s1,16
433 Reg write s1=98000000504f0000
434 icache  00118c38 load  hit           pol=3 VA=ffffffff8000b390 PA=00000b390 line=1c hitv=00000001 ro=12345670 tag=00000b V=00000001 L=00000000
434 PC=0xffffffff8000b390 [000000000000b390]	3631fa8d ori    $s1,$s1,0xfa8d
434 Reg write s1=98000000504ffa8d
435 PC=0xffffffff8000b394 [000000000000b394]	923c06c0 lbu    $gp,0x6c0($s1)
[va=980000005050014d pa=000000005050014d]
435 dcache  923c06c0 load  miss refill   pol=3 VA=980000005050014d PA=050500148 line=0a hitv=00000000 ro=34567012 tag=000000 V=00000111 W=00000000 L=00000000
435 scache  923c06c0 load  miss refill   pol=3 VA=980000005050014d PA=050500140 line=00a hitv=0000 ro=2301 tag=00000 V=0011 W=0010
435 Reg write gp=000000000000001d
436 PC=0xffffffff8000b398 [000000000000b398]	3c159800 lui    $s5,0x9800
436 Reg write s5=ffffffff98000000
437 PC=0xffffffff8000b39c [000000000000b39c]	0015ac38 dsll   $s5,$s5,16
437 Reg write s5=ffff980000000000
438 icache  0015ac38 load  miss refill   pol=3 VA=ffffffff8000b3a0 PA=00000b3a0 line=1d hitv=00000000 ro=01234567 tag=000000 V=00000000 L=00000000
438 PC=0xffffffff8000b3a0 [000000000000b3a0]	36b54380 ori    $s5,$s5,0x4380
438 Reg write s5=ffff980000004380
439 PC=0xffffffff8000b3a4 [000000000000b3a4]	0015ac38 dsll   $s5,$s5,16
439 Reg write s5=9800000043800000
440 PC=0xffffffff8000b3a8 [000000000000b3a8]	36b54069 ori    $s5,$s5,0x4069
440 Reg write s5=9800000043804069
441 PC=0xffffffff8000b3ac [000000000000b3ac]	86b9bf99 lh     $t9,0xffffbf99($s5)
[va=9800000043800002 pa=0000000043800002]
441 dcache  86b9bf99 load  miss refill   pol=3 VA=9800000043800002 PA=043800000 line=00 hitv=00000000 ro=45670123 tag=000000 V=00001111 W=00000000 L=00000000
441 scache  86b9bf99 load  miss refill   pol=3 VA=9800000043800002 PA=043800000 line=000 hitv=0000 ro=0123 tag=00000 V=1111 W=0101
441 dmemacc: store 8 addr=058800000 data=0000000000000000 mask=11111111 cline 
441 dmemacc: store 8 addr=058800008 data=ffffffffffffffff mask=11111111 cline 
441 dmemacc: store 8 addr=058800010 data=93d76e70a8e74d1f mask=11111111 cline 
441 dmemacc: store 8 addr=058800018 data=45ad6e5bff9452ed mask=11111111 cline 
441 Reg write t9=fffffffffffff971
442 icache  86b9bf99 load  hit           pol=3 VA=ffffffff8000b3b0 PA=00000b3b0 line=1d hitv=00000001 ro=12345670 tag=00000b V=00000001 L=00000000
442 PC=0xffffffff8000b3b0 [000000000000b3b0]	3c159800 lui    $s5,0x9800
442 Reg write s5=ffffffff98000000
443 PC=0xffffffff8000b3b4 [000000000000b3b4]	0015ac38 dsll   $s5,$s5,16
443 Reg write s5=ffff980000000000
444 PC=0xffffffff8000b3b8 [000000000000b3b8]	36b55050 ori    $s5,$s5,0x5050
444 Reg write s5=ffff980000005050
445 PC=0xffffffff8000b3bc [000000000000b3bc]	0015ac38 dsll   $s5,$s5,16
445 Reg write s5=9800000050500000
446 icache  0015ac38 load  miss refill   pol=3 VA=ffffffff8000b3c0 PA=00000b3c0 line=1e hitv=00000000 ro=01234567 tag=000000 V=00000000 L=00000000
446 PC=0xffffffff8000b3c0 [000000000000b3c0]	36b56e40 ori    $s5,$s5,0x6e40
446 Reg write s5=9800000050506e40
447 PC=0xffffffff8000b3c4 [000000000000b3c4]	a2ad9314 sb     $t5,0xffff9314($s5)
[va=9800000050500154 pa=0000000050500154]
447 dcache  a2ad9314 store hit           pol=3 VA=9800000050500154 PA=050500150 line=0a hitv=00001000 ro=45670123 tag=050500 V=00001111 W=00000000 L=00000000
447 scache  a2ad9314 store hit           pol=3 VA=9800000050500154 PA=050500150 line=00a hitv=0100 ro=3012 tag=02828 V=0111 W=0010 data=00000000db000000 mask=00001000
448 PC=0xffffffff8000b3c8 [000000000000b3c8]	3c139800 lui    $s3,0x9800
448 Reg write s3=ffffffff98000000
449 PC=0xffffffff8000b3cc [000000000000b3cc]	00139c38 dsll   $s3,$s3,16
449 Reg write s3=ffff980000000000
450 icache  00139c38 load  hit           pol=3 VA=ffffffff8000b3d0 PA=00000b3d0 line=1e hitv=00000001 ro=12345670 tag=00000b V=00000001 L=00000000
450 PC=0xffffffff8000b3d0 [000000000000b3d0]	36734380 ori    $s3,$s3,0x4380
450 Reg write s3=ffff980000004380
451 PC=0xffffffff8000b3d4 [000000000000b3d4]	00139c38 dsll   $s3,$s3,16
451 Reg write s3=9800000043800000
452 PC=0xffffffff8000b3d8 [000000000000b3d8]	36733344 ori    $s3,$s3,0x3344
452 Reg write s3=9800000043803344
453 PC=0xffffffff8000b3dc [000000000000b3dc]	fe63ccbc sd     $v1,0xffffccbc($s3)
[va=9800000043800000 pa=0000000043800000]
453 dcache  fe63ccbc store hit           pol=3 VA=9800000043800000 PA=043800000 line=00 hitv=00010000 ro=56701234 tag=043800 V=00011111 W=00000000 L=00000000
453 scache  fe63ccbc store hit           pol=3 VA=9800000043800000 PA=043800000 line=000 hitv=0001 ro=1230 tag=021c0 V=1111 W=0100 data=98000000504fff30 mask=11111111
454 icache  fe63ccbc load  miss refill   pol=3 VA=ffffffff8000b3e0 PA=00000b3e0 line=1f hitv=00000000 ro=01234567 tag=000000 V=00000000 L=00000000
454 PC=0xffffffff8000b3e0 [000000000000b3e0]	3c1e9800 lui    $s8,0x9800
454 Reg write s8=ffffffff98000000
455 PC=0xffffffff8000b3e4 [000000000000b3e4]	001ef438 dsll   $s8,$s8,16
455 Reg write s8=ffff980000000000
456 PC=0xffffffff8000b3e8 [000000000000b3e8]	37de41b0 ori    $s8,$s8,0x41b0
456 Reg write s8=ffff9800000041b0
457 PC=0xffffffff8000b3ec [000000000000b3ec]	001ef438 dsll   $s8,$s8,16
457 Reg write s8=9800000041b00000
458 icache  001ef438 load  hit           pol=3 VA=ffffffff8000b3f0 PA=00000b3f0 line=1f hitv=00000001 ro=12345670 tag=00000b V=00000001 L=00000000
458 PC=0xffffffff8000b3f0 [000000000000b3f0]	37de7c6e ori    $s8,$s8,0x7c6e
458 Reg write s8=9800000041b07c6e
459 PC=0xffffffff8000b3f4 [000000000000b3f4]	a3cd851f sb     $t5,0xffff851f($s8)
[va=9800000041b0018d pa=0000000041b0018d]
459 dcache  a3cd851f store hit           pol=3 VA=9800000041b0018d PA=041b00188 line=0c hitv=00000100 ro=45670123 tag=041b00 V=00001111 W=00000000 L=00000000
459 scache  a3cd851f store hit           pol=3 VA=9800000041b0018d PA=041b00188 line=00c hitv=0010 ro=3012 tag=020d8 V=0111 W=0101 data=0000000000db0000 mask=00000100
460 PC=0xffffffff8000b3f8 [000000000000b3f8]	3c179800 lui    $s7,0x9800
460 Reg write s7=ffffffff98000000
461 PC=0xffffffff8000b3fc [000000000000b3fc]	0017bc38 dsll   $s7,$s7,16
461 Reg write s7=ffff980000000000
462 icache  0017bc38 load  miss refill   pol=3 VA=ffffffff8000b400 PA=00000b400 line=20 hitv=00000000 ro=01234567 tag=000000 V=00000000 L=00000000
462 PC=0xffffffff8000b400 [000000000000b400]	36f74027 ori    $s7,$s7,0x4027
462 Reg write s7=ffff980000004027
463 PC=0xffffffff8000b404 [000000000000b404]	0017bc38 dsll   $s7,$s7,16
463 Reg write s7=9800000040270000
464 PC=0xffffffff8000b408 [000000000000b408]	36f7c427 ori    $s7,$s7,0xc427
464 Reg write s7=980000004027c427
465 PC=0xffffffff8000b40c [000000000000b40c]	96ed3d81 lhu    $t5,0x3d81($s7)
[va=98000000402801a8 pa=00000000402801a8]
465 dcache  96ed3d81 load  miss refill   pol=3 VA=98000000402801a8 PA=0402801a8 line=0d hitv=00000000 ro=23456701 tag=000000 V=00000011 W=00000000 L=00000000
465 scache  96ed3d81 load  miss refill   pol=3 VA=98000000402801a8 PA=0402801a0 line=00d hitv=0000 ro=1230 tag=00000 V=0001 W=0001
465 Reg write t5=0000000000000000
466 icache  96ed3d81 load  hit           pol=3 VA=ffffffff8000b410 PA=00000b410 line=20 hitv=00000001 ro=12345670 tag=00000b V=00000001 L=00000000
466 PC=0xffffffff8000b410 [000000000000b410]	3c049800 lui    $a0,0x9800
466 Reg write a0=ffffffff98000000
467 PC=0xffffffff8000b414 [000000000000b414]	00042438 dsll   $a0,$a0,16
467 Reg write a0=ffff980000000000
468 PC=0xffffffff8000b418 [000000000000b418]	348459af ori    $a0,$a0,0x59af
468 Reg write a0=ffff9800000059af
469 PC=0xffffffff8000b41c [000000000000b41c]	00042438 dsll   $a0,$a0,16
469 Reg write a0=9800000059af0000
470 icache  00042438 load  miss refill   pol=3 VA=ffffffff8000b420 PA=00000b420 line=21 hitv=00000000 ro=01234567 tag=000000 V=00000000 L=00000000
470 PC=0xffffffff8000b420 [000000000000b420]	3484ff10 ori    $a0,$a0,0xff10
470 Reg write a0=9800000059afff10
471 PC=0xffffffff8000b424 [000000000000b424]	3c059800 lui    $a1,0x9800
471 Reg write a1=ffffffff98000000
472 PC=0xffffffff8000b428 [000000000000b428]	00052c38 dsll   $a1,$a1,16
472 Reg write a1=ffff980000000000
473 PC=0xffffffff8000b42c [000000000000b42c]	34a54a4f ori    $a1,$a1,0x4a4f
473 Reg write a1=ffff980000004a4f
474 icache  34a54a4f load  hit           pol=3 VA=ffffffff8000b430 PA=00000b430 line=21 hitv=00000001 ro=12345670 tag=00000b V=00000001 L=00000000
474 PC=0xffffffff8000b430 [000000000000b430]	00052c38 dsll   $a1,$a1,16
474 Reg write a1=980000004a4f0000
475 PC=0xffffffff8000b434 [000000000000b434]	34a5ff80 ori    $a1,$a1,0xff80
475 Reg write a1=980000004a4fff80
476 PC=0xffffffff8000b438 [000000000000b438]	24060004 addiu  $a2,$r0,0x4
476 Reg write a2=0000000000000004
477 PC=0xffffffff8000b43c [000000000000b43c]	dca80000 ld     $t0,0x0($a1)
[va=980000004a4fff80 pa=000000004a4fff80]
477 dcache  dca80000 load  miss refill   pol=3 VA=980000004a4fff80 PA=04a4fff80 line=7c hitv=00000000 ro=23456701 tag=000000 V=00000011 W=00000000 L=00000000
477 scache  dca80000 load  miss refill   pol=3 VA=980000004a4fff80 PA=04a4fff80 line=ffc hitv=0000 ro=2301 tag=00000 V=0011 W=0011
477 Reg write t0=08d7e06200a6ab42
478 icache  dca80000 load  miss refill   pol=3 VA=ffffffff8000b440 PA=00000b440 line=22 hitv=00000000 ro=01234567 tag=000000 V=00000000 L=00000000
478 PC=0xffffffff8000b440 [000000000000b440]	dca90008 ld     $t1,0x8($a1)
[va=980000004a4fff88 pa=000000004a4fff88]
478 dcache  dca90008 load  hit           pol=3 VA=980000004a4fff88 PA=04a4fff88 line=7c hitv=00000100 ro=34567012 tag=04a4ff V=00000111 W=00000000 L=00000000
478 Reg write t1=22be19cb82625b5a
479 PC=0xffffffff8000b444 [000000000000b444]	dcaa0010 ld     $t2,0x10($a1)
[va=980000004a4fff90 pa=000000004a4fff90]
479 dcache  dcaa0010 load  hit           pol=3 VA=980000004a4fff90 PA=04a4fff90 line=7c hitv=00000100 ro=34567012 tag=04a4ff V=00000111 W=00000000 L=00000000
479 Reg write t2=ffffffffffffffff
480 PC=0xffffffff8000b448 [000000000000b448]	dcab0018 ld     $t3,0x18($a1)
[va=980000004a4fff98 pa=000000004a4fff98]
480 dcache  dcab0018 load  hit           pol=3 VA=980000004a4fff98 PA=04a4fff98 line=7c hitv=00000100 ro=34567012 tag=04a4ff V=00000111 W=00000000 L=00000000
480 Reg write t3=82f811b1272d9c69
481 PC=0xffffffff8000b44c [000000000000b44c]	64c6ffff daddiu $a2,$a2,0xffff
481 Reg write a2=0000000000000003
482 icache  64c6ffff load  hit           pol=3 VA=ffffffff8000b450 PA=00000b450 line=22 hitv=00000001 ro=12345670 tag=00000b V=00000001 L=00000000
482 PC=0xffffffff8000b450 [000000000000b450]	dcac0020 ld     $t4,0x20($a1)
[va=980000004a4fffa0 pa=000000004a4fffa0]
482 dcache  dcac0020 load  miss refill   pol=3 VA=980000004a4fffa0 PA=04a4fffa0 line=7d hitv=00000000 ro=34567012 tag=000000 V=00000111 W=00000000 L=00000000
482 scache  dcac0020 load  miss refill   pol=3 VA=980000004a4fffa0 PA=04a4fffa0 line=ffd hitv=0000 ro=3012 tag=00000 V=0111 W=0010
482 Reg write t4=0000000000000000
483 PC=0xffffffff8000b454 [000000000000b454]	dcaf0028 ld     $t7,0x28($a1)
[va=980000004a4fffa8 pa=000000004a4fffa8]
483 dcache  dcaf0028 load  hit           pol=3 VA=980000004a4fffa8 PA=04a4fffa8 line=7d hitv=00001000 ro=45670123 tag=04a4ff V=00001111 W=00000000 L=00000000
483 Reg write t7=e0f83e0f83e0f83e
484 PC=0xffffffff8000b458 [000000000000b458]	fc880000 sd     $t0,0x0($a0)
[va=9800000059afff10 pa=0000000059afff10]
484 dcache  fc880000 store miss w/alloc  pol=3 VA=9800000059afff10 PA=059afff10 line=78 hitv=00000000 ro=23456701 tag=000000 V=00000011 W=00000000 L=00000000
484 scache  fc880000 store miss w/alloc  pol=3 VA=9800000059afff10 PA=059afff10 line=ff8 hitv=0000 ro=2301 tag=00000 V=0011 W=0000 data=08d7e06200a6ab42 mask=11111111
485 PC=0xffffffff8000b45c [000000000000b45c]	fc890008 sd     $t1,0x8($a0)
[va=9800000059afff18 pa=0000000059afff18]
485 dcache  fc890008 store hit           pol=3 VA=9800000059afff18 PA=059afff18 line=78 hitv=00000100 ro=34567012 tag=059aff V=00000111 W=00000000 L=00000000
485 scache  fc890008 store hit           pol=3 VA=9800000059afff18 PA=059afff18 line=ff8 hitv=0100 ro=3012 tag=02cd7 V=0111 W=0100 data=22be19cb82625b5a mask=11111111
486 icache  fc890008 load  miss refill   pol=3 VA=ffffffff8000b460 PA=00000b460 line=23 hitv=00000000 ro=01234567 tag=000000 V=00000000 L=00000000
486 PC=0xffffffff8000b460 [000000000000b460]	dca80030 ld     $t0,0x30($a1)
[va=980000004a4fffb0 pa=000000004a4fffb0]
486 dcache  dca80030 load  hit           pol=3 VA=980000004a4fffb0 PA=04a4fffb0 line=7d hitv=00001000 ro=45670123 tag=04a4ff V=00001111 W=00000000 L=00000000
486 Reg write t0=3166845f7912963c
487 PC=0xffffffff8000b464 [000000000000b464]	dca90038 ld     $t1,0x38($a1)
[va=980000004a4fffb8 pa=000000004a4fffb8]
487 dcache  dca90038 load  hit           pol=3 VA=980000004a4fffb8 PA=04a4fffb8 line=7d hitv=00001000 ro=45670123 tag=04a4ff V=00001111 W=00000000 L=00000000
487 Reg write t1=c2132ac137924a69
488 PC=0xffffffff8000b468 [000000000000b468]	64a50040 daddiu $a1,$a1,0x40
488 Reg write a1=980000004a4fffc0
489 PC=0xffffffff8000b46c [000000000000b46c]	64840040 daddiu $a0,$a0,0x40
489 Reg write a0=9800000059afff50
490 icache  64840040 load  hit           pol=3 VA=ffffffff8000b470 PA=00000b470 line=23 hitv=00000001 ro=12345670 tag=00000b V=00000001 L=00000000
490 PC=0xffffffff8000b470 [000000000000b470]	fc8affd0 sd     $t2,0xffffffd0($a0)
[va=9800000059afff20 pa=0000000059afff20]
490 dcache  fc8affd0 store miss w/alloc  pol=3 VA=9800000059afff20 PA=059afff20 line=79 hitv=00000000 ro=01234567 tag=000000 V=00000000 W=00000000 L=00000000
490 scache  fc8affd0 store miss w/alloc  pol=3 VA=9800000059afff20 PA=059afff20 line=ff9 hitv=0000 ro=0123 tag=00000 V=0000 W=0000 data=ffffffffffffffff mask=11111111
491 PC=0xffffffff8000b474 [000000000000b474]	fc8bffd8 sd     $t3,0xffffffd8($a0)
[va=9800000059afff28 pa=0000000059afff28]
491 dcache  fc8bffd8 store hit           pol=3 VA=9800000059afff28 PA=059afff28 line=79 hitv=00000001 ro=12345670 tag=059aff V=00000001 W=00000000 L=00000000
491 scache  fc8bffd8 store hit           pol=3 VA=9800000059afff28 PA=059afff28 line=ff9 hitv=0001 ro=1230 tag=02cd7 V=0001 W=0001 data=82f811b1272d9c69 mask=11111111
492 PC=0xffffffff8000b478 [000000000000b478]	fc8cffe0 sd     $t4,0xffffffe0($a0)
[va=9800000059afff30 pa=0000000059afff30]
492 dcache  fc8cffe0 store hit           pol=3 VA=9800000059afff30 PA=059afff30 line=79 hitv=00000001 ro=12345670 tag=059aff V=00000001 W=00000000 L=00000000
492 scache  fc8cffe0 store hit           pol=3 VA=9800000059afff30 PA=059afff30 line=ff9 hitv=0001 ro=1230 tag=02cd7 V=0001 W=0001 data=0000000000000000 mask=11111111
493 PC=0xffffffff8000b47c [000000000000b47c]	fc8fffe8 sd     $t7,0xffffffe8($a0)
[va=9800000059afff38 pa=0000000059afff38]
493 dcache  fc8fffe8 store hit           pol=3 VA=9800000059afff38 PA=059afff38 line=79 hitv=00000001 ro=12345670 tag=059aff V=00000001 W=00000000 L=00000000
493 scache  fc8fffe8 store hit           pol=3 VA=9800000059afff38 PA=059afff38 line=ff9 hitv=0001 ro=1230 tag=02cd7 V=0001 W=0001 data=e0f83e0f83e0f83e mask=11111111
494 icache  fc8fffe8 load  miss refill   pol=3 VA=ffffffff8000b480 PA=00000b480 line=24 hitv=00000000 ro=01234567 tag=000000 V=00000000 L=00000000
494 PC=0xffffffff8000b480 [000000000000b480]	fc88fff0 sd     $t0,0xfffffff0($a0)
[va=9800000059afff40 pa=0000000059afff40]
494 dcache  fc88fff0 store miss w/alloc  pol=3 VA=9800000059afff40 PA=059afff40 line=7a hitv=00000000 ro=12345670 tag=000000 V=00000001 W=00000000 L=00000000
494 scache  fc88fff0 store miss w/alloc  pol=3 VA=9800000059afff40 PA=059afff40 line=ffa hitv=0000 ro=1230 tag=00000 V=0001 W=0001 data=3166845f7912963c mask=11111111
495 PC=0xffffffff8000b484 [000000000000b484]	14c0ffed bne    $a2,$r0,0xffffffff8000b43c
496 PC=0xffffffff8000b488 [000000000000b488]	fc89fff8 sd     $t1,0xfffffff8($a0)
[va=9800000059afff48 pa=0000000059afff48]
496 dcache  fc89fff8 store hit           pol=3 VA=9800000059afff48 PA=059afff48 line=7a hitv=00000010 ro=23456701 tag=059aff V=00000011 W=00000000 L=00000000
496 scache  fc89fff8 store hit           pol=3 VA=9800000059afff48 PA=059afff48 line=ffa hitv=0010 ro=2301 tag=02cd7 V=0011 W=0011 data=c2132ac137924a69 mask=11111111
497 icache  fc89fff8 load  hit           pol=3 VA=ffffffff8000b43c PA=00000b430 line=21 hitv=00000001 ro=12345670 tag=00000b V=00000001 L=00000000
497 PC=0xffffffff8000b43c [000000000000b43c]	dca80000 ld     $t0,0x0($a1)
[va=980000004a4fffc0 pa=000000004a4fffc0]
497 dcache  dca80000 load  miss refill   pol=3 VA=980000004a4fffc0 PA=04a4fffc0 line=7e hitv=00000000 ro=23456701 tag=000000 V=00000011 W=00000000 L=00000000
497 scache  dca80000 load  miss refill   pol=3 VA=980000004a4fffc0 PA=04a4fffc0 line=ffe hitv=0000 ro=2301 tag=00000 V=0011 W=0001
497 Reg write t0=0000000000000001
498 icache  dca80000 load  hit           pol=3 VA=ffffffff8000b440 PA=00000b440 line=22 hitv=00000001 ro=12345670 tag=00000b V=00000001 L=00000000
498 PC=0xffffffff8000b440 [000000000000b440]	dca90008 ld     $t1,0x8($a1)
[va=980000004a4fffc8 pa=000000004a4fffc8]
498 dcache  dca90008 load  hit           pol=3 VA=980000004a4fffc8 PA=04a4fffc8 line=7e hitv=00000100 ro=34567012 tag=04a4ff V=00000111 W=00000000 L=00000000
498 Reg write t1=5cffd3c37dc4abb2
499 PC=0xffffffff8000b444 [000000000000b444]	dcaa0010 ld     $t2,0x10($a1)
[va=980000004a4fffd0 pa=000000004a4fffd0]
499 dcache  dcaa0010 load  hit           pol=3 VA=980000004a4fffd0 PA=04a4fffd0 line=7e hitv=00000100 ro=34567012 tag=04a4ff V=00000111 W=00000000 L=00000000
499 Reg write t2=47a7ca7d469d8828
500 PC=0xffffffff8000b448 [000000000000b448]	dcab0018 ld     $t3,0x18($a1)
[va=980000004a4fffd8 pa=000000004a4fffd8]
500 dcache  dcab0018 load  hit           pol=3 VA=980000004a4fffd8 PA=04a4fffd8 line=7e hitv=00000100 ro=34567012 tag=04a4ff V=00000111 W=00000000 L=00000000
500 Reg write t3=676e5c584c0f6123
501 PC=0xffffffff8000b44c [000000000000b44c]	64c6ffff daddiu $a2,$a2,0xffff
501 Reg write a2=0000000000000002
502 icache  64c6ffff load  hit           pol=3 VA=ffffffff8000b450 PA=00000b450 line=22 hitv=00000001 ro=12345670 tag=00000b V=00000001 L=00000000
502 PC=0xffffffff8000b450 [000000000000b450]	dcac0020 ld     $t4,0x20($a1)
[va=980000004a4fffe0 pa=000000004a4fffe0]
502 dcache  dcac0020 load  miss refill   pol=3 VA=980000004a4fffe0 PA=04a4fffe0 line=7f hitv=00000000 ro=23456701 tag=000000 V=00000011 W=00000000 L=00000000
502 scache  dcac0020 load  miss refill   pol=3 VA=980000004a4fffe0 PA=04a4fffe0 line=fff hitv=0000 ro=2301 tag=00000 V=0011 W=0001
502 Reg write t4=ffffffffffffffff
503 PC=0xffffffff8000b454 [000000000000b454]	dcaf0028 ld     $t7,0x28($a1)
[va=980000004a4fffe8 pa=000000004a4fffe8]
503 dcache  dcaf0028 load  hit           pol=3 VA=980000004a4fffe8 PA=04a4fffe8 line=7f hitv=00000100 ro=34567012 tag=04a4ff V=00000111 W=00000000 L=00000000
503 Reg write t7=9503694d7443c00f
504 PC=0xffffffff8000b458 [000000000000b458]	fc880000 sd     $t0,0x0($a0)
[va=9800000059afff50 pa=0000000059afff50]
504 dcache  fc880000 store hit           pol=3 VA=9800000059afff50 PA=059afff50 line=7a hitv=00000010 ro=23456701 tag=059aff V=00000011 W=00000000 L=00000000
504 scache  fc880000 store hit           pol=3 VA=9800000059afff50 PA=059afff50 line=ffa hitv=0010 ro=2301 tag=02cd7 V=0011 W=0011 data=0000000000000001 mask=11111111
505 PC=0xffffffff8000b45c [000000000000b45c]	fc890008 sd     $t1,0x8($a0)
[va=9800000059afff58 pa=0000000059afff58]
505 dcache  fc890008 store hit           pol=3 VA=9800000059afff58 PA=059afff58 line=7a hitv=00000010 ro=23456701 tag=059aff V=00000011 W=00000000 L=00000000
505 scache  fc890008 store hit           pol=3 VA=9800000059afff58 PA=059afff58 line=ffa hitv=0010 ro=2301 tag=02cd7 V=0011 W=0011 data=5cffd3c37dc4abb2 mask=11111111
506 icache  fc890008 load  hit           pol=3 VA=ffffffff8000b460 PA=00000b460 line=23 hitv=00000001 ro=12345670 tag=00000b V=00000001 L=00000000
506 PC=0xffffffff8000b460 [000000000000b460]	dca80030 ld     $t0,0x30($a1)
[va=980000004a4ffff0 pa=000000004a4ffff0]
506 dcache  dca80030 load  hit           pol=3 VA=980000004a4ffff0 PA=04a4ffff0 line=7f hitv=00000100 ro=34567012 tag=04a4ff V=00000111 W=00000000 L=00000000
506 Reg write t0=6fd3a82f9f98d223
507 PC=0xffffffff8000b464 [000000000000b464]	dca90038 ld     $t1,0x38($a1)
[va=980000004a4ffff8 pa=000000004a4ffff8]
507 dcache  dca90038 load  hit           pol=3 VA=980000004a4ffff8 PA=04a4ffff8 line=7f hitv=00000100 ro=34567012 tag=04a4ff V=00000111 W=00000000 L=00000000
507 Reg write t1=3d8c97c70ea0364e
508 PC=0xffffffff8000b468 [000000000000b468]	64a50040 daddiu $a1,$a1,0x40
508 Reg write a1=980000004a500000
509 PC=0xffffffff8000b46c [000000000000b46c]	64840040 daddiu $a0,$a0,0x40
509 Reg write a0=9800000059afff90
510 icache  64840040 load  hit           pol=3 VA=ffffffff8000b470 PA=00000b470 line=23 hitv=00000001 ro=12345670 tag=00000b V=00000001 L=00000000
510 PC=0xffffffff8000b470 [000000000000b470]	fc8affd0 sd     $t2,0xffffffd0($a0)
[va=9800000059afff60 pa=0000000059afff60]
510 dcache  fc8affd0 store miss w/alloc  pol=3 VA=9800000059afff60 PA=059afff60 line=7b hitv=00000000 ro=01234567 tag=000000 V=00000000 W=00000000 L=00000000
510 scache  fc8affd0 store miss w/alloc  pol=3 VA=9800000059afff60 PA=059afff60 line=ffb hitv=0000 ro=0123 tag=00000 V=0000 W=0000 data=47a7ca7d469d8828 mask=11111111
511 PC=0xffffffff8000b474 [000000000000b474]	fc8bffd8 sd     $t3,0xffffffd8($a0)
[va=9800000059afff68 pa=0000000059afff68]
511 dcache  fc8bffd8 store hit           pol=3 VA=9800000059afff68 PA=059afff68 line=7b hitv=00000001 ro=12345670 tag=059aff V=00000001 W=00000000 L=00000000
511 scache  fc8bffd8 store hit           pol=3 VA=9800000059afff68 PA=059afff68 line=ffb hitv=0001 ro=1230 tag=02cd7 V=0001 W=0001 data=676e5c584c0f6123 mask=11111111
512 PC=0xffffffff8000b478 [000000000000b478]	fc8cffe0 sd     $t4,0xffffffe0($a0)
[va=9800000059afff70 pa=0000000059afff70]
512 dcache  fc8cffe0 store hit           pol=3 VA=9800000059afff70 PA=059afff70 line=7b hitv=00000001 ro=12345670 tag=059aff V=00000001 W=00000000 L=00000000
512 scache  fc8cffe0 store hit           pol=3 VA=9800000059afff70 PA=059afff70 line=ffb hitv=0001 ro=1230 tag=02cd7 V=0001 W=0001 data=ffffffffffffffff mask=11111111
513 PC=0xffffffff8000b47c [000000000000b47c]	fc8fffe8 sd     $t7,0xffffffe8($a0)
[va=9800000059afff78 pa=0000000059afff78]
513 dcache  fc8fffe8 store hit           pol=3 VA=9800000059afff78 PA=059afff78 line=7b hitv=00000001 ro=12345670 tag=059aff V=00000001 W=00000000 L=00000000
513 scache  fc8fffe8 store hit           pol=3 VA=9800000059afff78 PA=059afff78 line=ffb hitv=0001 ro=1230 tag=02cd7 V=0001 W=0001 data=9503694d7443c00f mask=11111111
514 icache  fc8fffe8 load  hit           pol=3 VA=ffffffff8000b480 PA=00000b480 line=24 hitv=00000001 ro=12345670 tag=00000b V=00000001 L=00000000
514 PC=0xffffffff8000b480 [000000000000b480]	fc88fff0 sd     $t0,0xfffffff0($a0)
[va=9800000059afff80 pa=0000000059afff80]
514 dcache  fc88fff0 store miss w/alloc  pol=3 VA=9800000059afff80 PA=059afff80 line=7c hitv=00000000 ro=34567012 tag=000000 V=00000111 W=00000000 L=00000000
514 scache  fc88fff0 store miss w/alloc  pol=3 VA=9800000059afff80 PA=059afff80 line=ffc hitv=0000 ro=3012 tag=00000 V=0111 W=0011 data=6fd3a82f9f98d223 mask=11111111
515 PC=0xffffffff8000b484 [000000000000b484]	14c0ffed bne    $a2,$r0,0xffffffff8000b43c
516 PC=0xffffffff8000b488 [000000000000b488]	fc89fff8 sd     $t1,0xfffffff8($a0)
[va=9800000059afff88 pa=0000000059afff88]
516 dcache  fc89fff8 store hit           pol=3 VA=9800000059afff88 PA=059afff88 line=7c hitv=00001000 ro=45670123 tag=059aff V=00001111 W=00000000 L=00000000
516 scache  fc89fff8 store hit           pol=3 VA=9800000059afff88 PA=059afff88 line=ffc hitv=1000 ro=0123 tag=02cd7 V=1111 W=1011 data=3d8c97c70ea0364e mask=11111111
517 icache  fc89fff8 load  hit           pol=3 VA=ffffffff8000b43c PA=00000b430 line=21 hitv=00000001 ro=12345670 tag=00000b V=00000001 L=00000000
517 PC=0xffffffff8000b43c [000000000000b43c]	dca80000 ld     $t0,0x0($a1)
[va=980000004a500000 pa=000000004a500000]
517 dcache  dca80000 load  miss refill   pol=3 VA=980000004a500000 PA=04a500000 line=00 hitv=00000000 ro=56701234 tag=000000 V=00011111 W=00000000 L=00000000
517 scache  dca80000 load  miss refill   pol=3 VA=980000004a500000 PA=04a500000 line=000 hitv=0000 ro=1230 tag=00000 V=1111 W=0101
517 Reg write t0=38e38e38e38e38e3
518 icache  dca80000 load  hit           pol=3 VA=ffffffff8000b440 PA=00000b440 line=22 hitv=00000001 ro=12345670 tag=00000b V=00000001 L=00000000
518 PC=0xffffffff8000b440 [000000000000b440]	dca90008 ld     $t1,0x8($a1)
[va=980000004a500008 pa=000000004a500008]
518 dcache  dca90008 load  hit           pol=3 VA=980000004a500008 PA=04a500008 line=00 hitv=00100000 ro=67012345 tag=04a500 V=00111111 W=00000000 L=00000000
518 Reg write t1=7337ae24b838dcdc
519 PC=0xffffffff8000b444 [000000000000b444]	dcaa0010 ld     $t2,0x10($a1)
[va=980000004a500010 pa=000000004a500010]
519 dcache  dcaa0010 load  hit           pol=3 VA=980000004a500010 PA=04a500010 line=00 hitv=00100000 ro=67012345 tag=04a500 V=00111111 W=00000000 L=00000000
519 Reg write t2=1366c3b2408cab65
520 PC=0xffffffff8000b448 [000000000000b448]	dcab0018 ld     $t3,0x18($a1)
[va=980000004a500018 pa=000000004a500018]
520 dcache  dcab0018 load  hit           pol=3 VA=980000004a500018 PA=04a500018 line=00 hitv=00100000 ro=67012345 tag=04a500 V=00111111 W=00000000 L=00000000
520 Reg write t3=1fff8001fff8001f
521 PC=0xffffffff8000b44c [000000000000b44c]	64c6ffff daddiu $a2,$a2,0xffff
521 Reg write a2=0000000000000001
522 icache  64c6ffff load  hit           pol=3 VA=ffffffff8000b450 PA=00000b450 line=22 hitv=00000001 ro=12345670 tag=00000b V=00000001 L=00000000
522 PC=0xffffffff8000b450 [000000000000b450]	dcac0020 ld     $t4,0x20($a1)
[va=980000004a500020 pa=000000004a500020]
522 dcache  dcac0020 load  miss refill   pol=3 VA=980000004a500020 PA=04a500020 line=01 hitv=00000000 ro=34567012 tag=000000 V=00000111 W=00000000 L=00000000
522 scache  dcac0020 load  miss refill   pol=3 VA=980000004a500020 PA=04a500020 line=001 hitv=0000 ro=3012 tag=00000 V=0111 W=0101
522 Reg write t4=9f1ae1f63efb28c9
523 PC=0xffffffff8000b454 [000000000000b454]	dcaf0028 ld     $t7,0x28($a1)
[va=980000004a500028 pa=000000004a500028]
523 dcache  dcaf0028 load  hit           pol=3 VA=980000004a500028 PA=04a500028 line=01 hitv=00001000 ro=45670123 tag=04a500 V=00001111 W=00000000 L=00000000
523 Reg write t7=e7926da5fc27ab80
524 PC=0xffffffff8000b458 [000000000000b458]	fc880000 sd     $t0,0x0($a0)
[va=9800000059afff90 pa=0000000059afff90]
524 dcache  fc880000 store hit           pol=3 VA=9800000059afff90 PA=059afff90 line=7c hitv=00001000 ro=45670123 tag=059aff V=00001111 W=00000000 L=00000000
524 scache  fc880000 store hit           pol=3 VA=9800000059afff90 PA=059afff90 line=ffc hitv=1000 ro=0123 tag=02cd7 V=1111 W=1011 data=38e38e38e38e38e3 mask=11111111
525 PC=0xffffffff8000b45c [000000000000b45c]	fc890008 sd     $t1,0x8($a0)
[va=9800000059afff98 pa=0000000059afff98]
525 dcache  fc890008 store hit           pol=3 VA=9800000059afff98 PA=059afff98 line=7c hitv=00001000 ro=45670123 tag=059aff V=00001111 W=00000000 L=00000000
525 scache  fc890008 store hit           pol=3 VA=9800000059afff98 PA=059afff98 line=ffc hitv=1000 ro=0123 tag=02cd7 V=1111 W=1011 data=7337ae24b838dcdc mask=11111111
526 icache  fc890008 load  hit           pol=3 VA=ffffffff8000b460 PA=00000b460 line=23 hitv=00000001 ro=12345670 tag=00000b V=00000001 L=00000000
526 PC=0xffffffff8000b460 [000000000000b460]	dca80030 ld     $t0,0x30($a1)
[va=980000004a500030 pa=000000004a500030]
526 dcache  dca80030 load  hit           pol=3 VA=980000004a500030 PA=04a500030 line=01 hitv=00001000 ro=45670123 tag=04a500 V=00001111 W=00000000 L=00000000
526 Reg write t0=7fffffffffffffff
527 PC=0xffffffff8000b464 [000000000000b464]	dca90038 ld     $t1,0x38($a1)
[va=980000004a500038 pa=000000004a500038]
527 dcache  dca90038 load  hit           pol=3 VA=980000004a500038 PA=04a500038 line=01 hitv=00001000 ro=45670123 tag=04a500 V=00001111 W=00000000 L=00000000
527 Reg write t1=5293dea727ffa4f0
528 PC=0xffffffff8000b468 [000000000000b468]	64a50040 daddiu $a1,$a1,0x40
528 Reg write a1=980000004a500040
529 PC=0xffffffff8000b46c [000000000000b46c]	64840040 daddiu $a0,$a0,0x40
529 Reg write a0=9800000059afffd0
530 icache  64840040 load  hit           pol=3 VA=ffffffff8000b470 PA=00000b470 line=23 hitv=00000001 ro=12345670 tag=00000b V=00000001 L=00000000
530 PC=0xffffffff8000b470 [000000000000b470]	fc8affd0 sd     $t2,0xffffffd0($a0)
[va=9800000059afffa0 pa=0000000059afffa0]
530 dcache  fc8affd0 store miss w/alloc  pol=3 VA=9800000059afffa0 PA=059afffa0 line=7d hitv=00000000 ro=45670123 tag=000000 V=00001111 W=00000000 L=00000000
530 scache  fc8affd0 store miss w/alloc  pol=3 VA=9800000059afffa0 PA=059afffa0 line=ffd hitv=0000 ro=0123 tag=00000 V=1111 W=0010 data=1366c3b2408cab65 mask=11111111
531 PC=0xffffffff8000b474 [000000000000b474]	fc8bffd8 sd     $t3,0xffffffd8($a0)
[va=9800000059afffa8 pa=0000000059afffa8]
531 dcache  fc8bffd8 store hit           pol=3 VA=9800000059afffa8 PA=059afffa8 line=7d hitv=00010000 ro=56701234 tag=059aff V=00011111 W=00000000 L=00000000
531 scache  fc8bffd8 store hit           pol=3 VA=9800000059afffa8 PA=059afffa8 line=ffd hitv=0001 ro=1230 tag=02cd7 V=1111 W=0011 data=1fff8001fff8001f mask=11111111
532 PC=0xffffffff8000b478 [000000000000b478]	fc8cffe0 sd     $t4,0xffffffe0($a0)
[va=9800000059afffb0 pa=0000000059afffb0]
532 dcache  fc8cffe0 store hit           pol=3 VA=9800000059afffb0 PA=059afffb0 line=7d hitv=00010000 ro=56701234 tag=059aff V=00011111 W=00000000 L=00000000
532 scache  fc8cffe0 store hit           pol=3 VA=9800000059afffb0 PA=059afffb0 line=ffd hitv=0001 ro=1230 tag=02cd7 V=1111 W=0011 data=9f1ae1f63efb28c9 mask=11111111
533 PC=0xffffffff8000b47c [000000000000b47c]	fc8fffe8 sd     $t7,0xffffffe8($a0)
[va=9800000059afffb8 pa=0000000059afffb8]
533 dcache  fc8fffe8 store hit           pol=3 VA=9800000059afffb8 PA=059afffb8 line=7d hitv=00010000 ro=56701234 tag=059aff V=00011111 W=00000000 L=00000000
533 scache  fc8fffe8 store hit           pol=3 VA=9800000059afffb8 PA=059afffb8 line=ffd hitv=0001 ro=1230 tag=02cd7 V=1111 W=0011 data=e7926da5fc27ab80 mask=11111111
534 icache  fc8fffe8 load  hit           pol=3 VA=ffffffff8000b480 PA=00000b480 line=24 hitv=00000001 ro=12345670 tag=00000b V=00000001 L=00000000
534 PC=0xffffffff8000b480 [000000000000b480]	fc88fff0 sd     $t0,0xfffffff0($a0)
[va=9800000059afffc0 pa=0000000059afffc0]
534 dcache  fc88fff0 store miss w/alloc  pol=3 VA=9800000059afffc0 PA=059afffc0 line=7e hitv=00000000 ro=34567012 tag=000000 V=00000111 W=00000000 L=00000000
534 scache  fc88fff0 store miss w/alloc  pol=3 VA=9800000059afffc0 PA=059afffc0 line=ffe hitv=0000 ro=3012 tag=00000 V=0111 W=0001 data=7fffffffffffffff mask=11111111
535 PC=0xffffffff8000b484 [000000000000b484]	14c0ffed bne    $a2,$r0,0xffffffff8000b43c
536 PC=0xffffffff8000b488 [000000000000b488]	fc89fff8 sd     $t1,0xfffffff8($a0)
[va=9800000059afffc8 pa=0000000059afffc8]
536 dcache  fc89fff8 store hit           pol=3 VA=9800000059afffc8 PA=059afffc8 line=7e hitv=00001000 ro=45670123 tag=059aff V=00001111 W=00000000 L=00000000
536 scache  fc89fff8 store hit           pol=3 VA=9800000059afffc8 PA=059afffc8 line=ffe hitv=1000 ro=0123 tag=02cd7 V=1111 W=1001 data=5293dea727ffa4f0 mask=11111111
537 icache  fc89fff8 load  hit           pol=3 VA=ffffffff8000b43c PA=00000b430 line=21 hitv=00000001 ro=12345670 tag=00000b V=00000001 L=00000000
537 PC=0xffffffff8000b43c [000000000000b43c]	dca80000 ld     $t0,0x0($a1)
[va=980000004a500040 pa=000000004a500040]
537 dcache  dca80000 load  miss refill   pol=3 VA=980000004a500040 PA=04a500040 line=02 hitv=00000000 ro=34567012 tag=000000 V=00000111 W=00000000 L=00000000
537 scache  dca80000 load  miss refill   pol=3 VA=980000004a500040 PA=04a500040 line=002 hitv=0000 ro=3012 tag=00000 V=0111 W=0101
537 Reg write t0=c0f700a6c5537b29
538 icache  dca80000 load  hit           pol=3 VA=ffffffff8000b440 PA=00000b440 line=22 hitv=00000001 ro=12345670 tag=00000b V=00000001 L=00000000
538 PC=0xffffffff8000b440 [000000000000b440]	dca90008 ld     $t1,0x8($a1)
[va=980000004a500048 pa=000000004a500048]
538 dcache  dca90008 load  hit           pol=3 VA=980000004a500048 PA=04a500048 line=02 hitv=00001000 ro=45670123 tag=04a500 V=00001111 W=00000000 L=00000000
538 Reg write t1=729113d9851cf6a8
539 PC=0xffffffff8000b444 [000000000000b444]	dcaa0010 ld     $t2,0x10($a1)
[va=980000004a500050 pa=000000004a500050]
539 dcache  dcaa0010 load  hit           pol=3 VA=980000004a500050 PA=04a500050 line=02 hitv=00001000 ro=45670123 tag=04a500 V=00001111 W=00000000 L=00000000
539 Reg write t2=0000000000000000
540 PC=0xffffffff8000b448 [000000000000b448]	dcab0018 ld     $t3,0x18($a1)
[va=980000004a500058 pa=000000004a500058]
540 dcache  dcab0018 load  hit           pol=3 VA=980000004a500058 PA=04a500058 line=02 hitv=00001000 ro=45670123 tag=04a500 V=00001111 W=00000000 L=00000000
540 Reg write t3=86af03306903e1c2
541 PC=0xffffffff8000b44c [000000000000b44c]	64c6ffff daddiu $a2,$a2,0xffff
541 Reg write a2=0000000000000000
542 icache  64c6ffff load  hit           pol=3 VA=ffffffff8000b450 PA=00000b450 line=22 hitv=00000001 ro=12345670 tag=00000b V=00000001 L=00000000
542 PC=0xffffffff8000b450 [000000000000b450]	dcac0020 ld     $t4,0x20($a1)
[va=980000004a500060 pa=000000004a500060]
542 dcache  dcac0020 load  miss refill   pol=3 VA=980000004a500060 PA=04a500060 line=03 hitv=00000000 ro=34567012 tag=000000 V=00000111 W=00000000 L=00000000
542 scache  dcac0020 load  miss refill   pol=3 VA=980000004a500060 PA=04a500060 line=003 hitv=0000 ro=3012 tag=00000 V=0111 W=0111
542 Reg write t4=29d8e3e83e57c4c5
543 PC=0xffffffff8000b454 [000000000000b454]	dcaf0028 ld     $t7,0x28($a1)
[va=980000004a500068 pa=000000004a500068]
543 dcache  dcaf0028 load  hit           pol=3 VA=980000004a500068 PA=04a500068 line=03 hitv=00001000 ro=45670123 tag=04a500 V=00001111 W=00000000 L=00000000
543 Reg write t7=8000000000000000
544 PC=0xffffffff8000b458 [000000000000b458]	fc880000 sd     $t0,0x0($a0)
[va=9800000059afffd0 pa=0000000059afffd0]
544 dcache  fc880000 store hit           pol=3 VA=9800000059afffd0 PA=059afffd0 line=7e hitv=00001000 ro=45670123 tag=059aff V=00001111 W=00000000 L=00000000
544 scache  fc880000 store hit           pol=3 VA=9800000059afffd0 PA=059afffd0 line=ffe hitv=1000 ro=0123 tag=02cd7 V=1111 W=1001 data=c0f700a6c5537b29 mask=11111111
545 PC=0xffffffff8000b45c [000000000000b45c]	fc890008 sd     $t1,0x8($a0)
[va=9800000059afffd8 pa=0000000059afffd8]
545 dcache  fc890008 store hit           pol=3 VA=9800000059afffd8 PA=059afffd8 line=7e hitv=00001000 ro=45670123 tag=059aff V=00001111 W=00000000 L=00000000
545 scache  fc890008 store hit           pol=3 VA=9800000059afffd8 PA=059afffd8 line=ffe hitv=1000 ro=0123 tag=02cd7 V=1111 W=1001 data=729113d9851cf6a8 mask=11111111
546 icache  fc890008 load  hit           pol=3 VA=ffffffff8000b460 PA=00000b460 line=23 hitv=00000001 ro=12345670 tag=00000b V=00000001 L=00000000
546 PC=0xffffffff8000b460 [000000000000b460]	dca80030 ld     $t0,0x30($a1)
[va=980000004a500070 pa=000000004a500070]
546 dcache  dca80030 load  hit           pol=3 VA=980000004a500070 PA=04a500070 line=03 hitv=00001000 ro=45670123 tag=04a500 V=00001111 W=00000000 L=00000000
546 Reg write t0=4014b5b6792c0514
547 PC=0xffffffff8000b464 [000000000000b464]	dca90038 ld     $t1,0x38($a1)
[va=980000004a500078 pa=000000004a500078]
547 dcache  dca90038 load  hit           pol=3 VA=980000004a500078 PA=04a500078 line=03 hitv=00001000 ro=45670123 tag=04a500 V=00001111 W=00000000 L=00000000
547 Reg write t1=2f00cc074b3c3cea
548 PC=0xffffffff8000b468 [000000000000b468]	64a50040 daddiu $a1,$a1,0x40
548 Reg write a1=980000004a500080
549 PC=0xffffffff8000b46c [000000000000b46c]	64840040 daddiu $a0,$a0,0x40
549 Reg write a0=9800000059b00010
550 icache  64840040 load  hit           pol=3 VA=ffffffff8000b470 PA=00000b470 line=23 hitv=00000001 ro=12345670 tag=00000b V=00000001 L=00000000
550 PC=0xffffffff8000b470 [000000000000b470]	fc8affd0 sd     $t2,0xffffffd0($a0)
[va=9800000059afffe0 pa=0000000059afffe0]
550 dcache  fc8affd0 store miss w/alloc  pol=3 VA=9800000059afffe0 PA=059afffe0 line=7f hitv=00000000 ro=34567012 tag=000000 V=00000111 W=00000000 L=00000000
550 scache  fc8affd0 store miss w/alloc  pol=3 VA=9800000059afffe0 PA=059afffe0 line=fff hitv=0000 ro=3012 tag=00000 V=0111 W=0001 data=0000000000000000 mask=11111111
551 PC=0xffffffff8000b474 [000000000000b474]	fc8bffd8 sd     $t3,0xffffffd8($a0)
[va=9800000059afffe8 pa=0000000059afffe8]
551 dcache  fc8bffd8 store hit           pol=3 VA=9800000059afffe8 PA=059afffe8 line=7f hitv=00001000 ro=45670123 tag=059aff V=00001111 W=00000000 L=00000000
551 scache  fc8bffd8 store hit           pol=3 VA=9800000059afffe8 PA=059afffe8 line=fff hitv=1000 ro=0123 tag=02cd7 V=1111 W=1001 data=86af03306903e1c2 mask=11111111
552 PC=0xffffffff8000b478 [000000000000b478]	fc8cffe0 sd     $t4,0xffffffe0($a0)
[va=9800000059affff0 pa=0000000059affff0]
552 dcache  fc8cffe0 store hit           pol=3 VA=9800000059affff0 PA=059affff0 line=7f hitv=00001000 ro=45670123 tag=059aff V=00001111 W=00000000 L=00000000
552 scache  fc8cffe0 store hit           pol=3 VA=9800000059affff0 PA=059affff0 line=fff hitv=1000 ro=0123 tag=02cd7 V=1111 W=1001 data=29d8e3e83e57c4c5 mask=11111111
553 PC=0xffffffff8000b47c [000000000000b47c]	fc8fffe8 sd     $t7,0xffffffe8($a0)
[va=9800000059affff8 pa=0000000059affff8]
553 dcache  fc8fffe8 store hit           pol=3 VA=9800000059affff8 PA=059affff8 line=7f hitv=00001000 ro=45670123 tag=059aff V=00001111 W=00000000 L=00000000
553 scache  fc8fffe8 store hit           pol=3 VA=9800000059affff8 PA=059affff8 line=fff hitv=1000 ro=0123 tag=02cd7 V=1111 W=1001 data=8000000000000000 mask=11111111
554 icache  fc8fffe8 load  hit           pol=3 VA=ffffffff8000b480 PA=00000b480 line=24 hitv=00000001 ro=12345670 tag=00000b V=00000001 L=00000000
554 PC=0xffffffff8000b480 [000000000000b480]	fc88fff0 sd     $t0,0xfffffff0($a0)
[va=9800000059b00000 pa=0000000059b00000]
554 dcache  fc88fff0 store miss w/alloc  pol=3 VA=9800000059b00000 PA=059b00000 line=00 hitv=00000000 ro=67012345 tag=000000 V=00111111 W=00000000 L=00000000
554 scache  fc88fff0 store miss w/alloc  pol=3 VA=9800000059b00000 PA=059b00000 line=000 hitv=0000 ro=2301 tag=00000 V=1111 W=0101 data=4014b5b6792c0514 mask=11111111
554 dmemacc: store 8 addr=055800000 data=c3c3c3c3c3c3c3c3 mask=11111111 cline 
554 dmemacc: store 8 addr=055800008 data=6859827cde0dd946 mask=11111111 cline 
554 dmemacc: store 8 addr=055800010 data=ffffffffffffffff mask=11111111 cline 
554 dmemacc: store 8 addr=055800018 data=25f24a51da6067fa mask=11111111 cline 
555 PC=0xffffffff8000b484 [000000000000b484]	14c0ffed bne    $a2,$r0,0xffffffff8000b43c
556 PC=0xffffffff8000b488 [000000000000b488]	fc89fff8 sd     $t1,0xfffffff8($a0)
[va=9800000059b00008 pa=0000000059b00008]
556 dcache  fc89fff8 store hit           pol=3 VA=9800000059b00008 PA=059b00008 line=00 hitv=01000000 ro=70123456 tag=059b00 V=01111111 W=00000000 L=00000000
556 scache  fc89fff8 store hit           pol=3 VA=9800000059b00008 PA=059b00008 line=000 hitv=0100 ro=3012 tag=02cd8 V=1111 W=0101 data=2f00cc074b3c3cea mask=11111111
557 PC=0xffffffff8000b48c [000000000000b48c]	00000000 nop
558 icache  00000000 load  hit           pol=3 VA=ffffffff8000b490 PA=00000b490 line=24 hitv=00000001 ro=12345670 tag=00000b V=00000001 L=00000000
558 PC=0xffffffff8000b490 [000000000000b490]	5840003b blezl  $v0,0xffffffff8000b580
559 PC=0xffffffff8000b498 [000000000000b498]	3c179800 lui    $s7,0x9800
559 Reg write s7=ffffffff98000000
560 PC=0xffffffff8000b49c [000000000000b49c]	0017bc38 dsll   $s7,$s7,16
560 Reg write s7=ffff980000000000
561 icache  0017bc38 load  miss refill   pol=3 VA=ffffffff8000b4a0 PA=00000b4a0 line=25 hitv=00000000 ro=01234567 tag=000000 V=00000000 L=00000000
561 PC=0xffffffff8000b4a0 [000000000000b4a0]	36f74380 ori    $s7,$s7,0x4380
561 Reg write s7=ffff980000004380
562 PC=0xffffffff8000b4a4 [000000000000b4a4]	0017bc38 dsll   $s7,$s7,16
562 Reg write s7=9800000043800000
563 PC=0xffffffff8000b4a8 [000000000000b4a8]	36f72167 ori    $s7,$s7,0x2167
563 Reg write s7=9800000043802167
564 PC=0xffffffff8000b4ac [000000000000b4ac]	86f6dd99 lh     $s6,0xffffdd99($s7)
[va=98000000437fff00 pa=00000000437fff00]
564 dcache  86f6dd99 load  miss refill   pol=3 VA=98000000437fff00 PA=0437fff00 line=78 hitv=00000000 ro=34567012 tag=000000 V=00000111 W=00000000 L=00000000
564 scache  86f6dd99 load  miss refill   pol=3 VA=98000000437fff00 PA=0437fff00 line=ff8 hitv=0000 ro=3012 tag=00000 V=0111 W=0100
564 Reg write s6=0000000000007416
565 icache  86f6dd99 load  hit           pol=3 VA=ffffffff8000b4b0 PA=00000b4b0 line=25 hitv=00000001 ro=12345670 tag=00000b V=00000001 L=00000000
565 PC=0xffffffff8000b4b0 [000000000000b4b0]	3c079800 lui    $a3,0x9800
565 Reg write a3=ffffffff98000000
566 PC=0xffffffff8000b4b4 [000000000000b4b4]	00073c38 dsll   $a3,$a3,16
566 Reg write a3=ffff980000000000
567 PC=0xffffffff8000b4b8 [000000000000b4b8]	34e7414f ori    $a3,$a3,0x414f
567 Reg write a3=ffff98000000414f
568 PC=0xffffffff8000b4bc [000000000000b4bc]	00073c38 dsll   $a3,$a3,16
568 Reg write a3=98000000414f0000
569 icache  00073c38 load  miss refill   pol=3 VA=ffffffff8000b4c0 PA=00000b4c0 line=26 hitv=00000000 ro=01234567 tag=000000 V=00000000 L=00000000
569 PC=0xffffffff8000b4c0 [000000000000b4c0]	34e7eac0 ori    $a3,$a3,0xeac0
569 Reg write a3=98000000414feac0
570 PC=0xffffffff8000b4c4 [000000000000b4c4]	9cef1708 lwu    $t7,0x1708($a3)
[va=98000000415001c8 pa=00000000415001c8]
570 dcache  9cef1708 load  hit           pol=3 VA=98000000415001c8 PA=0415001c8 line=0e hitv=00000010 ro=34567012 tag=041500 V=00000111 W=00000000 L=00000000
570 Reg write t7=00000000616a4eff
571 PC=0xffffffff8000b4c8 [000000000000b4c8]	3c019800 lui    $r1,0x9800
571 Reg write r1=ffffffff98000000
572 PC=0xffffffff8000b4cc [000000000000b4cc]	00010c38 dsll   $r1,$r1,16
572 Reg write r1=ffff980000000000
573 icache  00010c38 load  hit           pol=3 VA=ffffffff8000b4d0 PA=00000b4d0 line=26 hitv=00000001 ro=12345670 tag=00000b V=00000001 L=00000000
573 PC=0xffffffff8000b4d0 [000000000000b4d0]	342141b0 ori    $r1,$r1,0x41b0
573 Reg write r1=ffff9800000041b0
574 PC=0xffffffff8000b4d4 [000000000000b4d4]	00010c38 dsll   $r1,$r1,16
574 Reg write r1=9800000041b00000
575 PC=0xffffffff8000b4d8 [000000000000b4d8]	342121a8 ori    $r1,$r1,0x21a8
575 Reg write r1=9800000041b021a8
576 PC=0xffffffff8000b4dc [000000000000b4dc]	fc35df40 sd     $s5,0xffffdf40($r1)
[va=9800000041b000e8 pa=0000000041b000e8]
576 dcache  fc35df40 store miss w/alloc  pol=3 VA=9800000041b000e8 PA=041b000e8 line=07 hitv=00000000 ro=23456701 tag=000000 V=00000011 W=00000000 L=00000000
576 scache  fc35df40 store miss w/alloc  pol=3 VA=9800000041b000e8 PA=041b000e8 line=007 hitv=0000 ro=1230 tag=00000 V=0001 W=0001 data=9800000050506e40 mask=11111111
577 icache  fc35df40 load  miss refill   pol=3 VA=ffffffff8000b4e0 PA=00000b4e0 line=27 hitv=00000000 ro=01234567 tag=000000 V=00000000 L=00000000
577 PC=0xffffffff8000b4e0 [000000000000b4e0]	3c0a9800 lui    $t2,0x9800
577 Reg write t2=ffffffff98000000
578 PC=0xffffffff8000b4e4 [000000000000b4e4]	000a5438 dsll   $t2,$t2,16
578 Reg write t2=ffff980000000000
579 PC=0xffffffff8000b4e8 [000000000000b4e8]	354a424f ori    $t2,$t2,0x424f
579 Reg write t2=ffff98000000424f
580 PC=0xffffffff8000b4ec [000000000000b4ec]	000a5438 dsll   $t2,$t2,16
580 Reg write t2=98000000424f0000
581 icache  000a5438 load  hit           pol=3 VA=ffffffff8000b4f0 PA=00000b4f0 line=27 hitv=00000001 ro=12345670 tag=00000b V=00000001 L=00000000
581 PC=0xffffffff8000b4f0 [000000000000b4f0]	354ac16d ori    $t2,$t2,0xc16d
581 Reg write t2=98000000424fc16d
582 PC=0xffffffff8000b4f4 [000000000000b4f4]	81424054 lb     $v0,0x4054($t2)
[va=98000000425001c1 pa=00000000425001c1]
582 dcache  81424054 load  miss refill   pol=3 VA=98000000425001c1 PA=0425001c0 line=0e hitv=00000000 ro=34567021 tag=000000 V=00000111 W=00000000 L=00000000
582 scache  81424054 load  miss refill   pol=3 VA=98000000425001c1 PA=0425001c0 line=00e hitv=0000 ro=2301 tag=00000 V=0011 W=0010
582 Reg write v0=0000000000000067
583 PC=0xffffffff8000b4f8 [000000000000b4f8]	3c159800 lui    $s5,0x9800
583 Reg write s5=ffffffff98000000
584 PC=0xffffffff8000b4fc [000000000000b4fc]	0015ac38 dsll   $s5,$s5,16
584 Reg write s5=ffff980000000000
585 icache  0015ac38 load  miss refill   pol=3 VA=ffffffff8000b500 PA=00000b500 line=28 hitv=00000000 ro=01234567 tag=000000 V=00000000 L=00000000
585 PC=0xffffffff8000b500 [000000000000b500]	36b541af ori    $s5,$s5,0x41af
585 Reg write s5=ffff9800000041af
586 PC=0xffffffff8000b504 [000000000000b504]	0015ac38 dsll   $s5,$s5,16
586 Reg write s5=9800000041af0000
587 PC=0xffffffff8000b508 [000000000000b508]	36b59fa0 ori    $s5,$s5,0x9fa0
587 Reg write s5=9800000041af9fa0
588 PC=0xffffffff8000b50c [000000000000b50c]	92b361f7 lbu    $s3,0x61f7($s5)
[va=9800000041b00197 pa=0000000041b00197]
588 dcache  92b361f7 load  hit           pol=3 VA=9800000041b00197 PA=041b00190 line=0c hitv=00000100 ro=45670132 tag=041b00 V=00001111 W=00000000 L=00000000
588 Reg write s3=0000000000000031
589 icache  92b361f7 load  hit           pol=3 VA=ffffffff8000b510 PA=00000b510 line=28 hitv=00000001 ro=12345670 tag=00000b V=00000001 L=00000000
589 PC=0xffffffff8000b510 [000000000000b510]	3c029800 lui    $v0,0x9800
589 Reg write v0=ffffffff98000000
590 PC=0xffffffff8000b514 [000000000000b514]	00021438 dsll   $v0,$v0,16
590 Reg write v0=ffff980000000000
591 PC=0xffffffff8000b518 [000000000000b518]	3442416f ori    $v0,$v0,0x416f
591 Reg write v0=ffff98000000416f
592 PC=0xffffffff8000b51c [000000000000b51c]	00021438 dsll   $v0,$v0,16
592 Reg write v0=98000000416f0000
593 icache  00021438 load  miss refill   pol=3 VA=ffffffff8000b520 PA=00000b520 line=29 hitv=00000000 ro=01234567 tag=000000 V=00000000 L=00000000
593 PC=0xffffffff8000b520 [000000000000b520]	34429177 ori    $v0,$v0,0x9177
593 Reg write v0=98000000416f9177
594 PC=0xffffffff8000b524 [000000000000b524]	80557018 lb     $s5,0x7018($v0)
[va=980000004170018f pa=000000004170018f]
594 dcache  80557018 load  hit           pol=3 VA=980000004170018f PA=041700188 line=0c hitv=00000010 ro=45670132 tag=041700 V=00001111 W=00000000 L=00000000
594 Reg write s5=ffffffffffffffff
595 PC=0xffffffff8000b528 [000000000000b528]	3c029800 lui    $v0,0x9800
595 Reg write v0=ffffffff98000000
596 PC=0xffffffff8000b52c [000000000000b52c]	00021438 dsll   $v0,$v0,16
596 Reg write v0=ffff980000000000
597 icache  00021438 load  hit           pol=3 VA=ffffffff8000b530 PA=00000b530 line=29 hitv=00000001 ro=12345670 tag=00000b V=00000001 L=00000000
597 PC=0xffffffff8000b530 [000000000000b530]	344251b0 ori    $v0,$v0,0x51b0
597 Reg write v0=ffff9800000051b0
598 PC=0xffffffff8000b534 [000000000000b534]	00021438 dsll   $v0,$v0,16
598 Reg write v0=9800000051b00000
599 PC=0xffffffff8000b538 [000000000000b538]	344219f1 ori    $v0,$v0,0x19f1
599 Reg write v0=9800000051b019f1
600 PC=0xffffffff8000b53c [000000000000b53c]	9442e71d lhu    $v0,0xffffe71d($v0)
[va=9800000051b0010e pa=0000000051b0010e]
600 dcache  9442e71d load  miss refill   pol=3 VA=9800000051b0010e PA=051b00108 line=08 hitv=00000000 ro=34567012 tag=000000 V=00000111 W=00000000 L=00000000
600 scache  9442e71d load  miss refill   pol=3 VA=9800000051b0010e PA=051b00100 line=008 hitv=0000 ro=2301 tag=00000 V=0011 W=0001
600 Reg write v0=000000000000aaaa
601 icache  9442e71d load  miss refill   pol=3 VA=ffffffff8000b540 PA=00000b540 line=2a hitv=00000000 ro=01234567 tag=000000 V=00000000 L=00000000
601 PC=0xffffffff8000b540 [000000000000b540]	3c0b9800 lui    $t3,0x9800
601 Reg write t3=ffffffff98000000
602 PC=0xffffffff8000b544 [000000000000b544]	000b5c38 dsll   $t3,$t3,16
602 Reg write t3=ffff980000000000
603 PC=0xffffffff8000b548 [000000000000b548]	356b4220 ori    $t3,$t3,0x4220
603 Reg write t3=ffff980000004220
604 PC=0xffffffff8000b54c [000000000000b54c]	000b5c38 dsll   $t3,$t3,16
604 Reg write t3=9800000042200000
605 icache  000b5c38 load  hit           pol=3 VA=ffffffff8000b550 PA=00000b550 line=2a hitv=00000001 ro=12345670 tag=00000b V=00000001 L=00000000
605 PC=0xffffffff8000b550 [000000000000b550]	356b1257 ori    $t3,$t3,0x1257
605 Reg write t3=9800000042201257
606 PC=0xffffffff8000b554 [000000000000b554]	8568ece3 lh     $t0,0xffffece3($t3)
[va=98000000421fff3a pa=00000000421fff3a]
606 dcache  8568ece3 load  miss refill   pol=3 VA=98000000421fff3a PA=0421fff38 line=79 hitv=00000000 ro=12345670 tag=000000 V=00000001 W=00000000 L=00000000
606 scache  8568ece3 load  miss refill   pol=3 VA=98000000421fff3a PA=0421fff20 line=ff9 hitv=0000 ro=1230 tag=00000 V=0001 W=0001
606 Reg write t0=0000000000007411
607 PC=0xffffffff8000b558 [000000000000b558]	3c0a9800 lui    $t2,0x9800
607 Reg write t2=ffffffff98000000
608 PC=0xffffffff8000b55c [000000000000b55c]	000a5438 dsll   $t2,$t2,16
608 Reg write t2=ffff980000000000
609 icache  000a5438 load  miss refill   pol=3 VA=ffffffff8000b560 PA=00000b560 line=2b hitv=00000000 ro=01234567 tag=000000 V=00000000 L=00000000
609 PC=0xffffffff8000b560 [000000000000b560]	354a5020 ori    $t2,$t2,0x5020
609 Reg write t2=ffff980000005020
610 PC=0xffffffff8000b564 [000000000000b564]	000a5438 dsll   $t2,$t2,16
610 Reg write t2=9800000050200000
611 PC=0xffffffff8000b568 [000000000000b568]	354a5ba8 ori    $t2,$t2,0x5ba8
611 Reg write t2=9800000050205ba8
612 PC=0xffffffff8000b56c [000000000000b56c]	9d59a358 lwu    $t9,0xffffa358($t2)
[va=98000000501fff00 pa=00000000501fff00]
612 dcache  9d59a358 load  hit           pol=3 VA=98000000501fff00 PA=0501fff00 line=78 hitv=00000001 ro=45670123 tag=0501ff V=00001111 W=00000000 L=00000000
612 Reg write t9=00000000706da052
613 icache  9d59a358 load  hit           pol=3 VA=ffffffff8000b570 PA=00000b570 line=2b hitv=00000001 ro=12345670 tag=00000b V=00000001 L=00000000
613 PC=0xffffffff8000b570 [000000000000b570]	08002d60 j      0xffffffff8000b580
614 PC=0xffffffff8000b574 [000000000000b574]	3c189800 lui    $t8,0x9800
614 Reg write t8=ffffffff98000000
615 icache  3c189800 load  miss refill   pol=3 VA=ffffffff8000b580 PA=00000b580 line=2c hitv=00000000 ro=01234567 tag=000000 V=00000000 L=00000000
615 PC=0xffffffff8000b580 [000000000000b580]	0018c438 dsll   $t8,$t8,16
615 Reg write t8=ffff980000000000
616 PC=0xffffffff8000b584 [000000000000b584]	371851b0 ori    $t8,$t8,0x51b0
616 Reg write t8=ffff9800000051b0
617 PC=0xffffffff8000b588 [000000000000b588]	0018c438 dsll   $t8,$t8,16
617 Reg write t8=9800000051b00000
618 PC=0xffffffff8000b58c [000000000000b58c]	37185858 ori    $t8,$t8,0x5858
618 Reg write t8=9800000051b05858
619 icache  37185858 load  hit           pol=3 VA=ffffffff8000b590 PA=00000b590 line=2c hitv=00000001 ro=12345670 tag=00000b V=00000001 L=00000000
619 PC=0xffffffff8000b590 [000000000000b590]	df0ca8c0 ld     $t4,0xffffa8c0($t8)
[va=9800000051b00118 pa=0000000051b00118]
619 dcache  df0ca8c0 load  hit           pol=3 VA=9800000051b00118 PA=051b00118 line=08 hitv=00001000 ro=45670123 tag=051b00 V=00001111 W=00000000 L=00000000
619 Reg write t4=926b0bb3af38076e
620 PC=0xffffffff8000b594 [000000000000b594]	3c0d9800 lui    $t5,0x9800
620 Reg write t5=ffffffff98000000
621 PC=0xffffffff8000b598 [000000000000b598]	000d6c38 dsll   $t5,$t5,16
621 Reg write t5=ffff980000000000
622 PC=0xffffffff8000b59c [000000000000b59c]	35ad517f ori    $t5,$t5,0x517f
622 Reg write t5=ffff98000000517f
623 icache  35ad517f load  miss refill   pol=3 VA=ffffffff8000b5a0 PA=00000b5a0 line=2d hitv=00000000 ro=01234567 tag=000000 V=00000000 L=00000000
623 PC=0xffffffff8000b5a0 [000000000000b5a0]	000d6c38 dsll   $t5,$t5,16
623 Reg write t5=98000000517f0000
624 PC=0xffffffff8000b5a4 [000000000000b5a4]	35adfbb1 ori    $t5,$t5,0xfbb1
624 Reg write t5=98000000517ffbb1
625 PC=0xffffffff8000b5a8 [000000000000b5a8]	adac03eb sw     $t4,0x3eb($t5)
[va=98000000517fff9c pa=00000000517fff9c]
625 dcache  adac03eb store hit           pol=3 VA=98000000517fff9c PA=0517fff98 line=7c hitv=00000001 ro=45670123 tag=0517ff V=00001111 W=00000000 L=00000000
625 scache  adac03eb store hit           pol=3 VA=98000000517fff9c PA=0517fff98 line=ffc hitv=0001 ro=0123 tag=028bf V=1111 W=1011 data=00000000af38076e mask=00001111
626 PC=0xffffffff8000b5ac [000000000000b5ac]	3c189800 lui    $t8,0x9800
626 Reg write t8=ffffffff98000000
627 icache  3c189800 load  hit           pol=3 VA=ffffffff8000b5b0 PA=00000b5b0 line=2d hitv=00000001 ro=12345670 tag=00000b V=00000001 L=00000000
627 PC=0xffffffff8000b5b0 [000000000000b5b0]	0018c438 dsll   $t8,$t8,16
627 Reg write t8=ffff980000000000
628 PC=0xffffffff8000b5b4 [000000000000b5b4]	3718421f ori    $t8,$t8,0x421f
628 Reg write t8=ffff98000000421f
629 PC=0xffffffff8000b5b8 [000000000000b5b8]	0018c438 dsll   $t8,$t8,16
629 Reg write t8=98000000421f0000
630 PC=0xffffffff8000b5bc [000000000000b5bc]	3718ed28 ori    $t8,$t8,0xed28
630 Reg write t8=98000000421fed28
631 icache  3718ed28 load  miss refill   pol=3 VA=ffffffff8000b5c0 PA=00000b5c0 line=2e hitv=00000000 ro=01234567 tag=000000 V=00000000 L=00000000
631 PC=0xffffffff8000b5c0 [000000000000b5c0]	df191210 ld     $t9,0x1210($t8)
[va=98000000421fff38 pa=00000000421fff38]
631 dcache  df191210 load  hit           pol=3 VA=98000000421fff38 PA=0421fff38 line=79 hitv=00000010 ro=23456701 tag=0421ff V=00000011 W=00000000 L=00000000
631 Reg write t9=846f74115632112f
632 PC=0xffffffff8000b5c4 [000000000000b5c4]	3c119800 lui    $s1,0x9800
632 Reg write s1=ffffffff98000000
633 PC=0xffffffff8000b5c8 [000000000000b5c8]	00118c38 dsll   $s1,$s1,16
633 Reg write s1=ffff980000000000
634 PC=0xffffffff8000b5cc [000000000000b5cc]	36315180 ori    $s1,$s1,0x5180
634 Reg write s1=ffff980000005180
635 icache  36315180 load  hit           pol=3 VA=ffffffff8000b5d0 PA=00000b5d0 line=2e hitv=00000001 ro=12345670 tag=00000b V=00000001 L=00000000
635 PC=0xffffffff8000b5d0 [000000000000b5d0]	00118c38 dsll   $s1,$s1,16
635 Reg write s1=9800000051800000
636 PC=0xffffffff8000b5d4 [000000000000b5d4]	363167b3 ori    $s1,$s1,0x67b3
636 Reg write s1=98000000518067b3
637 PC=0xffffffff8000b5d8 [000000000000b5d8]	8e3997d1 lw     $t9,0xffff97d1($s1)
[va=98000000517fff84 pa=00000000517fff84]
637 dcache  8e3997d1 load  hit           pol=3 VA=98000000517fff84 PA=0517fff80 line=7c hitv=00000001 ro=45671230 tag=0517ff V=00001111 W=00000000 L=00000000
637 Reg write t9=0000000000000000
638 PC=0xffffffff8000b5dc [000000000000b5dc]	3c0c9800 lui    $t4,0x9800
638 Reg write t4=ffffffff98000000
639 icache  3c0c9800 load  miss refill   pol=3 VA=ffffffff8000b5e0 PA=00000b5e0 line=2f hitv=00000000 ro=01234567 tag=000000 V=00000000 L=00000000
639 PC=0xffffffff8000b5e0 [000000000000b5e0]	000c6438 dsll   $t4,$t4,16
639 Reg write t4=ffff980000000000
640 PC=0xffffffff8000b5e4 [000000000000b5e4]	358c4220 ori    $t4,$t4,0x4220
640 Reg write t4=ffff980000004220
641 PC=0xffffffff8000b5e8 [000000000000b5e8]	000c6438 dsll   $t4,$t4,16
641 Reg write t4=9800000042200000
642 PC=0xffffffff8000b5ec [000000000000b5ec]	358c1ccc ori    $t4,$t4,0x1ccc
642 Reg write t4=9800000042201ccc
643 icache  358c1ccc load  hit           pol=3 VA=ffffffff8000b5f0 PA=00000b5f0 line=2f hitv=00000001 ro=12345670 tag=00000b V=00000001 L=00000000
643 PC=0xffffffff8000b5f0 [000000000000b5f0]	8d8de264 lw     $t5,0xffffe264($t4)
[va=98000000421fff30 pa=00000000421fff30]
643 dcache  8d8de264 load  hit           pol=3 VA=98000000421fff30 PA=0421fff30 line=79 hitv=00000010 ro=23456701 tag=0421ff V=00000011 W=00000000 L=00000000
643 Reg write t5=000000006910bd00
644 PC=0xffffffff8000b5f4 [000000000000b5f4]	3c199800 lui    $t9,0x9800
644 Reg write t9=ffffffff98000000
645 PC=0xffffffff8000b5f8 [000000000000b5f8]	0019cc38 dsll   $t9,$t9,16
645 Reg write t9=ffff980000000000
646 PC=0xffffffff8000b5fc [000000000000b5fc]	3739414f ori    $t9,$t9,0x414f
646 Reg write t9=ffff98000000414f
647 icache  3739414f load  miss refill   pol=3 VA=ffffffff8000b600 PA=00000b600 line=30 hitv=00000000 ro=01234567 tag=000000 V=00000000 L=00000000
647 PC=0xffffffff8000b600 [000000000000b600]	0019cc38 dsll   $t9,$t9,16
647 Reg write t9=98000000414f0000
648 PC=0xffffffff8000b604 [000000000000b604]	373984f6 ori    $t9,$t9,0x84f6
648 Reg write t9=98000000414f84f6
649 PC=0xffffffff8000b608 [000000000000b608]	93367bb1 lbu    $s6,0x7bb1($t9)
[va=98000000415000a7 pa=00000000415000a7]
649 dcache  93367bb1 load  miss refill   pol=3 VA=98000000415000a7 PA=0415000a0 line=05 hitv=00000000 ro=34567012 tag=000000 V=00000111 W=00000000 L=00000000
649 scache  93367bb1 load  miss refill   pol=3 VA=98000000415000a7 PA=0415000a0 line=005 hitv=0000 ro=2301 tag=00000 V=0011 W=0011
649 Reg write s6=0000000000000000
650 PC=0xffffffff8000b60c [000000000000b60c]	3c0c9800 lui    $t4,0x9800
650 Reg write t4=ffffffff98000000
651 icache  3c0c9800 load  hit           pol=3 VA=ffffffff8000b610 PA=00000b610 line=30 hitv=00000001 ro=12345670 tag=00000b V=00000001 L=00000000
651 PC=0xffffffff8000b610 [000000000000b610]	000c6438 dsll   $t4,$t4,16
651 Reg write t4=ffff980000000000
652 PC=0xffffffff8000b614 [000000000000b614]	358c451f ori    $t4,$t4,0x451f
652 Reg write t4=ffff98000000451f
653 PC=0xffffffff8000b618 [000000000000b618]	000c6438 dsll   $t4,$t4,16
653 Reg write t4=98000000451f0000
654 PC=0xffffffff8000b61c [000000000000b61c]	358c9cfa ori    $t4,$t4,0x9cfa
654 Reg write t4=98000000451f9cfa
655 icache  358c9cfa load  miss refill   pol=3 VA=ffffffff8000b620 PA=00000b620 line=31 hitv=00000000 ro=01234567 tag=000000 V=00000000 L=00000000
655 PC=0xffffffff8000b620 [000000000000b620]	9d8263fa lwu    $v0,0x63fa($t4)
[va=98000000452000f4 pa=00000000452000f4]
655 dcache  9d8263fa load  miss refill   pol=3 VA=98000000452000f4 PA=0452000f0 line=07 hitv=00000000 ro=34567012 tag=000000 V=00000111 W=00000000 L=00000000
655 scache  9d8263fa load  miss refill   pol=3 VA=98000000452000f4 PA=0452000e0 line=007 hitv=0000 ro=2301 tag=00000 V=0011 W=0011
655 Reg write v0=00000000dc97ff32
656 PC=0xffffffff8000b624 [000000000000b624]	56910009 bnel   $s4,$s1,0xffffffff8000b64c
657 PC=0xffffffff8000b628 [000000000000b628]	3c1e9800 lui    $s8,0x9800
657 Reg write s8=ffffffff98000000
658 icache  3c1e9800 load  miss refill   pol=3 VA=ffffffff8000b64c PA=00000b640 line=32 hitv=00000000 ro=01234567 tag=000000 V=00000000 L=00000000
658 PC=0xffffffff8000b64c [000000000000b64c]	001ef438 dsll   $s8,$s8,16
658 Reg write s8=ffff980000000000
659 icache  001ef438 load  hit           pol=3 VA=ffffffff8000b650 PA=00000b650 line=32 hitv=00000001 ro=12345670 tag=00000b V=00000001 L=00000000
659 PC=0xffffffff8000b650 [000000000000b650]	37de4220 ori    $s8,$s8,0x4220
659 Reg write s8=ffff980000004220
660 PC=0xffffffff8000b654 [000000000000b654]	001ef438 dsll   $s8,$s8,16
660 Reg write s8=9800000042200000
661 PC=0xffffffff8000b658 [000000000000b658]	37de094a ori    $s8,$s8,0x94a
661 Reg write s8=980000004220094a
662 PC=0xffffffff8000b65c [000000000000b65c]	8fcbf602 lw     $t3,0xfffff602($s8)
[va=98000000421fff4c pa=00000000421fff4c]
662 dcache  8fcbf602 load  hit           pol=3 VA=98000000421fff4c PA=0421fff48 line=7a hitv=00000001 ro=23456701 tag=0421ff V=00000011 W=00000000 L=00000000
662 Reg write t3=0000000000000001
663 icache  8fcbf602 load  miss refill   pol=3 VA=ffffffff8000b660 PA=00000b660 line=33 hitv=00000000 ro=01234567 tag=000000 V=00000000 L=00000000
663 PC=0xffffffff8000b660 [000000000000b660]	3c119800 lui    $s1,0x9800
663 Reg write s1=ffffffff98000000
664 PC=0xffffffff8000b664 [000000000000b664]	00118c38 dsll   $s1,$s1,16
664 Reg write s1=ffff980000000000
665 PC=0xffffffff8000b668 [000000000000b668]	36314150 ori    $s1,$s1,0x4150
665 Reg write s1=ffff980000004150
666 PC=0xffffffff8000b66c [000000000000b66c]	00118c38 dsll   $s1,$s1,16
666 Reg write s1=9800000041500000
667 icache  00118c38 load  hit           pol=3 VA=ffffffff8000b670 PA=00000b670 line=33 hitv=00000001 ro=12345670 tag=00000b V=00000001 L=00000000
667 PC=0xffffffff8000b670 [000000000000b670]	363130c7 ori    $s1,$s1,0x30c7
667 Reg write s1=98000000415030c7
668 PC=0xffffffff8000b674 [000000000000b674]	a220cfec sb     $r0,0xffffcfec($s1)
[va=98000000415000b3 pa=00000000415000b3]
668 dcache  a220cfec store hit           pol=3 VA=98000000415000b3 PA=0415000b0 line=05 hitv=00001000 ro=45670123 tag=041500 V=00001111 W=00000000 L=00000000
668 scache  a220cfec store hit           pol=3 VA=98000000415000b3 PA=0415000b0 line=005 hitv=0100 ro=3012 tag=020a8 V=0111 W=0011 data=0000000000000000 mask=00010000
669 PC=0xffffffff8000b678 [000000000000b678]	3c1e9800 lui    $s8,0x9800
669 Reg write s8=ffffffff98000000
670 PC=0xffffffff8000b67c [000000000000b67c]	001ef438 dsll   $s8,$s8,16
670 Reg write s8=ffff980000000000
671 icache  001ef438 load  miss refill   pol=3 VA=ffffffff8000b680 PA=00000b680 line=34 hitv=00000000 ro=01234567 tag=000000 V=00000000 L=00000000
671 PC=0xffffffff8000b680 [000000000000b680]	37de414f ori    $s8,$s8,0x414f
671 Reg write s8=ffff98000000414f
672 PC=0xffffffff8000b684 [000000000000b684]	001ef438 dsll   $s8,$s8,16
672 Reg write s8=98000000414f0000
673 PC=0xffffffff8000b688 [000000000000b688]	37ded6b2 ori    $s8,$s8,0xd6b2
673 Reg write s8=98000000414fd6b2
674 PC=0xffffffff8000b68c [000000000000b68c]	87cc29fe lh     $t4,0x29fe($s8)
[va=98000000415000b0 pa=00000000415000b0]
674 dcache  87cc29fe load  hit           pol=3 VA=98000000415000b0 PA=0415000b0 line=05 hitv=00001000 ro=45670123 tag=041500 V=00001111 W=00000000 L=00000000
674 Reg write t4=00000000000049bb
675 icache  87cc29fe load  hit           pol=3 VA=ffffffff8000b690 PA=00000b690 line=34 hitv=00000001 ro=12345670 tag=00000b V=00000001 L=00000000
675 PC=0xffffffff8000b690 [000000000000b690]	3c0a9800 lui    $t2,0x9800
675 Reg write t2=ffffffff98000000
676 PC=0xffffffff8000b694 [000000000000b694]	000a5438 dsll   $t2,$t2,16
676 Reg write t2=ffff980000000000
677 PC=0xffffffff8000b698 [000000000000b698]	354a4150 ori    $t2,$t2,0x4150
677 Reg write t2=ffff980000004150
678 PC=0xffffffff8000b69c [000000000000b69c]	000a5438 dsll   $t2,$t2,16
678 Reg write t2=9800000041500000
679 icache  000a5438 load  miss refill   pol=3 VA=ffffffff8000b6a0 PA=00000b6a0 line=35 hitv=00000000 ro=01234567 tag=000000 V=00000000 L=00000000
679 PC=0xffffffff8000b6a0 [000000000000b6a0]	354a7ed0 ori    $t2,$t2,0x7ed0
679 Reg write t2=9800000041507ed0
680 PC=0xffffffff8000b6a4 [000000000000b6a4]	9d4981d0 lwu    $t1,0xffff81d0($t2)
[va=98000000415000a0 pa=00000000415000a0]
680 dcache  9d4981d0 load  hit           pol=3 VA=98000000415000a0 PA=0415000a0 line=05 hitv=00001000 ro=45670123 tag=041500 V=00001111 W=00000000 L=00000000
680 Reg write t1=0000000000000000
681 PC=0xffffffff8000b6a8 [000000000000b6a8]	3c179800 lui    $s7,0x9800
681 Reg write s7=ffffffff98000000
682 PC=0xffffffff8000b6ac [000000000000b6ac]	0017bc38 dsll   $s7,$s7,16
682 Reg write s7=ffff980000000000
683 icache  0017bc38 load  hit           pol=3 VA=ffffffff8000b6b0 PA=00000b6b0 line=35 hitv=00000001 ro=12345670 tag=00000b V=00000001 L=00000000
683 PC=0xffffffff8000b6b0 [000000000000b6b0]	36f7416f ori    $s7,$s7,0x416f
683 Reg write s7=ffff98000000416f
684 PC=0xffffffff8000b6b4 [000000000000b6b4]	0017bc38 dsll   $s7,$s7,16
684 Reg write s7=98000000416f0000
685 PC=0xffffffff8000b6b8 [000000000000b6b8]	36f7b6a6 ori    $s7,$s7,0xb6a6
685 Reg write s7=98000000416fb6a6
686 PC=0xffffffff8000b6bc [000000000000b6bc]	8efe4a66 lw     $s8,0x4a66($s7)
[va=980000004170010c pa=000000004170010c]
686 dcache  8efe4a66 load  hit           pol=3 VA=980000004170010c PA=041700108 line=08 hitv=00000100 ro=45670123 tag=041700 V=00001111 W=00000000 L=00000000
686 Reg write s8=fffffffffe0dd11a
687 icache  8efe4a66 load  miss refill   pol=3 VA=ffffffff8000b6c0 PA=00000b6c0 line=36 hitv=00000000 ro=01234567 tag=000000 V=00000000 L=00000000
687 PC=0xffffffff8000b6c0 [000000000000b6c0]	3c119800 lui    $s1,0x9800
687 Reg write s1=ffffffff98000000
688 PC=0xffffffff8000b6c4 [000000000000b6c4]	00118c38 dsll   $s1,$s1,16
688 Reg write s1=ffff980000000000
689 PC=0xffffffff8000b6c8 [000000000000b6c8]	363141af ori    $s1,$s1,0x41af
689 Reg write s1=ffff9800000041af
690 PC=0xffffffff8000b6cc [000000000000b6cc]	00118c38 dsll   $s1,$s1,16
690 Reg write s1=9800000041af0000
691 icache  00118c38 load  hit           pol=3 VA=ffffffff8000b6d0 PA=00000b6d0 line=36 hitv=00000001 ro=12345670 tag=00000b V=00000001 L=00000000
691 PC=0xffffffff8000b6d0 [000000000000b6d0]	363195ce ori    $s1,$s1,0x95ce
691 Reg write s1=9800000041af95ce
692 PC=0xffffffff8000b6d4 [000000000000b6d4]	a6346b90 sh     $s4,0x6b90($s1)
[va=9800000041b0015e pa=0000000041b0015e]
692 dcache  a6346b90 store hit           pol=3 VA=9800000041b0015e PA=041b00158 line=0a hitv=00000010 ro=45670123 tag=041b00 V=00001111 W=00000000 L=00000000
692 scache  a6346b90 store hit           pol=3 VA=9800000041b0015e PA=041b00158 line=00a hitv=0001 ro=3012 tag=020d8 V=0111 W=0110 data=000000000000622b mask=00000011
693 PC=0xffffffff8000b6d8 [000000000000b6d8]	3c069800 lui    $a2,0x9800
693 Reg write a2=ffffffff98000000
694 PC=0xffffffff8000b6dc [000000000000b6dc]	00063438 dsll   $a2,$a2,16
694 Reg write a2=ffff980000000000
695 icache  00063438 load  miss refill   pol=3 VA=ffffffff8000b6e0 PA=00000b6e0 line=37 hitv=00000000 ro=01234567 tag=000000 V=00000000 L=00000000
695 PC=0xffffffff8000b6e0 [000000000000b6e0]	34c64028 ori    $a2,$a2,0x4028
695 Reg write a2=ffff980000004028
696 PC=0xffffffff8000b6e4 [000000000000b6e4]	00063438 dsll   $a2,$a2,16
696 Reg write a2=9800000040280000
697 PC=0xffffffff8000b6e8 [000000000000b6e8]	34c65a44 ori    $a2,$a2,0x5a44
697 Reg write a2=9800000040285a44
698 PC=0xffffffff8000b6ec [000000000000b6ec]	84dea678 lh     $s8,0xffffa678($a2)
[va=98000000402800bc pa=00000000402800bc]
698 dcache  84dea678 load  miss refill   pol=3 VA=98000000402800bc PA=0402800b8 line=05 hitv=00000000 ro=45670123 tag=000000 V=00001111 W=00000000 L=00000000
698 scache  84dea678 load  miss refill   pol=3 VA=98000000402800bc PA=0402800a0 line=005 hitv=0000 ro=3012 tag=00000 V=0111 W=0111
698 Reg write s8=fffffffffffff8b5
699 icache  84dea678 load  hit           pol=3 VA=ffffffff8000b6f0 PA=00000b6f0 line=37 hitv=00000001 ro=12345670 tag=00000b V=00000001 L=00000000
699 PC=0xffffffff8000b6f0 [000000000000b6f0]	3c049800 lui    $a0,0x9800
699 Reg write a0=ffffffff98000000
700 PC=0xffffffff8000b6f4 [000000000000b6f4]	00042438 dsll   $a0,$a0,16
700 Reg write a0=ffff980000000000
701 PC=0xffffffff8000b6f8 [000000000000b6f8]	3484414f ori    $a0,$a0,0x414f
701 Reg write a0=ffff98000000414f
702 PC=0xffffffff8000b6fc [000000000000b6fc]	00042438 dsll   $a0,$a0,16
702 Reg write a0=98000000414f0000
703 icache  00042438 load  miss refill   pol=3 VA=ffffffff8000b700 PA=00000b700 line=38 hitv=00000000 ro=01234567 tag=000000 V=00000000 L=00000000
703 PC=0xffffffff8000b700 [000000000000b700]	3484ff00 ori    $a0,$a0,0xff00
703 Reg write a0=98000000414fff00
704 PC=0xffffffff8000b704 [000000000000b704]	3c059800 lui    $a1,0x9800
704 Reg write a1=ffffffff98000000
705 PC=0xffffffff8000b708 [000000000000b708]	00052c38 dsll   $a1,$a1,16
705 Reg write a1=ffff980000000000
706 PC=0xffffffff8000b70c [000000000000b70c]	34a5585f ori    $a1,$a1,0x585f
706 Reg write a1=ffff98000000585f
707 icache  34a5585f load  hit           pol=3 VA=ffffffff8000b710 PA=00000b710 line=38 hitv=00000001 ro=12345670 tag=00000b V=00000001 L=00000000
707 PC=0xffffffff8000b710 [000000000000b710]	00052c38 dsll   $a1,$a1,16
707 Reg write a1=98000000585f0000
708 PC=0xffffffff8000b714 [000000000000b714]	34a5ff10 ori    $a1,$a1,0xff10
708 Reg write a1=98000000585fff10
709 PC=0xffffffff8000b718 [000000000000b718]	24060005 addiu  $a2,$r0,0x5
709 Reg write a2=0000000000000005
710 PC=0xffffffff8000b71c [000000000000b71c]	fc8affd0 sd     $t2,0xffffffd0($a0)
[va=98000000414ffed0 pa=00000000414ffed0]
710 dcache  fc8affd0 store miss w/alloc  pol=3 VA=98000000414ffed0 PA=0414ffed0 line=76 hitv=00000000 ro=01234567 tag=000000 V=00000000 W=00000000 L=00000000
710 scache  fc8affd0 store miss w/alloc  pol=3 VA=98000000414ffed0 PA=0414ffed0 line=ff6 hitv=0000 ro=0123 tag=00000 V=0000 W=0000 data=9800000041507ed0 mask=11111111
711 icache  fc8affd0 load  miss refill   pol=3 VA=ffffffff8000b720 PA=00000b720 line=39 hitv=00000000 ro=01234567 tag=000000 V=00000000 L=00000000
711 PC=0xffffffff8000b720 [000000000000b720]	fc89fff8 sd     $t1,0xfffffff8($a0)
[va=98000000414ffef8 pa=00000000414ffef8]
711 dcache  fc89fff8 store miss w/alloc  pol=3 VA=98000000414ffef8 PA=0414ffef8 line=77 hitv=00000000 ro=01234567 tag=000000 V=00000000 W=00000000 L=00000000
711 scache  fc89fff8 store miss w/alloc  pol=3 VA=98000000414ffef8 PA=0414ffef8 line=ff7 hitv=0000 ro=0123 tag=00000 V=0000 W=0000 data=0000000000000000 mask=11111111
712 PC=0xffffffff8000b724 [000000000000b724]	fc88fff0 sd     $t0,0xfffffff0($a0)
[va=98000000414ffef0 pa=00000000414ffef0]
712 dcache  fc88fff0 store hit           pol=3 VA=98000000414ffef0 PA=0414ffef0 line=77 hitv=00000001 ro=12345670 tag=0414ff V=00000001 W=00000000 L=00000000
712 scache  fc88fff0 store hit           pol=3 VA=98000000414ffef0 PA=0414ffef0 line=ff7 hitv=0001 ro=1230 tag=020a7 V=0001 W=0001 data=0000000000007411 mask=11111111
713 PC=0xffffffff8000b728 [000000000000b728]	fc8cffe0 sd     $t4,0xffffffe0($a0)
[va=98000000414ffee0 pa=00000000414ffee0]
713 dcache  fc8cffe0 store hit           pol=3 VA=98000000414ffee0 PA=0414ffee0 line=77 hitv=00000001 ro=12345670 tag=0414ff V=00000001 W=00000000 L=00000000
713 scache  fc8cffe0 store hit           pol=3 VA=98000000414ffee0 PA=0414ffee0 line=ff7 hitv=0001 ro=1230 tag=020a7 V=0001 W=0001 data=00000000000049bb mask=11111111
714 PC=0xffffffff8000b72c [000000000000b72c]	64840040 daddiu $a0,$a0,0x40
714 Reg write a0=98000000414fff40
715 icache  64840040 load  hit           pol=3 VA=ffffffff8000b730 PA=00000b730 line=39 hitv=00000001 ro=12345670 tag=00000b V=00000001 L=00000000
715 PC=0xffffffff8000b730 [000000000000b730]	dca90038 ld     $t1,0x38($a1)
[va=98000000585fff48 pa=00000000585fff48]
715 dcache  dca90038 load  miss refill   pol=3 VA=98000000585fff48 PA=0585fff48 line=7a hitv=00000000 ro=23456710 tag=000000 V=00000011 W=00000000 L=00000000
715 scache  dca90038 load  miss refill   pol=3 VA=98000000585fff48 PA=0585fff40 line=ffa hitv=0000 ro=2301 tag=00000 V=0011 W=0011
715 Reg write t1=ffffffffffffffff
716 PC=0xffffffff8000b734 [000000000000b734]	dcaf0028 ld     $t7,0x28($a1)
[va=98000000585fff38 pa=00000000585fff38]
716 dcache  dcaf0028 load  miss refill   pol=3 VA=98000000585fff38 PA=0585fff38 line=79 hitv=00000000 ro=23456701 tag=000000 V=00000011 W=00000000 L=00000000
716 scache  dcaf0028 load  miss refill   pol=3 VA=98000000585fff38 PA=0585fff20 line=ff9 hitv=0000 ro=2301 tag=00000 V=0011 W=0001
716 Reg write t7=ffffffffffffffff
717 PC=0xffffffff8000b738 [000000000000b738]	dcab0018 ld     $t3,0x18($a1)
[va=98000000585fff28 pa=00000000585fff28]
717 dcache  dcab0018 load  hit           pol=3 VA=98000000585fff28 PA=0585fff28 line=79 hitv=00000100 ro=34567012 tag=0585ff V=00000111 W=00000000 L=00000000
717 Reg write t3=1c532598a742a28c
718 PC=0xffffffff8000b73c [000000000000b73c]	dca80000 ld     $t0,0x0($a1)
[va=98000000585fff10 pa=00000000585fff10]
718 dcache  dca80000 load  miss refill   pol=3 VA=98000000585fff10 PA=0585fff10 line=78 hitv=00000000 ro=45671230 tag=000000 V=00001111 W=00000000 L=00000000
718 scache  dca80000 load  miss refill   pol=3 VA=98000000585fff10 PA=0585fff00 line=ff8 hitv=0000 ro=0123 tag=00000 V=1111 W=0100
718 Reg write t0=46b3959819f07a8f
719 icache  dca80000 load  miss refill   pol=3 VA=ffffffff8000b740 PA=00000b740 line=3a hitv=00000000 ro=01234567 tag=000000 V=00000000 L=00000000
719 PC=0xffffffff8000b740 [000000000000b740]	dca90008 ld     $t1,0x8($a1)
[va=98000000585fff18 pa=00000000585fff18]
719 dcache  dca90008 load  hit           pol=3 VA=98000000585fff18 PA=0585fff18 line=78 hitv=00010000 ro=56712304 tag=0585ff V=00011111 W=00000000 L=00000000
719 Reg write t1=7e5deb3a9c05a4cc
720 PC=0xffffffff8000b744 [000000000000b744]	fc880000 sd     $t0,0x0($a0)
[va=98000000414fff40 pa=00000000414fff40]
720 dcache  fc880000 store miss w/alloc  pol=3 VA=98000000414fff40 PA=0414fff40 line=7a hitv=00000000 ro=34567102 tag=000000 V=00000111 W=00000000 L=00000000
720 scache  fc880000 store miss w/alloc  pol=3 VA=98000000414fff40 PA=0414fff40 line=ffa hitv=0000 ro=3012 tag=00000 V=0111 W=0011 data=46b3959819f07a8f mask=11111111
721 PC=0xffffffff8000b748 [000000000000b748]	64a50040 daddiu $a1,$a1,0x40
721 Reg write a1=98000000585fff50
722 PC=0xffffffff8000b74c [000000000000b74c]	dca80030 ld     $t0,0x30($a1)
[va=98000000585fff80 pa=00000000585fff80]
722 dcache  dca80030 load  miss refill   pol=3 VA=98000000585fff80 PA=0585fff80 line=7c hitv=00000000 ro=45671230 tag=000000 V=00001111 W=00000000 L=00000000
722 scache  dca80030 load  miss refill   pol=3 VA=98000000585fff80 PA=0585fff80 line=ffc hitv=0000 ro=1230 tag=00000 V=1111 W=1011
722 dmemacc: store 8 addr=0587fff80 data=ffffffff8000bfb0 mask=11111111 cline 
722 dmemacc: store 8 addr=0587fff88 data=012029ad256febf0 mask=11111111 cline 
722 dmemacc: store 8 addr=0587fff90 data=9985e6f4a0faa662 mask=11111111 cline 
722 dmemacc: store 8 addr=0587fff98 data=daaa1629486f8b66 mask=11111111 cline 
722 Reg write t0=b7a0fa6966be255c
723 icache  dca80030 load  hit           pol=3 VA=ffffffff8000b750 PA=00000b750 line=3a hitv=00000001 ro=12345670 tag=00000b V=00000001 L=00000000
723 PC=0xffffffff8000b750 [000000000000b750]	fc890008 sd     $t1,0x8($a0)
[va=98000000414fff48 pa=00000000414fff48]
723 dcache  fc890008 store hit           pol=3 VA=98000000414fff48 PA=0414fff48 line=7a hitv=00001000 ro=45671023 tag=0414ff V=00001111 W=00000000 L=00000000
723 scache  fc890008 store hit           pol=3 VA=98000000414fff48 PA=0414fff48 line=ffa hitv=1000 ro=0123 tag=020a7 V=1111 W=1011 data=7e5deb3a9c05a4cc mask=11111111
724 PC=0xffffffff8000b754 [000000000000b754]	dcac0020 ld     $t4,0x20($a1)
[va=98000000585fff70 pa=00000000585fff70]
724 dcache  dcac0020 load  miss refill   pol=3 VA=98000000585fff70 PA=0585fff70 line=7b hitv=00000000 ro=12345670 tag=000000 V=00000001 W=00000000 L=00000000
724 scache  dcac0020 load  miss refill   pol=3 VA=98000000585fff70 PA=0585fff60 line=ffb hitv=0000 ro=1230 tag=00000 V=0001 W=0001
724 Reg write t4=92a402a8c0f9a0d6
725 PC=0xffffffff8000b758 [000000000000b758]	64c6ffff daddiu $a2,$a2,0xffff
725 Reg write a2=0000000000000004
726 PC=0xffffffff8000b75c [000000000000b75c]	dcaa0010 ld     $t2,0x10($a1)
[va=98000000585fff60 pa=00000000585fff60]
726 dcache  dcaa0010 load  hit           pol=3 VA=98000000585fff60 PA=0585fff60 line=7b hitv=00000010 ro=23456701 tag=0585ff V=00000011 W=00000000 L=00000000
726 Reg write t2=cfa77f06aa7c183b
727 icache  dcaa0010 load  miss refill   pol=3 VA=ffffffff8000b760 PA=00000b760 line=3b hitv=00000000 ro=01234567 tag=000000 V=00000000 L=00000000
727 PC=0xffffffff8000b760 [000000000000b760]	fc8bffd8 sd     $t3,0xffffffd8($a0)
[va=98000000414fff18 pa=00000000414fff18]
727 dcache  fc8bffd8 store hit           pol=3 VA=98000000414fff18 PA=0414fff18 line=78 hitv=00000010 ro=56712304 tag=0414ff V=00011111 W=00000000 L=00000000
727 scache  fc8bffd8 store hit           pol=3 VA=98000000414fff18 PA=0414fff18 line=ff8 hitv=0010 ro=1230 tag=020a7 V=1111 W=0100 data=1c532598a742a28c mask=11111111
728 PC=0xffffffff8000b764 [000000000000b764]	14c0ffed bne    $a2,$r0,0xffffffff8000b71c
729 PC=0xffffffff8000b768 [000000000000b768]	fc8fffe8 sd     $t7,0xffffffe8($a0)
[va=98000000414fff28 pa=00000000414fff28]
729 dcache  fc8fffe8 store miss w/alloc  pol=3 VA=98000000414fff28 PA=0414fff28 line=79 hitv=00000000 ro=34567012 tag=000000 V=00000111 W=00000000 L=00000000
729 scache  fc8fffe8 store miss w/alloc  pol=3 VA=98000000414fff28 PA=0414fff28 line=ff9 hitv=0000 ro=3012 tag=00000 V=0111 W=0001 data=ffffffffffffffff mask=11111111
730 icache  fc8fffe8 load  hit           pol=3 VA=ffffffff8000b71c PA=00000b710 line=38 hitv=00000001 ro=12345670 tag=00000b V=00000001 L=00000000
730 PC=0xffffffff8000b71c [000000000000b71c]	fc8affd0 sd     $t2,0xffffffd0($a0)
[va=98000000414fff10 pa=00000000414fff10]
730 dcache  fc8affd0 store hit           pol=3 VA=98000000414fff10 PA=0414fff10 line=78 hitv=00000010 ro=56723041 tag=0414ff V=00011111 W=00000000 L=00000000
730 scache  fc8affd0 store hit           pol=3 VA=98000000414fff10 PA=0414fff10 line=ff8 hitv=0010 ro=2301 tag=020a7 V=1111 W=0110 data=cfa77f06aa7c183b mask=11111111
731 icache  fc8affd0 load  hit           pol=3 VA=ffffffff8000b720 PA=00000b720 line=39 hitv=00000001 ro=12345670 tag=00000b V=00000001 L=00000000
731 PC=0xffffffff8000b720 [000000000000b720]	fc89fff8 sd     $t1,0xfffffff8($a0)
[va=98000000414fff38 pa=00000000414fff38]
731 dcache  fc89fff8 store hit           pol=3 VA=98000000414fff38 PA=0414fff38 line=79 hitv=00001000 ro=45670123 tag=0414ff V=00001111 W=00000000 L=00000000
731 scache  fc89fff8 store hit           pol=3 VA=98000000414fff38 PA=0414fff38 line=ff9 hitv=1000 ro=0123 tag=020a7 V=1111 W=1001 data=7e5deb3a9c05a4cc mask=11111111
732 PC=0xffffffff8000b724 [000000000000b724]	fc88fff0 sd     $t0,0xfffffff0($a0)
[va=98000000414fff30 pa=00000000414fff30]
732 dcache  fc88fff0 store hit           pol=3 VA=98000000414fff30 PA=0414fff30 line=79 hitv=00001000 ro=45670123 tag=0414ff V=00001111 W=00000000 L=00000000
732 scache  fc88fff0 store hit           pol=3 VA=98000000414fff30 PA=0414fff30 line=ff9 hitv=1000 ro=0123 tag=020a7 V=1111 W=1001 data=b7a0fa6966be255c mask=11111111
733 PC=0xffffffff8000b728 [000000000000b728]	fc8cffe0 sd     $t4,0xffffffe0($a0)
[va=98000000414fff20 pa=00000000414fff20]
733 dcache  fc8cffe0 store hit           pol=3 VA=98000000414fff20 PA=0414fff20 line=79 hitv=00001000 ro=45670123 tag=0414ff V=00001111 W=00000000 L=00000000
733 scache  fc8cffe0 store hit           pol=3 VA=98000000414fff20 PA=0414fff20 line=ff9 hitv=1000 ro=0123 tag=020a7 V=1111 W=1001 data=92a402a8c0f9a0d6 mask=11111111
734 PC=0xffffffff8000b72c [000000000000b72c]	64840040 daddiu $a0,$a0,0x40
734 Reg write a0=98000000414fff80
735 icache  64840040 load  hit           pol=3 VA=ffffffff8000b730 PA=00000b730 line=39 hitv=00000001 ro=12345670 tag=00000b V=00000001 L=00000000
735 PC=0xffffffff8000b730 [000000000000b730]	dca90038 ld     $t1,0x38($a1)
[va=98000000585fff88 pa=00000000585fff88]
735 dcache  dca90038 load  hit           pol=3 VA=98000000585fff88 PA=0585fff88 line=7c hitv=00010000 ro=56712304 tag=0585ff V=00011111 W=00000000 L=00000000
735 Reg write t1=45fc0dade353f328
736 PC=0xffffffff8000b734 [000000000000b734]	dcaf0028 ld     $t7,0x28($a1)
[va=98000000585fff78 pa=00000000585fff78]
736 dcache  dcaf0028 load  hit           pol=3 VA=98000000585fff78 PA=0585fff78 line=7b hitv=00000010 ro=23456701 tag=0585ff V=00000011 W=00000000 L=00000000
736 Reg write t7=aab4056918a8adfe
737 PC=0xffffffff8000b738 [000000000000b738]	dcab0018 ld     $t3,0x18($a1)
[va=98000000585fff68 pa=00000000585fff68]
737 dcache  dcab0018 load  hit           pol=3 VA=98000000585fff68 PA=0585fff68 line=7b hitv=00000010 ro=23456701 tag=0585ff V=00000011 W=00000000 L=00000000
737 Reg write t3=e38e38e38e38e38e
738 PC=0xffffffff8000b73c [000000000000b73c]	dca80000 ld     $t0,0x0($a1)
[va=98000000585fff50 pa=00000000585fff50]
738 dcache  dca80000 load  hit           pol=3 VA=98000000585fff50 PA=0585fff50 line=7a hitv=00000100 ro=45671023 tag=0585ff V=00001111 W=00000000 L=00000000
738 Reg write t0=499f57e5ce89a0ab
739 icache  dca80000 load  hit           pol=3 VA=ffffffff8000b740 PA=00000b740 line=3a hitv=00000001 ro=12345670 tag=00000b V=00000001 L=00000000
739 PC=0xffffffff8000b740 [000000000000b740]	dca90008 ld     $t1,0x8($a1)
[va=98000000585fff58 pa=00000000585fff58]
739 dcache  dca90008 load  hit           pol=3 VA=98000000585fff58 PA=0585fff58 line=7a hitv=00000100 ro=45671032 tag=0585ff V=00001111 W=00000000 L=00000000
739 Reg write t1=bf20a2306ca6a5e1
740 PC=0xffffffff8000b744 [000000000000b744]	fc880000 sd     $t0,0x0($a0)
[va=98000000414fff80 pa=00000000414fff80]
740 dcache  fc880000 store miss w/alloc  pol=3 VA=98000000414fff80 PA=0414fff80 line=7c hitv=00000000 ro=56712304 tag=000000 V=00011111 W=00000000 L=00000000
740 scache  fc880000 store miss w/alloc  pol=3 VA=98000000414fff80 PA=0414fff80 line=ffc hitv=0000 ro=2301 tag=00000 V=1111 W=1001 data=499f57e5ce89a0ab mask=11111111
741 PC=0xffffffff8000b748 [000000000000b748]	64a50040 daddiu $a1,$a1,0x40
741 Reg write a1=98000000585fff90
742 PC=0xffffffff8000b74c [000000000000b74c]	dca80030 ld     $t0,0x30($a1)
[va=98000000585fffc0 pa=00000000585fffc0]
742 dcache  dca80030 load  miss refill   pol=3 VA=98000000585fffc0 PA=0585fffc0 line=7e hitv=00000000 ro=45670123 tag=000000 V=00001111 W=00000000 L=00000000
742 scache  dca80030 load  miss refill   pol=3 VA=98000000585fffc0 PA=0585fffc0 line=ffe hitv=0000 ro=0123 tag=00000 V=1111 W=1001
742 dmemacc: store 8 addr=0587fffc0 data=9800000041afb554 mask=11111111 cline 
742 dmemacc: store 8 addr=0587fffc8 data=1cfe5c4b68094017 mask=11111111 cline 
742 dmemacc: store 8 addr=0587fffd0 data=60aa499131541569 mask=11111111 cline 
742 dmemacc: store 8 addr=0587fffd8 data=cc619b77860ad011 mask=11111111 cline 
742 Reg write t0=fffffffffffffffc
743 icache  dca80030 load  hit           pol=3 VA=ffffffff8000b750 PA=00000b750 line=3a hitv=00000001 ro=12345670 tag=00000b V=00000001 L=00000000
743 PC=0xffffffff8000b750 [000000000000b750]	fc890008 sd     $t1,0x8($a0)
[va=98000000414fff88 pa=00000000414fff88]
743 dcache  fc890008 store hit           pol=3 VA=98000000414fff88 PA=0414fff88 line=7c hitv=00100000 ro=67123045 tag=0414ff V=00111111 W=00000000 L=00000000
743 scache  fc890008 store hit           pol=3 VA=98000000414fff88 PA=0414fff88 line=ffc hitv=0100 ro=3012 tag=020a7 V=1111 W=1101 data=bf20a2306ca6a5e1 mask=11111111
744 PC=0xffffffff8000b754 [000000000000b754]	dcac0020 ld     $t4,0x20($a1)
[va=98000000585fffb0 pa=00000000585fffb0]
744 dcache  dcac0020 load  miss refill   pol=3 VA=98000000585fffb0 PA=0585fffb0 line=7d hitv=00000000 ro=56701234 tag=000000 V=00011111 W=00000000 L=00000000
744 scache  dcac0020 load  miss refill   pol=3 VA=98000000585fffb0 PA=0585fffa0 line=ffd hitv=0000 ro=1230 tag=00000 V=1111 W=0011
744 dmemacc: store 8 addr=0587fffa0 data=ffffffff8000214c mask=11111111 cline 
744 dmemacc: store 8 addr=0587fffa8 data=eba566863f4c6bad mask=11111111 cline 
744 dmemacc: store 8 addr=0587fffb0 data=1c71c71c71c71c71 mask=11111111 cline 
744 dmemacc: store 8 addr=0587fffb8 data=8e4701a0cfe621e0 mask=11111111 cline 
744 Reg write t4=c961c674817de9f8
745 PC=0xffffffff8000b758 [000000000000b758]	64c6ffff daddiu $a2,$a2,0xffff
745 Reg write a2=0000000000000003
746 PC=0xffffffff8000b75c [000000000000b75c]	dcaa0010 ld     $t2,0x10($a1)
[va=98000000585fffa0 pa=00000000585fffa0]
746 dcache  dcaa0010 load  hit           pol=3 VA=98000000585fffa0 PA=0585fffa0 line=7d hitv=00100000 ro=67012345 tag=0585ff V=00111111 W=00000000 L=00000000
746 Reg write t2=dc8ec213aa562032
747 icache  dcaa0010 load  hit           pol=3 VA=ffffffff8000b760 PA=00000b760 line=3b hitv=00000001 ro=12345670 tag=00000b V=00000001 L=00000000
747 PC=0xffffffff8000b760 [000000000000b760]	fc8bffd8 sd     $t3,0xffffffd8($a0)
[va=98000000414fff58 pa=00000000414fff58]
747 dcache  fc8bffd8 store hit           pol=3 VA=98000000414fff58 PA=0414fff58 line=7a hitv=00001000 ro=45671032 tag=0414ff V=00001111 W=00000000 L=00000000
747 scache  fc8bffd8 store hit           pol=3 VA=98000000414fff58 PA=0414fff58 line=ffa hitv=1000 ro=0123 tag=020a7 V=1111 W=1011 data=e38e38e38e38e38e mask=11111111
748 PC=0xffffffff8000b764 [000000000000b764]	14c0ffed bne    $a2,$r0,0xffffffff8000b71c
749 PC=0xffffffff8000b768 [000000000000b768]	fc8fffe8 sd     $t7,0xffffffe8($a0)
[va=98000000414fff68 pa=00000000414fff68]
749 dcache  fc8fffe8 store miss w/alloc  pol=3 VA=98000000414fff68 PA=0414fff68 line=7b hitv=00000000 ro=23456701 tag=000000 V=00000011 W=00000000 L=00000000
749 scache  fc8fffe8 store miss w/alloc  pol=3 VA=98000000414fff68 PA=0414fff68 line=ffb hitv=0000 ro=2301 tag=00000 V=0011 W=0001 data=aab4056918a8adfe mask=11111111
750 icache  fc8fffe8 load  hit           pol=3 VA=ffffffff8000b71c PA=00000b710 line=38 hitv=00000001 ro=12345670 tag=00000b V=00000001 L=00000000
750 PC=0xffffffff8000b71c [000000000000b71c]	fc8affd0 sd     $t2,0xffffffd0($a0)
[va=98000000414fff50 pa=00000000414fff50]
750 dcache  fc8affd0 store hit           pol=3 VA=98000000414fff50 PA=0414fff50 line=7a hitv=00001000 ro=45671023 tag=0414ff V=00001111 W=00000000 L=00000000
750 scache  fc8affd0 store hit           pol=3 VA=98000000414fff50 PA=0414fff50 line=ffa hitv=1000 ro=0123 tag=020a7 V=1111 W=1011 data=dc8ec213aa562032 mask=11111111
751 icache  fc8affd0 load  hit           pol=3 VA=ffffffff8000b720 PA=00000b720 line=39 hitv=00000001 ro=12345670 tag=00000b V=00000001 L=00000000
751 PC=0xffffffff8000b720 [000000000000b720]	fc89fff8 sd     $t1,0xfffffff8($a0)
[va=98000000414fff78 pa=00000000414fff78]
751 dcache  fc89fff8 store hit           pol=3 VA=98000000414fff78 PA=0414fff78 line=7b hitv=00000100 ro=34567012 tag=0414ff V=00000111 W=00000000 L=00000000
751 scache  fc89fff8 store hit           pol=3 VA=98000000414fff78 PA=0414fff78 line=ffb hitv=0100 ro=3012 tag=020a7 V=0111 W=0101 data=bf20a2306ca6a5e1 mask=11111111
752 PC=0xffffffff8000b724 [000000000000b724]	fc88fff0 sd     $t0,0xfffffff0($a0)
[va=98000000414fff70 pa=00000000414fff70]
752 dcache  fc88fff0 store hit           pol=3 VA=98000000414fff70 PA=0414fff70 line=7b hitv=00000100 ro=34567012 tag=0414ff V=00000111 W=00000000 L=00000000
752 scache  fc88fff0 store hit           pol=3 VA=98000000414fff70 PA=0414fff70 line=ffb hitv=0100 ro=3012 tag=020a7 V=0111 W=0101 data=fffffffffffffffc mask=11111111
753 PC=0xffffffff8000b728 [000000000000b728]	fc8cffe0 sd     $t4,0xffffffe0($a0)
[va=98000000414fff60 pa=00000000414fff60]
753 dcache  fc8cffe0 store hit           pol=3 VA=98000000414fff60 PA=0414fff60 line=7b hitv=00000100 ro=34567012 tag=0414ff V=00000111 W=00000000 L=00000000
753 scache  fc8cffe0 store hit           pol=3 VA=98000000414fff60 PA=0414fff60 line=ffb hitv=0100 ro=3012 tag=020a7 V=0111 W=0101 data=c961c674817de9f8 mask=11111111
754 PC=0xffffffff8000b72c [000000000000b72c]	64840040 daddiu $a0,$a0,0x40
754 Reg write a0=98000000414fffc0
755 icache  64840040 load  hit           pol=3 VA=ffffffff8000b730 PA=00000b730 line=39 hitv=00000001 ro=12345670 tag=00000b V=00000001 L=00000000
755 PC=0xffffffff8000b730 [000000000000b730]	dca90038 ld     $t1,0x38($a1)
[va=98000000585fffc8 pa=00000000585fffc8]
755 dcache  dca90038 load  hit           pol=3 VA=98000000585fffc8 PA=0585fffc8 line=7e hitv=00010000 ro=56701234 tag=0585ff V=00011111 W=00000000 L=00000000
755 Reg write t1=f800000000000000
756 PC=0xffffffff8000b734 [000000000000b734]	dcaf0028 ld     $t7,0x28($a1)
[va=98000000585fffb8 pa=00000000585fffb8]
756 dcache  dcaf0028 load  hit           pol=3 VA=98000000585fffb8 PA=0585fffb8 line=7d hitv=00100000 ro=67012345 tag=0585ff V=00111111 W=00000000 L=00000000
756 Reg write t7=0000000000000000
757 PC=0xffffffff8000b738 [000000000000b738]	dcab0018 ld     $t3,0x18($a1)
[va=98000000585fffa8 pa=00000000585fffa8]
757 dcache  dcab0018 load  hit           pol=3 VA=98000000585fffa8 PA=0585fffa8 line=7d hitv=00100000 ro=67012345 tag=0585ff V=00111111 W=00000000 L=00000000
757 Reg write t3=735ec9b07582b530
758 PC=0xffffffff8000b73c [000000000000b73c]	dca80000 ld     $t0,0x0($a1)
[va=98000000585fff90 pa=00000000585fff90]
758 dcache  dca80000 load  hit           pol=3 VA=98000000585fff90 PA=0585fff90 line=7c hitv=00010000 ro=67123045 tag=0585ff V=00111111 W=00000000 L=00000000
758 Reg write t0=187efc4bb5e738c4
759 icache  dca80000 load  hit           pol=3 VA=ffffffff8000b740 PA=00000b740 line=3a hitv=00000001 ro=12345670 tag=00000b V=00000001 L=00000000
759 PC=0xffffffff8000b740 [000000000000b740]	dca90008 ld     $t1,0x8($a1)
[va=98000000585fff98 pa=00000000585fff98]
759 dcache  dca90008 load  hit           pol=3 VA=98000000585fff98 PA=0585fff98 line=7c hitv=00010000 ro=67123054 tag=0585ff V=00111111 W=00000000 L=00000000
759 Reg write t1=01fff0007ffc001f
760 PC=0xffffffff8000b744 [000000000000b744]	fc880000 sd     $t0,0x0($a0)
[va=98000000414fffc0 pa=00000000414fffc0]
760 dcache  fc880000 store miss w/alloc  pol=3 VA=98000000414fffc0 PA=0414fffc0 line=7e hitv=00000000 ro=56701234 tag=000000 V=00011111 W=00000000 L=00000000
760 scache  fc880000 store miss w/alloc  pol=3 VA=98000000414fffc0 PA=0414fffc0 line=ffe hitv=0000 ro=1230 tag=00000 V=1111 W=1000 data=187efc4bb5e738c4 mask=11111111
761 PC=0xffffffff8000b748 [000000000000b748]	64a50040 daddiu $a1,$a1,0x40
761 Reg write a1=98000000585fffd0
762 PC=0xffffffff8000b74c [000000000000b74c]	dca80030 ld     $t0,0x30($a1)
[va=9800000058600000 pa=0000000058600000]
762 dcache  dca80030 load  miss refill   pol=3 VA=9800000058600000 PA=058600000 line=00 hitv=00000000 ro=70123456 tag=000000 V=01111111 W=00000000 L=00000000
762 scache  dca80030 load  miss refill   pol=3 VA=9800000058600000 PA=058600000 line=000 hitv=0000 ro=3012 tag=00000 V=1111 W=0101
762 Reg write t0=cce1fb0f408507ba
763 icache  dca80030 load  hit           pol=3 VA=ffffffff8000b750 PA=00000b750 line=3a hitv=00000001 ro=12345670 tag=00000b V=00000001 L=00000000
763 PC=0xffffffff8000b750 [000000000000b750]	fc890008 sd     $t1,0x8($a0)
[va=98000000414fffc8 pa=00000000414fffc8]
763 dcache  fc890008 store hit           pol=3 VA=98000000414fffc8 PA=0414fffc8 line=7e hitv=00100000 ro=67012345 tag=0414ff V=00111111 W=00000000 L=00000000
763 scache  fc890008 store hit           pol=3 VA=98000000414fffc8 PA=0414fffc8 line=ffe hitv=0010 ro=2301 tag=020a7 V=1111 W=1010 data=01fff0007ffc001f mask=11111111
764 PC=0xffffffff8000b754 [000000000000b754]	dcac0020 ld     $t4,0x20($a1)
[va=98000000585ffff0 pa=00000000585ffff0]
764 dcache  dcac0020 load  miss refill   pol=3 VA=98000000585ffff0 PA=0585ffff0 line=7f hitv=00000000 ro=45670123 tag=000000 V=00001111 W=00000000 L=00000000
764 scache  dcac0020 load  miss refill   pol=3 VA=98000000585ffff0 PA=0585fffe0 line=fff hitv=0000 ro=0123 tag=00000 V=1111 W=1001
764 dmemacc: store 8 addr=0587fffe0 data=b213a6e54dce409f mask=11111111 cline 
764 dmemacc: store 8 addr=0587fffe8 data=b42585ce8b5e3fa1 mask=11111111 cline 
764 dmemacc: store 8 addr=0587ffff0 data=841f39068c810c0b mask=11111111 cline 
764 dmemacc: store 8 addr=0587ffff8 data=ff8a0ce4cc18857c mask=11111111 cline 
764 Reg write t4=8000000000000000
765 PC=0xffffffff8000b758 [000000000000b758]	64c6ffff daddiu $a2,$a2,0xffff
765 Reg write a2=0000000000000002
766 PC=0xffffffff8000b75c [000000000000b75c]	dcaa0010 ld     $t2,0x10($a1)
[va=98000000585fffe0 pa=00000000585fffe0]
766 dcache  dcaa0010 load  hit           pol=3 VA=98000000585fffe0 PA=0585fffe0 line=7f hitv=00010000 ro=56701234 tag=0585ff V=00011111 W=00000000 L=00000000
766 Reg write t2=4590eb7783082f07
767 icache  dcaa0010 load  hit           pol=3 VA=ffffffff8000b760 PA=00000b760 line=3b hitv=00000001 ro=12345670 tag=00000b V=00000001 L=00000000
767 PC=0xffffffff8000b760 [000000000000b760]	fc8bffd8 sd     $t3,0xffffffd8($a0)
[va=98000000414fff98 pa=00000000414fff98]
767 dcache  fc8bffd8 store hit           pol=3 VA=98000000414fff98 PA=0414fff98 line=7c hitv=00100000 ro=67123054 tag=0414ff V=00111111 W=00000000 L=00000000
767 scache  fc8bffd8 store hit           pol=3 VA=98000000414fff98 PA=0414fff98 line=ffc hitv=0100 ro=3012 tag=020a7 V=1111 W=1101 data=735ec9b07582b530 mask=11111111
768 PC=0xffffffff8000b764 [000000000000b764]	14c0ffed bne    $a2,$r0,0xffffffff8000b71c
769 PC=0xffffffff8000b768 [000000000000b768]	fc8fffe8 sd     $t7,0xffffffe8($a0)
[va=98000000414fffa8 pa=00000000414fffa8]
769 dcache  fc8fffe8 store miss w/alloc  pol=3 VA=98000000414fffa8 PA=0414fffa8 line=7d hitv=00000000 ro=67012345 tag=000000 V=00111111 W=00000000 L=00000000
769 scache  fc8fffe8 store miss w/alloc  pol=3 VA=98000000414fffa8 PA=0414fffa8 line=ffd hitv=0000 ro=2301 tag=00000 V=1111 W=0001 data=0000000000000000 mask=11111111
770 icache  fc8fffe8 load  hit           pol=3 VA=ffffffff8000b71c PA=00000b710 line=38 hitv=00000001 ro=12345670 tag=00000b V=00000001 L=00000000
770 PC=0xffffffff8000b71c [000000000000b71c]	fc8affd0 sd     $t2,0xffffffd0($a0)
[va=98000000414fff90 pa=00000000414fff90]
770 dcache  fc8affd0 store hit           pol=3 VA=98000000414fff90 PA=0414fff90 line=7c hitv=00100000 ro=67123045 tag=0414ff V=00111111 W=00000000 L=00000000
770 scache  fc8affd0 store hit           pol=3 VA=98000000414fff90 PA=0414fff90 line=ffc hitv=0100 ro=3012 tag=020a7 V=1111 W=1101 data=4590eb7783082f07 mask=11111111
771 icache  fc8affd0 load  hit           pol=3 VA=ffffffff8000b720 PA=00000b720 line=39 hitv=00000001 ro=12345670 tag=00000b V=00000001 L=00000000
771 PC=0xffffffff8000b720 [000000000000b720]	fc89fff8 sd     $t1,0xfffffff8($a0)
[va=98000000414fffb8 pa=00000000414fffb8]
771 dcache  fc89fff8 store hit           pol=3 VA=98000000414fffb8 PA=0414fffb8 line=7d hitv=01000000 ro=70123456 tag=0414ff V=01111111 W=00000000 L=00000000
771 scache  fc89fff8 store hit           pol=3 VA=98000000414fffb8 PA=0414fffb8 line=ffd hitv=0100 ro=3012 tag=020a7 V=1111 W=0101 data=01fff0007ffc001f mask=11111111
772 PC=0xffffffff8000b724 [000000000000b724]	fc88fff0 sd     $t0,0xfffffff0($a0)
[va=98000000414fffb0 pa=00000000414fffb0]
772 dcache  fc88fff0 store hit           pol=3 VA=98000000414fffb0 PA=0414fffb0 line=7d hitv=01000000 ro=70123456 tag=0414ff V=01111111 W=00000000 L=00000000
772 scache  fc88fff0 store hit           pol=3 VA=98000000414fffb0 PA=0414fffb0 line=ffd hitv=0100 ro=3012 tag=020a7 V=1111 W=0101 data=cce1fb0f408507ba mask=11111111
773 PC=0xffffffff8000b728 [000000000000b728]	fc8cffe0 sd     $t4,0xffffffe0($a0)
[va=98000000414fffa0 pa=00000000414fffa0]
773 dcache  fc8cffe0 store hit           pol=3 VA=98000000414fffa0 PA=0414fffa0 line=7d hitv=01000000 ro=70123456 tag=0414ff V=01111111 W=00000000 L=00000000
773 scache  fc8cffe0 store hit           pol=3 VA=98000000414fffa0 PA=0414fffa0 line=ffd hitv=0100 ro=3012 tag=020a7 V=1111 W=0101 data=8000000000000000 mask=11111111
774 PC=0xffffffff8000b72c [000000000000b72c]	64840040 daddiu $a0,$a0,0x40
774 Reg write a0=9800000041500000
775 icache  64840040 load  hit           pol=3 VA=ffffffff8000b730 PA=00000b730 line=39 hitv=00000001 ro=12345670 tag=00000b V=00000001 L=00000000
775 PC=0xffffffff8000b730 [000000000000b730]	dca90038 ld     $t1,0x38($a1)
[va=9800000058600008 pa=0000000058600008]
775 dcache  dca90038 load  hit           pol=3 VA=9800000058600008 PA=058600008 line=00 hitv=10000000 ro=01234567 tag=058600 V=11111111 W=00000000 L=00000000
775 Reg write t1=0f65f14baf3e1ed5
776 PC=0xffffffff8000b734 [000000000000b734]	dcaf0028 ld     $t7,0x28($a1)
[va=98000000585ffff8 pa=00000000585ffff8]
776 dcache  dcaf0028 load  hit           pol=3 VA=98000000585ffff8 PA=0585ffff8 line=7f hitv=00010000 ro=56701234 tag=0585ff V=00011111 W=00000000 L=00000000
776 Reg write t7=feacbb58bf9ad4c8
777 PC=0xffffffff8000b738 [000000000000b738]	dcab0018 ld     $t3,0x18($a1)
[va=98000000585fffe8 pa=00000000585fffe8]
777 dcache  dcab0018 load  hit           pol=3 VA=98000000585fffe8 PA=0585fffe8 line=7f hitv=00010000 ro=56701234 tag=0585ff V=00011111 W=00000000 L=00000000
777 Reg write t3=3b889fd12fdbcb1f
778 PC=0xffffffff8000b73c [000000000000b73c]	dca80000 ld     $t0,0x0($a1)
[va=98000000585fffd0 pa=00000000585fffd0]
778 dcache  dca80000 load  hit           pol=3 VA=98000000585fffd0 PA=0585fffd0 line=7e hitv=00010000 ro=67012345 tag=0585ff V=00111111 W=00000000 L=00000000
778 Reg write t0=0000000000000001
779 icache  dca80000 load  hit           pol=3 VA=ffffffff8000b740 PA=00000b740 line=3a hitv=00000001 ro=12345670 tag=00000b V=00000001 L=00000000
779 PC=0xffffffff8000b740 [000000000000b740]	dca90008 ld     $t1,0x8($a1)
[va=98000000585fffd8 pa=00000000585fffd8]
779 dcache  dca90008 load  hit           pol=3 VA=98000000585fffd8 PA=0585fffd8 line=7e hitv=00010000 ro=67012354 tag=0585ff V=00111111 W=00000000 L=00000000
779 Reg write t1=9a3b39941ec2c658
780 PC=0xffffffff8000b744 [000000000000b744]	fc880000 sd     $t0,0x0($a0)
[va=9800000041500000 pa=0000000041500000]
780 dcache  fc880000 store miss w/alloc  pol=3 VA=9800000041500000 PA=041500000 line=00 hitv=00000000 ro=01234567 tag=000000 V=11111111 W=00000000 L=00000000
780 scache  fc880000 store miss w/alloc  pol=3 VA=9800000041500000 PA=041500000 line=000 hitv=0000 ro=0123 tag=00000 V=1111 W=0101 data=0000000000000001 mask=11111111
780 dmemacc: store 8 addr=043800000 data=98000000504fff30 mask=11111111 cline 
780 dmemacc: store 8 addr=043800008 data=3333333333333333 mask=11111111 cline 
780 dmemacc: store 8 addr=043800010 data=f7582b33fad4eadd mask=11111111 cline 
780 dmemacc: store 8 addr=043800018 data=f50aa0cbb58cac02 mask=11111111 cline 
781 PC=0xffffffff8000b748 [000000000000b748]	64a50040 daddiu $a1,$a1,0x40
781 Reg write a1=9800000058600010
782 PC=0xffffffff8000b74c [000000000000b74c]	dca80030 ld     $t0,0x30($a1)
[va=9800000058600040 pa=0000000058600040]
782 dcache  dca80030 load  miss refill   pol=3 VA=9800000058600040 PA=058600040 line=02 hitv=00000000 ro=45670123 tag=000000 V=00001111 W=00000000 L=00000000
782 scache  dca80030 load  miss refill   pol=3 VA=9800000058600040 PA=058600040 line=002 hitv=0000 ro=0123 tag=00000 V=1111 W=0101
782 dmemacc: store 8 addr=058800040 data=ffffffffa91849f2 mask=11111111 cline 
782 dmemacc: store 8 addr=058800048 data=0000003fffffffff mask=11111111 cline 
782 dmemacc: store 8 addr=058800050 data=41e3e0917ea0035a mask=11111111 cline 
782 dmemacc: store 8 addr=058800058 data=f71d8ba8b37e05ad mask=11111111 cline 
782 Reg write t0=5d61de51f73ab3e6
783 icache  dca80030 load  hit           pol=3 VA=ffffffff8000b750 PA=00000b750 line=3a hitv=00000001 ro=12345670 tag=00000b V=00000001 L=00000000
783 PC=0xffffffff8000b750 [000000000000b750]	fc890008 sd     $t1,0x8($a0)
[va=9800000041500008 pa=0000000041500008]
783 dcache  fc890008 store hit           pol=3 VA=9800000041500008 PA=041500008 line=00 hitv=00000001 ro=12345670 tag=041500 V=11111111 W=00000000 L=00000000
783 scache  fc890008 store hit           pol=3 VA=9800000041500008 PA=041500008 line=000 hitv=0001 ro=1230 tag=020a8 V=1111 W=0101 data=9a3b39941ec2c658 mask=11111111
784 PC=0xffffffff8000b754 [000000000000b754]	dcac0020 ld     $t4,0x20($a1)
[va=9800000058600030 pa=0000000058600030]
784 dcache  dcac0020 load  miss refill   pol=3 VA=9800000058600030 PA=058600030 line=01 hitv=00000000 ro=45670123 tag=000000 V=00001111 W=00000000 L=00000000
784 scache  dcac0020 load  miss refill   pol=3 VA=9800000058600030 PA=058600020 line=001 hitv=0000 ro=0123 tag=00000 V=1111 W=0101
784 dmemacc: store 8 addr=058800020 data=ffffffffa91849f2 mask=11111111 cline 
784 dmemacc: store 8 addr=058800028 data=f0e858f5b96521dc mask=11111111 cline 
784 dmemacc: store 8 addr=058800030 data=19ad66aad13a4539 mask=11111111 cline 
784 dmemacc: store 8 addr=058800038 data=375959bece9b2370 mask=11111111 cline 
784 Reg write t4=ffffffffffffffff
785 PC=0xffffffff8000b758 [000000000000b758]	64c6ffff daddiu $a2,$a2,0xffff
785 Reg write a2=0000000000000001
786 PC=0xffffffff8000b75c [000000000000b75c]	dcaa0010 ld     $t2,0x10($a1)
[va=9800000058600020 pa=0000000058600020]
786 dcache  dcaa0010 load  hit           pol=3 VA=9800000058600020 PA=058600020 line=01 hitv=00010000 ro=56701234 tag=058600 V=00011111 W=00000000 L=00000000
786 Reg write t2=fc00000000000000
787 icache  dcaa0010 load  hit           pol=3 VA=ffffffff8000b760 PA=00000b760 line=3b hitv=00000001 ro=12345670 tag=00000b V=00000001 L=00000000
787 PC=0xffffffff8000b760 [000000000000b760]	fc8bffd8 sd     $t3,0xffffffd8($a0)
[va=98000000414fffd8 pa=00000000414fffd8]
787 dcache  fc8bffd8 store hit           pol=3 VA=98000000414fffd8 PA=0414fffd8 line=7e hitv=00100000 ro=67012354 tag=0414ff V=00111111 W=00000000 L=00000000
787 scache  fc8bffd8 store hit           pol=3 VA=98000000414fffd8 PA=0414fffd8 line=ffe hitv=0010 ro=2301 tag=020a7 V=1111 W=1010 data=3b889fd12fdbcb1f mask=11111111
788 PC=0xffffffff8000b764 [000000000000b764]	14c0ffed bne    $a2,$r0,0xffffffff8000b71c
789 PC=0xffffffff8000b768 [000000000000b768]	fc8fffe8 sd     $t7,0xffffffe8($a0)
[va=98000000414fffe8 pa=00000000414fffe8]
789 dcache  fc8fffe8 store miss w/alloc  pol=3 VA=98000000414fffe8 PA=0414fffe8 line=7f hitv=00000000 ro=56701234 tag=000000 V=00011111 W=00000000 L=00000000
789 scache  fc8fffe8 store miss w/alloc  pol=3 VA=98000000414fffe8 PA=0414fffe8 line=fff hitv=0000 ro=1230 tag=00000 V=1111 W=1000 data=feacbb58bf9ad4c8 mask=11111111
790 icache  fc8fffe8 load  hit           pol=3 VA=ffffffff8000b71c PA=00000b710 line=38 hitv=00000001 ro=12345670 tag=00000b V=00000001 L=00000000
790 PC=0xffffffff8000b71c [000000000000b71c]	fc8affd0 sd     $t2,0xffffffd0($a0)
[va=98000000414fffd0 pa=00000000414fffd0]
790 dcache  fc8affd0 store hit           pol=3 VA=98000000414fffd0 PA=0414fffd0 line=7e hitv=00100000 ro=67012345 tag=0414ff V=00111111 W=00000000 L=00000000
790 scache  fc8affd0 store hit           pol=3 VA=98000000414fffd0 PA=0414fffd0 line=ffe hitv=0010 ro=2301 tag=020a7 V=1111 W=1010 data=fc00000000000000 mask=11111111
791 icache  fc8affd0 load  hit           pol=3 VA=ffffffff8000b720 PA=00000b720 line=39 hitv=00000001 ro=12345670 tag=00000b V=00000001 L=00000000
791 PC=0xffffffff8000b720 [000000000000b720]	fc89fff8 sd     $t1,0xfffffff8($a0)
[va=98000000414ffff8 pa=00000000414ffff8]
791 dcache  fc89fff8 store hit           pol=3 VA=98000000414ffff8 PA=0414ffff8 line=7f hitv=00100000 ro=67012345 tag=0414ff V=00111111 W=00000000 L=00000000
791 scache  fc89fff8 store hit           pol=3 VA=98000000414ffff8 PA=0414ffff8 line=fff hitv=0010 ro=2301 tag=020a7 V=1111 W=1010 data=9a3b39941ec2c658 mask=11111111
792 PC=0xffffffff8000b724 [000000000000b724]	fc88fff0 sd     $t0,0xfffffff0($a0)
[va=98000000414ffff0 pa=00000000414ffff0]
792 dcache  fc88fff0 store hit           pol=3 VA=98000000414ffff0 PA=0414ffff0 line=7f hitv=00100000 ro=67012345 tag=0414ff V=00111111 W=00000000 L=00000000
792 scache  fc88fff0 store hit           pol=3 VA=98000000414ffff0 PA=0414ffff0 line=fff hitv=0010 ro=2301 tag=020a7 V=1111 W=1010 data=5d61de51f73ab3e6 mask=11111111
793 PC=0xffffffff8000b728 [000000000000b728]	fc8cffe0 sd     $t4,0xffffffe0($a0)
[va=98000000414fffe0 pa=00000000414fffe0]
793 dcache  fc8cffe0 store hit           pol=3 VA=98000000414fffe0 PA=0414fffe0 line=7f hitv=00100000 ro=67012345 tag=0414ff V=00111111 W=00000000 L=00000000
793 scache  fc8cffe0 store hit           pol=3 VA=98000000414fffe0 PA=0414fffe0 line=fff hitv=0010 ro=2301 tag=020a7 V=1111 W=1010 data=ffffffffffffffff mask=11111111
794 PC=0xffffffff8000b72c [000000000000b72c]	64840040 daddiu $a0,$a0,0x40
794 Reg write a0=9800000041500040
795 icache  64840040 load  hit           pol=3 VA=ffffffff8000b730 PA=00000b730 line=39 hitv=00000001 ro=12345670 tag=00000b V=00000001 L=00000000
795 PC=0xffffffff8000b730 [000000000000b730]	dca90038 ld     $t1,0x38($a1)
[va=9800000058600048 pa=0000000058600048]
795 dcache  dca90038 load  hit           pol=3 VA=9800000058600048 PA=058600048 line=02 hitv=00010000 ro=56701234 tag=058600 V=00011111 W=00000000 L=00000000
795 Reg write t1=0000000000000000
796 PC=0xffffffff8000b734 [000000000000b734]	dcaf0028 ld     $t7,0x28($a1)
[va=9800000058600038 pa=0000000058600038]
796 dcache  dcaf0028 load  hit           pol=3 VA=9800000058600038 PA=058600038 line=01 hitv=00010000 ro=56701234 tag=058600 V=00011111 W=00000000 L=00000000
796 Reg write t7=15ae84b4f744be01
797 PC=0xffffffff8000b738 [000000000000b738]	dcab0018 ld     $t3,0x18($a1)
[va=9800000058600028 pa=0000000058600028]
797 dcache  dcab0018 load  hit           pol=3 VA=9800000058600028 PA=058600028 line=01 hitv=00010000 ro=56701234 tag=058600 V=00011111 W=00000000 L=00000000
797 Reg write t3=4f066e78cfc5b131
798 PC=0xffffffff8000b73c [000000000000b73c]	dca80000 ld     $t0,0x0($a1)
[va=9800000058600010 pa=0000000058600010]
798 dcache  dca80000 load  hit           pol=3 VA=9800000058600010 PA=058600010 line=00 hitv=10000000 ro=12345670 tag=058600 V=11111111 W=00000000 L=00000000
798 Reg write t0=9249ec95cc8d162e
799 icache  dca80000 load  hit           pol=3 VA=ffffffff8000b740 PA=00000b740 line=3a hitv=00000001 ro=12345670 tag=00000b V=00000001 L=00000000
799 PC=0xffffffff8000b740 [000000000000b740]	dca90008 ld     $t1,0x8($a1)
[va=9800000058600018 pa=0000000058600018]
799 dcache  dca90008 load  hit           pol=3 VA=9800000058600018 PA=058600018 line=00 hitv=10000000 ro=12345607 tag=058600 V=11111111 W=00000000 L=00000000
799 Reg write t1=733643000799e7a5
800 PC=0xffffffff8000b744 [000000000000b744]	fc880000 sd     $t0,0x0($a0)
[va=9800000041500040 pa=0000000041500040]
800 dcache  fc880000 store miss w/alloc  pol=3 VA=9800000041500040 PA=041500040 line=02 hitv=00000000 ro=56701234 tag=000000 V=00011111 W=00000000 L=00000000
800 scache  fc880000 store miss w/alloc  pol=3 VA=9800000041500040 PA=041500040 line=002 hitv=0000 ro=1230 tag=00000 V=1111 W=0100 data=9249ec95cc8d162e mask=11111111
801 PC=0xffffffff8000b748 [000000000000b748]	64a50040 daddiu $a1,$a1,0x40
801 Reg write a1=9800000058600050
802 PC=0xffffffff8000b74c [000000000000b74c]	dca80030 ld     $t0,0x30($a1)
[va=9800000058600080 pa=0000000058600080]
802 dcache  dca80030 load  miss refill   pol=3 VA=9800000058600080 PA=058600080 line=04 hitv=00000000 ro=23456701 tag=000000 V=00000011 W=00000000 L=00000000
802 scache  dca80030 load  miss refill   pol=3 VA=9800000058600080 PA=058600080 line=004 hitv=0000 ro=2301 tag=00000 V=0011 W=0011
802 Reg write t0=4fb52431005cf10a
803 icache  dca80030 load  hit           pol=3 VA=ffffffff8000b750 PA=00000b750 line=3a hitv=00000001 ro=12345670 tag=00000b V=00000001 L=00000000
803 PC=0xffffffff8000b750 [000000000000b750]	fc890008 sd     $t1,0x8($a0)
[va=9800000041500048 pa=0000000041500048]
803 dcache  fc890008 store hit           pol=3 VA=9800000041500048 PA=041500048 line=02 hitv=00100000 ro=67012345 tag=041500 V=00111111 W=00000000 L=00000000
803 scache  fc890008 store hit           pol=3 VA=9800000041500048 PA=041500048 line=002 hitv=0010 ro=2301 tag=020a8 V=1111 W=0110 data=733643000799e7a5 mask=11111111
804 PC=0xffffffff8000b754 [000000000000b754]	dcac0020 ld     $t4,0x20($a1)
[va=9800000058600070 pa=0000000058600070]
804 dcache  dcac0020 load  miss refill   pol=3 VA=9800000058600070 PA=058600070 line=03 hitv=00000000 ro=45670123 tag=000000 V=00001111 W=00000000 L=00000000
804 scache  dcac0020 load  miss refill   pol=3 VA=9800000058600070 PA=058600060 line=003 hitv=0000 ro=0123 tag=00000 V=1111 W=0111
804 dmemacc: store 8 addr=058800060 data=ffffffffa91849f2 mask=11111111 cline 
804 dmemacc: store 8 addr=058800068 data=71c71c71c71c71c7 mask=11111111 cline 
804 dmemacc: store 8 addr=058800070 data=f65dd33b64fceccd mask=11111111 cline 
804 dmemacc: store 8 addr=058800078 data=fffe000000000000 mask=11111111 cline 
804 Reg write t4=30dd5ece5cf932a4
805 PC=0xffffffff8000b758 [000000000000b758]	64c6ffff daddiu $a2,$a2,0xffff
805 Reg write a2=0000000000000000
806 PC=0xffffffff8000b75c [000000000000b75c]	dcaa0010 ld     $t2,0x10($a1)
[va=9800000058600060 pa=0000000058600060]
806 dcache  dcaa0010 load  hit           pol=3 VA=9800000058600060 PA=058600060 line=03 hitv=00010000 ro=56701234 tag=058600 V=00011111 W=00000000 L=00000000
806 Reg write t2=ffffffffffffffff
807 icache  dcaa0010 load  hit           pol=3 VA=ffffffff8000b760 PA=00000b760 line=3b hitv=00000001 ro=12345670 tag=00000b V=00000001 L=00000000
807 PC=0xffffffff8000b760 [000000000000b760]	fc8bffd8 sd     $t3,0xffffffd8($a0)
[va=9800000041500018 pa=0000000041500018]
807 dcache  fc8bffd8 store hit           pol=3 VA=9800000041500018 PA=041500018 line=00 hitv=00000001 ro=12345607 tag=041500 V=11111111 W=00000000 L=00000000
807 scache  fc8bffd8 store hit           pol=3 VA=9800000041500018 PA=041500018 line=000 hitv=0001 ro=1230 tag=020a8 V=1111 W=0101 data=4f066e78cfc5b131 mask=11111111
808 PC=0xffffffff8000b764 [000000000000b764]	14c0ffed bne    $a2,$r0,0xffffffff8000b71c
809 PC=0xffffffff8000b768 [000000000000b768]	fc8fffe8 sd     $t7,0xffffffe8($a0)
[va=9800000041500028 pa=0000000041500028]
809 dcache  fc8fffe8 store miss w/alloc  pol=3 VA=9800000041500028 PA=041500028 line=01 hitv=00000000 ro=56701234 tag=000000 V=00011111 W=00000000 L=00000000
809 scache  fc8fffe8 store miss w/alloc  pol=3 VA=9800000041500028 PA=041500028 line=001 hitv=0000 ro=1230 tag=00000 V=1111 W=0100 data=15ae84b4f744be01 mask=11111111
810 PC=0xffffffff8000b76c [000000000000b76c]	00000000 nop
811 icache  00000000 load  hit           pol=3 VA=ffffffff8000b770 PA=00000b770 line=3b hitv=00000001 ro=12345670 tag=00000b V=00000001 L=00000000
811 PC=0xffffffff8000b770 [000000000000b770]	0632f984 bltzall $s1,0xffffffff80009d84
811 Reg write ra=ffffffff8000b778
812 PC=0xffffffff8000b774 [000000000000b774]	00000000 nop
813 icache  00000000 load  miss refill   pol=3 VA=ffffffff80009d84 PA=000009d80 line=6c hitv=00000000 ro=01234567 tag=000000 V=00000000 L=00000000
813 PC=0xffffffff80009d84 [0000000000009d84]	fc760238 sd     $s6,0x238($v1)
[va=9800000050500168 pa=0000000050500168]
813 dcache  fc760238 store miss w/alloc  pol=3 VA=9800000050500168 PA=050500168 line=0b hitv=00000000 ro=23456701 tag=000000 V=00000011 W=00000000 L=00000000
813 scache  fc760238 store miss w/alloc  pol=3 VA=9800000050500168 PA=050500168 line=00b hitv=0000 ro=1230 tag=00000 V=0001 W=0001 data=0000000000000000 mask=11111111
814 PC=0xffffffff80009d88 [0000000000009d88]	fc730150 sd     $s3,0x150($v1)
[va=9800000050500080 pa=0000000050500080]
814 dcache  fc730150 store miss w/alloc  pol=3 VA=9800000050500080 PA=050500080 line=04 hitv=00000000 ro=34567012 tag=000000 V=00000111 W=00000000 L=00000000
814 scache  fc730150 store miss w/alloc  pol=3 VA=9800000050500080 PA=050500080 line=004 hitv=0000 ro=3012 tag=00000 V=0111 W=0011 data=0000000000000031 mask=11111111
815 PC=0xffffffff80009d8c [0000000000009d8c]	fc6c0178 sd     $t4,0x178($v1)
[va=98000000505000a8 pa=00000000505000a8]
815 dcache  fc6c0178 store miss w/alloc  pol=3 VA=98000000505000a8 PA=0505000a8 line=05 hitv=00000000 ro=56701234 tag=000000 V=00011111 W=00000000 L=00000000
815 scache  fc6c0178 store miss w/alloc  pol=3 VA=98000000505000a8 PA=0505000a8 line=005 hitv=0000 ro=0123 tag=00000 V=1111 W=0111 data=30dd5ece5cf932a4 mask=11111111
815 dmemacc: store 8 addr=0588000a0 data=ffffffffffffffff mask=11111111 cline 
815 dmemacc: store 8 addr=0588000a8 data=0957bb5892306745 mask=11111111 cline 
815 dmemacc: store 8 addr=0588000b0 data=78f8ad0a2a5641a4 mask=11111111 cline 
815 dmemacc: store 8 addr=0588000b8 data=f153a37e448c18a0 mask=11111111 cline 
816 icache  fc6c0178 load  hit           pol=3 VA=ffffffff80009d90 PA=000009d90 line=6c hitv=00000001 ro=12345670 tag=000009 V=00000001 L=00000000
816 PC=0xffffffff80009d90 [0000000000009d90]	fc6301d0 sd     $v1,0x1d0($v1)
[va=9800000050500100 pa=0000000050500100]
816 dcache  fc6301d0 store miss w/alloc  pol=3 VA=9800000050500100 PA=050500100 line=08 hitv=00000000 ro=45670132 tag=000000 V=00001111 W=00000000 L=00000000
816 scache  fc6301d0 store miss w/alloc  pol=3 VA=9800000050500100 PA=050500100 line=008 hitv=0000 ro=3012 tag=00000 V=0111 W=0001 data=98000000504fff30 mask=11111111
817 PC=0xffffffff80009d94 [0000000000009d94]	fc670050 sd     $a3,0x50($v1)
[va=98000000504fff80 pa=00000000504fff80]
817 dcache  fc670050 store miss w/alloc  pol=3 VA=98000000504fff80 PA=0504fff80 line=7c hitv=00000000 ro=67123045 tag=000000 V=00111111 W=00000000 L=00000000
817 scache  fc670050 store miss w/alloc  pol=3 VA=98000000504fff80 PA=0504fff80 line=ffc hitv=0000 ro=3012 tag=00000 V=1111 W=1101 data=98000000414feac0 mask=11111111
817 dmemacc: store 8 addr=059afff80 data=6fd3a82f9f98d223 mask=11111111 cline 
817 dmemacc: store 8 addr=059afff88 data=3d8c97c70ea0364e mask=11111111 cline 
817 dmemacc: store 8 addr=059afff90 data=38e38e38e38e38e3 mask=11111111 cline 
817 dmemacc: store 8 addr=059afff98 data=7337ae24b838dcdc mask=11111111 cline 
818 PC=0xffffffff80009d98 [0000000000009d98]	00000000 nop
819 PC=0xffffffff80009d9c [0000000000009d9c]	03e00008 jr     $ra
820 icache  03e00008 load  miss refill   pol=3 VA=ffffffff80009da0 PA=000009da0 line=6d hitv=00000000 ro=01234567 tag=000000 V=00000000 L=00000000
820 PC=0xffffffff80009da0 [0000000000009da0]	fc7a0218 sd     $k0,0x218($v1)
[va=9800000050500148 pa=0000000050500148]
820 dcache  fc7a0218 store hit           pol=3 VA=9800000050500148 PA=050500148 line=0a hitv=00001000 ro=45670231 tag=050500 V=00001111 W=00000000 L=00000000
820 scache  fc7a0218 store hit           pol=3 VA=9800000050500148 PA=050500148 line=00a hitv=0100 ro=3120 tag=02828 V=0111 W=0111 data=f136b5e4cac3aae1 mask=11111111
821 icache  fc7a0218 load  hit           pol=3 VA=ffffffff8000b778 PA=00000b770 line=3b hitv=00000001 ro=12345670 tag=00000b V=00000001 L=00000000
821 PC=0xffffffff8000b778 [000000000000b778]	3c089800 lui    $t0,0x9800
821 Reg write t0=ffffffff98000000
822 PC=0xffffffff8000b77c [000000000000b77c]	00084438 dsll   $t0,$t0,16
822 Reg write t0=ffff980000000000
823 icache  00084438 load  miss refill   pol=3 VA=ffffffff8000b780 PA=00000b780 line=3c hitv=00000000 ro=01234567 tag=000000 V=00000000 L=00000000
823 PC=0xffffffff8000b780 [000000000000b780]	350859b0 ori    $t0,$t0,0x59b0
823 Reg write t0=ffff9800000059b0
824 PC=0xffffffff8000b784 [000000000000b784]	00084438 dsll   $t0,$t0,16
824 Reg write t0=9800000059b00000
825 PC=0xffffffff8000b788 [000000000000b788]	35080020 ori    $t0,$t0,0x20
825 Reg write t0=9800000059b00020
826 PC=0xffffffff8000b78c [000000000000b78c]	240a0007 addiu  $t2,$r0,0x7
826 Reg write t2=0000000000000007
827 icache  240a0007 load  hit           pol=3 VA=ffffffff8000b790 PA=00000b790 line=3c hitv=00000001 ro=12345670 tag=00000b V=00000001 L=00000000
827 PC=0xffffffff8000b790 [000000000000b790]	810b0000 lb     $t3,0x0($t0)
[va=9800000059b00020 pa=0000000059b00020]
827 dcache  810b0000 load  miss refill   pol=3 VA=9800000059b00020 PA=059b00020 line=01 hitv=00000000 ro=67012345 tag=000000 V=00111111 W=00000000 L=00000000
827 scache  810b0000 load  miss refill   pol=3 VA=9800000059b00020 PA=059b00020 line=001 hitv=0000 ro=2301 tag=00000 V=1111 W=0110
827 dmemacc: store 8 addr=055800020 data=74000995e6399f41 mask=11111111 cline 
827 dmemacc: store 8 addr=055800028 data=8c6f27c060e06e51 mask=11111111 cline 
827 dmemacc: store 8 addr=055800030 data=e9683f5726d4cdb5 mask=11111111 cline 
827 dmemacc: store 8 addr=055800038 data=ff00000000000000 mask=11111111 cline 
827 Reg write t3=000000000000005f
828 PC=0xffffffff8000b794 [000000000000b794]	a10b0020 sb     $t3,0x20($t0)
[va=9800000059b00040 pa=0000000059b00040]
828 dcache  a10b0020 store miss w/alloc  pol=3 VA=9800000059b00040 PA=059b00040 line=02 hitv=00000000 ro=67012345 tag=000000 V=00111111 W=00000000 L=00000000
828 scache  a10b0020 store miss w/alloc  pol=3 VA=9800000059b00040 PA=059b00040 line=002 hitv=0000 ro=2301 tag=00000 V=1111 W=0110 data=5f00000000000000 mask=10000000
828 dmemacc: store 8 addr=055800040 data=2065bac9c369ce64 mask=11111111 cline 
828 dmemacc: store 8 addr=055800048 data=6ce13f76ab2360b3 mask=11111111 cline 
828 dmemacc: store 8 addr=055800050 data=7729b51f60398407 mask=11111111 cline 
828 dmemacc: store 8 addr=055800058 data=ffffffffffc00000 mask=11111111 cline 
829 PC=0xffffffff8000b798 [000000000000b798]	254affff addiu  $t2,$t2,0xffff
829 Reg write t2=0000000000000006
830 PC=0xffffffff8000b79c [000000000000b79c]	1540fffc bne    $t2,$r0,0xffffffff8000b790
831 icache  1540fffc load  miss refill   pol=3 VA=ffffffff8000b7a0 PA=00000b7a0 line=3d hitv=00000000 ro=01234567 tag=000000 V=00000000 L=00000000
831 PC=0xffffffff8000b7a0 [000000000000b7a0]	65080020 daddiu $t0,$t0,0x20
831 Reg write t0=9800000059b00040
832 icache  65080020 load  hit           pol=3 VA=ffffffff8000b790 PA=00000b790 line=3c hitv=00000001 ro=12345670 tag=00000b V=00000001 L=00000000
832 PC=0xffffffff8000b790 [000000000000b790]	810b0000 lb     $t3,0x0($t0)
[va=9800000059b00040 pa=0000000059b00040]
832 dcache  810b0000 load  hit           pol=3 VA=9800000059b00040 PA=059b00040 line=02 hitv=01000000 ro=70123456 tag=059b00 V=01111111 W=00000000 L=00000000
832 Reg write t3=000000000000005f
833 PC=0xffffffff8000b794 [000000000000b794]	a10b0020 sb     $t3,0x20($t0)
[va=9800000059b00060 pa=0000000059b00060]
833 dcache  a10b0020 store miss w/alloc  pol=3 VA=9800000059b00060 PA=059b00060 line=03 hitv=00000000 ro=56701234 tag=000000 V=00011111 W=00000000 L=00000000
833 scache  a10b0020 store miss w/alloc  pol=3 VA=9800000059b00060 PA=059b00060 line=003 hitv=0000 ro=1230 tag=00000 V=1111 W=0110 data=5f00000000000000 mask=10000000
833 dmemacc: store 8 addr=04b800060 data=0000000000000001 mask=11111111 cline 
833 dmemacc: store 8 addr=04b800068 data=123a57624d7f732e mask=11111111 cline 
833 dmemacc: store 8 addr=04b800070 data=03fc03fc03fc03fc mask=11111111 cline 
833 dmemacc: store 8 addr=04b800078 data=123a57624d7f732e mask=11111111 cline 
834 PC=0xffffffff8000b798 [000000000000b798]	254affff addiu  $t2,$t2,0xffff
834 Reg write t2=0000000000000005
835 PC=0xffffffff8000b79c [000000000000b79c]	1540fffc bne    $t2,$r0,0xffffffff8000b790
836 icache  1540fffc load  hit           pol=3 VA=ffffffff8000b7a0 PA=00000b7a0 line=3d hitv=00000001 ro=12345670 tag=00000b V=00000001 L=00000000
836 PC=0xffffffff8000b7a0 [000000000000b7a0]	65080020 daddiu $t0,$t0,0x20
836 Reg write t0=9800000059b00060
837 icache  65080020 load  hit           pol=3 VA=ffffffff8000b790 PA=00000b790 line=3c hitv=00000001 ro=12345670 tag=00000b V=00000001 L=00000000
837 PC=0xffffffff8000b790 [000000000000b790]	810b0000 lb     $t3,0x0($t0)
[va=9800000059b00060 pa=0000000059b00060]
837 dcache  810b0000 load  hit           pol=3 VA=9800000059b00060 PA=059b00060 line=03 hitv=00100000 ro=67012345 tag=059b00 V=00111111 W=00000000 L=00000000
837 Reg write t3=000000000000005f
838 PC=0xffffffff8000b794 [000000000000b794]	a10b0020 sb     $t3,0x20($t0)
[va=9800000059b00080 pa=0000000059b00080]
838 dcache  a10b0020 store miss w/alloc  pol=3 VA=9800000059b00080 PA=059b00080 line=04 hitv=00000000 ro=45670123 tag=000000 V=00001111 W=00000000 L=00000000
838 scache  a10b0020 store miss w/alloc  pol=3 VA=9800000059b00080 PA=059b00080 line=004 hitv=0000 ro=0123 tag=00000 V=1111 W=1011 data=5f00000000000000 mask=10000000
838 dmemacc: store 8 addr=058800080 data=1351a9b17b6234db mask=11111111 cline 
838 dmemacc: store 8 addr=058800088 data=4be5ff1d6b35297b mask=11111111 cline 
838 dmemacc: store 8 addr=058800090 data=9e9b2423570ddae0 mask=11111111 cline 
838 dmemacc: store 8 addr=058800098 data=6dfc3a12c3364ce0 mask=11111111 cline 
839 PC=0xffffffff8000b798 [000000000000b798]	254affff addiu  $t2,$t2,0xffff
839 Reg write t2=0000000000000004
840 PC=0xffffffff8000b79c [000000000000b79c]	1540fffc bne    $t2,$r0,0xffffffff8000b790
841 icache  1540fffc load  hit           pol=3 VA=ffffffff8000b7a0 PA=00000b7a0 line=3d hitv=00000001 ro=12345670 tag=00000b V=00000001 L=00000000
841 PC=0xffffffff8000b7a0 [000000000000b7a0]	65080020 daddiu $t0,$t0,0x20
841 Reg write t0=9800000059b00080
842 icache  65080020 load  hit           pol=3 VA=ffffffff8000b790 PA=00000b790 line=3c hitv=00000001 ro=12345670 tag=00000b V=00000001 L=00000000
842 PC=0xffffffff8000b790 [000000000000b790]	810b0000 lb     $t3,0x0($t0)
[va=9800000059b00080 pa=0000000059b00080]
842 dcache  810b0000 load  hit           pol=3 VA=9800000059b00080 PA=059b00080 line=04 hitv=00010000 ro=56701234 tag=059b00 V=00011111 W=00000000 L=00000000
842 Reg write t3=000000000000005f
843 PC=0xffffffff8000b794 [000000000000b794]	a10b0020 sb     $t3,0x20($t0)
[va=9800000059b000a0 pa=0000000059b000a0]
843 dcache  a10b0020 store miss w/alloc  pol=3 VA=9800000059b000a0 PA=059b000a0 line=05 hitv=00000000 ro=67012345 tag=000000 V=00111111 W=00000000 L=00000000
843 scache  a10b0020 store miss w/alloc  pol=3 VA=9800000059b000a0 PA=059b000a0 line=005 hitv=0000 ro=1230 tag=00000 V=1111 W=0111 data=5f00000000000000 mask=10000000
843 dmemacc: store 8 addr=04b8000a0 data=85951bea452c67f1 mask=11111111 cline 
843 dmemacc: store 8 addr=04b8000a8 data=589c8dc048318c8b mask=11111111 cline 
843 dmemacc: store 8 addr=04b8000b0 data=6a0dc3da13f521f8 mask=11111111 cline 
843 dmemacc: store 8 addr=04b8000b8 data=30fa8861919633a1 mask=11111111 cline 
844 PC=0xffffffff8000b798 [000000000000b798]	254affff addiu  $t2,$t2,0xffff
844 Reg write t2=0000000000000003
845 PC=0xffffffff8000b79c [000000000000b79c]	1540fffc bne    $t2,$r0,0xffffffff8000b790
846 icache  1540fffc load  hit           pol=3 VA=ffffffff8000b7a0 PA=00000b7a0 line=3d hitv=00000001 ro=12345670 tag=00000b V=00000001 L=00000000
846 PC=0xffffffff8000b7a0 [000000000000b7a0]	65080020 daddiu $t0,$t0,0x20
846 Reg write t0=9800000059b000a0
847 icache  65080020 load  hit           pol=3 VA=ffffffff8000b790 PA=00000b790 line=3c hitv=00000001 ro=12345670 tag=00000b V=00000001 L=00000000
847 PC=0xffffffff8000b790 [000000000000b790]	810b0000 lb     $t3,0x0($t0)
[va=9800000059b000a0 pa=0000000059b000a0]
847 dcache  810b0000 load  hit           pol=3 VA=9800000059b000a0 PA=059b000a0 line=05 hitv=01000000 ro=70123456 tag=059b00 V=01111111 W=00000000 L=00000000
847 Reg write t3=000000000000005f
848 PC=0xffffffff8000b794 [000000000000b794]	a10b0020 sb     $t3,0x20($t0)
[va=9800000059b000c0 pa=0000000059b000c0]
848 dcache  a10b0020 store miss w/alloc  pol=3 VA=9800000059b000c0 PA=059b000c0 line=06 hitv=00000000 ro=23456701 tag=000000 V=00000011 W=00000000 L=00000000
848 scache  a10b0020 store miss w/alloc  pol=3 VA=9800000059b000c0 PA=059b000c0 line=006 hitv=0000 ro=2301 tag=00000 V=0011 W=0011 data=5f00000000000000 mask=10000000
849 PC=0xffffffff8000b798 [000000000000b798]	254affff addiu  $t2,$t2,0xffff
849 Reg write t2=0000000000000002
850 PC=0xffffffff8000b79c [000000000000b79c]	1540fffc bne    $t2,$r0,0xffffffff8000b790
851 icache  1540fffc load  hit           pol=3 VA=ffffffff8000b7a0 PA=00000b7a0 line=3d hitv=00000001 ro=12345670 tag=00000b V=00000001 L=00000000
851 PC=0xffffffff8000b7a0 [000000000000b7a0]	65080020 daddiu $t0,$t0,0x20
851 Reg write t0=9800000059b000c0
852 icache  65080020 load  hit           pol=3 VA=ffffffff8000b790 PA=00000b790 line=3c hitv=00000001 ro=12345670 tag=00000b V=00000001 L=00000000
852 PC=0xffffffff8000b790 [000000000000b790]	810b0000 lb     $t3,0x0($t0)
[va=9800000059b000c0 pa=0000000059b000c0]
852 dcache  810b0000 load  hit           pol=3 VA=9800000059b000c0 PA=059b000c0 line=06 hitv=00000100 ro=34567012 tag=059b00 V=00000111 W=00000000 L=00000000
852 Reg write t3=000000000000005f
853 PC=0xffffffff8000b794 [000000000000b794]	a10b0020 sb     $t3,0x20($t0)
[va=9800000059b000e0 pa=0000000059b000e0]
853 dcache  a10b0020 store miss w/alloc  pol=3 VA=9800000059b000e0 PA=059b000e0 line=07 hitv=00000000 ro=45670123 tag=000000 V=00001111 W=00000000 L=00000000
853 scache  a10b0020 store miss w/alloc  pol=3 VA=9800000059b000e0 PA=059b000e0 line=007 hitv=0000 ro=3012 tag=00000 V=0111 W=0011 data=5f00000000000000 mask=10000000
854 PC=0xffffffff8000b798 [000000000000b798]	254affff addiu  $t2,$t2,0xffff
854 Reg write t2=0000000000000001
855 PC=0xffffffff8000b79c [000000000000b79c]	1540fffc bne    $t2,$r0,0xffffffff8000b790
856 icache  1540fffc load  hit           pol=3 VA=ffffffff8000b7a0 PA=00000b7a0 line=3d hitv=00000001 ro=12345670 tag=00000b V=00000001 L=00000000
856 PC=0xffffffff8000b7a0 [000000000000b7a0]	65080020 daddiu $t0,$t0,0x20
856 Reg write t0=9800000059b000e0
857 icache  65080020 load  hit           pol=3 VA=ffffffff8000b790 PA=00000b790 line=3c hitv=00000001 ro=12345670 tag=00000b V=00000001 L=00000000
857 PC=0xffffffff8000b790 [000000000000b790]	810b0000 lb     $t3,0x0($t0)
[va=9800000059b000e0 pa=0000000059b000e0]
857 dcache  810b0000 load  hit           pol=3 VA=9800000059b000e0 PA=059b000e0 line=07 hitv=00010000 ro=56701234 tag=059b00 V=00011111 W=00000000 L=00000000
857 Reg write t3=000000000000005f
858 PC=0xffffffff8000b794 [000000000000b794]	a10b0020 sb     $t3,0x20($t0)
[va=9800000059b00100 pa=0000000059b00100]
858 dcache  a10b0020 store miss w/alloc  pol=3 VA=9800000059b00100 PA=059b00100 line=08 hitv=00000000 ro=56701324 tag=000000 V=00011111 W=00000000 L=00000000
858 scache  a10b0020 store miss w/alloc  pol=3 VA=9800000059b00100 PA=059b00100 line=008 hitv=0000 ro=0123 tag=00000 V=1111 W=1001 data=5f00000000000000 mask=10000000
858 dmemacc: store 8 addr=058800100 data=98000000504fff30 mask=11111111 cline 
858 dmemacc: store 8 addr=058800108 data=fd808f5d0a56d578 mask=11111111 cline 
858 dmemacc: store 8 addr=058800110 data=60fd998e513f783c mask=11111111 cline 
858 dmemacc: store 8 addr=058800118 data=0000000000000000 mask=11111111 cline 
859 PC=0xffffffff8000b798 [000000000000b798]	254affff addiu  $t2,$t2,0xffff
859 Reg write t2=0000000000000000
860 PC=0xffffffff8000b79c [000000000000b79c]	1540fffc bne    $t2,$r0,0xffffffff8000b790
861 icache  1540fffc load  hit           pol=3 VA=ffffffff8000b7a0 PA=00000b7a0 line=3d hitv=00000001 ro=12345670 tag=00000b V=00000001 L=00000000
861 PC=0xffffffff8000b7a0 [000000000000b7a0]	65080020 daddiu $t0,$t0,0x20
861 Reg write t0=9800000059b00100
862 PC=0xffffffff8000b7a4 [000000000000b7a4]	3c0a9800 lui    $t2,0x9800
862 Reg write t2=ffffffff98000000
863 PC=0xffffffff8000b7a8 [000000000000b7a8]	000a5438 dsll   $t2,$t2,16
863 Reg write t2=ffff980000000000
864 PC=0xffffffff8000b7ac [000000000000b7ac]	354a4520 ori    $t2,$t2,0x4520
864 Reg write t2=ffff980000004520
865 icache  354a4520 load  hit           pol=3 VA=ffffffff8000b7b0 PA=00000b7b0 line=3d hitv=00000001 ro=12345670 tag=00000b V=00000001 L=00000000
865 PC=0xffffffff8000b7b0 [000000000000b7b0]	000a5438 dsll   $t2,$t2,16
865 Reg write t2=9800000045200000
866 PC=0xffffffff8000b7b4 [000000000000b7b4]	354a3cbb ori    $t2,$t2,0x3cbb
866 Reg write t2=9800000045203cbb
867 PC=0xffffffff8000b7b8 [000000000000b7b8]	914ac434 lbu    $t2,0xffffc434($t2)
[va=98000000452000ef pa=00000000452000ef]
867 dcache  914ac434 load  hit           pol=3 VA=98000000452000ef PA=0452000e8 line=07 hitv=00001000 ro=56701234 tag=045200 V=00011111 W=00000000 L=00000000
867 Reg write t2=00000000000000b3
868 PC=0xffffffff8000b7bc [000000000000b7bc]	3c089800 lui    $t0,0x9800
868 Reg write t0=ffffffff98000000
869 icache  3c089800 load  miss refill   pol=3 VA=ffffffff8000b7c0 PA=00000b7c0 line=3e hitv=00000000 ro=01234567 tag=000000 V=00000000 L=00000000
869 PC=0xffffffff8000b7c0 [000000000000b7c0]	00084438 dsll   $t0,$t0,16
869 Reg write t0=ffff980000000000
870 PC=0xffffffff8000b7c4 [000000000000b7c4]	3508517f ori    $t0,$t0,0x517f
870 Reg write t0=ffff98000000517f
871 PC=0xffffffff8000b7c8 [000000000000b7c8]	00084438 dsll   $t0,$t0,16
871 Reg write t0=98000000517f0000
872 PC=0xffffffff8000b7cc [000000000000b7cc]	3508e9f1 ori    $t0,$t0,0xe9f1
872 Reg write t0=98000000517fe9f1
873 icache  3508e9f1 load  hit           pol=3 VA=ffffffff8000b7d0 PA=00000b7d0 line=3e hitv=00000001 ro=12345670 tag=00000b V=00000001 L=00000000
873 PC=0xffffffff8000b7d0 [000000000000b7d0]	fd171717 sd     $s7,0x1717($t0)
[va=9800000051800108 pa=0000000051800108]
873 dcache  fd171717 store miss w/alloc  pol=3 VA=9800000051800108 PA=051800108 line=08 hitv=00000000 ro=67013245 tag=000000 V=00111111 W=00000000 L=00000000
873 scache  fd171717 store miss w/alloc  pol=3 VA=9800000051800108 PA=051800108 line=008 hitv=0000 ro=1230 tag=00000 V=1111 W=1001 data=98000000416fb6a6 mask=11111111
874 PC=0xffffffff8000b7d4 [000000000000b7d4]	3c0a9800 lui    $t2,0x9800
874 Reg write t2=ffffffff98000000
875 PC=0xffffffff8000b7d8 [000000000000b7d8]	000a5438 dsll   $t2,$t2,16
875 Reg write t2=ffff980000000000
876 PC=0xffffffff8000b7dc [000000000000b7dc]	354a421f ori    $t2,$t2,0x421f
876 Reg write t2=ffff98000000421f
877 icache  354a421f load  miss refill   pol=3 VA=ffffffff8000b7e0 PA=00000b7e0 line=3f hitv=00000000 ro=01234567 tag=000000 V=00000000 L=00000000
877 PC=0xffffffff8000b7e0 [000000000000b7e0]	000a5438 dsll   $t2,$t2,16
877 Reg write t2=98000000421f0000
878 PC=0xffffffff8000b7e4 [000000000000b7e4]	354abc86 ori    $t2,$t2,0xbc86
878 Reg write t2=98000000421fbc86
879 PC=0xffffffff8000b7e8 [000000000000b7e8]	fd5842aa sd     $t8,0x42aa($t2)
[va=98000000421fff30 pa=00000000421fff30]
879 dcache  fd5842aa store hit           pol=3 VA=98000000421fff30 PA=0421fff30 line=79 hitv=00000010 ro=45670123 tag=0421ff V=00001111 W=00000000 L=00000000
879 scache  fd5842aa store hit           pol=3 VA=98000000421fff30 PA=0421fff30 line=ff9 hitv=0010 ro=0123 tag=0210f V=1111 W=1001 data=98000000421fed28 mask=11111111
880 PC=0xffffffff8000b7ec [000000000000b7ec]	3c1c9800 lui    $gp,0x9800
880 Reg write gp=ffffffff98000000
881 icache  3c1c9800 load  hit           pol=3 VA=ffffffff8000b7f0 PA=00000b7f0 line=3f hitv=00000001 ro=12345670 tag=00000b V=00000001 L=00000000
881 PC=0xffffffff8000b7f0 [000000000000b7f0]	001ce438 dsll   $gp,$gp,16
881 Reg write gp=ffff980000000000
882 PC=0xffffffff8000b7f4 [000000000000b7f4]	379c5180 ori    $gp,$gp,0x5180
882 Reg write gp=ffff980000005180
883 PC=0xffffffff8000b7f8 [000000000000b7f8]	001ce438 dsll   $gp,$gp,16
883 Reg write gp=9800000051800000
884 PC=0xffffffff8000b7fc [000000000000b7fc]	379c0892 ori    $gp,$gp,0x892
884 Reg write gp=9800000051800892
885 icache  379c0892 load  miss refill   pol=3 VA=ffffffff8000b800 PA=00000b800 line=40 hitv=00000000 ro=01234567 tag=000000 V=00000000 L=00000000
885 PC=0xffffffff8000b800 [000000000000b800]	8798f870 lh     $t8,0xfffff870($gp)
[va=9800000051800102 pa=0000000051800102]
885 dcache  8798f870 load  hit           pol=3 VA=9800000051800102 PA=051800100 line=08 hitv=01000000 ro=70132456 tag=051800 V=01111111 W=00000000 L=00000000
885 Reg write t8=0000000000000000
886 PC=0xffffffff8000b804 [000000000000b804]	3c129800 lui    $s2,0x9800
886 Reg write s2=ffffffff98000000
887 PC=0xffffffff8000b808 [000000000000b808]	00129438 dsll   $s2,$s2,16
887 Reg write s2=ffff980000000000
888 PC=0xffffffff8000b80c [000000000000b80c]	3652414f ori    $s2,$s2,0x414f
888 Reg write s2=ffff98000000414f
889 icache  3652414f load  hit           pol=3 VA=ffffffff8000b810 PA=00000b810 line=40 hitv=00000001 ro=12345670 tag=00000b V=00000001 L=00000000
889 PC=0xffffffff8000b810 [000000000000b810]	00129438 dsll   $s2,$s2,16
889 Reg write s2=98000000414f0000
890 PC=0xffffffff8000b814 [000000000000b814]	3652e163 ori    $s2,$s2,0xe163
890 Reg write s2=98000000414fe163
891 PC=0xffffffff8000b818 [000000000000b818]	de4e1e9d ld     $t6,0x1e9d($s2)
[va=9800000041500000 pa=0000000041500000]
891 dcache  de4e1e9d load  hit           pol=3 VA=9800000041500000 PA=041500000 line=00 hitv=00000001 ro=12345670 tag=041500 V=11111111 W=00000000 L=00000000
891 Reg write t6=0000000000000001
892 PC=0xffffffff8000b81c [000000000000b81c]	5a200004 blezl  $s1,0xffffffff8000b830
893 icache  5a200004 load  miss refill   pol=3 VA=ffffffff8000b820 PA=00000b820 line=41 hitv=00000000 ro=01234567 tag=000000 V=00000000 L=00000000
893 PC=0xffffffff8000b820 [000000000000b820]	3c019800 lui    $r1,0x9800
893 Reg write r1=ffffffff98000000
894 icache  3c019800 load  hit           pol=3 VA=ffffffff8000b830 PA=00000b830 line=41 hitv=00000001 ro=12345670 tag=00000b V=00000001 L=00000000
894 PC=0xffffffff8000b830 [000000000000b830]	00010c38 dsll   $r1,$r1,16
894 Reg write r1=ffff980000000000
895 PC=0xffffffff8000b834 [000000000000b834]	3421504f ori    $r1,$r1,0x504f
895 Reg write r1=ffff98000000504f
896 PC=0xffffffff8000b838 [000000000000b838]	00010c38 dsll   $r1,$r1,16
896 Reg write r1=98000000504f0000
897 PC=0xffffffff8000b83c [000000000000b83c]	3421859c ori    $r1,$r1,0x859c
897 Reg write r1=98000000504f859c
898 icache  3421859c load  miss refill   pol=3 VA=ffffffff8000b840 PA=00000b840 line=42 hitv=00000000 ro=01234567 tag=000000 V=00000000 L=00000000
898 PC=0xffffffff8000b840 [000000000000b840]	dc227bfc ld     $v0,0x7bfc($r1)
[va=9800000050500198 pa=0000000050500198]
898 dcache  dc227bfc load  miss refill   pol=3 VA=9800000050500198 PA=050500198 line=0c hitv=00000000 ro=45670321 tag=000000 V=00001111 W=00000000 L=00000000
898 scache  dc227bfc load  miss refill   pol=3 VA=9800000050500198 PA=050500180 line=00c hitv=0000 ro=3021 tag=00000 V=0111 W=0111
898 Reg write v0=dcdfb31b9249f505
899 PC=0xffffffff8000b844 [000000000000b844]	3c0d9800 lui    $t5,0x9800
899 Reg write t5=ffffffff98000000
900 PC=0xffffffff8000b848 [000000000000b848]	000d6c38 dsll   $t5,$t5,16
900 Reg write t5=ffff980000000000
901 PC=0xffffffff8000b84c [000000000000b84c]	35ad416f ori    $t5,$t5,0x416f
901 Reg write t5=ffff98000000416f
902 icache  35ad416f load  hit           pol=3 VA=ffffffff8000b850 PA=00000b850 line=42 hitv=00000001 ro=12345670 tag=00000b V=00000001 L=00000000
902 PC=0xffffffff8000b850 [000000000000b850]	000d6c38 dsll   $t5,$t5,16
902 Reg write t5=98000000416f0000
903 PC=0xffffffff8000b854 [000000000000b854]	35adf2e9 ori    $t5,$t5,0xf2e9
903 Reg write t5=98000000416ff2e9
904 PC=0xffffffff8000b858 [000000000000b858]	9db40c2b lwu    $s4,0xc2b($t5)
[va=98000000416fff14 pa=00000000416fff14]
904 dcache  9db40c2b load  miss refill   pol=3 VA=98000000416fff14 PA=0416fff10 line=78 hitv=00000000 ro=56723041 tag=000000 V=00011111 W=00000000 L=00000000
904 scache  9db40c2b load  miss refill   pol=3 VA=98000000416fff14 PA=0416fff00 line=ff8 hitv=0000 ro=2301 tag=00000 V=1111 W=0110
904 dmemacc: store 8 addr=059afff00 data=0000000000000001 mask=11111111 cline 
904 dmemacc: store 8 addr=059afff08 data=2dcbcfa8dfa810ca mask=11111111 cline 
904 dmemacc: store 8 addr=059afff10 data=08d7e06200a6ab42 mask=11111111 cline 
904 dmemacc: store 8 addr=059afff18 data=22be19cb82625b5a mask=11111111 cline 
904 Reg write s4=00000000bec47aa1
905 PC=0xffffffff8000b85c [000000000000b85c]	3c099800 lui    $t1,0x9800
905 Reg write t1=ffffffff98000000
906 icache  3c099800 load  miss refill   pol=3 VA=ffffffff8000b860 PA=00000b860 line=43 hitv=00000000 ro=01234567 tag=000000 V=00000000 L=00000000
906 PC=0xffffffff8000b860 [000000000000b860]	00094c38 dsll   $t1,$t1,16
906 Reg write t1=ffff980000000000
907 PC=0xffffffff8000b864 [000000000000b864]	35294170 ori    $t1,$t1,0x4170
907 Reg write t1=ffff980000004170
908 PC=0xffffffff8000b868 [000000000000b868]	00094c38 dsll   $t1,$t1,16
908 Reg write t1=9800000041700000
909 PC=0xffffffff8000b86c [000000000000b86c]	35296d5c ori    $t1,$t1,0x6d5c
909 Reg write t1=9800000041706d5c
910 icache  35296d5c load  hit           pol=3 VA=ffffffff8000b870 PA=00000b870 line=43 hitv=00000001 ro=12345670 tag=00000b V=00000001 L=00000000
910 PC=0xffffffff8000b870 [000000000000b870]	8d3d9438 lw     $sp,0xffff9438($t1)
[va=9800000041700194 pa=0000000041700194]
910 dcache  8d3d9438 load  hit           pol=3 VA=9800000041700194 PA=041700190 line=0c hitv=00000010 ro=56703214 tag=041700 V=00011111 W=00000000 L=00000000
910 Reg write sp=00000000088ea1c3
911 PC=0xffffffff8000b874 [000000000000b874]	3c1e9800 lui    $s8,0x9800
911 Reg write s8=ffffffff98000000
912 PC=0xffffffff8000b878 [000000000000b878]	001ef438 dsll   $s8,$s8,16
912 Reg write s8=ffff980000000000
913 PC=0xffffffff8000b87c [000000000000b87c]	37de421f ori    $s8,$s8,0x421f
913 Reg write s8=ffff98000000421f
914 icache  37de421f load  miss refill   pol=3 VA=ffffffff8000b880 PA=00000b880 line=44 hitv=00000000 ro=01234567 tag=000000 V=00000000 L=00000000
914 PC=0xffffffff8000b880 [000000000000b880]	001ef438 dsll   $s8,$s8,16
914 Reg write s8=98000000421f0000
915 PC=0xffffffff8000b884 [000000000000b884]	37def17d ori    $s8,$s8,0xf17d
915 Reg write s8=98000000421ff17d
916 PC=0xffffffff8000b888 [000000000000b888]	83de0dd8 lb     $s8,0xdd8($s8)
[va=98000000421fff55 pa=00000000421fff55]
916 dcache  83de0dd8 load  hit           pol=3 VA=98000000421fff55 PA=0421fff50 line=7a hitv=00000001 ro=45671023 tag=0421ff V=00001111 W=00000000 L=00000000
916 Reg write s8=ffffffffffffffff
917 PC=0xffffffff8000b88c [000000000000b88c]	3c1e9800 lui    $s8,0x9800
917 Reg write s8=ffffffff98000000
918 icache  3c1e9800 load  hit           pol=3 VA=ffffffff8000b890 PA=00000b890 line=44 hitv=00000001 ro=12345670 tag=00000b V=00000001 L=00000000
918 PC=0xffffffff8000b890 [000000000000b890]	001ef438 dsll   $s8,$s8,16
918 Reg write s8=ffff980000000000
919 PC=0xffffffff8000b894 [000000000000b894]	37de416f ori    $s8,$s8,0x416f
919 Reg write s8=ffff98000000416f
920 PC=0xffffffff8000b898 [000000000000b898]	001ef438 dsll   $s8,$s8,16
920 Reg write s8=98000000416f0000
921 PC=0xffffffff8000b89c [000000000000b89c]	37ded3f8 ori    $s8,$s8,0xd3f8
921 Reg write s8=98000000416fd3f8
922 icache  37ded3f8 load  miss refill   pol=3 VA=ffffffff8000b8a0 PA=00000b8a0 line=45 hitv=00000000 ro=01234567 tag=000000 V=00000000 L=00000000
922 PC=0xffffffff8000b8a0 [000000000000b8a0]	93c12b1a lbu    $r1,0x2b1a($s8)
[va=98000000416fff12 pa=00000000416fff12]
922 dcache  93c12b1a load  hit           pol=3 VA=98000000416fff12 PA=0416fff10 line=78 hitv=00100000 ro=67230415 tag=0416ff V=00111111 W=00000000 L=00000000
922 Reg write r1=0000000000000072
923 PC=0xffffffff8000b8a4 [000000000000b8a4]	3c1e9800 lui    $s8,0x9800
923 Reg write s8=ffffffff98000000
924 PC=0xffffffff8000b8a8 [000000000000b8a8]	001ef438 dsll   $s8,$s8,16
924 Reg write s8=ffff980000000000
925 PC=0xffffffff8000b8ac [000000000000b8ac]	37de4130 ori    $s8,$s8,0x4130
925 Reg write s8=ffff980000004130
926 icache  37de4130 load  hit           pol=3 VA=ffffffff8000b8b0 PA=00000b8b0 line=45 hitv=00000001 ro=12345670 tag=00000b V=00000001 L=00000000
926 PC=0xffffffff8000b8b0 [000000000000b8b0]	001ef438 dsll   $s8,$s8,16
926 Reg write s8=9800000041300000
927 PC=0xffffffff8000b8b4 [000000000000b8b4]	37de09f0 ori    $s8,$s8,0x9f0
927 Reg write s8=98000000413009f0
928 PC=0xffffffff8000b8b8 [000000000000b8b8]	9fd8f7b8 lwu    $t8,0xfffff7b8($s8)
[va=98000000413001a8 pa=00000000413001a8]
928 dcache  9fd8f7b8 load  miss refill   pol=3 VA=98000000413001a8 PA=0413001a8 line=0d hitv=00000000 ro=34567012 tag=000000 V=00000111 W=00000000 L=00000000
928 scache  9fd8f7b8 load  miss refill   pol=3 VA=98000000413001a8 PA=0413001a0 line=00d hitv=0000 ro=2301 tag=00000 V=0011 W=0001
928 Reg write t8=000000003c1dbc8d
929 PC=0xffffffff8000b8bc [000000000000b8bc]	340a0013 ori    $t2,$r0,0x13
929 Reg write t2=0000000000000013
930 icache  340a0013 load  miss refill   pol=3 VA=ffffffff8000b8c0 PA=00000b8c0 line=46 hitv=00000000 ro=01234567 tag=000000 V=00000000 L=00000000
930 PC=0xffffffff8000b8c0 [000000000000b8c0]	000a56fc dsll32 $t2,$t2,27
930 Reg write t2=9800000000000000
931 PC=0xffffffff8000b8c4 [000000000000b8c4]	354a3464 ori    $t2,$t2,0x3464
931 Reg write t2=9800000000003464
932 PC=0xffffffff8000b8c8 [000000000000b8c8]	0140f809 jalr   $ra,$t2
932 Reg write ra=ffffffff8000b8d0
933 PC=0xffffffff8000b8cc [000000000000b8cc]	3c0f9800 lui    $t7,0x9800
933 Reg write t7=ffffffff98000000
934 icache  3c0f9800 load  miss refill   pol=3 VA=9800000000003464 PA=000003460 line=23 hitv=00000000 ro=12345670 tag=000000 V=00000001 L=00000000
934 PC=0x9800000000003464 [0000000000003464]	d4650040 ldc1   f5,0x40($v1)
[va=98000000504fff70 pa=00000000504fff70]
934 dcache  d4650040 load  miss refill   pol=3 VA=98000000504fff70 PA=0504fff70 line=7b hitv=00000000 ro=34567012 tag=000000 V=00000111 W=00000000 L=00000000
934 scache  d4650040 load  miss refill   pol=3 VA=98000000504fff70 PA=0504fff60 line=ffb hitv=0000 ro=3012 tag=00000 V=0111 W=0101
934 Reg write f[5]=6666666666666666  FCSR(fcr31)=6e000000
935 PC=0x9800000000003468 [0000000000003468]	fc7d0100 sd     $sp,0x100($v1)
[va=9800000050500030 pa=0000000050500030]
935 dcache  fc7d0100 store miss w/alloc  pol=3 VA=9800000050500030 PA=050500030 line=01 hitv=00000000 ro=70123456 tag=000000 V=01111111 W=00000000 L=00000000
935 scache  fc7d0100 store miss w/alloc  pol=3 VA=9800000050500030 PA=050500030 line=001 hitv=0000 ro=3012 tag=00000 V=1111 W=0010 data=00000000088ea1c3 mask=11111111
936 PC=0x980000000000346c [000000000000346c]	fc7900e0 sd     $t9,0xe0($v1)
[va=9800000050500010 pa=0000000050500010]
936 dcache  fc7900e0 store miss w/alloc  pol=3 VA=9800000050500010 PA=050500010 line=00 hitv=00000000 ro=12345670 tag=000000 V=11111111 W=00000000 L=00000000
936 scache  fc7900e0 store miss w/alloc  pol=3 VA=9800000050500010 PA=050500010 line=000 hitv=0000 ro=1230 tag=00000 V=1111 W=0101 data=98000000414f84f6 mask=11111111
937 icache  fc7900e0 load  hit           pol=3 VA=9800000000003470 PA=000003470 line=23 hitv=00000010 ro=23456701 tag=000003 V=00000011 L=00000000
937 PC=0x9800000000003470 [0000000000003470]	fc6d0180 sd     $t5,0x180($v1)
[va=98000000505000b0 pa=00000000505000b0]
937 dcache  fc6d0180 store hit           pol=3 VA=98000000505000b0 PA=0505000b0 line=05 hitv=00100000 ro=70123456 tag=050500 V=01111111 W=00000000 L=00000000
937 scache  fc6d0180 store hit           pol=3 VA=98000000505000b0 PA=0505000b0 line=005 hitv=0001 ro=2301 tag=02828 V=1111 W=0111 data=98000000416ff2e9 mask=11111111
938 PC=0x9800000000003474 [0000000000003474]	fc750140 sd     $s5,0x140($v1)
[va=9800000050500070 pa=0000000050500070]
938 dcache  fc750140 store miss w/alloc  pol=3 VA=9800000050500070 PA=050500070 line=03 hitv=00000000 ro=67012345 tag=000000 V=00111111 W=00000000 L=00000000
938 scache  fc750140 store miss w/alloc  pol=3 VA=9800000050500070 PA=050500070 line=003 hitv=0000 ro=2301 tag=00000 V=1111 W=0110 data=ffffffffffffffff mask=11111111
938 dmemacc: store 8 addr=055800060 data=0a1090daa9051522 mask=11111111 cline 
938 dmemacc: store 8 addr=055800068 data=6bc68871542dc8bc mask=11111111 cline 
938 dmemacc: store 8 addr=055800070 data=904649374be41992 mask=11111111 cline 
938 dmemacc: store 8 addr=055800078 data=0bf4d9d87f769dd1 mask=11111111 cline 
939 PC=0x9800000000003478 [0000000000003478]	00000000 nop
940 PC=0x980000000000347c [000000000000347c]	03e00008 jr     $ra
941 icache  03e00008 load  miss refill   pol=3 VA=9800000000003480 PA=000003480 line=24 hitv=00000000 ro=12345670 tag=000000 V=00000001 L=00000000
941 PC=0x9800000000003480 [0000000000003480]	fc7201a8 sd     $s2,0x1a8($v1)
[va=98000000505000d8 pa=00000000505000d8]
941 dcache  fc7201a8 store miss w/alloc  pol=3 VA=98000000505000d8 PA=0505000d8 line=06 hitv=00000000 ro=34567012 tag=000000 V=00000111 W=00000000 L=00000000
941 scache  fc7201a8 store miss w/alloc  pol=3 VA=98000000505000d8 PA=0505000d8 line=006 hitv=0000 ro=3012 tag=00000 V=0111 W=0111 data=98000000414fe163 mask=11111111
942 icache  fc7201a8 load  hit           pol=3 VA=ffffffff8000b8d0 PA=00000b8d0 line=46 hitv=00000001 ro=12345670 tag=00000b V=00000001 L=00000000
942 PC=0xffffffff8000b8d0 [000000000000b8d0]	000f7c38 dsll   $t7,$t7,16
942 Reg write t7=ffff980000000000
943 PC=0xffffffff8000b8d4 [000000000000b8d4]	35ef4520 ori    $t7,$t7,0x4520
943 Reg write t7=ffff980000004520
944 PC=0xffffffff8000b8d8 [000000000000b8d8]	000f7c38 dsll   $t7,$t7,16
944 Reg write t7=9800000045200000
945 PC=0xffffffff8000b8dc [000000000000b8dc]	35ef2f03 ori    $t7,$t7,0x2f03
945 Reg write t7=9800000045202f03
946 icache  35ef2f03 load  miss refill   pol=3 VA=ffffffff8000b8e0 PA=00000b8e0 line=47 hitv=00000000 ro=01234567 tag=000000 V=00000000 L=00000000
946 PC=0xffffffff8000b8e0 [000000000000b8e0]	81e6d065 lb     $a2,0xffffd065($t7)
[va=98000000451fff68 pa=00000000451fff68]
946 dcache  81e6d065 load  miss refill   pol=3 VA=98000000451fff68 PA=0451fff68 line=7b hitv=00000000 ro=45670123 tag=000000 V=00001111 W=00000000 L=00000000
946 scache  81e6d065 load  miss refill   pol=3 VA=98000000451fff68 PA=0451fff60 line=ffb hitv=0000 ro=0123 tag=00000 V=1111 W=0101
946 dmemacc: store 8 addr=059afff60 data=47a7ca7d469d8828 mask=11111111 cline 
946 dmemacc: store 8 addr=059afff68 data=676e5c584c0f6123 mask=11111111 cline 
946 dmemacc: store 8 addr=059afff70 data=ffffffffffffffff mask=11111111 cline 
946 dmemacc: store 8 addr=059afff78 data=9503694d7443c00f mask=11111111 cline 
946 Reg write a2=0000000000000041
947 PC=0xffffffff8000b8e4 [000000000000b8e4]	3c1c9800 lui    $gp,0x9800
947 Reg write gp=ffffffff98000000
948 PC=0xffffffff8000b8e8 [000000000000b8e8]	001ce438 dsll   $gp,$gp,16
948 Reg write gp=ffff980000000000
949 PC=0xffffffff8000b8ec [000000000000b8ec]	379c412f ori    $gp,$gp,0x412f
949 Reg write gp=ffff98000000412f
950 icache  379c412f load  hit           pol=3 VA=ffffffff8000b8f0 PA=00000b8f0 line=47 hitv=00000001 ro=12345670 tag=00000b V=00000001 L=00000000
950 PC=0xffffffff8000b8f0 [000000000000b8f0]	001ce438 dsll   $gp,$gp,16
950 Reg write gp=98000000412f0000
951 PC=0xffffffff8000b8f4 [000000000000b8f4]	379c99cb ori    $gp,$gp,0x99cb
951 Reg write gp=98000000412f99cb
952 PC=0xffffffff8000b8f8 [000000000000b8f8]	838667e7 lb     $a2,0x67e7($gp)
[va=98000000413001b2 pa=00000000413001b2]
952 dcache  838667e7 load  hit           pol=3 VA=98000000413001b2 PA=0413001b0 line=0d hitv=00001000 ro=45670123 tag=041300 V=00001111 W=00000000 L=00000000
952 Reg write a2=000000000000005d
953 PC=0xffffffff8000b8fc [000000000000b8fc]	3c189800 lui    $t8,0x9800
953 Reg write t8=ffffffff98000000
954 icache  3c189800 load  miss refill   pol=3 VA=ffffffff8000b900 PA=00000b900 line=48 hitv=00000000 ro=01234567 tag=000000 V=00000000 L=00000000
954 PC=0xffffffff8000b900 [000000000000b900]	0018c438 dsll   $t8,$t8,16
954 Reg write t8=ffff980000000000
955 PC=0xffffffff8000b904 [000000000000b904]	37184130 ori    $t8,$t8,0x4130
955 Reg write t8=ffff980000004130
956 PC=0xffffffff8000b908 [000000000000b908]	0018c438 dsll   $t8,$t8,16
956 Reg write t8=9800000041300000
957 PC=0xffffffff8000b90c [000000000000b90c]	37184ea6 ori    $t8,$t8,0x4ea6
957 Reg write t8=9800000041304ea6
958 icache  37184ea6 load  hit           pol=3 VA=ffffffff8000b910 PA=00000b910 line=48 hitv=00000001 ro=12345670 tag=00000b V=00000001 L=00000000
958 PC=0xffffffff8000b910 [000000000000b910]	9306b30e lbu    $a2,0xffffb30e($t8)
[va=98000000413001b4 pa=00000000413001b4]
958 dcache  9306b30e load  hit           pol=3 VA=98000000413001b4 PA=0413001b0 line=0d hitv=00001000 ro=45670123 tag=041300 V=00001111 W=00000000 L=00000000
958 Reg write a2=000000000000007a
959 PC=0xffffffff8000b914 [000000000000b914]	3c189800 lui    $t8,0x9800
959 Reg write t8=ffffffff98000000
960 PC=0xffffffff8000b918 [000000000000b918]	0018c438 dsll   $t8,$t8,16
960 Reg write t8=ffff980000000000
961 PC=0xffffffff8000b91c [000000000000b91c]	3718504f ori    $t8,$t8,0x504f
961 Reg write t8=ffff98000000504f
962 icache  3718504f load  miss refill   pol=3 VA=ffffffff8000b920 PA=00000b920 line=49 hitv=00000000 ro=01234567 tag=000000 V=00000000 L=00000000
962 PC=0xffffffff8000b920 [000000000000b920]	0018c438 dsll   $t8,$t8,16
962 Reg write t8=98000000504f0000
963 PC=0xffffffff8000b924 [000000000000b924]	3718e7c4 ori    $t8,$t8,0xe7c4
963 Reg write t8=98000000504fe7c4
964 PC=0xffffffff8000b928 [000000000000b928]	931c18a5 lbu    $gp,0x18a5($t8)
[va=9800000050500069 pa=0000000050500069]
964 dcache  931c18a5 load  hit           pol=3 VA=9800000050500069 PA=050500068 line=03 hitv=01000000 ro=70123456 tag=050500 V=01111111 W=00000000 L=00000000
964 Reg write gp=000000000000008e
965 PC=0xffffffff8000b92c [000000000000b92c]	3c0a9800 lui    $t2,0x9800
965 Reg write t2=ffffffff98000000
966 icache  3c0a9800 load  hit           pol=3 VA=ffffffff8000b930 PA=00000b930 line=49 hitv=00000001 ro=12345670 tag=00000b V=00000001 L=00000000
966 PC=0xffffffff8000b930 [000000000000b930]	000a5438 dsll   $t2,$t2,16
966 Reg write t2=ffff980000000000
967 PC=0xffffffff8000b934 [000000000000b934]	354a414f ori    $t2,$t2,0x414f
967 Reg write t2=ffff98000000414f
968 PC=0xffffffff8000b938 [000000000000b938]	000a5438 dsll   $t2,$t2,16
968 Reg write t2=98000000414f0000
969 PC=0xffffffff8000b93c [000000000000b93c]	354a84b6 ori    $t2,$t2,0x84b6
969 Reg write t2=98000000414f84b6
970 icache  354a84b6 load  miss refill   pol=3 VA=ffffffff8000b940 PA=00000b940 line=4a hitv=00000000 ro=01234567 tag=000000 V=00000000 L=00000000
970 PC=0xffffffff8000b940 [000000000000b940]	fd587cc2 sd     $t8,0x7cc2($t2)
[va=9800000041500178 pa=0000000041500178]
970 dcache  fd587cc2 store miss w/alloc  pol=3 VA=9800000041500178 PA=041500178 line=0b hitv=00000000 ro=34567012 tag=000000 V=00000111 W=00000000 L=00000000
970 scache  fd587cc2 store miss w/alloc  pol=3 VA=9800000041500178 PA=041500178 line=00b hitv=0000 ro=2301 tag=00000 V=0011 W=0011 data=98000000504fe7c4 mask=11111111
971 PC=0xffffffff8000b944 [000000000000b944]	3c189800 lui    $t8,0x9800
971 Reg write t8=ffffffff98000000
972 PC=0xffffffff8000b948 [000000000000b948]	0018c438 dsll   $t8,$t8,16
972 Reg write t8=ffff980000000000
973 PC=0xffffffff8000b94c [000000000000b94c]	3718421f ori    $t8,$t8,0x421f
973 Reg write t8=ffff98000000421f
974 icache  3718421f load  hit           pol=3 VA=ffffffff8000b950 PA=00000b950 line=4a hitv=00000001 ro=12345670 tag=00000b V=00000001 L=00000000
974 PC=0xffffffff8000b950 [000000000000b950]	0018c438 dsll   $t8,$t8,16
974 Reg write t8=98000000421f0000
975 PC=0xffffffff8000b954 [000000000000b954]	3718b483 ori    $t8,$t8,0xb483
975 Reg write t8=98000000421fb483
976 PC=0xffffffff8000b958 [000000000000b958]	ff184d6d sd     $t8,0x4d6d($t8)
[va=98000000422001f0 pa=00000000422001f0]
976 dcache  ff184d6d store miss w/alloc  pol=3 VA=98000000422001f0 PA=0422001f0 line=0f hitv=00000000 ro=23456701 tag=000000 V=00000011 W=00000000 L=00000000
976 scache  ff184d6d store miss w/alloc  pol=3 VA=98000000422001f0 PA=0422001f0 line=00f hitv=0000 ro=1230 tag=00000 V=0001 W=0001 data=98000000421fb483 mask=11111111
977 PC=0xffffffff8000b95c [000000000000b95c]	3c159800 lui    $s5,0x9800
977 Reg write s5=ffffffff98000000
978 icache  3c159800 load  miss refill   pol=3 VA=ffffffff8000b960 PA=00000b960 line=4b hitv=00000000 ro=01234567 tag=000000 V=00000000 L=00000000
978 PC=0xffffffff8000b960 [000000000000b960]	0015ac38 dsll   $s5,$s5,16
978 Reg write s5=ffff980000000000
979 PC=0xffffffff8000b964 [000000000000b964]	36b5414f ori    $s5,$s5,0x414f
979 Reg write s5=ffff98000000414f
980 PC=0xffffffff8000b968 [000000000000b968]	0015ac38 dsll   $s5,$s5,16
980 Reg write s5=98000000414f0000
981 PC=0xffffffff8000b96c [000000000000b96c]	36b5fcf9 ori    $s5,$s5,0xfcf9
981 Reg write s5=98000000414ffcf9
982 icache  36b5fcf9 load  hit           pol=3 VA=ffffffff8000b970 PA=00000b970 line=4b hitv=00000001 ro=12345670 tag=00000b V=00000001 L=00000000
982 PC=0xffffffff8000b970 [000000000000b970]	a2a3047f sb     $v1,0x47f($s5)
[va=9800000041500178 pa=0000000041500178]
982 dcache  a2a3047f store hit           pol=3 VA=9800000041500178 PA=041500178 line=0b hitv=00001000 ro=45670123 tag=041500 V=00001111 W=00000000 L=00000000
982 scache  a2a3047f store hit           pol=3 VA=9800000041500178 PA=041500178 line=00b hitv=0100 ro=3012 tag=020a8 V=0111 W=0111 data=3000000000000000 mask=10000000
983 PC=0xffffffff8000b974 [000000000000b974]	3c139800 lui    $s3,0x9800
983 Reg write s3=ffffffff98000000
984 PC=0xffffffff8000b978 [000000000000b978]	00139c38 dsll   $s3,$s3,16
984 Reg write s3=ffff980000000000
985 PC=0xffffffff8000b97c [000000000000b97c]	36734170 ori    $s3,$s3,0x4170
985 Reg write s3=ffff980000004170
986 icache  36734170 load  miss refill   pol=3 VA=ffffffff8000b980 PA=00000b980 line=4c hitv=00000000 ro=01234567 tag=000000 V=00000000 L=00000000
986 PC=0xffffffff8000b980 [000000000000b980]	00139c38 dsll   $s3,$s3,16
986 Reg write s3=9800000041700000
987 PC=0xffffffff8000b984 [000000000000b984]	36733988 ori    $s3,$s3,0x3988
987 Reg write s3=9800000041703988
988 PC=0xffffffff8000b988 [000000000000b988]	ae66c760 sw     $a2,0xffffc760($s3)
[va=98000000417000e8 pa=00000000417000e8]
988 dcache  ae66c760 store miss w/alloc  pol=3 VA=98000000417000e8 PA=0417000e8 line=07 hitv=00000000 ro=56701243 tag=000000 V=00011111 W=00000000 L=00000000
988 scache  ae66c760 store miss w/alloc  pol=3 VA=98000000417000e8 PA=0417000e8 line=007 hitv=0000 ro=0123 tag=00000 V=1111 W=1011 data=0000007a00000000 mask=11110000
988 dmemacc: store 8 addr=0588000e0 data=00000000fd88531b mask=11111111 cline 
988 dmemacc: store 8 addr=0588000e8 data=226125349f7b560b mask=11111111 cline 
988 dmemacc: store 8 addr=0588000f0 data=d556185dd7b5ab75 mask=11111111 cline 
988 dmemacc: store 8 addr=0588000f8 data=8000000000000000 mask=11111111 cline 
989 PC=0xffffffff8000b98c [000000000000b98c]	3c139800 lui    $s3,0x9800
989 Reg write s3=ffffffff98000000
990 icache  3c139800 load  hit           pol=3 VA=ffffffff8000b990 PA=00000b990 line=4c hitv=00000001 ro=12345670 tag=00000b V=00000001 L=00000000
990 PC=0xffffffff8000b990 [000000000000b990]	00139c38 dsll   $s3,$s3,16
990 Reg write s3=ffff980000000000
991 PC=0xffffffff8000b994 [000000000000b994]	3673501f ori    $s3,$s3,0x501f
991 Reg write s3=ffff98000000501f
992 PC=0xffffffff8000b998 [000000000000b998]	00139c38 dsll   $s3,$s3,16
992 Reg write s3=98000000501f0000
993 PC=0xffffffff8000b99c [000000000000b99c]	36738ede ori    $s3,$s3,0x8ede
993 Reg write s3=98000000501f8ede
994 icache  36738ede load  miss refill   pol=3 VA=ffffffff8000b9a0 PA=00000b9a0 line=4d hitv=00000000 ro=01234567 tag=000000 V=00000000 L=00000000
994 PC=0xffffffff8000b9a0 [000000000000b9a0]	a26e70aa sb     $t6,0x70aa($s3)
[va=98000000501fff88 pa=00000000501fff88]
994 dcache  a26e70aa store miss w/alloc  pol=3 VA=98000000501fff88 PA=0501fff88 line=7c hitv=00000000 ro=71230456 tag=000000 V=01111111 W=00000000 L=00000000
994 scache  a26e70aa store miss w/alloc  pol=3 VA=98000000501fff88 PA=0501fff88 line=ffc hitv=0000 ro=0123 tag=00000 V=1111 W=1101 data=0100000000000000 mask=10000000
994 dmemacc: store 8 addr=0517fff80 data=0000000000000000 mask=11111111 cline 
994 dmemacc: store 8 addr=0517fff88 data=4e97be615960e5eb mask=11111111 cline 
994 dmemacc: store 8 addr=0517fff90 data=000000004e7ec67a mask=11111111 cline 
994 dmemacc: store 8 addr=0517fff98 data=1f046014af38076e mask=11111111 cline 
995 PC=0xffffffff8000b9a4 [000000000000b9a4]	3c139800 lui    $s3,0x9800
995 Reg write s3=ffffffff98000000
996 PC=0xffffffff8000b9a8 [000000000000b9a8]	00139c38 dsll   $s3,$s3,16
996 Reg write s3=ffff980000000000
997 PC=0xffffffff8000b9ac [000000000000b9ac]	367351b0 ori    $s3,$s3,0x51b0
997 Reg write s3=ffff9800000051b0
998 icache  367351b0 load  hit           pol=3 VA=ffffffff8000b9b0 PA=00000b9b0 line=4d hitv=00000001 ro=12345670 tag=00000b V=00000001 L=00000000
998 PC=0xffffffff8000b9b0 [000000000000b9b0]	00139c38 dsll   $s3,$s3,16
998 Reg write s3=9800000051b00000
999 PC=0xffffffff8000b9b4 [000000000000b9b4]	3673012c ori    $s3,$s3,0x12c
999 Reg write s3=9800000051b0012c
1000 PC=0xffffffff8000b9b8 [000000000000b9b8]	9e64ff40 lwu    $a0,0xffffff40($s3)
[va=9800000051b0006c pa=0000000051b0006c]
1000 dcache  9e64ff40 load  miss refill   pol=3 VA=9800000051b0006c PA=051b00068 line=03 hitv=00000000 ro=70123456 tag=000000 V=01111111 W=00000000 L=00000000
1000 scache  9e64ff40 load  miss refill   pol=3 VA=9800000051b0006c PA=051b00060 line=003 hitv=0000 ro=3012 tag=00000 V=1111 W=0110
1000 Reg write a0=0000000018f966a8
1001 PC=0xffffffff8000b9bc [000000000000b9bc]	3c049800 lui    $a0,0x9800
1001 Reg write a0=ffffffff98000000
1002 icache  3c049800 load  miss refill   pol=3 VA=ffffffff8000b9c0 PA=00000b9c0 line=4e hitv=00000000 ro=01234567 tag=000000 V=00000000 L=00000000
1002 PC=0xffffffff8000b9c0 [000000000000b9c0]	00042438 dsll   $a0,$a0,16
1002 Reg write a0=ffff980000000000
1003 PC=0xffffffff8000b9c4 [000000000000b9c4]	3484585f ori    $a0,$a0,0x585f
1003 Reg write a0=ffff98000000585f
1004 PC=0xffffffff8000b9c8 [000000000000b9c8]	00042438 dsll   $a0,$a0,16
1004 Reg write a0=98000000585f0000
1005 PC=0xffffffff8000b9cc [000000000000b9cc]	3484ff40 ori    $a0,$a0,0xff40
1005 Reg write a0=98000000585fff40
1006 icache  3484ff40 load  hit           pol=3 VA=ffffffff8000b9d0 PA=00000b9d0 line=4e hitv=00000001 ro=12345670 tag=00000b V=00000001 L=00000000
1006 PC=0xffffffff8000b9d0 [000000000000b9d0]	3c059800 lui    $a1,0x9800
1006 Reg write a1=ffffffff98000000
1007 PC=0xffffffff8000b9d4 [000000000000b9d4]	00052c38 dsll   $a1,$a1,16
1007 Reg write a1=ffff980000000000
1008 PC=0xffffffff8000b9d8 [000000000000b9d8]	34a557af ori    $a1,$a1,0x57af
1008 Reg write a1=ffff9800000057af
1009 PC=0xffffffff8000b9dc [000000000000b9dc]	00052c38 dsll   $a1,$a1,16
1009 Reg write a1=9800000057af0000
1010 icache  00052c38 load  miss refill   pol=3 VA=ffffffff8000b9e0 PA=00000b9e0 line=4f hitv=00000000 ro=01234567 tag=000000 V=00000000 L=00000000
1010 PC=0xffffffff8000b9e0 [000000000000b9e0]	34a5ff40 ori    $a1,$a1,0xff40
1010 Reg write a1=9800000057afff40
1011 PC=0xffffffff8000b9e4 [000000000000b9e4]	24060003 addiu  $a2,$r0,0x3
1011 Reg write a2=0000000000000003
1012 PC=0xffffffff8000b9e8 [000000000000b9e8]	dcaa0010 ld     $t2,0x10($a1)
[va=9800000057afff50 pa=0000000057afff50]
1012 dcache  dcaa0010 load  miss refill   pol=3 VA=9800000057afff50 PA=057afff50 line=7a hitv=00000000 ro=45671230 tag=000000 V=00001111 W=00000000 L=00000000
1012 scache  dcaa0010 load  miss refill   pol=3 VA=9800000057afff50 PA=057afff40 line=ffa hitv=0000 ro=0123 tag=00000 V=1111 W=1011
1012 dmemacc: store 8 addr=0421fff40 data=8c62fbf0439201e1 mask=11111111 cline 
1012 dmemacc: store 8 addr=0421fff48 data=0000000000000001 mask=11111111 cline 
1012 dmemacc: store 8 addr=0421fff50 data=ffffffffffffffff mask=11111111 cline 
1012 dmemacc: store 8 addr=0421fff58 data=ffffffffffffffff mask=11111111 cline 
1012 Reg write t2=45e63df0470946b0
1013 PC=0xffffffff8000b9ec [000000000000b9ec]	fc890008 sd     $t1,0x8($a0)
[va=98000000585fff48 pa=00000000585fff48]
1013 dcache  fc890008 store hit           pol=3 VA=98000000585fff48 PA=0585fff48 line=7a hitv=00000100 ro=56712304 tag=0585ff V=00011111 W=00000000 L=00000000
1013 scache  fc890008 store hit           pol=3 VA=98000000585fff48 PA=0585fff48 line=ffa hitv=0100 ro=1230 tag=02c2f V=1111 W=1010 data=9800000041706d5c mask=11111111
1014 icache  fc890008 load  hit           pol=3 VA=ffffffff8000b9f0 PA=00000b9f0 line=4f hitv=00000001 ro=12345670 tag=00000b V=00000001 L=00000000
1014 PC=0xffffffff8000b9f0 [000000000000b9f0]	dca80030 ld     $t0,0x30($a1)
[va=9800000057afff70 pa=0000000057afff70]
1014 dcache  dca80030 load  miss refill   pol=3 VA=9800000057afff70 PA=057afff70 line=7b hitv=00000000 ro=56701234 tag=000000 V=00011111 W=00000000 L=00000000
1014 scache  dca80030 load  miss refill   pol=3 VA=9800000057afff70 PA=057afff60 line=ffb hitv=0000 ro=1230 tag=00000 V=1111 W=0100
1014 Reg write t0=ffffffffffffffff
1015 PC=0xffffffff8000b9f4 [000000000000b9f4]	64a50040 daddiu $a1,$a1,0x40
1015 Reg write a1=9800000057afff80
1016 PC=0xffffffff8000b9f8 [000000000000b9f8]	fc8affd0 sd     $t2,0xffffffd0($a0)
[va=98000000585fff10 pa=00000000585fff10]
1016 dcache  fc8affd0 store hit           pol=3 VA=98000000585fff10 PA=0585fff10 line=78 hitv=00010000 ro=67230415 tag=0585ff V=00111111 W=00000000 L=00000000
1016 scache  fc8affd0 store hit           pol=3 VA=98000000585fff10 PA=0585fff10 line=ff8 hitv=0001 ro=3012 tag=02c2f V=1111 W=0010 data=45e63df0470946b0 mask=11111111
1017 PC=0xffffffff8000b9fc [000000000000b9fc]	fc89fff8 sd     $t1,0xfffffff8($a0)
[va=98000000585fff38 pa=00000000585fff38]
1017 dcache  fc89fff8 store hit           pol=3 VA=98000000585fff38 PA=0585fff38 line=79 hitv=00000100 ro=45670231 tag=0585ff V=00001111 W=00000000 L=00000000
1017 scache  fc89fff8 store hit           pol=3 VA=98000000585fff38 PA=0585fff38 line=ff9 hitv=0100 ro=0231 tag=02c2f V=1111 W=1011 data=9800000041706d5c mask=11111111
1018 icache  fc89fff8 load  miss refill   pol=3 VA=ffffffff8000ba00 PA=00000ba00 line=50 hitv=00000000 ro=01234567 tag=000000 V=00000000 L=00000000
1018 PC=0xffffffff8000ba00 [000000000000ba00]	fc88fff0 sd     $t0,0xfffffff0($a0)
[va=98000000585fff30 pa=00000000585fff30]
1018 dcache  fc88fff0 store hit           pol=3 VA=98000000585fff30 PA=0585fff30 line=79 hitv=00000100 ro=45670312 tag=0585ff V=00001111 W=00000000 L=00000000
1018 scache  fc88fff0 store hit           pol=3 VA=98000000585fff30 PA=0585fff30 line=ff9 hitv=0100 ro=0312 tag=02c2f V=1111 W=1111 data=ffffffffffffffff mask=11111111
1019 PC=0xffffffff8000ba04 [000000000000ba04]	fc8cffe0 sd     $t4,0xffffffe0($a0)
[va=98000000585fff20 pa=00000000585fff20]
1019 dcache  fc8cffe0 store hit           pol=3 VA=98000000585fff20 PA=0585fff20 line=79 hitv=00000100 ro=45670312 tag=0585ff V=00001111 W=00000000 L=00000000
1019 scache  fc8cffe0 store hit           pol=3 VA=98000000585fff20 PA=0585fff20 line=ff9 hitv=0100 ro=0312 tag=02c2f V=1111 W=1111 data=30dd5ece5cf932a4 mask=11111111
1020 PC=0xffffffff8000ba08 [000000000000ba08]	64840040 daddiu $a0,$a0,0x40
1020 Reg write a0=98000000585fff80
1021 PC=0xffffffff8000ba0c [000000000000ba0c]	dca90038 ld     $t1,0x38($a1)
[va=9800000057afffb8 pa=0000000057afffb8]
1021 dcache  dca90038 load  miss refill   pol=3 VA=9800000057afffb8 PA=057afffb8 line=7d hitv=00000000 ro=70123456 tag=000000 V=01111111 W=00000000 L=00000000
1021 scache  dca90038 load  miss refill   pol=3 VA=9800000057afffb8 PA=057afffa0 line=ffd hitv=0000 ro=3012 tag=00000 V=1111 W=0101
1021 Reg write t1=f0072a0c16def2f5
1022 icache  dca90038 load  hit           pol=3 VA=ffffffff8000ba10 PA=00000ba10 line=50 hitv=00000001 ro=12345670 tag=00000b V=00000001 L=00000000
1022 PC=0xffffffff8000ba10 [000000000000ba10]	dcaf0028 ld     $t7,0x28($a1)
[va=9800000057afffa8 pa=0000000057afffa8]
1022 dcache  dcaf0028 load  hit           pol=3 VA=9800000057afffa8 PA=057afffa8 line=7d hitv=10000000 ro=01234567 tag=057aff V=11111111 W=00000000 L=00000000
1022 Reg write t7=ae8cba6a202bd1da
1023 PC=0xffffffff8000ba14 [000000000000ba14]	dca90008 ld     $t1,0x8($a1)
[va=9800000057afff88 pa=0000000057afff88]
1023 dcache  dca90008 load  miss refill   pol=3 VA=9800000057afff88 PA=057afff88 line=7c hitv=00000000 ro=12304567 tag=000000 V=11111111 W=00000000 L=00000000
1023 scache  dca90008 load  miss refill   pol=3 VA=9800000057afff88 PA=057afff80 line=ffc hitv=0000 ro=1230 tag=00000 V=1111 W=1101
1023 Reg write t1=6a489b56ae01901c
1024 PC=0xffffffff8000ba18 [000000000000ba18]	dcab0018 ld     $t3,0x18($a1)
[va=9800000057afff98 pa=0000000057afff98]
1024 dcache  dcab0018 load  hit           pol=3 VA=9800000057afff98 PA=057afff98 line=7c hitv=00000010 ro=23045671 tag=057aff V=11111111 W=00000000 L=00000000
1024 Reg write t3=0000000000000001
1025 PC=0xffffffff8000ba1c [000000000000ba1c]	dca80000 ld     $t0,0x0($a1)
[va=9800000057afff80 pa=0000000057afff80]
1025 dcache  dca80000 load  hit           pol=3 VA=9800000057afff80 PA=057afff80 line=7c hitv=00000010 ro=23045671 tag=057aff V=11111111 W=00000000 L=00000000
1025 Reg write t0=983e0366306a7731
1026 icache  dca80000 load  miss refill   pol=3 VA=ffffffff8000ba20 PA=00000ba20 line=51 hitv=00000000 ro=01234567 tag=000000 V=00000000 L=00000000
1026 PC=0xffffffff8000ba20 [000000000000ba20]	fc880000 sd     $t0,0x0($a0)
[va=98000000585fff80 pa=00000000585fff80]
1026 dcache  fc880000 store hit           pol=3 VA=98000000585fff80 PA=0585fff80 line=7c hitv=00010000 ro=23045671 tag=0585ff V=11111111 W=00000000 L=00000000
1026 scache  fc880000 store miss wo/alloc pol=3 VA=98000000585fff80 PA=0585fff80 line=ffc hitv=0000 ro=2301 tag=00000 V=1111 W=1101 data=983e0366306a7731 mask=11111111
1026 dmemacc: store 8 addr=0585fff80 data=983e0366306a7731 mask=11111111 
1027 PC=0xffffffff8000ba24 [000000000000ba24]	dcac0020 ld     $t4,0x20($a1)
[va=9800000057afffa0 pa=0000000057afffa0]
1027 dcache  dcac0020 load  hit           pol=3 VA=9800000057afffa0 PA=057afffa0 line=7d hitv=10000000 ro=01234567 tag=057aff V=11111111 W=00000000 L=00000000
1027 Reg write t4=5555555555555555
1028 PC=0xffffffff8000ba28 [000000000000ba28]	64c6ffff daddiu $a2,$a2,0xffff
1028 Reg write a2=0000000000000002
1029 PC=0xffffffff8000ba2c [000000000000ba2c]	fc8bffd8 sd     $t3,0xffffffd8($a0)
[va=98000000585fff58 pa=00000000585fff58]
1029 dcache  fc8bffd8 store hit           pol=3 VA=98000000585fff58 PA=0585fff58 line=7a hitv=00000100 ro=56713042 tag=0585ff V=00011111 W=00000000 L=00000000
1029 scache  fc8bffd8 store hit           pol=3 VA=98000000585fff58 PA=0585fff58 line=ffa hitv=0100 ro=1302 tag=02c2f V=1111 W=1110 data=0000000000000001 mask=11111111
1030 icache  fc8bffd8 load  hit           pol=3 VA=ffffffff8000ba30 PA=00000ba30 line=51 hitv=00000001 ro=12345670 tag=00000b V=00000001 L=00000000
1030 PC=0xffffffff8000ba30 [000000000000ba30]	14c0ffed bne    $a2,$r0,0xffffffff8000b9e8
1031 PC=0xffffffff8000ba34 [000000000000ba34]	fc8fffe8 sd     $t7,0xffffffe8($a0)
[va=98000000585fff68 pa=00000000585fff68]
1031 dcache  fc8fffe8 store hit           pol=3 VA=98000000585fff68 PA=0585fff68 line=7b hitv=00000010 ro=67012345 tag=0585ff V=00111111 W=00000000 L=00000000
1031 scache  fc8fffe8 store miss wo/alloc pol=3 VA=98000000585fff68 PA=0585fff68 line=ffb hitv=0000 ro=2301 tag=00000 V=1111 W=0100 data=ae8cba6a202bd1da mask=11111111
1031 dmemacc: store 8 addr=0585fff68 data=ae8cba6a202bd1da mask=11111111 
1032 icache  fc8fffe8 load  hit           pol=3 VA=ffffffff8000b9e8 PA=00000b9e0 line=4f hitv=00000001 ro=12345670 tag=00000b V=00000001 L=00000000
1032 PC=0xffffffff8000b9e8 [000000000000b9e8]	dcaa0010 ld     $t2,0x10($a1)
[va=9800000057afff90 pa=0000000057afff90]
1032 dcache  dcaa0010 load  hit           pol=3 VA=9800000057afff90 PA=057afff90 line=7c hitv=00000010 ro=23056714 tag=057aff V=11111111 W=00000000 L=00000000
1032 Reg write t2=a66a1863d5df028b
1033 PC=0xffffffff8000b9ec [000000000000b9ec]	fc890008 sd     $t1,0x8($a0)
[va=98000000585fff88 pa=00000000585fff88]
1033 dcache  fc890008 store hit           pol=3 VA=98000000585fff88 PA=0585fff88 line=7c hitv=00010000 ro=23056741 tag=0585ff V=11111111 W=00000000 L=00000000
1033 scache  fc890008 store miss wo/alloc pol=3 VA=98000000585fff88 PA=0585fff88 line=ffc hitv=0000 ro=2301 tag=00000 V=1111 W=1101 data=6a489b56ae01901c mask=11111111
1033 dmemacc: store 8 addr=0585fff88 data=6a489b56ae01901c mask=11111111 
1034 icache  fc890008 load  hit           pol=3 VA=ffffffff8000b9f0 PA=00000b9f0 line=4f hitv=00000001 ro=12345670 tag=00000b V=00000001 L=00000000
1034 PC=0xffffffff8000b9f0 [000000000000b9f0]	dca80030 ld     $t0,0x30($a1)
[va=9800000057afffb0 pa=0000000057afffb0]
1034 dcache  dca80030 load  hit           pol=3 VA=9800000057afffb0 PA=057afffb0 line=7d hitv=10000000 ro=01234567 tag=057aff V=11111111 W=00000000 L=00000000
1034 Reg write t0=2f98c457abb2c777
1035 PC=0xffffffff8000b9f4 [000000000000b9f4]	64a50040 daddiu $a1,$a1,0x40
1035 Reg write a1=9800000057afffc0
1036 PC=0xffffffff8000b9f8 [000000000000b9f8]	fc8affd0 sd     $t2,0xffffffd0($a0)
[va=98000000585fff50 pa=00000000585fff50]
1036 dcache  fc8affd0 store hit           pol=3 VA=98000000585fff50 PA=0585fff50 line=7a hitv=00000100 ro=56713042 tag=0585ff V=00011111 W=00000000 L=00000000
1036 scache  fc8affd0 store hit           pol=3 VA=98000000585fff50 PA=0585fff50 line=ffa hitv=0100 ro=1302 tag=02c2f V=1111 W=1110 data=a66a1863d5df028b mask=11111111
1037 PC=0xffffffff8000b9fc [000000000000b9fc]	fc89fff8 sd     $t1,0xfffffff8($a0)
[va=98000000585fff78 pa=00000000585fff78]
1037 dcache  fc89fff8 store hit           pol=3 VA=98000000585fff78 PA=0585fff78 line=7b hitv=00000010 ro=67023451 tag=0585ff V=00111111 W=00000000 L=00000000
1037 scache  fc89fff8 store miss wo/alloc pol=3 VA=98000000585fff78 PA=0585fff78 line=ffb hitv=0000 ro=2301 tag=00000 V=1111 W=0100 data=6a489b56ae01901c mask=11111111
1037 dmemacc: store 8 addr=0585fff78 data=6a489b56ae01901c mask=11111111 
1038 icache  fc89fff8 load  hit           pol=3 VA=ffffffff8000ba00 PA=00000ba00 line=50 hitv=00000001 ro=12345670 tag=00000b V=00000001 L=00000000
1038 PC=0xffffffff8000ba00 [000000000000ba00]	fc88fff0 sd     $t0,0xfffffff0($a0)
[va=98000000585fff70 pa=00000000585fff70]
1038 dcache  fc88fff0 store hit           pol=3 VA=98000000585fff70 PA=0585fff70 line=7b hitv=00000010 ro=67023451 tag=0585ff V=00111111 W=00000000 L=00000000
1038 scache  fc88fff0 store miss wo/alloc pol=3 VA=98000000585fff70 PA=0585fff70 line=ffb hitv=0000 ro=2301 tag=00000 V=1111 W=0100 data=2f98c457abb2c777 mask=11111111
1038 dmemacc: store 8 addr=0585fff70 data=2f98c457abb2c777 mask=11111111 
1039 PC=0xffffffff8000ba04 [000000000000ba04]	fc8cffe0 sd     $t4,0xffffffe0($a0)
[va=98000000585fff60 pa=00000000585fff60]
1039 dcache  fc8cffe0 store hit           pol=3 VA=98000000585fff60 PA=0585fff60 line=7b hitv=00000010 ro=67023451 tag=0585ff V=00111111 W=00000000 L=00000000
1039 scache  fc8cffe0 store miss wo/alloc pol=3 VA=98000000585fff60 PA=0585fff60 line=ffb hitv=0000 ro=2301 tag=00000 V=1111 W=0100 data=5555555555555555 mask=11111111
1039 dmemacc: store 8 addr=0585fff60 data=5555555555555555 mask=11111111 
1040 PC=0xffffffff8000ba08 [000000000000ba08]	64840040 daddiu $a0,$a0,0x40
1040 Reg write a0=98000000585fffc0
1041 PC=0xffffffff8000ba0c [000000000000ba0c]	dca90038 ld     $t1,0x38($a1)
[va=9800000057affff8 pa=0000000057affff8]
1041 dcache  dca90038 load  miss refill   pol=3 VA=9800000057affff8 PA=057affff8 line=7f hitv=00000000 ro=67012345 tag=000000 V=00111111 W=00000000 L=00000000
1041 scache  dca90038 load  miss refill   pol=3 VA=9800000057affff8 PA=057afffe0 line=fff hitv=0000 ro=2301 tag=00000 V=1111 W=1010
1041 Reg write t1=391b6456b7ae3683
1042 icache  dca90038 load  hit           pol=3 VA=ffffffff8000ba10 PA=00000ba10 line=50 hitv=00000001 ro=12345670 tag=00000b V=00000001 L=00000000
1042 PC=0xffffffff8000ba10 [000000000000ba10]	dcaf0028 ld     $t7,0x28($a1)
[va=9800000057afffe8 pa=0000000057afffe8]
1042 dcache  dcaf0028 load  hit           pol=3 VA=9800000057afffe8 PA=057afffe8 line=7f hitv=01000000 ro=70123456 tag=057aff V=01111111 W=00000000 L=00000000
1042 Reg write t7=1a7906fcad6dd17c
1043 PC=0xffffffff8000ba14 [000000000000ba14]	dca90008 ld     $t1,0x8($a1)
[va=9800000057afffc8 pa=0000000057afffc8]
1043 dcache  dca90008 load  miss refill   pol=3 VA=9800000057afffc8 PA=057afffc8 line=7e hitv=00000000 ro=67012345 tag=000000 V=00111111 W=00000000 L=00000000
1043 scache  dca90008 load  miss refill   pol=3 VA=9800000057afffc8 PA=057afffc0 line=ffe hitv=0000 ro=2301 tag=00000 V=1111 W=1010
1043 Reg write t1=e88e460160396700
1044 PC=0xffffffff8000ba18 [000000000000ba18]	dcab0018 ld     $t3,0x18($a1)
[va=9800000057afffd8 pa=0000000057afffd8]
1044 dcache  dcab0018 load  hit           pol=3 VA=9800000057afffd8 PA=057afffd8 line=7e hitv=01000000 ro=70123456 tag=057aff V=01111111 W=00000000 L=00000000
1044 Reg write t3=0000000000000001
1045 PC=0xffffffff8000ba1c [000000000000ba1c]	dca80000 ld     $t0,0x0($a1)
[va=9800000057afffc0 pa=0000000057afffc0]
1045 dcache  dca80000 load  hit           pol=3 VA=9800000057afffc0 PA=057afffc0 line=7e hitv=01000000 ro=70123456 tag=057aff V=01111111 W=00000000 L=00000000
1045 Reg write t0=8acdf7df23c2e136
1046 icache  dca80000 load  hit           pol=3 VA=ffffffff8000ba20 PA=00000ba20 line=51 hitv=00000001 ro=12345670 tag=00000b V=00000001 L=00000000
1046 PC=0xffffffff8000ba20 [000000000000ba20]	fc880000 sd     $t0,0x0($a0)
[va=98000000585fffc0 pa=00000000585fffc0]
1046 dcache  fc880000 store hit           pol=3 VA=98000000585fffc0 PA=0585fffc0 line=7e hitv=00010000 ro=70123456 tag=0585ff V=01111111 W=00000000 L=00000000
1046 scache  fc880000 store hit           pol=3 VA=98000000585fffc0 PA=0585fffc0 line=ffe hitv=0001 ro=3012 tag=02c2f V=1111 W=1010 data=8acdf7df23c2e136 mask=11111111
1047 PC=0xffffffff8000ba24 [000000000000ba24]	dcac0020 ld     $t4,0x20($a1)
[va=9800000057afffe0 pa=0000000057afffe0]
1047 dcache  dcac0020 load  hit           pol=3 VA=9800000057afffe0 PA=057afffe0 line=7f hitv=01000000 ro=70123456 tag=057aff V=01111111 W=00000000 L=00000000
1047 Reg write t4=6b047a03f750961e
1048 PC=0xffffffff8000ba28 [000000000000ba28]	64c6ffff daddiu $a2,$a2,0xffff
1048 Reg write a2=0000000000000001
1049 PC=0xffffffff8000ba2c [000000000000ba2c]	fc8bffd8 sd     $t3,0xffffffd8($a0)
[va=98000000585fff98 pa=00000000585fff98]
1049 dcache  fc8bffd8 store hit           pol=3 VA=98000000585fff98 PA=0585fff98 line=7c hitv=00010000 ro=23056714 tag=0585ff V=11111111 W=00000000 L=00000000
1049 scache  fc8bffd8 store miss wo/alloc pol=3 VA=98000000585fff98 PA=0585fff98 line=ffc hitv=0000 ro=2301 tag=00000 V=1111 W=1101 data=0000000000000001 mask=11111111
1049 dmemacc: store 8 addr=0585fff98 data=0000000000000001 mask=11111111 
1050 icache  fc8bffd8 load  hit           pol=3 VA=ffffffff8000ba30 PA=00000ba30 line=51 hitv=00000001 ro=12345670 tag=00000b V=00000001 L=00000000
1050 PC=0xffffffff8000ba30 [000000000000ba30]	14c0ffed bne    $a2,$r0,0xffffffff8000b9e8
1051 PC=0xffffffff8000ba34 [000000000000ba34]	fc8fffe8 sd     $t7,0xffffffe8($a0)
[va=98000000585fffa8 pa=00000000585fffa8]
1051 dcache  fc8fffe8 store hit           pol=3 VA=98000000585fffa8 PA=0585fffa8 line=7d hitv=00100000 ro=01234567 tag=0585ff V=11111111 W=00000000 L=00000000
1051 scache  fc8fffe8 store hit           pol=3 VA=98000000585fffa8 PA=0585fffa8 line=ffd hitv=0010 ro=0123 tag=02c2f V=1111 W=0101 data=1a7906fcad6dd17c mask=11111111
1052 icache  fc8fffe8 load  hit           pol=3 VA=ffffffff8000b9e8 PA=00000b9e0 line=4f hitv=00000001 ro=12345670 tag=00000b V=00000001 L=00000000
1052 PC=0xffffffff8000b9e8 [000000000000b9e8]	dcaa0010 ld     $t2,0x10($a1)
[va=9800000057afffd0 pa=0000000057afffd0]
1052 dcache  dcaa0010 load  hit           pol=3 VA=9800000057afffd0 PA=057afffd0 line=7e hitv=01000000 ro=70123564 tag=057aff V=01111111 W=00000000 L=00000000
1052 Reg write t2=eb43b8f0713fa40f
1053 PC=0xffffffff8000b9ec [000000000000b9ec]	fc890008 sd     $t1,0x8($a0)
[va=98000000585fffc8 pa=00000000585fffc8]
1053 dcache  fc890008 store hit           pol=3 VA=98000000585fffc8 PA=0585fffc8 line=7e hitv=00010000 ro=70123546 tag=0585ff V=01111111 W=00000000 L=00000000
1053 scache  fc890008 store hit           pol=3 VA=98000000585fffc8 PA=0585fffc8 line=ffe hitv=0001 ro=3120 tag=02c2f V=1111 W=1011 data=e88e460160396700 mask=11111111
1054 icache  fc890008 load  hit           pol=3 VA=ffffffff8000b9f0 PA=00000b9f0 line=4f hitv=00000001 ro=12345670 tag=00000b V=00000001 L=00000000
1054 PC=0xffffffff8000b9f0 [000000000000b9f0]	dca80030 ld     $t0,0x30($a1)
[va=9800000057affff0 pa=0000000057affff0]
1054 dcache  dca80030 load  hit           pol=3 VA=9800000057affff0 PA=057affff0 line=7f hitv=01000000 ro=70123456 tag=057aff V=01111111 W=00000000 L=00000000
1054 Reg write t0=a1045b61eefda9be
1055 PC=0xffffffff8000b9f4 [000000000000b9f4]	64a50040 daddiu $a1,$a1,0x40
1055 Reg write a1=9800000057b00000
1056 PC=0xffffffff8000b9f8 [000000000000b9f8]	fc8affd0 sd     $t2,0xffffffd0($a0)
[va=98000000585fff90 pa=00000000585fff90]
1056 dcache  fc8affd0 store hit           pol=3 VA=98000000585fff90 PA=0585fff90 line=7c hitv=00010000 ro=23056714 tag=0585ff V=11111111 W=00000000 L=00000000
1056 scache  fc8affd0 store miss wo/alloc pol=3 VA=98000000585fff90 PA=0585fff90 line=ffc hitv=0000 ro=2301 tag=00000 V=1111 W=1101 data=eb43b8f0713fa40f mask=11111111
1056 dmemacc: store 8 addr=0585fff90 data=eb43b8f0713fa40f mask=11111111 
1057 PC=0xffffffff8000b9fc [000000000000b9fc]	fc89fff8 sd     $t1,0xfffffff8($a0)
[va=98000000585fffb8 pa=00000000585fffb8]
1057 dcache  fc89fff8 store hit           pol=3 VA=98000000585fffb8 PA=0585fffb8 line=7d hitv=00100000 ro=01234675 tag=0585ff V=11111111 W=00000000 L=00000000
1057 scache  fc89fff8 store hit           pol=3 VA=98000000585fffb8 PA=0585fffb8 line=ffd hitv=0010 ro=0231 tag=02c2f V=1111 W=0111 data=e88e460160396700 mask=11111111
1058 icache  fc89fff8 load  hit           pol=3 VA=ffffffff8000ba00 PA=00000ba00 line=50 hitv=00000001 ro=12345670 tag=00000b V=00000001 L=00000000
1058 PC=0xffffffff8000ba00 [000000000000ba00]	fc88fff0 sd     $t0,0xfffffff0($a0)
[va=98000000585fffb0 pa=00000000585fffb0]
1058 dcache  fc88fff0 store hit           pol=3 VA=98000000585fffb0 PA=0585fffb0 line=7d hitv=00100000 ro=01234675 tag=0585ff V=11111111 W=00000000 L=00000000
1058 scache  fc88fff0 store hit           pol=3 VA=98000000585fffb0 PA=0585fffb0 line=ffd hitv=0010 ro=0231 tag=02c2f V=1111 W=0111 data=a1045b61eefda9be mask=11111111
1059 PC=0xffffffff8000ba04 [000000000000ba04]	fc8cffe0 sd     $t4,0xffffffe0($a0)
[va=98000000585fffa0 pa=00000000585fffa0]
1059 dcache  fc8cffe0 store hit           pol=3 VA=98000000585fffa0 PA=0585fffa0 line=7d hitv=00100000 ro=01234675 tag=0585ff V=11111111 W=00000000 L=00000000
1059 scache  fc8cffe0 store hit           pol=3 VA=98000000585fffa0 PA=0585fffa0 line=ffd hitv=0010 ro=0231 tag=02c2f V=1111 W=0111 data=6b047a03f750961e mask=11111111
1060 PC=0xffffffff8000ba08 [000000000000ba08]	64840040 daddiu $a0,$a0,0x40
1060 Reg write a0=9800000058600000
1061 PC=0xffffffff8000ba0c [000000000000ba0c]	dca90038 ld     $t1,0x38($a1)
[va=9800000057b00038 pa=0000000057b00038]
1061 dcache  dca90038 load  miss refill   pol=3 VA=9800000057b00038 PA=057b00038 line=01 hitv=00000000 ro=01234567 tag=000000 V=11111111 W=00000000 L=00000000
1061 scache  dca90038 load  miss refill   pol=3 VA=9800000057b00038 PA=057b00020 line=001 hitv=0000 ro=0123 tag=00000 V=1111 W=1010
1061 Reg write t1=38e38e38e38e38e3
1062 icache  dca90038 load  hit           pol=3 VA=ffffffff8000ba10 PA=00000ba10 line=50 hitv=00000001 ro=12345670 tag=00000b V=00000001 L=00000000
1062 PC=0xffffffff8000ba10 [000000000000ba10]	dcaf0028 ld     $t7,0x28($a1)
[va=9800000057b00028 pa=0000000057b00028]
1062 dcache  dcaf0028 load  hit           pol=3 VA=9800000057b00028 PA=057b00028 line=01 hitv=00000001 ro=12345670 tag=057b00 V=11111111 W=00000000 L=00000000
1062 Reg write t7=76da9e333eb3182a
1063 PC=0xffffffff8000ba14 [000000000000ba14]	dca90008 ld     $t1,0x8($a1)
[va=9800000057b00008 pa=0000000057b00008]
1063 dcache  dca90008 load  miss refill   pol=3 VA=9800000057b00008 PA=057b00008 line=00 hitv=00000000 ro=23456701 tag=000000 V=11111111 W=00000000 L=00000000
1063 scache  dca90008 load  miss refill   pol=3 VA=9800000057b00008 PA=057b00000 line=000 hitv=0000 ro=2301 tag=00000 V=1111 W=0111
1063 dmemacc: store 8 addr=059b00000 data=4014b5b6792c0514 mask=11111111 cline 
1063 dmemacc: store 8 addr=059b00008 data=2f00cc074b3c3cea mask=11111111 cline 
1063 dmemacc: store 8 addr=059b00010 data=1475839c9d32c61a mask=11111111 cline 
1063 dmemacc: store 8 addr=059b00018 data=a4e7382dcf9c505f mask=11111111 cline 
1063 Reg write t1=b4dbfa7977219922
1064 PC=0xffffffff8000ba18 [000000000000ba18]	dcab0018 ld     $t3,0x18($a1)
[va=9800000057b00018 pa=0000000057b00018]
1064 dcache  dcab0018 load  hit           pol=3 VA=9800000057b00018 PA=057b00018 line=00 hitv=00000100 ro=34567012 tag=057b00 V=11111111 W=00000000 L=00000000
1064 Reg write t3=62f7534ef199c2d5
1065 PC=0xffffffff8000ba1c [000000000000ba1c]	dca80000 ld     $t0,0x0($a1)
[va=9800000057b00000 pa=0000000057b00000]
1065 dcache  dca80000 load  hit           pol=3 VA=9800000057b00000 PA=057b00000 line=00 hitv=00000100 ro=34567012 tag=057b00 V=11111111 W=00000000 L=00000000
1065 Reg write t0=ca4bf43205c03ff5
1066 icache  dca80000 load  hit           pol=3 VA=ffffffff8000ba20 PA=00000ba20 line=51 hitv=00000001 ro=12345670 tag=00000b V=00000001 L=00000000
1066 PC=0xffffffff8000ba20 [000000000000ba20]	fc880000 sd     $t0,0x0($a0)
[va=9800000058600000 pa=0000000058600000]
1066 dcache  fc880000 store hit           pol=3 VA=9800000058600000 PA=058600000 line=00 hitv=10000000 ro=34567012 tag=058600 V=11111111 W=00000000 L=00000000
1066 scache  fc880000 store hit           pol=3 VA=9800000058600000 PA=058600000 line=000 hitv=1000 ro=3012 tag=02c30 V=1111 W=0011 data=ca4bf43205c03ff5 mask=11111111
1067 PC=0xffffffff8000ba24 [000000000000ba24]	dcac0020 ld     $t4,0x20($a1)
[va=9800000057b00020 pa=0000000057b00020]
1067 dcache  dcac0020 load  hit           pol=3 VA=9800000057b00020 PA=057b00020 line=01 hitv=00000001 ro=12345670 tag=057b00 V=11111111 W=00000000 L=00000000
1067 Reg write t4=2f3a0279364330d4
1068 PC=0xffffffff8000ba28 [000000000000ba28]	64c6ffff daddiu $a2,$a2,0xffff
1068 Reg write a2=0000000000000000
1069 PC=0xffffffff8000ba2c [000000000000ba2c]	fc8bffd8 sd     $t3,0xffffffd8($a0)
[va=98000000585fffd8 pa=00000000585fffd8]
1069 dcache  fc8bffd8 store hit           pol=3 VA=98000000585fffd8 PA=0585fffd8 line=7e hitv=00010000 ro=70123564 tag=0585ff V=01111111 W=00000000 L=00000000
1069 scache  fc8bffd8 store hit           pol=3 VA=98000000585fffd8 PA=0585fffd8 line=ffe hitv=0001 ro=3120 tag=02c2f V=1111 W=1011 data=62f7534ef199c2d5 mask=11111111
1070 icache  fc8bffd8 load  hit           pol=3 VA=ffffffff8000ba30 PA=00000ba30 line=51 hitv=00000001 ro=12345670 tag=00000b V=00000001 L=00000000
1070 PC=0xffffffff8000ba30 [000000000000ba30]	14c0ffed bne    $a2,$r0,0xffffffff8000b9e8
1071 PC=0xffffffff8000ba34 [000000000000ba34]	fc8fffe8 sd     $t7,0xffffffe8($a0)
[va=98000000585fffe8 pa=00000000585fffe8]
1071 dcache  fc8fffe8 store hit           pol=3 VA=98000000585fffe8 PA=0585fffe8 line=7f hitv=00010000 ro=70123456 tag=0585ff V=01111111 W=00000000 L=00000000
1071 scache  fc8fffe8 store hit           pol=3 VA=98000000585fffe8 PA=0585fffe8 line=fff hitv=0001 ro=3012 tag=02c2f V=1111 W=1010 data=76da9e333eb3182a mask=11111111
1072 PC=0xffffffff8000ba38 [000000000000ba38]	00000000 nop
1073 PC=0xffffffff8000ba3c [000000000000ba3c]	34060013 ori    $a2,$r0,0x13
1073 Reg write a2=0000000000000013
1074 icache  34060013 load  miss refill   pol=3 VA=ffffffff8000ba40 PA=00000ba40 line=52 hitv=00000000 ro=01234567 tag=000000 V=00000000 L=00000000
1074 PC=0xffffffff8000ba40 [000000000000ba40]	000636fc dsll32 $a2,$a2,27
1074 Reg write a2=9800000000000000
1075 PC=0xffffffff8000ba44 [000000000000ba44]	34c6630c ori    $a2,$a2,0x630c
1075 Reg write a2=980000000000630c
1076 PC=0xffffffff8000ba48 [000000000000ba48]	00c0f809 jalr   $ra,$a2
1076 Reg write ra=ffffffff8000ba50
1077 PC=0xffffffff8000ba4c [000000000000ba4c]	3c0c9800 lui    $t4,0x9800
1077 Reg write t4=ffffffff98000000
1078 icache  3c0c9800 load  miss refill   pol=3 VA=980000000000630c PA=000006300 line=18 hitv=00000000 ro=12345670 tag=000000 V=00000001 L=00000000
1078 PC=0x980000000000630c [000000000000630c]	fc6b0070 sd     $t3,0x70($v1)
[va=98000000504fffa0 pa=00000000504fffa0]
1078 dcache  fc6b0070 store miss w/alloc  pol=3 VA=98000000504fffa0 PA=0504fffa0 line=7d hitv=00000000 ro=01234675 tag=000000 V=11111111 W=00000000 L=00000000
1078 scache  fc6b0070 store miss w/alloc  pol=3 VA=98000000504fffa0 PA=0504fffa0 line=ffd hitv=0000 ro=0231 tag=00000 V=1111 W=0111 data=62f7534ef199c2d5 mask=11111111
1078 dmemacc: store 8 addr=059afffa0 data=1366c3b2408cab65 mask=11111111 cline 
1078 dmemacc: store 8 addr=059afffa8 data=1fff8001fff8001f mask=11111111 cline 
1078 dmemacc: store 8 addr=059afffb0 data=9f1ae1f63efb28c9 mask=11111111 cline 
1078 dmemacc: store 8 addr=059afffb8 data=e7926da5fc27ab80 mask=11111111 cline 
1079 icache  fc6b0070 load  hit           pol=3 VA=9800000000006310 PA=000006310 line=18 hitv=00000010 ro=23456701 tag=000006 V=00000011 L=00000000
1079 PC=0x9800000000006310 [0000000000006310]	fc710160 sd     $s1,0x160($v1)
[va=9800000050500090 pa=0000000050500090]
1079 dcache  fc710160 store hit           pol=3 VA=9800000050500090 PA=050500090 line=04 hitv=00001000 ro=56701234 tag=050500 V=00011111 W=00000000 L=00000000
1079 scache  fc710160 store hit           pol=3 VA=9800000050500090 PA=050500090 line=004 hitv=1000 ro=1230 tag=02828 V=1111 W=1011 data=9800000041af95ce mask=11111111
1080 PC=0x9800000000006314 [0000000000006314]	fc6802a8 sd     $t0,0x2a8($v1)
[va=98000000505001d8 pa=00000000505001d8]
1080 dcache  fc6802a8 store miss w/alloc  pol=3 VA=98000000505001d8 PA=0505001d8 line=0e hitv=00000000 ro=45670213 tag=000000 V=00001111 W=00000000 L=00000000
1080 scache  fc6802a8 store miss w/alloc  pol=3 VA=98000000505001d8 PA=0505001d8 line=00e hitv=0000 ro=3012 tag=00000 V=0111 W=0010 data=ca4bf43205c03ff5 mask=11111111
1081 PC=0x9800000000006318 [0000000000006318]	00000000 nop
1082 PC=0x980000000000631c [000000000000631c]	03e00008 jr     $ra
1083 icache  03e00008 load  miss refill   pol=3 VA=9800000000006320 PA=000006320 line=19 hitv=00000000 ro=12345670 tag=000000 V=00000001 L=00000000
1083 PC=0x9800000000006320 [0000000000006320]	fc6e0188 sd     $t6,0x188($v1)
[va=98000000505000b8 pa=00000000505000b8]
1083 dcache  fc6e0188 store hit           pol=3 VA=98000000505000b8 PA=0505000b8 line=05 hitv=00100000 ro=70123465 tag=050500 V=01111111 W=00000000 L=00000000
1083 scache  fc6e0188 store hit           pol=3 VA=98000000505000b8 PA=0505000b8 line=005 hitv=0001 ro=2310 tag=02828 V=1111 W=0111 data=0000000000000001 mask=11111111
1084 icache  fc6e0188 load  hit           pol=3 VA=ffffffff8000ba50 PA=00000ba50 line=52 hitv=00000001 ro=12345670 tag=00000b V=00000001 L=00000000
1084 PC=0xffffffff8000ba50 [000000000000ba50]	000c6438 dsll   $t4,$t4,16
1084 Reg write t4=ffff980000000000
1085 PC=0xffffffff8000ba54 [000000000000ba54]	358c4170 ori    $t4,$t4,0x4170
1085 Reg write t4=ffff980000004170
1086 PC=0xffffffff8000ba58 [000000000000ba58]	000c6438 dsll   $t4,$t4,16
1086 Reg write t4=9800000041700000
1087 PC=0xffffffff8000ba5c [000000000000ba5c]	358c74d2 ori    $t4,$t4,0x74d2
1087 Reg write t4=98000000417074d2
1088 icache  358c74d2 load  miss refill   pol=3 VA=ffffffff8000ba60 PA=00000ba60 line=53 hitv=00000000 ro=01234567 tag=000000 V=00000000 L=00000000
1088 PC=0xffffffff8000ba60 [000000000000ba60]	a5828aa8 sh     $v0,0xffff8aa8($t4)
[va=98000000416fff7a pa=00000000416fff7a]
1088 dcache  a5828aa8 store miss w/alloc  pol=3 VA=98000000416fff7a PA=0416fff78 line=7b hitv=00000000 ro=67023451 tag=000000 V=00111111 W=00000000 L=00000000
1088 scache  a5828aa8 store miss w/alloc  pol=3 VA=98000000416fff7a PA=0416fff78 line=ffb hitv=0000 ro=2301 tag=00000 V=1111 W=0100 data=0000f50500000000 mask=00110000
1088 dmemacc: store 8 addr=0414fff60 data=c961c674817de9f8 mask=11111111 cline 
1088 dmemacc: store 8 addr=0414fff68 data=aab4056918a8adfe mask=11111111 cline 
1088 dmemacc: store 8 addr=0414fff70 data=fffffffffffffffc mask=11111111 cline 
1088 dmemacc: store 8 addr=0414fff78 data=bf20a2306ca6a5e1 mask=11111111 cline 
1089 PC=0xffffffff8000ba64 [000000000000ba64]	3c1d9800 lui    $sp,0x9800
1089 Reg write sp=ffffffff98000000
1090 PC=0xffffffff8000ba68 [000000000000ba68]	001dec38 dsll   $sp,$sp,16
1090 Reg write sp=ffff980000000000
1091 PC=0xffffffff8000ba6c [000000000000ba6c]	37bd5120 ori    $sp,$sp,0x5120
1091 Reg write sp=ffff980000005120
1092 icache  37bd5120 load  hit           pol=3 VA=ffffffff8000ba70 PA=00000ba70 line=53 hitv=00000001 ro=12345670 tag=00000b V=00000001 L=00000000
1092 PC=0xffffffff8000ba70 [000000000000ba70]	001dec38 dsll   $sp,$sp,16
1092 Reg write sp=9800000051200000
1093 PC=0xffffffff8000ba74 [000000000000ba74]	37bd4393 ori    $sp,$sp,0x4393
1093 Reg write sp=9800000051204393
1094 PC=0xffffffff8000ba78 [000000000000ba78]	dfb7be1d ld     $s7,0xffffbe1d($sp)
[va=98000000512001b0 pa=00000000512001b0]
1094 dcache  dfb7be1d load  miss refill   pol=3 VA=98000000512001b0 PA=0512001b0 line=0d hitv=00000000 ro=45670123 tag=000000 V=00001111 W=00000000 L=00000000
1094 scache  dfb7be1d load  miss refill   pol=3 VA=98000000512001b0 PA=0512001a0 line=00d hitv=0000 ro=3012 tag=00000 V=0111 W=0001
1094 Reg write s7=539d454b39adfc79
1095 PC=0xffffffff8000ba7c [000000000000ba7c]	3c0e9800 lui    $t6,0x9800
1095 Reg write t6=ffffffff98000000
1096 icache  3c0e9800 load  miss refill   pol=3 VA=ffffffff8000ba80 PA=00000ba80 line=54 hitv=00000000 ro=01234567 tag=000000 V=00000000 L=00000000
1096 PC=0xffffffff8000ba80 [000000000000ba80]	000e7438 dsll   $t6,$t6,16
1096 Reg write t6=ffff980000000000
1097 PC=0xffffffff8000ba84 [000000000000ba84]	35ce416f ori    $t6,$t6,0x416f
1097 Reg write t6=ffff98000000416f
1098 PC=0xffffffff8000ba88 [000000000000ba88]	000e7438 dsll   $t6,$t6,16
1098 Reg write t6=98000000416f0000
1099 PC=0xffffffff8000ba8c [000000000000ba8c]	35ceb04b ori    $t6,$t6,0xb04b
1099 Reg write t6=98000000416fb04b
1100 icache  35ceb04b load  hit           pol=3 VA=ffffffff8000ba90 PA=00000ba90 line=54 hitv=00000001 ro=12345670 tag=00000b V=00000001 L=00000000
1100 PC=0xffffffff8000ba90 [000000000000ba90]	81de508c lb     $s8,0x508c($t6)
[va=98000000417000d7 pa=00000000417000d7]
1100 dcache  81de508c load  miss refill   pol=3 VA=98000000417000d7 PA=0417000d0 line=06 hitv=00000000 ro=45670123 tag=000000 V=00001111 W=00000000 L=00000000
1100 scache  81de508c load  miss refill   pol=3 VA=98000000417000d7 PA=0417000c0 line=006 hitv=0000 ro=0123 tag=00000 V=1111 W=1111
1100 dmemacc: store 8 addr=0588000c0 data=b213a6e54dce409f mask=11111111 cline 
1100 dmemacc: store 8 addr=0588000c8 data=3ea1647a48c2ce58 mask=11111111 cline 
1100 dmemacc: store 8 addr=0588000d0 data=72a99de4eb219890 mask=11111111 cline 
1100 dmemacc: store 8 addr=0588000d8 data=0000000000000001 mask=11111111 cline 
1100 Reg write s8=fffffffffffffff3
1101 PC=0xffffffff8000ba94 [000000000000ba94]	3c189800 lui    $t8,0x9800
1101 Reg write t8=ffffffff98000000
1102 PC=0xffffffff8000ba98 [000000000000ba98]	0018c438 dsll   $t8,$t8,16
1102 Reg write t8=ffff980000000000
1103 PC=0xffffffff8000ba9c [000000000000ba9c]	3718511f ori    $t8,$t8,0x511f
1103 Reg write t8=ffff98000000511f
1104 icache  3718511f load  miss refill   pol=3 VA=ffffffff8000baa0 PA=00000baa0 line=55 hitv=00000000 ro=01234567 tag=000000 V=00000000 L=00000000
1104 PC=0xffffffff8000baa0 [000000000000baa0]	0018c438 dsll   $t8,$t8,16
1104 Reg write t8=98000000511f0000
1105 PC=0xffffffff8000baa4 [000000000000baa4]	3718eef7 ori    $t8,$t8,0xeef7
1105 Reg write t8=98000000511feef7
1106 PC=0xffffffff8000baa8 [000000000000baa8]	871d12b9 lh     $sp,0x12b9($t8)
[va=98000000512001b0 pa=00000000512001b0]
1106 dcache  871d12b9 load  hit           pol=3 VA=98000000512001b0 PA=0512001b0 line=0d hitv=00010000 ro=56701234 tag=051200 V=00011111 W=00000000 L=00000000
1106 Reg write sp=000000000000539d
1107 PC=0xffffffff8000baac [000000000000baac]	3c169800 lui    $s6,0x9800
1107 Reg write s6=ffffffff98000000
1108 icache  3c169800 load  hit           pol=3 VA=ffffffff8000bab0 PA=00000bab0 line=55 hitv=00000001 ro=12345670 tag=00000b V=00000001 L=00000000
1108 PC=0xffffffff8000bab0 [000000000000bab0]	0016b438 dsll   $s6,$s6,16
1108 Reg write s6=ffff980000000000
1109 PC=0xffffffff8000bab4 [000000000000bab4]	36d6515f ori    $s6,$s6,0x515f
1109 Reg write s6=ffff98000000515f
1110 PC=0xffffffff8000bab8 [000000000000bab8]	0016b438 dsll   $s6,$s6,16
1110 Reg write s6=98000000515f0000
1111 PC=0xffffffff8000babc [000000000000babc]	36d6ed5e ori    $s6,$s6,0xed5e
1111 Reg write s6=98000000515fed5e
1112 icache  36d6ed5e load  miss refill   pol=3 VA=ffffffff8000bac0 PA=00000bac0 line=56 hitv=00000000 ro=01234567 tag=000000 V=00000000 L=00000000
1112 PC=0xffffffff8000bac0 [000000000000bac0]	92dc1475 lbu    $gp,0x1475($s6)
[va=98000000516001d3 pa=00000000516001d3]
1112 dcache  92dc1475 load  miss refill   pol=3 VA=98000000516001d3 PA=0516001d0 line=0e hitv=00000000 ro=56702134 tag=000000 V=00011111 W=00000000 L=00000000
1112 scache  92dc1475 load  miss refill   pol=3 VA=98000000516001d3 PA=0516001c0 line=00e hitv=0000 ro=0123 tag=00000 V=1111 W=1010
1112 Reg write gp=00000000000000b6
1113 PC=0xffffffff8000bac4 [000000000000bac4]	3c1d9800 lui    $sp,0x9800
1113 Reg write sp=ffffffff98000000
1114 PC=0xffffffff8000bac8 [000000000000bac8]	001dec38 dsll   $sp,$sp,16
1114 Reg write sp=ffff980000000000
1115 PC=0xffffffff8000bacc [000000000000bacc]	37bd504f ori    $sp,$sp,0x504f
1115 Reg write sp=ffff98000000504f
1116 icache  37bd504f load  hit           pol=3 VA=ffffffff8000bad0 PA=00000bad0 line=56 hitv=00000001 ro=12345670 tag=00000b V=00000001 L=00000000
1116 PC=0xffffffff8000bad0 [000000000000bad0]	001dec38 dsll   $sp,$sp,16
1116 Reg write sp=98000000504f0000
1117 PC=0xffffffff8000bad4 [000000000000bad4]	37bda0cd ori    $sp,$sp,0xa0cd
1117 Reg write sp=98000000504fa0cd
1118 PC=0xffffffff8000bad8 [000000000000bad8]	afab5eb3 sw     $t3,0x5eb3($sp)
[va=98000000504fff80 pa=00000000504fff80]
1118 dcache  afab5eb3 store hit           pol=3 VA=98000000504fff80 PA=0504fff80 line=7c hitv=01000000 ro=23056714 tag=0504ff V=11111111 W=00000000 L=00000000
1118 scache  afab5eb3 store hit           pol=3 VA=98000000504fff80 PA=0504fff80 line=ffc hitv=1000 ro=2301 tag=02827 V=1111 W=1101 data=f199c2d500000000 mask=11110000
1119 PC=0xffffffff8000badc [000000000000badc]	3c199800 lui    $t9,0x9800
1119 Reg write t9=ffffffff98000000
1120 icache  3c199800 load  miss refill   pol=3 VA=ffffffff8000bae0 PA=00000bae0 line=57 hitv=00000000 ro=01234567 tag=000000 V=00000000 L=00000000
1120 PC=0xffffffff8000bae0 [000000000000bae0]	0019cc38 dsll   $t9,$t9,16
1120 Reg write t9=ffff980000000000
1121 PC=0xffffffff8000bae4 [000000000000bae4]	373941af ori    $t9,$t9,0x41af
1121 Reg write t9=ffff9800000041af
1122 PC=0xffffffff8000bae8 [000000000000bae8]	0019cc38 dsll   $t9,$t9,16
1122 Reg write t9=9800000041af0000
1123 PC=0xffffffff8000baec [000000000000baec]	3739f2f5 ori    $t9,$t9,0xf2f5
1123 Reg write t9=9800000041aff2f5
1124 icache  3739f2f5 load  hit           pol=3 VA=ffffffff8000baf0 PA=00000baf0 line=57 hitv=00000001 ro=12345670 tag=00000b V=00000001 L=00000000
1124 PC=0xffffffff8000baf0 [000000000000baf0]	972e0e13 lhu    $t6,0xe13($t9)
[va=9800000041b00108 pa=0000000041b00108]
1124 dcache  972e0e13 load  miss refill   pol=3 VA=9800000041b00108 PA=041b00108 line=08 hitv=00000000 ro=70132456 tag=000000 V=01111111 W=00000000 L=00000000
1124 scache  972e0e13 load  miss refill   pol=3 VA=9800000041b00108 PA=041b00100 line=008 hitv=0000 ro=2301 tag=00000 V=1111 W=1011
1124 Reg write t6=0000000000007fff
1125 PC=0xffffffff8000baf4 [000000000000baf4]	3c169800 lui    $s6,0x9800
1125 Reg write s6=ffffffff98000000
1126 PC=0xffffffff8000baf8 [000000000000baf8]	0016b438 dsll   $s6,$s6,16
1126 Reg write s6=ffff980000000000
1127 PC=0xffffffff8000bafc [000000000000bafc]	36d6414f ori    $s6,$s6,0x414f
1127 Reg write s6=ffff98000000414f
1128 icache  36d6414f load  miss refill   pol=3 VA=ffffffff8000bb00 PA=00000bb00 line=58 hitv=00000000 ro=01234567 tag=000000 V=00000000 L=00000000
1128 PC=0xffffffff8000bb00 [000000000000bb00]	0016b438 dsll   $s6,$s6,16
1128 Reg write s6=98000000414f0000
1129 PC=0xffffffff8000bb04 [000000000000bb04]	36d6d01b ori    $s6,$s6,0xd01b
1129 Reg write s6=98000000414fd01b
1130 PC=0xffffffff8000bb08 [000000000000bb08]	92d22fe6 lbu    $s2,0x2fe6($s6)
[va=9800000041500001 pa=0000000041500001]
1130 dcache  92d22fe6 load  hit           pol=3 VA=9800000041500001 PA=041500000 line=00 hitv=00000001 ro=34560127 tag=041500 V=11111111 W=00000000 L=00000000
1130 Reg write s2=0000000000000000
1131 PC=0xffffffff8000bb0c [000000000000bb0c]	3c0e9800 lui    $t6,0x9800
1131 Reg write t6=ffffffff98000000
1132 icache  3c0e9800 load  hit           pol=3 VA=ffffffff8000bb10 PA=00000bb10 line=58 hitv=00000001 ro=12345670 tag=00000b V=00000001 L=00000000
1132 PC=0xffffffff8000bb10 [000000000000bb10]	000e7438 dsll   $t6,$t6,16
1132 Reg write t6=ffff980000000000
1133 PC=0xffffffff8000bb14 [000000000000bb14]	35ce5160 ori    $t6,$t6,0x5160
1133 Reg write t6=ffff980000005160
1134 PC=0xffffffff8000bb18 [000000000000bb18]	000e7438 dsll   $t6,$t6,16
1134 Reg write t6=9800000051600000
1135 PC=0xffffffff8000bb1c [000000000000bb1c]	35ce17ef ori    $t6,$t6,0x17ef
1135 Reg write t6=98000000516017ef
1136 icache  35ce17ef load  miss refill   pol=3 VA=ffffffff8000bb20 PA=00000bb20 line=59 hitv=00000000 ro=01234567 tag=000000 V=00000000 L=00000000
1136 PC=0xffffffff8000bb20 [000000000000bb20]	81c2e8cb lb     $v0,0xffffe8cb($t6)
[va=98000000516000ba pa=00000000516000ba]
1136 dcache  81c2e8cb load  miss refill   pol=3 VA=98000000516000ba PA=0516000b8 line=05 hitv=00000000 ro=70123465 tag=000000 V=01111111 W=00000000 L=00000000
1136 scache  81c2e8cb load  miss refill   pol=3 VA=98000000516000ba PA=0516000a0 line=005 hitv=0000 ro=2310 tag=00000 V=1111 W=0111
1136 dmemacc: store 8 addr=0415000a0 data=0000000000000000 mask=11111111 cline 
1136 dmemacc: store 8 addr=0415000a8 data=8000000000000000 mask=11111111 cline 
1136 dmemacc: store 8 addr=0415000b0 data=49bb9400395d6af5 mask=11111111 cline 
1136 dmemacc: store 8 addr=0415000b8 data=0000000000000003 mask=11111111 cline 
1136 Reg write v0=ffffffffffffffff
1137 PC=0xffffffff8000bb24 [000000000000bb24]	3c0a9800 lui    $t2,0x9800
1137 Reg write t2=ffffffff98000000
1138 PC=0xffffffff8000bb28 [000000000000bb28]	000a5438 dsll   $t2,$t2,16
1138 Reg write t2=ffff980000000000
1139 PC=0xffffffff8000bb2c [000000000000bb2c]	354a4aaf ori    $t2,$t2,0x4aaf
1139 Reg write t2=ffff980000004aaf
1140 icache  354a4aaf load  hit           pol=3 VA=ffffffff8000bb30 PA=00000bb30 line=59 hitv=00000001 ro=12345670 tag=00000b V=00000001 L=00000000
1140 PC=0xffffffff8000bb30 [000000000000bb30]	000a5438 dsll   $t2,$t2,16
1140 Reg write t2=980000004aaf0000
1141 PC=0xffffffff8000bb34 [000000000000bb34]	354aff90 ori    $t2,$t2,0xff90
1141 Reg write t2=980000004aafff90
1142 PC=0xffffffff8000bb38 [000000000000bb38]	fd550020 sd     $s5,0x20($t2)
[va=980000004aafffb0 pa=000000004aafffb0]
1142 dcache  fd550020 store miss w/alloc  pol=3 VA=980000004aafffb0 PA=04aafffb0 line=7d hitv=00000000 ro=12346750 tag=000000 V=11111111 W=00000000 L=00000000
1142 scache  fd550020 store miss w/alloc  pol=3 VA=980000004aafffb0 PA=04aafffb0 line=ffd hitv=0000 ro=2310 tag=00000 V=1111 W=0111 data=98000000414ffcf9 mask=11111111
1142 dmemacc: store 8 addr=0414fffa0 data=8000000000000000 mask=11111111 cline 
1142 dmemacc: store 8 addr=0414fffa8 data=0000000000000000 mask=11111111 cline 
1142 dmemacc: store 8 addr=0414fffb0 data=cce1fb0f408507ba mask=11111111 cline 
1142 dmemacc: store 8 addr=0414fffb8 data=01fff0007ffc001f mask=11111111 cline 
1143 PC=0xffffffff8000bb3c [000000000000bb3c]	fd5c0000 sd     $gp,0x0($t2)
[va=980000004aafff90 pa=000000004aafff90]
1143 dcache  fd5c0000 store miss w/alloc  pol=3 VA=980000004aafff90 PA=04aafff90 line=7c hitv=00000000 ro=23057146 tag=000000 V=11111111 W=00000000 L=00000000
1143 scache  fd5c0000 store miss w/alloc  pol=3 VA=980000004aafff90 PA=04aafff90 line=ffc hitv=0000 ro=2013 tag=00000 V=1111 W=1101 data=00000000000000b6 mask=11111111
1143 dmemacc: store 8 addr=0414fff80 data=499f57e5ce89a0ab mask=11111111 cline 
1143 dmemacc: store 8 addr=0414fff88 data=bf20a2306ca6a5e1 mask=11111111 cline 
1143 dmemacc: store 8 addr=0414fff90 data=4590eb7783082f07 mask=11111111 cline 
1143 dmemacc: store 8 addr=0414fff98 data=735ec9b07582b530 mask=11111111 cline 
1144 icache  fd5c0000 load  miss refill   pol=3 VA=ffffffff8000bb40 PA=00000bb40 line=5a hitv=00000000 ro=01234567 tag=000000 V=00000000 L=00000000
1144 PC=0xffffffff8000bb40 [000000000000bb40]	fd4001e0 sd     $r0,0x1e0($t2)
[va=980000004ab00170 pa=000000004ab00170]
1144 dcache  fd4001e0 store miss w/alloc  pol=3 VA=980000004ab00170 PA=04ab00170 line=0b hitv=00000000 ro=45670123 tag=000000 V=00001111 W=00000000 L=00000000
1144 scache  fd4001e0 store miss w/alloc  pol=3 VA=980000004ab00170 PA=04ab00170 line=00b hitv=0000 ro=3012 tag=00000 V=0111 W=0111 data=0000000000000000 mask=11111111
1145 PC=0xffffffff8000bb44 [000000000000bb44]	fd490220 sd     $t1,0x220($t2)
[va=980000004ab001b0 pa=000000004ab001b0]
1145 dcache  fd490220 store miss w/alloc  pol=3 VA=980000004ab001b0 PA=04ab001b0 line=0d hitv=00000000 ro=56701234 tag=000000 V=00011111 W=00000000 L=00000000
1145 scache  fd490220 store miss w/alloc  pol=3 VA=980000004ab001b0 PA=04ab001b0 line=00d hitv=0000 ro=0123 tag=00000 V=1111 W=0001 data=b4dbfa7977219922 mask=11111111
1145 dmemacc: store 8 addr=0588001a0 data=ca0c54e0f66db589 mask=11111111 cline 
1145 dmemacc: store 8 addr=0588001a8 data=f75dbc52ab8f2c97 mask=11111111 cline 
1145 dmemacc: store 8 addr=0588001b0 data=10c582f3bf7a0efd mask=11111111 cline 
1145 dmemacc: store 8 addr=0588001b8 data=6f7eaccf314d22a6 mask=11111111 cline 
1146 PC=0xffffffff8000bb48 [000000000000bb48]	fd580080 sd     $t8,0x80($t2)
[va=980000004ab00010 pa=000000004ab00010]
1146 dcache  fd580080 store miss w/alloc  pol=3 VA=980000004ab00010 PA=04ab00010 line=00 hitv=00000000 ro=34561270 tag=000000 V=11111111 W=00000000 L=00000000
1146 scache  fd580080 store miss w/alloc  pol=3 VA=980000004ab00010 PA=04ab00010 line=000 hitv=0000 ro=0123 tag=00000 V=1111 W=1011 data=98000000511feef7 mask=11111111
1146 dmemacc: store 8 addr=041500000 data=0000000000000001 mask=11111111 cline 
1146 dmemacc: store 8 addr=041500008 data=9a3b39941ec2c658 mask=11111111 cline 
1146 dmemacc: store 8 addr=041500010 data=253a7141791f67dc mask=11111111 cline 
1146 dmemacc: store 8 addr=041500018 data=4f066e78cfc5b131 mask=11111111 cline 
1147 PC=0xffffffff8000bb4c [000000000000bb4c]	fd450060 sd     $a1,0x60($t2)
[va=980000004aaffff0 pa=000000004aaffff0]
1147 dcache  fd450060 store miss w/alloc  pol=3 VA=980000004aaffff0 PA=04aaffff0 line=7f hitv=00000000 ro=70123564 tag=000000 V=01111111 W=00000000 L=00000000
1147 scache  fd450060 store miss w/alloc  pol=3 VA=980000004aaffff0 PA=04aaffff0 line=fff hitv=0000 ro=3120 tag=00000 V=1111 W=1011 data=9800000057b00000 mask=11111111
1147 dmemacc: store 8 addr=059afffe0 data=0000000000000000 mask=11111111 cline 
1147 dmemacc: store 8 addr=059afffe8 data=86af03306903e1c2 mask=11111111 cline 
1147 dmemacc: store 8 addr=059affff0 data=29d8e3e83e57c4c5 mask=11111111 cline 
1147 dmemacc: store 8 addr=059affff8 data=8000000000000000 mask=11111111 cline 
1148 icache  fd450060 load  hit           pol=3 VA=ffffffff8000bb50 PA=00000bb50 line=5a hitv=00000001 ro=12345670 tag=00000b V=00000001 L=00000000
1148 PC=0xffffffff8000bb50 [000000000000bb50]	fd5e0120 sd     $s8,0x120($t2)
[va=980000004ab000b0 pa=000000004ab000b0]
1148 dcache  fd5e0120 store miss w/alloc  pol=3 VA=980000004ab000b0 PA=04ab000b0 line=05 hitv=00000000 ro=01234657 tag=000000 V=11111111 W=00000000 L=00000000
1148 scache  fd5e0120 store miss w/alloc  pol=3 VA=980000004ab000b0 PA=04ab000b0 line=005 hitv=0000 ro=3102 tag=00000 V=1111 W=0011 data=fffffffffffffff3 mask=11111111
1149 PC=0xffffffff8000bb54 [000000000000bb54]	fd5600e0 sd     $s6,0xe0($t2)
[va=980000004ab00070 pa=000000004ab00070]
1149 dcache  fd5600e0 store miss w/alloc  pol=3 VA=980000004ab00070 PA=04ab00070 line=03 hitv=00000000 ro=01234567 tag=000000 V=11111111 W=00000000 L=00000000
1149 scache  fd5600e0 store miss w/alloc  pol=3 VA=980000004ab00070 PA=04ab00070 line=003 hitv=0000 ro=0123 tag=00000 V=1111 W=0110 data=98000000414fd01b mask=11111111
1150 PC=0xffffffff8000bb58 [000000000000bb58]	fd5f0140 sd     $ra,0x140($t2)
[va=980000004ab000d0 pa=000000004ab000d0]
1150 dcache  fd5f0140 store miss w/alloc  pol=3 VA=980000004ab000d0 PA=04ab000d0 line=06 hitv=00000000 ro=56701234 tag=000000 V=00011111 W=00000000 L=00000000
1150 scache  fd5f0140 store miss w/alloc  pol=3 VA=980000004ab000d0 PA=04ab000d0 line=006 hitv=0000 ro=1230 tag=00000 V=1111 W=1110 data=ffffffff8000ba50 mask=11111111
1150 dmemacc: store 8 addr=04b8000c0 data=21d9f86546414209 mask=11111111 cline 
1150 dmemacc: store 8 addr=04b8000c8 data=0000000000000001 mask=11111111 cline 
1150 dmemacc: store 8 addr=04b8000d0 data=7fffffffffffffff mask=11111111 cline 
1150 dmemacc: store 8 addr=04b8000d8 data=176fda426a2a6704 mask=11111111 cline 
1151 PC=0xffffffff8000bb5c [000000000000bb5c]	fd4200c0 sd     $v0,0xc0($t2)
[va=980000004ab00050 pa=000000004ab00050]
1151 dcache  fd4200c0 store miss w/alloc  pol=3 VA=980000004ab00050 PA=04ab00050 line=02 hitv=00000000 ro=70123456 tag=000000 V=01111111 W=00000000 L=00000000
1151 scache  fd4200c0 store miss w/alloc  pol=3 VA=980000004ab00050 PA=04ab00050 line=002 hitv=0000 ro=3012 tag=00000 V=1111 W=0110 data=ffffffffffffffff mask=11111111
1152 icache  fd4200c0 load  miss refill   pol=3 VA=ffffffff8000bb60 PA=00000bb60 line=5b hitv=00000000 ro=01234567 tag=000000 V=00000000 L=00000000
1152 PC=0xffffffff8000bb60 [000000000000bb60]	fd4a0260 sd     $t2,0x260($t2)
[va=980000004ab001f0 pa=000000004ab001f0]
1152 dcache  fd4a0260 store miss w/alloc  pol=3 VA=980000004ab001f0 PA=04ab001f0 line=0f hitv=00000000 ro=34567012 tag=000000 V=00000111 W=00000000 L=00000000
1152 scache  fd4a0260 store miss w/alloc  pol=3 VA=980000004ab001f0 PA=04ab001f0 line=00f hitv=0000 ro=2301 tag=00000 V=0011 W=0011 data=980000004aafff90 mask=11111111
1153 PC=0xffffffff8000bb64 [000000000000bb64]	fd4101a0 sd     $r1,0x1a0($t2)
[va=980000004ab00130 pa=000000004ab00130]
1153 dcache  fd4101a0 store miss w/alloc  pol=3 VA=980000004ab00130 PA=04ab00130 line=09 hitv=00000000 ro=23456701 tag=000000 V=00000011 W=00000000 L=00000000
1153 scache  fd4101a0 store miss w/alloc  pol=3 VA=980000004ab00130 PA=04ab00130 line=009 hitv=0000 ro=1230 tag=00000 V=0001 W=0001 data=0000000000000072 mask=11111111
1154 PC=0xffffffff8000bb68 [000000000000bb68]	fd460160 sd     $a2,0x160($t2)
[va=980000004ab000f0 pa=000000004ab000f0]
1154 dcache  fd460160 store miss w/alloc  pol=3 VA=980000004ab000f0 PA=04ab000f0 line=07 hitv=00000000 ro=67012435 tag=000000 V=00111111 W=00000000 L=00000000
1154 scache  fd460160 store miss w/alloc  pol=3 VA=980000004ab000f0 PA=04ab000f0 line=007 hitv=0000 ro=1230 tag=00000 V=1111 W=1011 data=980000000000630c mask=11111111
1154 dmemacc: store 8 addr=041b000e0 data=c1f1ded5a05474c8 mask=11111111 cline 
1154 dmemacc: store 8 addr=041b000e8 data=9800000050506e40 mask=11111111 cline 
1154 dmemacc: store 8 addr=041b000f0 data=cc787b990db9493c mask=11111111 cline 
1154 dmemacc: store 8 addr=041b000f8 data=a658e1592f493a52 mask=11111111 cline 
1155 PC=0xffffffff8000bb6c [000000000000bb6c]	fd4b0180 sd     $t3,0x180($t2)
[va=980000004ab00110 pa=000000004ab00110]
1155 dcache  fd4b0180 store miss w/alloc  pol=3 VA=980000004ab00110 PA=04ab00110 line=08 hitv=00000000 ro=01324567 tag=000000 V=11111111 W=00000000 L=00000000
1155 scache  fd4b0180 store miss w/alloc  pol=3 VA=980000004ab00110 PA=04ab00110 line=008 hitv=0000 ro=3012 tag=00000 V=1111 W=1011 data=62f7534ef199c2d5 mask=11111111
1155 dmemacc: store 8 addr=050500100 data=98000000504fff30 mask=11111111 cline 
1155 dmemacc: store 8 addr=050500108 data=45c993265a1c2002 mask=11111111 cline 
1155 dmemacc: store 8 addr=050500110 data=7b19d00cf50834c5 mask=11111111 cline 
1155 dmemacc: store 8 addr=050500118 data=ffffffffffffffff mask=11111111 cline 
1156 icache  fd4b0180 load  hit           pol=3 VA=ffffffff8000bb70 PA=00000bb70 line=5b hitv=00000001 ro=12345670 tag=00000b V=00000001 L=00000000
1156 PC=0xffffffff8000bb70 [000000000000bb70]	fd450100 sd     $a1,0x100($t2)
[va=980000004ab00090 pa=000000004ab00090]
1156 dcache  fd450100 store miss w/alloc  pol=3 VA=980000004ab00090 PA=04ab00090 line=04 hitv=00000000 ro=56701243 tag=000000 V=00011111 W=00000000 L=00000000
1156 scache  fd450100 store miss w/alloc  pol=3 VA=980000004ab00090 PA=04ab00090 line=004 hitv=0000 ro=1203 tag=00000 V=1111 W=1011 data=9800000057b00000 mask=11111111
1156 dmemacc: store 8 addr=04b800080 data=0000000000000001 mask=11111111 cline 
1156 dmemacc: store 8 addr=04b800088 data=25c9e37e55bda07b mask=11111111 cline 
1156 dmemacc: store 8 addr=04b800090 data=2a9b08f62c1e9346 mask=11111111 cline 
1156 dmemacc: store 8 addr=04b800098 data=1e7e9cf58148b4b2 mask=11111111 cline 
1157 PC=0xffffffff8000bb74 [000000000000bb74]	fd590240 sd     $t9,0x240($t2)
[va=980000004ab001d0 pa=000000004ab001d0]
1157 dcache  fd590240 store miss w/alloc  pol=3 VA=980000004ab001d0 PA=04ab001d0 line=0e hitv=00000000 ro=67021345 tag=000000 V=00111111 W=00000000 L=00000000
1157 scache  fd590240 store miss w/alloc  pol=3 VA=980000004ab001d0 PA=04ab001d0 line=00e hitv=0000 ro=1230 tag=00000 V=1111 W=1010 data=9800000041aff2f5 mask=11111111
1157 dmemacc: store 8 addr=0588001c0 data=0000000000000000 mask=11111111 cline 
1157 dmemacc: store 8 addr=0588001c8 data=3ddc32f1ec47be5d mask=11111111 cline 
1157 dmemacc: store 8 addr=0588001d0 data=fffffffff0000000 mask=11111111 cline 
1157 dmemacc: store 8 addr=0588001d8 data=6b16e1c05a870b86 mask=11111111 cline 
1158 PC=0xffffffff8000bb78 [000000000000bb78]	fd5600a0 sd     $s6,0xa0($t2)
[va=980000004ab00030 pa=000000004ab00030]
1158 dcache  fd5600a0 store miss w/alloc  pol=3 VA=980000004ab00030 PA=04ab00030 line=01 hitv=00000000 ro=12345670 tag=000000 V=11111111 W=00000000 L=00000000
1158 scache  fd5600a0 store miss w/alloc  pol=3 VA=980000004ab00030 PA=04ab00030 line=001 hitv=0000 ro=1230 tag=00000 V=1111 W=1010 data=98000000414fd01b mask=11111111
1158 dmemacc: store 8 addr=041500020 data=345bbe70b174cfec mask=11111111 cline 
1158 dmemacc: store 8 addr=041500028 data=15ae84b4f744be01 mask=11111111 cline 
1158 dmemacc: store 8 addr=041500030 data=6974c5f11350e50b mask=11111111 cline 
1158 dmemacc: store 8 addr=041500038 data=0000000000000001 mask=11111111 cline 
1159 PC=0xffffffff8000bb7c [000000000000bb7c]	fd5501c0 sd     $s5,0x1c0($t2)
[va=980000004ab00150 pa=000000004ab00150]
1159 dcache  fd5501c0 store miss w/alloc  pol=3 VA=980000004ab00150 PA=04ab00150 line=0a hitv=00000000 ro=45670213 tag=000000 V=00001111 W=00000000 L=00000000
1159 scache  fd5501c0 store miss w/alloc  pol=3 VA=980000004ab00150 PA=04ab00150 line=00a hitv=0000 ro=3102 tag=00000 V=0111 W=0111 data=98000000414ffcf9 mask=11111111
1160 icache  fd5501c0 load  miss refill   pol=3 VA=ffffffff8000bb80 PA=00000bb80 line=5c hitv=00000000 ro=01234567 tag=000000 V=00000000 L=00000000
1160 PC=0xffffffff8000bb80 [000000000000bb80]	fd5f0200 sd     $ra,0x200($t2)
[va=980000004ab00190 pa=000000004ab00190]
1160 dcache  fd5f0200 store miss w/alloc  pol=3 VA=980000004ab00190 PA=04ab00190 line=0c hitv=00000000 ro=56703241 tag=000000 V=00011111 W=00000000 L=00000000
1160 scache  fd5f0200 store miss w/alloc  pol=3 VA=980000004ab00190 PA=04ab00190 line=00c hitv=0000 ro=0213 tag=00000 V=1111 W=0111 data=ffffffff8000ba50 mask=11111111
1160 dmemacc: store 8 addr=041700180 data=f7048f6000000000 mask=11111111 cline 
1160 dmemacc: store 8 addr=041700188 data=00000000000007ff mask=11111111 cline 
1160 dmemacc: store 8 addr=041700190 data=d60e912f088ea1c3 mask=11111111 cline 
1160 dmemacc: store 8 addr=041700198 data=8000000000000000 mask=11111111 cline 
1161 PC=0xffffffff8000bb84 [000000000000bb84]	fd5d0040 sd     $sp,0x40($t2)
[va=980000004aafffd0 pa=000000004aafffd0]
1161 dcache  fd5d0040 store miss w/alloc  pol=3 VA=980000004aafffd0 PA=04aafffd0 line=7e hitv=00000000 ro=70123564 tag=000000 V=01111111 W=00000000 L=00000000
1161 scache  fd5d0040 store miss w/alloc  pol=3 VA=980000004aafffd0 PA=04aafffd0 line=ffe hitv=0000 ro=3120 tag=00000 V=1111 W=1011 data=98000000504fa0cd mask=11111111
1161 dmemacc: store 8 addr=059afffc0 data=7fffffffffffffff mask=11111111 cline 
1161 dmemacc: store 8 addr=059afffc8 data=5293dea727ffa4f0 mask=11111111 cline 
1161 dmemacc: store 8 addr=059afffd0 data=c0f700a6c5537b29 mask=11111111 cline 
1161 dmemacc: store 8 addr=059afffd8 data=729113d9851cf6a8 mask=11111111 cline 
1162 PC=0xffffffff8000bb88 [000000000000bb88]	2009ffa0 addi   $t1,$r0,0xffa0
1162 Reg write t1=ffffffffffffffa0
1163 PC=0xffffffff8000bb8c [000000000000bb8c]	340a0060 ori    $t2,$r0,0x60
1163 Reg write t2=0000000000000060
1164 icache  340a0060 load  hit           pol=3 VA=ffffffff8000bb90 PA=00000bb90 line=5c hitv=00000001 ro=12345670 tag=00000b V=00000001 L=00000000
1164 PC=0xffffffff8000bb90 [000000000000bb90]	3c089800 lui    $t0,0x9800
1164 Reg write t0=ffffffff98000000
1165 PC=0xffffffff8000bb94 [000000000000bb94]	00084438 dsll   $t0,$t0,16
1165 Reg write t0=ffff980000000000
1166 PC=0xffffffff8000bb98 [000000000000bb98]	350841b0 ori    $t0,$t0,0x41b0
1166 Reg write t0=ffff9800000041b0
1167 PC=0xffffffff8000bb9c [000000000000bb9c]	00084438 dsll   $t0,$t0,16
1167 Reg write t0=9800000041b00000
1168 icache  00084438 load  miss refill   pol=3 VA=ffffffff8000bba0 PA=00000bba0 line=5d hitv=00000000 ro=01234567 tag=000000 V=00000000 L=00000000
1168 PC=0xffffffff8000bba0 [000000000000bba0]	4d090041 ldxc1  f1,$t1($t0)
[va=9800000041afffa0 pa=0000000041afffa0]
1168 dcache  4d090041 load  miss refill   pol=3 VA=9800000041afffa0 PA=041afffa0 line=7d hitv=00000000 ro=23467501 tag=000000 V=11111111 W=00000000 L=00000000
1168 scache  4d090041 load  miss refill   pol=3 VA=9800000041afffa0 PA=041afffa0 line=ffd hitv=0000 ro=3102 tag=00000 V=1111 W=0111
1168 Reg write f[1]=6b90ef5bea51ab9f  FCSR(fcr31)=6e000000
1169 PC=0xffffffff8000bba4 [000000000000bba4]	4d0a0809 sdxc1  f1,$t2($t0)
[va=9800000041b00060 pa=0000000041b00060]
1169 dcache  4d0a0809 store miss w/alloc  pol=3 VA=9800000041b00060 PA=041b00060 line=03 hitv=00000000 ro=12345670 tag=000000 V=11111111 W=00000000 L=00000000
1169 scache  4d0a0809 store miss w/alloc  pol=3 VA=9800000041b00060 PA=041b00060 line=003 hitv=0000 ro=1230 tag=00000 V=1111 W=0111 data=6b90ef5bea51ab9f mask=11111111
1169 dmemacc: store 8 addr=059b00060 data=5f6d0c93054bca98 mask=11111111 cline 
1169 dmemacc: store 8 addr=059b00068 data=cdfe3ec3aa7d4b16 mask=11111111 cline 
1169 dmemacc: store 8 addr=059b00070 data=e568f52ca4bd64f6 mask=11111111 cline 
1169 dmemacc: store 8 addr=059b00078 data=11ad12ca88327377 mask=11111111 cline 
1170 PC=0xffffffff8000bba8 [000000000000bba8]	65290008 daddiu $t1,$t1,0x8
1170 Reg write t1=ffffffffffffffa8
1171 PC=0xffffffff8000bbac [000000000000bbac]	654afff8 daddiu $t2,$t2,0xfff8
1171 Reg write t2=0000000000000058
1172 icache  654afff8 load  hit           pol=3 VA=ffffffff8000bbb0 PA=00000bbb0 line=5d hitv=00000001 ro=12345670 tag=00000b V=00000001 L=00000000
1172 PC=0xffffffff8000bbb0 [000000000000bbb0]	5549fffc bnel   $t2,$t1,0xffffffff8000bba4
1173 PC=0xffffffff8000bbb4 [000000000000bbb4]	4d090041 ldxc1  f1,$t1($t0)
[va=9800000041afffa8 pa=0000000041afffa8]
1173 dcache  4d090041 load  hit           pol=3 VA=9800000041afffa8 PA=041afffa8 line=7d hitv=00000100 ro=34675012 tag=041aff V=11111111 W=00000000 L=00000000
1173 Reg write f[1]=0000003fffffffff  FCSR(fcr31)=6e000000
1174 icache  4d090041 load  hit           pol=3 VA=ffffffff8000bba4 PA=00000bba0 line=5d hitv=00000001 ro=12345670 tag=00000b V=00000001 L=00000000
1174 PC=0xffffffff8000bba4 [000000000000bba4]	4d0a0809 sdxc1  f1,$t2($t0)
[va=9800000041b00058 pa=0000000041b00058]
1174 dcache  4d0a0809 store miss w/alloc  pol=3 VA=9800000041b00058 PA=041b00058 line=02 hitv=00000000 ro=01234567 tag=000000 V=11111111 W=00000000 L=00000000
1174 scache  4d0a0809 store miss w/alloc  pol=3 VA=9800000041b00058 PA=041b00058 line=002 hitv=0000 ro=0123 tag=00000 V=1111 W=1110 data=0000003fffffffff mask=11111111
1175 PC=0xffffffff8000bba8 [000000000000bba8]	65290008 daddiu $t1,$t1,0x8
1175 Reg write t1=ffffffffffffffb0
1176 PC=0xffffffff8000bbac [000000000000bbac]	654afff8 daddiu $t2,$t2,0xfff8
1176 Reg write t2=0000000000000050
1177 icache  654afff8 load  hit           pol=3 VA=ffffffff8000bbb0 PA=00000bbb0 line=5d hitv=00000001 ro=12345670 tag=00000b V=00000001 L=00000000
1177 PC=0xffffffff8000bbb0 [000000000000bbb0]	5549fffc bnel   $t2,$t1,0xffffffff8000bba4
1178 PC=0xffffffff8000bbb4 [000000000000bbb4]	4d090041 ldxc1  f1,$t1($t0)
[va=9800000041afffb0 pa=0000000041afffb0]
1178 dcache  4d090041 load  hit           pol=3 VA=9800000041afffb0 PA=041afffb0 line=7d hitv=00000100 ro=34675012 tag=041aff V=11111111 W=00000000 L=00000000
1178 Reg write f[1]=ffffffffffffffff  FCSR(fcr31)=6e000000
1179 icache  4d090041 load  hit           pol=3 VA=ffffffff8000bba4 PA=00000bba0 line=5d hitv=00000001 ro=12345670 tag=00000b V=00000001 L=00000000
1179 PC=0xffffffff8000bba4 [000000000000bba4]	4d0a0809 sdxc1  f1,$t2($t0)
[va=9800000041b00050 pa=0000000041b00050]
1179 dcache  4d0a0809 store hit           pol=3 VA=9800000041b00050 PA=041b00050 line=02 hitv=00000001 ro=12345670 tag=041b00 V=11111111 W=00000000 L=00000000
1179 scache  4d0a0809 store hit           pol=3 VA=9800000041b00050 PA=041b00050 line=002 hitv=0001 ro=1230 tag=020d8 V=1111 W=1111 data=ffffffffffffffff mask=11111111
1180 PC=0xffffffff8000bba8 [000000000000bba8]	65290008 daddiu $t1,$t1,0x8
1180 Reg write t1=ffffffffffffffb8
1181 PC=0xffffffff8000bbac [000000000000bbac]	654afff8 daddiu $t2,$t2,0xfff8
1181 Reg write t2=0000000000000048
1182 icache  654afff8 load  hit           pol=3 VA=ffffffff8000bbb0 PA=00000bbb0 line=5d hitv=00000001 ro=12345670 tag=00000b V=00000001 L=00000000
1182 PC=0xffffffff8000bbb0 [000000000000bbb0]	5549fffc bnel   $t2,$t1,0xffffffff8000bba4
1183 PC=0xffffffff8000bbb4 [000000000000bbb4]	4d090041 ldxc1  f1,$t1($t0)
[va=9800000041afffb8 pa=0000000041afffb8]
1183 dcache  4d090041 load  hit           pol=3 VA=9800000041afffb8 PA=041afffb8 line=7d hitv=00000100 ro=34675012 tag=041aff V=11111111 W=00000000 L=00000000
1183 Reg write f[1]=04a3acaf64af27ab  FCSR(fcr31)=6e000000
1184 icache  4d090041 load  hit           pol=3 VA=ffffffff8000bba4 PA=00000bba0 line=5d hitv=00000001 ro=12345670 tag=00000b V=00000001 L=00000000
1184 PC=0xffffffff8000bba4 [000000000000bba4]	4d0a0809 sdxc1  f1,$t2($t0)
[va=9800000041b00048 pa=0000000041b00048]
1184 dcache  4d0a0809 store hit           pol=3 VA=9800000041b00048 PA=041b00048 line=02 hitv=00000001 ro=12345670 tag=041b00 V=11111111 W=00000000 L=00000000
1184 scache  4d0a0809 store hit           pol=3 VA=9800000041b00048 PA=041b00048 line=002 hitv=0001 ro=1230 tag=020d8 V=1111 W=1111 data=04a3acaf64af27ab mask=11111111
1185 PC=0xffffffff8000bba8 [000000000000bba8]	65290008 daddiu $t1,$t1,0x8
1185 Reg write t1=ffffffffffffffc0
1186 PC=0xffffffff8000bbac [000000000000bbac]	654afff8 daddiu $t2,$t2,0xfff8
1186 Reg write t2=0000000000000040
1187 icache  654afff8 load  hit           pol=3 VA=ffffffff8000bbb0 PA=00000bbb0 line=5d hitv=00000001 ro=12345670 tag=00000b V=00000001 L=00000000
1187 PC=0xffffffff8000bbb0 [000000000000bbb0]	5549fffc bnel   $t2,$t1,0xffffffff8000bba4
1188 PC=0xffffffff8000bbb4 [000000000000bbb4]	4d090041 ldxc1  f1,$t1($t0)
[va=9800000041afffc0 pa=0000000041afffc0]
1188 dcache  4d090041 load  miss refill   pol=3 VA=9800000041afffc0 PA=041afffc0 line=7e hitv=00000000 ro=01235647 tag=000000 V=11111111 W=00000000 L=00000000
1188 scache  4d090041 load  miss refill   pol=3 VA=9800000041afffc0 PA=041afffc0 line=ffe hitv=0000 ro=1203 tag=00000 V=1111 W=1011
1188 dmemacc: store 8 addr=0414fffc0 data=187efc4bb5e738c4 mask=11111111 cline 
1188 dmemacc: store 8 addr=0414fffc8 data=01fff0007ffc001f mask=11111111 cline 
1188 dmemacc: store 8 addr=0414fffd0 data=fc00000000000000 mask=11111111 cline 
1188 dmemacc: store 8 addr=0414fffd8 data=3b889fd12fdbcb1f mask=11111111 cline 
1188 Reg write f[1]=eb60a915d46825d6  FCSR(fcr31)=6e000000
1189 icache  4d090041 load  hit           pol=3 VA=ffffffff8000bba4 PA=00000bba0 line=5d hitv=00000001 ro=12345670 tag=00000b V=00000001 L=00000000
1189 PC=0xffffffff8000bba4 [000000000000bba4]	4d0a0809 sdxc1  f1,$t2($t0)
[va=9800000041b00040 pa=0000000041b00040]
1189 dcache  4d0a0809 store hit           pol=3 VA=9800000041b00040 PA=041b00040 line=02 hitv=00000001 ro=12345670 tag=041b00 V=11111111 W=00000000 L=00000000
1189 scache  4d0a0809 store hit           pol=3 VA=9800000041b00040 PA=041b00040 line=002 hitv=0001 ro=1230 tag=020d8 V=1111 W=1111 data=eb60a915d46825d6 mask=11111111
1190 PC=0xffffffff8000bba8 [000000000000bba8]	65290008 daddiu $t1,$t1,0x8
1190 Reg write t1=ffffffffffffffc8
1191 PC=0xffffffff8000bbac [000000000000bbac]	654afff8 daddiu $t2,$t2,0xfff8
1191 Reg write t2=0000000000000038
1192 icache  654afff8 load  hit           pol=3 VA=ffffffff8000bbb0 PA=00000bbb0 line=5d hitv=00000001 ro=12345670 tag=00000b V=00000001 L=00000000
1192 PC=0xffffffff8000bbb0 [000000000000bbb0]	5549fffc bnel   $t2,$t1,0xffffffff8000bba4
1193 PC=0xffffffff8000bbb4 [000000000000bbb4]	4d090041 ldxc1  f1,$t1($t0)
[va=9800000041afffc8 pa=0000000041afffc8]
1193 dcache  4d090041 load  hit           pol=3 VA=9800000041afffc8 PA=041afffc8 line=7e hitv=00000001 ro=12356470 tag=041aff V=11111111 W=00000000 L=00000000
1193 Reg write f[1]=dcdbc760df44c989  FCSR(fcr31)=6e000000
1194 icache  4d090041 load  hit           pol=3 VA=ffffffff8000bba4 PA=00000bba0 line=5d hitv=00000001 ro=12345670 tag=00000b V=00000001 L=00000000
1194 PC=0xffffffff8000bba4 [000000000000bba4]	4d0a0809 sdxc1  f1,$t2($t0)
[va=9800000041b00038 pa=0000000041b00038]
1194 dcache  4d0a0809 store miss w/alloc  pol=3 VA=9800000041b00038 PA=041b00038 line=01 hitv=00000000 ro=23456701 tag=000000 V=11111111 W=00000000 L=00000000
1194 scache  4d0a0809 store miss w/alloc  pol=3 VA=9800000041b00038 PA=041b00038 line=001 hitv=0000 ro=2301 tag=00000 V=1111 W=1010 data=dcdbc760df44c989 mask=11111111
1195 PC=0xffffffff8000bba8 [000000000000bba8]	65290008 daddiu $t1,$t1,0x8
1195 Reg write t1=ffffffffffffffd0
1196 PC=0xffffffff8000bbac [000000000000bbac]	654afff8 daddiu $t2,$t2,0xfff8
1196 Reg write t2=0000000000000030
1197 icache  654afff8 load  hit           pol=3 VA=ffffffff8000bbb0 PA=00000bbb0 line=5d hitv=00000001 ro=12345670 tag=00000b V=00000001 L=00000000
1197 PC=0xffffffff8000bbb0 [000000000000bbb0]	5549fffc bnel   $t2,$t1,0xffffffff8000bba4
1198 PC=0xffffffff8000bbb4 [000000000000bbb4]	4d090041 ldxc1  f1,$t1($t0)
[va=9800000041afffd0 pa=0000000041afffd0]
1198 dcache  4d090041 load  hit           pol=3 VA=9800000041afffd0 PA=041afffd0 line=7e hitv=00000001 ro=12356470 tag=041aff V=11111111 W=00000000 L=00000000
1198 Reg write f[1]=6400b24fc88aea49  FCSR(fcr31)=6e000000
1199 icache  4d090041 load  hit           pol=3 VA=ffffffff8000bba4 PA=00000bba0 line=5d hitv=00000001 ro=12345670 tag=00000b V=00000001 L=00000000
1199 PC=0xffffffff8000bba4 [000000000000bba4]	4d0a0809 sdxc1  f1,$t2($t0)
[va=9800000041b00030 pa=0000000041b00030]
1199 dcache  4d0a0809 store hit           pol=3 VA=9800000041b00030 PA=041b00030 line=01 hitv=00000100 ro=34567012 tag=041b00 V=11111111 W=00000000 L=00000000
1199 scache  4d0a0809 store hit           pol=3 VA=9800000041b00030 PA=041b00030 line=001 hitv=0100 ro=3012 tag=020d8 V=1111 W=1110 data=6400b24fc88aea49 mask=11111111
1200 PC=0xffffffff8000bba8 [000000000000bba8]	65290008 daddiu $t1,$t1,0x8
1200 Reg write t1=ffffffffffffffd8
1201 PC=0xffffffff8000bbac [000000000000bbac]	654afff8 daddiu $t2,$t2,0xfff8
1201 Reg write t2=0000000000000028
1202 icache  654afff8 load  hit           pol=3 VA=ffffffff8000bbb0 PA=00000bbb0 line=5d hitv=00000001 ro=12345670 tag=00000b V=00000001 L=00000000
1202 PC=0xffffffff8000bbb0 [000000000000bbb0]	5549fffc bnel   $t2,$t1,0xffffffff8000bba4
1203 PC=0xffffffff8000bbb4 [000000000000bbb4]	4d090041 ldxc1  f1,$t1($t0)
[va=9800000041afffd8 pa=0000000041afffd8]
1203 dcache  4d090041 load  hit           pol=3 VA=9800000041afffd8 PA=041afffd8 line=7e hitv=00000001 ro=12356470 tag=041aff V=11111111 W=00000000 L=00000000
1203 Reg write f[1]=274a44015698cc6f  FCSR(fcr31)=6e000000
1204 icache  4d090041 load  hit           pol=3 VA=ffffffff8000bba4 PA=00000bba0 line=5d hitv=00000001 ro=12345670 tag=00000b V=00000001 L=00000000
1204 PC=0xffffffff8000bba4 [000000000000bba4]	4d0a0809 sdxc1  f1,$t2($t0)
[va=9800000041b00028 pa=0000000041b00028]
1204 dcache  4d0a0809 store hit           pol=3 VA=9800000041b00028 PA=041b00028 line=01 hitv=00000100 ro=34567012 tag=041b00 V=11111111 W=00000000 L=00000000
1204 scache  4d0a0809 store hit           pol=3 VA=9800000041b00028 PA=041b00028 line=001 hitv=0100 ro=3012 tag=020d8 V=1111 W=1110 data=274a44015698cc6f mask=11111111
1205 PC=0xffffffff8000bba8 [000000000000bba8]	65290008 daddiu $t1,$t1,0x8
1205 Reg write t1=ffffffffffffffe0
1206 PC=0xffffffff8000bbac [000000000000bbac]	654afff8 daddiu $t2,$t2,0xfff8
1206 Reg write t2=0000000000000020
1207 icache  654afff8 load  hit           pol=3 VA=ffffffff8000bbb0 PA=00000bbb0 line=5d hitv=00000001 ro=12345670 tag=00000b V=00000001 L=00000000
1207 PC=0xffffffff8000bbb0 [000000000000bbb0]	5549fffc bnel   $t2,$t1,0xffffffff8000bba4
1208 PC=0xffffffff8000bbb4 [000000000000bbb4]	4d090041 ldxc1  f1,$t1($t0)
[va=9800000041afffe0 pa=0000000041afffe0]
1208 dcache  4d090041 load  miss refill   pol=3 VA=9800000041afffe0 PA=041afffe0 line=7f hitv=00000000 ro=01235647 tag=000000 V=11111111 W=00000000 L=00000000
1208 scache  4d090041 load  miss refill   pol=3 VA=9800000041afffe0 PA=041afffe0 line=fff hitv=0000 ro=1203 tag=00000 V=1111 W=1011
1208 dmemacc: store 8 addr=0414fffe0 data=ffffffffffffffff mask=11111111 cline 
1208 dmemacc: store 8 addr=0414fffe8 data=feacbb58bf9ad4c8 mask=11111111 cline 
1208 dmemacc: store 8 addr=0414ffff0 data=5d61de51f73ab3e6 mask=11111111 cline 
1208 dmemacc: store 8 addr=0414ffff8 data=9a3b39941ec2c658 mask=11111111 cline 
1208 Reg write f[1]=c15b1fb1b6e15814  FCSR(fcr31)=6e000000
1209 icache  4d090041 load  hit           pol=3 VA=ffffffff8000bba4 PA=00000bba0 line=5d hitv=00000001 ro=12345670 tag=00000b V=00000001 L=00000000
1209 PC=0xffffffff8000bba4 [000000000000bba4]	4d0a0809 sdxc1  f1,$t2($t0)
[va=9800000041b00020 pa=0000000041b00020]
1209 dcache  4d0a0809 store hit           pol=3 VA=9800000041b00020 PA=041b00020 line=01 hitv=00000100 ro=34567012 tag=041b00 V=11111111 W=00000000 L=00000000
1209 scache  4d0a0809 store hit           pol=3 VA=9800000041b00020 PA=041b00020 line=001 hitv=0100 ro=3012 tag=020d8 V=1111 W=1110 data=c15b1fb1b6e15814 mask=11111111
1210 PC=0xffffffff8000bba8 [000000000000bba8]	65290008 daddiu $t1,$t1,0x8
1210 Reg write t1=ffffffffffffffe8
1211 PC=0xffffffff8000bbac [000000000000bbac]	654afff8 daddiu $t2,$t2,0xfff8
1211 Reg write t2=0000000000000018
1212 icache  654afff8 load  hit           pol=3 VA=ffffffff8000bbb0 PA=00000bbb0 line=5d hitv=00000001 ro=12345670 tag=00000b V=00000001 L=00000000
1212 PC=0xffffffff8000bbb0 [000000000000bbb0]	5549fffc bnel   $t2,$t1,0xffffffff8000bba4
1213 PC=0xffffffff8000bbb4 [000000000000bbb4]	4d090041 ldxc1  f1,$t1($t0)
[va=9800000041afffe8 pa=0000000041afffe8]
1213 dcache  4d090041 load  hit           pol=3 VA=9800000041afffe8 PA=041afffe8 line=7f hitv=00000001 ro=12356470 tag=041aff V=11111111 W=00000000 L=00000000
1213 Reg write f[1]=1849e281da908814  FCSR(fcr31)=6e000000
1214 icache  4d090041 load  hit           pol=3 VA=ffffffff8000bba4 PA=00000bba0 line=5d hitv=00000001 ro=12345670 tag=00000b V=00000001 L=00000000
1214 PC=0xffffffff8000bba4 [000000000000bba4]	4d0a0809 sdxc1  f1,$t2($t0)
[va=9800000041b00018 pa=0000000041b00018]
1214 dcache  4d0a0809 store miss w/alloc  pol=3 VA=9800000041b00018 PA=041b00018 line=00 hitv=00000000 ro=45612703 tag=000000 V=11111111 W=00000000 L=00000000
1214 scache  4d0a0809 store miss w/alloc  pol=3 VA=9800000041b00018 PA=041b00018 line=000 hitv=0000 ro=1230 tag=00000 V=1111 W=1011 data=1849e281da908814 mask=11111111
1214 dmemacc: store 8 addr=050500000 data=0000000000000001 mask=11111111 cline 
1214 dmemacc: store 8 addr=050500008 data=3bd784545147fc21 mask=11111111 cline 
1214 dmemacc: store 8 addr=050500010 data=98000000414f84f6 mask=11111111 cline 
1214 dmemacc: store 8 addr=050500018 data=657d9d15660fe11a mask=11111111 cline 
1215 PC=0xffffffff8000bba8 [000000000000bba8]	65290008 daddiu $t1,$t1,0x8
1215 Reg write t1=fffffffffffffff0
1216 PC=0xffffffff8000bbac [000000000000bbac]	654afff8 daddiu $t2,$t2,0xfff8
1216 Reg write t2=0000000000000010
1217 icache  654afff8 load  hit           pol=3 VA=ffffffff8000bbb0 PA=00000bbb0 line=5d hitv=00000001 ro=12345670 tag=00000b V=00000001 L=00000000
1217 PC=0xffffffff8000bbb0 [000000000000bbb0]	5549fffc bnel   $t2,$t1,0xffffffff8000bba4
1218 PC=0xffffffff8000bbb4 [000000000000bbb4]	4d090041 ldxc1  f1,$t1($t0)
[va=9800000041affff0 pa=0000000041affff0]
1218 dcache  4d090041 load  hit           pol=3 VA=9800000041affff0 PA=041affff0 line=7f hitv=00000001 ro=12356470 tag=041aff V=11111111 W=00000000 L=00000000
1218 Reg write f[1]=b90405ea2d9a6fd1  FCSR(fcr31)=6e000000
1219 icache  4d090041 load  hit           pol=3 VA=ffffffff8000bba4 PA=00000bba0 line=5d hitv=00000001 ro=12345670 tag=00000b V=00000001 L=00000000
1219 PC=0xffffffff8000bba4 [000000000000bba4]	4d0a0809 sdxc1  f1,$t2($t0)
[va=9800000041b00010 pa=0000000041b00010]
1219 dcache  4d0a0809 store hit           pol=3 VA=9800000041b00010 PA=041b00010 line=00 hitv=00010000 ro=56127034 tag=041b00 V=11111111 W=00000000 L=00000000
1219 scache  4d0a0809 store hit           pol=3 VA=9800000041b00010 PA=041b00010 line=000 hitv=0010 ro=2301 tag=020d8 V=1111 W=1011 data=b90405ea2d9a6fd1 mask=11111111
1220 PC=0xffffffff8000bba8 [000000000000bba8]	65290008 daddiu $t1,$t1,0x8
1220 Reg write t1=fffffffffffffff8
1221 PC=0xffffffff8000bbac [000000000000bbac]	654afff8 daddiu $t2,$t2,0xfff8
1221 Reg write t2=0000000000000008
1222 icache  654afff8 load  hit           pol=3 VA=ffffffff8000bbb0 PA=00000bbb0 line=5d hitv=00000001 ro=12345670 tag=00000b V=00000001 L=00000000
1222 PC=0xffffffff8000bbb0 [000000000000bbb0]	5549fffc bnel   $t2,$t1,0xffffffff8000bba4
1223 PC=0xffffffff8000bbb4 [000000000000bbb4]	4d090041 ldxc1  f1,$t1($t0)
[va=9800000041affff8 pa=0000000041affff8]
1223 dcache  4d090041 load  hit           pol=3 VA=9800000041affff8 PA=041affff8 line=7f hitv=00000001 ro=12356470 tag=041aff V=11111111 W=00000000 L=00000000
1223 Reg write f[1]=2fa959e9b05ce32d  FCSR(fcr31)=6e000000
1224 icache  4d090041 load  hit           pol=3 VA=ffffffff8000bba4 PA=00000bba0 line=5d hitv=00000001 ro=12345670 tag=00000b V=00000001 L=00000000
1224 PC=0xffffffff8000bba4 [000000000000bba4]	4d0a0809 sdxc1  f1,$t2($t0)
[va=9800000041b00008 pa=0000000041b00008]
1224 dcache  4d0a0809 store hit           pol=3 VA=9800000041b00008 PA=041b00008 line=00 hitv=00010000 ro=56127034 tag=041b00 V=11111111 W=00000000 L=00000000
1224 scache  4d0a0809 store hit           pol=3 VA=9800000041b00008 PA=041b00008 line=000 hitv=0010 ro=2301 tag=020d8 V=1111 W=1011 data=2fa959e9b05ce32d mask=11111111
1225 PC=0xffffffff8000bba8 [000000000000bba8]	65290008 daddiu $t1,$t1,0x8
1225 Reg write t1=0000000000000000
1226 PC=0xffffffff8000bbac [000000000000bbac]	654afff8 daddiu $t2,$t2,0xfff8
1226 Reg write t2=0000000000000000
1227 icache  654afff8 load  hit           pol=3 VA=ffffffff8000bbb0 PA=00000bbb0 line=5d hitv=00000001 ro=12345670 tag=00000b V=00000001 L=00000000
1227 PC=0xffffffff8000bbb0 [000000000000bbb0]	5549fffc bnel   $t2,$t1,0xffffffff8000bba4
1228 PC=0xffffffff8000bbb8 [000000000000bbb8]	00000000 nop
1229 PC=0xffffffff8000bbbc [000000000000bbbc]	0c000ceb jal    0xffffffff800033ac
1229 Reg write ra=ffffffff8000bbc4
1230 icache  0c000ceb load  miss refill   pol=3 VA=ffffffff8000bbc0 PA=00000bbc0 line=5e hitv=00000000 ro=01234567 tag=000000 V=00000000 L=00000000
1230 PC=0xffffffff8000bbc0 [000000000000bbc0]	00000000 nop
1231 icache  00000000 load  miss refill   pol=3 VA=ffffffff800033ac PA=0000033a0 line=1d hitv=00000000 ro=12345670 tag=000000 V=00000001 L=00000000
1231 PC=0xffffffff800033ac [00000000000033ac]	fc7601c8 sd     $s6,0x1c8($v1)
[va=98000000505000f8 pa=00000000505000f8]
1231 dcache  fc7601c8 store miss w/alloc  pol=3 VA=98000000505000f8 PA=0505000f8 line=07 hitv=00000000 ro=70124356 tag=000000 V=01111111 W=00000000 L=00000000
1231 scache  fc7601c8 store miss w/alloc  pol=3 VA=98000000505000f8 PA=0505000f8 line=007 hitv=0000 ro=2301 tag=00000 V=1111 W=1011 data=98000000414fd01b mask=11111111
1232 icache  fc7601c8 load  hit           pol=3 VA=ffffffff800033b0 PA=0000033b0 line=1d hitv=00000010 ro=23456701 tag=000003 V=00000011 L=00000000
1232 PC=0xffffffff800033b0 [00000000000033b0]	fc770130 sd     $s7,0x130($v1)
[va=9800000050500060 pa=0000000050500060]
1232 dcache  fc770130 store hit           pol=3 VA=9800000050500060 PA=050500060 line=03 hitv=01000000 ro=23456701 tag=050500 V=11111111 W=00000000 L=00000000
1232 scache  fc770130 store hit           pol=3 VA=9800000050500060 PA=050500060 line=003 hitv=0100 ro=2301 tag=02828 V=1111 W=0111 data=539d454b39adfc79 mask=11111111
1233 PC=0xffffffff800033b4 [00000000000033b4]	fc7201a8 sd     $s2,0x1a8($v1)
[va=98000000505000d8 pa=00000000505000d8]
1233 dcache  fc7201a8 store hit           pol=3 VA=98000000505000d8 PA=0505000d8 line=06 hitv=00001000 ro=67012345 tag=050500 V=00111111 W=00000000 L=00000000
1233 scache  fc7201a8 store hit           pol=3 VA=98000000505000d8 PA=0505000d8 line=006 hitv=1000 ro=2301 tag=02828 V=1111 W=1110 data=0000000000000000 mask=11111111
1234 PC=0xffffffff800033b8 [00000000000033b8]	00000000 nop
1235 PC=0xffffffff800033bc [00000000000033bc]	03e00008 jr     $ra
1236 icache  03e00008 load  miss refill   pol=3 VA=ffffffff800033c0 PA=0000033c0 line=1e hitv=00000000 ro=12345670 tag=000000 V=00000001 L=00000000
1236 PC=0xffffffff800033c0 [00000000000033c0]	d46a0168 ldc1   f10,0x168($v1)
[va=9800000050500098 pa=0000000050500098]
1236 dcache  d46a0168 load  hit           pol=3 VA=9800000050500098 PA=050500098 line=04 hitv=00001000 ro=67012435 tag=050500 V=00111111 W=00000000 L=00000000
1236 Reg write f[10]=21ba82751894c738  FCSR(fcr31)=6e000000
1237 icache  d46a0168 load  hit           pol=3 VA=ffffffff8000bbc4 PA=00000bbc0 line=5e hitv=00000001 ro=12345670 tag=00000b V=00000001 L=00000000
1237 PC=0xffffffff8000bbc4 [000000000000bbc4]	2009ffa0 addi   $t1,$r0,0xffa0
1237 Reg write t1=ffffffffffffffa0
1238 PC=0xffffffff8000bbc8 [000000000000bbc8]	340a0060 ori    $t2,$r0,0x60
1238 Reg write t2=0000000000000060
1239 PC=0xffffffff8000bbcc [000000000000bbcc]	3c089800 lui    $t0,0x9800
1239 Reg write t0=ffffffff98000000
1240 icache  3c089800 load  hit           pol=3 VA=ffffffff8000bbd0 PA=00000bbd0 line=5e hitv=00000001 ro=12345670 tag=00000b V=00000001 L=00000000
1240 PC=0xffffffff8000bbd0 [000000000000bbd0]	00084438 dsll   $t0,$t0,16
1240 Reg write t0=ffff980000000000
1241 PC=0xffffffff8000bbd4 [000000000000bbd4]	35084380 ori    $t0,$t0,0x4380
1241 Reg write t0=ffff980000004380
1242 PC=0xffffffff8000bbd8 [000000000000bbd8]	00084438 dsll   $t0,$t0,16
1242 Reg write t0=9800000043800000
1243 PC=0xffffffff8000bbdc [000000000000bbdc]	35080010 ori    $t0,$t0,0x10
1243 Reg write t0=9800000043800010
1244 icache  35080010 load  miss refill   pol=3 VA=ffffffff8000bbe0 PA=00000bbe0 line=5f hitv=00000000 ro=01234567 tag=000000 V=00000000 L=00000000
1244 PC=0xffffffff8000bbe0 [000000000000bbe0]	4d090041 ldxc1  f1,$t1($t0)
[va=98000000437fffb0 pa=00000000437fffb0]
1244 dcache  4d090041 load  miss refill   pol=3 VA=98000000437fffb0 PA=0437fffb0 line=7d hitv=00000000 ro=34675012 tag=000000 V=11111111 W=00000000 L=00000000
1244 scache  4d090041 load  miss refill   pol=3 VA=98000000437fffb0 PA=0437fffa0 line=ffd hitv=0000 ro=1023 tag=00000 V=1111 W=0111
1244 dmemacc: store 8 addr=0585fffa0 data=6b047a03f750961e mask=11111111 cline 
1244 dmemacc: store 8 addr=0585fffa8 data=1a7906fcad6dd17c mask=11111111 cline 
1244 dmemacc: store 8 addr=0585fffb0 data=a1045b61eefda9be mask=11111111 cline 
1244 dmemacc: store 8 addr=0585fffb8 data=e88e460160396700 mask=11111111 cline 
1244 Reg write f[1]=1e68cf2268c7912d  FCSR(fcr31)=6e000000
1245 PC=0xffffffff8000bbe4 [000000000000bbe4]	4d0a0809 sdxc1  f1,$t2($t0)
[va=9800000043800070 pa=0000000043800070]
1245 dcache  4d0a0809 store miss w/alloc  pol=3 VA=9800000043800070 PA=043800070 line=03 hitv=00000000 ro=23457016 tag=000000 V=11111111 W=00000000 L=00000000
1245 scache  4d0a0809 store miss w/alloc  pol=3 VA=9800000043800070 PA=043800070 line=003 hitv=0000 ro=3012 tag=00000 V=1111 W=0111 data=1e68cf2268c7912d mask=11111111
1246 PC=0xffffffff8000bbe8 [000000000000bbe8]	65290008 daddiu $t1,$t1,0x8
1246 Reg write t1=ffffffffffffffa8
1247 PC=0xffffffff8000bbec [000000000000bbec]	654afff8 daddiu $t2,$t2,0xfff8
1247 Reg write t2=0000000000000058
1248 icache  654afff8 load  hit           pol=3 VA=ffffffff8000bbf0 PA=00000bbf0 line=5f hitv=00000001 ro=12345670 tag=00000b V=00000001 L=00000000
1248 PC=0xffffffff8000bbf0 [000000000000bbf0]	5549fffc bnel   $t2,$t1,0xffffffff8000bbe4
1249 PC=0xffffffff8000bbf4 [000000000000bbf4]	4d090041 ldxc1  f1,$t1($t0)
[va=98000000437fffb8 pa=00000000437fffb8]
1249 dcache  4d090041 load  hit           pol=3 VA=98000000437fffb8 PA=0437fffb8 line=7d hitv=00001000 ro=46750123 tag=0437ff V=11111111 W=00000000 L=00000000
1249 Reg write f[1]=5555555555555555  FCSR(fcr31)=6e000000
1250 icache  4d090041 load  hit           pol=3 VA=ffffffff8000bbe4 PA=00000bbe0 line=5f hitv=00000001 ro=12345670 tag=00000b V=00000001 L=00000000
1250 PC=0xffffffff8000bbe4 [000000000000bbe4]	4d0a0809 sdxc1  f1,$t2($t0)
[va=9800000043800068 pa=0000000043800068]
1250 dcache  4d0a0809 store hit           pol=3 VA=9800000043800068 PA=043800068 line=03 hitv=00000100 ro=34570162 tag=043800 V=11111111 W=00000000 L=00000000
1250 scache  4d0a0809 store hit           pol=3 VA=9800000043800068 PA=043800068 line=003 hitv=1000 ro=0123 tag=021c0 V=1111 W=1111 data=5555555555555555 mask=11111111
1251 PC=0xffffffff8000bbe8 [000000000000bbe8]	65290008 daddiu $t1,$t1,0x8
1251 Reg write t1=ffffffffffffffb0
1252 PC=0xffffffff8000bbec [000000000000bbec]	654afff8 daddiu $t2,$t2,0xfff8
1252 Reg write t2=0000000000000050
1253 icache  654afff8 load  hit           pol=3 VA=ffffffff8000bbf0 PA=00000bbf0 line=5f hitv=00000001 ro=12345670 tag=00000b V=00000001 L=00000000
1253 PC=0xffffffff8000bbf0 [000000000000bbf0]	5549fffc bnel   $t2,$t1,0xffffffff8000bbe4
1254 PC=0xffffffff8000bbf4 [000000000000bbf4]	4d090041 ldxc1  f1,$t1($t0)
[va=98000000437fffc0 pa=00000000437fffc0]
1254 dcache  4d090041 load  miss refill   pol=3 VA=98000000437fffc0 PA=0437fffc0 line=7e hitv=00000000 ro=12356470 tag=000000 V=11111111 W=00000000 L=00000000
1254 scache  4d090041 load  miss refill   pol=3 VA=98000000437fffc0 PA=0437fffc0 line=ffe hitv=0000 ro=2031 tag=00000 V=1111 W=1001
1254 Reg write f[1]=06dda7e73e876dfb  FCSR(fcr31)=6e000000
1255 icache  4d090041 load  hit           pol=3 VA=ffffffff8000bbe4 PA=00000bbe0 line=5f hitv=00000001 ro=12345670 tag=00000b V=00000001 L=00000000
1255 PC=0xffffffff8000bbe4 [000000000000bbe4]	4d0a0809 sdxc1  f1,$t2($t0)
[va=9800000043800060 pa=0000000043800060]
1255 dcache  4d0a0809 store hit           pol=3 VA=9800000043800060 PA=043800060 line=03 hitv=00000100 ro=34570162 tag=043800 V=11111111 W=00000000 L=00000000
1255 scache  4d0a0809 store hit           pol=3 VA=9800000043800060 PA=043800060 line=003 hitv=1000 ro=0123 tag=021c0 V=1111 W=1111 data=06dda7e73e876dfb mask=11111111
1256 PC=0xffffffff8000bbe8 [000000000000bbe8]	65290008 daddiu $t1,$t1,0x8
1256 Reg write t1=ffffffffffffffb8
1257 PC=0xffffffff8000bbec [000000000000bbec]	654afff8 daddiu $t2,$t2,0xfff8
1257 Reg write t2=0000000000000048
1258 icache  654afff8 load  hit           pol=3 VA=ffffffff8000bbf0 PA=00000bbf0 line=5f hitv=00000001 ro=12345670 tag=00000b V=00000001 L=00000000
1258 PC=0xffffffff8000bbf0 [000000000000bbf0]	5549fffc bnel   $t2,$t1,0xffffffff8000bbe4
1259 PC=0xffffffff8000bbf4 [000000000000bbf4]	4d090041 ldxc1  f1,$t1($t0)
[va=98000000437fffc8 pa=00000000437fffc8]
1259 dcache  4d090041 load  hit           pol=3 VA=98000000437fffc8 PA=0437fffc8 line=7e hitv=00000010 ro=23564701 tag=0437ff V=11111111 W=00000000 L=00000000
1259 Reg write f[1]=7b9c5ad1675f19b9  FCSR(fcr31)=6e000000
1260 icache  4d090041 load  hit           pol=3 VA=ffffffff8000bbe4 PA=00000bbe0 line=5f hitv=00000001 ro=12345670 tag=00000b V=00000001 L=00000000
1260 PC=0xffffffff8000bbe4 [000000000000bbe4]	4d0a0809 sdxc1  f1,$t2($t0)
[va=9800000043800058 pa=0000000043800058]
1260 dcache  4d0a0809 store miss w/alloc  pol=3 VA=9800000043800058 PA=043800058 line=02 hitv=00000000 ro=12345670 tag=000000 V=11111111 W=00000000 L=00000000
1260 scache  4d0a0809 store miss w/alloc  pol=3 VA=9800000043800058 PA=043800058 line=002 hitv=0000 ro=1230 tag=00000 V=1111 W=1111 data=7b9c5ad1675f19b9 mask=11111111
1260 dmemacc: store 8 addr=041500040 data=9249ec95cc8d162e mask=11111111 cline 
1260 dmemacc: store 8 addr=041500048 data=733643000799e7a5 mask=11111111 cline 
1260 dmemacc: store 8 addr=041500050 data=ffffffffffffffff mask=11111111 cline 
1260 dmemacc: store 8 addr=041500058 data=9999999999999999 mask=11111111 cline 
1261 PC=0xffffffff8000bbe8 [000000000000bbe8]	65290008 daddiu $t1,$t1,0x8
1261 Reg write t1=ffffffffffffffc0
1262 PC=0xffffffff8000bbec [000000000000bbec]	654afff8 daddiu $t2,$t2,0xfff8
1262 Reg write t2=0000000000000040
1263 icache  654afff8 load  hit           pol=3 VA=ffffffff8000bbf0 PA=00000bbf0 line=5f hitv=00000001 ro=12345670 tag=00000b V=00000001 L=00000000
1263 PC=0xffffffff8000bbf0 [000000000000bbf0]	5549fffc bnel   $t2,$t1,0xffffffff8000bbe4
1264 PC=0xffffffff8000bbf4 [000000000000bbf4]	4d090041 ldxc1  f1,$t1($t0)
[va=98000000437fffd0 pa=00000000437fffd0]
1264 dcache  4d090041 load  hit           pol=3 VA=98000000437fffd0 PA=0437fffd0 line=7e hitv=00000010 ro=23564701 tag=0437ff V=11111111 W=00000000 L=00000000
1264 Reg write f[1]=7543ecbe3df2939e  FCSR(fcr31)=6e000000
1265 icache  4d090041 load  hit           pol=3 VA=ffffffff8000bbe4 PA=00000bbe0 line=5f hitv=00000001 ro=12345670 tag=00000b V=00000001 L=00000000
1265 PC=0xffffffff8000bbe4 [000000000000bbe4]	4d0a0809 sdxc1  f1,$t2($t0)
[va=9800000043800050 pa=0000000043800050]
1265 dcache  4d0a0809 store hit           pol=3 VA=9800000043800050 PA=043800050 line=02 hitv=00000010 ro=23456701 tag=043800 V=11111111 W=00000000 L=00000000
1265 scache  4d0a0809 store hit           pol=3 VA=9800000043800050 PA=043800050 line=002 hitv=0010 ro=2301 tag=021c0 V=1111 W=1111 data=7543ecbe3df2939e mask=11111111
1266 PC=0xffffffff8000bbe8 [000000000000bbe8]	65290008 daddiu $t1,$t1,0x8
1266 Reg write t1=ffffffffffffffc8
1267 PC=0xffffffff8000bbec [000000000000bbec]	654afff8 daddiu $t2,$t2,0xfff8
1267 Reg write t2=0000000000000038
1268 icache  654afff8 load  hit           pol=3 VA=ffffffff8000bbf0 PA=00000bbf0 line=5f hitv=00000001 ro=12345670 tag=00000b V=00000001 L=00000000
1268 PC=0xffffffff8000bbf0 [000000000000bbf0]	5549fffc bnel   $t2,$t1,0xffffffff8000bbe4
1269 PC=0xffffffff8000bbf4 [000000000000bbf4]	4d090041 ldxc1  f1,$t1($t0)
[va=98000000437fffd8 pa=00000000437fffd8]
1269 dcache  4d090041 load  hit           pol=3 VA=98000000437fffd8 PA=0437fffd8 line=7e hitv=00000010 ro=23564701 tag=0437ff V=11111111 W=00000000 L=00000000
1269 Reg write f[1]=aaaaaaaaaaaaaaaa  FCSR(fcr31)=6e000000
1270 icache  4d090041 load  hit           pol=3 VA=ffffffff8000bbe4 PA=00000bbe0 line=5f hitv=00000001 ro=12345670 tag=00000b V=00000001 L=00000000
1270 PC=0xffffffff8000bbe4 [000000000000bbe4]	4d0a0809 sdxc1  f1,$t2($t0)
[va=9800000043800048 pa=0000000043800048]
1270 dcache  4d0a0809 store hit           pol=3 VA=9800000043800048 PA=043800048 line=02 hitv=00000010 ro=23456701 tag=043800 V=11111111 W=00000000 L=00000000
1270 scache  4d0a0809 store hit           pol=3 VA=9800000043800048 PA=043800048 line=002 hitv=0010 ro=2301 tag=021c0 V=1111 W=1111 data=aaaaaaaaaaaaaaaa mask=11111111
1271 PC=0xffffffff8000bbe8 [000000000000bbe8]	65290008 daddiu $t1,$t1,0x8
1271 Reg write t1=ffffffffffffffd0
1272 PC=0xffffffff8000bbec [000000000000bbec]	654afff8 daddiu $t2,$t2,0xfff8
1272 Reg write t2=0000000000000030
1273 icache  654afff8 load  hit           pol=3 VA=ffffffff8000bbf0 PA=00000bbf0 line=5f hitv=00000001 ro=12345670 tag=00000b V=00000001 L=00000000
1273 PC=0xffffffff8000bbf0 [000000000000bbf0]	5549fffc bnel   $t2,$t1,0xffffffff8000bbe4
1274 PC=0xffffffff8000bbf4 [000000000000bbf4]	4d090041 ldxc1  f1,$t1($t0)
[va=98000000437fffe0 pa=00000000437fffe0]
1274 dcache  4d090041 load  miss refill   pol=3 VA=98000000437fffe0 PA=0437fffe0 line=7f hitv=00000000 ro=12356470 tag=000000 V=11111111 W=00000000 L=00000000
1274 scache  4d090041 load  miss refill   pol=3 VA=98000000437fffe0 PA=0437fffe0 line=fff hitv=0000 ro=2031 tag=00000 V=1111 W=1001
1274 Reg write f[1]=1fffffffffffffff  FCSR(fcr31)=6e000000
1275 icache  4d090041 load  hit           pol=3 VA=ffffffff8000bbe4 PA=00000bbe0 line=5f hitv=00000001 ro=12345670 tag=00000b V=00000001 L=00000000
1275 PC=0xffffffff8000bbe4 [000000000000bbe4]	4d0a0809 sdxc1  f1,$t2($t0)
[va=9800000043800040 pa=0000000043800040]
1275 dcache  4d0a0809 store hit           pol=3 VA=9800000043800040 PA=043800040 line=02 hitv=00000010 ro=23456701 tag=043800 V=11111111 W=00000000 L=00000000
1275 scache  4d0a0809 store hit           pol=3 VA=9800000043800040 PA=043800040 line=002 hitv=0010 ro=2301 tag=021c0 V=1111 W=1111 data=1fffffffffffffff mask=11111111
1276 PC=0xffffffff8000bbe8 [000000000000bbe8]	65290008 daddiu $t1,$t1,0x8
1276 Reg write t1=ffffffffffffffd8
1277 PC=0xffffffff8000bbec [000000000000bbec]	654afff8 daddiu $t2,$t2,0xfff8
1277 Reg write t2=0000000000000028
1278 icache  654afff8 load  hit           pol=3 VA=ffffffff8000bbf0 PA=00000bbf0 line=5f hitv=00000001 ro=12345670 tag=00000b V=00000001 L=00000000
1278 PC=0xffffffff8000bbf0 [000000000000bbf0]	5549fffc bnel   $t2,$t1,0xffffffff8000bbe4
1279 PC=0xffffffff8000bbf4 [000000000000bbf4]	4d090041 ldxc1  f1,$t1($t0)
[va=98000000437fffe8 pa=00000000437fffe8]
1279 dcache  4d090041 load  hit           pol=3 VA=98000000437fffe8 PA=0437fffe8 line=7f hitv=00000010 ro=23564701 tag=0437ff V=11111111 W=00000000 L=00000000
1279 Reg write f[1]=fffffe0000000000  FCSR(fcr31)=6e000000
1280 icache  4d090041 load  hit           pol=3 VA=ffffffff8000bbe4 PA=00000bbe0 line=5f hitv=00000001 ro=12345670 tag=00000b V=00000001 L=00000000
1280 PC=0xffffffff8000bbe4 [000000000000bbe4]	4d0a0809 sdxc1  f1,$t2($t0)
[va=9800000043800038 pa=0000000043800038]
1280 dcache  4d0a0809 store miss w/alloc  pol=3 VA=9800000043800038 PA=043800038 line=01 hitv=00000000 ro=34567012 tag=000000 V=11111111 W=00000000 L=00000000
1280 scache  4d0a0809 store miss w/alloc  pol=3 VA=9800000043800038 PA=043800038 line=001 hitv=0000 ro=3012 tag=00000 V=1111 W=1110 data=fffffe0000000000 mask=11111111
1280 dmemacc: store 8 addr=050500020 data=1c71c71c71c71c71 mask=11111111 cline 
1280 dmemacc: store 8 addr=050500028 data=8278b3e21323def7 mask=11111111 cline 
1280 dmemacc: store 8 addr=050500030 data=00000000088ea1c3 mask=11111111 cline 
1280 dmemacc: store 8 addr=050500038 data=bc32e43df01eda4a mask=11111111 cline 
1281 PC=0xffffffff8000bbe8 [000000000000bbe8]	65290008 daddiu $t1,$t1,0x8
1281 Reg write t1=ffffffffffffffe0
1282 PC=0xffffffff8000bbec [000000000000bbec]	654afff8 daddiu $t2,$t2,0xfff8
1282 Reg write t2=0000000000000020
1283 icache  654afff8 load  hit           pol=3 VA=ffffffff8000bbf0 PA=00000bbf0 line=5f hitv=00000001 ro=12345670 tag=00000b V=00000001 L=00000000
1283 PC=0xffffffff8000bbf0 [000000000000bbf0]	5549fffc bnel   $t2,$t1,0xffffffff8000bbe4
1284 PC=0xffffffff8000bbf4 [000000000000bbf4]	4d090041 ldxc1  f1,$t1($t0)
[va=98000000437ffff0 pa=00000000437ffff0]
1284 dcache  4d090041 load  hit           pol=3 VA=98000000437ffff0 PA=0437ffff0 line=7f hitv=00000010 ro=23564701 tag=0437ff V=11111111 W=00000000 L=00000000
1284 Reg write f[1]=0000000000000001  FCSR(fcr31)=6e000000
1285 icache  4d090041 load  hit           pol=3 VA=ffffffff8000bbe4 PA=00000bbe0 line=5f hitv=00000001 ro=12345670 tag=00000b V=00000001 L=00000000
1285 PC=0xffffffff8000bbe4 [000000000000bbe4]	4d0a0809 sdxc1  f1,$t2($t0)
[va=9800000043800030 pa=0000000043800030]
1285 dcache  4d0a0809 store hit           pol=3 VA=9800000043800030 PA=043800030 line=01 hitv=00001000 ro=45670123 tag=043800 V=11111111 W=00000000 L=00000000
1285 scache  4d0a0809 store hit           pol=3 VA=9800000043800030 PA=043800030 line=001 hitv=1000 ro=0123 tag=021c0 V=1111 W=1110 data=0000000000000001 mask=11111111
1286 PC=0xffffffff8000bbe8 [000000000000bbe8]	65290008 daddiu $t1,$t1,0x8
1286 Reg write t1=ffffffffffffffe8
1287 PC=0xffffffff8000bbec [000000000000bbec]	654afff8 daddiu $t2,$t2,0xfff8
1287 Reg write t2=0000000000000018
1288 icache  654afff8 load  hit           pol=3 VA=ffffffff8000bbf0 PA=00000bbf0 line=5f hitv=00000001 ro=12345670 tag=00000b V=00000001 L=00000000
1288 PC=0xffffffff8000bbf0 [000000000000bbf0]	5549fffc bnel   $t2,$t1,0xffffffff8000bbe4
1289 PC=0xffffffff8000bbf4 [000000000000bbf4]	4d090041 ldxc1  f1,$t1($t0)
[va=98000000437ffff8 pa=00000000437ffff8]
1289 dcache  4d090041 load  hit           pol=3 VA=98000000437ffff8 PA=0437ffff8 line=7f hitv=00000010 ro=23564701 tag=0437ff V=11111111 W=00000000 L=00000000
1289 Reg write f[1]=1f2728489901bc5c  FCSR(fcr31)=6e000000
1290 icache  4d090041 load  hit           pol=3 VA=ffffffff8000bbe4 PA=00000bbe0 line=5f hitv=00000001 ro=12345670 tag=00000b V=00000001 L=00000000
1290 PC=0xffffffff8000bbe4 [000000000000bbe4]	4d0a0809 sdxc1  f1,$t2($t0)
[va=9800000043800028 pa=0000000043800028]
1290 dcache  4d0a0809 store hit           pol=3 VA=9800000043800028 PA=043800028 line=01 hitv=00001000 ro=45670123 tag=043800 V=11111111 W=00000000 L=00000000
1290 scache  4d0a0809 store hit           pol=3 VA=9800000043800028 PA=043800028 line=001 hitv=1000 ro=0123 tag=021c0 V=1111 W=1110 data=1f2728489901bc5c mask=11111111
1291 PC=0xffffffff8000bbe8 [000000000000bbe8]	65290008 daddiu $t1,$t1,0x8
1291 Reg write t1=fffffffffffffff0
1292 PC=0xffffffff8000bbec [000000000000bbec]	654afff8 daddiu $t2,$t2,0xfff8
1292 Reg write t2=0000000000000010
1293 icache  654afff8 load  hit           pol=3 VA=ffffffff8000bbf0 PA=00000bbf0 line=5f hitv=00000001 ro=12345670 tag=00000b V=00000001 L=00000000
1293 PC=0xffffffff8000bbf0 [000000000000bbf0]	5549fffc bnel   $t2,$t1,0xffffffff8000bbe4
1294 PC=0xffffffff8000bbf4 [000000000000bbf4]	4d090041 ldxc1  f1,$t1($t0)
[va=9800000043800000 pa=0000000043800000]
1294 dcache  4d090041 load  miss refill   pol=3 VA=9800000043800000 PA=043800000 line=00 hitv=00000000 ro=56127034 tag=000000 V=11111111 W=00000000 L=00000000
1294 scache  4d090041 load  miss refill   pol=3 VA=9800000043800000 PA=043800000 line=000 hitv=0000 ro=2301 tag=00000 V=1111 W=1011
1294 Reg write f[1]=98000000504fff30  FCSR(fcr31)=6e000000
1295 icache  4d090041 load  hit           pol=3 VA=ffffffff8000bbe4 PA=00000bbe0 line=5f hitv=00000001 ro=12345670 tag=00000b V=00000001 L=00000000
1295 PC=0xffffffff8000bbe4 [000000000000bbe4]	4d0a0809 sdxc1  f1,$t2($t0)
[va=9800000043800020 pa=0000000043800020]
1295 dcache  4d0a0809 store hit           pol=3 VA=9800000043800020 PA=043800020 line=01 hitv=00001000 ro=45670123 tag=043800 V=11111111 W=00000000 L=00000000
1295 scache  4d0a0809 store hit           pol=3 VA=9800000043800020 PA=043800020 line=001 hitv=1000 ro=0123 tag=021c0 V=1111 W=1110 data=98000000504fff30 mask=11111111
1296 PC=0xffffffff8000bbe8 [000000000000bbe8]	65290008 daddiu $t1,$t1,0x8
1296 Reg write t1=fffffffffffffff8
1297 PC=0xffffffff8000bbec [000000000000bbec]	654afff8 daddiu $t2,$t2,0xfff8
1297 Reg write t2=0000000000000008
1298 icache  654afff8 load  hit           pol=3 VA=ffffffff8000bbf0 PA=00000bbf0 line=5f hitv=00000001 ro=12345670 tag=00000b V=00000001 L=00000000
1298 PC=0xffffffff8000bbf0 [000000000000bbf0]	5549fffc bnel   $t2,$t1,0xffffffff8000bbe4
1299 PC=0xffffffff8000bbf4 [000000000000bbf4]	4d090041 ldxc1  f1,$t1($t0)
[va=9800000043800008 pa=0000000043800008]
1299 dcache  4d090041 load  hit           pol=3 VA=9800000043800008 PA=043800008 line=00 hitv=00100000 ro=61270345 tag=043800 V=11111111 W=00000000 L=00000000
1299 Reg write f[1]=3333333333333333  FCSR(fcr31)=6e000000
1300 icache  4d090041 load  hit           pol=3 VA=ffffffff8000bbe4 PA=00000bbe0 line=5f hitv=00000001 ro=12345670 tag=00000b V=00000001 L=00000000
1300 PC=0xffffffff8000bbe4 [000000000000bbe4]	4d0a0809 sdxc1  f1,$t2($t0)
[va=9800000043800018 pa=0000000043800018]
1300 dcache  4d0a0809 store hit           pol=3 VA=9800000043800018 PA=043800018 line=00 hitv=00100000 ro=61270345 tag=043800 V=11111111 W=00000000 L=00000000
1300 scache  4d0a0809 store hit           pol=3 VA=9800000043800018 PA=043800018 line=000 hitv=0100 ro=3012 tag=021c0 V=1111 W=1011 data=3333333333333333 mask=11111111
1301 PC=0xffffffff8000bbe8 [000000000000bbe8]	65290008 daddiu $t1,$t1,0x8
1301 Reg write t1=0000000000000000
1302 PC=0xffffffff8000bbec [000000000000bbec]	654afff8 daddiu $t2,$t2,0xfff8
1302 Reg write t2=0000000000000000
1303 icache  654afff8 load  hit           pol=3 VA=ffffffff8000bbf0 PA=00000bbf0 line=5f hitv=00000001 ro=12345670 tag=00000b V=00000001 L=00000000
1303 PC=0xffffffff8000bbf0 [000000000000bbf0]	5549fffc bnel   $t2,$t1,0xffffffff8000bbe4
1304 PC=0xffffffff8000bbf8 [000000000000bbf8]	3c0c9800 lui    $t4,0x9800
1304 Reg write t4=ffffffff98000000
1305 PC=0xffffffff8000bbfc [000000000000bbfc]	000c6438 dsll   $t4,$t4,16
1305 Reg write t4=ffff980000000000
1306 icache  000c6438 load  miss refill   pol=3 VA=ffffffff8000bc00 PA=00000bc00 line=60 hitv=00000000 ro=01234567 tag=000000 V=00000000 L=00000000
1306 PC=0xffffffff8000bc00 [000000000000bc00]	358c4520 ori    $t4,$t4,0x4520
1306 Reg write t4=ffff980000004520
1307 PC=0xffffffff8000bc04 [000000000000bc04]	000c6438 dsll   $t4,$t4,16
1307 Reg write t4=9800000045200000
1308 PC=0xffffffff8000bc08 [000000000000bc08]	358c50b0 ori    $t4,$t4,0x50b0
1308 Reg write t4=98000000452050b0
1309 PC=0xffffffff8000bc0c [000000000000bc0c]	fd93aeb8 sd     $s3,0xffffaeb8($t4)
[va=98000000451fff68 pa=00000000451fff68]
1309 dcache  fd93aeb8 store hit           pol=3 VA=98000000451fff68 PA=0451fff68 line=7b hitv=00010000 ro=70234516 tag=0451ff V=01111111 W=00000000 L=00000000
1309 scache  fd93aeb8 store hit           pol=3 VA=98000000451fff68 PA=0451fff68 line=ffb hitv=0001 ro=3012 tag=0228f V=1111 W=0100 data=9800000051b0012c mask=11111111
1310 icache  fd93aeb8 load  hit           pol=3 VA=ffffffff8000bc10 PA=00000bc10 line=60 hitv=00000001 ro=12345670 tag=00000b V=00000001 L=00000000
1310 PC=0xffffffff8000bc10 [000000000000bc10]	3c189800 lui    $t8,0x9800
1310 Reg write t8=ffffffff98000000
1311 PC=0xffffffff8000bc14 [000000000000bc14]	0018c438 dsll   $t8,$t8,16
1311 Reg write t8=ffff980000000000
1312 PC=0xffffffff8000bc18 [000000000000bc18]	37184380 ori    $t8,$t8,0x4380
1312 Reg write t8=ffff980000004380
1313 PC=0xffffffff8000bc1c [000000000000bc1c]	0018c438 dsll   $t8,$t8,16
1313 Reg write t8=9800000043800000
1314 icache  0018c438 load  miss refill   pol=3 VA=ffffffff8000bc20 PA=00000bc20 line=61 hitv=00000000 ro=01234567 tag=000000 V=00000000 L=00000000
1314 PC=0xffffffff8000bc20 [000000000000bc20]	37180638 ori    $t8,$t8,0x638
1314 Reg write t8=9800000043800638
1315 PC=0xffffffff8000bc24 [000000000000bc24]	df09f9d8 ld     $t1,0xfffff9d8($t8)
[va=9800000043800010 pa=0000000043800010]
1315 dcache  df09f9d8 load  hit           pol=3 VA=9800000043800010 PA=043800010 line=00 hitv=00100000 ro=61270345 tag=043800 V=11111111 W=00000000 L=00000000
1315 Reg write t1=f7582b33fad4eadd
1316 PC=0xffffffff8000bc28 [000000000000bc28]	3c1d9800 lui    $sp,0x9800
1316 Reg write sp=ffffffff98000000
1317 PC=0xffffffff8000bc2c [000000000000bc2c]	001dec38 dsll   $sp,$sp,16
1317 Reg write sp=ffff980000000000
1318 icache  001dec38 load  hit           pol=3 VA=ffffffff8000bc30 PA=00000bc30 line=61 hitv=00000001 ro=12345670 tag=00000b V=00000001 L=00000000
1318 PC=0xffffffff8000bc30 [000000000000bc30]	37bd4170 ori    $sp,$sp,0x4170
1318 Reg write sp=ffff980000004170
1319 PC=0xffffffff8000bc34 [000000000000bc34]	001dec38 dsll   $sp,$sp,16
1319 Reg write sp=9800000041700000
1320 PC=0xffffffff8000bc38 [000000000000bc38]	37bd436b ori    $sp,$sp,0x436b
1320 Reg write sp=980000004170436b
1321 PC=0xffffffff8000bc3c [000000000000bc3c]	dfacbd5d ld     $t4,0xffffbd5d($sp)
[va=98000000417000c8 pa=00000000417000c8]
1321 dcache  dfacbd5d load  hit           pol=3 VA=98000000417000c8 PA=0417000c8 line=06 hitv=00010000 ro=67012453 tag=041700 V=00111111 W=00000000 L=00000000
1321 Reg write t4=5174e5daebb871bc
1322 icache  dfacbd5d load  miss refill   pol=3 VA=ffffffff8000bc40 PA=00000bc40 line=62 hitv=00000000 ro=01234567 tag=000000 V=00000000 L=00000000
1322 PC=0xffffffff8000bc40 [000000000000bc40]	3c109800 lui    $s0,0x9800
1322 Reg write s0=ffffffff98000000
1323 PC=0xffffffff8000bc44 [000000000000bc44]	00108438 dsll   $s0,$s0,16
1323 Reg write s0=ffff980000000000
1324 PC=0xffffffff8000bc48 [000000000000bc48]	361041af ori    $s0,$s0,0x41af
1324 Reg write s0=ffff9800000041af
1325 PC=0xffffffff8000bc4c [000000000000bc4c]	00108438 dsll   $s0,$s0,16
1325 Reg write s0=9800000041af0000
1326 icache  00108438 load  hit           pol=3 VA=ffffffff8000bc50 PA=00000bc50 line=62 hitv=00000001 ro=12345670 tag=00000b V=00000001 L=00000000
1326 PC=0xffffffff8000bc50 [000000000000bc50]	3610abbb ori    $s0,$s0,0xabbb
1326 Reg write s0=9800000041afabbb
1327 PC=0xffffffff8000bc54 [000000000000bc54]	820f55d6 lb     $t7,0x55d6($s0)
[va=9800000041b00191 pa=0000000041b00191]
1327 dcache  820f55d6 load  hit           pol=3 VA=9800000041b00191 PA=041b00190 line=0c hitv=00000100 ro=67032415 tag=041b00 V=00111111 W=00000000 L=00000000
1327 Reg write t7=0000000000000051
1328 PC=0xffffffff8000bc58 [000000000000bc58]	3c019800 lui    $r1,0x9800
1328 Reg write r1=ffffffff98000000
1329 PC=0xffffffff8000bc5c [000000000000bc5c]	00010c38 dsll   $r1,$r1,16
1329 Reg write r1=ffff980000000000
1330 icache  00010c38 load  miss refill   pol=3 VA=ffffffff8000bc60 PA=00000bc60 line=63 hitv=00000000 ro=01234567 tag=000000 V=00000000 L=00000000
1330 PC=0xffffffff8000bc60 [000000000000bc60]	3421414f ori    $r1,$r1,0x414f
1330 Reg write r1=ffff98000000414f
1331 PC=0xffffffff8000bc64 [000000000000bc64]	00010c38 dsll   $r1,$r1,16
1331 Reg write r1=98000000414f0000
1332 PC=0xffffffff8000bc68 [000000000000bc68]	3421b3fc ori    $r1,$r1,0xb3fc
1332 Reg write r1=98000000414fb3fc
1333 PC=0xffffffff8000bc6c [000000000000bc6c]	ac3d4d6c sw     $sp,0x4d6c($r1)
[va=9800000041500168 pa=0000000041500168]
1333 dcache  ac3d4d6c store hit           pol=3 VA=9800000041500168 PA=041500168 line=0b hitv=00001000 ro=56701234 tag=041500 V=00011111 W=00000000 L=00000000
1333 scache  ac3d4d6c store hit           pol=3 VA=9800000041500168 PA=041500168 line=00b hitv=0100 ro=0123 tag=020a8 V=1111 W=1111 data=4170436b00000000 mask=11110000
1334 icache  ac3d4d6c load  hit           pol=3 VA=ffffffff8000bc70 PA=00000bc70 line=63 hitv=00000001 ro=12345670 tag=00000b V=00000001 L=00000000
1334 PC=0xffffffff8000bc70 [000000000000bc70]	3c149800 lui    $s4,0x9800
1334 Reg write s4=ffffffff98000000
1335 PC=0xffffffff8000bc74 [000000000000bc74]	0014a438 dsll   $s4,$s4,16
1335 Reg write s4=ffff980000000000
1336 PC=0xffffffff8000bc78 [000000000000bc78]	36945180 ori    $s4,$s4,0x5180
1336 Reg write s4=ffff980000005180
1337 PC=0xffffffff8000bc7c [000000000000bc7c]	0014a438 dsll   $s4,$s4,16
1337 Reg write s4=9800000051800000
1338 icache  0014a438 load  miss refill   pol=3 VA=ffffffff8000bc80 PA=00000bc80 line=64 hitv=00000000 ro=01234567 tag=000000 V=00000000 L=00000000
1338 PC=0xffffffff8000bc80 [000000000000bc80]	36944218 ori    $s4,$s4,0x4218
1338 Reg write s4=9800000051804218
1339 PC=0xffffffff8000bc84 [000000000000bc84]	8e86bcfc lw     $a2,0xffffbcfc($s4)
[va=98000000517fff14 pa=00000000517fff14]
1339 dcache  8e86bcfc load  miss refill   pol=3 VA=98000000517fff14 PA=0517fff10 line=78 hitv=00000000 ro=67230154 tag=000000 V=00111111 W=00000000 L=00000000
1339 scache  8e86bcfc load  miss refill   pol=3 VA=98000000517fff14 PA=0517fff00 line=ff8 hitv=0000 ro=3120 tag=00000 V=1111 W=0011
1339 Reg write a2=000000000f0f0f0f
1340 PC=0xffffffff8000bc88 [000000000000bc88]	3c0e9800 lui    $t6,0x9800
1340 Reg write t6=ffffffff98000000
1341 PC=0xffffffff8000bc8c [000000000000bc8c]	000e7438 dsll   $t6,$t6,16
1341 Reg write t6=ffff980000000000
1342 icache  000e7438 load  hit           pol=3 VA=ffffffff8000bc90 PA=00000bc90 line=64 hitv=00000001 ro=12345670 tag=00000b V=00000001 L=00000000
1342 PC=0xffffffff8000bc90 [000000000000bc90]	35ce5050 ori    $t6,$t6,0x5050
1342 Reg write t6=ffff980000005050
1343 PC=0xffffffff8000bc94 [000000000000bc94]	000e7438 dsll   $t6,$t6,16
1343 Reg write t6=9800000050500000
1344 PC=0xffffffff8000bc98 [000000000000bc98]	35ce6f70 ori    $t6,$t6,0x6f70
1344 Reg write t6=9800000050506f70
1345 PC=0xffffffff8000bc9c [000000000000bc9c]	85c69062 lh     $a2,0xffff9062($t6)
[va=98000000504fffd2 pa=00000000504fffd2]
1345 dcache  85c69062 load  miss refill   pol=3 VA=98000000504fffd2 PA=0504fffd0 line=7e hitv=00000000 ro=23564701 tag=000000 V=11111111 W=00000000 L=00000000
1345 scache  85c69062 load  miss refill   pol=3 VA=98000000504fffd2 PA=0504fffc0 line=ffe hitv=0000 ro=0312 tag=00000 V=1111 W=1001
1345 dmemacc: store 8 addr=0585fffc0 data=8acdf7df23c2e136 mask=11111111 cline 
1345 dmemacc: store 8 addr=0585fffc8 data=e88e460160396700 mask=11111111 cline 
1345 dmemacc: store 8 addr=0585fffd0 data=0000000000000001 mask=11111111 cline 
1345 dmemacc: store 8 addr=0585fffd8 data=62f7534ef199c2d5 mask=11111111 cline 
1345 Reg write a2=00000000000055d6
1346 icache  85c69062 load  miss refill   pol=3 VA=ffffffff8000bca0 PA=00000bca0 line=65 hitv=00000000 ro=01234567 tag=000000 V=00000000 L=00000000
1346 PC=0xffffffff8000bca0 [000000000000bca0]	3c079800 lui    $a3,0x9800
1346 Reg write a3=ffffffff98000000
1347 PC=0xffffffff8000bca4 [000000000000bca4]	00073c38 dsll   $a3,$a3,16
1347 Reg write a3=ffff980000000000
1348 PC=0xffffffff8000bca8 [000000000000bca8]	34e7517f ori    $a3,$a3,0x517f
1348 Reg write a3=ffff98000000517f
1349 PC=0xffffffff8000bcac [000000000000bcac]	00073c38 dsll   $a3,$a3,16
1349 Reg write a3=98000000517f0000
1350 icache  00073c38 load  hit           pol=3 VA=ffffffff8000bcb0 PA=00000bcb0 line=65 hitv=00000001 ro=12345670 tag=00000b V=00000001 L=00000000
1350 PC=0xffffffff8000bcb0 [000000000000bcb0]	34e7b225 ori    $a3,$a3,0xb225
1350 Reg write a3=98000000517fb225
1351 PC=0xffffffff8000bcb4 [000000000000bcb4]	9cf74ceb lwu    $s7,0x4ceb($a3)
[va=98000000517fff10 pa=00000000517fff10]
1351 dcache  9cf74ceb load  hit           pol=3 VA=98000000517fff10 PA=0517fff10 line=78 hitv=01000000 ro=72301546 tag=0517ff V=01111111 W=00000000 L=00000000
1351 Reg write s7=000000000f0f0f0f
1352 PC=0xffffffff8000bcb8 [000000000000bcb8]	3c049800 lui    $a0,0x9800
1352 Reg write a0=ffffffff98000000
1353 PC=0xffffffff8000bcbc [000000000000bcbc]	00042438 dsll   $a0,$a0,16
1353 Reg write a0=ffff980000000000
1354 icache  00042438 load  miss refill   pol=3 VA=ffffffff8000bcc0 PA=00000bcc0 line=66 hitv=00000000 ro=01234567 tag=000000 V=00000000 L=00000000
1354 PC=0xffffffff8000bcc0 [000000000000bcc0]	3484537f ori    $a0,$a0,0x537f
1354 Reg write a0=ffff98000000537f
1355 PC=0xffffffff8000bcc4 [000000000000bcc4]	00042438 dsll   $a0,$a0,16
1355 Reg write a0=98000000537f0000
1356 PC=0xffffffff8000bcc8 [000000000000bcc8]	3484ff40 ori    $a0,$a0,0xff40
1356 Reg write a0=98000000537fff40
1357 PC=0xffffffff8000bccc [000000000000bccc]	3c059800 lui    $a1,0x9800
1357 Reg write a1=ffffffff98000000
1358 icache  3c059800 load  hit           pol=3 VA=ffffffff8000bcd0 PA=00000bcd0 line=66 hitv=00000001 ro=12345670 tag=00000b V=00000001 L=00000000
1358 PC=0xffffffff8000bcd0 [000000000000bcd0]	00052c38 dsll   $a1,$a1,16
1358 Reg write a1=ffff980000000000
1359 PC=0xffffffff8000bcd4 [000000000000bcd4]	34a55a4f ori    $a1,$a1,0x5a4f
1359 Reg write a1=ffff980000005a4f
1360 PC=0xffffffff8000bcd8 [000000000000bcd8]	00052c38 dsll   $a1,$a1,16
1360 Reg write a1=980000005a4f0000
1361 PC=0xffffffff8000bcdc [000000000000bcdc]	34a5ff70 ori    $a1,$a1,0xff70
1361 Reg write a1=980000005a4fff70
1362 icache  34a5ff70 load  miss refill   pol=3 VA=ffffffff8000bce0 PA=00000bce0 line=67 hitv=00000000 ro=01234567 tag=000000 V=00000000 L=00000000
1362 PC=0xffffffff8000bce0 [000000000000bce0]	24060001 addiu  $a2,$r0,0x1
1362 Reg write a2=0000000000000001
1363 PC=0xffffffff8000bce4 [000000000000bce4]	fc8fffe8 sd     $t7,0xffffffe8($a0)
[va=98000000537fff28 pa=00000000537fff28]
1363 dcache  fc8fffe8 store miss w/alloc  pol=3 VA=98000000537fff28 PA=0537fff28 line=79 hitv=00000000 ro=45670312 tag=000000 V=00001111 W=00000000 L=00000000
1363 scache  fc8fffe8 store miss w/alloc  pol=3 VA=98000000537fff28 PA=0537fff28 line=ff9 hitv=0000 ro=0312 tag=00000 V=1111 W=1111 data=0000000000000051 mask=11111111
1363 dmemacc: store 8 addr=059afff20 data=ffffffffffffffff mask=11111111 cline 
1363 dmemacc: store 8 addr=059afff28 data=82f811b1272d9c69 mask=11111111 cline 
1363 dmemacc: store 8 addr=059afff30 data=0000000000000000 mask=11111111 cline 
1363 dmemacc: store 8 addr=059afff38 data=e0f83e0f83e0f83e mask=11111111 cline 
1364 PC=0xffffffff8000bce8 [000000000000bce8]	dcac0020 ld     $t4,0x20($a1)
[va=980000005a4fff90 pa=000000005a4fff90]
1364 dcache  dcac0020 load  miss refill   pol=3 VA=980000005a4fff90 PA=05a4fff90 line=7c hitv=00000000 ro=30571462 tag=000000 V=11111111 W=00000000 L=00000000
1364 scache  dcac0020 load  miss refill   pol=3 VA=980000005a4fff90 PA=05a4fff80 line=ffc hitv=0000 ro=0132 tag=00000 V=1111 W=1101
1364 dmemacc: store 8 addr=0501fff80 data=ffffffffffffffff mask=11111111 cline 
1364 dmemacc: store 8 addr=0501fff88 data=0195d887235d9e68 mask=11111111 cline 
1364 dmemacc: store 8 addr=0501fff90 data=0e1324224854705e mask=11111111 cline 
1364 dmemacc: store 8 addr=0501fff98 data=7cc7efcce44baebf mask=11111111 cline 
1364 Reg write t4=e38e38e38e38e38e
1365 PC=0xffffffff8000bcec [000000000000bcec]	dca80000 ld     $t0,0x0($a1)
[va=980000005a4fff70 pa=000000005a4fff70]
1365 dcache  dca80000 load  miss refill   pol=3 VA=980000005a4fff70 PA=05a4fff70 line=7b hitv=00000000 ro=70235164 tag=000000 V=01111111 W=00000000 L=00000000
1365 scache  dca80000 load  miss refill   pol=3 VA=980000005a4fff70 PA=05a4fff60 line=ffb hitv=0000 ro=3120 tag=00000 V=1111 W=0101
1365 Reg write t0=516dfd11eb36402b
1366 icache  dca80000 load  hit           pol=3 VA=ffffffff8000bcf0 PA=00000bcf0 line=67 hitv=00000001 ro=12345670 tag=00000b V=00000001 L=00000000
1366 PC=0xffffffff8000bcf0 [000000000000bcf0]	dca90038 ld     $t1,0x38($a1)
[va=980000005a4fffa8 pa=000000005a4fffa8]
1366 dcache  dca90038 load  miss refill   pol=3 VA=980000005a4fffa8 PA=05a4fffa8 line=7d hitv=00000000 ro=46750123 tag=000000 V=11111111 W=00000000 L=00000000
1366 scache  dca90038 load  miss refill   pol=3 VA=980000005a4fffa8 PA=05a4fffa0 line=ffd hitv=0000 ro=0231 tag=00000 V=1111 W=0101
1366 dmemacc: store 8 addr=0504fffa0 data=62f7534ef199c2d5 mask=11111111 cline 
1366 dmemacc: store 8 addr=0504fffa8 data=97880d43d20078ef mask=11111111 cline 
1366 dmemacc: store 8 addr=0504fffb0 data=8e0fa1025542dcd0 mask=11111111 cline 
1366 dmemacc: store 8 addr=0504fffb8 data=c9016fa69104897d mask=11111111 cline 
1366 Reg write t1=198658f87e0ff840
1367 PC=0xffffffff8000bcf4 [000000000000bcf4]	fc88fff0 sd     $t0,0xfffffff0($a0)
[va=98000000537fff30 pa=00000000537fff30]
1367 dcache  fc88fff0 store hit           pol=3 VA=98000000537fff30 PA=0537fff30 line=79 hitv=00010000 ro=56703124 tag=0537ff V=00011111 W=00000000 L=00000000
1367 scache  fc88fff0 store hit           pol=3 VA=98000000537fff30 PA=0537fff30 line=ff9 hitv=0001 ro=3120 tag=029bf V=1111 W=1111 data=516dfd11eb36402b mask=11111111
1368 PC=0xffffffff8000bcf8 [000000000000bcf8]	fc89fff8 sd     $t1,0xfffffff8($a0)
[va=98000000537fff38 pa=00000000537fff38]
1368 dcache  fc89fff8 store hit           pol=3 VA=98000000537fff38 PA=0537fff38 line=79 hitv=00010000 ro=56703124 tag=0537ff V=00011111 W=00000000 L=00000000
1368 scache  fc89fff8 store hit           pol=3 VA=98000000537fff38 PA=0537fff38 line=ff9 hitv=0001 ro=3120 tag=029bf V=1111 W=1111 data=198658f87e0ff840 mask=11111111
1369 PC=0xffffffff8000bcfc [000000000000bcfc]	64a50040 daddiu $a1,$a1,0x40
1369 Reg write a1=980000005a4fffb0
1370 icache  64a50040 load  miss refill   pol=3 VA=ffffffff8000bd00 PA=00000bd00 line=68 hitv=00000000 ro=01234567 tag=000000 V=00000000 L=00000000
1370 PC=0xffffffff8000bd00 [000000000000bd00]	dcaa0010 ld     $t2,0x10($a1)
[va=980000005a4fffc0 pa=000000005a4fffc0]
1370 dcache  dcaa0010 load  miss refill   pol=3 VA=980000005a4fffc0 PA=05a4fffc0 line=7e hitv=00000000 ro=35647012 tag=000000 V=11111111 W=00000000 L=00000000
1370 scache  dcaa0010 load  miss refill   pol=3 VA=980000005a4fffc0 PA=05a4fffc0 line=ffe hitv=0000 ro=3120 tag=00000 V=1111 W=1000
1370 dmemacc: store 8 addr=04aafffc0 data=ffffffffffffffff mask=11111111 cline 
1370 dmemacc: store 8 addr=04aafffc8 data=c7d5bedecb033bef mask=11111111 cline 
1370 dmemacc: store 8 addr=04aafffd0 data=98000000504fa0cd mask=11111111 cline 
1370 dmemacc: store 8 addr=04aafffd8 data=8a6544d5519bf61e mask=11111111 cline 
1370 Reg write t2=ffffffff80000000
1371 PC=0xffffffff8000bd04 [000000000000bd04]	fc8cffe0 sd     $t4,0xffffffe0($a0)
[va=98000000537fff20 pa=00000000537fff20]
1371 dcache  fc8cffe0 store hit           pol=3 VA=98000000537fff20 PA=0537fff20 line=79 hitv=00010000 ro=56703124 tag=0537ff V=00011111 W=00000000 L=00000000
1371 scache  fc8cffe0 store hit           pol=3 VA=98000000537fff20 PA=0537fff20 line=ff9 hitv=0001 ro=3120 tag=029bf V=1111 W=1111 data=e38e38e38e38e38e mask=11111111
1372 PC=0xffffffff8000bd08 [000000000000bd08]	64840040 daddiu $a0,$a0,0x40
1372 Reg write a0=98000000537fff80
1373 PC=0xffffffff8000bd0c [000000000000bd0c]	dca90008 ld     $t1,0x8($a1)
[va=980000005a4fffb8 pa=000000005a4fffb8]
1373 dcache  dca90008 load  hit           pol=3 VA=980000005a4fffb8 PA=05a4fffb8 line=7d hitv=00010000 ro=67501234 tag=05a4ff V=11111111 W=00000000 L=00000000
1373 Reg write t1=07874cb994fefef7
1374 icache  dca90008 load  hit           pol=3 VA=ffffffff8000bd10 PA=00000bd10 line=68 hitv=00000001 ro=12345670 tag=00000b V=00000001 L=00000000
1374 PC=0xffffffff8000bd10 [000000000000bd10]	dcab0018 ld     $t3,0x18($a1)
[va=980000005a4fffc8 pa=000000005a4fffc8]
1374 dcache  dcab0018 load  hit           pol=3 VA=980000005a4fffc8 PA=05a4fffc8 line=7e hitv=00001000 ro=56470123 tag=05a4ff V=11111111 W=00000000 L=00000000
1374 Reg write t3=105e73d6cac4cea1
1375 PC=0xffffffff8000bd14 [000000000000bd14]	fc880000 sd     $t0,0x0($a0)
[va=98000000537fff80 pa=00000000537fff80]
1375 dcache  fc880000 store miss w/alloc  pol=3 VA=98000000537fff80 PA=0537fff80 line=7c hitv=00000000 ro=05714623 tag=000000 V=11111111 W=00000000 L=00000000
1375 scache  fc880000 store miss w/alloc  pol=3 VA=98000000537fff80 PA=0537fff80 line=ffc hitv=0000 ro=1320 tag=00000 V=1111 W=1100 data=516dfd11eb36402b mask=11111111
1376 PC=0xffffffff8000bd18 [000000000000bd18]	fc8affd0 sd     $t2,0xffffffd0($a0)
[va=98000000537fff50 pa=00000000537fff50]
1376 dcache  fc8affd0 store miss w/alloc  pol=3 VA=98000000537fff50 PA=0537fff50 line=7a hitv=00000000 ro=56713042 tag=000000 V=00011111 W=00000000 L=00000000
1376 scache  fc8affd0 store miss w/alloc  pol=3 VA=98000000537fff50 PA=0537fff50 line=ffa hitv=0000 ro=1302 tag=00000 V=1111 W=1110 data=ffffffff80000000 mask=11111111
1376 dmemacc: store 8 addr=059afff40 data=3166845f7912963c mask=11111111 cline 
1376 dmemacc: store 8 addr=059afff48 data=c2132ac137924a69 mask=11111111 cline 
1376 dmemacc: store 8 addr=059afff50 data=0000000000000001 mask=11111111 cline 
1376 dmemacc: store 8 addr=059afff58 data=5cffd3c37dc4abb2 mask=11111111 cline 
1377 PC=0xffffffff8000bd1c [000000000000bd1c]	dca80030 ld     $t0,0x30($a1)
[va=980000005a4fffe0 pa=000000005a4fffe0]
1377 dcache  dca80030 load  miss refill   pol=3 VA=980000005a4fffe0 PA=05a4fffe0 line=7f hitv=00000000 ro=23564701 tag=000000 V=11111111 W=00000000 L=00000000
1377 scache  dca80030 load  miss refill   pol=3 VA=980000005a4fffe0 PA=05a4fffe0 line=fff hitv=0000 ro=0312 tag=00000 V=1111 W=1001
1377 dmemacc: store 8 addr=0585fffe0 data=4590eb7783082f07 mask=11111111 cline 
1377 dmemacc: store 8 addr=0585fffe8 data=76da9e333eb3182a mask=11111111 cline 
1377 dmemacc: store 8 addr=0585ffff0 data=8000000000000000 mask=11111111 cline 
1377 dmemacc: store 8 addr=0585ffff8 data=feacbb58bf9ad4c8 mask=11111111 cline 
1377 Reg write t0=8537e9f9e880915f
1378 icache  dca80030 load  miss refill   pol=3 VA=ffffffff8000bd20 PA=00000bd20 line=69 hitv=00000000 ro=01234567 tag=000000 V=00000000 L=00000000
1378 PC=0xffffffff8000bd20 [000000000000bd20]	fc890008 sd     $t1,0x8($a0)
[va=98000000537fff88 pa=00000000537fff88]
1378 dcache  fc890008 store hit           pol=3 VA=98000000537fff88 PA=0537fff88 line=7c hitv=00000001 ro=57146230 tag=0537ff V=11111111 W=00000000 L=00000000
1378 scache  fc890008 store hit           pol=3 VA=98000000537fff88 PA=0537fff88 line=ffc hitv=0010 ro=3201 tag=029bf V=1111 W=1110 data=07874cb994fefef7 mask=11111111
1379 PC=0xffffffff8000bd24 [000000000000bd24]	dcaf0028 ld     $t7,0x28($a1)
[va=980000005a4fffd8 pa=000000005a4fffd8]
1379 dcache  dcaf0028 load  hit           pol=3 VA=980000005a4fffd8 PA=05a4fffd8 line=7e hitv=00001000 ro=56470123 tag=05a4ff V=11111111 W=00000000 L=00000000
1379 Reg write t7=98728480fcda45bc
1380 PC=0xffffffff8000bd28 [000000000000bd28]	fc8bffd8 sd     $t3,0xffffffd8($a0)
[va=98000000537fff58 pa=00000000537fff58]
1380 dcache  fc8bffd8 store hit           pol=3 VA=98000000537fff58 PA=0537fff58 line=7a hitv=00100000 ro=67130425 tag=0537ff V=00111111 W=00000000 L=00000000
1380 scache  fc8bffd8 store hit           pol=3 VA=98000000537fff58 PA=0537fff58 line=ffa hitv=0010 ro=3021 tag=029bf V=1111 W=1110 data=105e73d6cac4cea1 mask=11111111
1381 PC=0xffffffff8000bd2c [000000000000bd2c]	14c0ffed bne    $a2,$r0,0xffffffff8000bce4
1382 icache  14c0ffed load  hit           pol=3 VA=ffffffff8000bd30 PA=00000bd30 line=69 hitv=00000001 ro=12345670 tag=00000b V=00000001 L=00000000
1382 PC=0xffffffff8000bd30 [000000000000bd30]	64c6ffff daddiu $a2,$a2,0xffff
1382 Reg write a2=0000000000000000
1383 icache  64c6ffff load  hit           pol=3 VA=ffffffff8000bce4 PA=00000bce0 line=67 hitv=00000001 ro=12345670 tag=00000b V=00000001 L=00000000
1383 PC=0xffffffff8000bce4 [000000000000bce4]	fc8fffe8 sd     $t7,0xffffffe8($a0)
[va=98000000537fff68 pa=00000000537fff68]
1383 dcache  fc8fffe8 store miss w/alloc  pol=3 VA=98000000537fff68 PA=0537fff68 line=7b hitv=00000000 ro=02351647 tag=000000 V=11111111 W=00000000 L=00000000
1383 scache  fc8fffe8 store miss w/alloc  pol=3 VA=98000000537fff68 PA=0537fff68 line=ffb hitv=0000 ro=1203 tag=00000 V=1111 W=0101 data=98728480fcda45bc mask=11111111
1384 PC=0xffffffff8000bce8 [000000000000bce8]	dcac0020 ld     $t4,0x20($a1)
[va=980000005a4fffd0 pa=000000005a4fffd0]
1384 dcache  dcac0020 load  hit           pol=3 VA=980000005a4fffd0 PA=05a4fffd0 line=7e hitv=00001000 ro=56470123 tag=05a4ff V=11111111 W=00000000 L=00000000
1384 Reg write t4=3fd80f6d4a069e5c
1385 PC=0xffffffff8000bcec [000000000000bcec]	dca80000 ld     $t0,0x0($a1)
[va=980000005a4fffb0 pa=000000005a4fffb0]
1385 dcache  dca80000 load  hit           pol=3 VA=980000005a4fffb0 PA=05a4fffb0 line=7d hitv=00010000 ro=67501234 tag=05a4ff V=11111111 W=00000000 L=00000000
1385 Reg write t0=2d5f7969e0bcf83e
1386 icache  dca80000 load  hit           pol=3 VA=ffffffff8000bcf0 PA=00000bcf0 line=67 hitv=00000001 ro=12345670 tag=00000b V=00000001 L=00000000
1386 PC=0xffffffff8000bcf0 [000000000000bcf0]	dca90038 ld     $t1,0x38($a1)
[va=980000005a4fffe8 pa=000000005a4fffe8]
1386 dcache  dca90038 load  hit           pol=3 VA=980000005a4fffe8 PA=05a4fffe8 line=7f hitv=00000100 ro=35647012 tag=05a4ff V=11111111 W=00000000 L=00000000
1386 Reg write t1=b684aa61129d01d7
1387 PC=0xffffffff8000bcf4 [000000000000bcf4]	fc88fff0 sd     $t0,0xfffffff0($a0)
[va=98000000537fff70 pa=00000000537fff70]
1387 dcache  fc88fff0 store hit           pol=3 VA=98000000537fff70 PA=0537fff70 line=7b hitv=00000001 ro=23516470 tag=0537ff V=11111111 W=00000000 L=00000000
1387 scache  fc88fff0 store hit           pol=3 VA=98000000537fff70 PA=0537fff70 line=ffb hitv=0010 ro=2031 tag=029bf V=1111 W=0111 data=2d5f7969e0bcf83e mask=11111111
1388 PC=0xffffffff8000bcf8 [000000000000bcf8]	fc89fff8 sd     $t1,0xfffffff8($a0)
[va=98000000537fff78 pa=00000000537fff78]
1388 dcache  fc89fff8 store hit           pol=3 VA=98000000537fff78 PA=0537fff78 line=7b hitv=00000001 ro=23516470 tag=0537ff V=11111111 W=00000000 L=00000000
1388 scache  fc89fff8 store hit           pol=3 VA=98000000537fff78 PA=0537fff78 line=ffb hitv=0010 ro=2031 tag=029bf V=1111 W=0111 data=b684aa61129d01d7 mask=11111111
1389 PC=0xffffffff8000bcfc [000000000000bcfc]	64a50040 daddiu $a1,$a1,0x40
1389 Reg write a1=980000005a4ffff0
1390 icache  64a50040 load  hit           pol=3 VA=ffffffff8000bd00 PA=00000bd00 line=68 hitv=00000001 ro=12345670 tag=00000b V=00000001 L=00000000
1390 PC=0xffffffff8000bd00 [000000000000bd00]	dcaa0010 ld     $t2,0x10($a1)
[va=980000005a500000 pa=000000005a500000]
1390 dcache  dcaa0010 load  miss refill   pol=3 VA=980000005a500000 PA=05a500000 line=00 hitv=00000000 ro=61270345 tag=000000 V=11111111 W=00000000 L=00000000
1390 scache  dcaa0010 load  miss refill   pol=3 VA=980000005a500000 PA=05a500000 line=000 hitv=0000 ro=3012 tag=00000 V=1111 W=1111
1390 dmemacc: store 8 addr=058600000 data=ca4bf43205c03ff5 mask=11111111 cline 
1390 dmemacc: store 8 addr=058600008 data=0f65f14baf3e1ed5 mask=11111111 cline 
1390 dmemacc: store 8 addr=058600010 data=9249ec95cc8d162e mask=11111111 cline 
1390 dmemacc: store 8 addr=058600018 data=733643000799e7a5 mask=11111111 cline 
1390 Reg write t2=f23536d62ebfb22d
1391 PC=0xffffffff8000bd04 [000000000000bd04]	fc8cffe0 sd     $t4,0xffffffe0($a0)
[va=98000000537fff60 pa=00000000537fff60]
1391 dcache  fc8cffe0 store hit           pol=3 VA=98000000537fff60 PA=0537fff60 line=7b hitv=00000001 ro=23516470 tag=0537ff V=11111111 W=00000000 L=00000000
1391 scache  fc8cffe0 store hit           pol=3 VA=98000000537fff60 PA=0537fff60 line=ffb hitv=0010 ro=2031 tag=029bf V=1111 W=0111 data=3fd80f6d4a069e5c mask=11111111
1392 PC=0xffffffff8000bd08 [000000000000bd08]	64840040 daddiu $a0,$a0,0x40
1392 Reg write a0=98000000537fffc0
1393 PC=0xffffffff8000bd0c [000000000000bd0c]	dca90008 ld     $t1,0x8($a1)
[va=980000005a4ffff8 pa=000000005a4ffff8]
1393 dcache  dca90008 load  hit           pol=3 VA=980000005a4ffff8 PA=05a4ffff8 line=7f hitv=00000100 ro=35647012 tag=05a4ff V=11111111 W=00000000 L=00000000
1393 Reg write t1=14cabcd24b084f68
1394 icache  dca90008 load  hit           pol=3 VA=ffffffff8000bd10 PA=00000bd10 line=68 hitv=00000001 ro=12345670 tag=00000b V=00000001 L=00000000
1394 PC=0xffffffff8000bd10 [000000000000bd10]	dcab0018 ld     $t3,0x18($a1)
[va=980000005a500008 pa=000000005a500008]
1394 dcache  dcab0018 load  hit           pol=3 VA=980000005a500008 PA=05a500008 line=00 hitv=01000000 ro=12703456 tag=05a500 V=11111111 W=00000000 L=00000000
1394 Reg write t3=ebd8060690735fbf
1395 PC=0xffffffff8000bd14 [000000000000bd14]	fc880000 sd     $t0,0x0($a0)
[va=98000000537fffc0 pa=00000000537fffc0]
1395 dcache  fc880000 store miss w/alloc  pol=3 VA=98000000537fffc0 PA=0537fffc0 line=7e hitv=00000000 ro=56470123 tag=000000 V=11111111 W=00000000 L=00000000
1395 scache  fc880000 store miss w/alloc  pol=3 VA=98000000537fffc0 PA=0537fffc0 line=ffe hitv=0000 ro=1203 tag=00000 V=1111 W=0000 data=2d5f7969e0bcf83e mask=11111111
1396 PC=0xffffffff8000bd18 [000000000000bd18]	fc8affd0 sd     $t2,0xffffffd0($a0)
[va=98000000537fff90 pa=00000000537fff90]
1396 dcache  fc8affd0 store hit           pol=3 VA=98000000537fff90 PA=0537fff90 line=7c hitv=00000001 ro=57146230 tag=0537ff V=11111111 W=00000000 L=00000000
1396 scache  fc8affd0 store hit           pol=3 VA=98000000537fff90 PA=0537fff90 line=ffc hitv=0010 ro=3201 tag=029bf V=1111 W=1110 data=f23536d62ebfb22d mask=11111111
1397 PC=0xffffffff8000bd1c [000000000000bd1c]	dca80030 ld     $t0,0x30($a1)
[va=980000005a500020 pa=000000005a500020]
1397 dcache  dca80030 load  miss refill   pol=3 VA=980000005a500020 PA=05a500020 line=01 hitv=00000000 ro=45670123 tag=000000 V=11111111 W=00000000 L=00000000
1397 scache  dca80030 load  miss refill   pol=3 VA=980000005a500020 PA=05a500020 line=001 hitv=0000 ro=0123 tag=00000 V=1111 W=1110
1397 Reg write t0=9c73816644820ebc
1398 icache  dca80030 load  hit           pol=3 VA=ffffffff8000bd20 PA=00000bd20 line=69 hitv=00000001 ro=12345670 tag=00000b V=00000001 L=00000000
1398 PC=0xffffffff8000bd20 [000000000000bd20]	fc890008 sd     $t1,0x8($a0)
[va=98000000537fffc8 pa=00000000537fffc8]
1398 dcache  fc890008 store hit           pol=3 VA=98000000537fffc8 PA=0537fffc8 line=7e hitv=00100000 ro=64701235 tag=0537ff V=11111111 W=00000000 L=00000000
1398 scache  fc890008 store hit           pol=3 VA=98000000537fffc8 PA=0537fffc8 line=ffe hitv=0010 ro=2031 tag=029bf V=1111 W=0010 data=14cabcd24b084f68 mask=11111111
1399 PC=0xffffffff8000bd24 [000000000000bd24]	dcaf0028 ld     $t7,0x28($a1)
[va=980000005a500018 pa=000000005a500018]
1399 dcache  dcaf0028 load  hit           pol=3 VA=980000005a500018 PA=05a500018 line=00 hitv=01000000 ro=12703456 tag=05a500 V=11111111 W=00000000 L=00000000
1399 Reg write t7=9751050cf7852591
1400 PC=0xffffffff8000bd28 [000000000000bd28]	fc8bffd8 sd     $t3,0xffffffd8($a0)
[va=98000000537fff98 pa=00000000537fff98]
1400 dcache  fc8bffd8 store hit           pol=3 VA=98000000537fff98 PA=0537fff98 line=7c hitv=00000001 ro=57146230 tag=0537ff V=11111111 W=00000000 L=00000000
1400 scache  fc8bffd8 store hit           pol=3 VA=98000000537fff98 PA=0537fff98 line=ffc hitv=0010 ro=3201 tag=029bf V=1111 W=1110 data=ebd8060690735fbf mask=11111111
1401 PC=0xffffffff8000bd2c [000000000000bd2c]	14c0ffed bne    $a2,$r0,0xffffffff8000bce4
1402 icache  14c0ffed load  hit           pol=3 VA=ffffffff8000bd30 PA=00000bd30 line=69 hitv=00000001 ro=12345670 tag=00000b V=00000001 L=00000000
1402 PC=0xffffffff8000bd30 [000000000000bd30]	64c6ffff daddiu $a2,$a2,0xffff
1402 Reg write a2=ffffffffffffffff
1403 PC=0xffffffff8000bd34 [000000000000bd34]	00000000 nop
1404 PC=0xffffffff8000bd38 [000000000000bd38]	3c109800 lui    $s0,0x9800
1404 Reg write s0=ffffffff98000000
1405 PC=0xffffffff8000bd3c [000000000000bd3c]	00108438 dsll   $s0,$s0,16
1405 Reg write s0=ffff980000000000
1406 icache  00108438 load  miss refill   pol=3 VA=ffffffff8000bd40 PA=00000bd40 line=6a hitv=00000000 ro=01234567 tag=000000 V=00000000 L=00000000
1406 PC=0xffffffff8000bd40 [000000000000bd40]	3610401f ori    $s0,$s0,0x401f
1406 Reg write s0=ffff98000000401f
1407 PC=0xffffffff8000bd44 [000000000000bd44]	00108438 dsll   $s0,$s0,16
1407 Reg write s0=98000000401f0000
1408 PC=0xffffffff8000bd48 [000000000000bd48]	3610e000 ori    $s0,$s0,0xe000
1408 Reg write s0=98000000401fe000
1409 PC=0xffffffff8000bd4c [000000000000bd4c]	02000008 jr     $s0
1410 icache  02000008 load  hit           pol=3 VA=ffffffff8000bd50 PA=00000bd50 line=6a hitv=00000001 ro=12345670 tag=00000b V=00000001 L=00000000
1410 PC=0xffffffff8000bd50 [000000000000bd50]	3c1c9800 lui    $gp,0x9800
1410 Reg write gp=ffffffff98000000
1411 icache  3c1c9800 load  miss refill   pol=3 VA=98000000401fe000 PA=0401fe000 line=00 hitv=00000000 ro=23456701 tag=000000 V=00000011 L=00000000
1411 PC=0x98000000401fe000 [00000000401fe000]	001ce438 dsll   $gp,$gp,16
1411 Reg write gp=ffff980000000000
1412 PC=0x98000000401fe004 [00000000401fe004]	379c4320 ori    $gp,$gp,0x4320
1412 Reg write gp=ffff980000004320
1413 PC=0x98000000401fe008 [00000000401fe008]	001ce438 dsll   $gp,$gp,16
1413 Reg write gp=9800000043200000
1414 PC=0x98000000401fe00c [00000000401fe00c]	379c1ef1 ori    $gp,$gp,0x1ef1
1414 Reg write gp=9800000043201ef1
1415 icache  379c1ef1 load  hit           pol=3 VA=98000000401fe010 PA=0401fe010 line=00 hitv=00000100 ro=34567012 tag=0401fe V=00000111 L=00000000
1415 PC=0x98000000401fe010 [00000000401fe010]	8782e223 lh     $v0,0xffffe223($gp)
[va=9800000043200114 pa=0000000043200114]
1415 dcache  8782e223 load  miss refill   pol=3 VA=9800000043200114 PA=043200110 line=08 hitv=00000000 ro=13245670 tag=000000 V=11111111 W=00000000 L=00000000
1415 scache  8782e223 load  miss refill   pol=3 VA=9800000043200114 PA=043200100 line=008 hitv=0000 ro=0123 tag=00000 V=1111 W=1011
1415 dmemacc: store 8 addr=059b00100 data=5fd867f9f4a3e7de mask=11111111 cline 
1415 dmemacc: store 8 addr=059b00108 data=ffffffffffffffff mask=11111111 cline 
1415 dmemacc: store 8 addr=059b00110 data=cf34b471ff395c7b mask=11111111 cline 
1415 dmemacc: store 8 addr=059b00118 data=01007663564ae367 mask=11111111 cline 
1415 Reg write v0=0000000000002d5c
1416 PC=0x98000000401fe014 [00000000401fe014]	3c099800 lui    $t1,0x9800
1416 Reg write t1=ffffffff98000000
1417 PC=0x98000000401fe018 [00000000401fe018]	00094c38 dsll   $t1,$t1,16
1417 Reg write t1=ffff980000000000
1418 PC=0x98000000401fe01c [00000000401fe01c]	35294150 ori    $t1,$t1,0x4150
1418 Reg write t1=ffff980000004150
1419 icache  35294150 load  miss refill   pol=3 VA=98000000401fe020 PA=0401fe020 line=01 hitv=00000000 ro=23456701 tag=000000 V=00000011 L=00000000
1419 PC=0x98000000401fe020 [00000000401fe020]	00094c38 dsll   $t1,$t1,16
1419 Reg write t1=9800000041500000
1420 PC=0x98000000401fe024 [00000000401fe024]	352965ed ori    $t1,$t1,0x65ed
1420 Reg write t1=98000000415065ed
1421 PC=0x98000000401fe028 [00000000401fe028]	8d299bb3 lw     $t1,0xffff9bb3($t1)
[va=98000000415001a0 pa=00000000415001a0]
1421 dcache  8d299bb3 load  miss refill   pol=3 VA=98000000415001a0 PA=0415001a0 line=0d hitv=00000000 ro=67012345 tag=000000 V=00111111 W=00000000 L=00000000
1421 scache  8d299bb3 load  miss refill   pol=3 VA=98000000415001a0 PA=0415001a0 line=00d hitv=0000 ro=1230 tag=00000 V=1111 W=0001
1421 Reg write t1=fffffffffe7707da
1422 PC=0x98000000401fe02c [00000000401fe02c]	3c049800 lui    $a0,0x9800
1422 Reg write a0=ffffffff98000000
1423 icache  3c049800 load  hit           pol=3 VA=98000000401fe030 PA=0401fe030 line=01 hitv=00000100 ro=34567012 tag=0401fe V=00000111 L=00000000
1423 PC=0x98000000401fe030 [00000000401fe030]	00042438 dsll   $a0,$a0,16
1423 Reg write a0=ffff980000000000
1424 PC=0x98000000401fe034 [00000000401fe034]	34844150 ori    $a0,$a0,0x4150
1424 Reg write a0=ffff980000004150
1425 PC=0x98000000401fe038 [00000000401fe038]	00042438 dsll   $a0,$a0,16
1425 Reg write a0=9800000041500000
1426 PC=0x98000000401fe03c [00000000401fe03c]	3484592d ori    $a0,$a0,0x592d
1426 Reg write a0=980000004150592d
1427 icache  3484592d load  miss refill   pol=3 VA=98000000401fe040 PA=0401fe040 line=02 hitv=00000000 ro=23456701 tag=000000 V=00000011 L=00000000
1427 PC=0x98000000401fe040 [00000000401fe040]	9c93a67f lwu    $s3,0xffffa67f($a0)
[va=98000000414fffac pa=00000000414fffac]
1427 dcache  9c93a67f load  hit           pol=3 VA=98000000414fffac PA=0414fffa8 line=7d hitv=01000000 ro=67501234 tag=0414ff V=11111111 W=00000000 L=00000000
1427 Reg write s3=0000000000000000
1428 PC=0x98000000401fe044 [00000000401fe044]	3c099800 lui    $t1,0x9800
1428 Reg write t1=ffffffff98000000
1429 PC=0x98000000401fe048 [00000000401fe048]	00094c38 dsll   $t1,$t1,16
1429 Reg write t1=ffff980000000000
1430 PC=0x98000000401fe04c [00000000401fe04c]	3529517f ori    $t1,$t1,0x517f
1430 Reg write t1=ffff98000000517f
1431 icache  3529517f load  hit           pol=3 VA=98000000401fe050 PA=0401fe050 line=02 hitv=00000100 ro=34567012 tag=0401fe V=00000111 L=00000000
1431 PC=0x98000000401fe050 [00000000401fe050]	00094c38 dsll   $t1,$t1,16
1431 Reg write t1=98000000517f0000
1432 PC=0x98000000401fe054 [00000000401fe054]	3529e4ee ori    $t1,$t1,0xe4ee
1432 Reg write t1=98000000517fe4ee
1433 PC=0x98000000401fe058 [00000000401fe058]	813d1b5c lb     $sp,0x1b5c($t1)
[va=980000005180004a pa=000000005180004a]
1433 dcache  813d1b5c load  miss refill   pol=3 VA=980000005180004a PA=051800048 line=02 hitv=00000000 ro=23456701 tag=000000 V=11111111 W=00000000 L=00000000
1433 scache  813d1b5c load  miss refill   pol=3 VA=980000005180004a PA=051800040 line=002 hitv=0000 ro=2301 tag=00000 V=1111 W=1111
1433 dmemacc: store 8 addr=059b00040 data=5fad7927a0b6e7c7 mask=11111111 cline 
1433 dmemacc: store 8 addr=059b00048 data=7fffffffffffffff mask=11111111 cline 
1433 dmemacc: store 8 addr=059b00050 data=409bdfafb1e8a379 mask=11111111 cline 
1433 dmemacc: store 8 addr=059b00058 data=ffffffffffffffff mask=11111111 cline 
1433 Reg write sp=0000000000000000
1434 PC=0x98000000401fe05c [00000000401fe05c]	3c049800 lui    $a0,0x9800
1434 Reg write a0=ffffffff98000000
1435 icache  3c049800 load  miss refill   pol=3 VA=98000000401fe060 PA=0401fe060 line=03 hitv=00000000 ro=23456701 tag=000000 V=00000011 L=00000000
1435 PC=0x98000000401fe060 [00000000401fe060]	00042438 dsll   $a0,$a0,16
1435 Reg write a0=ffff980000000000
1436 PC=0x98000000401fe064 [00000000401fe064]	34844170 ori    $a0,$a0,0x4170
1436 Reg write a0=ffff980000004170
1437 PC=0x98000000401fe068 [00000000401fe068]	00042438 dsll   $a0,$a0,16
1437 Reg write a0=9800000041700000
1438 PC=0x98000000401fe06c [00000000401fe06c]	34840f90 ori    $a0,$a0,0xf90
1438 Reg write a0=9800000041700f90
1439 icache  34840f90 load  hit           pol=3 VA=98000000401fe070 PA=0401fe070 line=03 hitv=00000100 ro=34567012 tag=0401fe V=00000111 L=00000000
1439 PC=0x98000000401fe070 [00000000401fe070]	9088f12e lbu    $t0,0xfffff12e($a0)
[va=98000000417000be pa=00000000417000be]
1439 dcache  9088f12e load  miss refill   pol=3 VA=98000000417000be PA=0417000b8 line=05 hitv=00000000 ro=12346570 tag=000000 V=11111111 W=00000000 L=00000000
1439 scache  9088f12e load  miss refill   pol=3 VA=98000000417000be PA=0417000a0 line=005 hitv=0000 ro=1023 tag=00000 V=1111 W=1011
1439 dmemacc: store 8 addr=059b000a0 data=5fffffffffffffff mask=11111111 cline 
1439 dmemacc: store 8 addr=059b000a8 data=13c3c3c69125bb15 mask=11111111 cline 
1439 dmemacc: store 8 addr=059b000b0 data=ac45de41683c762e mask=11111111 cline 
1439 dmemacc: store 8 addr=059b000b8 data=447172705bf34f79 mask=11111111 cline 
1439 Reg write t0=00000000000000c0
1440 PC=0x98000000401fe074 [00000000401fe074]	3c179800 lui    $s7,0x9800
1440 Reg write s7=ffffffff98000000
1441 PC=0x98000000401fe078 [00000000401fe078]	0017bc38 dsll   $s7,$s7,16
1441 Reg write s7=ffff980000000000
1442 PC=0x98000000401fe07c [00000000401fe07c]	36f74220 ori    $s7,$s7,0x4220
1442 Reg write s7=ffff980000004220
1443 icache  36f74220 load  miss refill   pol=3 VA=98000000401fe080 PA=0401fe080 line=04 hitv=00000000 ro=23456701 tag=000000 V=00000011 L=00000000
1443 PC=0x98000000401fe080 [00000000401fe080]	0017bc38 dsll   $s7,$s7,16
1443 Reg write s7=9800000042200000
1444 PC=0x98000000401fe084 [00000000401fe084]	36f726df ori    $s7,$s7,0x26df
1444 Reg write s7=98000000422026df
1445 PC=0x98000000401fe088 [00000000401fe088]	8ef8d93d lw     $t8,0xffffd93d($s7)
[va=980000004220001c pa=000000004220001c]
1445 dcache  8ef8d93d load  miss refill   pol=3 VA=980000004220001c PA=042200018 line=00 hitv=00000000 ro=12703456 tag=000000 V=11111111 W=00000000 L=00000000
1445 scache  8ef8d93d load  miss refill   pol=3 VA=980000004220001c PA=042200000 line=000 hitv=0000 ro=0123 tag=00000 V=1111 W=0111
1445 dmemacc: store 8 addr=04ab00000 data=b008c3f882836e83 mask=11111111 cline 
1445 dmemacc: store 8 addr=04ab00008 data=8000000000000000 mask=11111111 cline 
1445 dmemacc: store 8 addr=04ab00010 data=98000000511feef7 mask=11111111 cline 
1445 dmemacc: store 8 addr=04ab00018 data=ffffffffffffffff mask=11111111 cline 
1445 Reg write t8=ffffffffca2ebc70
1446 PC=0x98000000401fe08c [00000000401fe08c]	3c0f9800 lui    $t7,0x9800
1446 Reg write t7=ffffffff98000000
1447 icache  3c0f9800 load  hit           pol=3 VA=98000000401fe090 PA=0401fe090 line=04 hitv=00000100 ro=34567012 tag=0401fe V=00000111 L=00000000
1447 PC=0x98000000401fe090 [00000000401fe090]	000f7c38 dsll   $t7,$t7,16
1447 Reg write t7=ffff980000000000
1448 PC=0x98000000401fe094 [00000000401fe094]	35ef515f ori    $t7,$t7,0x515f
1448 Reg write t7=ffff98000000515f
1449 PC=0x98000000401fe098 [00000000401fe098]	000f7c38 dsll   $t7,$t7,16
1449 Reg write t7=98000000515f0000
1450 PC=0x98000000401fe09c [00000000401fe09c]	35efb3ff ori    $t7,$t7,0xb3ff
1450 Reg write t7=98000000515fb3ff
1451 icache  35efb3ff load  miss refill   pol=3 VA=98000000401fe0a0 PA=0401fe0a0 line=05 hitv=00000000 ro=23456701 tag=000000 V=00000011 L=00000000
1451 PC=0x98000000401fe0a0 [00000000401fe0a0]	ddf14b51 ld     $s1,0x4b51($t7)
[va=98000000515fff50 pa=00000000515fff50]
1451 dcache  ddf14b51 load  miss refill   pol=3 VA=98000000515fff50 PA=0515fff50 line=7a hitv=00000000 ro=67130425 tag=000000 V=00111111 W=00000000 L=00000000
1451 scache  ddf14b51 load  miss refill   pol=3 VA=98000000515fff50 PA=0515fff40 line=ffa hitv=0000 ro=3021 tag=00000 V=1111 W=1110
1451 dmemacc: store 8 addr=0414fff40 data=46b3959819f07a8f mask=11111111 cline 
1451 dmemacc: store 8 addr=0414fff48 data=7e5deb3a9c05a4cc mask=11111111 cline 
1451 dmemacc: store 8 addr=0414fff50 data=dc8ec213aa562032 mask=11111111 cline 
1451 dmemacc: store 8 addr=0414fff58 data=e38e38e38e38e38e mask=11111111 cline 
1451 Reg write s1=627f1e7d31a2686e
1452 PC=0x98000000401fe0a4 [00000000401fe0a4]	3c1e9800 lui    $s8,0x9800
1452 Reg write s8=ffffffff98000000
1453 PC=0x98000000401fe0a8 [00000000401fe0a8]	001ef438 dsll   $s8,$s8,16
1453 Reg write s8=ffff980000000000
1454 PC=0x98000000401fe0ac [00000000401fe0ac]	37de421f ori    $s8,$s8,0x421f
1454 Reg write s8=ffff98000000421f
1455 icache  37de421f load  hit           pol=3 VA=98000000401fe0b0 PA=0401fe0b0 line=05 hitv=00000100 ro=34567012 tag=0401fe V=00000111 L=00000000
1455 PC=0x98000000401fe0b0 [00000000401fe0b0]	001ef438 dsll   $s8,$s8,16
1455 Reg write s8=98000000421f0000
1456 PC=0x98000000401fe0b4 [00000000401fe0b4]	37deca93 ori    $s8,$s8,0xca93
1456 Reg write s8=98000000421fca93
1457 PC=0x98000000401fe0b8 [00000000401fe0b8]	afc63765 sw     $a2,0x3765($s8)
[va=98000000422001f8 pa=00000000422001f8]
1457 dcache  afc63765 store hit           pol=3 VA=98000000422001f8 PA=0422001f8 line=0f hitv=00000100 ro=45670123 tag=042200 V=00001111 W=00000000 L=00000000
1457 scache  afc63765 store hit           pol=3 VA=98000000422001f8 PA=0422001f8 line=00f hitv=0010 ro=3012 tag=02110 V=0111 W=0111 data=ffffffff00000000 mask=11110000
1458 PC=0x98000000401fe0bc [00000000401fe0bc]	3c129800 lui    $s2,0x9800
1458 Reg write s2=ffffffff98000000
1459 icache  3c129800 load  miss refill   pol=3 VA=98000000401fe0c0 PA=0401fe0c0 line=06 hitv=00000000 ro=23456701 tag=000000 V=00000011 L=00000000
1459 PC=0x98000000401fe0c0 [00000000401fe0c0]	00129438 dsll   $s2,$s2,16
1459 Reg write s2=ffff980000000000
1460 PC=0x98000000401fe0c4 [00000000401fe0c4]	36525020 ori    $s2,$s2,0x5020
1460 Reg write s2=ffff980000005020
1461 PC=0x98000000401fe0c8 [00000000401fe0c8]	00129438 dsll   $s2,$s2,16
1461 Reg write s2=9800000050200000
1462 PC=0x98000000401fe0cc [00000000401fe0cc]	365256dc ori    $s2,$s2,0x56dc
1462 Reg write s2=98000000502056dc
1463 icache  365256dc load  hit           pol=3 VA=98000000401fe0d0 PA=0401fe0d0 line=06 hitv=00000100 ro=34567012 tag=0401fe V=00000111 L=00000000
1463 PC=0x98000000401fe0d0 [00000000401fe0d0]	9e51aa88 lwu    $s1,0xffffaa88($s2)
[va=9800000050200164 pa=0000000050200164]
1463 dcache  9e51aa88 load  miss refill   pol=3 VA=9800000050200164 PA=050200160 line=0b hitv=00000000 ro=56701243 tag=000000 V=00011111 W=00000000 L=00000000
1463 scache  9e51aa88 load  miss refill   pol=3 VA=9800000050200164 PA=050200160 line=00b hitv=0000 ro=0132 tag=00000 V=1111 W=1111
1463 dmemacc: store 8 addr=058800160 data=98000000587fff80 mask=11111111 cline 
1463 dmemacc: store 8 addr=058800168 data=914768fc68750279 mask=11111111 cline 
1463 dmemacc: store 8 addr=058800170 data=e2155b025163f7d0 mask=11111111 cline 
1463 dmemacc: store 8 addr=058800178 data=8000000000000000 mask=11111111 cline 
1463 Reg write s1=00000000ffffffff
1464 PC=0x98000000401fe0d4 [00000000401fe0d4]	14210004 bne    $r1,$r1,0x98000000401fe0e8
1465 PC=0x98000000401fe0d8 [00000000401fe0d8]	3c019800 lui    $r1,0x9800
1465 Reg write r1=ffffffff98000000
1466 PC=0x98000000401fe0dc [00000000401fe0dc]	00010c38 dsll   $r1,$r1,16
1466 Reg write r1=ffff980000000000
1467 icache  00010c38 load  miss refill   pol=3 VA=98000000401fe0e0 PA=0401fe0e0 line=07 hitv=00000000 ro=12345670 tag=000000 V=00000001 L=00000000
1467 PC=0x98000000401fe0e0 [00000000401fe0e0]	34215020 ori    $r1,$r1,0x5020
1467 Reg write r1=ffff980000005020
1468 PC=0x98000000401fe0e4 [00000000401fe0e4]	00010c38 dsll   $r1,$r1,16
1468 Reg write r1=9800000050200000
1469 PC=0x98000000401fe0e8 [00000000401fe0e8]	34211835 ori    $r1,$r1,0x1835
1469 Reg write r1=9800000050201835
1470 PC=0x98000000401fe0ec [00000000401fe0ec]	a428e76d sh     $t0,0xffffe76d($r1)
[va=98000000501fffa2 pa=00000000501fffa2]
1470 dcache  a428e76d store miss w/alloc  pol=3 VA=98000000501fffa2 PA=0501fffa0 line=7d hitv=00000000 ro=75012346 tag=000000 V=11111111 W=00000000 L=00000000
1470 scache  a428e76d store miss w/alloc  pol=3 VA=98000000501fffa2 PA=0501fffa0 line=ffd hitv=0000 ro=2310 tag=00000 V=1111 W=0100 data=000000c000000000 mask=00110000
1470 dmemacc: store 8 addr=04aafffa0 data=9999999999999999 mask=11111111 cline 
1470 dmemacc: store 8 addr=04aafffa8 data=7e290d4d83288957 mask=11111111 cline 
1470 dmemacc: store 8 addr=04aafffb0 data=98000000414ffcf9 mask=11111111 cline 
1470 dmemacc: store 8 addr=04aafffb8 data=5555555555555555 mask=11111111 cline 
1471 icache  a428e76d load  hit           pol=3 VA=98000000401fe0f0 PA=0401fe0f0 line=07 hitv=00000010 ro=23456701 tag=0401fe V=00000011 L=00000000
1471 PC=0x98000000401fe0f0 [00000000401fe0f0]	3c169800 lui    $s6,0x9800
1471 Reg write s6=ffffffff98000000
1472 PC=0x98000000401fe0f4 [00000000401fe0f4]	0016b438 dsll   $s6,$s6,16
1472 Reg write s6=ffff980000000000
1473 PC=0x98000000401fe0f8 [00000000401fe0f8]	36d6511f ori    $s6,$s6,0x511f
1473 Reg write s6=ffff98000000511f
1474 PC=0x98000000401fe0fc [00000000401fe0fc]	0016b438 dsll   $s6,$s6,16
1474 Reg write s6=98000000511f0000
1475 icache  0016b438 load  miss refill   pol=3 VA=98000000401fe100 PA=0401fe100 line=08 hitv=00000000 ro=12345670 tag=000000 V=00000001 L=00000000
1475 PC=0x98000000401fe100 [00000000401fe100]	36d6a20c ori    $s6,$s6,0xa20c
1475 Reg write s6=98000000511fa20c
1476 PC=0x98000000401fe104 [00000000401fe104]	82d25db6 lb     $s2,0x5db6($s6)
[va=98000000511fffc2 pa=00000000511fffc2]
1476 dcache  82d25db6 load  miss refill   pol=3 VA=98000000511fffc2 PA=0511fffc0 line=7e hitv=00000000 ro=64701235 tag=000000 V=11111111 W=00000000 L=00000000
1476 scache  82d25db6 load  miss refill   pol=3 VA=98000000511fffc2 PA=0511fffc0 line=ffe hitv=0000 ro=2031 tag=00000 V=1111 W=0010
1476 Reg write s2=000000000000002c
1477 PC=0x98000000401fe108 [00000000401fe108]	3c0a9800 lui    $t2,0x9800
1477 Reg write t2=ffffffff98000000
1478 PC=0x98000000401fe10c [00000000401fe10c]	000a5438 dsll   $t2,$t2,16
1478 Reg write t2=ffff980000000000
1479 icache  000a5438 load  hit           pol=3 VA=98000000401fe110 PA=0401fe110 line=08 hitv=00000010 ro=23456701 tag=0401fe V=00000011 L=00000000
1479 PC=0x98000000401fe110 [00000000401fe110]	354a5180 ori    $t2,$t2,0x5180
1479 Reg write t2=ffff980000005180
1480 PC=0x98000000401fe114 [00000000401fe114]	000a5438 dsll   $t2,$t2,16
1480 Reg write t2=9800000051800000
1481 PC=0x98000000401fe118 [00000000401fe118]	354a54c2 ori    $t2,$t2,0x54c2
1481 Reg write t2=98000000518054c2
1482 PC=0x98000000401fe11c [00000000401fe11c]	8548aba4 lh     $t0,0xffffaba4($t2)
[va=9800000051800066 pa=0000000051800066]
1482 dcache  8548aba4 load  miss refill   pol=3 VA=9800000051800066 PA=051800060 line=03 hitv=00000000 ro=34570162 tag=000000 V=11111111 W=00000000 L=00000000
1482 scache  8548aba4 load  miss refill   pol=3 VA=9800000051800066 PA=051800060 line=003 hitv=0000 ro=0123 tag=00000 V=1111 W=1111
1482 dmemacc: store 8 addr=04ab00060 data=aaaaaaaaaaaaaaaa mask=11111111 cline 
1482 dmemacc: store 8 addr=04ab00068 data=32940170498c39d1 mask=11111111 cline 
1482 dmemacc: store 8 addr=04ab00070 data=98000000414fd01b mask=11111111 cline 
1482 dmemacc: store 8 addr=04ab00078 data=7fffffffffffffff mask=11111111 cline 
1482 Reg write t0=ffffffffffff9ff1
1483 icache  8548aba4 load  miss refill   pol=3 VA=98000000401fe120 PA=0401fe120 line=09 hitv=00000000 ro=12345670 tag=000000 V=00000001 L=00000000
1483 PC=0x98000000401fe120 [00000000401fe120]	3c069800 lui    $a2,0x9800
1483 Reg write a2=ffffffff98000000
1484 PC=0x98000000401fe124 [00000000401fe124]	00063438 dsll   $a2,$a2,16
1484 Reg write a2=ffff980000000000
1485 PC=0x98000000401fe128 [00000000401fe128]	34c6504f ori    $a2,$a2,0x504f
1485 Reg write a2=ffff98000000504f
1486 PC=0x98000000401fe12c [00000000401fe12c]	00063438 dsll   $a2,$a2,16
1486 Reg write a2=98000000504f0000
1487 icache  00063438 load  hit           pol=3 VA=98000000401fe130 PA=0401fe130 line=09 hitv=00000010 ro=23456701 tag=0401fe V=00000011 L=00000000
1487 PC=0x98000000401fe130 [00000000401fe130]	34c6e970 ori    $a2,$a2,0xe970
1487 Reg write a2=98000000504fe970
1488 PC=0x98000000401fe134 [00000000401fe134]	84d71622 lh     $s7,0x1622($a2)
[va=98000000504fff92 pa=00000000504fff92]
1488 dcache  84d71622 load  hit           pol=3 VA=98000000504fff92 PA=0504fff90 line=7c hitv=01000000 ro=57146230 tag=0504ff V=11111111 W=00000000 L=00000000
1488 Reg write s7=0000000000000000
1489 PC=0x98000000401fe138 [00000000401fe138]	3c149800 lui    $s4,0x9800
1489 Reg write s4=ffffffff98000000
1490 PC=0x98000000401fe13c [00000000401fe13c]	0014a438 dsll   $s4,$s4,16
1490 Reg write s4=ffff980000000000
1491 icache  0014a438 load  miss refill   pol=3 VA=98000000401fe140 PA=0401fe140 line=0a hitv=00000000 ro=12345670 tag=000000 V=00000001 L=00000000
1491 PC=0x98000000401fe140 [00000000401fe140]	3694414f ori    $s4,$s4,0x414f
1491 Reg write s4=ffff98000000414f
1492 PC=0x98000000401fe144 [00000000401fe144]	0014a438 dsll   $s4,$s4,16
1492 Reg write s4=98000000414f0000
1493 PC=0x98000000401fe148 [00000000401fe148]	3694be0d ori    $s4,$s4,0xbe0d
1493 Reg write s4=98000000414fbe0d
1494 PC=0x98000000401fe14c [00000000401fe14c]	9e884363 lwu    $t0,0x4363($s4)
[va=9800000041500170 pa=0000000041500170]
1494 dcache  9e884363 load  hit           pol=3 VA=9800000041500170 PA=041500170 line=0b hitv=00001000 ro=67012435 tag=041500 V=00111111 W=00000000 L=00000000
1494 Reg write t0=000000003d329245
1495 icache  9e884363 load  hit           pol=3 VA=98000000401fe150 PA=0401fe150 line=0a hitv=00000010 ro=23456701 tag=0401fe V=00000011 L=00000000
1495 PC=0x98000000401fe150 [00000000401fe150]	3c119800 lui    $s1,0x9800
1495 Reg write s1=ffffffff98000000
1496 PC=0x98000000401fe154 [00000000401fe154]	00118c38 dsll   $s1,$s1,16
1496 Reg write s1=ffff980000000000
1497 PC=0x98000000401fe158 [00000000401fe158]	36314150 ori    $s1,$s1,0x4150
1497 Reg write s1=ffff980000004150
1498 PC=0x98000000401fe15c [00000000401fe15c]	00118c38 dsll   $s1,$s1,16
1498 Reg write s1=9800000041500000
1499 icache  00118c38 load  miss refill   pol=3 VA=98000000401fe160 PA=0401fe160 line=0b hitv=00000000 ro=12345670 tag=000000 V=00000001 L=00000000
1499 PC=0x98000000401fe160 [00000000401fe160]	36310f37 ori    $s1,$s1,0xf37
1499 Reg write s1=9800000041500f37
1500 PC=0x98000000401fe164 [00000000401fe164]	9e31f03d lwu    $s1,0xfffff03d($s1)
[va=98000000414fff74 pa=00000000414fff74]
1500 dcache  9e31f03d load  hit           pol=3 VA=98000000414fff74 PA=0414fff70 line=7b hitv=00000100 ro=23516470 tag=0414ff V=11111111 W=00000000 L=00000000
1500 Reg write s1=00000000fffffffc
1501 PC=0x98000000401fe168 [00000000401fe168]	3c119800 lui    $s1,0x9800
1501 Reg write s1=ffffffff98000000
1502 PC=0x98000000401fe16c [00000000401fe16c]	00118c38 dsll   $s1,$s1,16
1502 Reg write s1=ffff980000000000
1503 icache  00118c38 load  hit           pol=3 VA=98000000401fe170 PA=0401fe170 line=0b hitv=00000010 ro=23456701 tag=0401fe V=00000011 L=00000000
1503 PC=0x98000000401fe170 [00000000401fe170]	36314150 ori    $s1,$s1,0x4150
1503 Reg write s1=ffff980000004150
1504 PC=0x98000000401fe174 [00000000401fe174]	00118c38 dsll   $s1,$s1,16
1504 Reg write s1=9800000041500000
1505 PC=0x98000000401fe178 [00000000401fe178]	3631151c ori    $s1,$s1,0x151c
1505 Reg write s1=980000004150151c
1506 PC=0x98000000401fe17c [00000000401fe17c]	fe36ea54 sd     $s6,0xffffea54($s1)
[va=98000000414fff70 pa=00000000414fff70]
1506 dcache  fe36ea54 store hit           pol=3 VA=98000000414fff70 PA=0414fff70 line=7b hitv=00000100 ro=35164702 tag=0414ff V=11111111 W=00000000 L=00000000
1506 scache  fe36ea54 store miss wo/alloc pol=3 VA=98000000414fff70 PA=0414fff70 line=ffb hitv=0000 ro=2031 tag=00000 V=1111 W=0111 data=98000000511fa20c mask=11111111
1506 dmemacc: store 8 addr=0414fff70 data=98000000511fa20c mask=11111111 
1507 icache  fe36ea54 load  miss refill   pol=3 VA=98000000401fe180 PA=0401fe180 line=0c hitv=00000000 ro=12345670 tag=000000 V=00000001 L=00000000
1507 PC=0x98000000401fe180 [00000000401fe180]	0c17f807 jal    0x98000000405fe01c
1507 Reg write ra=98000000401fe188
1508 PC=0x98000000401fe184 [00000000401fe184]	3c159800 lui    $s5,0x9800
1508 Reg write s5=ffffffff98000000
1509 icache  3c159800 load  miss refill   pol=3 VA=98000000405fe01c PA=0405fe010 line=00 hitv=00000000 ro=34567012 tag=000000 V=00000111 L=00000000
1509 PC=0x98000000405fe01c [00000000405fe01c]	0015ac38 dsll   $s5,$s5,16
1509 Reg write s5=ffff980000000000
1510 icache  0015ac38 load  miss refill   pol=3 VA=98000000405fe020 PA=0405fe020 line=01 hitv=00000000 ro=34567012 tag=000000 V=00000111 L=00000000
1510 PC=0x98000000405fe020 [00000000405fe020]	36b5517f ori    $s5,$s5,0x517f
1510 Reg write s5=ffff98000000517f
1511 PC=0x98000000405fe024 [00000000405fe024]	0015ac38 dsll   $s5,$s5,16
1511 Reg write s5=98000000517f0000
1512 PC=0x98000000405fe028 [00000000405fe028]	36b5b906 ori    $s5,$s5,0xb906
1512 Reg write s5=98000000517fb906
1513 PC=0x98000000405fe02c [00000000405fe02c]	aebd4762 sw     $sp,0x4762($s5)
[va=9800000051800068 pa=0000000051800068]
1513 dcache  aebd4762 store hit           pol=3 VA=9800000051800068 PA=051800068 line=03 hitv=00001000 ro=45701623 tag=051800 V=11111111 W=00000000 L=00000000
1513 scache  aebd4762 store hit           pol=3 VA=9800000051800068 PA=051800068 line=003 hitv=0001 ro=1230 tag=028c0 V=1111 W=1110 data=0000000000000000 mask=11110000
1514 icache  aebd4762 load  hit           pol=3 VA=98000000405fe030 PA=0405fe030 line=01 hitv=00001000 ro=45670123 tag=0405fe V=00001111 L=00000000
1514 PC=0x98000000405fe030 [00000000405fe030]	3c089800 lui    $t0,0x9800
1514 Reg write t0=ffffffff98000000
1515 PC=0x98000000405fe034 [00000000405fe034]	00084438 dsll   $t0,$t0,16
1515 Reg write t0=ffff980000000000
1516 PC=0x98000000405fe038 [00000000405fe038]	3508424f ori    $t0,$t0,0x424f
1516 Reg write t0=ffff98000000424f
1517 PC=0x98000000405fe03c [00000000405fe03c]	00084438 dsll   $t0,$t0,16
1517 Reg write t0=98000000424f0000
1518 icache  00084438 load  miss refill   pol=3 VA=98000000405fe040 PA=0405fe040 line=02 hitv=00000000 ro=34567012 tag=000000 V=00000111 L=00000000
1518 PC=0x98000000405fe040 [00000000405fe040]	3508c58a ori    $t0,$t0,0xc58a
1518 Reg write t0=98000000424fc58a
1519 PC=0x98000000405fe044 [00000000405fe044]	a51639a4 sh     $s6,0x39a4($t0)
[va=98000000424fff2e pa=00000000424fff2e]
1519 dcache  a51639a4 store miss w/alloc  pol=3 VA=98000000424fff2e PA=0424fff28 line=79 hitv=00000000 ro=56703124 tag=000000 V=00011111 W=00000000 L=00000000
1519 scache  a51639a4 store miss w/alloc  pol=3 VA=98000000424fff2e PA=0424fff28 line=ff9 hitv=0000 ro=3120 tag=00000 V=1111 W=1111 data=000000000000a20c mask=00000011
1519 dmemacc: store 8 addr=0414fff20 data=92a402a8c0f9a0d6 mask=11111111 cline 
1519 dmemacc: store 8 addr=0414fff28 data=ffffffffffffffff mask=11111111 cline 
1519 dmemacc: store 8 addr=0414fff30 data=b7a0fa6966be255c mask=11111111 cline 
1519 dmemacc: store 8 addr=0414fff38 data=7e5deb3a9c05a4cc mask=11111111 cline 
1520 PC=0x98000000405fe048 [00000000405fe048]	3c149800 lui    $s4,0x9800
1520 Reg write s4=ffffffff98000000
1521 PC=0x98000000405fe04c [00000000405fe04c]	0014a438 dsll   $s4,$s4,16
1521 Reg write s4=ffff980000000000
1522 icache  0014a438 load  hit           pol=3 VA=98000000405fe050 PA=0405fe050 line=02 hitv=00001000 ro=45670123 tag=0405fe V=00001111 L=00000000
1522 PC=0x98000000405fe050 [00000000405fe050]	3694511f ori    $s4,$s4,0x511f
1522 Reg write s4=ffff98000000511f
1523 PC=0x98000000405fe054 [00000000405fe054]	0014a438 dsll   $s4,$s4,16
1523 Reg write s4=98000000511f0000
1524 PC=0x98000000405fe058 [00000000405fe058]	3694ef51 ori    $s4,$s4,0xef51
1524 Reg write s4=98000000511fef51
1525 PC=0x98000000405fe05c [00000000405fe05c]	8688125f lh     $t0,0x125f($s4)
[va=98000000512001b0 pa=00000000512001b0]
1525 dcache  8688125f load  hit           pol=3 VA=98000000512001b0 PA=0512001b0 line=0d hitv=00010000 ro=70123456 tag=051200 V=01111111 W=00000000 L=00000000
1525 Reg write t0=000000000000539d
1526 icache  8688125f load  miss refill   pol=3 VA=98000000405fe060 PA=0405fe060 line=03 hitv=00000000 ro=34567012 tag=000000 V=00000111 L=00000000
1526 PC=0x98000000405fe060 [00000000405fe060]	3c029800 lui    $v0,0x9800
1526 Reg write v0=ffffffff98000000
1527 PC=0x98000000405fe064 [00000000405fe064]	00021438 dsll   $v0,$v0,16
1527 Reg write v0=ffff980000000000
1528 PC=0x98000000405fe068 [00000000405fe068]	3442421f ori    $v0,$v0,0x421f
1528 Reg write v0=ffff98000000421f
1529 PC=0x98000000405fe06c [00000000405fe06c]	00021438 dsll   $v0,$v0,16
1529 Reg write v0=98000000421f0000
1530 icache  00021438 load  hit           pol=3 VA=98000000405fe070 PA=0405fe070 line=03 hitv=00001000 ro=45670123 tag=0405fe V=00001111 L=00000000
1530 PC=0x98000000405fe070 [00000000405fe070]	344281b3 ori    $v0,$v0,0x81b3
1530 Reg write v0=98000000421f81b3
1531 PC=0x98000000405fe074 [00000000405fe074]	94487d7b lhu    $t0,0x7d7b($v0)
[va=98000000421fff2e pa=00000000421fff2e]
1531 dcache  94487d7b load  hit           pol=3 VA=98000000421fff2e PA=0421fff28 line=79 hitv=00000010 ro=67031245 tag=0421ff V=00111111 W=00000000 L=00000000
1531 Reg write t0=000000000000b764
1532 PC=0x98000000405fe078 [00000000405fe078]	3c119800 lui    $s1,0x9800
1532 Reg write s1=ffffffff98000000
1533 PC=0x98000000405fe07c [00000000405fe07c]	00118c38 dsll   $s1,$s1,16
1533 Reg write s1=ffff980000000000
1534 icache  00118c38 load  miss refill   pol=3 VA=98000000405fe080 PA=0405fe080 line=04 hitv=00000000 ro=34567012 tag=000000 V=00000111 L=00000000
1534 PC=0x98000000405fe080 [00000000405fe080]	36314028 ori    $s1,$s1,0x4028
1534 Reg write s1=ffff980000004028
1535 PC=0x98000000405fe084 [00000000405fe084]	00118c38 dsll   $s1,$s1,16
1535 Reg write s1=9800000040280000
1536 PC=0x98000000405fe088 [00000000405fe088]	36314640 ori    $s1,$s1,0x4640
1536 Reg write s1=9800000040284640
1537 PC=0x98000000405fe08c [00000000405fe08c]	a22fb8da sb     $t7,0xffffb8da($s1)
[va=980000004027ff1a pa=000000004027ff1a]
1537 dcache  a22fb8da store miss w/alloc  pol=3 VA=980000004027ff1a PA=04027ff18 line=78 hitv=00000000 ro=72301546 tag=000000 V=01111111 W=00000000 L=00000000
1537 scache  a22fb8da store miss w/alloc  pol=3 VA=980000004027ff1a PA=04027ff18 line=ff8 hitv=0000 ro=1203 tag=00000 V=1111 W=0011 data=0000ff0000000000 mask=00100000
1537 dmemacc: store 8 addr=0414fff00 data=0000000000000000 mask=11111111 cline 
1537 dmemacc: store 8 addr=0414fff08 data=ff00000000000000 mask=11111111 cline 
1537 dmemacc: store 8 addr=0414fff10 data=cfa77f06aa7c183b mask=11111111 cline 
1537 dmemacc: store 8 addr=0414fff18 data=1c532598a742a28c mask=11111111 cline 
1538 icache  a22fb8da load  hit           pol=3 VA=98000000405fe090 PA=0405fe090 line=04 hitv=00001000 ro=45670123 tag=0405fe V=00001111 L=00000000
1538 PC=0x98000000405fe090 [00000000405fe090]	3c079800 lui    $a3,0x9800
1538 Reg write a3=ffffffff98000000
1539 PC=0x98000000405fe094 [00000000405fe094]	00073c38 dsll   $a3,$a3,16
1539 Reg write a3=ffff980000000000
1540 PC=0x98000000405fe098 [00000000405fe098]	34e741af ori    $a3,$a3,0x41af
1540 Reg write a3=ffff9800000041af
1541 PC=0x98000000405fe09c [00000000405fe09c]	00073c38 dsll   $a3,$a3,16
1541 Reg write a3=9800000041af0000
1542 icache  00073c38 load  miss refill   pol=3 VA=98000000405fe0a0 PA=0405fe0a0 line=05 hitv=00000000 ro=34567012 tag=000000 V=00000111 L=00000000
1542 PC=0x98000000405fe0a0 [00000000405fe0a0]	34e78efb ori    $a3,$a3,0x8efb
1542 Reg write a3=9800000041af8efb
1543 PC=0x98000000405fe0a4 [00000000405fe0a4]	dce27115 ld     $v0,0x7115($a3)
[va=9800000041b00010 pa=0000000041b00010]
1543 dcache  dce27115 load  hit           pol=3 VA=9800000041b00010 PA=041b00010 line=00 hitv=00010000 ro=27034561 tag=041b00 V=11111111 W=00000000 L=00000000
1543 Reg write v0=b90405ea2d9a6fd1
1544 PC=0x98000000405fe0a8 [00000000405fe0a8]	3c199800 lui    $t9,0x9800
1544 Reg write t9=ffffffff98000000
1545 PC=0x98000000405fe0ac [00000000405fe0ac]	0019cc38 dsll   $t9,$t9,16
1545 Reg write t9=ffff980000000000
1546 icache  0019cc38 load  hit           pol=3 VA=98000000405fe0b0 PA=0405fe0b0 line=05 hitv=00001000 ro=45670123 tag=0405fe V=00001111 L=00000000
1546 PC=0x98000000405fe0b0 [00000000405fe0b0]	37395120 ori    $t9,$t9,0x5120
1546 Reg write t9=ffff980000005120
1547 PC=0x98000000405fe0b4 [00000000405fe0b4]	0019cc38 dsll   $t9,$t9,16
1547 Reg write t9=9800000051200000
1548 PC=0x98000000405fe0b8 [00000000405fe0b8]	373920a5 ori    $t9,$t9,0x20a5
1548 Reg write t9=98000000512020a5
1549 PC=0x98000000405fe0bc [00000000405fe0bc]	8322e0e3 lb     $v0,0xffffe0e3($t9)
[va=9800000051200188 pa=0000000051200188]
1549 dcache  8322e0e3 load  miss refill   pol=3 VA=9800000051200188 PA=051200188 line=0c hitv=00000000 ro=67034152 tag=000000 V=00111111 W=00000000 L=00000000
1549 scache  8322e0e3 load  miss refill   pol=3 VA=9800000051200188 PA=051200180 line=00c hitv=0000 ro=2130 tag=00000 V=1111 W=0111
1549 dmemacc: store 8 addr=058800180 data=98000000587fff80 mask=11111111 cline 
1549 dmemacc: store 8 addr=058800188 data=32eadc44c66a1073 mask=11111111 cline 
1549 dmemacc: store 8 addr=058800190 data=7fffffffffffffff mask=11111111 cline 
1549 dmemacc: store 8 addr=058800198 data=7d7eda45f3b4a416 mask=11111111 cline 
1549 Reg write v0=0000000000000000
1550 icache  8322e0e3 load  miss refill   pol=3 VA=98000000405fe0c0 PA=0405fe0c0 line=06 hitv=00000000 ro=34567012 tag=000000 V=00000111 L=00000000
1550 PC=0x98000000405fe0c0 [00000000405fe0c0]	3c049800 lui    $a0,0x9800
1550 Reg write a0=ffffffff98000000
1551 PC=0x98000000405fe0c4 [00000000405fe0c4]	00042438 dsll   $a0,$a0,16
1551 Reg write a0=ffff980000000000
1552 PC=0x98000000405fe0c8 [00000000405fe0c8]	34844d1f ori    $a0,$a0,0x4d1f
1552 Reg write a0=ffff980000004d1f
1553 PC=0x98000000405fe0cc [00000000405fe0cc]	00042438 dsll   $a0,$a0,16
1553 Reg write a0=980000004d1f0000
1554 icache  00042438 load  hit           pol=3 VA=98000000405fe0d0 PA=0405fe0d0 line=06 hitv=00001000 ro=45670123 tag=0405fe V=00001111 L=00000000
1554 PC=0x98000000405fe0d0 [00000000405fe0d0]	3484ff70 ori    $a0,$a0,0xff70
1554 Reg write a0=980000004d1fff70
1555 PC=0x98000000405fe0d4 [00000000405fe0d4]	3c059800 lui    $a1,0x9800
1555 Reg write a1=ffffffff98000000
1556 PC=0x98000000405fe0d8 [00000000405fe0d8]	00052c38 dsll   $a1,$a1,16
1556 Reg write a1=ffff980000000000
1557 PC=0x98000000405fe0dc [00000000405fe0dc]	34a5524f ori    $a1,$a1,0x524f
1557 Reg write a1=ffff98000000524f
1558 icache  34a5524f load  miss refill   pol=3 VA=98000000405fe0e0 PA=0405fe0e0 line=07 hitv=00000000 ro=23456701 tag=000000 V=00000011 L=00000000
1558 PC=0x98000000405fe0e0 [00000000405fe0e0]	00052c38 dsll   $a1,$a1,16
1558 Reg write a1=98000000524f0000
1559 PC=0x98000000405fe0e4 [00000000405fe0e4]	34a5ff40 ori    $a1,$a1,0xff40
1559 Reg write a1=98000000524fff40
1560 PC=0x98000000405fe0e8 [00000000405fe0e8]	24060005 addiu  $a2,$r0,0x5
1560 Reg write a2=0000000000000005
1561 PC=0x98000000405fe0ec [00000000405fe0ec]	fc8affd0 sd     $t2,0xffffffd0($a0)
[va=980000004d1fff40 pa=000000004d1fff40]
1561 dcache  fc8affd0 store miss w/alloc  pol=3 VA=980000004d1fff40 PA=04d1fff40 line=7a hitv=00000000 ro=71304256 tag=000000 V=01111111 W=00000000 L=00000000
1561 scache  fc8affd0 store miss w/alloc  pol=3 VA=980000004d1fff40 PA=04d1fff40 line=ffa hitv=0000 ro=0213 tag=00000 V=1111 W=0110 data=98000000518054c2 mask=11111111
1562 icache  fc8affd0 load  hit           pol=3 VA=98000000405fe0f0 PA=0405fe0f0 line=07 hitv=00000100 ro=34567012 tag=0405fe V=00000111 L=00000000
1562 PC=0x98000000405fe0f0 [00000000405fe0f0]	fc880000 sd     $t0,0x0($a0)
[va=980000004d1fff70 pa=000000004d1fff70]
1562 dcache  fc880000 store miss w/alloc  pol=3 VA=980000004d1fff70 PA=04d1fff70 line=7b hitv=00000000 ro=35164702 tag=000000 V=11111111 W=00000000 L=00000000
1562 scache  fc880000 store miss w/alloc  pol=3 VA=980000004d1fff70 PA=04d1fff70 line=ffb hitv=0000 ro=2031 tag=00000 V=1111 W=0111 data=000000000000b764 mask=11111111
1562 dmemacc: store 8 addr=0416fff60 data=77d07456985899c8 mask=11111111 cline 
1562 dmemacc: store 8 addr=0416fff68 data=65619b9191bcb7b2 mask=11111111 cline 
1562 dmemacc: store 8 addr=0416fff70 data=329b1e9df1234afd mask=11111111 cline 
1562 dmemacc: store 8 addr=0416fff78 data=e8a0f505c10aa3d9 mask=11111111 cline 
1563 PC=0x98000000405fe0f4 [00000000405fe0f4]	dca90038 ld     $t1,0x38($a1)
[va=98000000524fff78 pa=00000000524fff78]
1563 dcache  dca90038 load  miss refill   pol=3 VA=98000000524fff78 PA=0524fff78 line=7b hitv=00000000 ro=51647023 tag=000000 V=11111111 W=00000000 L=00000000
1563 scache  dca90038 load  miss refill   pol=3 VA=98000000524fff78 PA=0524fff60 line=ffb hitv=0000 ro=0312 tag=00000 V=1111 W=0111
1563 dmemacc: store 8 addr=0451fff60 data=3c9a99f6d3bf8d63 mask=11111111 cline 
1563 dmemacc: store 8 addr=0451fff68 data=9800000051b0012c mask=11111111 cline 
1563 dmemacc: store 8 addr=0451fff70 data=35f95dcf4a9115e2 mask=11111111 cline 
1563 dmemacc: store 8 addr=0451fff78 data=c0e09fe2ef26a59e mask=11111111 cline 
1563 Reg write t1=78587a69d0b98c9c
1564 PC=0x98000000405fe0f8 [00000000405fe0f8]	dca80000 ld     $t0,0x0($a1)
[va=98000000524fff40 pa=00000000524fff40]
1564 dcache  dca80000 load  miss refill   pol=3 VA=98000000524fff40 PA=0524fff40 line=7a hitv=00000000 ro=13042567 tag=000000 V=11111111 W=00000000 L=00000000
1564 scache  dca80000 load  miss refill   pol=3 VA=98000000524fff40 PA=0524fff40 line=ffa hitv=0000 ro=2130 tag=00000 V=1111 W=0111
1564 dmemacc: store 8 addr=0585fff40 data=ffffffffffffffff mask=11111111 cline 
1564 dmemacc: store 8 addr=0585fff48 data=9800000041706d5c mask=11111111 cline 
1564 dmemacc: store 8 addr=0585fff50 data=a66a1863d5df028b mask=11111111 cline 
1564 dmemacc: store 8 addr=0585fff58 data=0000000000000001 mask=11111111 cline 
1564 Reg write t0=cfe0bd4456e57610
1565 PC=0x98000000405fe0fc [00000000405fe0fc]	fc88fff0 sd     $t0,0xfffffff0($a0)
[va=980000004d1fff60 pa=000000004d1fff60]
1565 dcache  fc88fff0 store hit           pol=3 VA=980000004d1fff60 PA=04d1fff60 line=7b hitv=00001000 ro=16470235 tag=04d1ff V=11111111 W=00000000 L=00000000
1565 scache  fc88fff0 store hit           pol=3 VA=980000004d1fff60 PA=04d1fff60 line=ffb hitv=0100 ro=3120 tag=0268f V=1111 W=0110 data=cfe0bd4456e57610 mask=11111111
1566 icache  fc88fff0 load  miss refill   pol=3 VA=98000000405fe100 PA=0405fe100 line=08 hitv=00000000 ro=23456701 tag=000000 V=00000011 L=00000000
1566 PC=0x98000000405fe100 [00000000405fe100]	fc89fff8 sd     $t1,0xfffffff8($a0)
[va=980000004d1fff68 pa=000000004d1fff68]
1566 dcache  fc89fff8 store hit           pol=3 VA=980000004d1fff68 PA=04d1fff68 line=7b hitv=00001000 ro=16470253 tag=04d1ff V=11111111 W=00000000 L=00000000
1566 scache  fc89fff8 store hit           pol=3 VA=980000004d1fff68 PA=04d1fff68 line=ffb hitv=0100 ro=3102 tag=0268f V=1111 W=0110 data=78587a69d0b98c9c mask=11111111
1567 PC=0x98000000405fe104 [00000000405fe104]	64a50040 daddiu $a1,$a1,0x40
1567 Reg write a1=98000000524fff80
1568 PC=0x98000000405fe108 [00000000405fe108]	64840040 daddiu $a0,$a0,0x40
1568 Reg write a0=980000004d1fffb0
1569 PC=0x98000000405fe10c [00000000405fe10c]	dcab0018 ld     $t3,0x18($a1)
[va=98000000524fff98 pa=00000000524fff98]
1569 dcache  dcab0018 load  miss refill   pol=3 VA=98000000524fff98 PA=0524fff98 line=7c hitv=00000000 ro=57142306 tag=000000 V=11111111 W=00000000 L=00000000
1569 scache  dcab0018 load  miss refill   pol=3 VA=98000000524fff98 PA=0524fff80 line=ffc hitv=0000 ro=3201 tag=00000 V=1111 W=1110
1569 dmemacc: store 8 addr=0504fff80 data=f199c2d5414feac0 mask=11111111 cline 
1569 dmemacc: store 8 addr=0504fff88 data=8000000000000000 mask=11111111 cline 
1569 dmemacc: store 8 addr=0504fff90 data=0000000000000001 mask=11111111 cline 
1569 dmemacc: store 8 addr=0504fff98 data=4800779602b20cc2 mask=11111111 cline 
1569 Reg write t3=cdb21076e4dab401
1570 icache  dcab0018 load  hit           pol=3 VA=98000000405fe110 PA=0405fe110 line=08 hitv=00000100 ro=34567012 tag=0405fe V=00000111 L=00000000
1570 PC=0x98000000405fe110 [00000000405fe110]	dca90008 ld     $t1,0x8($a1)
[va=98000000524fff88 pa=00000000524fff88]
1570 dcache  dca90008 load  hit           pol=3 VA=98000000524fff88 PA=0524fff88 line=7c hitv=00100000 ro=71423065 tag=0524ff V=11111111 W=00000000 L=00000000
1570 Reg write t1=2b43211c6ebed0cc
1571 PC=0x98000000405fe114 [00000000405fe114]	dcaa0010 ld     $t2,0x10($a1)
[va=98000000524fff90 pa=00000000524fff90]
1571 dcache  dcaa0010 load  hit           pol=3 VA=98000000524fff90 PA=0524fff90 line=7c hitv=00100000 ro=71423065 tag=0524ff V=11111111 W=00000000 L=00000000
1571 Reg write t2=a5e8b24df1005631
1572 PC=0x98000000405fe118 [00000000405fe118]	dcac0020 ld     $t4,0x20($a1)
[va=98000000524fffa0 pa=00000000524fffa0]
1572 dcache  dcac0020 load  miss refill   pol=3 VA=98000000524fffa0 PA=0524fffa0 line=7d hitv=00000000 ro=50123467 tag=000000 V=11111111 W=00000000 L=00000000
1572 scache  dcac0020 load  miss refill   pol=3 VA=98000000524fffa0 PA=0524fffa0 line=ffd hitv=0000 ro=3102 tag=00000 V=1111 W=0100
1572 Reg write t4=006dffaf06cd1e9c
1573 PC=0x98000000405fe11c [00000000405fe11c]	fc8fffe8 sd     $t7,0xffffffe8($a0)
[va=980000004d1fff98 pa=000000004d1fff98]
1573 dcache  fc8fffe8 store miss w/alloc  pol=3 VA=980000004d1fff98 PA=04d1fff98 line=7c hitv=00000000 ro=71423065 tag=000000 V=11111111 W=00000000 L=00000000
1573 scache  fc8fffe8 store miss w/alloc  pol=3 VA=980000004d1fff98 PA=04d1fff98 line=ffc hitv=0000 ro=2013 tag=00000 V=1111 W=0110 data=98000000515fb3ff mask=11111111
1573 dmemacc: store 8 addr=04aafff80 data=ad9080dec95ec0b6 mask=11111111 cline 
1573 dmemacc: store 8 addr=04aafff88 data=78e49942b61bb8db mask=11111111 cline 
1573 dmemacc: store 8 addr=04aafff90 data=00000000000000b6 mask=11111111 cline 
1573 dmemacc: store 8 addr=04aafff98 data=1c71c71c71c71c71 mask=11111111 cline 
1574 icache  fc8fffe8 load  miss refill   pol=3 VA=98000000405fe120 PA=0405fe120 line=09 hitv=00000000 ro=23456701 tag=000000 V=00000011 L=00000000
1574 PC=0x98000000405fe120 [00000000405fe120]	fc8cffe0 sd     $t4,0xffffffe0($a0)
[va=980000004d1fff90 pa=000000004d1fff90]
1574 dcache  fc8cffe0 store hit           pol=3 VA=980000004d1fff90 PA=04d1fff90 line=7c hitv=10000000 ro=14230657 tag=04d1ff V=11111111 W=00000000 L=00000000
1574 scache  fc8cffe0 store hit           pol=3 VA=980000004d1fff90 PA=04d1fff90 line=ffc hitv=0100 ro=0132 tag=0268f V=1111 W=0110 data=006dffaf06cd1e9c mask=11111111
1575 PC=0x98000000405fe124 [00000000405fe124]	dca80030 ld     $t0,0x30($a1)
[va=98000000524fffb0 pa=00000000524fffb0]
1575 dcache  dca80030 load  hit           pol=3 VA=98000000524fffb0 PA=0524fffb0 line=7d hitv=00100000 ro=01234675 tag=0524ff V=11111111 W=00000000 L=00000000
1575 Reg write t0=ffffffffc0000000
1576 PC=0x98000000405fe128 [00000000405fe128]	fc8bffd8 sd     $t3,0xffffffd8($a0)
[va=980000004d1fff88 pa=000000004d1fff88]
1576 dcache  fc8bffd8 store hit           pol=3 VA=980000004d1fff88 PA=04d1fff88 line=7c hitv=10000000 ro=14230657 tag=04d1ff V=11111111 W=00000000 L=00000000
1576 scache  fc8bffd8 store hit           pol=3 VA=980000004d1fff88 PA=04d1fff88 line=ffc hitv=0100 ro=0132 tag=0268f V=1111 W=0110 data=cdb21076e4dab401 mask=11111111
1577 PC=0x98000000405fe12c [00000000405fe12c]	64c6ffff daddiu $a2,$a2,0xffff
1577 Reg write a2=0000000000000004
1578 icache  64c6ffff load  hit           pol=3 VA=98000000405fe130 PA=0405fe130 line=09 hitv=00000100 ro=34567012 tag=0405fe V=00000111 L=00000000
1578 PC=0x98000000405fe130 [00000000405fe130]	dcaf0028 ld     $t7,0x28($a1)
[va=98000000524fffa8 pa=00000000524fffa8]
1578 dcache  dcaf0028 load  hit           pol=3 VA=98000000524fffa8 PA=0524fffa8 line=7d hitv=00100000 ro=01234675 tag=0524ff V=11111111 W=00000000 L=00000000
1578 Reg write t7=aaaaaaaaaaaaaaaa
1579 PC=0x98000000405fe134 [00000000405fe134]	14c0ffed bne    $a2,$r0,0x98000000405fe0ec
1580 PC=0x98000000405fe138 [00000000405fe138]	fc890008 sd     $t1,0x8($a0)
[va=980000004d1fffb8 pa=000000004d1fffb8]
1580 dcache  fc890008 store miss w/alloc  pol=3 VA=980000004d1fffb8 PA=04d1fffb8 line=7d hitv=00000000 ro=01234675 tag=000000 V=11111111 W=00000000 L=00000000
1580 scache  fc890008 store miss w/alloc  pol=3 VA=980000004d1fffb8 PA=04d1fffb8 line=ffd hitv=0000 ro=1023 tag=00000 V=1111 W=0100 data=2b43211c6ebed0cc mask=11111111
1581 icache  fc890008 load  hit           pol=3 VA=98000000405fe0ec PA=0405fe0e0 line=07 hitv=00000100 ro=34567012 tag=0405fe V=00000111 L=00000000
1581 PC=0x98000000405fe0ec [00000000405fe0ec]	fc8affd0 sd     $t2,0xffffffd0($a0)
[va=980000004d1fff80 pa=000000004d1fff80]
1581 dcache  fc8affd0 store hit           pol=3 VA=980000004d1fff80 PA=04d1fff80 line=7c hitv=10000000 ro=14230657 tag=04d1ff V=11111111 W=00000000 L=00000000
1581 scache  fc8affd0 store hit           pol=3 VA=980000004d1fff80 PA=04d1fff80 line=ffc hitv=0100 ro=0132 tag=0268f V=1111 W=0110 data=a5e8b24df1005631 mask=11111111
1582 icache  fc8affd0 load  hit           pol=3 VA=98000000405fe0f0 PA=0405fe0f0 line=07 hitv=00000100 ro=34567012 tag=0405fe V=00000111 L=00000000
1582 PC=0x98000000405fe0f0 [00000000405fe0f0]	fc880000 sd     $t0,0x0($a0)
[va=980000004d1fffb0 pa=000000004d1fffb0]
1582 dcache  fc880000 store hit           pol=3 VA=980000004d1fffb0 PA=04d1fffb0 line=7d hitv=00000001 ro=12346750 tag=04d1ff V=11111111 W=00000000 L=00000000
1582 scache  fc880000 store hit           pol=3 VA=980000004d1fffb0 PA=04d1fffb0 line=ffd hitv=0010 ro=0231 tag=0268f V=1111 W=0110 data=ffffffffc0000000 mask=11111111
1583 PC=0x98000000405fe0f4 [00000000405fe0f4]	dca90038 ld     $t1,0x38($a1)
[va=98000000524fffb8 pa=00000000524fffb8]
1583 dcache  dca90038 load  hit           pol=3 VA=98000000524fffb8 PA=0524fffb8 line=7d hitv=00100000 ro=12346750 tag=0524ff V=11111111 W=00000000 L=00000000
1583 Reg write t1=8e38e38e38e38e38
1584 PC=0x98000000405fe0f8 [00000000405fe0f8]	dca80000 ld     $t0,0x0($a1)
[va=98000000524fff80 pa=00000000524fff80]
1584 dcache  dca80000 load  hit           pol=3 VA=98000000524fff80 PA=0524fff80 line=7c hitv=00100000 ro=14230657 tag=0524ff V=11111111 W=00000000 L=00000000
1584 Reg write t0=1843c36657384879
1585 PC=0x98000000405fe0fc [00000000405fe0fc]	fc88fff0 sd     $t0,0xfffffff0($a0)
[va=980000004d1fffa0 pa=000000004d1fffa0]
1585 dcache  fc88fff0 store hit           pol=3 VA=980000004d1fffa0 PA=04d1fffa0 line=7d hitv=00000001 ro=12346705 tag=04d1ff V=11111111 W=00000000 L=00000000
1585 scache  fc88fff0 store hit           pol=3 VA=980000004d1fffa0 PA=04d1fffa0 line=ffd hitv=0010 ro=0231 tag=0268f V=1111 W=0110 data=1843c36657384879 mask=11111111
1586 icache  fc88fff0 load  hit           pol=3 VA=98000000405fe100 PA=0405fe100 line=08 hitv=00000100 ro=34567012 tag=0405fe V=00000111 L=00000000
1586 PC=0x98000000405fe100 [00000000405fe100]	fc89fff8 sd     $t1,0xfffffff8($a0)
[va=980000004d1fffa8 pa=000000004d1fffa8]
1586 dcache  fc89fff8 store hit           pol=3 VA=980000004d1fffa8 PA=04d1fffa8 line=7d hitv=00000001 ro=12346750 tag=04d1ff V=11111111 W=00000000 L=00000000
1586 scache  fc89fff8 store hit           pol=3 VA=980000004d1fffa8 PA=04d1fffa8 line=ffd hitv=0010 ro=0231 tag=0268f V=1111 W=0110 data=8e38e38e38e38e38 mask=11111111
1587 PC=0x98000000405fe104 [00000000405fe104]	64a50040 daddiu $a1,$a1,0x40
1587 Reg write a1=98000000524fffc0
1588 PC=0x98000000405fe108 [00000000405fe108]	64840040 daddiu $a0,$a0,0x40
1588 Reg write a0=980000004d1ffff0
1589 PC=0x98000000405fe10c [00000000405fe10c]	dcab0018 ld     $t3,0x18($a1)
[va=98000000524fffd8 pa=00000000524fffd8]
1589 dcache  dcab0018 load  miss refill   pol=3 VA=98000000524fffd8 PA=0524fffd8 line=7e hitv=00000000 ro=47012356 tag=000000 V=11111111 W=00000000 L=00000000
1589 scache  dcab0018 load  miss refill   pol=3 VA=98000000524fffd8 PA=0524fffc0 line=ffe hitv=0000 ro=0312 tag=00000 V=1111 W=0010
1589 Reg write t3=9175bb9c7184358d
1590 icache  dcab0018 load  hit           pol=3 VA=98000000405fe110 PA=0405fe110 line=08 hitv=00000100 ro=34567012 tag=0405fe V=00000111 L=00000000
1590 PC=0x98000000405fe110 [00000000405fe110]	dca90008 ld     $t1,0x8($a1)
[va=98000000524fffc8 pa=00000000524fffc8]
1590 dcache  dca90008 load  hit           pol=3 VA=98000000524fffc8 PA=0524fffc8 line=7e hitv=00010000 ro=70123564 tag=0524ff V=11111111 W=00000000 L=00000000
1590 Reg write t1=8e38e38e38e38e38
1591 PC=0x98000000405fe114 [00000000405fe114]	dcaa0010 ld     $t2,0x10($a1)
[va=98000000524fffd0 pa=00000000524fffd0]
1591 dcache  dcaa0010 load  hit           pol=3 VA=98000000524fffd0 PA=0524fffd0 line=7e hitv=00010000 ro=70123564 tag=0524ff V=11111111 W=00000000 L=00000000
1591 Reg write t2=bf42ba3dcc569f50
1592 PC=0x98000000405fe118 [00000000405fe118]	dcac0020 ld     $t4,0x20($a1)
[va=98000000524fffe0 pa=00000000524fffe0]
1592 dcache  dcac0020 load  miss refill   pol=3 VA=98000000524fffe0 PA=0524fffe0 line=7f hitv=00000000 ro=35647012 tag=000000 V=11111111 W=00000000 L=00000000
1592 scache  dcac0020 load  miss refill   pol=3 VA=98000000524fffe0 PA=0524fffe0 line=fff hitv=0000 ro=3120 tag=00000 V=1111 W=1000
1592 dmemacc: store 8 addr=04aafffe0 data=7de580a96ea10e01 mask=11111111 cline 
1592 dmemacc: store 8 addr=04aafffe8 data=5a9bc11c5bc80151 mask=11111111 cline 
1592 dmemacc: store 8 addr=04aaffff0 data=9800000057b00000 mask=11111111 cline 
1592 dmemacc: store 8 addr=04aaffff8 data=d9ed995e0a4a3770 mask=11111111 cline 
1592 Reg write t4=f4d7e5bc02bc0c37
1593 PC=0x98000000405fe11c [00000000405fe11c]	fc8fffe8 sd     $t7,0xffffffe8($a0)
[va=980000004d1fffd8 pa=000000004d1fffd8]
1593 dcache  fc8fffe8 store miss w/alloc  pol=3 VA=980000004d1fffd8 PA=04d1fffd8 line=7e hitv=00000000 ro=70123564 tag=000000 V=11111111 W=00000000 L=00000000
1593 scache  fc8fffe8 store miss w/alloc  pol=3 VA=980000004d1fffd8 PA=04d1fffd8 line=ffe hitv=0000 ro=3120 tag=00000 V=1111 W=0010 data=aaaaaaaaaaaaaaaa mask=11111111
1594 icache  fc8fffe8 load  hit           pol=3 VA=98000000405fe120 PA=0405fe120 line=09 hitv=00000100 ro=34567012 tag=0405fe V=00000111 L=00000000
1594 PC=0x98000000405fe120 [00000000405fe120]	fc8cffe0 sd     $t4,0xffffffe0($a0)
[va=980000004d1fffd0 pa=000000004d1fffd0]
1594 dcache  fc8cffe0 store hit           pol=3 VA=980000004d1fffd0 PA=04d1fffd0 line=7e hitv=10000000 ro=01235647 tag=04d1ff V=11111111 W=00000000 L=00000000
1594 scache  fc8cffe0 store hit           pol=3 VA=980000004d1fffd0 PA=04d1fffd0 line=ffe hitv=1000 ro=1203 tag=0268f V=1111 W=1010 data=f4d7e5bc02bc0c37 mask=11111111
1595 PC=0x98000000405fe124 [00000000405fe124]	dca80030 ld     $t0,0x30($a1)
[va=98000000524ffff0 pa=00000000524ffff0]
1595 dcache  dca80030 load  hit           pol=3 VA=98000000524ffff0 PA=0524ffff0 line=7f hitv=00001000 ro=56470123 tag=0524ff V=11111111 W=00000000 L=00000000
1595 Reg write t0=d3ece21146243854
1596 PC=0x98000000405fe128 [00000000405fe128]	fc8bffd8 sd     $t3,0xffffffd8($a0)
[va=980000004d1fffc8 pa=000000004d1fffc8]
1596 dcache  fc8bffd8 store hit           pol=3 VA=980000004d1fffc8 PA=04d1fffc8 line=7e hitv=10000000 ro=01235647 tag=04d1ff V=11111111 W=00000000 L=00000000
1596 scache  fc8bffd8 store hit           pol=3 VA=980000004d1fffc8 PA=04d1fffc8 line=ffe hitv=1000 ro=1203 tag=0268f V=1111 W=1010 data=9175bb9c7184358d mask=11111111
1597 PC=0x98000000405fe12c [00000000405fe12c]	64c6ffff daddiu $a2,$a2,0xffff
1597 Reg write a2=0000000000000003
1598 icache  64c6ffff load  hit           pol=3 VA=98000000405fe130 PA=0405fe130 line=09 hitv=00000100 ro=34567012 tag=0405fe V=00000111 L=00000000
1598 PC=0x98000000405fe130 [00000000405fe130]	dcaf0028 ld     $t7,0x28($a1)
[va=98000000524fffe8 pa=00000000524fffe8]
1598 dcache  dcaf0028 load  hit           pol=3 VA=98000000524fffe8 PA=0524fffe8 line=7f hitv=00001000 ro=56470123 tag=0524ff V=11111111 W=00000000 L=00000000
1598 Reg write t7=f43d186898e6a1bb
1599 PC=0x98000000405fe134 [00000000405fe134]	14c0ffed bne    $a2,$r0,0x98000000405fe0ec
1600 PC=0x98000000405fe138 [00000000405fe138]	fc890008 sd     $t1,0x8($a0)
[va=980000004d1ffff8 pa=000000004d1ffff8]
1600 dcache  fc890008 store miss w/alloc  pol=3 VA=980000004d1ffff8 PA=04d1ffff8 line=7f hitv=00000000 ro=56470123 tag=000000 V=11111111 W=00000000 L=00000000
1600 scache  fc890008 store miss w/alloc  pol=3 VA=980000004d1ffff8 PA=04d1ffff8 line=fff hitv=0000 ro=1203 tag=00000 V=1111 W=0000 data=8e38e38e38e38e38 mask=11111111
1601 icache  fc890008 load  hit           pol=3 VA=98000000405fe0ec PA=0405fe0e0 line=07 hitv=00000100 ro=34567012 tag=0405fe V=00000111 L=00000000
1601 PC=0x98000000405fe0ec [00000000405fe0ec]	fc8affd0 sd     $t2,0xffffffd0($a0)
[va=980000004d1fffc0 pa=000000004d1fffc0]
1601 dcache  fc8affd0 store hit           pol=3 VA=980000004d1fffc0 PA=04d1fffc0 line=7e hitv=10000000 ro=01235647 tag=04d1ff V=11111111 W=00000000 L=00000000
1601 scache  fc8affd0 store hit           pol=3 VA=980000004d1fffc0 PA=04d1fffc0 line=ffe hitv=1000 ro=1203 tag=0268f V=1111 W=1010 data=bf42ba3dcc569f50 mask=11111111
1602 icache  fc8affd0 load  hit           pol=3 VA=98000000405fe0f0 PA=0405fe0f0 line=07 hitv=00000100 ro=34567012 tag=0405fe V=00000111 L=00000000
1602 PC=0x98000000405fe0f0 [00000000405fe0f0]	fc880000 sd     $t0,0x0($a0)
[va=980000004d1ffff0 pa=000000004d1ffff0]
1602 dcache  fc880000 store hit           pol=3 VA=980000004d1ffff0 PA=04d1ffff0 line=7f hitv=00100000 ro=64701235 tag=04d1ff V=11111111 W=00000000 L=00000000
1602 scache  fc880000 store hit           pol=3 VA=980000004d1ffff0 PA=04d1ffff0 line=fff hitv=0010 ro=2031 tag=0268f V=1111 W=0010 data=d3ece21146243854 mask=11111111
1603 PC=0x98000000405fe0f4 [00000000405fe0f4]	dca90038 ld     $t1,0x38($a1)
[va=98000000524ffff8 pa=00000000524ffff8]
1603 dcache  dca90038 load  hit           pol=3 VA=98000000524ffff8 PA=0524ffff8 line=7f hitv=00001000 ro=64701235 tag=0524ff V=11111111 W=00000000 L=00000000
1603 Reg write t1=2ad109ba88a49505
1604 PC=0x98000000405fe0f8 [00000000405fe0f8]	dca80000 ld     $t0,0x0($a1)
[va=98000000524fffc0 pa=00000000524fffc0]
1604 dcache  dca80000 load  hit           pol=3 VA=98000000524fffc0 PA=0524fffc0 line=7e hitv=00010000 ro=01235647 tag=0524ff V=11111111 W=00000000 L=00000000
1604 Reg write t0=ac649e14500d0076
1605 PC=0x98000000405fe0fc [00000000405fe0fc]	fc88fff0 sd     $t0,0xfffffff0($a0)
[va=980000004d1fffe0 pa=000000004d1fffe0]
1605 dcache  fc88fff0 store hit           pol=3 VA=980000004d1fffe0 PA=04d1fffe0 line=7f hitv=00100000 ro=64701253 tag=04d1ff V=11111111 W=00000000 L=00000000
1605 scache  fc88fff0 store hit           pol=3 VA=980000004d1fffe0 PA=04d1fffe0 line=fff hitv=0010 ro=2031 tag=0268f V=1111 W=0010 data=ac649e14500d0076 mask=11111111
1606 icache  fc88fff0 load  hit           pol=3 VA=98000000405fe100 PA=0405fe100 line=08 hitv=00000100 ro=34567012 tag=0405fe V=00000111 L=00000000
1606 PC=0x98000000405fe100 [00000000405fe100]	fc89fff8 sd     $t1,0xfffffff8($a0)
[va=980000004d1fffe8 pa=000000004d1fffe8]
1606 dcache  fc89fff8 store hit           pol=3 VA=980000004d1fffe8 PA=04d1fffe8 line=7f hitv=00100000 ro=64701235 tag=04d1ff V=11111111 W=00000000 L=00000000
1606 scache  fc89fff8 store hit           pol=3 VA=980000004d1fffe8 PA=04d1fffe8 line=fff hitv=0010 ro=2031 tag=0268f V=1111 W=0010 data=2ad109ba88a49505 mask=11111111
1607 PC=0x98000000405fe104 [00000000405fe104]	64a50040 daddiu $a1,$a1,0x40
1607 Reg write a1=9800000052500000
1608 PC=0x98000000405fe108 [00000000405fe108]	64840040 daddiu $a0,$a0,0x40
1608 Reg write a0=980000004d200030
1609 PC=0x98000000405fe10c [00000000405fe10c]	dcab0018 ld     $t3,0x18($a1)
[va=9800000052500018 pa=0000000052500018]
1609 dcache  dcab0018 load  miss refill   pol=3 VA=9800000052500018 PA=052500018 line=00 hitv=00000000 ro=27035614 tag=000000 V=11111111 W=00000000 L=00000000
1609 scache  dcab0018 load  miss refill   pol=3 VA=9800000052500018 PA=052500000 line=000 hitv=0000 ro=1230 tag=00000 V=1111 W=0110
1609 dmemacc: store 8 addr=041b00000 data=1d67ccc6ad95d86d mask=11111111 cline 
1609 dmemacc: store 8 addr=041b00008 data=2fa959e9b05ce32d mask=11111111 cline 
1609 dmemacc: store 8 addr=041b00010 data=b90405ea2d9a6fd1 mask=11111111 cline 
1609 dmemacc: store 8 addr=041b00018 data=1849e281da908814 mask=11111111 cline 
1609 Reg write t3=8000000000000000
1610 icache  dcab0018 load  hit           pol=3 VA=98000000405fe110 PA=0405fe110 line=08 hitv=00000100 ro=34567012 tag=0405fe V=00000111 L=00000000
1610 PC=0x98000000405fe110 [00000000405fe110]	dca90008 ld     $t1,0x8($a1)
[va=9800000052500008 pa=0000000052500008]
1610 dcache  dca90008 load  hit           pol=3 VA=9800000052500008 PA=052500008 line=00 hitv=00000100 ro=70356142 tag=052500 V=11111111 W=00000000 L=00000000
1610 Reg write t1=ef6bcda12f998728
1611 PC=0x98000000405fe114 [00000000405fe114]	dcaa0010 ld     $t2,0x10($a1)
[va=9800000052500010 pa=0000000052500010]
1611 dcache  dcaa0010 load  hit           pol=3 VA=9800000052500010 PA=052500010 line=00 hitv=00000100 ro=70356142 tag=052500 V=11111111 W=00000000 L=00000000
1611 Reg write t2=43e66ae530fb3b16
1612 PC=0x98000000405fe118 [00000000405fe118]	dcac0020 ld     $t4,0x20($a1)
[va=9800000052500020 pa=0000000052500020]
1612 dcache  dcac0020 load  miss refill   pol=3 VA=9800000052500020 PA=052500020 line=01 hitv=00000000 ro=56701234 tag=000000 V=11111111 W=00000000 L=00000000
1612 scache  dcac0020 load  miss refill   pol=3 VA=9800000052500020 PA=052500020 line=001 hitv=0000 ro=1230 tag=00000 V=1111 W=1110
1612 dmemacc: store 8 addr=04ab00020 data=c499bea029569bc4 mask=11111111 cline 
1612 dmemacc: store 8 addr=04ab00028 data=11b235b37a9e65bb mask=11111111 cline 
1612 dmemacc: store 8 addr=04ab00030 data=98000000414fd01b mask=11111111 cline 
1612 dmemacc: store 8 addr=04ab00038 data=7fffffffffffffff mask=11111111 cline 
1612 Reg write t4=26d2afeea87db524
1613 PC=0x98000000405fe11c [00000000405fe11c]	fc8fffe8 sd     $t7,0xffffffe8($a0)
[va=980000004d200018 pa=000000004d200018]
1613 dcache  fc8fffe8 store miss w/alloc  pol=3 VA=980000004d200018 PA=04d200018 line=00 hitv=00000000 ro=70356142 tag=000000 V=11111111 W=00000000 L=00000000
1613 scache  fc8fffe8 store miss w/alloc  pol=3 VA=980000004d200018 PA=04d200018 line=000 hitv=0000 ro=2301 tag=00000 V=1111 W=0100 data=f43d186898e6a1bb mask=11111111
1613 dmemacc: store 8 addr=043800000 data=98000000504fff30 mask=11111111 cline 
1613 dmemacc: store 8 addr=043800008 data=3333333333333333 mask=11111111 cline 
1613 dmemacc: store 8 addr=043800010 data=f7582b33fad4eadd mask=11111111 cline 
1613 dmemacc: store 8 addr=043800018 data=3333333333333333 mask=11111111 cline 
1614 icache  fc8fffe8 load  hit           pol=3 VA=98000000405fe120 PA=0405fe120 line=09 hitv=00000100 ro=34567012 tag=0405fe V=00000111 L=00000000
1614 PC=0x98000000405fe120 [00000000405fe120]	fc8cffe0 sd     $t4,0xffffffe0($a0)
[va=980000004d200010 pa=000000004d200010]
1614 dcache  fc8cffe0 store hit           pol=3 VA=980000004d200010 PA=04d200010 line=00 hitv=10000000 ro=03561427 tag=04d200 V=11111111 W=00000000 L=00000000
1614 scache  fc8cffe0 store hit           pol=3 VA=980000004d200010 PA=04d200010 line=000 hitv=0100 ro=3012 tag=02690 V=1111 W=0100 data=26d2afeea87db524 mask=11111111
1615 PC=0x98000000405fe124 [00000000405fe124]	dca80030 ld     $t0,0x30($a1)
[va=9800000052500030 pa=0000000052500030]
1615 dcache  dca80030 load  hit           pol=3 VA=9800000052500030 PA=052500030 line=01 hitv=00100000 ro=67012345 tag=052500 V=11111111 W=00000000 L=00000000
1615 Reg write t0=d51fc5dd7123758a
1616 PC=0x98000000405fe128 [00000000405fe128]	fc8bffd8 sd     $t3,0xffffffd8($a0)
[va=980000004d200008 pa=000000004d200008]
1616 dcache  fc8bffd8 store hit           pol=3 VA=980000004d200008 PA=04d200008 line=00 hitv=10000000 ro=03561427 tag=04d200 V=11111111 W=00000000 L=00000000
1616 scache  fc8bffd8 store hit           pol=3 VA=980000004d200008 PA=04d200008 line=000 hitv=0100 ro=3012 tag=02690 V=1111 W=0100 data=8000000000000000 mask=11111111
1617 PC=0x98000000405fe12c [00000000405fe12c]	64c6ffff daddiu $a2,$a2,0xffff
1617 Reg write a2=0000000000000002
1618 icache  64c6ffff load  hit           pol=3 VA=98000000405fe130 PA=0405fe130 line=09 hitv=00000100 ro=34567012 tag=0405fe V=00000111 L=00000000
1618 PC=0x98000000405fe130 [00000000405fe130]	dcaf0028 ld     $t7,0x28($a1)
[va=9800000052500028 pa=0000000052500028]
1618 dcache  dcaf0028 load  hit           pol=3 VA=9800000052500028 PA=052500028 line=01 hitv=00100000 ro=67012345 tag=052500 V=11111111 W=00000000 L=00000000
1618 Reg write t7=fffc000000000000
1619 PC=0x98000000405fe134 [00000000405fe134]	14c0ffed bne    $a2,$r0,0x98000000405fe0ec
1620 PC=0x98000000405fe138 [00000000405fe138]	fc890008 sd     $t1,0x8($a0)
[va=980000004d200038 pa=000000004d200038]
1620 dcache  fc890008 store miss w/alloc  pol=3 VA=980000004d200038 PA=04d200038 line=01 hitv=00000000 ro=67012345 tag=000000 V=11111111 W=00000000 L=00000000
1620 scache  fc890008 store miss w/alloc  pol=3 VA=980000004d200038 PA=04d200038 line=001 hitv=0000 ro=2301 tag=00000 V=1111 W=1100 data=ef6bcda12f998728 mask=11111111
1620 dmemacc: store 8 addr=041b00020 data=c15b1fb1b6e15814 mask=11111111 cline 
1620 dmemacc: store 8 addr=041b00028 data=274a44015698cc6f mask=11111111 cline 
1620 dmemacc: store 8 addr=041b00030 data=6400b24fc88aea49 mask=11111111 cline 
1620 dmemacc: store 8 addr=041b00038 data=dcdbc760df44c989 mask=11111111 cline 
1621 icache  fc890008 load  hit           pol=3 VA=98000000405fe0ec PA=0405fe0e0 line=07 hitv=00000100 ro=34567012 tag=0405fe V=00000111 L=00000000
1621 PC=0x98000000405fe0ec [00000000405fe0ec]	fc8affd0 sd     $t2,0xffffffd0($a0)
[va=980000004d200000 pa=000000004d200000]
1621 dcache  fc8affd0 store hit           pol=3 VA=980000004d200000 PA=04d200000 line=00 hitv=10000000 ro=03561427 tag=04d200 V=11111111 W=00000000 L=00000000
1621 scache  fc8affd0 store hit           pol=3 VA=980000004d200000 PA=04d200000 line=000 hitv=0100 ro=3012 tag=02690 V=1111 W=0100 data=43e66ae530fb3b16 mask=11111111
1622 icache  fc8affd0 load  hit           pol=3 VA=98000000405fe0f0 PA=0405fe0f0 line=07 hitv=00000100 ro=34567012 tag=0405fe V=00000111 L=00000000
1622 PC=0x98000000405fe0f0 [00000000405fe0f0]	fc880000 sd     $t0,0x0($a0)
[va=980000004d200030 pa=000000004d200030]
1622 dcache  fc880000 store hit           pol=3 VA=980000004d200030 PA=04d200030 line=01 hitv=01000000 ro=70123456 tag=04d200 V=11111111 W=00000000 L=00000000
1622 scache  fc880000 store hit           pol=3 VA=980000004d200030 PA=04d200030 line=001 hitv=0100 ro=3012 tag=02690 V=1111 W=1100 data=d51fc5dd7123758a mask=11111111
1623 PC=0x98000000405fe0f4 [00000000405fe0f4]	dca90038 ld     $t1,0x38($a1)
[va=9800000052500038 pa=0000000052500038]
1623 dcache  dca90038 load  hit           pol=3 VA=9800000052500038 PA=052500038 line=01 hitv=00100000 ro=70123456 tag=052500 V=11111111 W=00000000 L=00000000
1623 Reg write t1=7e12bebcf732a88f
1624 PC=0x98000000405fe0f8 [00000000405fe0f8]	dca80000 ld     $t0,0x0($a1)
[va=9800000052500000 pa=0000000052500000]
1624 dcache  dca80000 load  hit           pol=3 VA=9800000052500000 PA=052500000 line=00 hitv=00000100 ro=03561427 tag=052500 V=11111111 W=00000000 L=00000000
1624 Reg write t0=42353f49fbc272a0
1625 PC=0x98000000405fe0fc [00000000405fe0fc]	fc88fff0 sd     $t0,0xfffffff0($a0)
[va=980000004d200020 pa=000000004d200020]
1625 dcache  fc88fff0 store hit           pol=3 VA=980000004d200020 PA=04d200020 line=01 hitv=01000000 ro=70123465 tag=04d200 V=11111111 W=00000000 L=00000000
1625 scache  fc88fff0 store hit           pol=3 VA=980000004d200020 PA=04d200020 line=001 hitv=0100 ro=3012 tag=02690 V=1111 W=1100 data=42353f49fbc272a0 mask=11111111
1626 icache  fc88fff0 load  hit           pol=3 VA=98000000405fe100 PA=0405fe100 line=08 hitv=00000100 ro=34567012 tag=0405fe V=00000111 L=00000000
1626 PC=0x98000000405fe100 [00000000405fe100]	fc89fff8 sd     $t1,0xfffffff8($a0)
[va=980000004d200028 pa=000000004d200028]
1626 dcache  fc89fff8 store hit           pol=3 VA=980000004d200028 PA=04d200028 line=01 hitv=01000000 ro=70123456 tag=04d200 V=11111111 W=00000000 L=00000000
1626 scache  fc89fff8 store hit           pol=3 VA=980000004d200028 PA=04d200028 line=001 hitv=0100 ro=3012 tag=02690 V=1111 W=1100 data=7e12bebcf732a88f mask=11111111
1627 PC=0x98000000405fe104 [00000000405fe104]	64a50040 daddiu $a1,$a1,0x40
1627 Reg write a1=9800000052500040
1628 PC=0x98000000405fe108 [00000000405fe108]	64840040 daddiu $a0,$a0,0x40
1628 Reg write a0=980000004d200070
1629 PC=0x98000000405fe10c [00000000405fe10c]	dcab0018 ld     $t3,0x18($a1)
[va=9800000052500058 pa=0000000052500058]
1629 dcache  dcab0018 load  miss refill   pol=3 VA=9800000052500058 PA=052500058 line=02 hitv=00000000 ro=34567012 tag=000000 V=11111111 W=00000000 L=00000000
1629 scache  dcab0018 load  miss refill   pol=3 VA=9800000052500058 PA=052500040 line=002 hitv=0000 ro=3012 tag=00000 V=1111 W=1011
1629 dmemacc: store 8 addr=04ab00040 data=5806063b4faf56de mask=11111111 cline 
1629 dmemacc: store 8 addr=04ab00048 data=750f94e0e4caa434 mask=11111111 cline 
1629 dmemacc: store 8 addr=04ab00050 data=ffffffffffffffff mask=11111111 cline 
1629 dmemacc: store 8 addr=04ab00058 data=05592cfa5a9e52b3 mask=11111111 cline 
1629 Reg write t3=7fffffffffffffff
1630 icache  dcab0018 load  hit           pol=3 VA=98000000405fe110 PA=0405fe110 line=08 hitv=00000100 ro=34567012 tag=0405fe V=00000111 L=00000000
1630 PC=0x98000000405fe110 [00000000405fe110]	dca90008 ld     $t1,0x8($a1)
[va=9800000052500048 pa=0000000052500048]
1630 dcache  dca90008 load  hit           pol=3 VA=9800000052500048 PA=052500048 line=02 hitv=00001000 ro=45670123 tag=052500 V=11111111 W=00000000 L=00000000
1630 Reg write t1=0000000000000000
1631 PC=0x98000000405fe114 [00000000405fe114]	dcaa0010 ld     $t2,0x10($a1)
[va=9800000052500050 pa=0000000052500050]
1631 dcache  dcaa0010 load  hit           pol=3 VA=9800000052500050 PA=052500050 line=02 hitv=00001000 ro=45670123 tag=052500 V=11111111 W=00000000 L=00000000
1631 Reg write t2=07ed32d2bb912a4c
1632 PC=0x98000000405fe118 [00000000405fe118]	dcac0020 ld     $t4,0x20($a1)
[va=9800000052500060 pa=0000000052500060]
1632 dcache  dcac0020 load  miss refill   pol=3 VA=9800000052500060 PA=052500060 line=03 hitv=00000000 ro=45701623 tag=000000 V=11111111 W=00000000 L=00000000
1632 scache  dcac0020 load  miss refill   pol=3 VA=9800000052500060 PA=052500060 line=003 hitv=0000 ro=1230 tag=00000 V=1111 W=1111
1632 dmemacc: store 8 addr=041b00060 data=6b90ef5bea51ab9f mask=11111111 cline 
1632 dmemacc: store 8 addr=041b00068 data=8000000000000000 mask=11111111 cline 
1632 dmemacc: store 8 addr=041b00070 data=6ddcacdd5a2edd1d mask=11111111 cline 
1632 dmemacc: store 8 addr=041b00078 data=c71c71c71c71c71c mask=11111111 cline 
1632 Reg write t4=7fffffffffffffff
1633 PC=0x98000000405fe11c [00000000405fe11c]	fc8fffe8 sd     $t7,0xffffffe8($a0)
[va=980000004d200058 pa=000000004d200058]
1633 dcache  fc8fffe8 store miss w/alloc  pol=3 VA=980000004d200058 PA=04d200058 line=02 hitv=00000000 ro=45670123 tag=000000 V=11111111 W=00000000 L=00000000
1633 scache  fc8fffe8 store miss w/alloc  pol=3 VA=980000004d200058 PA=04d200058 line=002 hitv=0000 ro=0123 tag=00000 V=1111 W=0011 data=fffc000000000000 mask=11111111
1633 dmemacc: store 8 addr=041b00040 data=eb60a915d46825d6 mask=11111111 cline 
1633 dmemacc: store 8 addr=041b00048 data=04a3acaf64af27ab mask=11111111 cline 
1633 dmemacc: store 8 addr=041b00050 data=ffffffffffffffff mask=11111111 cline 
1633 dmemacc: store 8 addr=041b00058 data=0000003fffffffff mask=11111111 cline 
1634 icache  fc8fffe8 load  hit           pol=3 VA=98000000405fe120 PA=0405fe120 line=09 hitv=00000100 ro=34567012 tag=0405fe V=00000111 L=00000000
1634 PC=0x98000000405fe120 [00000000405fe120]	fc8cffe0 sd     $t4,0xffffffe0($a0)
[va=980000004d200050 pa=000000004d200050]
1634 dcache  fc8cffe0 store hit           pol=3 VA=980000004d200050 PA=04d200050 line=02 hitv=00010000 ro=56701234 tag=04d200 V=11111111 W=00000000 L=00000000
1634 scache  fc8cffe0 store hit           pol=3 VA=980000004d200050 PA=04d200050 line=002 hitv=0001 ro=1230 tag=02690 V=1111 W=0011 data=7fffffffffffffff mask=11111111
1635 PC=0x98000000405fe124 [00000000405fe124]	dca80030 ld     $t0,0x30($a1)
[va=9800000052500070 pa=0000000052500070]
1635 dcache  dca80030 load  hit           pol=3 VA=9800000052500070 PA=052500070 line=03 hitv=00010000 ro=57016234 tag=052500 V=11111111 W=00000000 L=00000000
1635 Reg write t0=5555555555555555
1636 PC=0x98000000405fe128 [00000000405fe128]	fc8bffd8 sd     $t3,0xffffffd8($a0)
[va=980000004d200048 pa=000000004d200048]
1636 dcache  fc8bffd8 store hit           pol=3 VA=980000004d200048 PA=04d200048 line=02 hitv=00010000 ro=56701234 tag=04d200 V=11111111 W=00000000 L=00000000
1636 scache  fc8bffd8 store hit           pol=3 VA=980000004d200048 PA=04d200048 line=002 hitv=0001 ro=1230 tag=02690 V=1111 W=0011 data=7fffffffffffffff mask=11111111
1637 PC=0x98000000405fe12c [00000000405fe12c]	64c6ffff daddiu $a2,$a2,0xffff
1637 Reg write a2=0000000000000001
1638 icache  64c6ffff load  hit           pol=3 VA=98000000405fe130 PA=0405fe130 line=09 hitv=00000100 ro=34567012 tag=0405fe V=00000111 L=00000000
1638 PC=0x98000000405fe130 [00000000405fe130]	dcaf0028 ld     $t7,0x28($a1)
[va=9800000052500068 pa=0000000052500068]
1638 dcache  dcaf0028 load  hit           pol=3 VA=9800000052500068 PA=052500068 line=03 hitv=00010000 ro=57016234 tag=052500 V=11111111 W=00000000 L=00000000
1638 Reg write t7=b96d5a7c55739744
1639 PC=0x98000000405fe134 [00000000405fe134]	14c0ffed bne    $a2,$r0,0x98000000405fe0ec
1640 PC=0x98000000405fe138 [00000000405fe138]	fc890008 sd     $t1,0x8($a0)
[va=980000004d200078 pa=000000004d200078]
1640 dcache  fc890008 store miss w/alloc  pol=3 VA=980000004d200078 PA=04d200078 line=03 hitv=00000000 ro=57016234 tag=000000 V=11111111 W=00000000 L=00000000
1640 scache  fc890008 store miss w/alloc  pol=3 VA=980000004d200078 PA=04d200078 line=003 hitv=0000 ro=2301 tag=00000 V=1111 W=1101 data=0000000000000000 mask=11111111
1640 dmemacc: store 8 addr=050500060 data=539d454b39adfc79 mask=11111111 cline 
1640 dmemacc: store 8 addr=050500068 data=e38e38e38e38e38e mask=11111111 cline 
1640 dmemacc: store 8 addr=050500070 data=ffffffffffffffff mask=11111111 cline 
1640 dmemacc: store 8 addr=050500078 data=97dd0ff2914f2211 mask=11111111 cline 
1641 icache  fc890008 load  hit           pol=3 VA=98000000405fe0ec PA=0405fe0e0 line=07 hitv=00000100 ro=34567012 tag=0405fe V=00000111 L=00000000
1641 PC=0x98000000405fe0ec [00000000405fe0ec]	fc8affd0 sd     $t2,0xffffffd0($a0)
[va=980000004d200040 pa=000000004d200040]
1641 dcache  fc8affd0 store hit           pol=3 VA=980000004d200040 PA=04d200040 line=02 hitv=00010000 ro=56701234 tag=04d200 V=11111111 W=00000000 L=00000000
1641 scache  fc8affd0 store hit           pol=3 VA=980000004d200040 PA=04d200040 line=002 hitv=0001 ro=1230 tag=02690 V=1111 W=0011 data=07ed32d2bb912a4c mask=11111111
1642 icache  fc8affd0 load  hit           pol=3 VA=98000000405fe0f0 PA=0405fe0f0 line=07 hitv=00000100 ro=34567012 tag=0405fe V=00000111 L=00000000
1642 PC=0x98000000405fe0f0 [00000000405fe0f0]	fc880000 sd     $t0,0x0($a0)
[va=980000004d200070 pa=000000004d200070]
1642 dcache  fc880000 store hit           pol=3 VA=980000004d200070 PA=04d200070 line=03 hitv=00100000 ro=70162345 tag=04d200 V=11111111 W=00000000 L=00000000
1642 scache  fc880000 store hit           pol=3 VA=980000004d200070 PA=04d200070 line=003 hitv=0100 ro=3012 tag=02690 V=1111 W=1101 data=5555555555555555 mask=11111111
1643 PC=0x98000000405fe0f4 [00000000405fe0f4]	dca90038 ld     $t1,0x38($a1)
[va=9800000052500078 pa=0000000052500078]
1643 dcache  dca90038 load  hit           pol=3 VA=9800000052500078 PA=052500078 line=03 hitv=00010000 ro=70162345 tag=052500 V=11111111 W=00000000 L=00000000
1643 Reg write t1=f03f03f03f03f03f
1644 PC=0x98000000405fe0f8 [00000000405fe0f8]	dca80000 ld     $t0,0x0($a1)
[va=9800000052500040 pa=0000000052500040]
1644 dcache  dca80000 load  hit           pol=3 VA=9800000052500040 PA=052500040 line=02 hitv=00001000 ro=56701234 tag=052500 V=11111111 W=00000000 L=00000000
1644 Reg write t0=41831dc3c4f1caeb
1645 PC=0x98000000405fe0fc [00000000405fe0fc]	fc88fff0 sd     $t0,0xfffffff0($a0)
[va=980000004d200060 pa=000000004d200060]
1645 dcache  fc88fff0 store hit           pol=3 VA=980000004d200060 PA=04d200060 line=03 hitv=00100000 ro=70162354 tag=04d200 V=11111111 W=00000000 L=00000000
1645 scache  fc88fff0 store hit           pol=3 VA=980000004d200060 PA=04d200060 line=003 hitv=0100 ro=3012 tag=02690 V=1111 W=1101 data=41831dc3c4f1caeb mask=11111111
1646 icache  fc88fff0 load  hit           pol=3 VA=98000000405fe100 PA=0405fe100 line=08 hitv=00000100 ro=34567012 tag=0405fe V=00000111 L=00000000
1646 PC=0x98000000405fe100 [00000000405fe100]	fc89fff8 sd     $t1,0xfffffff8($a0)
[va=980000004d200068 pa=000000004d200068]
1646 dcache  fc89fff8 store hit           pol=3 VA=980000004d200068 PA=04d200068 line=03 hitv=00100000 ro=70162345 tag=04d200 V=11111111 W=00000000 L=00000000
1646 scache  fc89fff8 store hit           pol=3 VA=980000004d200068 PA=04d200068 line=003 hitv=0100 ro=3012 tag=02690 V=1111 W=1101 data=f03f03f03f03f03f mask=11111111
1647 PC=0x98000000405fe104 [00000000405fe104]	64a50040 daddiu $a1,$a1,0x40
1647 Reg write a1=9800000052500080
1648 PC=0x98000000405fe108 [00000000405fe108]	64840040 daddiu $a0,$a0,0x40
1648 Reg write a0=980000004d2000b0
1649 PC=0x98000000405fe10c [00000000405fe10c]	dcab0018 ld     $t3,0x18($a1)
[va=9800000052500098 pa=0000000052500098]
1649 dcache  dcab0018 load  miss refill   pol=3 VA=9800000052500098 PA=052500098 line=04 hitv=00000000 ro=67012453 tag=000000 V=00111111 W=00000000 L=00000000
1649 scache  dcab0018 load  miss refill   pol=3 VA=9800000052500098 PA=052500080 line=004 hitv=0000 ro=2031 tag=00000 V=1111 W=1011
1649 Reg write t3=905416c9e72f7c74
1650 icache  dcab0018 load  hit           pol=3 VA=98000000405fe110 PA=0405fe110 line=08 hitv=00000100 ro=34567012 tag=0405fe V=00000111 L=00000000
1650 PC=0x98000000405fe110 [00000000405fe110]	dca90008 ld     $t1,0x8($a1)
[va=9800000052500088 pa=0000000052500088]
1650 dcache  dca90008 load  hit           pol=3 VA=9800000052500088 PA=052500088 line=04 hitv=01000000 ro=70124536 tag=052500 V=01111111 W=00000000 L=00000000
1650 Reg write t1=fec89573139273a4
1651 PC=0x98000000405fe114 [00000000405fe114]	dcaa0010 ld     $t2,0x10($a1)
[va=9800000052500090 pa=0000000052500090]
1651 dcache  dcaa0010 load  hit           pol=3 VA=9800000052500090 PA=052500090 line=04 hitv=01000000 ro=70124536 tag=052500 V=01111111 W=00000000 L=00000000
1651 Reg write t2=ffffffffc0000000
1652 PC=0x98000000405fe118 [00000000405fe118]	dcac0020 ld     $t4,0x20($a1)
[va=98000000525000a0 pa=00000000525000a0]
1652 dcache  dcac0020 load  miss refill   pol=3 VA=98000000525000a0 PA=0525000a0 line=05 hitv=00000000 ro=23465701 tag=000000 V=11111111 W=00000000 L=00000000
1652 scache  dcac0020 load  miss refill   pol=3 VA=98000000525000a0 PA=0525000a0 line=005 hitv=0000 ro=0231 tag=00000 V=1111 W=1001
1652 dmemacc: store 8 addr=0505000a0 data=ffffffffffffffff mask=11111111 cline 
1652 dmemacc: store 8 addr=0505000a8 data=30dd5ece5cf932a4 mask=11111111 cline 
1652 dmemacc: store 8 addr=0505000b0 data=98000000416ff2e9 mask=11111111 cline 
1652 dmemacc: store 8 addr=0505000b8 data=0000000000000001 mask=11111111 cline 
1652 Reg write t4=0000000000000001
1653 PC=0x98000000405fe11c [00000000405fe11c]	fc8fffe8 sd     $t7,0xffffffe8($a0)
[va=980000004d200098 pa=000000004d200098]
1653 dcache  fc8fffe8 store miss w/alloc  pol=3 VA=980000004d200098 PA=04d200098 line=04 hitv=00000000 ro=70124536 tag=000000 V=01111111 W=00000000 L=00000000
1653 scache  fc8fffe8 store miss w/alloc  pol=3 VA=980000004d200098 PA=04d200098 line=004 hitv=0000 ro=0312 tag=00000 V=1111 W=1011 data=b96d5a7c55739744 mask=11111111
1653 dmemacc: store 8 addr=059b00080 data=5f79b94a68c038c8 mask=11111111 cline 
1653 dmemacc: store 8 addr=059b00088 data=ab050855dac8f4da mask=11111111 cline 
1653 dmemacc: store 8 addr=059b00090 data=586a38c5e7fb549f mask=11111111 cline 
1653 dmemacc: store 8 addr=059b00098 data=764c975c72a1c596 mask=11111111 cline 
1654 icache  fc8fffe8 load  hit           pol=3 VA=98000000405fe120 PA=0405fe120 line=09 hitv=00000100 ro=34567012 tag=0405fe V=00000111 L=00000000
1654 PC=0x98000000405fe120 [00000000405fe120]	fc8cffe0 sd     $t4,0xffffffe0($a0)
[va=980000004d200090 pa=000000004d200090]
1654 dcache  fc8cffe0 store hit           pol=3 VA=980000004d200090 PA=04d200090 line=04 hitv=10000000 ro=01245367 tag=04d200 V=11111111 W=00000000 L=00000000
1654 scache  fc8cffe0 store hit           pol=3 VA=980000004d200090 PA=04d200090 line=004 hitv=0001 ro=3120 tag=02690 V=1111 W=1011 data=0000000000000001 mask=11111111
1655 PC=0x98000000405fe124 [00000000405fe124]	dca80030 ld     $t0,0x30($a1)
[va=98000000525000b0 pa=00000000525000b0]
1655 dcache  dca80030 load  hit           pol=3 VA=98000000525000b0 PA=0525000b0 line=05 hitv=00000100 ro=34657012 tag=052500 V=11111111 W=00000000 L=00000000
1655 Reg write t0=e22ad7599006848f
1656 PC=0x98000000405fe128 [00000000405fe128]	fc8bffd8 sd     $t3,0xffffffd8($a0)
[va=980000004d200088 pa=000000004d200088]
1656 dcache  fc8bffd8 store hit           pol=3 VA=980000004d200088 PA=04d200088 line=04 hitv=10000000 ro=01245367 tag=04d200 V=11111111 W=00000000 L=00000000
1656 scache  fc8bffd8 store hit           pol=3 VA=980000004d200088 PA=04d200088 line=004 hitv=0001 ro=3120 tag=02690 V=1111 W=1011 data=905416c9e72f7c74 mask=11111111
1657 PC=0x98000000405fe12c [00000000405fe12c]	64c6ffff daddiu $a2,$a2,0xffff
1657 Reg write a2=0000000000000000
1658 icache  64c6ffff load  hit           pol=3 VA=98000000405fe130 PA=0405fe130 line=09 hitv=00000100 ro=34567012 tag=0405fe V=00000111 L=00000000
1658 PC=0x98000000405fe130 [00000000405fe130]	dcaf0028 ld     $t7,0x28($a1)
[va=98000000525000a8 pa=00000000525000a8]
1658 dcache  dcaf0028 load  hit           pol=3 VA=98000000525000a8 PA=0525000a8 line=05 hitv=00000100 ro=34657012 tag=052500 V=11111111 W=00000000 L=00000000
1658 Reg write t7=5d9c0e103ec1fe60
1659 PC=0x98000000405fe134 [00000000405fe134]	14c0ffed bne    $a2,$r0,0x98000000405fe0ec
1660 PC=0x98000000405fe138 [00000000405fe138]	fc890008 sd     $t1,0x8($a0)
[va=980000004d2000b8 pa=000000004d2000b8]
1660 dcache  fc890008 store miss w/alloc  pol=3 VA=980000004d2000b8 PA=04d2000b8 line=05 hitv=00000000 ro=34657012 tag=000000 V=11111111 W=00000000 L=00000000
1660 scache  fc890008 store miss w/alloc  pol=3 VA=980000004d2000b8 PA=04d2000b8 line=005 hitv=0000 ro=2310 tag=00000 V=1111 W=1000 data=fec89573139273a4 mask=11111111
1661 PC=0x98000000405fe13c [00000000405fe13c]	00000000 nop
1662 icache  00000000 load  miss refill   pol=3 VA=98000000405fe140 PA=0405fe140 line=0a hitv=00000000 ro=23456701 tag=000000 V=00000011 L=00000000
1662 PC=0x98000000405fe140 [00000000405fe140]	34090013 ori    $t1,$r0,0x13
1662 Reg write t1=0000000000000013
1663 PC=0x98000000405fe144 [00000000405fe144]	00094efc dsll32 $t1,$t1,27
1663 Reg write t1=9800000000000000
1664 PC=0x98000000405fe148 [00000000405fe148]	35295144 ori    $t1,$t1,0x5144
1664 Reg write t1=9800000000005144
1665 PC=0x98000000405fe14c [00000000405fe14c]	0120f809 jalr   $ra,$t1
1665 Reg write ra=98000000405fe154
1666 icache  0120f809 load  hit           pol=3 VA=98000000405fe150 PA=0405fe150 line=0a hitv=00000100 ro=34567012 tag=0405fe V=00000111 L=00000000
1666 PC=0x98000000405fe150 [00000000405fe150]	00000000 nop
1667 icache  00000000 load  miss refill   pol=3 VA=9800000000005144 PA=000005140 line=0a hitv=00000000 ro=34567012 tag=000000 V=00000111 L=00000000
1667 PC=0x9800000000005144 [0000000000005144]	fc630030 sd     $v1,0x30($v1)
[va=98000000504fff60 pa=00000000504fff60]
1667 dcache  fc630030 store miss w/alloc  pol=3 VA=98000000504fff60 PA=0504fff60 line=7b hitv=00000000 ro=16470253 tag=000000 V=11111111 W=00000000 L=00000000
1667 scache  fc630030 store miss w/alloc  pol=3 VA=98000000504fff60 PA=0504fff60 line=ffb hitv=0000 ro=3102 tag=00000 V=1111 W=0110 data=98000000504fff30 mask=11111111
1668 PC=0x9800000000005148 [0000000000005148]	fc7401b8 sd     $s4,0x1b8($v1)
[va=98000000505000e8 pa=00000000505000e8]
1668 dcache  fc7401b8 store hit           pol=3 VA=98000000505000e8 PA=0505000e8 line=07 hitv=10000000 ro=01243567 tag=050500 V=11111111 W=00000000 L=00000000
1668 scache  fc7401b8 store hit           pol=3 VA=98000000505000e8 PA=0505000e8 line=007 hitv=0100 ro=3012 tag=02828 V=1111 W=1111 data=98000000511fef51 mask=11111111
1669 PC=0x980000000000514c [000000000000514c]	fc760238 sd     $s6,0x238($v1)
[va=9800000050500168 pa=0000000050500168]
1669 dcache  fc760238 store hit           pol=3 VA=9800000050500168 PA=050500168 line=0b hitv=00000100 ro=67012453 tag=050500 V=00111111 W=00000000 L=00000000
1669 scache  fc760238 store hit           pol=3 VA=9800000050500168 PA=050500168 line=00b hitv=0010 ro=1320 tag=02828 V=1111 W=1110 data=98000000511fa20c mask=11111111
1670 icache  fc760238 load  hit           pol=3 VA=9800000000005150 PA=000005150 line=0a hitv=00001000 ro=45670123 tag=000005 V=00001111 L=00000000
1670 PC=0x9800000000005150 [0000000000005150]	fc6f0170 sd     $t7,0x170($v1)
[va=98000000505000a0 pa=00000000505000a0]
1670 dcache  fc6f0170 store hit           pol=3 VA=98000000505000a0 PA=0505000a0 line=05 hitv=00100000 ro=46570123 tag=050500 V=11111111 W=00000000 L=00000000
1670 scache  fc6f0170 store miss wo/alloc pol=3 VA=98000000505000a0 PA=0505000a0 line=005 hitv=0000 ro=3102 tag=00000 V=1111 W=1100 data=5d9c0e103ec1fe60 mask=11111111
1670 dmemacc: store 8 addr=0505000a0 data=5d9c0e103ec1fe60 mask=11111111 
1671 PC=0x9800000000005154 [0000000000005154]	d4720258 ldc1   f18,0x258($v1)
[va=9800000050500188 pa=0000000050500188]
1671 dcache  d4720258 load  hit           pol=3 VA=9800000050500188 PA=050500188 line=0c hitv=00010000 ro=70341526 tag=050500 V=01111111 W=00000000 L=00000000
1671 Reg write f[18]=b3f24a4c94b05e7e  FCSR(fcr31)=6e000000
1672 PC=0x9800000000005158 [0000000000005158]	00000000 nop
1673 PC=0x980000000000515c [000000000000515c]	03e00008 jr     $ra
1674 icache  03e00008 load  miss refill   pol=3 VA=9800000000005160 PA=000005160 line=0b hitv=00000000 ro=23456701 tag=000000 V=00000011 L=00000000
1674 PC=0x9800000000005160 [0000000000005160]	d4690060 ldc1   f9,0x60($v1)
[va=98000000504fff90 pa=00000000504fff90]
1674 dcache  d4690060 load  hit           pol=3 VA=98000000504fff90 PA=0504fff90 line=7c hitv=01000000 ro=14230675 tag=0504ff V=11111111 W=00000000 L=00000000
1674 Reg write f[9]=0000000000000001  FCSR(fcr31)=6e000000
1675 icache  d4690060 load  hit           pol=3 VA=98000000405fe154 PA=0405fe150 line=0a hitv=00000100 ro=45670123 tag=0405fe V=00001111 L=00000000
1675 PC=0x98000000405fe154 [00000000405fe154]	3c089800 lui    $t0,0x9800
1675 Reg write t0=ffffffff98000000
1676 PC=0x98000000405fe158 [00000000405fe158]	00084438 dsll   $t0,$t0,16
1676 Reg write t0=ffff980000000000
1677 PC=0x98000000405fe15c [00000000405fe15c]	35085020 ori    $t0,$t0,0x5020
1677 Reg write t0=ffff980000005020
1678 icache  35085020 load  miss refill   pol=3 VA=98000000405fe160 PA=0405fe160 line=0b hitv=00000000 ro=34567012 tag=000000 V=00000111 L=00000000
1678 PC=0x98000000405fe160 [00000000405fe160]	00084438 dsll   $t0,$t0,16
1678 Reg write t0=9800000050200000
1679 PC=0x98000000405fe164 [00000000405fe164]	35080060 ori    $t0,$t0,0x60
1679 Reg write t0=9800000050200060
1680 PC=0x98000000405fe168 [00000000405fe168]	240a0006 addiu  $t2,$r0,0x6
1680 Reg write t2=0000000000000006
1681 PC=0x98000000405fe16c [00000000405fe16c]	65080020 daddiu $t0,$t0,0x20
1681 Reg write t0=9800000050200080
1682 icache  65080020 load  hit           pol=3 VA=98000000405fe170 PA=0405fe170 line=0b hitv=00001000 ro=45670123 tag=0405fe V=00001111 L=00000000
1682 PC=0x98000000405fe170 [00000000405fe170]	810b0020 lb     $t3,0x20($t0)
[va=98000000502000a0 pa=00000000502000a0]
1682 dcache  810b0020 load  miss refill   pol=3 VA=98000000502000a0 PA=0502000a0 line=05 hitv=00000000 ro=46701235 tag=000000 V=11111111 W=00000000 L=00000000
1682 scache  810b0020 load  miss refill   pol=3 VA=98000000502000a0 PA=0502000a0 line=005 hitv=0000 ro=3102 tag=00000 V=1111 W=1100
1682 dmemacc: store 8 addr=04ab000a0 data=10a7ba0472580081 mask=11111111 cline 
1682 dmemacc: store 8 addr=04ab000a8 data=dbb215b146d78cda mask=11111111 cline 
1682 dmemacc: store 8 addr=04ab000b0 data=fffffffffffffff3 mask=11111111 cline 
1682 dmemacc: store 8 addr=04ab000b8 data=bce170d64eb26dd1 mask=11111111 cline 
1682 Reg write t3=ffffffffffffffa1
1683 PC=0x98000000405fe174 [00000000405fe174]	ad0bfff0 sw     $t3,0xfffffff0($t0)
[va=9800000050200070 pa=0000000050200070]
1683 dcache  ad0bfff0 store miss w/alloc  pol=3 VA=9800000050200070 PA=050200070 line=03 hitv=00000000 ro=70162345 tag=000000 V=11111111 W=00000000 L=00000000
1683 scache  ad0bfff0 store miss w/alloc  pol=3 VA=9800000050200070 PA=050200070 line=003 hitv=0000 ro=3012 tag=00000 V=1111 W=1101 data=ffffffa100000000 mask=11110000
1683 dmemacc: store 8 addr=043800060 data=06dda7e73e876dfb mask=11111111 cline 
1683 dmemacc: store 8 addr=043800068 data=5555555555555555 mask=11111111 cline 
1683 dmemacc: store 8 addr=043800070 data=1e68cf2268c7912d mask=11111111 cline 
1683 dmemacc: store 8 addr=043800078 data=b20a2f177585e3d8 mask=11111111 cline 
1684 PC=0x98000000405fe178 [00000000405fe178]	1540fffc bne    $t2,$r0,0x98000000405fe16c
1685 PC=0x98000000405fe17c [00000000405fe17c]	254affff addiu  $t2,$t2,0xffff
1685 Reg write t2=0000000000000005
1686 icache  254affff load  hit           pol=3 VA=98000000405fe16c PA=0405fe160 line=0b hitv=00001000 ro=45670123 tag=0405fe V=00001111 L=00000000
1686 PC=0x98000000405fe16c [00000000405fe16c]	65080020 daddiu $t0,$t0,0x20
1686 Reg write t0=98000000502000a0
1687 icache  65080020 load  hit           pol=3 VA=98000000405fe170 PA=0405fe170 line=0b hitv=00001000 ro=45670123 tag=0405fe V=00001111 L=00000000
1687 PC=0x98000000405fe170 [00000000405fe170]	810b0020 lb     $t3,0x20($t0)
[va=98000000502000c0 pa=00000000502000c0]
1687 dcache  810b0020 load  miss refill   pol=3 VA=98000000502000c0 PA=0502000c0 line=06 hitv=00000000 ro=67012534 tag=000000 V=00111111 W=00000000 L=00000000
1687 scache  810b0020 load  miss refill   pol=3 VA=98000000502000c0 PA=0502000c0 line=006 hitv=0000 ro=2013 tag=00000 V=1111 W=1110
1687 dmemacc: store 8 addr=059b000c0 data=5ff0974de0c023f2 mask=11111111 cline 
1687 dmemacc: store 8 addr=059b000c8 data=9dd5f2884e14412d mask=11111111 cline 
1687 dmemacc: store 8 addr=059b000d0 data=6666666666666666 mask=11111111 cline 
1687 dmemacc: store 8 addr=059b000d8 data=b8d92ca462669a26 mask=11111111 cline 
1687 Reg write t3=ffffffffffffffde
1688 PC=0x98000000405fe174 [00000000405fe174]	ad0bfff0 sw     $t3,0xfffffff0($t0)
[va=9800000050200090 pa=0000000050200090]
1688 dcache  ad0bfff0 store miss w/alloc  pol=3 VA=9800000050200090 PA=050200090 line=04 hitv=00000000 ro=01245367 tag=000000 V=11111111 W=00000000 L=00000000
1688 scache  ad0bfff0 store miss w/alloc  pol=3 VA=9800000050200090 PA=050200090 line=004 hitv=0000 ro=3120 tag=00000 V=1111 W=1011 data=ffffffde00000000 mask=11110000
1688 dmemacc: store 8 addr=050500080 data=0000000000000031 mask=11111111 cline 
1688 dmemacc: store 8 addr=050500088 data=5f2bb550337d416d mask=11111111 cline 
1688 dmemacc: store 8 addr=050500090 data=9800000041af95ce mask=11111111 cline 
1688 dmemacc: store 8 addr=050500098 data=21ba82751894c738 mask=11111111 cline 
1689 PC=0x98000000405fe178 [00000000405fe178]	1540fffc bne    $t2,$r0,0x98000000405fe16c
1690 PC=0x98000000405fe17c [00000000405fe17c]	254affff addiu  $t2,$t2,0xffff
1690 Reg write t2=0000000000000004
1691 icache  254affff load  hit           pol=3 VA=98000000405fe16c PA=0405fe160 line=0b hitv=00001000 ro=45670123 tag=0405fe V=00001111 L=00000000
1691 PC=0x98000000405fe16c [00000000405fe16c]	65080020 daddiu $t0,$t0,0x20
1691 Reg write t0=98000000502000c0
1692 icache  65080020 load  hit           pol=3 VA=98000000405fe170 PA=0405fe170 line=0b hitv=00001000 ro=45670123 tag=0405fe V=00001111 L=00000000
1692 PC=0x98000000405fe170 [00000000405fe170]	810b0020 lb     $t3,0x20($t0)
[va=98000000502000e0 pa=00000000502000e0]
1692 dcache  810b0020 load  miss refill   pol=3 VA=98000000502000e0 PA=0502000e0 line=07 hitv=00000000 ro=01243567 tag=000000 V=11111111 W=00000000 L=00000000
1692 scache  810b0020 load  miss refill   pol=3 VA=98000000502000e0 PA=0502000e0 line=007 hitv=0000 ro=3012 tag=00000 V=1111 W=1111
1692 dmemacc: store 8 addr=059b000e0 data=5f7ac471c8775473 mask=11111111 cline 
1692 dmemacc: store 8 addr=059b000e8 data=426fcaeba465361f mask=11111111 cline 
1692 dmemacc: store 8 addr=059b000f0 data=12fc67e60c558fc2 mask=11111111 cline 
1692 dmemacc: store 8 addr=059b000f8 data=73dd03101d325a3a mask=11111111 cline 
1692 Reg write t3=0000000000000064
1693 PC=0x98000000405fe174 [00000000405fe174]	ad0bfff0 sw     $t3,0xfffffff0($t0)
[va=98000000502000b0 pa=00000000502000b0]
1693 dcache  ad0bfff0 store hit           pol=3 VA=98000000502000b0 PA=0502000b0 line=05 hitv=00010000 ro=67012354 tag=050200 V=11111111 W=00000000 L=00000000
1693 scache  ad0bfff0 store hit           pol=3 VA=98000000502000b0 PA=0502000b0 line=005 hitv=1000 ro=1023 tag=02810 V=1111 W=0100 data=0000006400000000 mask=11110000
1694 PC=0x98000000405fe178 [00000000405fe178]	1540fffc bne    $t2,$r0,0x98000000405fe16c
1695 PC=0x98000000405fe17c [00000000405fe17c]	254affff addiu  $t2,$t2,0xffff
1695 Reg write t2=0000000000000003
1696 icache  254affff load  hit           pol=3 VA=98000000405fe16c PA=0405fe160 line=0b hitv=00001000 ro=45670123 tag=0405fe V=00001111 L=00000000
1696 PC=0x98000000405fe16c [00000000405fe16c]	65080020 daddiu $t0,$t0,0x20
1696 Reg write t0=98000000502000e0
1697 icache  65080020 load  hit           pol=3 VA=98000000405fe170 PA=0405fe170 line=0b hitv=00001000 ro=45670123 tag=0405fe V=00001111 L=00000000
1697 PC=0x98000000405fe170 [00000000405fe170]	810b0020 lb     $t3,0x20($t0)
[va=9800000050200100 pa=0000000050200100]
1697 dcache  810b0020 load  miss refill   pol=3 VA=9800000050200100 PA=050200100 line=08 hitv=00000000 ro=32456701 tag=000000 V=11111111 W=00000000 L=00000000
1697 scache  810b0020 load  miss refill   pol=3 VA=9800000050200100 PA=050200100 line=008 hitv=0000 ro=1230 tag=00000 V=1111 W=1010
1697 dmemacc: store 8 addr=051800100 data=fe00000000000000 mask=11111111 cline 
1697 dmemacc: store 8 addr=051800108 data=98000000416fb6a6 mask=11111111 cline 
1697 dmemacc: store 8 addr=051800110 data=8000000000000000 mask=11111111 cline 
1697 dmemacc: store 8 addr=051800118 data=ffffffffffffffff mask=11111111 cline 
1697 Reg write t3=0000000000000014
1698 PC=0x98000000405fe174 [00000000405fe174]	ad0bfff0 sw     $t3,0xfffffff0($t0)
[va=98000000502000d0 pa=00000000502000d0]
1698 dcache  ad0bfff0 store hit           pol=3 VA=98000000502000d0 PA=0502000d0 line=06 hitv=01000000 ro=70125346 tag=050200 V=01111111 W=00000000 L=00000000
1698 scache  ad0bfff0 store hit           pol=3 VA=98000000502000d0 PA=0502000d0 line=006 hitv=0100 ro=0132 tag=02810 V=1111 W=1010 data=0000001400000000 mask=11110000
1699 PC=0x98000000405fe178 [00000000405fe178]	1540fffc bne    $t2,$r0,0x98000000405fe16c
1700 PC=0x98000000405fe17c [00000000405fe17c]	254affff addiu  $t2,$t2,0xffff
1700 Reg write t2=0000000000000002
1701 icache  254affff load  hit           pol=3 VA=98000000405fe16c PA=0405fe160 line=0b hitv=00001000 ro=45670123 tag=0405fe V=00001111 L=00000000
1701 PC=0x98000000405fe16c [00000000405fe16c]	65080020 daddiu $t0,$t0,0x20
1701 Reg write t0=9800000050200100
1702 icache  65080020 load  hit           pol=3 VA=98000000405fe170 PA=0405fe170 line=0b hitv=00001000 ro=45670123 tag=0405fe V=00001111 L=00000000
1702 PC=0x98000000405fe170 [00000000405fe170]	810b0020 lb     $t3,0x20($t0)
[va=9800000050200120 pa=0000000050200120]
1702 dcache  810b0020 load  miss refill   pol=3 VA=9800000050200120 PA=050200120 line=09 hitv=00000000 ro=34567012 tag=000000 V=00000111 W=00000000 L=00000000
1702 scache  810b0020 load  miss refill   pol=3 VA=9800000050200120 PA=050200120 line=009 hitv=0000 ro=2301 tag=00000 V=0011 W=0011
1702 Reg write t3=0000000000000000
1703 PC=0x98000000405fe174 [00000000405fe174]	ad0bfff0 sw     $t3,0xfffffff0($t0)
[va=98000000502000f0 pa=00000000502000f0]
1703 dcache  ad0bfff0 store hit           pol=3 VA=98000000502000f0 PA=0502000f0 line=07 hitv=00000001 ro=12435670 tag=050200 V=11111111 W=00000000 L=00000000
1703 scache  ad0bfff0 store hit           pol=3 VA=98000000502000f0 PA=0502000f0 line=007 hitv=1000 ro=0123 tag=02810 V=1111 W=0111 data=0000000000000000 mask=11110000
1704 PC=0x98000000405fe178 [00000000405fe178]	1540fffc bne    $t2,$r0,0x98000000405fe16c
1705 PC=0x98000000405fe17c [00000000405fe17c]	254affff addiu  $t2,$t2,0xffff
1705 Reg write t2=0000000000000001
1706 icache  254affff load  hit           pol=3 VA=98000000405fe16c PA=0405fe160 line=0b hitv=00001000 ro=45670123 tag=0405fe V=00001111 L=00000000
1706 PC=0x98000000405fe16c [00000000405fe16c]	65080020 daddiu $t0,$t0,0x20
1706 Reg write t0=9800000050200120
1707 icache  65080020 load  hit           pol=3 VA=98000000405fe170 PA=0405fe170 line=0b hitv=00001000 ro=45670123 tag=0405fe V=00001111 L=00000000
1707 PC=0x98000000405fe170 [00000000405fe170]	810b0020 lb     $t3,0x20($t0)
[va=9800000050200140 pa=0000000050200140]
1707 dcache  810b0020 load  miss refill   pol=3 VA=9800000050200140 PA=050200140 line=0a hitv=00000000 ro=56702134 tag=000000 V=00011111 W=00000000 L=00000000
1707 scache  810b0020 load  miss refill   pol=3 VA=9800000050200140 PA=050200140 line=00a hitv=0000 ro=1023 tag=00000 V=1111 W=1111
1707 dmemacc: store 8 addr=058800140 data=7fe16781ef8a34bd mask=11111111 cline 
1707 dmemacc: store 8 addr=058800148 data=f836c5646d119f12 mask=11111111 cline 
1707 dmemacc: store 8 addr=058800150 data=0782865d2396a64d mask=11111111 cline 
1707 dmemacc: store 8 addr=058800158 data=7fffffffffffffff mask=11111111 cline 
1707 Reg write t3=ffffffffffffffff
1708 PC=0x98000000405fe174 [00000000405fe174]	ad0bfff0 sw     $t3,0xfffffff0($t0)
[va=9800000050200110 pa=0000000050200110]
1708 dcache  ad0bfff0 store hit           pol=3 VA=9800000050200110 PA=050200110 line=08 hitv=00001000 ro=24567013 tag=050200 V=11111111 W=00000000 L=00000000
1708 scache  ad0bfff0 store hit           pol=3 VA=9800000050200110 PA=050200110 line=008 hitv=0010 ro=2301 tag=02810 V=1111 W=1000 data=ffffffff00000000 mask=11110000
1709 PC=0x98000000405fe178 [00000000405fe178]	1540fffc bne    $t2,$r0,0x98000000405fe16c
1710 PC=0x98000000405fe17c [00000000405fe17c]	254affff addiu  $t2,$t2,0xffff
1710 Reg write t2=0000000000000000
1711 icache  254affff load  hit           pol=3 VA=98000000405fe16c PA=0405fe160 line=0b hitv=00001000 ro=45670123 tag=0405fe V=00001111 L=00000000
1711 PC=0x98000000405fe16c [00000000405fe16c]	65080020 daddiu $t0,$t0,0x20
1711 Reg write t0=9800000050200140
1712 icache  65080020 load  hit           pol=3 VA=98000000405fe170 PA=0405fe170 line=0b hitv=00001000 ro=45670123 tag=0405fe V=00001111 L=00000000
1712 PC=0x98000000405fe170 [00000000405fe170]	810b0020 lb     $t3,0x20($t0)
[va=9800000050200160 pa=0000000050200160]
1712 dcache  810b0020 load  hit           pol=3 VA=9800000050200160 PA=050200160 line=0b hitv=00100000 ro=67014532 tag=050200 V=00111111 W=00000000 L=00000000
1712 Reg write t3=000000000000007f
1713 PC=0x98000000405fe174 [00000000405fe174]	ad0bfff0 sw     $t3,0xfffffff0($t0)
[va=9800000050200130 pa=0000000050200130]
1713 dcache  ad0bfff0 store hit           pol=3 VA=9800000050200130 PA=050200130 line=09 hitv=00001000 ro=45670123 tag=050200 V=00001111 W=00000000 L=00000000
1713 scache  ad0bfff0 store hit           pol=3 VA=9800000050200130 PA=050200130 line=009 hitv=0100 ro=3012 tag=02810 V=0111 W=0011 data=0000007f00000000 mask=11110000
1714 PC=0x98000000405fe178 [00000000405fe178]	1540fffc bne    $t2,$r0,0x98000000405fe16c
1715 PC=0x98000000405fe17c [00000000405fe17c]	254affff addiu  $t2,$t2,0xffff
1715 Reg write t2=ffffffffffffffff
1716 icache  254affff load  miss refill   pol=3 VA=98000000405fe180 PA=0405fe180 line=0c hitv=00000000 ro=23456701 tag=000000 V=00000011 L=00000000
1716 PC=0x98000000405fe180 [00000000405fe180]	3c179800 lui    $s7,0x9800
1716 Reg write s7=ffffffff98000000
1717 PC=0x98000000405fe184 [00000000405fe184]	0017bc38 dsll   $s7,$s7,16
1717 Reg write s7=ffff980000000000
1718 PC=0x98000000405fe188 [00000000405fe188]	36f7511f ori    $s7,$s7,0x511f
1718 Reg write s7=ffff98000000511f
1719 PC=0x98000000405fe18c [00000000405fe18c]	0017bc38 dsll   $s7,$s7,16
1719 Reg write s7=98000000511f0000
1720 icache  0017bc38 load  hit           pol=3 VA=98000000405fe190 PA=0405fe190 line=0c hitv=00000100 ro=34567012 tag=0405fe V=00000111 L=00000000
1720 PC=0x98000000405fe190 [00000000405fe190]	36f7b571 ori    $s7,$s7,0xb571
1720 Reg write s7=98000000511fb571
1721 PC=0x98000000405fe194 [00000000405fe194]	86e84c29 lh     $t0,0x4c29($s7)
[va=980000005120019a pa=000000005120019a]
1721 dcache  86e84c29 load  hit           pol=3 VA=980000005120019a PA=051200198 line=0c hitv=01000000 ro=70315264 tag=051200 V=01111111 W=00000000 L=00000000
1721 Reg write t0=0000000000004caf
1722 PC=0x98000000405fe198 [00000000405fe198]	3c119800 lui    $s1,0x9800
1722 Reg write s1=ffffffff98000000
1723 PC=0x98000000405fe19c [00000000405fe19c]	00118c38 dsll   $s1,$s1,16
1723 Reg write s1=ffff980000000000
1724 icache  00118c38 load  miss refill   pol=3 VA=98000000405fe1a0 PA=0405fe1a0 line=0d hitv=00000000 ro=12345670 tag=000000 V=00000001 L=00000000
1724 PC=0x98000000405fe1a0 [00000000405fe1a0]	36315120 ori    $s1,$s1,0x5120
1724 Reg write s1=ffff980000005120
1725 PC=0x98000000405fe1a4 [00000000405fe1a4]	00118c38 dsll   $s1,$s1,16
1725 Reg write s1=9800000051200000
1726 PC=0x98000000405fe1a8 [00000000405fe1a8]	36317b7c ori    $s1,$s1,0x7b7c
1726 Reg write s1=9800000051207b7c
1727 PC=0x98000000405fe1ac [00000000405fe1ac]	de2e861c ld     $t6,0xffff861c($s1)
[va=9800000051200198 pa=0000000051200198]
1727 dcache  de2e861c load  hit           pol=3 VA=9800000051200198 PA=051200198 line=0c hitv=01000000 ro=70315246 tag=051200 V=01111111 W=00000000 L=00000000
1727 Reg write t6=1b4b4caf66718022
1728 icache  de2e861c load  hit           pol=3 VA=98000000405fe1b0 PA=0405fe1b0 line=0d hitv=00000010 ro=23456701 tag=0405fe V=00000011 L=00000000
1728 PC=0x98000000405fe1b0 [00000000405fe1b0]	3c149800 lui    $s4,0x9800
1728 Reg write s4=ffffffff98000000
1729 PC=0x98000000405fe1b4 [00000000405fe1b4]	0014a438 dsll   $s4,$s4,16
1729 Reg write s4=ffff980000000000
1730 PC=0x98000000405fe1b8 [00000000405fe1b8]	36944320 ori    $s4,$s4,0x4320
1730 Reg write s4=ffff980000004320
1731 PC=0x98000000405fe1bc [00000000405fe1bc]	0014a438 dsll   $s4,$s4,16
1731 Reg write s4=9800000043200000
1732 icache  0014a438 load  miss refill   pol=3 VA=98000000405fe1c0 PA=0405fe1c0 line=0e hitv=00000000 ro=12345670 tag=000000 V=00000001 L=00000000
1732 PC=0x98000000405fe1c0 [00000000405fe1c0]	369439cc ori    $s4,$s4,0x39cc
1732 Reg write s4=98000000432039cc
1733 PC=0x98000000405fe1c4 [00000000405fe1c4]	ae8cc56c sw     $t4,0xffffc56c($s4)
[va=98000000431fff38 pa=00000000431fff38]
1733 dcache  ae8cc56c store miss w/alloc  pol=3 VA=98000000431fff38 PA=0431fff38 line=79 hitv=00000000 ro=67032451 tag=000000 V=00111111 W=00000000 L=00000000
1733 scache  ae8cc56c store miss w/alloc  pol=3 VA=98000000431fff38 PA=0431fff38 line=ff9 hitv=0000 ro=1203 tag=00000 V=1111 W=1111 data=0000000100000000 mask=11110000
1733 dmemacc: store 8 addr=0421fff20 data=265e2fe67080caaf mask=11111111 cline 
1733 dmemacc: store 8 addr=0421fff28 data=d330c0125efcb764 mask=11111111 cline 
1733 dmemacc: store 8 addr=0421fff30 data=98000000421fed28 mask=11111111 cline 
1733 dmemacc: store 8 addr=0421fff38 data=846f74115632112f mask=11111111 cline 
1734 PC=0x98000000405fe1c8 [00000000405fe1c8]	3c159800 lui    $s5,0x9800
1734 Reg write s5=ffffffff98000000
1735 PC=0x98000000405fe1cc [00000000405fe1cc]	0015ac38 dsll   $s5,$s5,16
1735 Reg write s5=ffff980000000000
1736 icache  0015ac38 load  hit           pol=3 VA=98000000405fe1d0 PA=0405fe1d0 line=0e hitv=00000010 ro=23456701 tag=0405fe V=00000011 L=00000000
1736 PC=0x98000000405fe1d0 [00000000405fe1d0]	36b54320 ori    $s5,$s5,0x4320
1736 Reg write s5=ffff980000004320
1737 PC=0x98000000405fe1d4 [00000000405fe1d4]	0015ac38 dsll   $s5,$s5,16
1737 Reg write s5=9800000043200000
1738 PC=0x98000000405fe1d8 [00000000405fe1d8]	36b51399 ori    $s5,$s5,0x1399
1738 Reg write s5=9800000043201399
1739 PC=0x98000000405fe1dc [00000000405fe1dc]	96a1eb99 lhu    $r1,0xffffeb99($s5)
[va=98000000431fff32 pa=00000000431fff32]
1739 dcache  96a1eb99 load  hit           pol=3 VA=98000000431fff32 PA=0431fff30 line=79 hitv=01000000 ro=70324516 tag=0431ff V=01111111 W=00000000 L=00000000
1739 Reg write r1=000000000000ffff
1740 icache  96a1eb99 load  miss refill   pol=3 VA=98000000405fe1e0 PA=0405fe1e0 line=0f hitv=00000000 ro=12345670 tag=000000 V=00000001 L=00000000
1740 PC=0x98000000405fe1e0 [00000000405fe1e0]	3c049800 lui    $a0,0x9800
1740 Reg write a0=ffffffff98000000
1741 PC=0x98000000405fe1e4 [00000000405fe1e4]	00042438 dsll   $a0,$a0,16
1741 Reg write a0=ffff980000000000
1742 PC=0x98000000405fe1e8 [00000000405fe1e8]	34844150 ori    $a0,$a0,0x4150
1742 Reg write a0=ffff980000004150
1743 PC=0x98000000405fe1ec [00000000405fe1ec]	00042438 dsll   $a0,$a0,16
1743 Reg write a0=9800000041500000
1744 icache  00042438 load  hit           pol=3 VA=98000000405fe1f0 PA=0405fe1f0 line=0f hitv=00000010 ro=23456701 tag=0405fe V=00000011 L=00000000
1744 PC=0x98000000405fe1f0 [00000000405fe1f0]	3484430f ori    $a0,$a0,0x430f
1744 Reg write a0=980000004150430f
1745 PC=0x98000000405fe1f4 [00000000405fe1f4]	8495bbf7 lh     $s5,0xffffbbf7($a0)
[va=98000000414fff06 pa=00000000414fff06]
1745 dcache  8495bbf7 load  hit           pol=3 VA=98000000414fff06 PA=0414fff00 line=78 hitv=00000010 ro=23015467 tag=0414ff V=11111111 W=00000000 L=00000000
1745 Reg write s5=0000000000000000
1746 PC=0x98000000405fe1f8 [00000000405fe1f8]	340e0013 ori    $t6,$r0,0x13
1746 Reg write t6=0000000000000013
1747 PC=0x98000000405fe1fc [00000000405fe1fc]	000e76fc dsll32 $t6,$t6,27
1747 Reg write t6=9800000000000000
1748 icache  000e76fc load  miss refill   pol=3 VA=98000000405fe200 PA=0405fe200 line=10 hitv=00000000 ro=12345670 tag=000000 V=00000001 L=00000000
1748 PC=0x98000000405fe200 [00000000405fe200]	35cea680 ori    $t6,$t6,0xa680
1748 Reg write t6=980000000000a680
1749 PC=0x98000000405fe204 [00000000405fe204]	01c0f809 jalr   $ra,$t6
1749 Reg write ra=98000000405fe20c
1750 PC=0x98000000405fe208 [00000000405fe208]	3c179800 lui    $s7,0x9800
1750 Reg write s7=ffffffff98000000
1751 icache  3c179800 load  miss refill   pol=3 VA=980000000000a680 PA=00000a680 line=34 hitv=00000000 ro=12345670 tag=000000 V=00000001 L=00000000
1751 PC=0x980000000000a680 [000000000000a680]	fc6301d0 sd     $v1,0x1d0($v1)
[va=9800000050500100 pa=0000000050500100]
1751 dcache  fc6301d0 store hit           pol=3 VA=9800000050500100 PA=050500100 line=08 hitv=00010000 ro=24567013 tag=050500 V=11111111 W=00000000 L=00000000
1751 scache  fc6301d0 store miss wo/alloc pol=3 VA=9800000050500100 PA=050500100 line=008 hitv=0000 ro=2301 tag=00000 V=1111 W=1010 data=98000000504fff30 mask=11111111
1751 dmemacc: store 8 addr=050500100 data=98000000504fff30 mask=11111111 
1752 PC=0x980000000000a684 [000000000000a684]	d4730150 ldc1   f19,0x150($v1)
[va=9800000050500080 pa=0000000050500080]
1752 dcache  d4730150 load  hit           pol=3 VA=9800000050500080 PA=050500080 line=04 hitv=00001000 ro=12453670 tag=050500 V=11111111 W=00000000 L=00000000
1752 Reg write f[19]=0000000000000031  FCSR(fcr31)=6e000000
1753 PC=0x980000000000a688 [000000000000a688]	fc660148 sd     $a2,0x148($v1)
[va=9800000050500078 pa=0000000050500078]
1753 dcache  fc660148 store hit           pol=3 VA=9800000050500078 PA=050500078 line=03 hitv=01000000 ro=01623457 tag=050500 V=11111111 W=00000000 L=00000000
1753 scache  fc660148 store miss wo/alloc pol=3 VA=9800000050500078 PA=050500078 line=003 hitv=0000 ro=0123 tag=00000 V=1111 W=1101 data=0000000000000000 mask=11111111
1753 dmemacc: store 8 addr=050500078 data=0000000000000000 mask=11111111 
1754 PC=0x980000000000a68c [000000000000a68c]	fc6a0298 sd     $t2,0x298($v1)
[va=98000000505001c8 pa=00000000505001c8]
1754 dcache  fc6a0298 store hit           pol=3 VA=98000000505001c8 PA=0505001c8 line=0e hitv=00010000 ro=70213456 tag=050500 V=01111111 W=00000000 L=00000000
1754 scache  fc6a0298 store hit           pol=3 VA=98000000505001c8 PA=0505001c8 line=00e hitv=1000 ro=2301 tag=02828 V=1111 W=1010 data=ffffffffffffffff mask=11111111
1755 icache  fc6a0298 load  hit           pol=3 VA=980000000000a690 PA=00000a690 line=34 hitv=00000010 ro=23456701 tag=00000a V=00000011 L=00000000
1755 PC=0x980000000000a690 [000000000000a690]	fc7d0100 sd     $sp,0x100($v1)
[va=9800000050500030 pa=0000000050500030]
1755 dcache  fc7d0100 store hit           pol=3 VA=9800000050500030 PA=050500030 line=01 hitv=10000000 ro=70123456 tag=050500 V=11111111 W=00000000 L=00000000
1755 scache  fc7d0100 store miss wo/alloc pol=3 VA=9800000050500030 PA=050500030 line=001 hitv=0000 ro=3012 tag=00000 V=1111 W=1100 data=0000000000000000 mask=11111111
1755 dmemacc: store 8 addr=050500030 data=0000000000000000 mask=11111111 
1756 PC=0x980000000000a694 [000000000000a694]	d47201a8 ldc1   f18,0x1a8($v1)
[va=98000000505000d8 pa=00000000505000d8]
1756 dcache  d47201a8 load  hit           pol=3 VA=98000000505000d8 PA=0505000d8 line=06 hitv=00001000 ro=70125346 tag=050500 V=01111111 W=00000000 L=00000000
1756 Reg write f[18]=0000000000000000  FCSR(fcr31)=6e000000
1757 PC=0x980000000000a698 [000000000000a698]	00000000 nop
1758 PC=0x980000000000a69c [000000000000a69c]	03e00008 jr     $ra
1759 icache  03e00008 load  miss refill   pol=3 VA=980000000000a6a0 PA=00000a6a0 line=35 hitv=00000000 ro=12345670 tag=000000 V=00000001 L=00000000
1759 PC=0x980000000000a6a0 [000000000000a6a0]	d47601c8 ldc1   f22,0x1c8($v1)
[va=98000000505000f8 pa=00000000505000f8]
1759 dcache  d47601c8 load  hit           pol=3 VA=98000000505000f8 PA=0505000f8 line=07 hitv=10000000 ro=12435670 tag=050500 V=11111111 W=00000000 L=00000000
1759 Reg write f[22]=98000000414fd01b  FCSR(fcr31)=6e000000
1760 icache  d47601c8 load  hit           pol=3 VA=98000000405fe20c PA=0405fe200 line=10 hitv=00000010 ro=23456701 tag=0405fe V=00000011 L=00000000
1760 PC=0x98000000405fe20c [00000000405fe20c]	0017bc38 dsll   $s7,$s7,16
1760 Reg write s7=ffff980000000000
1761 icache  0017bc38 load  hit           pol=3 VA=98000000405fe210 PA=0405fe210 line=10 hitv=00000010 ro=23456701 tag=0405fe V=00000011 L=00000000
1761 PC=0x98000000405fe210 [00000000405fe210]	36f74170 ori    $s7,$s7,0x4170
1761 Reg write s7=ffff980000004170
1762 PC=0x98000000405fe214 [00000000405fe214]	0017bc38 dsll   $s7,$s7,16
1762 Reg write s7=9800000041700000
1763 PC=0x98000000405fe218 [00000000405fe218]	36f7184c ori    $s7,$s7,0x184c
1763 Reg write s7=980000004170184c
1764 PC=0x98000000405fe21c [00000000405fe21c]	dee1e934 ld     $r1,0xffffe934($s7)
[va=9800000041700180 pa=0000000041700180]
1764 dcache  dee1e934 load  hit           pol=3 VA=9800000041700180 PA=041700180 line=0c hitv=00000010 ro=70315246 tag=041700 V=01111111 W=00000000 L=00000000
1764 Reg write r1=f7048f6000000000
1765 icache  dee1e934 load  miss refill   pol=3 VA=98000000405fe220 PA=0405fe220 line=11 hitv=00000000 ro=12345670 tag=000000 V=00000001 L=00000000
1765 PC=0x98000000405fe220 [00000000405fe220]	3c1e9800 lui    $s8,0x9800
1765 Reg write s8=ffffffff98000000
1766 PC=0x98000000405fe224 [00000000405fe224]	001ef438 dsll   $s8,$s8,16
1766 Reg write s8=ffff980000000000
1767 PC=0x98000000405fe228 [00000000405fe228]	37de511f ori    $s8,$s8,0x511f
1767 Reg write s8=ffff98000000511f
1768 PC=0x98000000405fe22c [00000000405fe22c]	001ef438 dsll   $s8,$s8,16
1768 Reg write s8=98000000511f0000
1769 icache  001ef438 load  hit           pol=3 VA=98000000405fe230 PA=0405fe230 line=11 hitv=00000010 ro=23456701 tag=0405fe V=00000011 L=00000000
1769 PC=0x98000000405fe230 [00000000405fe230]	37decf06 ori    $s8,$s8,0xcf06
1769 Reg write s8=98000000511fcf06
1770 PC=0x98000000405fe234 [00000000405fe234]	97c2327c lhu    $v0,0x327c($s8)
[va=9800000051200182 pa=0000000051200182]
1770 dcache  97c2327c load  hit           pol=3 VA=9800000051200182 PA=051200180 line=0c hitv=01000000 ro=70352461 tag=051200 V=01111111 W=00000000 L=00000000
1770 Reg write v0=0000000000000000
1771 PC=0x98000000405fe238 [00000000405fe238]	3c1c9800 lui    $gp,0x9800
1771 Reg write gp=ffffffff98000000
1772 PC=0x98000000405fe23c [00000000405fe23c]	001ce438 dsll   $gp,$gp,16
1772 Reg write gp=ffff980000000000
1773 icache  001ce438 load  miss refill   pol=3 VA=98000000405fe240 PA=0405fe240 line=12 hitv=00000000 ro=12345670 tag=000000 V=00000001 L=00000000
1773 PC=0x98000000405fe240 [00000000405fe240]	379c4320 ori    $gp,$gp,0x4320
1773 Reg write gp=ffff980000004320
1774 PC=0x98000000405fe244 [00000000405fe244]	001ce438 dsll   $gp,$gp,16
1774 Reg write gp=9800000043200000
1775 PC=0x98000000405fe248 [00000000405fe248]	379c7781 ori    $gp,$gp,0x7781
1775 Reg write gp=9800000043207781
1776 PC=0x98000000405fe24c [00000000405fe24c]	9f8487bb lwu    $a0,0xffff87bb($gp)
[va=98000000431fff3c pa=00000000431fff3c]
1776 dcache  9f8487bb load  hit           pol=3 VA=98000000431fff3c PA=0431fff38 line=79 hitv=01000000 ro=70324516 tag=0431ff V=01111111 W=00000000 L=00000000
1776 Reg write a0=00000000c5543b0c
1777 icache  9f8487bb load  hit           pol=3 VA=98000000405fe250 PA=0405fe250 line=12 hitv=00000010 ro=23456701 tag=0405fe V=00000011 L=00000000
1777 PC=0x98000000405fe250 [00000000405fe250]	3c1d9800 lui    $sp,0x9800
1777 Reg write sp=ffffffff98000000
1778 PC=0x98000000405fe254 [00000000405fe254]	001dec38 dsll   $sp,$sp,16
1778 Reg write sp=ffff980000000000
1779 PC=0x98000000405fe258 [00000000405fe258]	37bd41af ori    $sp,$sp,0x41af
1779 Reg write sp=ffff9800000041af
1780 PC=0x98000000405fe25c [00000000405fe25c]	001dec38 dsll   $sp,$sp,16
1780 Reg write sp=9800000041af0000
1781 icache  001dec38 load  miss refill   pol=3 VA=98000000405fe260 PA=0405fe260 line=13 hitv=00000000 ro=12345670 tag=000000 V=00000001 L=00000000
1781 PC=0x98000000405fe260 [00000000405fe260]	37bd9325 ori    $sp,$sp,0x9325
1781 Reg write sp=9800000041af9325
1782 PC=0x98000000405fe264 [00000000405fe264]	9faf6e2b lwu    $t7,0x6e2b($sp)
[va=9800000041b00150 pa=0000000041b00150]
1782 dcache  9faf6e2b load  hit           pol=3 VA=9800000041b00150 PA=041b00150 line=0a hitv=00000010 ro=67021345 tag=041b00 V=00111111 W=00000000 L=00000000
1782 Reg write t7=0000000000000000
1783 PC=0x98000000405fe268 [00000000405fe268]	3c049800 lui    $a0,0x9800
1783 Reg write a0=ffffffff98000000
1784 PC=0x98000000405fe26c [00000000405fe26c]	00042438 dsll   $a0,$a0,16
1784 Reg write a0=ffff980000000000
1785 icache  00042438 load  hit           pol=3 VA=98000000405fe270 PA=0405fe270 line=13 hitv=00000010 ro=23456701 tag=0405fe V=00000011 L=00000000
1785 PC=0x98000000405fe270 [00000000405fe270]	3484412f ori    $a0,$a0,0x412f
1785 Reg write a0=ffff98000000412f
1786 PC=0x98000000405fe274 [00000000405fe274]	00042438 dsll   $a0,$a0,16
1786 Reg write a0=98000000412f0000
1787 PC=0x98000000405fe278 [00000000405fe278]	348481c0 ori    $a0,$a0,0x81c0
1787 Reg write a0=98000000412f81c0
1788 PC=0x98000000405fe27c [00000000405fe27c]	9c827e30 lwu    $v0,0x7e30($a0)
[va=98000000412ffff0 pa=00000000412ffff0]
1788 dcache  9c827e30 load  miss refill   pol=3 VA=98000000412ffff0 PA=0412ffff0 line=7f hitv=00000000 ro=64701235 tag=000000 V=11111111 W=00000000 L=00000000
1788 scache  9c827e30 load  miss refill   pol=3 VA=98000000412ffff0 PA=0412fffe0 line=fff hitv=0000 ro=2031 tag=00000 V=1111 W=0010
1788 Reg write v0=000000009eea3e20
1789 icache  9c827e30 load  miss refill   pol=3 VA=98000000405fe280 PA=0405fe280 line=14 hitv=00000000 ro=12345670 tag=000000 V=00000001 L=00000000
1789 PC=0x98000000405fe280 [00000000405fe280]	3c029800 lui    $v0,0x9800
1789 Reg write v0=ffffffff98000000
1790 PC=0x98000000405fe284 [00000000405fe284]	00021438 dsll   $v0,$v0,16
1790 Reg write v0=ffff980000000000
1791 PC=0x98000000405fe288 [00000000405fe288]	3442517f ori    $v0,$v0,0x517f
1791 Reg write v0=ffff98000000517f
1792 PC=0x98000000405fe28c [00000000405fe28c]	00021438 dsll   $v0,$v0,16
1792 Reg write v0=98000000517f0000
1793 icache  00021438 load  hit           pol=3 VA=98000000405fe290 PA=0405fe290 line=14 hitv=00000010 ro=23456701 tag=0405fe V=00000011 L=00000000
1793 PC=0x98000000405fe290 [00000000405fe290]	3442e68f ori    $v0,$v0,0xe68f
1793 Reg write v0=98000000517fe68f
1794 PC=0x98000000405fe294 [00000000405fe294]	9c5c19b9 lwu    $gp,0x19b9($v0)
[va=9800000051800048 pa=0000000051800048]
1794 dcache  9c5c19b9 load  hit           pol=3 VA=9800000051800048 PA=051800048 line=02 hitv=00000100 ro=56701243 tag=051800 V=11111111 W=00000000 L=00000000
1794 Reg write gp=0000000000000000
1795 PC=0x98000000405fe298 [00000000405fe298]	341d0013 ori    $sp,$r0,0x13
1795 Reg write sp=0000000000000013
1796 PC=0x98000000405fe29c [00000000405fe29c]	001deefc dsll32 $sp,$sp,27
1796 Reg write sp=9800000000000000
1797 icache  001deefc load  miss refill   pol=3 VA=98000000405fe2a0 PA=0405fe2a0 line=15 hitv=00000000 ro=12345670 tag=000000 V=00000001 L=00000000
1797 PC=0x98000000405fe2a0 [00000000405fe2a0]	37bd8d48 ori    $sp,$sp,0x8d48
1797 Reg write sp=9800000000008d48
1798 PC=0x98000000405fe2a4 [00000000405fe2a4]	03a0f809 jalr   $ra,$sp
1798 Reg write ra=98000000405fe2ac
1799 PC=0x98000000405fe2a8 [00000000405fe2a8]	3c129800 lui    $s2,0x9800
1799 Reg write s2=ffffffff98000000
1800 icache  3c129800 load  miss refill   pol=3 VA=9800000000008d48 PA=000008d40 line=6a hitv=00000000 ro=12345670 tag=000000 V=00000001 L=00000000
1800 PC=0x9800000000008d48 [0000000000008d48]	d4630030 ldc1   f3,0x30($v1)
[va=98000000504fff60 pa=00000000504fff60]
1800 dcache  d4630030 load  hit           pol=3 VA=98000000504fff60 PA=0504fff60 line=7b hitv=00000010 ro=64702531 tag=0504ff V=11111111 W=00000000 L=00000000
1800 Reg write f[3]=98000000504fff30  FCSR(fcr31)=6e000000
1801 PC=0x9800000000008d4c [0000000000008d4c]	fc6d0180 sd     $t5,0x180($v1)
[va=98000000505000b0 pa=00000000505000b0]
1801 dcache  fc6d0180 store hit           pol=3 VA=98000000505000b0 PA=0505000b0 line=05 hitv=00100000 ro=67012354 tag=050500 V=11111111 W=00000000 L=00000000
1801 scache  fc6d0180 store miss wo/alloc pol=3 VA=98000000505000b0 PA=0505000b0 line=005 hitv=0000 ro=1023 tag=00000 V=1111 W=1100 data=98000000416ff2e9 mask=11111111
1801 dmemacc: store 8 addr=0505000b0 data=98000000416ff2e9 mask=11111111 
1802 icache  fc6d0180 load  hit           pol=3 VA=9800000000008d50 PA=000008d50 line=6a hitv=00000010 ro=23456701 tag=000008 V=00000011 L=00000000
1802 PC=0x9800000000008d50 [0000000000008d50]	fc6802a8 sd     $t0,0x2a8($v1)
[va=98000000505001d8 pa=00000000505001d8]
1802 dcache  fc6802a8 store hit           pol=3 VA=98000000505001d8 PA=0505001d8 line=0e hitv=00010000 ro=70213564 tag=050500 V=01111111 W=00000000 L=00000000
1802 scache  fc6802a8 store hit           pol=3 VA=98000000505001d8 PA=0505001d8 line=00e hitv=1000 ro=2013 tag=02828 V=1111 W=1010 data=0000000000004caf mask=11111111
1803 PC=0x9800000000008d54 [0000000000008d54]	fc6a0168 sd     $t2,0x168($v1)
[va=9800000050500098 pa=0000000050500098]
1803 dcache  fc6a0168 store hit           pol=3 VA=9800000050500098 PA=050500098 line=04 hitv=00001000 ro=12456703 tag=050500 V=11111111 W=00000000 L=00000000
1803 scache  fc6a0168 store miss wo/alloc pol=3 VA=9800000050500098 PA=050500098 line=004 hitv=0000 ro=1203 tag=00000 V=1111 W=1011 data=ffffffffffffffff mask=11111111
1803 dmemacc: store 8 addr=050500098 data=ffffffffffffffff mask=11111111 
1804 PC=0x9800000000008d58 [0000000000008d58]	00000000 nop
1805 PC=0x9800000000008d5c [0000000000008d5c]	03e00008 jr     $ra
1806 icache  03e00008 load  miss refill   pol=3 VA=9800000000008d60 PA=000008d60 line=6b hitv=00000000 ro=01234567 tag=000000 V=00000000 L=00000000
1806 PC=0x9800000000008d60 [0000000000008d60]	fc7500c0 sd     $s5,0xc0($v1)
[va=98000000504ffff0 pa=00000000504ffff0]
1806 dcache  fc7500c0 store miss w/alloc  pol=3 VA=98000000504ffff0 PA=0504ffff0 line=7f hitv=00000000 ro=47012356 tag=000000 V=11111111 W=00000000 L=00000000
1806 scache  fc7500c0 store miss w/alloc  pol=3 VA=98000000504ffff0 PA=0504ffff0 line=fff hitv=0000 ro=0312 tag=00000 V=1111 W=0010 data=0000000000000000 mask=11111111
1807 icache  fc7500c0 load  hit           pol=3 VA=98000000405fe2ac PA=0405fe2a0 line=15 hitv=00000010 ro=23456701 tag=0405fe V=00000011 L=00000000
1807 PC=0x98000000405fe2ac [00000000405fe2ac]	00129438 dsll   $s2,$s2,16
1807 Reg write s2=ffff980000000000
1808 icache  00129438 load  hit           pol=3 VA=98000000405fe2b0 PA=0405fe2b0 line=15 hitv=00000010 ro=23456701 tag=0405fe V=00000011 L=00000000
1808 PC=0x98000000405fe2b0 [00000000405fe2b0]	36525050 ori    $s2,$s2,0x5050
1808 Reg write s2=ffff980000005050
1809 PC=0x98000000405fe2b4 [00000000405fe2b4]	00129438 dsll   $s2,$s2,16
1809 Reg write s2=9800000050500000
1810 PC=0x98000000405fe2b8 [00000000405fe2b8]	36521b85 ori    $s2,$s2,0x1b85
1810 Reg write s2=9800000050501b85
1811 PC=0x98000000405fe2bc [00000000405fe2bc]	ae57e437 sw     $s7,0xffffe437($s2)
[va=98000000504fffbc pa=00000000504fffbc]
1811 dcache  ae57e437 store miss w/alloc  pol=3 VA=98000000504fffbc PA=0504fffb8 line=7d hitv=00000000 ro=12346750 tag=000000 V=11111111 W=00000000 L=00000000
1811 scache  ae57e437 store miss w/alloc  pol=3 VA=98000000504fffbc PA=0504fffb8 line=ffd hitv=0000 ro=0231 tag=00000 V=1111 W=0110 data=000000004170184c mask=00001111
1812 icache  ae57e437 load  miss refill   pol=3 VA=98000000405fe2c0 PA=0405fe2c0 line=16 hitv=00000000 ro=12345670 tag=000000 V=00000001 L=00000000
1812 PC=0x98000000405fe2c0 [00000000405fe2c0]	3c0d9800 lui    $t5,0x9800
1812 Reg write t5=ffffffff98000000
1813 PC=0x98000000405fe2c4 [00000000405fe2c4]	000d6c38 dsll   $t5,$t5,16
1813 Reg write t5=ffff980000000000
1814 PC=0x98000000405fe2c8 [00000000405fe2c8]	35ad421f ori    $t5,$t5,0x421f
1814 Reg write t5=ffff98000000421f
1815 PC=0x98000000405fe2cc [00000000405fe2cc]	000d6c38 dsll   $t5,$t5,16
1815 Reg write t5=98000000421f0000
1816 icache  000d6c38 load  hit           pol=3 VA=98000000405fe2d0 PA=0405fe2d0 line=16 hitv=00000010 ro=23456701 tag=0405fe V=00000011 L=00000000
1816 PC=0x98000000405fe2d0 [00000000405fe2d0]	35ad84d0 ori    $t5,$t5,0x84d0
1816 Reg write t5=98000000421f84d0
1817 PC=0x98000000405fe2d4 [00000000405fe2d4]	fdb27d28 sd     $s2,0x7d28($t5)
[va=98000000422001f8 pa=00000000422001f8]
1817 dcache  fdb27d28 store hit           pol=3 VA=98000000422001f8 PA=0422001f8 line=0f hitv=00000100 ro=45670132 tag=042200 V=00001111 W=00000000 L=00000000
1817 scache  fdb27d28 store hit           pol=3 VA=98000000422001f8 PA=0422001f8 line=00f hitv=0010 ro=3021 tag=02110 V=0111 W=0111 data=9800000050501b85 mask=11111111
1818 PC=0x98000000405fe2d8 [00000000405fe2d8]	3c0d9800 lui    $t5,0x9800
1818 Reg write t5=ffffffff98000000
1819 PC=0x98000000405fe2dc [00000000405fe2dc]	000d6c38 dsll   $t5,$t5,16
1819 Reg write t5=ffff980000000000
1820 icache  000d6c38 load  miss refill   pol=3 VA=98000000405fe2e0 PA=0405fe2e0 line=17 hitv=00000000 ro=12345670 tag=000000 V=00000001 L=00000000
1820 PC=0x98000000405fe2e0 [00000000405fe2e0]	35ad4130 ori    $t5,$t5,0x4130
1820 Reg write t5=ffff980000004130
1821 PC=0x98000000405fe2e4 [00000000405fe2e4]	000d6c38 dsll   $t5,$t5,16
1821 Reg write t5=9800000041300000
1822 PC=0x98000000405fe2e8 [00000000405fe2e8]	35ad01f2 ori    $t5,$t5,0x1f2
1822 Reg write t5=98000000413001f2
1823 PC=0x98000000405fe2ec [00000000405fe2ec]	91b2fdf4 lbu    $s2,0xfffffdf4($t5)
[va=98000000412fffe6 pa=00000000412fffe6]
1823 dcache  91b2fdf4 load  hit           pol=3 VA=98000000412fffe6 PA=0412fffe0 line=7f hitv=01000000 ro=70123564 tag=0412ff V=11111111 W=00000000 L=00000000
1823 Reg write s2=00000000000000dd
1824 icache  91b2fdf4 load  hit           pol=3 VA=98000000405fe2f0 PA=0405fe2f0 line=17 hitv=00000010 ro=23456701 tag=0405fe V=00000011 L=00000000
1824 PC=0x98000000405fe2f0 [00000000405fe2f0]	3c0d9800 lui    $t5,0x9800
1824 Reg write t5=ffffffff98000000
1825 PC=0x98000000405fe2f4 [00000000405fe2f4]	000d6c38 dsll   $t5,$t5,16
1825 Reg write t5=ffff980000000000
1826 PC=0x98000000405fe2f8 [00000000405fe2f8]	35ad424f ori    $t5,$t5,0x424f
1826 Reg write t5=ffff98000000424f
1827 PC=0x98000000405fe2fc [00000000405fe2fc]	000d6c38 dsll   $t5,$t5,16
1827 Reg write t5=98000000424f0000
1828 icache  000d6c38 load  miss refill   pol=3 VA=98000000405fe300 PA=0405fe300 line=18 hitv=00000000 ro=23456701 tag=000000 V=00000011 L=00000000
1828 PC=0x98000000405fe300 [00000000405fe300]	35ad8da7 ori    $t5,$t5,0x8da7
1828 Reg write t5=98000000424f8da7
1829 PC=0x98000000405fe304 [00000000405fe304]	fdb27419 sd     $s2,0x7419($t5)
[va=98000000425001c0 pa=00000000425001c0]
1829 dcache  fdb27419 store hit           pol=3 VA=98000000425001c0 PA=0425001c0 line=0e hitv=00001000 ro=70213564 tag=042500 V=01111111 W=00000000 L=00000000
1829 scache  fdb27419 store hit           pol=3 VA=98000000425001c0 PA=0425001c0 line=00e hitv=0100 ro=2013 tag=02128 V=1111 W=1010 data=00000000000000dd mask=11111111
1830 PC=0x98000000405fe308 [00000000405fe308]	3c149800 lui    $s4,0x9800
1830 Reg write s4=ffffffff98000000
1831 PC=0x98000000405fe30c [00000000405fe30c]	0014a438 dsll   $s4,$s4,16
1831 Reg write s4=ffff980000000000
1832 icache  0014a438 load  hit           pol=3 VA=98000000405fe310 PA=0405fe310 line=18 hitv=00000100 ro=34567012 tag=0405fe V=00000111 L=00000000
1832 PC=0x98000000405fe310 [00000000405fe310]	3694412f ori    $s4,$s4,0x412f
1832 Reg write s4=ffff98000000412f
1833 PC=0x98000000405fe314 [00000000405fe314]	0014a438 dsll   $s4,$s4,16
1833 Reg write s4=98000000412f0000
1834 PC=0x98000000405fe318 [00000000405fe318]	3694f029 ori    $s4,$s4,0xf029
1834 Reg write s4=98000000412ff029
1835 PC=0x98000000405fe31c [00000000405fe31c]	a2820fcf sb     $v0,0xfcf($s4)
[va=98000000412ffff8 pa=00000000412ffff8]
1835 dcache  a2820fcf store hit           pol=3 VA=98000000412ffff8 PA=0412ffff8 line=7f hitv=01000000 ro=70123546 tag=0412ff V=11111111 W=00000000 L=00000000
1835 scache  a2820fcf store hit           pol=3 VA=98000000412ffff8 PA=0412ffff8 line=fff hitv=0100 ro=3120 tag=02097 V=1111 W=0011 data=8f00000000000000 mask=10000000
1836 icache  a2820fcf load  miss refill   pol=3 VA=98000000405fe320 PA=0405fe320 line=19 hitv=00000000 ro=23456701 tag=000000 V=00000011 L=00000000
1836 PC=0x98000000405fe320 [00000000405fe320]	3c149800 lui    $s4,0x9800
1836 Reg write s4=ffffffff98000000
1837 PC=0x98000000405fe324 [00000000405fe324]	0014a438 dsll   $s4,$s4,16
1837 Reg write s4=ffff980000000000
1838 PC=0x98000000405fe328 [00000000405fe328]	3694504f ori    $s4,$s4,0x504f
1838 Reg write s4=ffff98000000504f
1839 PC=0x98000000405fe32c [00000000405fe32c]	0014a438 dsll   $s4,$s4,16
1839 Reg write s4=98000000504f0000
1840 icache  0014a438 load  hit           pol=3 VA=98000000405fe330 PA=0405fe330 line=19 hitv=00000100 ro=34567012 tag=0405fe V=00000111 L=00000000
1840 PC=0x98000000405fe330 [00000000405fe330]	3694c734 ori    $s4,$s4,0xc734
1840 Reg write s4=98000000504fc734
1841 PC=0x98000000405fe334 [00000000405fe334]	9e8d3870 lwu    $t5,0x3870($s4)
[va=98000000504fffa4 pa=00000000504fffa4]
1841 dcache  9e8d3870 load  hit           pol=3 VA=98000000504fffa4 PA=0504fffa0 line=7d hitv=00000010 ro=23467501 tag=0504ff V=11111111 W=00000000 L=00000000
1841 Reg write t5=00000000f199c2d5
1842 PC=0x98000000405fe338 [00000000405fe338]	3c049800 lui    $a0,0x9800
1842 Reg write a0=ffffffff98000000
1843 PC=0x98000000405fe33c [00000000405fe33c]	00042438 dsll   $a0,$a0,16
1843 Reg write a0=ffff980000000000
1844 icache  00042438 load  miss refill   pol=3 VA=98000000405fe340 PA=0405fe340 line=1a hitv=00000000 ro=12345670 tag=000000 V=00000001 L=00000000
1844 PC=0x98000000405fe340 [00000000405fe340]	34844220 ori    $a0,$a0,0x4220
1844 Reg write a0=ffff980000004220
1845 PC=0x98000000405fe344 [00000000405fe344]	00042438 dsll   $a0,$a0,16
1845 Reg write a0=9800000042200000
1846 PC=0x98000000405fe348 [00000000405fe348]	34842b87 ori    $a0,$a0,0x2b87
1846 Reg write a0=9800000042202b87
1847 PC=0x98000000405fe34c [00000000405fe34c]	ac82d66d sw     $v0,0xffffd66d($a0)
[va=98000000422001f4 pa=00000000422001f4]
1847 dcache  ac82d66d store hit           pol=3 VA=98000000422001f4 PA=0422001f0 line=0f hitv=00000100 ro=45670132 tag=042200 V=00001111 W=00000000 L=00000000
1847 scache  ac82d66d store hit           pol=3 VA=98000000422001f4 PA=0422001f0 line=00f hitv=0010 ro=3021 tag=02110 V=0111 W=0111 data=00000000517fe68f mask=00001111
1848 icache  ac82d66d load  hit           pol=3 VA=98000000405fe350 PA=0405fe350 line=1a hitv=00000010 ro=23456701 tag=0405fe V=00000011 L=00000000
1848 PC=0x98000000405fe350 [00000000405fe350]	3c0f9800 lui    $t7,0x9800
1848 Reg write t7=ffffffff98000000
1849 PC=0x98000000405fe354 [00000000405fe354]	000f7c38 dsll   $t7,$t7,16
1849 Reg write t7=ffff980000000000
1850 PC=0x98000000405fe358 [00000000405fe358]	35ef4150 ori    $t7,$t7,0x4150
1850 Reg write t7=ffff980000004150
1851 PC=0x98000000405fe35c [00000000405fe35c]	000f7c38 dsll   $t7,$t7,16
1851 Reg write t7=9800000041500000
1852 icache  000f7c38 load  miss refill   pol=3 VA=98000000405fe360 PA=0405fe360 line=1b hitv=00000000 ro=12345670 tag=000000 V=00000001 L=00000000
1852 PC=0x98000000405fe360 [00000000405fe360]	35ef7828 ori    $t7,$t7,0x7828
1852 Reg write t7=9800000041507828
1853 PC=0x98000000405fe364 [00000000405fe364]	81ea888f lb     $t2,0xffff888f($t7)
[va=98000000415000b7 pa=00000000415000b7]
1853 dcache  81ea888f load  miss refill   pol=3 VA=98000000415000b7 PA=0415000b0 line=05 hitv=00000000 ro=67012345 tag=000000 V=11111111 W=00000000 L=00000000
1853 scache  81ea888f load  miss refill   pol=3 VA=98000000415000b7 PA=0415000a0 line=005 hitv=0000 ro=1023 tag=00000 V=1111 W=1100
1853 Reg write t2=fffffffffffffff5
1854 PC=0x98000000405fe368 [00000000405fe368]	3c059800 lui    $a1,0x9800
1854 Reg write a1=ffffffff98000000
1855 PC=0x98000000405fe36c [00000000405fe36c]	00052c38 dsll   $a1,$a1,16
1855 Reg write a1=ffff980000000000
1856 icache  00052c38 load  hit           pol=3 VA=98000000405fe370 PA=0405fe370 line=1b hitv=00000010 ro=23456701 tag=0405fe V=00000011 L=00000000
1856 PC=0x98000000405fe370 [00000000405fe370]	34a55180 ori    $a1,$a1,0x5180
1856 Reg write a1=ffff980000005180
1857 PC=0x98000000405fe374 [00000000405fe374]	00052c38 dsll   $a1,$a1,16
1857 Reg write a1=9800000051800000
1858 PC=0x98000000405fe378 [00000000405fe378]	34a51a44 ori    $a1,$a1,0x1a44
1858 Reg write a1=9800000051801a44
1859 PC=0x98000000405fe37c [00000000405fe37c]	acaae6b0 sw     $t2,0xffffe6b0($a1)
[va=98000000518000f4 pa=00000000518000f4]
1859 dcache  acaae6b0 store miss w/alloc  pol=3 VA=98000000518000f4 PA=0518000f0 line=07 hitv=00000000 ro=12435607 tag=000000 V=11111111 W=00000000 L=00000000
1859 scache  acaae6b0 store miss w/alloc  pol=3 VA=98000000518000f4 PA=0518000f0 line=007 hitv=0000 ro=0123 tag=00000 V=1111 W=1111 data=00000000fffffff5 mask=00001111
1859 dmemacc: store 8 addr=0417000e0 data=68e154edc36e9f1a mask=11111111 cline 
1859 dmemacc: store 8 addr=0417000e8 data=0000007aced30f5c mask=11111111 cline 
1859 dmemacc: store 8 addr=0417000f0 data=c71c71c71c71c71c mask=11111111 cline 
1859 dmemacc: store 8 addr=0417000f8 data=0000000000000001 mask=11111111 cline 
1860 icache  acaae6b0 load  miss refill   pol=3 VA=98000000405fe380 PA=0405fe380 line=1c hitv=00000000 ro=12345670 tag=000000 V=00000001 L=00000000
1860 PC=0x98000000405fe380 [00000000405fe380]	3c029800 lui    $v0,0x9800
1860 Reg write v0=ffffffff98000000
1861 PC=0x98000000405fe384 [00000000405fe384]	00021438 dsll   $v0,$v0,16
1861 Reg write v0=ffff980000000000
1862 PC=0x98000000405fe388 [00000000405fe388]	34424027 ori    $v0,$v0,0x4027
1862 Reg write v0=ffff980000004027
1863 PC=0x98000000405fe38c [00000000405fe38c]	00021438 dsll   $v0,$v0,16
1863 Reg write v0=9800000040270000
1864 icache  00021438 load  hit           pol=3 VA=98000000405fe390 PA=0405fe390 line=1c hitv=00000010 ro=23456701 tag=0405fe V=00000011 L=00000000
1864 PC=0x98000000405fe390 [00000000405fe390]	3442ce0e ori    $v0,$v0,0xce0e
1864 Reg write v0=980000004027ce0e
1865 PC=0x98000000405fe394 [00000000405fe394]	904531a6 lbu    $a1,0x31a6($v0)
[va=980000004027ffb4 pa=000000004027ffb4]
1865 dcache  904531a6 load  miss refill   pol=3 VA=980000004027ffb4 PA=04027ffb0 line=7d hitv=00000000 ro=23467501 tag=000000 V=11111111 W=00000000 L=00000000
1865 scache  904531a6 load  miss refill   pol=3 VA=980000004027ffb4 PA=04027ffa0 line=ffd hitv=0000 ro=2310 tag=00000 V=1111 W=0111
1865 dmemacc: store 8 addr=0501fffa0 data=adb900c02de6e498 mask=11111111 cline 
1865 dmemacc: store 8 addr=0501fffa8 data=3917f36673aefe9f mask=11111111 cline 
1865 dmemacc: store 8 addr=0501fffb0 data=a7dfa0a48d096aab mask=11111111 cline 
1865 dmemacc: store 8 addr=0501fffb8 data=41a59fd31a3e336f mask=11111111 cline 
1865 Reg write a1=00000000000000e1
1866 PC=0x98000000405fe398 [00000000405fe398]	3c049800 lui    $a0,0x9800
1866 Reg write a0=ffffffff98000000
1867 PC=0x98000000405fe39c [00000000405fe39c]	00042438 dsll   $a0,$a0,16
1867 Reg write a0=ffff980000000000
1868 icache  00042438 load  miss refill   pol=3 VA=98000000405fe3a0 PA=0405fe3a0 line=1d hitv=00000000 ro=23456701 tag=000000 V=00000011 L=00000000
1868 PC=0x98000000405fe3a0 [00000000405fe3a0]	34844a4f ori    $a0,$a0,0x4a4f
1868 Reg write a0=ffff980000004a4f
1869 PC=0x98000000405fe3a4 [00000000405fe3a4]	00042438 dsll   $a0,$a0,16
1869 Reg write a0=980000004a4f0000
1870 PC=0x98000000405fe3a8 [00000000405fe3a8]	3484ff20 ori    $a0,$a0,0xff20
1870 Reg write a0=980000004a4fff20
1871 PC=0x98000000405fe3ac [00000000405fe3ac]	3c059800 lui    $a1,0x9800
1871 Reg write a1=ffffffff98000000
1872 icache  3c059800 load  hit           pol=3 VA=98000000405fe3b0 PA=0405fe3b0 line=1d hitv=00000100 ro=34567012 tag=0405fe V=00000111 L=00000000
1872 PC=0x98000000405fe3b0 [00000000405fe3b0]	00052c38 dsll   $a1,$a1,16
1872 Reg write a1=ffff980000000000
1873 PC=0x98000000405fe3b4 [00000000405fe3b4]	34a554af ori    $a1,$a1,0x54af
1873 Reg write a1=ffff9800000054af
1874 PC=0x98000000405fe3b8 [00000000405fe3b8]	00052c38 dsll   $a1,$a1,16
1874 Reg write a1=9800000054af0000
1875 PC=0x98000000405fe3bc [00000000405fe3bc]	34a5ff50 ori    $a1,$a1,0xff50
1875 Reg write a1=9800000054afff50
1876 icache  34a5ff50 load  miss refill   pol=3 VA=98000000405fe3c0 PA=0405fe3c0 line=1e hitv=00000000 ro=23456701 tag=000000 V=00000011 L=00000000
1876 PC=0x98000000405fe3c0 [00000000405fe3c0]	24060005 addiu  $a2,$r0,0x5
1876 Reg write a2=0000000000000005
1877 PC=0x98000000405fe3c4 [00000000405fe3c4]	fc890008 sd     $t1,0x8($a0)
[va=980000004a4fff28 pa=000000004a4fff28]
1877 dcache  fc890008 store miss w/alloc  pol=3 VA=980000004a4fff28 PA=04a4fff28 line=79 hitv=00000000 ro=70324516 tag=000000 V=01111111 W=00000000 L=00000000
1877 scache  fc890008 store miss w/alloc  pol=3 VA=980000004a4fff28 PA=04a4fff28 line=ff9 hitv=0000 ro=2031 tag=00000 V=1111 W=1111 data=9800000000005144 mask=11111111
1877 dmemacc: store 8 addr=0585fff20 data=30dd5ece5cf932a4 mask=11111111 cline 
1877 dmemacc: store 8 addr=0585fff28 data=1c532598a742a28c mask=11111111 cline 
1877 dmemacc: store 8 addr=0585fff30 data=ffffffffffffffff mask=11111111 cline 
1877 dmemacc: store 8 addr=0585fff38 data=9800000041706d5c mask=11111111 cline 
1878 PC=0x98000000405fe3c8 [00000000405fe3c8]	dcaf0028 ld     $t7,0x28($a1)
[va=9800000054afff78 pa=0000000054afff78]
1878 dcache  dcaf0028 load  miss refill   pol=3 VA=9800000054afff78 PA=054afff78 line=7b hitv=00000000 ro=64702531 tag=000000 V=11111111 W=00000000 L=00000000
1878 scache  dcaf0028 load  miss refill   pol=3 VA=9800000054afff78 PA=054afff60 line=ffb hitv=0000 ro=1023 tag=00000 V=1111 W=1110
1878 dmemacc: store 8 addr=0537fff60 data=3fd80f6d4a069e5c mask=11111111 cline 
1878 dmemacc: store 8 addr=0537fff68 data=98728480fcda45bc mask=11111111 cline 
1878 dmemacc: store 8 addr=0537fff70 data=2d5f7969e0bcf83e mask=11111111 cline 
1878 dmemacc: store 8 addr=0537fff78 data=b684aa61129d01d7 mask=11111111 cline 
1878 Reg write t7=fc53959d890fa89a
1879 PC=0x98000000405fe3cc [00000000405fe3cc]	64c6ffff daddiu $a2,$a2,0xffff
1879 Reg write a2=0000000000000004
1880 icache  64c6ffff load  hit           pol=3 VA=98000000405fe3d0 PA=0405fe3d0 line=1e hitv=00000100 ro=34567012 tag=0405fe V=00000111 L=00000000
1880 PC=0x98000000405fe3d0 [00000000405fe3d0]	fc8cffe0 sd     $t4,0xffffffe0($a0)
[va=980000004a4fff00 pa=000000004a4fff00]
1880 dcache  fc8cffe0 store miss w/alloc  pol=3 VA=980000004a4fff00 PA=04a4fff00 line=78 hitv=00000000 ro=23054671 tag=000000 V=11111111 W=00000000 L=00000000
1880 scache  fc8cffe0 store miss w/alloc  pol=3 VA=980000004a4fff00 PA=04a4fff00 line=ff8 hitv=0000 ro=2031 tag=00000 V=1111 W=0011 data=0000000000000001 mask=11111111
1881 PC=0x98000000405fe3d4 [00000000405fe3d4]	fc8fffe8 sd     $t7,0xffffffe8($a0)
[va=980000004a4fff08 pa=000000004a4fff08]
1881 dcache  fc8fffe8 store hit           pol=3 VA=980000004a4fff08 PA=04a4fff08 line=78 hitv=00000100 ro=30546712 tag=04a4ff V=11111111 W=00000000 L=00000000
1881 scache  fc8fffe8 store hit           pol=3 VA=980000004a4fff08 PA=04a4fff08 line=ff8 hitv=0100 ro=0312 tag=02527 V=1111 W=0111 data=fc53959d890fa89a mask=11111111
1882 PC=0x98000000405fe3d8 [00000000405fe3d8]	fc89fff8 sd     $t1,0xfffffff8($a0)
[va=980000004a4fff18 pa=000000004a4fff18]
1882 dcache  fc89fff8 store hit           pol=3 VA=980000004a4fff18 PA=04a4fff18 line=78 hitv=00000100 ro=30546712 tag=04a4ff V=11111111 W=00000000 L=00000000
1882 scache  fc89fff8 store hit           pol=3 VA=980000004a4fff18 PA=04a4fff18 line=ff8 hitv=0100 ro=0312 tag=02527 V=1111 W=0111 data=9800000000005144 mask=11111111
1883 PC=0x98000000405fe3dc [00000000405fe3dc]	fc880000 sd     $t0,0x0($a0)
[va=980000004a4fff20 pa=000000004a4fff20]
1883 dcache  fc880000 store hit           pol=3 VA=980000004a4fff20 PA=04a4fff20 line=79 hitv=10000000 ro=03245167 tag=04a4ff V=11111111 W=00000000 L=00000000
1883 scache  fc880000 store hit           pol=3 VA=980000004a4fff20 PA=04a4fff20 line=ff9 hitv=0100 ro=0312 tag=02527 V=1111 W=1111 data=0000000000004caf mask=11111111
1884 icache  fc880000 load  miss refill   pol=3 VA=98000000405fe3e0 PA=0405fe3e0 line=1f hitv=00000000 ro=12345670 tag=000000 V=00000001 L=00000000
1884 PC=0x98000000405fe3e0 [00000000405fe3e0]	fc8affd0 sd     $t2,0xffffffd0($a0)
[va=980000004a4ffef0 pa=000000004a4ffef0]
1884 dcache  fc8affd0 store miss w/alloc  pol=3 VA=980000004a4ffef0 PA=04a4ffef0 line=77 hitv=00000000 ro=12345670 tag=000000 V=00000001 W=00000000 L=00000000
1884 scache  fc8affd0 store miss w/alloc  pol=3 VA=980000004a4ffef0 PA=04a4ffef0 line=ff7 hitv=0000 ro=1230 tag=00000 V=0001 W=0001 data=fffffffffffffff5 mask=11111111
1885 PC=0x98000000405fe3e4 [00000000405fe3e4]	fc88fff0 sd     $t0,0xfffffff0($a0)
[va=980000004a4fff10 pa=000000004a4fff10]
1885 dcache  fc88fff0 store hit           pol=3 VA=980000004a4fff10 PA=04a4fff10 line=78 hitv=00000100 ro=30546712 tag=04a4ff V=11111111 W=00000000 L=00000000
1885 scache  fc88fff0 store hit           pol=3 VA=980000004a4fff10 PA=04a4fff10 line=ff8 hitv=0100 ro=0312 tag=02527 V=1111 W=0111 data=0000000000004caf mask=11111111
1886 PC=0x98000000405fe3e8 [00000000405fe3e8]	dcab0018 ld     $t3,0x18($a1)
[va=9800000054afff68 pa=0000000054afff68]
1886 dcache  dcab0018 load  hit           pol=3 VA=9800000054afff68 PA=054afff68 line=7b hitv=01000000 ro=47025316 tag=054aff V=11111111 W=00000000 L=00000000
1886 Reg write t3=ffffffffffffffff
1887 PC=0x98000000405fe3ec [00000000405fe3ec]	dca90008 ld     $t1,0x8($a1)
[va=9800000054afff58 pa=0000000054afff58]
1887 dcache  dca90008 load  miss refill   pol=3 VA=9800000054afff58 PA=054afff58 line=7a hitv=00000000 ro=30425671 tag=000000 V=11111111 W=00000000 L=00000000
1887 scache  dca90008 load  miss refill   pol=3 VA=9800000054afff58 PA=054afff40 line=ffa hitv=0000 ro=1302 tag=00000 V=1111 W=0011
1887 dmemacc: store 8 addr=0537fff40 data=60623a0f546d692f mask=11111111 cline 
1887 dmemacc: store 8 addr=0537fff48 data=a74fac225341fb4d mask=11111111 cline 
1887 dmemacc: store 8 addr=0537fff50 data=ffffffff80000000 mask=11111111 cline 
1887 dmemacc: store 8 addr=0537fff58 data=105e73d6cac4cea1 mask=11111111 cline 
1887 Reg write t1=3dfecb4be4f2eadf
1888 icache  dca90008 load  hit           pol=3 VA=98000000405fe3f0 PA=0405fe3f0 line=1f hitv=00000010 ro=23456701 tag=0405fe V=00000011 L=00000000
1888 PC=0x98000000405fe3f0 [00000000405fe3f0]	dcac0020 ld     $t4,0x20($a1)
[va=9800000054afff70 pa=0000000054afff70]
1888 dcache  dcac0020 load  hit           pol=3 VA=9800000054afff70 PA=054afff70 line=7b hitv=01000000 ro=47025316 tag=054aff V=11111111 W=00000000 L=00000000
1888 Reg write t4=000001ffffffffff
1889 PC=0x98000000405fe3f4 [00000000405fe3f4]	fc8bffd8 sd     $t3,0xffffffd8($a0)
[va=980000004a4ffef8 pa=000000004a4ffef8]
1889 dcache  fc8bffd8 store hit           pol=3 VA=980000004a4ffef8 PA=04a4ffef8 line=77 hitv=00000010 ro=23456701 tag=04a4ff V=00000011 W=00000000 L=00000000
1889 scache  fc8bffd8 store hit           pol=3 VA=980000004a4ffef8 PA=04a4ffef8 line=ff7 hitv=0010 ro=2301 tag=02527 V=0011 W=0011 data=ffffffffffffffff mask=11111111
1890 PC=0x98000000405fe3f8 [00000000405fe3f8]	dcaa0010 ld     $t2,0x10($a1)
[va=9800000054afff60 pa=0000000054afff60]
1890 dcache  dcaa0010 load  hit           pol=3 VA=9800000054afff60 PA=054afff60 line=7b hitv=01000000 ro=47025316 tag=054aff V=11111111 W=00000000 L=00000000
1890 Reg write t2=609d10fdb9182685
1891 PC=0x98000000405fe3fc [00000000405fe3fc]	64840040 daddiu $a0,$a0,0x40
1891 Reg write a0=980000004a4fff60
1892 icache  64840040 load  miss refill   pol=3 VA=98000000405fe400 PA=0405fe400 line=20 hitv=00000000 ro=12345670 tag=000000 V=00000001 L=00000000
1892 PC=0x98000000405fe400 [00000000405fe400]	64a50040 daddiu $a1,$a1,0x40
1892 Reg write a1=9800000054afff90
1893 PC=0x98000000405fe404 [00000000405fe404]	dca90038 ld     $t1,0x38($a1)
[va=9800000054afffc8 pa=0000000054afffc8]
1893 dcache  dca90038 load  miss refill   pol=3 VA=9800000054afffc8 PA=054afffc8 line=7e hitv=00000000 ro=01235674 tag=000000 V=11111111 W=00000000 L=00000000
1893 scache  dca90038 load  miss refill   pol=3 VA=9800000054afffc8 PA=054afffc0 line=ffe hitv=0000 ro=1203 tag=00000 V=1111 W=1010
1893 dmemacc: store 8 addr=0537fffc0 data=2d5f7969e0bcf83e mask=11111111 cline 
1893 dmemacc: store 8 addr=0537fffc8 data=14cabcd24b084f68 mask=11111111 cline 
1893 dmemacc: store 8 addr=0537fffd0 data=ffffffffffffffff mask=11111111 cline 
1893 dmemacc: store 8 addr=0537fffd8 data=ec5bf0a74cf94afc mask=11111111 cline 
1893 Reg write t1=8ae8febb6fa2f68d
1894 PC=0x98000000405fe408 [00000000405fe408]	dca80000 ld     $t0,0x0($a1)
[va=9800000054afff90 pa=0000000054afff90]
1894 dcache  dca80000 load  miss refill   pol=3 VA=9800000054afff90 PA=054afff90 line=7c hitv=00000000 ro=14230756 tag=000000 V=11111111 W=00000000 L=00000000
1894 scache  dca80000 load  miss refill   pol=3 VA=9800000054afff90 PA=054afff80 line=ffc hitv=0000 ro=0132 tag=00000 V=1111 W=0110
1894 Reg write t0=5555555555555555
1895 PC=0x98000000405fe40c [00000000405fe40c]	14c0ffed bne    $a2,$r0,0x98000000405fe3c4
1896 icache  14c0ffed load  hit           pol=3 VA=98000000405fe410 PA=0405fe410 line=20 hitv=00000010 ro=23456701 tag=0405fe V=00000011 L=00000000
1896 PC=0x98000000405fe410 [00000000405fe410]	dca80030 ld     $t0,0x30($a1)
[va=9800000054afffc0 pa=0000000054afffc0]
1896 dcache  dca80030 load  hit           pol=3 VA=9800000054afffc0 PA=054afffc0 line=7e hitv=00000001 ro=12356740 tag=054aff V=11111111 W=00000000 L=00000000
1896 Reg write t0=fffffffffffc0000
1897 icache  dca80030 load  hit           pol=3 VA=98000000405fe3c4 PA=0405fe3c0 line=1e hitv=00000100 ro=34567012 tag=0405fe V=00000111 L=00000000
1897 PC=0x98000000405fe3c4 [00000000405fe3c4]	fc890008 sd     $t1,0x8($a0)
[va=980000004a4fff68 pa=000000004a4fff68]
1897 dcache  fc890008 store miss w/alloc  pol=3 VA=980000004a4fff68 PA=04a4fff68 line=7b hitv=00000000 ro=47025316 tag=000000 V=11111111 W=00000000 L=00000000
1897 scache  fc890008 store miss w/alloc  pol=3 VA=980000004a4fff68 PA=04a4fff68 line=ffb hitv=0000 ro=0231 tag=00000 V=1111 W=1100 data=8ae8febb6fa2f68d mask=11111111
1898 PC=0x98000000405fe3c8 [00000000405fe3c8]	dcaf0028 ld     $t7,0x28($a1)
[va=9800000054afffb8 pa=0000000054afffb8]
1898 dcache  dcaf0028 load  miss refill   pol=3 VA=9800000054afffb8 PA=054afffb8 line=7d hitv=00000000 ro=34675012 tag=000000 V=11111111 W=00000000 L=00000000
1898 scache  dcaf0028 load  miss refill   pol=3 VA=9800000054afffb8 PA=054afffa0 line=ffd hitv=0000 ro=3102 tag=00000 V=1111 W=0011
1898 Reg write t7=c7baf541170e8c39
1899 PC=0x98000000405fe3cc [00000000405fe3cc]	64c6ffff daddiu $a2,$a2,0xffff
1899 Reg write a2=0000000000000003
1900 icache  64c6ffff load  hit           pol=3 VA=98000000405fe3d0 PA=0405fe3d0 line=1e hitv=00000100 ro=34567012 tag=0405fe V=00000111 L=00000000
1900 PC=0x98000000405fe3d0 [00000000405fe3d0]	fc8cffe0 sd     $t4,0xffffffe0($a0)
[va=980000004a4fff40 pa=000000004a4fff40]
1900 dcache  fc8cffe0 store miss w/alloc  pol=3 VA=980000004a4fff40 PA=04a4fff40 line=7a hitv=00000000 ro=04256713 tag=000000 V=11111111 W=00000000 L=00000000
1900 scache  fc8cffe0 store miss w/alloc  pol=3 VA=980000004a4fff40 PA=04a4fff40 line=ffa hitv=0000 ro=3021 tag=00000 V=1111 W=0001 data=000001ffffffffff mask=11111111
1901 PC=0x98000000405fe3d4 [00000000405fe3d4]	fc8fffe8 sd     $t7,0xffffffe8($a0)
[va=980000004a4fff48 pa=000000004a4fff48]
1901 dcache  fc8fffe8 store hit           pol=3 VA=980000004a4fff48 PA=04a4fff48 line=7a hitv=00000001 ro=42567130 tag=04a4ff V=11111111 W=00000000 L=00000000
1901 scache  fc8fffe8 store hit           pol=3 VA=980000004a4fff48 PA=04a4fff48 line=ffa hitv=1000 ro=0213 tag=02527 V=1111 W=1001 data=c7baf541170e8c39 mask=11111111
1902 PC=0x98000000405fe3d8 [00000000405fe3d8]	fc89fff8 sd     $t1,0xfffffff8($a0)
[va=980000004a4fff58 pa=000000004a4fff58]
1902 dcache  fc89fff8 store hit           pol=3 VA=980000004a4fff58 PA=04a4fff58 line=7a hitv=00000001 ro=42567130 tag=04a4ff V=11111111 W=00000000 L=00000000
1902 scache  fc89fff8 store hit           pol=3 VA=980000004a4fff58 PA=04a4fff58 line=ffa hitv=1000 ro=0213 tag=02527 V=1111 W=1001 data=8ae8febb6fa2f68d mask=11111111
1903 PC=0x98000000405fe3dc [00000000405fe3dc]	fc880000 sd     $t0,0x0($a0)
[va=980000004a4fff60 pa=000000004a4fff60]
1903 dcache  fc880000 store hit           pol=3 VA=980000004a4fff60 PA=04a4fff60 line=7b hitv=00010000 ro=70253164 tag=04a4ff V=11111111 W=00000000 L=00000000
1903 scache  fc880000 store hit           pol=3 VA=980000004a4fff60 PA=04a4fff60 line=ffb hitv=0001 ro=2310 tag=02527 V=1111 W=1101 data=fffffffffffc0000 mask=11111111
1904 icache  fc880000 load  hit           pol=3 VA=98000000405fe3e0 PA=0405fe3e0 line=1f hitv=00000010 ro=23456701 tag=0405fe V=00000011 L=00000000
1904 PC=0x98000000405fe3e0 [00000000405fe3e0]	fc8affd0 sd     $t2,0xffffffd0($a0)
[va=980000004a4fff30 pa=000000004a4fff30]
1904 dcache  fc8affd0 store hit           pol=3 VA=980000004a4fff30 PA=04a4fff30 line=79 hitv=10000000 ro=03245167 tag=04a4ff V=11111111 W=00000000 L=00000000
1904 scache  fc8affd0 store hit           pol=3 VA=980000004a4fff30 PA=04a4fff30 line=ff9 hitv=0100 ro=0312 tag=02527 V=1111 W=1111 data=609d10fdb9182685 mask=11111111
1905 PC=0x98000000405fe3e4 [00000000405fe3e4]	fc88fff0 sd     $t0,0xfffffff0($a0)
[va=980000004a4fff50 pa=000000004a4fff50]
1905 dcache  fc88fff0 store hit           pol=3 VA=980000004a4fff50 PA=04a4fff50 line=7a hitv=00000001 ro=42567130 tag=04a4ff V=11111111 W=00000000 L=00000000
1905 scache  fc88fff0 store hit           pol=3 VA=980000004a4fff50 PA=04a4fff50 line=ffa hitv=1000 ro=0213 tag=02527 V=1111 W=1001 data=fffffffffffc0000 mask=11111111
1906 PC=0x98000000405fe3e8 [00000000405fe3e8]	dcab0018 ld     $t3,0x18($a1)
[va=9800000054afffa8 pa=0000000054afffa8]
1906 dcache  dcab0018 load  hit           pol=3 VA=9800000054afffa8 PA=054afffa8 line=7d hitv=00001000 ro=46750123 tag=054aff V=11111111 W=00000000 L=00000000
1906 Reg write t3=b007230534ba850a
1907 PC=0x98000000405fe3ec [00000000405fe3ec]	dca90008 ld     $t1,0x8($a1)
[va=9800000054afff98 pa=0000000054afff98]
1907 dcache  dca90008 load  hit           pol=3 VA=9800000054afff98 PA=054afff98 line=7c hitv=00000010 ro=42307561 tag=054aff V=11111111 W=00000000 L=00000000
1907 Reg write t1=ebd61931bd914e80
1908 icache  dca90008 load  hit           pol=3 VA=98000000405fe3f0 PA=0405fe3f0 line=1f hitv=00000010 ro=23456701 tag=0405fe V=00000011 L=00000000
1908 PC=0x98000000405fe3f0 [00000000405fe3f0]	dcac0020 ld     $t4,0x20($a1)
[va=9800000054afffb0 pa=0000000054afffb0]
1908 dcache  dcac0020 load  hit           pol=3 VA=9800000054afffb0 PA=054afffb0 line=7d hitv=00001000 ro=46750123 tag=054aff V=11111111 W=00000000 L=00000000
1908 Reg write t4=0000000000000001
1909 PC=0x98000000405fe3f4 [00000000405fe3f4]	fc8bffd8 sd     $t3,0xffffffd8($a0)
[va=980000004a4fff38 pa=000000004a4fff38]
1909 dcache  fc8bffd8 store hit           pol=3 VA=980000004a4fff38 PA=04a4fff38 line=79 hitv=10000000 ro=03245167 tag=04a4ff V=11111111 W=00000000 L=00000000
1909 scache  fc8bffd8 store hit           pol=3 VA=980000004a4fff38 PA=04a4fff38 line=ff9 hitv=0100 ro=0312 tag=02527 V=1111 W=1111 data=b007230534ba850a mask=11111111
1910 PC=0x98000000405fe3f8 [00000000405fe3f8]	dcaa0010 ld     $t2,0x10($a1)
[va=9800000054afffa0 pa=0000000054afffa0]
1910 dcache  dcaa0010 load  hit           pol=3 VA=9800000054afffa0 PA=054afffa0 line=7d hitv=00001000 ro=46750123 tag=054aff V=11111111 W=00000000 L=00000000
1910 Reg write t2=e90a373086c2776e
1911 PC=0x98000000405fe3fc [00000000405fe3fc]	64840040 daddiu $a0,$a0,0x40
1911 Reg write a0=980000004a4fffa0
1912 icache  64840040 load  hit           pol=3 VA=98000000405fe400 PA=0405fe400 line=20 hitv=00000010 ro=23456701 tag=0405fe V=00000011 L=00000000
1912 PC=0x98000000405fe400 [00000000405fe400]	64a50040 daddiu $a1,$a1,0x40
1912 Reg write a1=9800000054afffd0
1913 PC=0x98000000405fe404 [00000000405fe404]	dca90038 ld     $t1,0x38($a1)
[va=9800000054b00008 pa=0000000054b00008]
1913 dcache  dca90038 load  miss refill   pol=3 VA=9800000054b00008 PA=054b00008 line=00 hitv=00000000 ro=03561472 tag=000000 V=11111111 W=00000000 L=00000000
1913 scache  dca90038 load  miss refill   pol=3 VA=9800000054b00008 PA=054b00000 line=000 hitv=0000 ro=3012 tag=00000 V=1111 W=0100
1913 Reg write t1=67f77cf7e791e354
1914 PC=0x98000000405fe408 [00000000405fe408]	dca80000 ld     $t0,0x0($a1)
[va=9800000054afffd0 pa=0000000054afffd0]
1914 dcache  dca80000 load  hit           pol=3 VA=9800000054afffd0 PA=054afffd0 line=7e hitv=00000001 ro=12356740 tag=054aff V=11111111 W=00000000 L=00000000
1914 Reg write t0=7fffffffffffffff
1915 PC=0x98000000405fe40c [00000000405fe40c]	14c0ffed bne    $a2,$r0,0x98000000405fe3c4
1916 icache  14c0ffed load  hit           pol=3 VA=98000000405fe410 PA=0405fe410 line=20 hitv=00000010 ro=23456701 tag=0405fe V=00000011 L=00000000
1916 PC=0x98000000405fe410 [00000000405fe410]	dca80030 ld     $t0,0x30($a1)
[va=9800000054b00000 pa=0000000054b00000]
1916 dcache  dca80030 load  hit           pol=3 VA=9800000054b00000 PA=054b00000 line=00 hitv=00000001 ro=35614720 tag=054b00 V=11111111 W=00000000 L=00000000
1916 Reg write t0=1ded744da1a5ca1f
1917 icache  dca80030 load  hit           pol=3 VA=98000000405fe3c4 PA=0405fe3c0 line=1e hitv=00000100 ro=34567012 tag=0405fe V=00000111 L=00000000
1917 PC=0x98000000405fe3c4 [00000000405fe3c4]	fc890008 sd     $t1,0x8($a0)
[va=980000004a4fffa8 pa=000000004a4fffa8]
1917 dcache  fc890008 store miss w/alloc  pol=3 VA=980000004a4fffa8 PA=04a4fffa8 line=7d hitv=00000000 ro=46750123 tag=000000 V=11111111 W=00000000 L=00000000
1917 scache  fc890008 store miss w/alloc  pol=3 VA=980000004a4fffa8 PA=04a4fffa8 line=ffd hitv=0000 ro=1023 tag=00000 V=1111 W=0011 data=67f77cf7e791e354 mask=11111111
1917 dmemacc: store 8 addr=04d1fffa0 data=1843c36657384879 mask=11111111 cline 
1917 dmemacc: store 8 addr=04d1fffa8 data=8e38e38e38e38e38 mask=11111111 cline 
1917 dmemacc: store 8 addr=04d1fffb0 data=ffffffffc0000000 mask=11111111 cline 
1917 dmemacc: store 8 addr=04d1fffb8 data=2b43211c6ebed0cc mask=11111111 cline 
1918 PC=0x98000000405fe3c8 [00000000405fe3c8]	dcaf0028 ld     $t7,0x28($a1)
[va=9800000054affff8 pa=0000000054affff8]
1918 dcache  dcaf0028 load  miss refill   pol=3 VA=9800000054affff8 PA=054affff8 line=7f hitv=00000000 ro=70123546 tag=000000 V=11111111 W=00000000 L=00000000
1918 scache  dcaf0028 load  miss refill   pol=3 VA=9800000054affff8 PA=054afffe0 line=fff hitv=0000 ro=3102 tag=00000 V=1111 W=0111
1918 Reg write t7=ffffffffffffffff
1919 PC=0x98000000405fe3cc [00000000405fe3cc]	64c6ffff daddiu $a2,$a2,0xffff
1919 Reg write a2=0000000000000002
1920 icache  64c6ffff load  hit           pol=3 VA=98000000405fe3d0 PA=0405fe3d0 line=1e hitv=00000100 ro=34567012 tag=0405fe V=00000111 L=00000000
1920 PC=0x98000000405fe3d0 [00000000405fe3d0]	fc8cffe0 sd     $t4,0xffffffe0($a0)
[va=980000004a4fff80 pa=000000004a4fff80]
1920 dcache  fc8cffe0 store miss w/alloc  pol=3 VA=980000004a4fff80 PA=04a4fff80 line=7c hitv=00000000 ro=42307561 tag=000000 V=11111111 W=00000000 L=00000000
1920 scache  fc8cffe0 store miss w/alloc  pol=3 VA=980000004a4fff80 PA=04a4fff80 line=ffc hitv=0000 ro=1320 tag=00000 V=1111 W=0110 data=0000000000000001 mask=11111111
1920 dmemacc: store 8 addr=0537fff80 data=516dfd11eb36402b mask=11111111 cline 
1920 dmemacc: store 8 addr=0537fff88 data=07874cb994fefef7 mask=11111111 cline 
1920 dmemacc: store 8 addr=0537fff90 data=f23536d62ebfb22d mask=11111111 cline 
1920 dmemacc: store 8 addr=0537fff98 data=ebd8060690735fbf mask=11111111 cline 
1921 PC=0x98000000405fe3d4 [00000000405fe3d4]	fc8fffe8 sd     $t7,0xffffffe8($a0)
[va=980000004a4fff88 pa=000000004a4fff88]
1921 dcache  fc8fffe8 store hit           pol=3 VA=980000004a4fff88 PA=04a4fff88 line=7c hitv=00010000 ro=23075614 tag=04a4ff V=11111111 W=00000000 L=00000000
1921 scache  fc8fffe8 store hit           pol=3 VA=980000004a4fff88 PA=04a4fff88 line=ffc hitv=0010 ro=3201 tag=02527 V=1111 W=0110 data=ffffffffffffffff mask=11111111
1922 PC=0x98000000405fe3d8 [00000000405fe3d8]	fc89fff8 sd     $t1,0xfffffff8($a0)
[va=980000004a4fff98 pa=000000004a4fff98]
1922 dcache  fc89fff8 store hit           pol=3 VA=980000004a4fff98 PA=04a4fff98 line=7c hitv=00010000 ro=23075614 tag=04a4ff V=11111111 W=00000000 L=00000000
1922 scache  fc89fff8 store hit           pol=3 VA=980000004a4fff98 PA=04a4fff98 line=ffc hitv=0010 ro=3201 tag=02527 V=1111 W=0110 data=67f77cf7e791e354 mask=11111111
1923 PC=0x98000000405fe3dc [00000000405fe3dc]	fc880000 sd     $t0,0x0($a0)
[va=980000004a4fffa0 pa=000000004a4fffa0]
1923 dcache  fc880000 store hit           pol=3 VA=980000004a4fffa0 PA=04a4fffa0 line=7d hitv=00010000 ro=67501234 tag=04a4ff V=11111111 W=00000000 L=00000000
1923 scache  fc880000 store hit           pol=3 VA=980000004a4fffa0 PA=04a4fffa0 line=ffd hitv=0010 ro=0231 tag=02527 V=1111 W=0011 data=1ded744da1a5ca1f mask=11111111
1924 icache  fc880000 load  hit           pol=3 VA=98000000405fe3e0 PA=0405fe3e0 line=1f hitv=00000010 ro=23456701 tag=0405fe V=00000011 L=00000000
1924 PC=0x98000000405fe3e0 [00000000405fe3e0]	fc8affd0 sd     $t2,0xffffffd0($a0)
[va=980000004a4fff70 pa=000000004a4fff70]
1924 dcache  fc8affd0 store hit           pol=3 VA=980000004a4fff70 PA=04a4fff70 line=7b hitv=00010000 ro=70253164 tag=04a4ff V=11111111 W=00000000 L=00000000
1924 scache  fc8affd0 store hit           pol=3 VA=980000004a4fff70 PA=04a4fff70 line=ffb hitv=0001 ro=2310 tag=02527 V=1111 W=1101 data=e90a373086c2776e mask=11111111
1925 PC=0x98000000405fe3e4 [00000000405fe3e4]	fc88fff0 sd     $t0,0xfffffff0($a0)
[va=980000004a4fff90 pa=000000004a4fff90]
1925 dcache  fc88fff0 store hit           pol=3 VA=980000004a4fff90 PA=04a4fff90 line=7c hitv=00010000 ro=23075614 tag=04a4ff V=11111111 W=00000000 L=00000000
1925 scache  fc88fff0 store hit           pol=3 VA=980000004a4fff90 PA=04a4fff90 line=ffc hitv=0010 ro=3201 tag=02527 V=1111 W=0110 data=1ded744da1a5ca1f mask=11111111
1926 PC=0x98000000405fe3e8 [00000000405fe3e8]	dcab0018 ld     $t3,0x18($a1)
[va=9800000054afffe8 pa=0000000054afffe8]
1926 dcache  dcab0018 load  hit           pol=3 VA=9800000054afffe8 PA=054afffe8 line=7f hitv=10000000 ro=01235467 tag=054aff V=11111111 W=00000000 L=00000000
1926 Reg write t3=00ffe003ff800ffe
1927 PC=0x98000000405fe3ec [00000000405fe3ec]	dca90008 ld     $t1,0x8($a1)
[va=9800000054afffd8 pa=0000000054afffd8]
1927 dcache  dca90008 load  hit           pol=3 VA=9800000054afffd8 PA=054afffd8 line=7e hitv=00000001 ro=12356740 tag=054aff V=11111111 W=00000000 L=00000000
1927 Reg write t1=0000000000000000
1928 icache  dca90008 load  hit           pol=3 VA=98000000405fe3f0 PA=0405fe3f0 line=1f hitv=00000010 ro=23456701 tag=0405fe V=00000011 L=00000000
1928 PC=0x98000000405fe3f0 [00000000405fe3f0]	dcac0020 ld     $t4,0x20($a1)
[va=9800000054affff0 pa=0000000054affff0]
1928 dcache  dcac0020 load  hit           pol=3 VA=9800000054affff0 PA=054affff0 line=7f hitv=10000000 ro=01235467 tag=054aff V=11111111 W=00000000 L=00000000
1928 Reg write t4=7fffffffffffffff
1929 PC=0x98000000405fe3f4 [00000000405fe3f4]	fc8bffd8 sd     $t3,0xffffffd8($a0)
[va=980000004a4fff78 pa=000000004a4fff78]
1929 dcache  fc8bffd8 store hit           pol=3 VA=980000004a4fff78 PA=04a4fff78 line=7b hitv=00010000 ro=70253164 tag=04a4ff V=11111111 W=00000000 L=00000000
1929 scache  fc8bffd8 store hit           pol=3 VA=980000004a4fff78 PA=04a4fff78 line=ffb hitv=0001 ro=2310 tag=02527 V=1111 W=1101 data=00ffe003ff800ffe mask=11111111
1930 PC=0x98000000405fe3f8 [00000000405fe3f8]	dcaa0010 ld     $t2,0x10($a1)
[va=9800000054afffe0 pa=0000000054afffe0]
1930 dcache  dcaa0010 load  hit           pol=3 VA=9800000054afffe0 PA=054afffe0 line=7f hitv=10000000 ro=01235467 tag=054aff V=11111111 W=00000000 L=00000000
1930 Reg write t2=39dfaeef30e506d9
1931 PC=0x98000000405fe3fc [00000000405fe3fc]	64840040 daddiu $a0,$a0,0x40
1931 Reg write a0=980000004a4fffe0
1932 icache  64840040 load  hit           pol=3 VA=98000000405fe400 PA=0405fe400 line=20 hitv=00000010 ro=23456701 tag=0405fe V=00000011 L=00000000
1932 PC=0x98000000405fe400 [00000000405fe400]	64a50040 daddiu $a1,$a1,0x40
1932 Reg write a1=9800000054b00010
1933 PC=0x98000000405fe404 [00000000405fe404]	dca90038 ld     $t1,0x38($a1)
[va=9800000054b00048 pa=0000000054b00048]
1933 dcache  dca90038 load  miss refill   pol=3 VA=9800000054b00048 PA=054b00048 line=02 hitv=00000000 ro=56701432 tag=000000 V=11111111 W=00000000 L=00000000
1933 scache  dca90038 load  miss refill   pol=3 VA=9800000054b00048 PA=054b00040 line=002 hitv=0000 ro=1230 tag=00000 V=1111 W=0011
1933 dmemacc: store 8 addr=043800040 data=1fffffffffffffff mask=11111111 cline 
1933 dmemacc: store 8 addr=043800048 data=aaaaaaaaaaaaaaaa mask=11111111 cline 
1933 dmemacc: store 8 addr=043800050 data=7543ecbe3df2939e mask=11111111 cline 
1933 dmemacc: store 8 addr=043800058 data=7b9c5ad1675f19b9 mask=11111111 cline 
1933 Reg write t1=67ae34e3b9fb2ca7
1934 PC=0x98000000405fe408 [00000000405fe408]	dca80000 ld     $t0,0x0($a1)
[va=9800000054b00010 pa=0000000054b00010]
1934 dcache  dca80000 load  hit           pol=3 VA=9800000054b00010 PA=054b00010 line=00 hitv=00000001 ro=35614720 tag=054b00 V=11111111 W=00000000 L=00000000
1934 Reg write t0=fffffffffffffffe
1935 PC=0x98000000405fe40c [00000000405fe40c]	14c0ffed bne    $a2,$r0,0x98000000405fe3c4
1936 icache  14c0ffed load  hit           pol=3 VA=98000000405fe410 PA=0405fe410 line=20 hitv=00000010 ro=23456701 tag=0405fe V=00000011 L=00000000
1936 PC=0x98000000405fe410 [00000000405fe410]	dca80030 ld     $t0,0x30($a1)
[va=9800000054b00040 pa=0000000054b00040]
1936 dcache  dca80030 load  hit           pol=3 VA=9800000054b00040 PA=054b00040 line=02 hitv=00100000 ro=67014325 tag=054b00 V=11111111 W=00000000 L=00000000
1936 Reg write t0=5d48d0ed3ed5dee0
1937 icache  dca80030 load  hit           pol=3 VA=98000000405fe3c4 PA=0405fe3c0 line=1e hitv=00000100 ro=34567012 tag=0405fe V=00000111 L=00000000
1937 PC=0x98000000405fe3c4 [00000000405fe3c4]	fc890008 sd     $t1,0x8($a0)
[va=980000004a4fffe8 pa=000000004a4fffe8]
1937 dcache  fc890008 store miss w/alloc  pol=3 VA=980000004a4fffe8 PA=04a4fffe8 line=7f hitv=00000000 ro=01235467 tag=000000 V=11111111 W=00000000 L=00000000
1937 scache  fc890008 store miss w/alloc  pol=3 VA=980000004a4fffe8 PA=04a4fffe8 line=fff hitv=0000 ro=1023 tag=00000 V=1111 W=0111 data=67ae34e3b9fb2ca7 mask=11111111
1937 dmemacc: store 8 addr=04d1fffe0 data=ac649e14500d0076 mask=11111111 cline 
1937 dmemacc: store 8 addr=04d1fffe8 data=2ad109ba88a49505 mask=11111111 cline 
1937 dmemacc: store 8 addr=04d1ffff0 data=d3ece21146243854 mask=11111111 cline 
1937 dmemacc: store 8 addr=04d1ffff8 data=8e38e38e38e38e38 mask=11111111 cline 
1938 PC=0x98000000405fe3c8 [00000000405fe3c8]	dcaf0028 ld     $t7,0x28($a1)
[va=9800000054b00038 pa=0000000054b00038]
1938 dcache  dcaf0028 load  miss refill   pol=3 VA=9800000054b00038 PA=054b00038 line=01 hitv=00000000 ro=01234567 tag=000000 V=11111111 W=00000000 L=00000000
1938 scache  dcaf0028 load  miss refill   pol=3 VA=9800000054b00038 PA=054b00020 line=001 hitv=0000 ro=3012 tag=00000 V=1111 W=1100
1938 dmemacc: store 8 addr=043800020 data=98000000504fff30 mask=11111111 cline 
1938 dmemacc: store 8 addr=043800028 data=1f2728489901bc5c mask=11111111 cline 
1938 dmemacc: store 8 addr=043800030 data=0000000000000001 mask=11111111 cline 
1938 dmemacc: store 8 addr=043800038 data=fffffe0000000000 mask=11111111 cline 
1938 Reg write t7=f548f0fc750a0746
1939 PC=0x98000000405fe3cc [00000000405fe3cc]	64c6ffff daddiu $a2,$a2,0xffff
1939 Reg write a2=0000000000000001
1940 icache  64c6ffff load  hit           pol=3 VA=98000000405fe3d0 PA=0405fe3d0 line=1e hitv=00000100 ro=34567012 tag=0405fe V=00000111 L=00000000
1940 PC=0x98000000405fe3d0 [00000000405fe3d0]	fc8cffe0 sd     $t4,0xffffffe0($a0)
[va=980000004a4fffc0 pa=000000004a4fffc0]
1940 dcache  fc8cffe0 store miss w/alloc  pol=3 VA=980000004a4fffc0 PA=04a4fffc0 line=7e hitv=00000000 ro=12356740 tag=000000 V=11111111 W=00000000 L=00000000
1940 scache  fc8cffe0 store miss w/alloc  pol=3 VA=980000004a4fffc0 PA=04a4fffc0 line=ffe hitv=0000 ro=2031 tag=00000 V=1111 W=1000 data=7fffffffffffffff mask=11111111
1941 PC=0x98000000405fe3d4 [00000000405fe3d4]	fc8fffe8 sd     $t7,0xffffffe8($a0)
[va=980000004a4fffc8 pa=000000004a4fffc8]
1941 dcache  fc8fffe8 store hit           pol=3 VA=980000004a4fffc8 PA=04a4fffc8 line=7e hitv=00000010 ro=23567401 tag=04a4ff V=11111111 W=00000000 L=00000000
1941 scache  fc8fffe8 store hit           pol=3 VA=980000004a4fffc8 PA=04a4fffc8 line=ffe hitv=0100 ro=0312 tag=02527 V=1111 W=1100 data=f548f0fc750a0746 mask=11111111
1942 PC=0x98000000405fe3d8 [00000000405fe3d8]	fc89fff8 sd     $t1,0xfffffff8($a0)
[va=980000004a4fffd8 pa=000000004a4fffd8]
1942 dcache  fc89fff8 store hit           pol=3 VA=980000004a4fffd8 PA=04a4fffd8 line=7e hitv=00000010 ro=23567401 tag=04a4ff V=11111111 W=00000000 L=00000000
1942 scache  fc89fff8 store hit           pol=3 VA=980000004a4fffd8 PA=04a4fffd8 line=ffe hitv=0100 ro=0312 tag=02527 V=1111 W=1100 data=67ae34e3b9fb2ca7 mask=11111111
1943 PC=0x98000000405fe3dc [00000000405fe3dc]	fc880000 sd     $t0,0x0($a0)
[va=980000004a4fffe0 pa=000000004a4fffe0]
1943 dcache  fc880000 store hit           pol=3 VA=980000004a4fffe0 PA=04a4fffe0 line=7f hitv=00000001 ro=12354670 tag=04a4ff V=11111111 W=00000000 L=00000000
1943 scache  fc880000 store hit           pol=3 VA=980000004a4fffe0 PA=04a4fffe0 line=fff hitv=0010 ro=0231 tag=02527 V=1111 W=0111 data=5d48d0ed3ed5dee0 mask=11111111
1944 icache  fc880000 load  hit           pol=3 VA=98000000405fe3e0 PA=0405fe3e0 line=1f hitv=00000010 ro=23456701 tag=0405fe V=00000011 L=00000000
1944 PC=0x98000000405fe3e0 [00000000405fe3e0]	fc8affd0 sd     $t2,0xffffffd0($a0)
[va=980000004a4fffb0 pa=000000004a4fffb0]
1944 dcache  fc8affd0 store hit           pol=3 VA=980000004a4fffb0 PA=04a4fffb0 line=7d hitv=00010000 ro=67501234 tag=04a4ff V=11111111 W=00000000 L=00000000
1944 scache  fc8affd0 store hit           pol=3 VA=980000004a4fffb0 PA=04a4fffb0 line=ffd hitv=0010 ro=0231 tag=02527 V=1111 W=0011 data=39dfaeef30e506d9 mask=11111111
1945 PC=0x98000000405fe3e4 [00000000405fe3e4]	fc88fff0 sd     $t0,0xfffffff0($a0)
[va=980000004a4fffd0 pa=000000004a4fffd0]
1945 dcache  fc88fff0 store hit           pol=3 VA=980000004a4fffd0 PA=04a4fffd0 line=7e hitv=00000010 ro=23567401 tag=04a4ff V=11111111 W=00000000 L=00000000
1945 scache  fc88fff0 store hit           pol=3 VA=980000004a4fffd0 PA=04a4fffd0 line=ffe hitv=0100 ro=0312 tag=02527 V=1111 W=1100 data=5d48d0ed3ed5dee0 mask=11111111
1946 PC=0x98000000405fe3e8 [00000000405fe3e8]	dcab0018 ld     $t3,0x18($a1)
[va=9800000054b00028 pa=0000000054b00028]
1946 dcache  dcab0018 load  hit           pol=3 VA=9800000054b00028 PA=054b00028 line=01 hitv=00000001 ro=12345670 tag=054b00 V=11111111 W=00000000 L=00000000
1946 Reg write t3=7fffffffffffffff
1947 PC=0x98000000405fe3ec [00000000405fe3ec]	dca90008 ld     $t1,0x8($a1)
[va=9800000054b00018 pa=0000000054b00018]
1947 dcache  dca90008 load  hit           pol=3 VA=9800000054b00018 PA=054b00018 line=00 hitv=00000001 ro=35614720 tag=054b00 V=11111111 W=00000000 L=00000000
1947 Reg write t1=063e818d72e357df
1948 icache  dca90008 load  hit           pol=3 VA=98000000405fe3f0 PA=0405fe3f0 line=1f hitv=00000010 ro=23456701 tag=0405fe V=00000011 L=00000000
1948 PC=0x98000000405fe3f0 [00000000405fe3f0]	dcac0020 ld     $t4,0x20($a1)
[va=9800000054b00030 pa=0000000054b00030]
1948 dcache  dcac0020 load  hit           pol=3 VA=9800000054b00030 PA=054b00030 line=01 hitv=00000001 ro=12345670 tag=054b00 V=11111111 W=00000000 L=00000000
1948 Reg write t4=38017df7d6e910ce
1949 PC=0x98000000405fe3f4 [00000000405fe3f4]	fc8bffd8 sd     $t3,0xffffffd8($a0)
[va=980000004a4fffb8 pa=000000004a4fffb8]
1949 dcache  fc8bffd8 store hit           pol=3 VA=980000004a4fffb8 PA=04a4fffb8 line=7d hitv=00010000 ro=67501234 tag=04a4ff V=11111111 W=00000000 L=00000000
1949 scache  fc8bffd8 store hit           pol=3 VA=980000004a4fffb8 PA=04a4fffb8 line=ffd hitv=0010 ro=0231 tag=02527 V=1111 W=0011 data=7fffffffffffffff mask=11111111
1950 PC=0x98000000405fe3f8 [00000000405fe3f8]	dcaa0010 ld     $t2,0x10($a1)
[va=9800000054b00020 pa=0000000054b00020]
1950 dcache  dcaa0010 load  hit           pol=3 VA=9800000054b00020 PA=054b00020 line=01 hitv=00000001 ro=12345670 tag=054b00 V=11111111 W=00000000 L=00000000
1950 Reg write t2=c34846095e96b0af
1951 PC=0x98000000405fe3fc [00000000405fe3fc]	64840040 daddiu $a0,$a0,0x40
1951 Reg write a0=980000004a500020
1952 icache  64840040 load  hit           pol=3 VA=98000000405fe400 PA=0405fe400 line=20 hitv=00000010 ro=23456701 tag=0405fe V=00000011 L=00000000
1952 PC=0x98000000405fe400 [00000000405fe400]	64a50040 daddiu $a1,$a1,0x40
1952 Reg write a1=9800000054b00050
1953 PC=0x98000000405fe404 [00000000405fe404]	dca90038 ld     $t1,0x38($a1)
[va=9800000054b00088 pa=0000000054b00088]
1953 dcache  dca90038 load  miss refill   pol=3 VA=9800000054b00088 PA=054b00088 line=04 hitv=00000000 ro=12456703 tag=000000 V=11111111 W=00000000 L=00000000
1953 scache  dca90038 load  miss refill   pol=3 VA=9800000054b00088 PA=054b00080 line=004 hitv=0000 ro=1203 tag=00000 V=1111 W=1011
1953 dmemacc: store 8 addr=04ab00080 data=0000000000000001 mask=11111111 cline 
1953 dmemacc: store 8 addr=04ab00088 data=1b30edadf722e861 mask=11111111 cline 
1953 dmemacc: store 8 addr=04ab00090 data=9800000057b00000 mask=11111111 cline 
1953 dmemacc: store 8 addr=04ab00098 data=130c7ade1e4d9c4c mask=11111111 cline 
1953 Reg write t1=3390b3fe2e12eded
1954 PC=0x98000000405fe408 [00000000405fe408]	dca80000 ld     $t0,0x0($a1)
[va=9800000054b00050 pa=0000000054b00050]
1954 dcache  dca80000 load  hit           pol=3 VA=9800000054b00050 PA=054b00050 line=02 hitv=00100000 ro=67014325 tag=054b00 V=11111111 W=00000000 L=00000000
1954 Reg write t0=0000000000000001
1955 PC=0x98000000405fe40c [00000000405fe40c]	14c0ffed bne    $a2,$r0,0x98000000405fe3c4
1956 icache  14c0ffed load  hit           pol=3 VA=98000000405fe410 PA=0405fe410 line=20 hitv=00000010 ro=23456701 tag=0405fe V=00000011 L=00000000
1956 PC=0x98000000405fe410 [00000000405fe410]	dca80030 ld     $t0,0x30($a1)
[va=9800000054b00080 pa=0000000054b00080]
1956 dcache  dca80030 load  hit           pol=3 VA=9800000054b00080 PA=054b00080 line=04 hitv=00000010 ro=24567031 tag=054b00 V=11111111 W=00000000 L=00000000
1956 Reg write t0=df916c09db59889e
1957 icache  dca80030 load  hit           pol=3 VA=98000000405fe3c4 PA=0405fe3c0 line=1e hitv=00000100 ro=34567012 tag=0405fe V=00000111 L=00000000
1957 PC=0x98000000405fe3c4 [00000000405fe3c4]	fc890008 sd     $t1,0x8($a0)
[va=980000004a500028 pa=000000004a500028]
1957 dcache  fc890008 store miss w/alloc  pol=3 VA=980000004a500028 PA=04a500028 line=01 hitv=00000000 ro=12345670 tag=000000 V=11111111 W=00000000 L=00000000
1957 scache  fc890008 store miss w/alloc  pol=3 VA=980000004a500028 PA=04a500028 line=001 hitv=0000 ro=0123 tag=00000 V=1111 W=0100 data=3390b3fe2e12eded mask=11111111
1958 PC=0x98000000405fe3c8 [00000000405fe3c8]	dcaf0028 ld     $t7,0x28($a1)
[va=9800000054b00078 pa=0000000054b00078]
1958 dcache  dcaf0028 load  miss refill   pol=3 VA=9800000054b00078 PA=054b00078 line=03 hitv=00000000 ro=01234576 tag=000000 V=11111111 W=00000000 L=00000000
1958 scache  dcaf0028 load  miss refill   pol=3 VA=9800000054b00078 PA=054b00060 line=003 hitv=0000 ro=0123 tag=00000 V=1111 W=1101
1958 dmemacc: store 8 addr=051800060 data=c7371fbc7d2a9ff1 mask=11111111 cline 
1958 dmemacc: store 8 addr=051800068 data=00000000ffff8000 mask=11111111 cline 
1958 dmemacc: store 8 addr=051800070 data=fcdeb9ae966ccbbd mask=11111111 cline 
1958 dmemacc: store 8 addr=051800078 data=ffffffffffffffff mask=11111111 cline 
1958 Reg write t7=46d46af32478d280
1959 PC=0x98000000405fe3cc [00000000405fe3cc]	64c6ffff daddiu $a2,$a2,0xffff
1959 Reg write a2=0000000000000000
1960 icache  64c6ffff load  hit           pol=3 VA=98000000405fe3d0 PA=0405fe3d0 line=1e hitv=00000100 ro=34567012 tag=0405fe V=00000111 L=00000000
1960 PC=0x98000000405fe3d0 [00000000405fe3d0]	fc8cffe0 sd     $t4,0xffffffe0($a0)
[va=980000004a500000 pa=000000004a500000]
1960 dcache  fc8cffe0 store miss w/alloc  pol=3 VA=980000004a500000 PA=04a500000 line=00 hitv=00000000 ro=35614720 tag=000000 V=11111111 W=00000000 L=00000000
1960 scache  fc8cffe0 store miss w/alloc  pol=3 VA=980000004a500000 PA=04a500000 line=000 hitv=0000 ro=0123 tag=00000 V=1111 W=0100 data=38017df7d6e910ce mask=11111111
1961 PC=0x98000000405fe3d4 [00000000405fe3d4]	fc8fffe8 sd     $t7,0xffffffe8($a0)
[va=980000004a500008 pa=000000004a500008]
1961 dcache  fc8fffe8 store hit           pol=3 VA=980000004a500008 PA=04a500008 line=00 hitv=00001000 ro=56147203 tag=04a500 V=11111111 W=00000000 L=00000000
1961 scache  fc8fffe8 store hit           pol=3 VA=980000004a500008 PA=04a500008 line=000 hitv=0001 ro=1230 tag=02528 V=1111 W=0101 data=46d46af32478d280 mask=11111111
1962 PC=0x98000000405fe3d8 [00000000405fe3d8]	fc89fff8 sd     $t1,0xfffffff8($a0)
[va=980000004a500018 pa=000000004a500018]
1962 dcache  fc89fff8 store hit           pol=3 VA=980000004a500018 PA=04a500018 line=00 hitv=00001000 ro=56147203 tag=04a500 V=11111111 W=00000000 L=00000000
1962 scache  fc89fff8 store hit           pol=3 VA=980000004a500018 PA=04a500018 line=000 hitv=0001 ro=1230 tag=02528 V=1111 W=0101 data=3390b3fe2e12eded mask=11111111
1963 PC=0x98000000405fe3dc [00000000405fe3dc]	fc880000 sd     $t0,0x0($a0)
[va=980000004a500020 pa=000000004a500020]
1963 dcache  fc880000 store hit           pol=3 VA=980000004a500020 PA=04a500020 line=01 hitv=00000010 ro=23456701 tag=04a500 V=11111111 W=00000000 L=00000000
1963 scache  fc880000 store hit           pol=3 VA=980000004a500020 PA=04a500020 line=001 hitv=0001 ro=1230 tag=02528 V=1111 W=0101 data=df916c09db59889e mask=11111111
1964 icache  fc880000 load  hit           pol=3 VA=98000000405fe3e0 PA=0405fe3e0 line=1f hitv=00000010 ro=23456701 tag=0405fe V=00000011 L=00000000
1964 PC=0x98000000405fe3e0 [00000000405fe3e0]	fc8affd0 sd     $t2,0xffffffd0($a0)
[va=980000004a4ffff0 pa=000000004a4ffff0]
1964 dcache  fc8affd0 store hit           pol=3 VA=980000004a4ffff0 PA=04a4ffff0 line=7f hitv=00000001 ro=12354670 tag=04a4ff V=11111111 W=00000000 L=00000000
1964 scache  fc8affd0 store hit           pol=3 VA=980000004a4ffff0 PA=04a4ffff0 line=fff hitv=0010 ro=0231 tag=02527 V=1111 W=0111 data=c34846095e96b0af mask=11111111
1965 PC=0x98000000405fe3e4 [00000000405fe3e4]	fc88fff0 sd     $t0,0xfffffff0($a0)
[va=980000004a500010 pa=000000004a500010]
1965 dcache  fc88fff0 store hit           pol=3 VA=980000004a500010 PA=04a500010 line=00 hitv=00001000 ro=56147203 tag=04a500 V=11111111 W=00000000 L=00000000
1965 scache  fc88fff0 store hit           pol=3 VA=980000004a500010 PA=04a500010 line=000 hitv=0001 ro=1230 tag=02528 V=1111 W=0101 data=df916c09db59889e mask=11111111
1966 PC=0x98000000405fe3e8 [00000000405fe3e8]	dcab0018 ld     $t3,0x18($a1)
[va=9800000054b00068 pa=0000000054b00068]
1966 dcache  dcab0018 load  hit           pol=3 VA=9800000054b00068 PA=054b00068 line=03 hitv=00000001 ro=12345760 tag=054b00 V=11111111 W=00000000 L=00000000
1966 Reg write t3=ffffffffffffe000
1967 PC=0x98000000405fe3ec [00000000405fe3ec]	dca90008 ld     $t1,0x8($a1)
[va=9800000054b00058 pa=0000000054b00058]
1967 dcache  dca90008 load  hit           pol=3 VA=9800000054b00058 PA=054b00058 line=02 hitv=00100000 ro=67014325 tag=054b00 V=11111111 W=00000000 L=00000000
1967 Reg write t1=8000000000000000
1968 icache  dca90008 load  hit           pol=3 VA=98000000405fe3f0 PA=0405fe3f0 line=1f hitv=00000010 ro=23456701 tag=0405fe V=00000011 L=00000000
1968 PC=0x98000000405fe3f0 [00000000405fe3f0]	dcac0020 ld     $t4,0x20($a1)
[va=9800000054b00070 pa=0000000054b00070]
1968 dcache  dcac0020 load  hit           pol=3 VA=9800000054b00070 PA=054b00070 line=03 hitv=00000001 ro=12345760 tag=054b00 V=11111111 W=00000000 L=00000000
1968 Reg write t4=8000000000000000
1969 PC=0x98000000405fe3f4 [00000000405fe3f4]	fc8bffd8 sd     $t3,0xffffffd8($a0)
[va=980000004a4ffff8 pa=000000004a4ffff8]
1969 dcache  fc8bffd8 store hit           pol=3 VA=980000004a4ffff8 PA=04a4ffff8 line=7f hitv=00000001 ro=12354670 tag=04a4ff V=11111111 W=00000000 L=00000000
1969 scache  fc8bffd8 store hit           pol=3 VA=980000004a4ffff8 PA=04a4ffff8 line=fff hitv=0010 ro=0231 tag=02527 V=1111 W=0111 data=ffffffffffffe000 mask=11111111
1970 PC=0x98000000405fe3f8 [00000000405fe3f8]	dcaa0010 ld     $t2,0x10($a1)
[va=9800000054b00060 pa=0000000054b00060]
1970 dcache  dcaa0010 load  hit           pol=3 VA=9800000054b00060 PA=054b00060 line=03 hitv=00000001 ro=12345760 tag=054b00 V=11111111 W=00000000 L=00000000
1970 Reg write t2=8416ce5c3703c58e
1971 PC=0x98000000405fe3fc [00000000405fe3fc]	64840040 daddiu $a0,$a0,0x40
1971 Reg write a0=980000004a500060
1972 icache  64840040 load  hit           pol=3 VA=98000000405fe400 PA=0405fe400 line=20 hitv=00000010 ro=23456701 tag=0405fe V=00000011 L=00000000
1972 PC=0x98000000405fe400 [00000000405fe400]	64a50040 daddiu $a1,$a1,0x40
1972 Reg write a1=9800000054b00090
1973 PC=0x98000000405fe404 [00000000405fe404]	dca90038 ld     $t1,0x38($a1)
[va=9800000054b000c8 pa=0000000054b000c8]
1973 dcache  dca90038 load  miss refill   pol=3 VA=9800000054b000c8 PA=054b000c8 line=06 hitv=00000000 ro=70125463 tag=000000 V=01111111 W=00000000 L=00000000
1973 scache  dca90038 load  miss refill   pol=3 VA=9800000054b000c8 PA=054b000c0 line=006 hitv=0000 ro=0132 tag=00000 V=1111 W=1110
1973 Reg write t1=8ff93ba46fd412b9
1974 PC=0x98000000405fe408 [00000000405fe408]	dca80000 ld     $t0,0x0($a1)
[va=9800000054b00090 pa=0000000054b00090]
1974 dcache  dca80000 load  hit           pol=3 VA=9800000054b00090 PA=054b00090 line=04 hitv=00000010 ro=24567031 tag=054b00 V=11111111 W=00000000 L=00000000
1974 Reg write t0=99d9d23c458cda4e
1975 PC=0x98000000405fe40c [00000000405fe40c]	14c0ffed bne    $a2,$r0,0x98000000405fe3c4
1976 icache  14c0ffed load  hit           pol=3 VA=98000000405fe410 PA=0405fe410 line=20 hitv=00000010 ro=23456701 tag=0405fe V=00000011 L=00000000
1976 PC=0x98000000405fe410 [00000000405fe410]	dca80030 ld     $t0,0x30($a1)
[va=9800000054b000c0 pa=0000000054b000c0]
1976 dcache  dca80030 load  hit           pol=3 VA=9800000054b000c0 PA=054b000c0 line=06 hitv=10000000 ro=01254637 tag=054b00 V=11111111 W=00000000 L=00000000
1976 Reg write t0=0f0f0f0f0f0f0f0f
1977 PC=0x98000000405fe414 [00000000405fe414]	00000000 nop
1978 PC=0x98000000405fe418 [00000000405fe418]	07230003 bgezl  $t9,0x98000000405fe428
1979 icache  07230003 load  miss refill   pol=3 VA=98000000405fe420 PA=0405fe420 line=21 hitv=00000000 ro=12345670 tag=000000 V=00000001 L=00000000
1979 PC=0x98000000405fe420 [00000000405fe420]	3c159800 lui    $s5,0x9800
1979 Reg write s5=ffffffff98000000
1980 PC=0x98000000405fe424 [00000000405fe424]	0015ac38 dsll   $s5,$s5,16
1980 Reg write s5=ffff980000000000
1981 PC=0x98000000405fe428 [00000000405fe428]	36b5517f ori    $s5,$s5,0x517f
1981 Reg write s5=ffff98000000517f
1982 PC=0x98000000405fe42c [00000000405fe42c]	0015ac38 dsll   $s5,$s5,16
1982 Reg write s5=98000000517f0000
1983 icache  0015ac38 load  hit           pol=3 VA=98000000405fe430 PA=0405fe430 line=21 hitv=00000010 ro=23456701 tag=0405fe V=00000011 L=00000000
1983 PC=0x98000000405fe430 [00000000405fe430]	36b5ad3b ori    $s5,$s5,0xad3b
1983 Reg write s5=98000000517fad3b
1984 PC=0x98000000405fe434 [00000000405fe434]	a2b953ac sb     $t9,0x53ac($s5)
[va=98000000518000e7 pa=00000000518000e7]
1984 dcache  a2b953ac store hit           pol=3 VA=98000000518000e7 PA=0518000e0 line=07 hitv=00000010 ro=24356071 tag=051800 V=11111111 W=00000000 L=00000000
1984 scache  a2b953ac store hit           pol=3 VA=98000000518000e7 PA=0518000e0 line=007 hitv=0001 ro=1230 tag=028c0 V=1111 W=1111 data=00000000000000a5 mask=00000001
1985 PC=0x98000000405fe438 [00000000405fe438]	3c0e9800 lui    $t6,0x9800
1985 Reg write t6=ffffffff98000000
1986 PC=0x98000000405fe43c [00000000405fe43c]	000e7438 dsll   $t6,$t6,16
1986 Reg write t6=ffff980000000000
1987 icache  000e7438 load  miss refill   pol=3 VA=98000000405fe440 PA=0405fe440 line=22 hitv=00000000 ro=12345670 tag=000000 V=00000001 L=00000000
1987 PC=0x98000000405fe440 [00000000405fe440]	35ce4027 ori    $t6,$t6,0x4027
1987 Reg write t6=ffff980000004027
1988 PC=0x98000000405fe444 [00000000405fe444]	000e7438 dsll   $t6,$t6,16
1988 Reg write t6=9800000040270000
1989 PC=0x98000000405fe448 [00000000405fe448]	35cea1d3 ori    $t6,$t6,0xa1d3
1989 Reg write t6=980000004027a1d3
1990 PC=0x98000000405fe44c [00000000405fe44c]	95d85dcf lhu    $t8,0x5dcf($t6)
[va=980000004027ffa2 pa=000000004027ffa2]
1990 dcache  95d85dcf load  hit           pol=3 VA=980000004027ffa2 PA=04027ffa0 line=7d hitv=00000100 ro=67501234 tag=04027f V=11111111 W=00000000 L=00000000
1990 Reg write t8=000000000000ffff
1991 icache  95d85dcf load  hit           pol=3 VA=98000000405fe450 PA=0405fe450 line=22 hitv=00000010 ro=23456701 tag=0405fe V=00000011 L=00000000
1991 PC=0x98000000405fe450 [00000000405fe450]	3c169800 lui    $s6,0x9800
1991 Reg write s6=ffffffff98000000
1992 PC=0x98000000405fe454 [00000000405fe454]	0016b438 dsll   $s6,$s6,16
1992 Reg write s6=ffff980000000000
1993 PC=0x98000000405fe458 [00000000405fe458]	36d64520 ori    $s6,$s6,0x4520
1993 Reg write s6=ffff980000004520
1994 PC=0x98000000405fe45c [00000000405fe45c]	0016b438 dsll   $s6,$s6,16
1994 Reg write s6=9800000045200000
1995 icache  0016b438 load  miss refill   pol=3 VA=98000000405fe460 PA=0405fe460 line=23 hitv=00000000 ro=23456701 tag=000000 V=00000011 L=00000000
1995 PC=0x98000000405fe460 [00000000405fe460]	36d627ac ori    $s6,$s6,0x27ac
1995 Reg write s6=98000000452027ac
1996 PC=0x98000000405fe464 [00000000405fe464]	a2d5d76f sb     $s5,0xffffd76f($s6)
[va=98000000451fff1b pa=00000000451fff1b]
1996 dcache  a2d5d76f store miss w/alloc  pol=3 VA=98000000451fff1b PA=0451fff18 line=78 hitv=00000000 ro=30546712 tag=000000 V=11111111 W=00000000 L=00000000
1996 scache  a2d5d76f store miss w/alloc  pol=3 VA=98000000451fff1b PA=0451fff18 line=ff8 hitv=0000 ro=0312 tag=00000 V=1111 W=0111 data=0000003b00000000 mask=00010000
1996 dmemacc: store 8 addr=0585fff00 data=d64cda7dfd9e5b66 mask=11111111 cline 
1996 dmemacc: store 8 addr=0585fff08 data=e022dccd591f92f9 mask=11111111 cline 
1996 dmemacc: store 8 addr=0585fff10 data=45e63df0470946b0 mask=11111111 cline 
1996 dmemacc: store 8 addr=0585fff18 data=7e5deb3a9c05a4cc mask=11111111 cline 
1997 PC=0x98000000405fe468 [00000000405fe468]	3c179800 lui    $s7,0x9800
1997 Reg write s7=ffffffff98000000
1998 PC=0x98000000405fe46c [00000000405fe46c]	0017bc38 dsll   $s7,$s7,16
1998 Reg write s7=ffff980000000000
1999 icache  0017bc38 load  hit           pol=3 VA=98000000405fe470 PA=0405fe470 line=23 hitv=00000100 ro=34567012 tag=0405fe V=00000111 L=00000000
1999 PC=0x98000000405fe470 [00000000405fe470]	36f7421f ori    $s7,$s7,0x421f
1999 Reg write s7=ffff98000000421f
2000 PC=0x98000000405fe474 [00000000405fe474]	0017bc38 dsll   $s7,$s7,16
2000 Reg write s7=98000000421f0000
2001 PC=0x98000000405fe478 [00000000405fe478]	36f7f37a ori    $s7,$s7,0xf37a
2001 Reg write s7=98000000421ff37a
2002 PC=0x98000000405fe47c [00000000405fe47c]	92f00e77 lbu    $s0,0xe77($s7)
[va=98000000422001f1 pa=00000000422001f1]
2002 dcache  92f00e77 load  hit           pol=3 VA=98000000422001f1 PA=0422001f0 line=0f hitv=00000100 ro=45670132 tag=042200 V=00001111 W=00000000 L=00000000
2002 Reg write s0=0000000000000000
2003 icache  92f00e77 load  miss refill   pol=3 VA=98000000405fe480 PA=0405fe480 line=24 hitv=00000000 ro=23456701 tag=000000 V=00000011 L=00000000
2003 PC=0x98000000405fe480 [00000000405fe480]	3c159800 lui    $s5,0x9800
2003 Reg write s5=ffffffff98000000
2004 PC=0x98000000405fe484 [00000000405fe484]	0015ac38 dsll   $s5,$s5,16
2004 Reg write s5=ffff980000000000
2005 PC=0x98000000405fe488 [00000000405fe488]	36b54027 ori    $s5,$s5,0x4027
2005 Reg write s5=ffff980000004027
2006 PC=0x98000000405fe48c [00000000405fe48c]	0015ac38 dsll   $s5,$s5,16
2006 Reg write s5=9800000040270000
2007 icache  0015ac38 load  hit           pol=3 VA=98000000405fe490 PA=0405fe490 line=24 hitv=00000100 ro=34567012 tag=0405fe V=00000111 L=00000000
2007 PC=0x98000000405fe490 [00000000405fe490]	36b5ca83 ori    $s5,$s5,0xca83
2007 Reg write s5=980000004027ca83
2008 PC=0x98000000405fe494 [00000000405fe494]	a2b2353b sb     $s2,0x353b($s5)
[va=980000004027ffbe pa=000000004027ffbe]
2008 dcache  a2b2353b store hit           pol=3 VA=980000004027ffbe PA=04027ffb8 line=7d hitv=00000100 ro=67501342 tag=04027f V=11111111 W=00000000 L=00000000
2008 scache  a2b2353b store hit           pol=3 VA=980000004027ffbe PA=04027ffb8 line=ffd hitv=0100 ro=0231 tag=02013 V=1111 W=0011 data=000000000000dd00 mask=00000010
2009 PC=0x98000000405fe498 [00000000405fe498]	3c0a9800 lui    $t2,0x9800
2009 Reg write t2=ffffffff98000000
2010 PC=0x98000000405fe49c [00000000405fe49c]	000a5438 dsll   $t2,$t2,16
2010 Reg write t2=ffff980000000000
2011 icache  000a5438 load  miss refill   pol=3 VA=98000000405fe4a0 PA=0405fe4a0 line=25 hitv=00000000 ro=12345670 tag=000000 V=00000001 L=00000000
2011 PC=0x98000000405fe4a0 [00000000405fe4a0]	354a437f ori    $t2,$t2,0x437f
2011 Reg write t2=ffff98000000437f
2012 PC=0x98000000405fe4a4 [00000000405fe4a4]	000a5438 dsll   $t2,$t2,16
2012 Reg write t2=98000000437f0000
2013 PC=0x98000000405fe4a8 [00000000405fe4a8]	354ad17b ori    $t2,$t2,0xd17b
2013 Reg write t2=98000000437fd17b
2014 PC=0x98000000405fe4ac [00000000405fe4ac]	9d582d95 lwu    $t8,0x2d95($t2)
[va=98000000437fff10 pa=00000000437fff10]
2014 dcache  9d582d95 load  miss refill   pol=3 VA=98000000437fff10 PA=0437fff10 line=78 hitv=00000000 ro=05467123 tag=000000 V=11111111 W=00000000 L=00000000
2014 scache  9d582d95 load  miss refill   pol=3 VA=98000000437fff10 PA=0437fff00 line=ff8 hitv=0000 ro=3120 tag=00000 V=1111 W=0111
2014 Reg write t8=00000000ac596ef4
2015 icache  9d582d95 load  hit           pol=3 VA=98000000405fe4b0 PA=0405fe4b0 line=25 hitv=00000010 ro=23456701 tag=0405fe V=00000011 L=00000000
2015 PC=0x98000000405fe4b0 [00000000405fe4b0]	3c089800 lui    $t0,0x9800
2015 Reg write t0=ffffffff98000000
2016 PC=0x98000000405fe4b4 [00000000405fe4b4]	00084438 dsll   $t0,$t0,16
2016 Reg write t0=ffff980000000000
2017 PC=0x98000000405fe4b8 [00000000405fe4b8]	35084027 ori    $t0,$t0,0x4027
2017 Reg write t0=ffff980000004027
2018 PC=0x98000000405fe4bc [00000000405fe4bc]	00084438 dsll   $t0,$t0,16
2018 Reg write t0=9800000040270000
2019 icache  00084438 load  miss refill   pol=3 VA=98000000405fe4c0 PA=0405fe4c0 line=26 hitv=00000000 ro=12345670 tag=000000 V=00000001 L=00000000
2019 PC=0x98000000405fe4c0 [00000000405fe4c0]	3508d08c ori    $t0,$t0,0xd08c
2019 Reg write t0=980000004027d08c
2020 PC=0x98000000405fe4c4 [00000000405fe4c4]	a1132f23 sb     $s3,0x2f23($t0)
[va=980000004027ffaf pa=000000004027ffaf]
2020 dcache  a1132f23 store hit           pol=3 VA=980000004027ffaf PA=04027ffa8 line=7d hitv=00000100 ro=67501342 tag=04027f V=11111111 W=00000000 L=00000000
2020 scache  a1132f23 store hit           pol=3 VA=980000004027ffaf PA=04027ffa8 line=ffd hitv=0100 ro=0312 tag=02013 V=1111 W=0111 data=0000000000000000 mask=00000001
2021 PC=0x98000000405fe4c8 [00000000405fe4c8]	3c0a9800 lui    $t2,0x9800
2021 Reg write t2=ffffffff98000000
2022 PC=0x98000000405fe4cc [00000000405fe4cc]	000a5438 dsll   $t2,$t2,16
2022 Reg write t2=ffff980000000000
2023 icache  000a5438 load  hit           pol=3 VA=98000000405fe4d0 PA=0405fe4d0 line=26 hitv=00000010 ro=23456701 tag=0405fe V=00000011 L=00000000
2023 PC=0x98000000405fe4d0 [00000000405fe4d0]	354a451f ori    $t2,$t2,0x451f
2023 Reg write t2=ffff98000000451f
2024 PC=0x98000000405fe4d4 [00000000405fe4d4]	000a5438 dsll   $t2,$t2,16
2024 Reg write t2=98000000451f0000
2025 PC=0x98000000405fe4d8 [00000000405fe4d8]	354a858d ori    $t2,$t2,0x858d
2025 Reg write t2=98000000451f858d
2026 PC=0x98000000405fe4dc [00000000405fe4dc]	814a7988 lb     $t2,0x7988($t2)
[va=98000000451fff15 pa=00000000451fff15]
2026 dcache  814a7988 load  hit           pol=3 VA=98000000451fff15 PA=0451fff10 line=78 hitv=00001000 ro=54671230 tag=0451ff V=11111111 W=00000000 L=00000000
2026 Reg write t2=0000000000000000
2027 icache  814a7988 load  miss refill   pol=3 VA=98000000405fe4e0 PA=0405fe4e0 line=27 hitv=00000000 ro=12345670 tag=000000 V=00000001 L=00000000
2027 PC=0x98000000405fe4e0 [00000000405fe4e0]	3c0a9800 lui    $t2,0x9800
2027 Reg write t2=ffffffff98000000
2028 PC=0x98000000405fe4e4 [00000000405fe4e4]	000a5438 dsll   $t2,$t2,16
2028 Reg write t2=ffff980000000000
2029 PC=0x98000000405fe4e8 [00000000405fe4e8]	354a4520 ori    $t2,$t2,0x4520
2029 Reg write t2=ffff980000004520
2030 PC=0x98000000405fe4ec [00000000405fe4ec]	000a5438 dsll   $t2,$t2,16
2030 Reg write t2=9800000045200000
2031 icache  000a5438 load  hit           pol=3 VA=98000000405fe4f0 PA=0405fe4f0 line=27 hitv=00000010 ro=23456701 tag=0405fe V=00000011 L=00000000
2031 PC=0x98000000405fe4f0 [00000000405fe4f0]	354a3636 ori    $t2,$t2,0x3636
2031 Reg write t2=9800000045203636
2032 PC=0x98000000405fe4f4 [00000000405fe4f4]	9146c8d9 lbu    $a2,0xffffc8d9($t2)
[va=98000000451fff0f pa=00000000451fff0f]
2032 dcache  9146c8d9 load  hit           pol=3 VA=98000000451fff0f PA=0451fff08 line=78 hitv=00001000 ro=54671203 tag=0451ff V=11111111 W=00000000 L=00000000
2032 Reg write a2=0000000000000035
2033 PC=0x98000000405fe4f8 [00000000405fe4f8]	3c0a9800 lui    $t2,0x9800
2033 Reg write t2=ffffffff98000000
2034 PC=0x98000000405fe4fc [00000000405fe4fc]	000a5438 dsll   $t2,$t2,16
2034 Reg write t2=ffff980000000000
2035 icache  000a5438 load  miss refill   pol=3 VA=98000000405fe500 PA=0405fe500 line=28 hitv=00000000 ro=12345670 tag=000000 V=00000001 L=00000000
2035 PC=0x98000000405fe500 [00000000405fe500]	354a4b1f ori    $t2,$t2,0x4b1f
2035 Reg write t2=ffff980000004b1f
2036 PC=0x98000000405fe504 [00000000405fe504]	000a5438 dsll   $t2,$t2,16
2036 Reg write t2=980000004b1f0000
2037 PC=0x98000000405fe508 [00000000405fe508]	354aff60 ori    $t2,$t2,0xff60
2037 Reg write t2=980000004b1fff60
2038 PC=0x98000000405fe50c [00000000405fe50c]	fd4a0100 sd     $t2,0x100($t2)
[va=980000004b200060 pa=000000004b200060]
2038 dcache  fd4a0100 store miss w/alloc  pol=3 VA=980000004b200060 PA=04b200060 line=03 hitv=00000000 ro=12345760 tag=000000 V=11111111 W=00000000 L=00000000
2038 scache  fd4a0100 store miss w/alloc  pol=3 VA=980000004b200060 PA=04b200060 line=003 hitv=0000 ro=1230 tag=00000 V=1111 W=1100 data=980000004b1fff60 mask=11111111
2039 icache  fd4a0100 load  hit           pol=3 VA=98000000405fe510 PA=0405fe510 line=28 hitv=00000010 ro=23456701 tag=0405fe V=00000011 L=00000000
2039 PC=0x98000000405fe510 [00000000405fe510]	fd4401a0 sd     $a0,0x1a0($t2)
[va=980000004b200100 pa=000000004b200100]
2039 dcache  fd4401a0 store miss w/alloc  pol=3 VA=980000004b200100 PA=04b200100 line=08 hitv=00000000 ro=25670134 tag=000000 V=11111111 W=00000000 L=00000000
2039 scache  fd4401a0 store miss w/alloc  pol=3 VA=980000004b200100 PA=04b200100 line=008 hitv=0000 ro=2301 tag=00000 V=1111 W=1010 data=980000004a500060 mask=11111111
2040 PC=0x98000000405fe514 [00000000405fe514]	fd4a00c0 sd     $t2,0xc0($t2)
[va=980000004b200020 pa=000000004b200020]
2040 dcache  fd4a00c0 store miss w/alloc  pol=3 VA=980000004b200020 PA=04b200020 line=01 hitv=00000000 ro=23456701 tag=000000 V=11111111 W=00000000 L=00000000
2040 scache  fd4a00c0 store miss w/alloc  pol=3 VA=980000004b200020 PA=04b200020 line=001 hitv=0000 ro=1230 tag=00000 V=1111 W=0101 data=980000004b1fff60 mask=11111111
2041 PC=0x98000000405fe518 [00000000405fe518]	fd440060 sd     $a0,0x60($t2)
[va=980000004b1fffc0 pa=000000004b1fffc0]
2041 dcache  fd440060 store miss w/alloc  pol=3 VA=980000004b1fffc0 PA=04b1fffc0 line=7e hitv=00000000 ro=23567401 tag=000000 V=11111111 W=00000000 L=00000000
2041 scache  fd440060 store miss w/alloc  pol=3 VA=980000004b1fffc0 PA=04b1fffc0 line=ffe hitv=0000 ro=0312 tag=00000 V=1111 W=1100 data=980000004a500060 mask=11111111
2042 PC=0x98000000405fe51c [00000000405fe51c]	fd4e0080 sd     $t6,0x80($t2)
[va=980000004b1fffe0 pa=000000004b1fffe0]
2042 dcache  fd4e0080 store miss w/alloc  pol=3 VA=980000004b1fffe0 PA=04b1fffe0 line=7f hitv=00000000 ro=12354670 tag=000000 V=11111111 W=00000000 L=00000000
2042 scache  fd4e0080 store miss w/alloc  pol=3 VA=980000004b1fffe0 PA=04b1fffe0 line=fff hitv=0000 ro=0231 tag=00000 V=1111 W=0111 data=980000004027a1d3 mask=11111111
2042 dmemacc: store 8 addr=0504fffe0 data=0000000000000001 mask=11111111 cline 
2042 dmemacc: store 8 addr=0504fffe8 data=000000000007ffff mask=11111111 cline 
2042 dmemacc: store 8 addr=0504ffff0 data=0000000000000000 mask=11111111 cline 
2042 dmemacc: store 8 addr=0504ffff8 data=7fffffffffffffff mask=11111111 cline 
2043 icache  fd4e0080 load  miss refill   pol=3 VA=98000000405fe520 PA=0405fe520 line=29 hitv=00000000 ro=12345670 tag=000000 V=00000001 L=00000000
2043 PC=0x98000000405fe520 [00000000405fe520]	fd400220 sd     $r0,0x220($t2)
[va=980000004b200180 pa=000000004b200180]
2043 dcache  fd400220 store miss w/alloc  pol=3 VA=980000004b200180 PA=04b200180 line=0c hitv=00000000 ro=70352416 tag=000000 V=01111111 W=00000000 L=00000000
2043 scache  fd400220 store miss w/alloc  pol=3 VA=980000004b200180 PA=04b200180 line=00c hitv=0000 ro=1302 tag=00000 V=1111 W=0011 data=0000000000000000 mask=11111111
2043 dmemacc: store 8 addr=041b00180 data=c2f9e210660d740f mask=11111111 cline 
2043 dmemacc: store 8 addr=041b00188 data=4c1d8c5ce6db3754 mask=11111111 cline 
2043 dmemacc: store 8 addr=041b00190 data=6451546b62bfbb31 mask=11111111 cline 
2043 dmemacc: store 8 addr=041b00198 data=ffffffffff800000 mask=11111111 cline 
2044 PC=0x98000000405fe524 [00000000405fe524]	fd450020 sd     $a1,0x20($t2)
[va=980000004b1fff80 pa=000000004b1fff80]
2044 dcache  fd450020 store miss w/alloc  pol=3 VA=980000004b1fff80 PA=04b1fff80 line=7c hitv=00000000 ro=23075614 tag=000000 V=11111111 W=00000000 L=00000000
2044 scache  fd450020 store miss w/alloc  pol=3 VA=980000004b1fff80 PA=04b1fff80 line=ffc hitv=0000 ro=3201 tag=00000 V=1111 W=0110 data=9800000054b00090 mask=11111111
2045 PC=0x98000000405fe528 [00000000405fe528]	fd4a00a0 sd     $t2,0xa0($t2)
[va=980000004b200000 pa=000000004b200000]
2045 dcache  fd4a00a0 store miss w/alloc  pol=3 VA=980000004b200000 PA=04b200000 line=00 hitv=00000000 ro=56147203 tag=000000 V=11111111 W=00000000 L=00000000
2045 scache  fd4a00a0 store miss w/alloc  pol=3 VA=980000004b200000 PA=04b200000 line=000 hitv=0000 ro=1230 tag=00000 V=1111 W=0101 data=980000004b1fff60 mask=11111111
2046 PC=0x98000000405fe52c [00000000405fe52c]	fd5101c0 sd     $s1,0x1c0($t2)
[va=980000004b200120 pa=000000004b200120]
2046 dcache  fd5101c0 store miss w/alloc  pol=3 VA=980000004b200120 PA=04b200120 line=09 hitv=00000000 ro=45670123 tag=000000 V=00001111 W=00000000 L=00000000
2046 scache  fd5101c0 store miss w/alloc  pol=3 VA=980000004b200120 PA=04b200120 line=009 hitv=0000 ro=3012 tag=00000 V=0111 W=0111 data=9800000051207b7c mask=11111111
2047 icache  fd5101c0 load  hit           pol=3 VA=98000000405fe530 PA=0405fe530 line=29 hitv=00000010 ro=23456701 tag=0405fe V=00000011 L=00000000
2047 PC=0x98000000405fe530 [00000000405fe530]	fd490040 sd     $t1,0x40($t2)
[va=980000004b1fffa0 pa=000000004b1fffa0]
2047 dcache  fd490040 store miss w/alloc  pol=3 VA=980000004b1fffa0 PA=04b1fffa0 line=7d hitv=00000000 ro=67501342 tag=000000 V=11111111 W=00000000 L=00000000
2047 scache  fd490040 store miss w/alloc  pol=3 VA=980000004b1fffa0 PA=04b1fffa0 line=ffd hitv=0000 ro=0312 tag=00000 V=1111 W=0111 data=8ff93ba46fd412b9 mask=11111111
2047 dmemacc: store 8 addr=0504fffa0 data=62f7534ef199c2d5 mask=11111111 cline 
2047 dmemacc: store 8 addr=0504fffa8 data=97880d43d20078ef mask=11111111 cline 
2047 dmemacc: store 8 addr=0504fffb0 data=8e0fa1025542dcd0 mask=11111111 cline 
2047 dmemacc: store 8 addr=0504fffb8 data=c9016fa64170184c mask=11111111 cline 
2048 PC=0x98000000405fe534 [00000000405fe534]	fd440200 sd     $a0,0x200($t2)
[va=980000004b200160 pa=000000004b200160]
2048 dcache  fd440200 store miss w/alloc  pol=3 VA=980000004b200160 PA=04b200160 line=0b hitv=00000000 ro=67014325 tag=000000 V=00111111 W=00000000 L=00000000
2048 scache  fd440200 store miss w/alloc  pol=3 VA=980000004b200160 PA=04b200160 line=00b hitv=0000 ro=3201 tag=00000 V=1111 W=1110 data=980000004a500060 mask=11111111
2048 dmemacc: store 8 addr=04ab00160 data=3ec0acb391bf3835 mask=11111111 cline 
2048 dmemacc: store 8 addr=04ab00168 data=a6aaa631565a90c8 mask=11111111 cline 
2048 dmemacc: store 8 addr=04ab00170 data=0000000000000000 mask=11111111 cline 
2048 dmemacc: store 8 addr=04ab00178 data=50a553b29f63488a mask=11111111 cline 
2049 PC=0x98000000405fe538 [00000000405fe538]	fd550180 sd     $s5,0x180($t2)
[va=980000004b2000e0 pa=000000004b2000e0]
2049 dcache  fd550180 store miss w/alloc  pol=3 VA=980000004b2000e0 PA=04b2000e0 line=07 hitv=00000000 ro=24356071 tag=000000 V=11111111 W=00000000 L=00000000
2049 scache  fd550180 store miss w/alloc  pol=3 VA=980000004b2000e0 PA=04b2000e0 line=007 hitv=0000 ro=1230 tag=00000 V=1111 W=1111 data=980000004027ca83 mask=11111111
2049 dmemacc: store 8 addr=04ab000e0 data=000fffffffffffff mask=11111111 cline 
2049 dmemacc: store 8 addr=04ab000e8 data=442603972c90a58c mask=11111111 cline 
2049 dmemacc: store 8 addr=04ab000f0 data=980000000000630c mask=11111111 cline 
2049 dmemacc: store 8 addr=04ab000f8 data=aaea9cc8150fdd7e mask=11111111 cline 
2050 PC=0x98000000405fe53c [00000000405fe53c]	fd510160 sd     $s1,0x160($t2)
[va=980000004b2000c0 pa=000000004b2000c0]
2050 dcache  fd510160 store miss w/alloc  pol=3 VA=980000004b2000c0 PA=04b2000c0 line=06 hitv=00000000 ro=01254637 tag=000000 V=11111111 W=00000000 L=00000000
2050 scache  fd510160 store miss w/alloc  pol=3 VA=980000004b2000c0 PA=04b2000c0 line=006 hitv=0000 ro=1320 tag=00000 V=1111 W=1110 data=9800000051207b7c mask=11111111
2050 dmemacc: store 8 addr=04ab000c0 data=fffffffffffe0000 mask=11111111 cline 
2050 dmemacc: store 8 addr=04ab000c8 data=4d782d37796dbb89 mask=11111111 cline 
2050 dmemacc: store 8 addr=04ab000d0 data=ffffffff8000ba50 mask=11111111 cline 
2050 dmemacc: store 8 addr=04ab000d8 data=0000000000000001 mask=11111111 cline 
2051 icache  fd510160 load  miss refill   pol=3 VA=98000000405fe540 PA=0405fe540 line=2a hitv=00000000 ro=12345670 tag=000000 V=00000001 L=00000000
2051 PC=0x98000000405fe540 [00000000405fe540]	fd5e00e0 sd     $s8,0xe0($t2)
[va=980000004b200040 pa=000000004b200040]
2051 dcache  fd5e00e0 store miss w/alloc  pol=3 VA=980000004b200040 PA=04b200040 line=02 hitv=00000000 ro=67014325 tag=000000 V=11111111 W=00000000 L=00000000
2051 scache  fd5e00e0 store miss w/alloc  pol=3 VA=980000004b200040 PA=04b200040 line=002 hitv=0000 ro=2301 tag=00000 V=1111 W=0001 data=98000000511fcf06 mask=11111111
2052 PC=0x98000000405fe544 [00000000405fe544]	fd460120 sd     $a2,0x120($t2)
[va=980000004b200080 pa=000000004b200080]
2052 dcache  fd460120 store miss w/alloc  pol=3 VA=980000004b200080 PA=04b200080 line=04 hitv=00000000 ro=24567031 tag=000000 V=11111111 W=00000000 L=00000000
2052 scache  fd460120 store miss w/alloc  pol=3 VA=980000004b200080 PA=04b200080 line=004 hitv=0000 ro=2031 tag=00000 V=1111 W=1001 data=0000000000000035 mask=11111111
2053 PC=0x98000000405fe548 [00000000405fe548]	fd4401e0 sd     $a0,0x1e0($t2)
[va=980000004b200140 pa=000000004b200140]
2053 dcache  fd4401e0 store miss w/alloc  pol=3 VA=980000004b200140 PA=04b200140 line=0a hitv=00000000 ro=67023451 tag=000000 V=00111111 W=00000000 L=00000000
2053 scache  fd4401e0 store miss w/alloc  pol=3 VA=980000004b200140 PA=04b200140 line=00a hitv=0000 ro=0231 tag=00000 V=1111 W=1101 data=980000004a500060 mask=11111111
2053 dmemacc: store 8 addr=041b00140 data=6432d9147d63259e mask=11111111 cline 
2053 dmemacc: store 8 addr=041b00148 data=d0d6eb17cd7413c2 mask=11111111 cline 
2053 dmemacc: store 8 addr=041b00150 data=0000000000000001 mask=11111111 cline 
2053 dmemacc: store 8 addr=041b00158 data=5bc1a7e0831a622b mask=11111111 cline 
2054 PC=0x98000000405fe54c [00000000405fe54c]	fd5c0000 sd     $gp,0x0($t2)
[va=980000004b1fff60 pa=000000004b1fff60]
2054 dcache  fd5c0000 store miss w/alloc  pol=3 VA=980000004b1fff60 PA=04b1fff60 line=7b hitv=00000000 ro=70253164 tag=000000 V=11111111 W=00000000 L=00000000
2054 scache  fd5c0000 store miss w/alloc  pol=3 VA=980000004b1fff60 PA=04b1fff60 line=ffb hitv=0000 ro=2310 tag=00000 V=1111 W=1101 data=0000000000000000 mask=11111111
2054 dmemacc: store 8 addr=04d1fff60 data=cfe0bd4456e57610 mask=11111111 cline 
2054 dmemacc: store 8 addr=04d1fff68 data=78587a69d0b98c9c mask=11111111 cline 
2054 dmemacc: store 8 addr=04d1fff70 data=000000000000b764 mask=11111111 cline 
2054 dmemacc: store 8 addr=04d1fff78 data=ffffffffffffffff mask=11111111 cline 
2055 icache  fd5c0000 load  hit           pol=3 VA=98000000405fe550 PA=0405fe550 line=2a hitv=00000010 ro=23456701 tag=0405fe V=00000011 L=00000000
2055 PC=0x98000000405fe550 [00000000405fe550]	fd4c0140 sd     $t4,0x140($t2)
[va=980000004b2000a0 pa=000000004b2000a0]
2055 dcache  fd4c0140 store miss w/alloc  pol=3 VA=980000004b2000a0 PA=04b2000a0 line=05 hitv=00000000 ro=70123456 tag=000000 V=11111111 W=00000000 L=00000000
2055 scache  fd4c0140 store miss w/alloc  pol=3 VA=980000004b2000a0 PA=04b2000a0 line=005 hitv=0000 ro=0231 tag=00000 V=1111 W=1100 data=8000000000000000 mask=11111111
2056 PC=0x98000000405fe554 [00000000405fe554]	fd500260 sd     $s0,0x260($t2)
[va=980000004b2001c0 pa=000000004b2001c0]
2056 dcache  fd500260 store miss w/alloc  pol=3 VA=980000004b2001c0 PA=04b2001c0 line=0e hitv=00000000 ro=70215643 tag=000000 V=01111111 W=00000000 L=00000000
2056 scache  fd500260 store miss w/alloc  pol=3 VA=980000004b2001c0 PA=04b2001c0 line=00e hitv=0000 ro=0132 tag=00000 V=1111 W=1110 data=0000000000000000 mask=11111111
2057 PC=0x98000000405fe558 [00000000405fe558]	fd590240 sd     $t9,0x240($t2)
[va=980000004b2001a0 pa=000000004b2001a0]
2057 dcache  fd590240 store miss w/alloc  pol=3 VA=980000004b2001a0 PA=04b2001a0 line=0d hitv=00000000 ro=70123564 tag=000000 V=01111111 W=00000000 L=00000000
2057 scache  fd590240 store miss w/alloc  pol=3 VA=980000004b2001a0 PA=04b2001a0 line=00d hitv=0000 ro=2301 tag=00000 V=1111 W=0001 data=98000000512020a5 mask=11111111
2058 PC=0x98000000405fe55c [00000000405fe55c]	2009ffa0 addi   $t1,$r0,0xffa0
2058 Reg write t1=ffffffffffffffa0
2059 icache  2009ffa0 load  miss refill   pol=3 VA=98000000405fe560 PA=0405fe560 line=2b hitv=00000000 ro=12345670 tag=000000 V=00000001 L=00000000
2059 PC=0x98000000405fe560 [00000000405fe560]	340a0060 ori    $t2,$r0,0x60
2059 Reg write t2=0000000000000060
2060 PC=0x98000000405fe564 [00000000405fe564]	3c089800 lui    $t0,0x9800
2060 Reg write t0=ffffffff98000000
2061 PC=0x98000000405fe568 [00000000405fe568]	00084438 dsll   $t0,$t0,16
2061 Reg write t0=ffff980000000000
2062 PC=0x98000000405fe56c [00000000405fe56c]	35085180 ori    $t0,$t0,0x5180
2062 Reg write t0=ffff980000005180
2063 icache  35085180 load  hit           pol=3 VA=98000000405fe570 PA=0405fe570 line=2b hitv=00000010 ro=23456701 tag=0405fe V=00000011 L=00000000
2063 PC=0x98000000405fe570 [00000000405fe570]	00084438 dsll   $t0,$t0,16
2063 Reg write t0=9800000051800000
2064 PC=0x98000000405fe574 [00000000405fe574]	4d090041 ldxc1  f1,$t1($t0)
[va=98000000517fffa0 pa=00000000517fffa0]
2064 dcache  4d090041 load  miss refill   pol=3 VA=98000000517fffa0 PA=0517fffa0 line=7d hitv=00000000 ro=75013426 tag=000000 V=11111111 W=00000000 L=00000000
2064 scache  4d090041 load  miss refill   pol=3 VA=98000000517fffa0 PA=0517fffa0 line=ffd hitv=0000 ro=3120 tag=00000 V=1111 W=0111
2064 Reg write f[1]=1b22ec4471d28fbc  FCSR(fcr31)=6e000000
2065 PC=0x98000000405fe578 [00000000405fe578]	4d0a0809 sdxc1  f1,$t2($t0)
[va=9800000051800060 pa=0000000051800060]
2065 dcache  4d0a0809 store hit           pol=3 VA=9800000051800060 PA=051800060 line=03 hitv=00001000 ro=23457601 tag=051800 V=11111111 W=00000000 L=00000000
2065 scache  4d0a0809 store miss wo/alloc pol=3 VA=9800000051800060 PA=051800060 line=003 hitv=0000 ro=2301 tag=00000 V=1111 W=1110 data=1b22ec4471d28fbc mask=11111111
2065 dmemacc: store 8 addr=051800060 data=1b22ec4471d28fbc mask=11111111 
2066 PC=0x98000000405fe57c [00000000405fe57c]	65290008 daddiu $t1,$t1,0x8
2066 Reg write t1=ffffffffffffffa8
2067 icache  65290008 load  miss refill   pol=3 VA=98000000405fe580 PA=0405fe580 line=2c hitv=00000000 ro=12345670 tag=000000 V=00000001 L=00000000
2067 PC=0x98000000405fe580 [00000000405fe580]	654afff8 daddiu $t2,$t2,0xfff8
2067 Reg write t2=0000000000000058
2068 PC=0x98000000405fe584 [00000000405fe584]	5549fffc bnel   $t2,$t1,0x98000000405fe578
2069 PC=0x98000000405fe588 [00000000405fe588]	4d090041 ldxc1  f1,$t1($t0)
[va=98000000517fffa8 pa=00000000517fffa8]
2069 dcache  4d090041 load  hit           pol=3 VA=98000000517fffa8 PA=0517fffa8 line=7d hitv=10000000 ro=50134267 tag=0517ff V=11111111 W=00000000 L=00000000
2069 Reg write f[1]=e9452116d817aaeb  FCSR(fcr31)=6e000000
2070 icache  4d090041 load  hit           pol=3 VA=98000000405fe578 PA=0405fe570 line=2b hitv=00000010 ro=23456701 tag=0405fe V=00000011 L=00000000
2070 PC=0x98000000405fe578 [00000000405fe578]	4d0a0809 sdxc1  f1,$t2($t0)
[va=9800000051800058 pa=0000000051800058]
2070 dcache  4d0a0809 store hit           pol=3 VA=9800000051800058 PA=051800058 line=02 hitv=00000100 ro=70143256 tag=051800 V=11111111 W=00000000 L=00000000
2070 scache  4d0a0809 store miss wo/alloc pol=3 VA=9800000051800058 PA=051800058 line=002 hitv=0000 ro=3012 tag=00000 V=1111 W=0101 data=e9452116d817aaeb mask=11111111
2070 dmemacc: store 8 addr=051800058 data=e9452116d817aaeb mask=11111111 
2071 PC=0x98000000405fe57c [00000000405fe57c]	65290008 daddiu $t1,$t1,0x8
2071 Reg write t1=ffffffffffffffb0
2072 icache  65290008 load  hit           pol=3 VA=98000000405fe580 PA=0405fe580 line=2c hitv=00000010 ro=23456701 tag=0405fe V=00000011 L=00000000
2072 PC=0x98000000405fe580 [00000000405fe580]	654afff8 daddiu $t2,$t2,0xfff8
2072 Reg write t2=0000000000000050
2073 PC=0x98000000405fe584 [00000000405fe584]	5549fffc bnel   $t2,$t1,0x98000000405fe578
2074 PC=0x98000000405fe588 [00000000405fe588]	4d090041 ldxc1  f1,$t1($t0)
[va=98000000517fffb0 pa=00000000517fffb0]
2074 dcache  4d090041 load  hit           pol=3 VA=98000000517fffb0 PA=0517fffb0 line=7d hitv=10000000 ro=50134267 tag=0517ff V=11111111 W=00000000 L=00000000
2074 Reg write f[1]=a2b828f58782515b  FCSR(fcr31)=6e000000
2075 icache  4d090041 load  hit           pol=3 VA=98000000405fe578 PA=0405fe570 line=2b hitv=00000010 ro=23456701 tag=0405fe V=00000011 L=00000000
2075 PC=0x98000000405fe578 [00000000405fe578]	4d0a0809 sdxc1  f1,$t2($t0)
[va=9800000051800050 pa=0000000051800050]
2075 dcache  4d0a0809 store hit           pol=3 VA=9800000051800050 PA=051800050 line=02 hitv=00000100 ro=70143562 tag=051800 V=11111111 W=00000000 L=00000000
2075 scache  4d0a0809 store miss wo/alloc pol=3 VA=9800000051800050 PA=051800050 line=002 hitv=0000 ro=3012 tag=00000 V=1111 W=0101 data=a2b828f58782515b mask=11111111
2075 dmemacc: store 8 addr=051800050 data=a2b828f58782515b mask=11111111 
2076 PC=0x98000000405fe57c [00000000405fe57c]	65290008 daddiu $t1,$t1,0x8
2076 Reg write t1=ffffffffffffffb8
2077 icache  65290008 load  hit           pol=3 VA=98000000405fe580 PA=0405fe580 line=2c hitv=00000010 ro=23456701 tag=0405fe V=00000011 L=00000000
2077 PC=0x98000000405fe580 [00000000405fe580]	654afff8 daddiu $t2,$t2,0xfff8
2077 Reg write t2=0000000000000048
2078 PC=0x98000000405fe584 [00000000405fe584]	5549fffc bnel   $t2,$t1,0x98000000405fe578
2079 PC=0x98000000405fe588 [00000000405fe588]	4d090041 ldxc1  f1,$t1($t0)
[va=98000000517fffb8 pa=00000000517fffb8]
2079 dcache  4d090041 load  hit           pol=3 VA=98000000517fffb8 PA=0517fffb8 line=7d hitv=10000000 ro=50134267 tag=0517ff V=11111111 W=00000000 L=00000000
2079 Reg write f[1]=4adb7c8fe68f6567  FCSR(fcr31)=6e000000
2080 icache  4d090041 load  hit           pol=3 VA=98000000405fe578 PA=0405fe570 line=2b hitv=00000010 ro=23456701 tag=0405fe V=00000011 L=00000000
2080 PC=0x98000000405fe578 [00000000405fe578]	4d0a0809 sdxc1  f1,$t2($t0)
[va=9800000051800048 pa=0000000051800048]
2080 dcache  4d0a0809 store hit           pol=3 VA=9800000051800048 PA=051800048 line=02 hitv=00000100 ro=70143562 tag=051800 V=11111111 W=00000000 L=00000000
2080 scache  4d0a0809 store miss wo/alloc pol=3 VA=9800000051800048 PA=051800048 line=002 hitv=0000 ro=3012 tag=00000 V=1111 W=0101 data=4adb7c8fe68f6567 mask=11111111
2080 dmemacc: store 8 addr=051800048 data=4adb7c8fe68f6567 mask=11111111 
2081 PC=0x98000000405fe57c [00000000405fe57c]	65290008 daddiu $t1,$t1,0x8
2081 Reg write t1=ffffffffffffffc0
2082 icache  65290008 load  hit           pol=3 VA=98000000405fe580 PA=0405fe580 line=2c hitv=00000010 ro=23456701 tag=0405fe V=00000011 L=00000000
2082 PC=0x98000000405fe580 [00000000405fe580]	654afff8 daddiu $t2,$t2,0xfff8
2082 Reg write t2=0000000000000040
2083 PC=0x98000000405fe584 [00000000405fe584]	5549fffc bnel   $t2,$t1,0x98000000405fe578
2084 PC=0x98000000405fe588 [00000000405fe588]	4d090041 ldxc1  f1,$t1($t0)
[va=98000000517fffc0 pa=00000000517fffc0]
2084 dcache  4d090041 load  miss refill   pol=3 VA=98000000517fffc0 PA=0517fffc0 line=7e hitv=00000000 ro=35674012 tag=000000 V=11111111 W=00000000 L=00000000
2084 scache  4d090041 load  miss refill   pol=3 VA=98000000517fffc0 PA=0517fffc0 line=ffe hitv=0000 ro=3120 tag=00000 V=1111 W=1101
2084 dmemacc: store 8 addr=04d1fffc0 data=bf42ba3dcc569f50 mask=11111111 cline 
2084 dmemacc: store 8 addr=04d1fffc8 data=9175bb9c7184358d mask=11111111 cline 
2084 dmemacc: store 8 addr=04d1fffd0 data=f4d7e5bc02bc0c37 mask=11111111 cline 
2084 dmemacc: store 8 addr=04d1fffd8 data=aaaaaaaaaaaaaaaa mask=11111111 cline 
2084 Reg write f[1]=b6d21f7477f7ec26  FCSR(fcr31)=6e000000
2085 icache  4d090041 load  hit           pol=3 VA=98000000405fe578 PA=0405fe570 line=2b hitv=00000010 ro=23456701 tag=0405fe V=00000011 L=00000000
2085 PC=0x98000000405fe578 [00000000405fe578]	4d0a0809 sdxc1  f1,$t2($t0)
[va=9800000051800040 pa=0000000051800040]
2085 dcache  4d0a0809 store hit           pol=3 VA=9800000051800040 PA=051800040 line=02 hitv=00000100 ro=70143562 tag=051800 V=11111111 W=00000000 L=00000000
2085 scache  4d0a0809 store miss wo/alloc pol=3 VA=9800000051800040 PA=051800040 line=002 hitv=0000 ro=3012 tag=00000 V=1111 W=0101 data=b6d21f7477f7ec26 mask=11111111
2085 dmemacc: store 8 addr=051800040 data=b6d21f7477f7ec26 mask=11111111 
2086 PC=0x98000000405fe57c [00000000405fe57c]	65290008 daddiu $t1,$t1,0x8
2086 Reg write t1=ffffffffffffffc8
2087 icache  65290008 load  hit           pol=3 VA=98000000405fe580 PA=0405fe580 line=2c hitv=00000010 ro=23456701 tag=0405fe V=00000011 L=00000000
2087 PC=0x98000000405fe580 [00000000405fe580]	654afff8 daddiu $t2,$t2,0xfff8
2087 Reg write t2=0000000000000038
2088 PC=0x98000000405fe584 [00000000405fe584]	5549fffc bnel   $t2,$t1,0x98000000405fe578
2089 PC=0x98000000405fe588 [00000000405fe588]	4d090041 ldxc1  f1,$t1($t0)
[va=98000000517fffc8 pa=00000000517fffc8]
2089 dcache  4d090041 load  hit           pol=3 VA=98000000517fffc8 PA=0517fffc8 line=7e hitv=00001000 ro=56740123 tag=0517ff V=11111111 W=00000000 L=00000000
2089 Reg write f[1]=04c43677858cb548  FCSR(fcr31)=6e000000
2090 icache  4d090041 load  hit           pol=3 VA=98000000405fe578 PA=0405fe570 line=2b hitv=00000010 ro=23456701 tag=0405fe V=00000011 L=00000000
2090 PC=0x98000000405fe578 [00000000405fe578]	4d0a0809 sdxc1  f1,$t2($t0)
[va=9800000051800038 pa=0000000051800038]
2090 dcache  4d0a0809 store miss w/alloc  pol=3 VA=9800000051800038 PA=051800038 line=01 hitv=00000000 ro=34567012 tag=000000 V=11111111 W=00000000 L=00000000
2090 scache  4d0a0809 store miss w/alloc  pol=3 VA=9800000051800038 PA=051800038 line=001 hitv=0000 ro=2301 tag=00000 V=1111 W=0111 data=04c43677858cb548 mask=11111111
2090 dmemacc: store 8 addr=04d200020 data=42353f49fbc272a0 mask=11111111 cline 
2090 dmemacc: store 8 addr=04d200028 data=7e12bebcf732a88f mask=11111111 cline 
2090 dmemacc: store 8 addr=04d200030 data=d51fc5dd7123758a mask=11111111 cline 
2090 dmemacc: store 8 addr=04d200038 data=ef6bcda12f998728 mask=11111111 cline 
2091 PC=0x98000000405fe57c [00000000405fe57c]	65290008 daddiu $t1,$t1,0x8
2091 Reg write t1=ffffffffffffffd0
2092 icache  65290008 load  hit           pol=3 VA=98000000405fe580 PA=0405fe580 line=2c hitv=00000010 ro=23456701 tag=0405fe V=00000011 L=00000000
2092 PC=0x98000000405fe580 [00000000405fe580]	654afff8 daddiu $t2,$t2,0xfff8
2092 Reg write t2=0000000000000030
2093 PC=0x98000000405fe584 [00000000405fe584]	5549fffc bnel   $t2,$t1,0x98000000405fe578
2094 PC=0x98000000405fe588 [00000000405fe588]	4d090041 ldxc1  f1,$t1($t0)
[va=98000000517fffd0 pa=00000000517fffd0]
2094 dcache  4d090041 load  hit           pol=3 VA=98000000517fffd0 PA=0517fffd0 line=7e hitv=00001000 ro=56740123 tag=0517ff V=11111111 W=00000000 L=00000000
2094 Reg write f[1]=3fffffffffffffff  FCSR(fcr31)=6e000000
2095 icache  4d090041 load  hit           pol=3 VA=98000000405fe578 PA=0405fe570 line=2b hitv=00000010 ro=23456701 tag=0405fe V=00000011 L=00000000
2095 PC=0x98000000405fe578 [00000000405fe578]	4d0a0809 sdxc1  f1,$t2($t0)
[va=9800000051800030 pa=0000000051800030]
2095 dcache  4d0a0809 store hit           pol=3 VA=9800000051800030 PA=051800030 line=01 hitv=00001000 ro=45670123 tag=051800 V=11111111 W=00000000 L=00000000
2095 scache  4d0a0809 store hit           pol=3 VA=9800000051800030 PA=051800030 line=001 hitv=0100 ro=3012 tag=028c0 V=1111 W=0111 data=3fffffffffffffff mask=11111111
2096 PC=0x98000000405fe57c [00000000405fe57c]	65290008 daddiu $t1,$t1,0x8
2096 Reg write t1=ffffffffffffffd8
2097 icache  65290008 load  hit           pol=3 VA=98000000405fe580 PA=0405fe580 line=2c hitv=00000010 ro=23456701 tag=0405fe V=00000011 L=00000000
2097 PC=0x98000000405fe580 [00000000405fe580]	654afff8 daddiu $t2,$t2,0xfff8
2097 Reg write t2=0000000000000028
2098 PC=0x98000000405fe584 [00000000405fe584]	5549fffc bnel   $t2,$t1,0x98000000405fe578
2099 PC=0x98000000405fe588 [00000000405fe588]	4d090041 ldxc1  f1,$t1($t0)
[va=98000000517fffd8 pa=00000000517fffd8]
2099 dcache  4d090041 load  hit           pol=3 VA=98000000517fffd8 PA=0517fffd8 line=7e hitv=00001000 ro=56740123 tag=0517ff V=11111111 W=00000000 L=00000000
2099 Reg write f[1]=b0529b85e721d08b  FCSR(fcr31)=6e000000
2100 icache  4d090041 load  hit           pol=3 VA=98000000405fe578 PA=0405fe570 line=2b hitv=00000010 ro=23456701 tag=0405fe V=00000011 L=00000000
2100 PC=0x98000000405fe578 [00000000405fe578]	4d0a0809 sdxc1  f1,$t2($t0)
[va=9800000051800028 pa=0000000051800028]
2100 dcache  4d0a0809 store hit           pol=3 VA=9800000051800028 PA=051800028 line=01 hitv=00001000 ro=45670123 tag=051800 V=11111111 W=00000000 L=00000000
2100 scache  4d0a0809 store hit           pol=3 VA=9800000051800028 PA=051800028 line=001 hitv=0100 ro=3012 tag=028c0 V=1111 W=0111 data=b0529b85e721d08b mask=11111111
2101 PC=0x98000000405fe57c [00000000405fe57c]	65290008 daddiu $t1,$t1,0x8
2101 Reg write t1=ffffffffffffffe0
2102 icache  65290008 load  hit           pol=3 VA=98000000405fe580 PA=0405fe580 line=2c hitv=00000010 ro=23456701 tag=0405fe V=00000011 L=00000000
2102 PC=0x98000000405fe580 [00000000405fe580]	654afff8 daddiu $t2,$t2,0xfff8
2102 Reg write t2=0000000000000020
2103 PC=0x98000000405fe584 [00000000405fe584]	5549fffc bnel   $t2,$t1,0x98000000405fe578
2104 PC=0x98000000405fe588 [00000000405fe588]	4d090041 ldxc1  f1,$t1($t0)
[va=98000000517fffe0 pa=00000000517fffe0]
2104 dcache  4d090041 load  miss refill   pol=3 VA=98000000517fffe0 PA=0517fffe0 line=7f hitv=00000000 ro=23546701 tag=000000 V=11111111 W=00000000 L=00000000
2104 scache  4d090041 load  miss refill   pol=3 VA=98000000517fffe0 PA=0517fffe0 line=fff hitv=0000 ro=2310 tag=00000 V=1111 W=0111
2104 dmemacc: store 8 addr=0412fffe0 data=b4c7b7efee3fdd99 mask=11111111 cline 
2104 dmemacc: store 8 addr=0412fffe8 data=142a590848020f58 mask=11111111 cline 
2104 dmemacc: store 8 addr=0412ffff0 data=9eea3e20f9496b5f mask=11111111 cline 
2104 dmemacc: store 8 addr=0412ffff8 data=8f9ff0810f11382f mask=11111111 cline 
2104 Reg write f[1]=b45444833bef2b77  FCSR(fcr31)=6e000000
2105 icache  4d090041 load  hit           pol=3 VA=98000000405fe578 PA=0405fe570 line=2b hitv=00000010 ro=23456701 tag=0405fe V=00000011 L=00000000
2105 PC=0x98000000405fe578 [00000000405fe578]	4d0a0809 sdxc1  f1,$t2($t0)
[va=9800000051800020 pa=0000000051800020]
2105 dcache  4d0a0809 store hit           pol=3 VA=9800000051800020 PA=051800020 line=01 hitv=00001000 ro=45670123 tag=051800 V=11111111 W=00000000 L=00000000
2105 scache  4d0a0809 store hit           pol=3 VA=9800000051800020 PA=051800020 line=001 hitv=0100 ro=3012 tag=028c0 V=1111 W=0111 data=b45444833bef2b77 mask=11111111
2106 PC=0x98000000405fe57c [00000000405fe57c]	65290008 daddiu $t1,$t1,0x8
2106 Reg write t1=ffffffffffffffe8
2107 icache  65290008 load  hit           pol=3 VA=98000000405fe580 PA=0405fe580 line=2c hitv=00000010 ro=23456701 tag=0405fe V=00000011 L=00000000
2107 PC=0x98000000405fe580 [00000000405fe580]	654afff8 daddiu $t2,$t2,0xfff8
2107 Reg write t2=0000000000000018
2108 PC=0x98000000405fe584 [00000000405fe584]	5549fffc bnel   $t2,$t1,0x98000000405fe578
2109 PC=0x98000000405fe588 [00000000405fe588]	4d090041 ldxc1  f1,$t1($t0)
[va=98000000517fffe8 pa=00000000517fffe8]
2109 dcache  4d090041 load  hit           pol=3 VA=98000000517fffe8 PA=0517fffe8 line=7f hitv=00000100 ro=35467012 tag=0517ff V=11111111 W=00000000 L=00000000
2109 Reg write f[1]=d622f9e3c2edead3  FCSR(fcr31)=6e000000
2110 icache  4d090041 load  hit           pol=3 VA=98000000405fe578 PA=0405fe570 line=2b hitv=00000010 ro=23456701 tag=0405fe V=00000011 L=00000000
2110 PC=0x98000000405fe578 [00000000405fe578]	4d0a0809 sdxc1  f1,$t2($t0)
[va=9800000051800018 pa=0000000051800018]
2110 dcache  4d0a0809 store miss w/alloc  pol=3 VA=9800000051800018 PA=051800018 line=00 hitv=00000000 ro=61472035 tag=000000 V=11111111 W=00000000 L=00000000
2110 scache  4d0a0809 store miss w/alloc  pol=3 VA=9800000051800018 PA=051800018 line=000 hitv=0000 ro=2301 tag=00000 V=1111 W=0111 data=d622f9e3c2edead3 mask=11111111
2110 dmemacc: store 8 addr=04d200000 data=43e66ae530fb3b16 mask=11111111 cline 
2110 dmemacc: store 8 addr=04d200008 data=8000000000000000 mask=11111111 cline 
2110 dmemacc: store 8 addr=04d200010 data=26d2afeea87db524 mask=11111111 cline 
2110 dmemacc: store 8 addr=04d200018 data=f43d186898e6a1bb mask=11111111 cline 
2111 PC=0x98000000405fe57c [00000000405fe57c]	65290008 daddiu $t1,$t1,0x8
2111 Reg write t1=fffffffffffffff0
2112 icache  65290008 load  hit           pol=3 VA=98000000405fe580 PA=0405fe580 line=2c hitv=00000010 ro=23456701 tag=0405fe V=00000011 L=00000000
2112 PC=0x98000000405fe580 [00000000405fe580]	654afff8 daddiu $t2,$t2,0xfff8
2112 Reg write t2=0000000000000010
2113 PC=0x98000000405fe584 [00000000405fe584]	5549fffc bnel   $t2,$t1,0x98000000405fe578
2114 PC=0x98000000405fe588 [00000000405fe588]	4d090041 ldxc1  f1,$t1($t0)
[va=98000000517ffff0 pa=00000000517ffff0]
2114 dcache  4d090041 load  hit           pol=3 VA=98000000517ffff0 PA=0517ffff0 line=7f hitv=00000100 ro=35467012 tag=0517ff V=11111111 W=00000000 L=00000000
2114 Reg write f[1]=d4a33c7c17403b55  FCSR(fcr31)=6e000000
2115 icache  4d090041 load  hit           pol=3 VA=98000000405fe578 PA=0405fe570 line=2b hitv=00000010 ro=23456701 tag=0405fe V=00000011 L=00000000
2115 PC=0x98000000405fe578 [00000000405fe578]	4d0a0809 sdxc1  f1,$t2($t0)
[va=9800000051800010 pa=0000000051800010]
2115 dcache  4d0a0809 store hit           pol=3 VA=9800000051800010 PA=051800010 line=00 hitv=01000000 ro=14720356 tag=051800 V=11111111 W=00000000 L=00000000
2115 scache  4d0a0809 store hit           pol=3 VA=9800000051800010 PA=051800010 line=000 hitv=0100 ro=3012 tag=028c0 V=1111 W=0111 data=d4a33c7c17403b55 mask=11111111
2116 PC=0x98000000405fe57c [00000000405fe57c]	65290008 daddiu $t1,$t1,0x8
2116 Reg write t1=fffffffffffffff8
2117 icache  65290008 load  hit           pol=3 VA=98000000405fe580 PA=0405fe580 line=2c hitv=00000010 ro=23456701 tag=0405fe V=00000011 L=00000000
2117 PC=0x98000000405fe580 [00000000405fe580]	654afff8 daddiu $t2,$t2,0xfff8
2117 Reg write t2=0000000000000008
2118 PC=0x98000000405fe584 [00000000405fe584]	5549fffc bnel   $t2,$t1,0x98000000405fe578
2119 PC=0x98000000405fe588 [00000000405fe588]	4d090041 ldxc1  f1,$t1($t0)
[va=98000000517ffff8 pa=00000000517ffff8]
2119 dcache  4d090041 load  hit           pol=3 VA=98000000517ffff8 PA=0517ffff8 line=7f hitv=00000100 ro=35467012 tag=0517ff V=11111111 W=00000000 L=00000000
2119 Reg write f[1]=04c78971e910f511  FCSR(fcr31)=6e000000
2120 icache  4d090041 load  hit           pol=3 VA=98000000405fe578 PA=0405fe570 line=2b hitv=00000010 ro=23456701 tag=0405fe V=00000011 L=00000000
2120 PC=0x98000000405fe578 [00000000405fe578]	4d0a0809 sdxc1  f1,$t2($t0)
[va=9800000051800008 pa=0000000051800008]
2120 dcache  4d0a0809 store hit           pol=3 VA=9800000051800008 PA=051800008 line=00 hitv=01000000 ro=14720356 tag=051800 V=11111111 W=00000000 L=00000000
2120 scache  4d0a0809 store hit           pol=3 VA=9800000051800008 PA=051800008 line=000 hitv=0100 ro=3012 tag=028c0 V=1111 W=0111 data=04c78971e910f511 mask=11111111
2121 PC=0x98000000405fe57c [00000000405fe57c]	65290008 daddiu $t1,$t1,0x8
2121 Reg write t1=0000000000000000
2122 icache  65290008 load  hit           pol=3 VA=98000000405fe580 PA=0405fe580 line=2c hitv=00000010 ro=23456701 tag=0405fe V=00000011 L=00000000
2122 PC=0x98000000405fe580 [00000000405fe580]	654afff8 daddiu $t2,$t2,0xfff8
2122 Reg write t2=0000000000000000
2123 PC=0x98000000405fe584 [00000000405fe584]	5549fffc bnel   $t2,$t1,0x98000000405fe578
2124 PC=0x98000000405fe58c [00000000405fe58c]	00000000 nop
2125 icache  00000000 load  hit           pol=3 VA=98000000405fe590 PA=0405fe590 line=2c hitv=00000010 ro=23456701 tag=0405fe V=00000011 L=00000000
2125 PC=0x98000000405fe590 [00000000405fe590]	5339003b beql   $t9,$t9,0x98000000405fe680
2126 PC=0x98000000405fe594 [00000000405fe594]	00000000 nop
2127 icache  00000000 load  miss refill   pol=3 VA=98000000405fe680 PA=0405fe680 line=34 hitv=00000000 ro=23456701 tag=000000 V=00000011 L=00000000
2127 PC=0x98000000405fe680 [00000000405fe680]	2009ffa0 addi   $t1,$r0,0xffa0
2127 Reg write t1=ffffffffffffffa0
2128 PC=0x98000000405fe684 [00000000405fe684]	340a0060 ori    $t2,$r0,0x60
2128 Reg write t2=0000000000000060
2129 PC=0x98000000405fe688 [00000000405fe688]	3c089800 lui    $t0,0x9800
2129 Reg write t0=ffffffff98000000
2130 PC=0x98000000405fe68c [00000000405fe68c]	00084438 dsll   $t0,$t0,16
2130 Reg write t0=ffff980000000000
2131 icache  00084438 load  hit           pol=3 VA=98000000405fe690 PA=0405fe690 line=34 hitv=00000100 ro=34567012 tag=0405fe V=00000111 L=00000000
2131 PC=0x98000000405fe690 [00000000405fe690]	35084130 ori    $t0,$t0,0x4130
2131 Reg write t0=ffff980000004130
2132 PC=0x98000000405fe694 [00000000405fe694]	00084438 dsll   $t0,$t0,16
2132 Reg write t0=9800000041300000
2133 PC=0x98000000405fe698 [00000000405fe698]	35080010 ori    $t0,$t0,0x10
2133 Reg write t0=9800000041300010
2134 PC=0x98000000405fe69c [00000000405fe69c]	4d090041 ldxc1  f1,$t1($t0)
[va=98000000412fffb0 pa=00000000412fffb0]
2134 dcache  4d090041 load  miss refill   pol=3 VA=98000000412fffb0 PA=0412fffb0 line=7d hitv=00000000 ro=50134267 tag=000000 V=11111111 W=00000000 L=00000000
2134 scache  4d090041 load  miss refill   pol=3 VA=98000000412fffb0 PA=0412fffa0 line=ffd hitv=0000 ro=1203 tag=00000 V=1111 W=0111
2134 dmemacc: store 8 addr=04a4fffa0 data=1ded744da1a5ca1f mask=11111111 cline 
2134 dmemacc: store 8 addr=04a4fffa8 data=67f77cf7e791e354 mask=11111111 cline 
2134 dmemacc: store 8 addr=04a4fffb0 data=39dfaeef30e506d9 mask=11111111 cline 
2134 dmemacc: store 8 addr=04a4fffb8 data=7fffffffffffffff mask=11111111 cline 
2134 Reg write f[1]=0000000000000000  FCSR(fcr31)=6e000000
2135 icache  4d090041 load  miss refill   pol=3 VA=98000000405fe6a0 PA=0405fe6a0 line=35 hitv=00000000 ro=23456701 tag=000000 V=00000011 L=00000000
2135 PC=0x98000000405fe6a0 [00000000405fe6a0]	4d0a0809 sdxc1  f1,$t2($t0)
[va=9800000041300070 pa=0000000041300070]
2135 dcache  4d0a0809 store miss w/alloc  pol=3 VA=9800000041300070 PA=041300070 line=03 hitv=00000000 ro=24576013 tag=000000 V=11111111 W=00000000 L=00000000
2135 scache  4d0a0809 store miss w/alloc  pol=3 VA=9800000041300070 PA=041300070 line=003 hitv=0000 ro=2301 tag=00000 V=1111 W=1110 data=0000000000000000 mask=11111111
2135 dmemacc: store 8 addr=04d200060 data=41831dc3c4f1caeb mask=11111111 cline 
2135 dmemacc: store 8 addr=04d200068 data=f03f03f03f03f03f mask=11111111 cline 
2135 dmemacc: store 8 addr=04d200070 data=5555555555555555 mask=11111111 cline 
2135 dmemacc: store 8 addr=04d200078 data=0000000000000000 mask=11111111 cline 
2136 PC=0x98000000405fe6a4 [00000000405fe6a4]	65290008 daddiu $t1,$t1,0x8
2136 Reg write t1=ffffffffffffffa8
2137 PC=0x98000000405fe6a8 [00000000405fe6a8]	654afff8 daddiu $t2,$t2,0xfff8
2137 Reg write t2=0000000000000058
2138 PC=0x98000000405fe6ac [00000000405fe6ac]	5549fffc bnel   $t2,$t1,0x98000000405fe6a0
2139 icache  5549fffc load  hit           pol=3 VA=98000000405fe6b0 PA=0405fe6b0 line=35 hitv=00000100 ro=34567012 tag=0405fe V=00000111 L=00000000
2139 PC=0x98000000405fe6b0 [00000000405fe6b0]	4d090041 ldxc1  f1,$t1($t0)
[va=98000000412fffb8 pa=00000000412fffb8]
2139 dcache  4d090041 load  hit           pol=3 VA=98000000412fffb8 PA=0412fffb8 line=7d hitv=00100000 ro=01342675 tag=0412ff V=11111111 W=00000000 L=00000000
2139 Reg write f[1]=eae55bd9d6b737a5  FCSR(fcr31)=6e000000
2140 icache  4d090041 load  hit           pol=3 VA=98000000405fe6a0 PA=0405fe6a0 line=35 hitv=00000100 ro=34567012 tag=0405fe V=00000111 L=00000000
2140 PC=0x98000000405fe6a0 [00000000405fe6a0]	4d0a0809 sdxc1  f1,$t2($t0)
[va=9800000041300068 pa=0000000041300068]
2140 dcache  4d0a0809 store hit           pol=3 VA=9800000041300068 PA=041300068 line=03 hitv=00000100 ro=45760132 tag=041300 V=11111111 W=00000000 L=00000000
2140 scache  4d0a0809 store hit           pol=3 VA=9800000041300068 PA=041300068 line=003 hitv=0100 ro=3012 tag=02098 V=1111 W=1110 data=eae55bd9d6b737a5 mask=11111111
2141 PC=0x98000000405fe6a4 [00000000405fe6a4]	65290008 daddiu $t1,$t1,0x8
2141 Reg write t1=ffffffffffffffb0
2142 PC=0x98000000405fe6a8 [00000000405fe6a8]	654afff8 daddiu $t2,$t2,0xfff8
2142 Reg write t2=0000000000000050
2143 PC=0x98000000405fe6ac [00000000405fe6ac]	5549fffc bnel   $t2,$t1,0x98000000405fe6a0
2144 icache  5549fffc load  hit           pol=3 VA=98000000405fe6b0 PA=0405fe6b0 line=35 hitv=00000100 ro=34567012 tag=0405fe V=00000111 L=00000000
2144 PC=0x98000000405fe6b0 [00000000405fe6b0]	4d090041 ldxc1  f1,$t1($t0)
[va=98000000412fffc0 pa=00000000412fffc0]
2144 dcache  4d090041 load  miss refill   pol=3 VA=98000000412fffc0 PA=0412fffc0 line=7e hitv=00000000 ro=56740123 tag=000000 V=11111111 W=00000000 L=00000000
2144 scache  4d090041 load  miss refill   pol=3 VA=98000000412fffc0 PA=0412fffc0 line=ffe hitv=0000 ro=1203 tag=00000 V=1111 W=0101
2144 Reg write f[1]=837ceb6a54eede57  FCSR(fcr31)=6e000000
2145 icache  4d090041 load  hit           pol=3 VA=98000000405fe6a0 PA=0405fe6a0 line=35 hitv=00000100 ro=34567012 tag=0405fe V=00000111 L=00000000
2145 PC=0x98000000405fe6a0 [00000000405fe6a0]	4d0a0809 sdxc1  f1,$t2($t0)
[va=9800000041300060 pa=0000000041300060]
2145 dcache  4d0a0809 store hit           pol=3 VA=9800000041300060 PA=041300060 line=03 hitv=00000100 ro=45760132 tag=041300 V=11111111 W=00000000 L=00000000
2145 scache  4d0a0809 store hit           pol=3 VA=9800000041300060 PA=041300060 line=003 hitv=0100 ro=3012 tag=02098 V=1111 W=1110 data=837ceb6a54eede57 mask=11111111
2146 PC=0x98000000405fe6a4 [00000000405fe6a4]	65290008 daddiu $t1,$t1,0x8
2146 Reg write t1=ffffffffffffffb8
2147 PC=0x98000000405fe6a8 [00000000405fe6a8]	654afff8 daddiu $t2,$t2,0xfff8
2147 Reg write t2=0000000000000048
2148 PC=0x98000000405fe6ac [00000000405fe6ac]	5549fffc bnel   $t2,$t1,0x98000000405fe6a0
2149 icache  5549fffc load  hit           pol=3 VA=98000000405fe6b0 PA=0405fe6b0 line=35 hitv=00000100 ro=34567012 tag=0405fe V=00000111 L=00000000
2149 PC=0x98000000405fe6b0 [00000000405fe6b0]	4d090041 ldxc1  f1,$t1($t0)
[va=98000000412fffc8 pa=00000000412fffc8]
2149 dcache  4d090041 load  hit           pol=3 VA=98000000412fffc8 PA=0412fffc8 line=7e hitv=00100000 ro=67401235 tag=0412ff V=11111111 W=00000000 L=00000000
2149 Reg write f[1]=7fffffffffffffff  FCSR(fcr31)=6e000000
2150 icache  4d090041 load  hit           pol=3 VA=98000000405fe6a0 PA=0405fe6a0 line=35 hitv=00000100 ro=34567012 tag=0405fe V=00000111 L=00000000
2150 PC=0x98000000405fe6a0 [00000000405fe6a0]	4d0a0809 sdxc1  f1,$t2($t0)
[va=9800000041300058 pa=0000000041300058]
2150 dcache  4d0a0809 store miss w/alloc  pol=3 VA=9800000041300058 PA=041300058 line=02 hitv=00000000 ro=70143562 tag=000000 V=11111111 W=00000000 L=00000000
2150 scache  4d0a0809 store miss w/alloc  pol=3 VA=9800000041300058 PA=041300058 line=002 hitv=0000 ro=3012 tag=00000 V=1111 W=0101 data=7fffffffffffffff mask=11111111
2151 PC=0x98000000405fe6a4 [00000000405fe6a4]	65290008 daddiu $t1,$t1,0x8
2151 Reg write t1=ffffffffffffffc0
2152 PC=0x98000000405fe6a8 [00000000405fe6a8]	654afff8 daddiu $t2,$t2,0xfff8
2152 Reg write t2=0000000000000040
2153 PC=0x98000000405fe6ac [00000000405fe6ac]	5549fffc bnel   $t2,$t1,0x98000000405fe6a0
2154 icache  5549fffc load  hit           pol=3 VA=98000000405fe6b0 PA=0405fe6b0 line=35 hitv=00000100 ro=34567012 tag=0405fe V=00000111 L=00000000
2154 PC=0x98000000405fe6b0 [00000000405fe6b0]	4d090041 ldxc1  f1,$t1($t0)
[va=98000000412fffd0 pa=00000000412fffd0]
2154 dcache  4d090041 load  hit           pol=3 VA=98000000412fffd0 PA=0412fffd0 line=7e hitv=00100000 ro=67401235 tag=0412ff V=11111111 W=00000000 L=00000000
2154 Reg write f[1]=1e702b7c118b58eb  FCSR(fcr31)=6e000000
2155 icache  4d090041 load  hit           pol=3 VA=98000000405fe6a0 PA=0405fe6a0 line=35 hitv=00000100 ro=34567012 tag=0405fe V=00000111 L=00000000
2155 PC=0x98000000405fe6a0 [00000000405fe6a0]	4d0a0809 sdxc1  f1,$t2($t0)
[va=9800000041300050 pa=0000000041300050]
2155 dcache  4d0a0809 store hit           pol=3 VA=9800000041300050 PA=041300050 line=02 hitv=10000000 ro=01435627 tag=041300 V=11111111 W=00000000 L=00000000
2155 scache  4d0a0809 store hit           pol=3 VA=9800000041300050 PA=041300050 line=002 hitv=1000 ro=0123 tag=02098 V=1111 W=1101 data=1e702b7c118b58eb mask=11111111
2156 PC=0x98000000405fe6a4 [00000000405fe6a4]	65290008 daddiu $t1,$t1,0x8
2156 Reg write t1=ffffffffffffffc8
2157 PC=0x98000000405fe6a8 [00000000405fe6a8]	654afff8 daddiu $t2,$t2,0xfff8
2157 Reg write t2=0000000000000038
2158 PC=0x98000000405fe6ac [00000000405fe6ac]	5549fffc bnel   $t2,$t1,0x98000000405fe6a0
2159 icache  5549fffc load  hit           pol=3 VA=98000000405fe6b0 PA=0405fe6b0 line=35 hitv=00000100 ro=34567012 tag=0405fe V=00000111 L=00000000
2159 PC=0x98000000405fe6b0 [00000000405fe6b0]	4d090041 ldxc1  f1,$t1($t0)
[va=98000000412fffd8 pa=00000000412fffd8]
2159 dcache  4d090041 load  hit           pol=3 VA=98000000412fffd8 PA=0412fffd8 line=7e hitv=00100000 ro=67401235 tag=0412ff V=11111111 W=00000000 L=00000000
2159 Reg write f[1]=fffffff800000000  FCSR(fcr31)=6e000000
2160 icache  4d090041 load  hit           pol=3 VA=98000000405fe6a0 PA=0405fe6a0 line=35 hitv=00000100 ro=34567012 tag=0405fe V=00000111 L=00000000
2160 PC=0x98000000405fe6a0 [00000000405fe6a0]	4d0a0809 sdxc1  f1,$t2($t0)
[va=9800000041300048 pa=0000000041300048]
2160 dcache  4d0a0809 store hit           pol=3 VA=9800000041300048 PA=041300048 line=02 hitv=10000000 ro=01435627 tag=041300 V=11111111 W=00000000 L=00000000
2160 scache  4d0a0809 store hit           pol=3 VA=9800000041300048 PA=041300048 line=002 hitv=1000 ro=0123 tag=02098 V=1111 W=1101 data=fffffff800000000 mask=11111111
2161 PC=0x98000000405fe6a4 [00000000405fe6a4]	65290008 daddiu $t1,$t1,0x8
2161 Reg write t1=ffffffffffffffd0
2162 PC=0x98000000405fe6a8 [00000000405fe6a8]	654afff8 daddiu $t2,$t2,0xfff8
2162 Reg write t2=0000000000000030
2163 PC=0x98000000405fe6ac [00000000405fe6ac]	5549fffc bnel   $t2,$t1,0x98000000405fe6a0
2164 icache  5549fffc load  hit           pol=3 VA=98000000405fe6b0 PA=0405fe6b0 line=35 hitv=00000100 ro=34567012 tag=0405fe V=00000111 L=00000000
2164 PC=0x98000000405fe6b0 [00000000405fe6b0]	4d090041 ldxc1  f1,$t1($t0)
[va=98000000412fffe0 pa=00000000412fffe0]
2164 dcache  4d090041 load  hit           pol=3 VA=98000000412fffe0 PA=0412fffe0 line=7f hitv=01000000 ro=35467012 tag=0412ff V=11111111 W=00000000 L=00000000
2164 Reg write f[1]=b4c7b7efee3fdd99  FCSR(fcr31)=6e000000
2165 icache  4d090041 load  hit           pol=3 VA=98000000405fe6a0 PA=0405fe6a0 line=35 hitv=00000100 ro=34567012 tag=0405fe V=00000111 L=00000000
2165 PC=0x98000000405fe6a0 [00000000405fe6a0]	4d0a0809 sdxc1  f1,$t2($t0)
[va=9800000041300040 pa=0000000041300040]
2165 dcache  4d0a0809 store hit           pol=3 VA=9800000041300040 PA=041300040 line=02 hitv=10000000 ro=01435627 tag=041300 V=11111111 W=00000000 L=00000000
2165 scache  4d0a0809 store hit           pol=3 VA=9800000041300040 PA=041300040 line=002 hitv=1000 ro=0123 tag=02098 V=1111 W=1101 data=b4c7b7efee3fdd99 mask=11111111
2166 PC=0x98000000405fe6a4 [00000000405fe6a4]	65290008 daddiu $t1,$t1,0x8
2166 Reg write t1=ffffffffffffffd8
2167 PC=0x98000000405fe6a8 [00000000405fe6a8]	654afff8 daddiu $t2,$t2,0xfff8
2167 Reg write t2=0000000000000028
2168 PC=0x98000000405fe6ac [00000000405fe6ac]	5549fffc bnel   $t2,$t1,0x98000000405fe6a0
2169 icache  5549fffc load  hit           pol=3 VA=98000000405fe6b0 PA=0405fe6b0 line=35 hitv=00000100 ro=34567012 tag=0405fe V=00000111 L=00000000
2169 PC=0x98000000405fe6b0 [00000000405fe6b0]	4d090041 ldxc1  f1,$t1($t0)
[va=98000000412fffe8 pa=00000000412fffe8]
2169 dcache  4d090041 load  hit           pol=3 VA=98000000412fffe8 PA=0412fffe8 line=7f hitv=01000000 ro=35470126 tag=0412ff V=11111111 W=00000000 L=00000000
2169 Reg write f[1]=142a590848020f58  FCSR(fcr31)=6e000000
2170 icache  4d090041 load  hit           pol=3 VA=98000000405fe6a0 PA=0405fe6a0 line=35 hitv=00000100 ro=34567012 tag=0405fe V=00000111 L=00000000
2170 PC=0x98000000405fe6a0 [00000000405fe6a0]	4d0a0809 sdxc1  f1,$t2($t0)
[va=9800000041300038 pa=0000000041300038]
2170 dcache  4d0a0809 store miss w/alloc  pol=3 VA=9800000041300038 PA=041300038 line=01 hitv=00000000 ro=45670123 tag=000000 V=11111111 W=00000000 L=00000000
2170 scache  4d0a0809 store miss w/alloc  pol=3 VA=9800000041300038 PA=041300038 line=001 hitv=0000 ro=3012 tag=00000 V=1111 W=0111 data=142a590848020f58 mask=11111111
2171 PC=0x98000000405fe6a4 [00000000405fe6a4]	65290008 daddiu $t1,$t1,0x8
2171 Reg write t1=ffffffffffffffe0
2172 PC=0x98000000405fe6a8 [00000000405fe6a8]	654afff8 daddiu $t2,$t2,0xfff8
2172 Reg write t2=0000000000000020
2173 PC=0x98000000405fe6ac [00000000405fe6ac]	5549fffc bnel   $t2,$t1,0x98000000405fe6a0
2174 icache  5549fffc load  hit           pol=3 VA=98000000405fe6b0 PA=0405fe6b0 line=35 hitv=00000100 ro=34567012 tag=0405fe V=00000111 L=00000000
2174 PC=0x98000000405fe6b0 [00000000405fe6b0]	4d090041 ldxc1  f1,$t1($t0)
[va=98000000412ffff0 pa=00000000412ffff0]
2174 dcache  4d090041 load  hit           pol=3 VA=98000000412ffff0 PA=0412ffff0 line=7f hitv=01000000 ro=35470126 tag=0412ff V=11111111 W=00000000 L=00000000
2174 Reg write f[1]=9eea3e20f9496b5f  FCSR(fcr31)=6e000000
2175 icache  4d090041 load  hit           pol=3 VA=98000000405fe6a0 PA=0405fe6a0 line=35 hitv=00000100 ro=34567012 tag=0405fe V=00000111 L=00000000
2175 PC=0x98000000405fe6a0 [00000000405fe6a0]	4d0a0809 sdxc1  f1,$t2($t0)
[va=9800000041300030 pa=0000000041300030]
2175 dcache  4d0a0809 store hit           pol=3 VA=9800000041300030 PA=041300030 line=01 hitv=00010000 ro=56701234 tag=041300 V=11111111 W=00000000 L=00000000
2175 scache  4d0a0809 store hit           pol=3 VA=9800000041300030 PA=041300030 line=001 hitv=1000 ro=0123 tag=02098 V=1111 W=1111 data=9eea3e20f9496b5f mask=11111111
2176 PC=0x98000000405fe6a4 [00000000405fe6a4]	65290008 daddiu $t1,$t1,0x8
2176 Reg write t1=ffffffffffffffe8
2177 PC=0x98000000405fe6a8 [00000000405fe6a8]	654afff8 daddiu $t2,$t2,0xfff8
2177 Reg write t2=0000000000000018
2178 PC=0x98000000405fe6ac [00000000405fe6ac]	5549fffc bnel   $t2,$t1,0x98000000405fe6a0
2179 icache  5549fffc load  hit           pol=3 VA=98000000405fe6b0 PA=0405fe6b0 line=35 hitv=00000100 ro=34567012 tag=0405fe V=00000111 L=00000000
2179 PC=0x98000000405fe6b0 [00000000405fe6b0]	4d090041 ldxc1  f1,$t1($t0)
[va=98000000412ffff8 pa=00000000412ffff8]
2179 dcache  4d090041 load  hit           pol=3 VA=98000000412ffff8 PA=0412ffff8 line=7f hitv=01000000 ro=35470126 tag=0412ff V=11111111 W=00000000 L=00000000
2179 Reg write f[1]=8f9ff0810f11382f  FCSR(fcr31)=6e000000
2180 icache  4d090041 load  hit           pol=3 VA=98000000405fe6a0 PA=0405fe6a0 line=35 hitv=00000100 ro=34567012 tag=0405fe V=00000111 L=00000000
2180 PC=0x98000000405fe6a0 [00000000405fe6a0]	4d0a0809 sdxc1  f1,$t2($t0)
[va=9800000041300028 pa=0000000041300028]
2180 dcache  4d0a0809 store hit           pol=3 VA=9800000041300028 PA=041300028 line=01 hitv=00010000 ro=56701234 tag=041300 V=11111111 W=00000000 L=00000000
2180 scache  4d0a0809 store hit           pol=3 VA=9800000041300028 PA=041300028 line=001 hitv=1000 ro=0123 tag=02098 V=1111 W=1111 data=8f9ff0810f11382f mask=11111111
2181 PC=0x98000000405fe6a4 [00000000405fe6a4]	65290008 daddiu $t1,$t1,0x8
2181 Reg write t1=fffffffffffffff0
2182 PC=0x98000000405fe6a8 [00000000405fe6a8]	654afff8 daddiu $t2,$t2,0xfff8
2182 Reg write t2=0000000000000010
2183 PC=0x98000000405fe6ac [00000000405fe6ac]	5549fffc bnel   $t2,$t1,0x98000000405fe6a0
2184 icache  5549fffc load  hit           pol=3 VA=98000000405fe6b0 PA=0405fe6b0 line=35 hitv=00000100 ro=34567012 tag=0405fe V=00000111 L=00000000
2184 PC=0x98000000405fe6b0 [00000000405fe6b0]	4d090041 ldxc1  f1,$t1($t0)
[va=9800000041300000 pa=0000000041300000]
2184 dcache  4d090041 load  miss refill   pol=3 VA=9800000041300000 PA=041300000 line=00 hitv=00000000 ro=14720356 tag=000000 V=11111111 W=00000000 L=00000000
2184 scache  4d090041 load  miss refill   pol=3 VA=9800000041300000 PA=041300000 line=000 hitv=0000 ro=3012 tag=00000 V=1111 W=0111
2184 Reg write f[1]=2f541708d0d408d8  FCSR(fcr31)=6e000000
2185 icache  4d090041 load  hit           pol=3 VA=98000000405fe6a0 PA=0405fe6a0 line=35 hitv=00000100 ro=34567012 tag=0405fe V=00000111 L=00000000
2185 PC=0x98000000405fe6a0 [00000000405fe6a0]	4d0a0809 sdxc1  f1,$t2($t0)
[va=9800000041300020 pa=0000000041300020]
2185 dcache  4d0a0809 store hit           pol=3 VA=9800000041300020 PA=041300020 line=01 hitv=00010000 ro=56701234 tag=041300 V=11111111 W=00000000 L=00000000
2185 scache  4d0a0809 store hit           pol=3 VA=9800000041300020 PA=041300020 line=001 hitv=1000 ro=0123 tag=02098 V=1111 W=1111 data=2f541708d0d408d8 mask=11111111
2186 PC=0x98000000405fe6a4 [00000000405fe6a4]	65290008 daddiu $t1,$t1,0x8
2186 Reg write t1=fffffffffffffff8
2187 PC=0x98000000405fe6a8 [00000000405fe6a8]	654afff8 daddiu $t2,$t2,0xfff8
2187 Reg write t2=0000000000000008
2188 PC=0x98000000405fe6ac [00000000405fe6ac]	5549fffc bnel   $t2,$t1,0x98000000405fe6a0
2189 icache  5549fffc load  hit           pol=3 VA=98000000405fe6b0 PA=0405fe6b0 line=35 hitv=00000100 ro=34567012 tag=0405fe V=00000111 L=00000000
2189 PC=0x98000000405fe6b0 [00000000405fe6b0]	4d090041 ldxc1  f1,$t1($t0)
[va=9800000041300008 pa=0000000041300008]
2189 dcache  4d090041 load  hit           pol=3 VA=9800000041300008 PA=041300008 line=00 hitv=00000010 ro=47203561 tag=041300 V=11111111 W=00000000 L=00000000
2189 Reg write f[1]=60013d3f9cf1cef9  FCSR(fcr31)=6e000000
2190 icache  4d090041 load  hit           pol=3 VA=98000000405fe6a0 PA=0405fe6a0 line=35 hitv=00000100 ro=34567012 tag=0405fe V=00000111 L=00000000
2190 PC=0x98000000405fe6a0 [00000000405fe6a0]	4d0a0809 sdxc1  f1,$t2($t0)
[va=9800000041300018 pa=0000000041300018]
2190 dcache  4d0a0809 store hit           pol=3 VA=9800000041300018 PA=041300018 line=00 hitv=00000010 ro=47203561 tag=041300 V=11111111 W=00000000 L=00000000
2190 scache  4d0a0809 store hit           pol=3 VA=9800000041300018 PA=041300018 line=000 hitv=1000 ro=0123 tag=02098 V=1111 W=0111 data=60013d3f9cf1cef9 mask=11111111
2191 PC=0x98000000405fe6a4 [00000000405fe6a4]	65290008 daddiu $t1,$t1,0x8
2191 Reg write t1=0000000000000000
2192 PC=0x98000000405fe6a8 [00000000405fe6a8]	654afff8 daddiu $t2,$t2,0xfff8
2192 Reg write t2=0000000000000000
2193 PC=0x98000000405fe6ac [00000000405fe6ac]	5549fffc bnel   $t2,$t1,0x98000000405fe6a0
2194 icache  5549fffc load  hit           pol=3 VA=98000000405fe6b4 PA=0405fe6b0 line=35 hitv=00000100 ro=34567012 tag=0405fe V=00000111 L=00000000
2194 PC=0x98000000405fe6b4 [00000000405fe6b4]	3c189800 lui    $t8,0x9800
2194 Reg write t8=ffffffff98000000
2195 PC=0x98000000405fe6b8 [00000000405fe6b8]	0018c438 dsll   $t8,$t8,16
2195 Reg write t8=ffff980000000000
2196 PC=0x98000000405fe6bc [00000000405fe6bc]	37184170 ori    $t8,$t8,0x4170
2196 Reg write t8=ffff980000004170
2197 icache  37184170 load  miss refill   pol=3 VA=98000000405fe6c0 PA=0405fe6c0 line=36 hitv=00000000 ro=12345670 tag=000000 V=00000001 L=00000000
2197 PC=0x98000000405fe6c0 [00000000405fe6c0]	0018c438 dsll   $t8,$t8,16
2197 Reg write t8=9800000041700000
2198 PC=0x98000000405fe6c4 [00000000405fe6c4]	37183006 ori    $t8,$t8,0x3006
2198 Reg write t8=9800000041703006
2199 PC=0x98000000405fe6c8 [00000000405fe6c8]	a304d0ed sb     $a0,0xffffd0ed($t8)
[va=98000000417000f3 pa=00000000417000f3]
2199 dcache  a304d0ed store hit           pol=3 VA=98000000417000f3 PA=0417000f0 line=07 hitv=00100000 ro=43560712 tag=041700 V=11111111 W=00000000 L=00000000
2199 scache  a304d0ed store miss wo/alloc pol=3 VA=98000000417000f3 PA=0417000f0 line=007 hitv=0000 ro=2301 tag=00000 V=1111 W=1111 data=0000006000000000 mask=00010000
2199 dmemacc: store 1 addr=0417000f3 data=0000006000000000 mask=00010000 
2200 PC=0x98000000405fe6cc [00000000405fe6cc]	3c199800 lui    $t9,0x9800
2200 Reg write t9=ffffffff98000000
2201 icache  3c199800 load  hit           pol=3 VA=98000000405fe6d0 PA=0405fe6d0 line=36 hitv=00000010 ro=23456701 tag=0405fe V=00000011 L=00000000
2201 PC=0x98000000405fe6d0 [00000000405fe6d0]	0019cc38 dsll   $t9,$t9,16
2201 Reg write t9=ffff980000000000
2202 PC=0x98000000405fe6d4 [00000000405fe6d4]	3739511f ori    $t9,$t9,0x511f
2202 Reg write t9=ffff98000000511f
2203 PC=0x98000000405fe6d8 [00000000405fe6d8]	0019cc38 dsll   $t9,$t9,16
2203 Reg write t9=98000000511f0000
2204 PC=0x98000000405fe6dc [00000000405fe6dc]	3739bd75 ori    $t9,$t9,0xbd75
2204 Reg write t9=98000000511fbd75
2205 icache  3739bd75 load  miss refill   pol=3 VA=98000000405fe6e0 PA=0405fe6e0 line=37 hitv=00000000 ro=12345670 tag=000000 V=00000001 L=00000000
2205 PC=0x98000000405fe6e0 [00000000405fe6e0]	df3e442b ld     $s8,0x442b($t9)
[va=98000000512001a0 pa=00000000512001a0]
2205 dcache  df3e442b load  hit           pol=3 VA=98000000512001a0 PA=0512001a0 line=0d hitv=00010000 ro=01235647 tag=051200 V=11111111 W=00000000 L=00000000
2205 Reg write s8=51815400170bdfcd
2206 PC=0x98000000405fe6e4 [00000000405fe6e4]	3c1e9800 lui    $s8,0x9800
2206 Reg write s8=ffffffff98000000
2207 PC=0x98000000405fe6e8 [00000000405fe6e8]	001ef438 dsll   $s8,$s8,16
2207 Reg write s8=ffff980000000000
2208 PC=0x98000000405fe6ec [00000000405fe6ec]	37de416f ori    $s8,$s8,0x416f
2208 Reg write s8=ffff98000000416f
2209 icache  37de416f load  hit           pol=3 VA=98000000405fe6f0 PA=0405fe6f0 line=37 hitv=00000010 ro=23456701 tag=0405fe V=00000011 L=00000000
2209 PC=0x98000000405fe6f0 [00000000405fe6f0]	001ef438 dsll   $s8,$s8,16
2209 Reg write s8=98000000416f0000
2210 PC=0x98000000405fe6f4 [00000000405fe6f4]	37defaa2 ori    $s8,$s8,0xfaa2
2210 Reg write s8=98000000416ffaa2
2211 PC=0x98000000405fe6f8 [00000000405fe6f8]	83d805c6 lb     $t8,0x5c6($s8)
[va=9800000041700068 pa=0000000041700068]
2211 dcache  83d805c6 load  miss refill   pol=3 VA=9800000041700068 PA=041700068 line=03 hitv=00000000 ro=45760132 tag=000000 V=11111111 W=00000000 L=00000000
2211 scache  83d805c6 load  miss refill   pol=3 VA=9800000041700068 PA=041700060 line=003 hitv=0000 ro=3012 tag=00000 V=1111 W=1110
2211 dmemacc: store 8 addr=050200060 data=24931f795d13cad7 mask=11111111 cline 
2211 dmemacc: store 8 addr=050200068 data=c359e94822d9ac3b mask=11111111 cline 
2211 dmemacc: store 8 addr=050200070 data=ffffffa100000001 mask=11111111 cline 
2211 dmemacc: store 8 addr=050200078 data=338c2fccaf26a04e mask=11111111 cline 
2211 Reg write t8=000000000000003d
2212 PC=0x98000000405fe6fc [00000000405fe6fc]	3c049800 lui    $a0,0x9800
2212 Reg write a0=ffffffff98000000
2213 icache  3c049800 load  miss refill   pol=3 VA=98000000405fe700 PA=0405fe700 line=38 hitv=00000000 ro=12345670 tag=000000 V=00000001 L=00000000
2213 PC=0x98000000405fe700 [00000000405fe700]	00042438 dsll   $a0,$a0,16
2213 Reg write a0=ffff980000000000
2214 PC=0x98000000405fe704 [00000000405fe704]	3484416f ori    $a0,$a0,0x416f
2214 Reg write a0=ffff98000000416f
2215 PC=0x98000000405fe708 [00000000405fe708]	00042438 dsll   $a0,$a0,16
2215 Reg write a0=98000000416f0000
2216 PC=0x98000000405fe70c [00000000405fe70c]	3484c4d9 ori    $a0,$a0,0xc4d9
2216 Reg write a0=98000000416fc4d9
2217 icache  3484c4d9 load  hit           pol=3 VA=98000000405fe710 PA=0405fe710 line=38 hitv=00000010 ro=23456701 tag=0405fe V=00000011 L=00000000
2217 PC=0x98000000405fe710 [00000000405fe710]	ac993b97 sw     $t9,0x3b97($a0)
[va=9800000041700070 pa=0000000041700070]
2217 dcache  ac993b97 store hit           pol=3 VA=9800000041700070 PA=041700070 line=03 hitv=00010000 ro=57601324 tag=041700 V=11111111 W=00000000 L=00000000
2217 scache  ac993b97 store hit           pol=3 VA=9800000041700070 PA=041700070 line=003 hitv=1000 ro=0123 tag=020b8 V=1111 W=0110 data=511fbd7500000000 mask=11110000
2218 PC=0x98000000405fe714 [00000000405fe714]	3c1e9800 lui    $s8,0x9800
2218 Reg write s8=ffffffff98000000
2219 PC=0x98000000405fe718 [00000000405fe718]	001ef438 dsll   $s8,$s8,16
2219 Reg write s8=ffff980000000000
2220 PC=0x98000000405fe71c [00000000405fe71c]	37de4520 ori    $s8,$s8,0x4520
2220 Reg write s8=ffff980000004520
2221 icache  37de4520 load  miss refill   pol=3 VA=98000000405fe720 PA=0405fe720 line=39 hitv=00000000 ro=12345670 tag=000000 V=00000001 L=00000000
2221 PC=0x98000000405fe720 [00000000405fe720]	001ef438 dsll   $s8,$s8,16
2221 Reg write s8=9800000045200000
2222 PC=0x98000000405fe724 [00000000405fe724]	37de5dde ori    $s8,$s8,0x5dde
2222 Reg write s8=9800000045205dde
2223 PC=0x98000000405fe728 [00000000405fe728]	ffd9a302 sd     $t9,0xffffa302($s8)
[va=98000000452000e0 pa=00000000452000e0]
2223 dcache  ffd9a302 store hit           pol=3 VA=98000000452000e0 PA=0452000e0 line=07 hitv=00001000 ro=43607125 tag=045200 V=11111111 W=00000000 L=00000000
2223 scache  ffd9a302 store miss wo/alloc pol=3 VA=98000000452000e0 PA=0452000e0 line=007 hitv=0000 ro=2301 tag=00000 V=1111 W=1111 data=98000000511fbd75 mask=11111111
2223 dmemacc: store 8 addr=0452000e0 data=98000000511fbd75 mask=11111111 
2224 PC=0x98000000405fe72c [00000000405fe72c]	3c199800 lui    $t9,0x9800
2224 Reg write t9=ffffffff98000000
2225 icache  3c199800 load  hit           pol=3 VA=98000000405fe730 PA=0405fe730 line=39 hitv=00000010 ro=23456701 tag=0405fe V=00000011 L=00000000
2225 PC=0x98000000405fe730 [00000000405fe730]	0019cc38 dsll   $t9,$t9,16
2225 Reg write t9=ffff980000000000
2226 PC=0x98000000405fe734 [00000000405fe734]	37395050 ori    $t9,$t9,0x5050
2226 Reg write t9=ffff980000005050
2227 PC=0x98000000405fe738 [00000000405fe738]	0019cc38 dsll   $t9,$t9,16
2227 Reg write t9=9800000050500000
2228 PC=0x98000000405fe73c [00000000405fe73c]	37391e9b ori    $t9,$t9,0x1e9b
2228 Reg write t9=9800000050501e9b
2229 icache  37391e9b load  miss refill   pol=3 VA=98000000405fe740 PA=0405fe740 line=3a hitv=00000000 ro=12345670 tag=000000 V=00000001 L=00000000
2229 PC=0x98000000405fe740 [00000000405fe740]	8327e2a8 lb     $a3,0xffffe2a8($t9)
[va=9800000050500143 pa=0000000050500143]
2229 dcache  8327e2a8 load  hit           pol=3 VA=9800000050500143 PA=050500140 line=0a hitv=00001000 ro=70234516 tag=050500 V=01111111 W=00000000 L=00000000
2229 Reg write a3=000000000000004f
2230 PC=0x98000000405fe744 [00000000405fe744]	3c129800 lui    $s2,0x9800
2230 Reg write s2=ffffffff98000000
2231 PC=0x98000000405fe748 [00000000405fe748]	00129438 dsll   $s2,$s2,16
2231 Reg write s2=ffff980000000000
2232 PC=0x98000000405fe74c [00000000405fe74c]	36524170 ori    $s2,$s2,0x4170
2232 Reg write s2=ffff980000004170
2233 icache  36524170 load  hit           pol=3 VA=98000000405fe750 PA=0405fe750 line=3a hitv=00000010 ro=23456701 tag=0405fe V=00000011 L=00000000
2233 PC=0x98000000405fe750 [00000000405fe750]	00129438 dsll   $s2,$s2,16
2233 Reg write s2=9800000041700000
2234 PC=0x98000000405fe754 [00000000405fe754]	365214f1 ori    $s2,$s2,0x14f1
2234 Reg write s2=98000000417014f1
2235 PC=0x98000000405fe758 [00000000405fe758]	8247eb73 lb     $a3,0xffffeb73($s2)
[va=9800000041700064 pa=0000000041700064]
2235 dcache  8247eb73 load  hit           pol=3 VA=9800000041700064 PA=041700060 line=03 hitv=00010000 ro=57601324 tag=041700 V=11111111 W=00000000 L=00000000
2235 Reg write a3=ffffffffffffffd4
2236 PC=0x98000000405fe75c [00000000405fe75c]	3c079800 lui    $a3,0x9800
2236 Reg write a3=ffffffff98000000
2237 icache  3c079800 load  miss refill   pol=3 VA=98000000405fe760 PA=0405fe760 line=3b hitv=00000000 ro=12345670 tag=000000 V=00000001 L=00000000
2237 PC=0x98000000405fe760 [00000000405fe760]	00073c38 dsll   $a3,$a3,16
2237 Reg write a3=ffff980000000000
2238 PC=0x98000000405fe764 [00000000405fe764]	34e7412f ori    $a3,$a3,0x412f
2238 Reg write a3=ffff98000000412f
2239 PC=0x98000000405fe768 [00000000405fe768]	00073c38 dsll   $a3,$a3,16
2239 Reg write a3=98000000412f0000
2240 PC=0x98000000405fe76c [00000000405fe76c]	34e7ad31 ori    $a3,$a3,0xad31
2240 Reg write a3=98000000412fad31
2241 icache  34e7ad31 load  hit           pol=3 VA=98000000405fe770 PA=0405fe770 line=3b hitv=00000010 ro=23456701 tag=0405fe V=00000011 L=00000000
2241 PC=0x98000000405fe770 [00000000405fe770]	84e654c9 lh     $a2,0x54c9($a3)
[va=98000000413001fa pa=00000000413001fa]
2241 dcache  84e654c9 load  miss refill   pol=3 VA=98000000413001fa PA=0413001f8 line=0f hitv=00000000 ro=45670132 tag=000000 V=00001111 W=00000000 L=00000000
2241 scache  84e654c9 load  miss refill   pol=3 VA=98000000413001fa PA=0413001e0 line=00f hitv=0000 ro=3021 tag=00000 V=0111 W=0111
2241 Reg write a2=ffffffffffffffff
2242 PC=0x98000000405fe774 [00000000405fe774]	3c049800 lui    $a0,0x9800
2242 Reg write a0=ffffffff98000000
2243 PC=0x98000000405fe778 [00000000405fe778]	00042438 dsll   $a0,$a0,16
2243 Reg write a0=ffff980000000000
2244 PC=0x98000000405fe77c [00000000405fe77c]	3484555f ori    $a0,$a0,0x555f
2244 Reg write a0=ffff98000000555f
2245 icache  3484555f load  miss refill   pol=3 VA=98000000405fe780 PA=0405fe780 line=3c hitv=00000000 ro=12345670 tag=000000 V=00000001 L=00000000
2245 PC=0x98000000405fe780 [00000000405fe780]	00042438 dsll   $a0,$a0,16
2245 Reg write a0=98000000555f0000
2246 PC=0x98000000405fe784 [00000000405fe784]	3484ff60 ori    $a0,$a0,0xff60
2246 Reg write a0=98000000555fff60
2247 PC=0x98000000405fe788 [00000000405fe788]	3c059800 lui    $a1,0x9800
2247 Reg write a1=ffffffff98000000
2248 PC=0x98000000405fe78c [00000000405fe78c]	00052c38 dsll   $a1,$a1,16
2248 Reg write a1=ffff980000000000
2249 icache  00052c38 load  hit           pol=3 VA=98000000405fe790 PA=0405fe790 line=3c hitv=00000010 ro=23456701 tag=0405fe V=00000011 L=00000000
2249 PC=0x98000000405fe790 [00000000405fe790]	34a554af ori    $a1,$a1,0x54af
2249 Reg write a1=ffff9800000054af
2250 PC=0x98000000405fe794 [00000000405fe794]	00052c38 dsll   $a1,$a1,16
2250 Reg write a1=9800000054af0000
2251 PC=0x98000000405fe798 [00000000405fe798]	34a5ff10 ori    $a1,$a1,0xff10
2251 Reg write a1=9800000054afff10
2252 PC=0x98000000405fe79c [00000000405fe79c]	24060004 addiu  $a2,$r0,0x4
2252 Reg write a2=0000000000000004
2253 icache  24060004 load  miss refill   pol=3 VA=98000000405fe7a0 PA=0405fe7a0 line=3d hitv=00000000 ro=12345670 tag=000000 V=00000001 L=00000000
2253 PC=0x98000000405fe7a0 [00000000405fe7a0]	fc88fff0 sd     $t0,0xfffffff0($a0)
[va=98000000555fff50 pa=00000000555fff50]
2253 dcache  fc88fff0 store miss w/alloc  pol=3 VA=98000000555fff50 PA=0555fff50 line=7a hitv=00000000 ro=42567130 tag=000000 V=11111111 W=00000000 L=00000000
2253 scache  fc88fff0 store miss w/alloc  pol=3 VA=98000000555fff50 PA=0555fff50 line=ffa hitv=0000 ro=0213 tag=00000 V=1111 W=1001 data=9800000041300010 mask=11111111
2253 dmemacc: store 8 addr=04d1fff40 data=98000000518054c2 mask=11111111 cline 
2253 dmemacc: store 8 addr=04d1fff48 data=20866dfd1f12c9ba mask=11111111 cline 
2253 dmemacc: store 8 addr=04d1fff50 data=ffbea63fcfa4a0a4 mask=11111111 cline 
2253 dmemacc: store 8 addr=04d1fff58 data=f9b0c5e6f8baf147 mask=11111111 cline 
2254 PC=0x98000000405fe7a4 [00000000405fe7a4]	fc89fff8 sd     $t1,0xfffffff8($a0)
[va=98000000555fff58 pa=00000000555fff58]
2254 dcache  fc89fff8 store hit           pol=3 VA=98000000555fff58 PA=0555fff58 line=7a hitv=00010000 ro=25671304 tag=0555ff V=11111111 W=00000000 L=00000000
2254 scache  fc89fff8 store hit           pol=3 VA=98000000555fff58 PA=0555fff58 line=ffa hitv=0001 ro=2130 tag=02aaf V=1111 W=1001 data=0000000000000000 mask=11111111
2255 PC=0x98000000405fe7a8 [00000000405fe7a8]	fc8cffe0 sd     $t4,0xffffffe0($a0)
[va=98000000555fff40 pa=00000000555fff40]
2255 dcache  fc8cffe0 store hit           pol=3 VA=98000000555fff40 PA=0555fff40 line=7a hitv=00010000 ro=25671304 tag=0555ff V=11111111 W=00000000 L=00000000
2255 scache  fc8cffe0 store hit           pol=3 VA=98000000555fff40 PA=0555fff40 line=ffa hitv=0001 ro=2130 tag=02aaf V=1111 W=1001 data=8000000000000000 mask=11111111
2256 PC=0x98000000405fe7ac [00000000405fe7ac]	64c6ffff daddiu $a2,$a2,0xffff
2256 Reg write a2=0000000000000003
2257 icache  64c6ffff load  hit           pol=3 VA=98000000405fe7b0 PA=0405fe7b0 line=3d hitv=00000010 ro=23456701 tag=0405fe V=00000011 L=00000000
2257 PC=0x98000000405fe7b0 [00000000405fe7b0]	fc890008 sd     $t1,0x8($a0)
[va=98000000555fff68 pa=00000000555fff68]
2257 dcache  fc890008 store miss w/alloc  pol=3 VA=98000000555fff68 PA=0555fff68 line=7b hitv=00000000 ro=02531647 tag=000000 V=11111111 W=00000000 L=00000000
2257 scache  fc890008 store miss w/alloc  pol=3 VA=98000000555fff68 PA=0555fff68 line=ffb hitv=0000 ro=3102 tag=00000 V=1111 W=1101 data=0000000000000000 mask=11111111
2257 dmemacc: store 8 addr=0504fff60 data=98000000504fff30 mask=11111111 cline 
2257 dmemacc: store 8 addr=0504fff68 data=e7be1dfd245f5603 mask=11111111 cline 
2257 dmemacc: store 8 addr=0504fff70 data=6666666666666666 mask=11111111 cline 
2257 dmemacc: store 8 addr=0504fff78 data=0000000000000000 mask=11111111 cline 
2258 PC=0x98000000405fe7b4 [00000000405fe7b4]	fc8affd0 sd     $t2,0xffffffd0($a0)
[va=98000000555fff30 pa=00000000555fff30]
2258 dcache  fc8affd0 store miss w/alloc  pol=3 VA=98000000555fff30 PA=0555fff30 line=79 hitv=00000000 ro=03245167 tag=000000 V=11111111 W=00000000 L=00000000
2258 scache  fc8affd0 store miss w/alloc  pol=3 VA=98000000555fff30 PA=0555fff30 line=ff9 hitv=0000 ro=0312 tag=00000 V=1111 W=1111 data=0000000000000000 mask=11111111
2258 dmemacc: store 8 addr=0537fff20 data=e38e38e38e38e38e mask=11111111 cline 
2258 dmemacc: store 8 addr=0537fff28 data=0000000000000051 mask=11111111 cline 
2258 dmemacc: store 8 addr=0537fff30 data=516dfd11eb36402b mask=11111111 cline 
2258 dmemacc: store 8 addr=0537fff38 data=198658f87e0ff840 mask=11111111 cline 
2259 PC=0x98000000405fe7b8 [00000000405fe7b8]	64840040 daddiu $a0,$a0,0x40
2259 Reg write a0=98000000555fffa0
2260 PC=0x98000000405fe7bc [00000000405fe7bc]	dca80030 ld     $t0,0x30($a1)
[va=9800000054afff40 pa=0000000054afff40]
2260 dcache  dca80030 load  hit           pol=3 VA=9800000054afff40 PA=054afff40 line=7a hitv=00001000 ro=25671304 tag=054aff V=11111111 W=00000000 L=00000000
2260 Reg write t0=7fffffffffffffff
2261 icache  dca80030 load  miss refill   pol=3 VA=98000000405fe7c0 PA=0405fe7c0 line=3e hitv=00000000 ro=12345670 tag=000000 V=00000001 L=00000000
2261 PC=0x98000000405fe7c0 [00000000405fe7c0]	dca80000 ld     $t0,0x0($a1)
[va=9800000054afff10 pa=0000000054afff10]
2261 dcache  dca80000 load  miss refill   pol=3 VA=9800000054afff10 PA=054afff10 line=78 hitv=00000000 ro=54671203 tag=000000 V=11111111 W=00000000 L=00000000
2261 scache  dca80000 load  miss refill   pol=3 VA=9800000054afff10 PA=054afff00 line=ff8 hitv=0000 ro=1203 tag=00000 V=1111 W=0111
2261 dmemacc: store 8 addr=04027ff00 data=cc1803c74e8c2d96 mask=11111111 cline 
2261 dmemacc: store 8 addr=04027ff08 data=aaaaaaaaaaaaaaaa mask=11111111 cline 
2261 dmemacc: store 8 addr=04027ff10 data=19f70f9e10c31c64 mask=11111111 cline 
2261 dmemacc: store 8 addr=04027ff18 data=4598ffbeeb2d435f mask=11111111 cline 
2261 Reg write t0=e6a72263bc4ed0c3
2262 PC=0x98000000405fe7c4 [00000000405fe7c4]	64a50040 daddiu $a1,$a1,0x40
2262 Reg write a1=9800000054afff50
2263 PC=0x98000000405fe7c8 [00000000405fe7c8]	fc8bffd8 sd     $t3,0xffffffd8($a0)
[va=98000000555fff78 pa=00000000555fff78]
2263 dcache  fc8bffd8 store hit           pol=3 VA=98000000555fff78 PA=0555fff78 line=7b hitv=00000001 ro=25316470 tag=0555ff V=11111111 W=00000000 L=00000000
2263 scache  fc8bffd8 store hit           pol=3 VA=98000000555fff78 PA=0555fff78 line=ffb hitv=1000 ro=1023 tag=02aaf V=1111 W=1101 data=ffffffffffffe000 mask=11111111
2264 PC=0x98000000405fe7cc [00000000405fe7cc]	dcac0020 ld     $t4,0x20($a1)
[va=9800000054afff70 pa=0000000054afff70]
2264 dcache  dcac0020 load  hit           pol=3 VA=9800000054afff70 PA=054afff70 line=7b hitv=01000000 ro=25316470 tag=054aff V=11111111 W=00000000 L=00000000
2264 Reg write t4=000001ffffffffff
2265 icache  dcac0020 load  hit           pol=3 VA=98000000405fe7d0 PA=0405fe7d0 line=3e hitv=00000010 ro=23456701 tag=0405fe V=00000011 L=00000000
2265 PC=0x98000000405fe7d0 [00000000405fe7d0]	fc880000 sd     $t0,0x0($a0)
[va=98000000555fffa0 pa=00000000555fffa0]
2265 dcache  fc880000 store miss w/alloc  pol=3 VA=98000000555fffa0 PA=0555fffa0 line=7d hitv=00000000 ro=01342675 tag=000000 V=11111111 W=00000000 L=00000000
2265 scache  fc880000 store miss w/alloc  pol=3 VA=98000000555fffa0 PA=0555fffa0 line=ffd hitv=0000 ro=2031 tag=00000 V=1111 W=0101 data=e6a72263bc4ed0c3 mask=11111111
2265 dmemacc: store 8 addr=04027ffa0 data=ffffffffffffffff mask=11111111 cline 
2265 dmemacc: store 8 addr=04027ffa8 data=2c43817182168d00 mask=11111111 cline 
2265 dmemacc: store 8 addr=04027ffb0 data=73dcac45e162703e mask=11111111 cline 
2265 dmemacc: store 8 addr=04027ffb8 data=8b6c2ec18c5fdd7f mask=11111111 cline 
2266 PC=0x98000000405fe7d4 [00000000405fe7d4]	dcaf0028 ld     $t7,0x28($a1)
[va=9800000054afff78 pa=0000000054afff78]
2266 dcache  dcaf0028 load  hit           pol=3 VA=9800000054afff78 PA=054afff78 line=7b hitv=01000000 ro=25314706 tag=054aff V=11111111 W=00000000 L=00000000
2266 Reg write t7=fc53959d890fa89a
2267 PC=0x98000000405fe7d8 [00000000405fe7d8]	fc8fffe8 sd     $t7,0xffffffe8($a0)
[va=98000000555fff88 pa=00000000555fff88]
2267 dcache  fc8fffe8 store miss w/alloc  pol=3 VA=98000000555fff88 PA=0555fff88 line=7c hitv=00000000 ro=30756142 tag=000000 V=11111111 W=00000000 L=00000000
2267 scache  fc8fffe8 store miss w/alloc  pol=3 VA=98000000555fff88 PA=0555fff88 line=ffc hitv=0000 ro=2013 tag=00000 V=1111 W=1110 data=fc53959d890fa89a mask=11111111
2267 dmemacc: store 8 addr=04d1fff80 data=a5e8b24df1005631 mask=11111111 cline 
2267 dmemacc: store 8 addr=04d1fff88 data=cdb21076e4dab401 mask=11111111 cline 
2267 dmemacc: store 8 addr=04d1fff90 data=006dffaf06cd1e9c mask=11111111 cline 
2267 dmemacc: store 8 addr=04d1fff98 data=98000000515fb3ff mask=11111111 cline 
2268 PC=0x98000000405fe7dc [00000000405fe7dc]	dcab0018 ld     $t3,0x18($a1)
[va=9800000054afff68 pa=0000000054afff68]
2268 dcache  dcab0018 load  hit           pol=3 VA=9800000054afff68 PA=054afff68 line=7b hitv=01000000 ro=25314706 tag=054aff V=11111111 W=00000000 L=00000000
2268 Reg write t3=ffffffffffffffff
2269 icache  dcab0018 load  miss refill   pol=3 VA=98000000405fe7e0 PA=0405fe7e0 line=3f hitv=00000000 ro=12345670 tag=000000 V=00000001 L=00000000
2269 PC=0x98000000405fe7e0 [00000000405fe7e0]	dca90008 ld     $t1,0x8($a1)
[va=9800000054afff58 pa=0000000054afff58]
2269 dcache  dca90008 load  hit           pol=3 VA=9800000054afff58 PA=054afff58 line=7a hitv=00001000 ro=25671043 tag=054aff V=11111111 W=00000000 L=00000000
2269 Reg write t1=3dfecb4be4f2eadf
2270 PC=0x98000000405fe7e4 [00000000405fe7e4]	dcaa0010 ld     $t2,0x10($a1)
[va=9800000054afff60 pa=0000000054afff60]
2270 dcache  dcaa0010 load  hit           pol=3 VA=9800000054afff60 PA=054afff60 line=7b hitv=01000000 ro=25314706 tag=054aff V=11111111 W=00000000 L=00000000
2270 Reg write t2=609d10fdb9182685
2271 PC=0x98000000405fe7e8 [00000000405fe7e8]	14c0ffed bne    $a2,$r0,0x98000000405fe7a0
2272 PC=0x98000000405fe7ec [00000000405fe7ec]	dca90038 ld     $t1,0x38($a1)
[va=9800000054afff88 pa=0000000054afff88]
2272 dcache  dca90038 load  hit           pol=3 VA=9800000054afff88 PA=054afff88 line=7c hitv=00000010 ro=07561423 tag=054aff V=11111111 W=00000000 L=00000000
2272 Reg write t1=7ee973b1a1e20297
2273 icache  dca90038 load  hit           pol=3 VA=98000000405fe7a0 PA=0405fe7a0 line=3d hitv=00000010 ro=23456701 tag=0405fe V=00000011 L=00000000
2273 PC=0x98000000405fe7a0 [00000000405fe7a0]	fc88fff0 sd     $t0,0xfffffff0($a0)
[va=98000000555fff90 pa=00000000555fff90]
2273 dcache  fc88fff0 store hit           pol=3 VA=98000000555fff90 PA=0555fff90 line=7c hitv=00001000 ro=07564231 tag=0555ff V=11111111 W=00000000 L=00000000
2273 scache  fc88fff0 store hit           pol=3 VA=98000000555fff90 PA=0555fff90 line=ffc hitv=0100 ro=0132 tag=02aaf V=1111 W=1110 data=e6a72263bc4ed0c3 mask=11111111
2274 PC=0x98000000405fe7a4 [00000000405fe7a4]	fc89fff8 sd     $t1,0xfffffff8($a0)
[va=98000000555fff98 pa=00000000555fff98]
2274 dcache  fc89fff8 store hit           pol=3 VA=98000000555fff98 PA=0555fff98 line=7c hitv=00001000 ro=07564213 tag=0555ff V=11111111 W=00000000 L=00000000
2274 scache  fc89fff8 store hit           pol=3 VA=98000000555fff98 PA=0555fff98 line=ffc hitv=0100 ro=0132 tag=02aaf V=1111 W=1110 data=7ee973b1a1e20297 mask=11111111
2275 PC=0x98000000405fe7a8 [00000000405fe7a8]	fc8cffe0 sd     $t4,0xffffffe0($a0)
[va=98000000555fff80 pa=00000000555fff80]
2275 dcache  fc8cffe0 store hit           pol=3 VA=98000000555fff80 PA=0555fff80 line=7c hitv=00001000 ro=07564213 tag=0555ff V=11111111 W=00000000 L=00000000
2275 scache  fc8cffe0 store hit           pol=3 VA=98000000555fff80 PA=0555fff80 line=ffc hitv=0100 ro=0132 tag=02aaf V=1111 W=1110 data=000001ffffffffff mask=11111111
2276 PC=0x98000000405fe7ac [00000000405fe7ac]	64c6ffff daddiu $a2,$a2,0xffff
2276 Reg write a2=0000000000000002
2277 icache  64c6ffff load  hit           pol=3 VA=98000000405fe7b0 PA=0405fe7b0 line=3d hitv=00000010 ro=23456701 tag=0405fe V=00000011 L=00000000
2277 PC=0x98000000405fe7b0 [00000000405fe7b0]	fc890008 sd     $t1,0x8($a0)
[va=98000000555fffa8 pa=00000000555fffa8]
2277 dcache  fc890008 store hit           pol=3 VA=98000000555fffa8 PA=0555fffa8 line=7d hitv=00000001 ro=13426750 tag=0555ff V=11111111 W=00000000 L=00000000
2277 scache  fc890008 store hit           pol=3 VA=98000000555fffa8 PA=0555fffa8 line=ffd hitv=0100 ro=0312 tag=02aaf V=1111 W=0101 data=7ee973b1a1e20297 mask=11111111
2278 PC=0x98000000405fe7b4 [00000000405fe7b4]	fc8affd0 sd     $t2,0xffffffd0($a0)
[va=98000000555fff70 pa=00000000555fff70]
2278 dcache  fc8affd0 store hit           pol=3 VA=98000000555fff70 PA=0555fff70 line=7b hitv=00000001 ro=25314706 tag=0555ff V=11111111 W=00000000 L=00000000
2278 scache  fc8affd0 store hit           pol=3 VA=98000000555fff70 PA=0555fff70 line=ffb hitv=1000 ro=1023 tag=02aaf V=1111 W=1101 data=609d10fdb9182685 mask=11111111
2279 PC=0x98000000405fe7b8 [00000000405fe7b8]	64840040 daddiu $a0,$a0,0x40
2279 Reg write a0=98000000555fffe0
2280 PC=0x98000000405fe7bc [00000000405fe7bc]	dca80030 ld     $t0,0x30($a1)
[va=9800000054afff80 pa=0000000054afff80]
2280 dcache  dca80030 load  hit           pol=3 VA=9800000054afff80 PA=054afff80 line=7c hitv=00000010 ro=07564213 tag=054aff V=11111111 W=00000000 L=00000000
2280 Reg write t0=00000003ffffffff
2281 icache  dca80030 load  hit           pol=3 VA=98000000405fe7c0 PA=0405fe7c0 line=3e hitv=00000010 ro=23456701 tag=0405fe V=00000011 L=00000000
2281 PC=0x98000000405fe7c0 [00000000405fe7c0]	dca80000 ld     $t0,0x0($a1)
[va=9800000054afff50 pa=0000000054afff50]
2281 dcache  dca80000 load  hit           pol=3 VA=9800000054afff50 PA=054afff50 line=7a hitv=00001000 ro=25671043 tag=054aff V=11111111 W=00000000 L=00000000
2281 Reg write t0=d29455af864ca594
2282 PC=0x98000000405fe7c4 [00000000405fe7c4]	64a50040 daddiu $a1,$a1,0x40
2282 Reg write a1=9800000054afff90
2283 PC=0x98000000405fe7c8 [00000000405fe7c8]	fc8bffd8 sd     $t3,0xffffffd8($a0)
[va=98000000555fffb8 pa=00000000555fffb8]
2283 dcache  fc8bffd8 store hit           pol=3 VA=98000000555fffb8 PA=0555fffb8 line=7d hitv=00000001 ro=13426750 tag=0555ff V=11111111 W=00000000 L=00000000
2283 scache  fc8bffd8 store hit           pol=3 VA=98000000555fffb8 PA=0555fffb8 line=ffd hitv=0100 ro=0312 tag=02aaf V=1111 W=0101 data=ffffffffffffffff mask=11111111
2284 PC=0x98000000405fe7cc [00000000405fe7cc]	dcac0020 ld     $t4,0x20($a1)
[va=9800000054afffb0 pa=0000000054afffb0]
2284 dcache  dcac0020 load  hit           pol=3 VA=9800000054afffb0 PA=054afffb0 line=7d hitv=00001000 ro=13426750 tag=054aff V=11111111 W=00000000 L=00000000
2284 Reg write t4=0000000000000001
2285 icache  dcac0020 load  hit           pol=3 VA=98000000405fe7d0 PA=0405fe7d0 line=3e hitv=00000010 ro=23456701 tag=0405fe V=00000011 L=00000000
2285 PC=0x98000000405fe7d0 [00000000405fe7d0]	fc880000 sd     $t0,0x0($a0)
[va=98000000555fffe0 pa=00000000555fffe0]
2285 dcache  fc880000 store miss w/alloc  pol=3 VA=98000000555fffe0 PA=0555fffe0 line=7f hitv=00000000 ro=35470126 tag=000000 V=11111111 W=00000000 L=00000000
2285 scache  fc880000 store miss w/alloc  pol=3 VA=98000000555fffe0 PA=0555fffe0 line=fff hitv=0000 ro=3102 tag=00000 V=1111 W=0011 data=d29455af864ca594 mask=11111111
2286 PC=0x98000000405fe7d4 [00000000405fe7d4]	dcaf0028 ld     $t7,0x28($a1)
[va=9800000054afffb8 pa=0000000054afffb8]
2286 dcache  dcaf0028 load  hit           pol=3 VA=9800000054afffb8 PA=054afffb8 line=7d hitv=00001000 ro=14267503 tag=054aff V=11111111 W=00000000 L=00000000
2286 Reg write t7=c7baf541170e8c39
2287 PC=0x98000000405fe7d8 [00000000405fe7d8]	fc8fffe8 sd     $t7,0xffffffe8($a0)
[va=98000000555fffc8 pa=00000000555fffc8]
2287 dcache  fc8fffe8 store miss w/alloc  pol=3 VA=98000000555fffc8 PA=0555fffc8 line=7e hitv=00000000 ro=67401235 tag=000000 V=11111111 W=00000000 L=00000000
2287 scache  fc8fffe8 store miss w/alloc  pol=3 VA=98000000555fffc8 PA=0555fffc8 line=ffe hitv=0000 ro=2031 tag=00000 V=1111 W=0101 data=c7baf541170e8c39 mask=11111111
2287 dmemacc: store 8 addr=04a4fffc0 data=7fffffffffffffff mask=11111111 cline 
2287 dmemacc: store 8 addr=04a4fffc8 data=f548f0fc750a0746 mask=11111111 cline 
2287 dmemacc: store 8 addr=04a4fffd0 data=5d48d0ed3ed5dee0 mask=11111111 cline 
2287 dmemacc: store 8 addr=04a4fffd8 data=67ae34e3b9fb2ca7 mask=11111111 cline 
2288 PC=0x98000000405fe7dc [00000000405fe7dc]	dcab0018 ld     $t3,0x18($a1)
[va=9800000054afffa8 pa=0000000054afffa8]
2288 dcache  dcab0018 load  hit           pol=3 VA=9800000054afffa8 PA=054afffa8 line=7d hitv=00001000 ro=14267503 tag=054aff V=11111111 W=00000000 L=00000000
2288 Reg write t3=b007230534ba850a
2289 icache  dcab0018 load  hit           pol=3 VA=98000000405fe7e0 PA=0405fe7e0 line=3f hitv=00000010 ro=23456701 tag=0405fe V=00000011 L=00000000
2289 PC=0x98000000405fe7e0 [00000000405fe7e0]	dca90008 ld     $t1,0x8($a1)
[va=9800000054afff98 pa=0000000054afff98]
2289 dcache  dca90008 load  hit           pol=3 VA=9800000054afff98 PA=054afff98 line=7c hitv=00000010 ro=07564231 tag=054aff V=11111111 W=00000000 L=00000000
2289 Reg write t1=ebd61931bd914e80
2290 PC=0x98000000405fe7e4 [00000000405fe7e4]	dcaa0010 ld     $t2,0x10($a1)
[va=9800000054afffa0 pa=0000000054afffa0]
2290 dcache  dcaa0010 load  hit           pol=3 VA=9800000054afffa0 PA=054afffa0 line=7d hitv=00001000 ro=14267503 tag=054aff V=11111111 W=00000000 L=00000000
2290 Reg write t2=e90a373086c2776e
2291 PC=0x98000000405fe7e8 [00000000405fe7e8]	14c0ffed bne    $a2,$r0,0x98000000405fe7a0
2292 PC=0x98000000405fe7ec [00000000405fe7ec]	dca90038 ld     $t1,0x38($a1)
[va=9800000054afffc8 pa=0000000054afffc8]
2292 dcache  dca90038 load  hit           pol=3 VA=9800000054afffc8 PA=054afffc8 line=7e hitv=00000001 ro=74012356 tag=054aff V=11111111 W=00000000 L=00000000
2292 Reg write t1=8ae8febb6fa2f68d
2293 icache  dca90038 load  hit           pol=3 VA=98000000405fe7a0 PA=0405fe7a0 line=3d hitv=00000010 ro=23456701 tag=0405fe V=00000011 L=00000000
2293 PC=0x98000000405fe7a0 [00000000405fe7a0]	fc88fff0 sd     $t0,0xfffffff0($a0)
[va=98000000555fffd0 pa=00000000555fffd0]
2293 dcache  fc88fff0 store hit           pol=3 VA=98000000555fffd0 PA=0555fffd0 line=7e hitv=01000000 ro=74123560 tag=0555ff V=11111111 W=00000000 L=00000000
2293 scache  fc88fff0 store hit           pol=3 VA=98000000555fffd0 PA=0555fffd0 line=ffe hitv=0100 ro=0312 tag=02aaf V=1111 W=0101 data=d29455af864ca594 mask=11111111
2294 PC=0x98000000405fe7a4 [00000000405fe7a4]	fc89fff8 sd     $t1,0xfffffff8($a0)
[va=98000000555fffd8 pa=00000000555fffd8]
2294 dcache  fc89fff8 store hit           pol=3 VA=98000000555fffd8 PA=0555fffd8 line=7e hitv=01000000 ro=74123506 tag=0555ff V=11111111 W=00000000 L=00000000
2294 scache  fc89fff8 store hit           pol=3 VA=98000000555fffd8 PA=0555fffd8 line=ffe hitv=0100 ro=0312 tag=02aaf V=1111 W=0101 data=8ae8febb6fa2f68d mask=11111111
2295 PC=0x98000000405fe7a8 [00000000405fe7a8]	fc8cffe0 sd     $t4,0xffffffe0($a0)
[va=98000000555fffc0 pa=00000000555fffc0]
2295 dcache  fc8cffe0 store hit           pol=3 VA=98000000555fffc0 PA=0555fffc0 line=7e hitv=01000000 ro=74123506 tag=0555ff V=11111111 W=00000000 L=00000000
2295 scache  fc8cffe0 store hit           pol=3 VA=98000000555fffc0 PA=0555fffc0 line=ffe hitv=0100 ro=0312 tag=02aaf V=1111 W=0101 data=0000000000000001 mask=11111111
2296 PC=0x98000000405fe7ac [00000000405fe7ac]	64c6ffff daddiu $a2,$a2,0xffff
2296 Reg write a2=0000000000000001
2297 icache  64c6ffff load  hit           pol=3 VA=98000000405fe7b0 PA=0405fe7b0 line=3d hitv=00000010 ro=23456701 tag=0405fe V=00000011 L=00000000
2297 PC=0x98000000405fe7b0 [00000000405fe7b0]	fc890008 sd     $t1,0x8($a0)
[va=98000000555fffe8 pa=00000000555fffe8]
2297 dcache  fc890008 store hit           pol=3 VA=98000000555fffe8 PA=0555fffe8 line=7f hitv=00001000 ro=54701263 tag=0555ff V=11111111 W=00000000 L=00000000
2297 scache  fc890008 store hit           pol=3 VA=98000000555fffe8 PA=0555fffe8 line=fff hitv=1000 ro=1023 tag=02aaf V=1111 W=1011 data=8ae8febb6fa2f68d mask=11111111
2298 PC=0x98000000405fe7b4 [00000000405fe7b4]	fc8affd0 sd     $t2,0xffffffd0($a0)
[va=98000000555fffb0 pa=00000000555fffb0]
2298 dcache  fc8affd0 store hit           pol=3 VA=98000000555fffb0 PA=0555fffb0 line=7d hitv=00000001 ro=14267503 tag=0555ff V=11111111 W=00000000 L=00000000
2298 scache  fc8affd0 store hit           pol=3 VA=98000000555fffb0 PA=0555fffb0 line=ffd hitv=0100 ro=0312 tag=02aaf V=1111 W=0101 data=e90a373086c2776e mask=11111111
2299 PC=0x98000000405fe7b8 [00000000405fe7b8]	64840040 daddiu $a0,$a0,0x40
2299 Reg write a0=9800000055600020
2300 PC=0x98000000405fe7bc [00000000405fe7bc]	dca80030 ld     $t0,0x30($a1)
[va=9800000054afffc0 pa=0000000054afffc0]
2300 dcache  dca80030 load  hit           pol=3 VA=9800000054afffc0 PA=054afffc0 line=7e hitv=00000001 ro=74123506 tag=054aff V=11111111 W=00000000 L=00000000
2300 Reg write t0=fffffffffffc0000
2301 icache  dca80030 load  hit           pol=3 VA=98000000405fe7c0 PA=0405fe7c0 line=3e hitv=00000010 ro=23456701 tag=0405fe V=00000011 L=00000000
2301 PC=0x98000000405fe7c0 [00000000405fe7c0]	dca80000 ld     $t0,0x0($a1)
[va=9800000054afff90 pa=0000000054afff90]
2301 dcache  dca80000 load  hit           pol=3 VA=9800000054afff90 PA=054afff90 line=7c hitv=00000010 ro=07564231 tag=054aff V=11111111 W=00000000 L=00000000
2301 Reg write t0=5555555555555555
2302 PC=0x98000000405fe7c4 [00000000405fe7c4]	64a50040 daddiu $a1,$a1,0x40
2302 Reg write a1=9800000054afffd0
2303 PC=0x98000000405fe7c8 [00000000405fe7c8]	fc8bffd8 sd     $t3,0xffffffd8($a0)
[va=98000000555ffff8 pa=00000000555ffff8]
2303 dcache  fc8bffd8 store hit           pol=3 VA=98000000555ffff8 PA=0555ffff8 line=7f hitv=00001000 ro=54701263 tag=0555ff V=11111111 W=00000000 L=00000000
2303 scache  fc8bffd8 store hit           pol=3 VA=98000000555ffff8 PA=0555ffff8 line=fff hitv=1000 ro=1023 tag=02aaf V=1111 W=1011 data=b007230534ba850a mask=11111111
2304 PC=0x98000000405fe7cc [00000000405fe7cc]	dcac0020 ld     $t4,0x20($a1)
[va=9800000054affff0 pa=0000000054affff0]
2304 dcache  dcac0020 load  hit           pol=3 VA=9800000054affff0 PA=054affff0 line=7f hitv=10000000 ro=54701263 tag=054aff V=11111111 W=00000000 L=00000000
2304 Reg write t4=7fffffffffffffff
2305 icache  dcac0020 load  hit           pol=3 VA=98000000405fe7d0 PA=0405fe7d0 line=3e hitv=00000010 ro=23456701 tag=0405fe V=00000011 L=00000000
2305 PC=0x98000000405fe7d0 [00000000405fe7d0]	fc880000 sd     $t0,0x0($a0)
[va=9800000055600020 pa=0000000055600020]
2305 dcache  fc880000 store miss w/alloc  pol=3 VA=9800000055600020 PA=055600020 line=01 hitv=00000000 ro=56701234 tag=000000 V=11111111 W=00000000 L=00000000
2305 scache  fc880000 store miss w/alloc  pol=3 VA=9800000055600020 PA=055600020 line=001 hitv=0000 ro=0123 tag=00000 V=1111 W=1111 data=5555555555555555 mask=11111111
2305 dmemacc: store 8 addr=04a500020 data=df916c09db59889e mask=11111111 cline 
2305 dmemacc: store 8 addr=04a500028 data=3390b3fe2e12eded mask=11111111 cline 
2305 dmemacc: store 8 addr=04a500030 data=7fffffffffffffff mask=11111111 cline 
2305 dmemacc: store 8 addr=04a500038 data=5293dea727ffa4f0 mask=11111111 cline 
2306 PC=0x98000000405fe7d4 [00000000405fe7d4]	dcaf0028 ld     $t7,0x28($a1)
[va=9800000054affff8 pa=0000000054affff8]
2306 dcache  dcaf0028 load  hit           pol=3 VA=9800000054affff8 PA=054affff8 line=7f hitv=10000000 ro=54012637 tag=054aff V=11111111 W=00000000 L=00000000
2306 Reg write t7=ffffffffffffffff
2307 PC=0x98000000405fe7d8 [00000000405fe7d8]	fc8fffe8 sd     $t7,0xffffffe8($a0)
[va=9800000055600008 pa=0000000055600008]
2307 dcache  fc8fffe8 store miss w/alloc  pol=3 VA=9800000055600008 PA=055600008 line=00 hitv=00000000 ro=47203561 tag=000000 V=11111111 W=00000000 L=00000000
2307 scache  fc8fffe8 store miss w/alloc  pol=3 VA=9800000055600008 PA=055600008 line=000 hitv=0000 ro=0123 tag=00000 V=1111 W=1111 data=ffffffffffffffff mask=11111111
2307 dmemacc: store 8 addr=04a500000 data=38017df7d6e910ce mask=11111111 cline 
2307 dmemacc: store 8 addr=04a500008 data=46d46af32478d280 mask=11111111 cline 
2307 dmemacc: store 8 addr=04a500010 data=df916c09db59889e mask=11111111 cline 
2307 dmemacc: store 8 addr=04a500018 data=3390b3fe2e12eded mask=11111111 cline 
2308 PC=0x98000000405fe7dc [00000000405fe7dc]	dcab0018 ld     $t3,0x18($a1)
[va=9800000054afffe8 pa=0000000054afffe8]
2308 dcache  dcab0018 load  hit           pol=3 VA=9800000054afffe8 PA=054afffe8 line=7f hitv=10000000 ro=54012637 tag=054aff V=11111111 W=00000000 L=00000000
2308 Reg write t3=00ffe003ff800ffe
2309 icache  dcab0018 load  hit           pol=3 VA=98000000405fe7e0 PA=0405fe7e0 line=3f hitv=00000010 ro=23456701 tag=0405fe V=00000011 L=00000000
2309 PC=0x98000000405fe7e0 [00000000405fe7e0]	dca90008 ld     $t1,0x8($a1)
[va=9800000054afffd8 pa=0000000054afffd8]
2309 dcache  dca90008 load  hit           pol=3 VA=9800000054afffd8 PA=054afffd8 line=7e hitv=00000001 ro=74123560 tag=054aff V=11111111 W=00000000 L=00000000
2309 Reg write t1=0000000000000000
2310 PC=0x98000000405fe7e4 [00000000405fe7e4]	dcaa0010 ld     $t2,0x10($a1)
[va=9800000054afffe0 pa=0000000054afffe0]
2310 dcache  dcaa0010 load  hit           pol=3 VA=9800000054afffe0 PA=054afffe0 line=7f hitv=10000000 ro=54012637 tag=054aff V=11111111 W=00000000 L=00000000
2310 Reg write t2=39dfaeef30e506d9
2311 PC=0x98000000405fe7e8 [00000000405fe7e8]	14c0ffed bne    $a2,$r0,0x98000000405fe7a0
2312 PC=0x98000000405fe7ec [00000000405fe7ec]	dca90038 ld     $t1,0x38($a1)
[va=9800000054b00008 pa=0000000054b00008]
2312 dcache  dca90038 load  hit           pol=3 VA=9800000054b00008 PA=054b00008 line=00 hitv=00000001 ro=72035614 tag=054b00 V=11111111 W=00000000 L=00000000
2312 Reg write t1=67f77cf7e791e354
2313 icache  dca90038 load  hit           pol=3 VA=98000000405fe7a0 PA=0405fe7a0 line=3d hitv=00000010 ro=23456701 tag=0405fe V=00000011 L=00000000
2313 PC=0x98000000405fe7a0 [00000000405fe7a0]	fc88fff0 sd     $t0,0xfffffff0($a0)
[va=9800000055600010 pa=0000000055600010]
2313 dcache  fc88fff0 store hit           pol=3 VA=9800000055600010 PA=055600010 line=00 hitv=00010000 ro=72356140 tag=055600 V=11111111 W=00000000 L=00000000
2313 scache  fc88fff0 store hit           pol=3 VA=9800000055600010 PA=055600010 line=000 hitv=0001 ro=1230 tag=02ab0 V=1111 W=1111 data=5555555555555555 mask=11111111
2314 PC=0x98000000405fe7a4 [00000000405fe7a4]	fc89fff8 sd     $t1,0xfffffff8($a0)
[va=9800000055600018 pa=0000000055600018]
2314 dcache  fc89fff8 store hit           pol=3 VA=9800000055600018 PA=055600018 line=00 hitv=00010000 ro=72356104 tag=055600 V=11111111 W=00000000 L=00000000
2314 scache  fc89fff8 store hit           pol=3 VA=9800000055600018 PA=055600018 line=000 hitv=0001 ro=1230 tag=02ab0 V=1111 W=1111 data=67f77cf7e791e354 mask=11111111
2315 PC=0x98000000405fe7a8 [00000000405fe7a8]	fc8cffe0 sd     $t4,0xffffffe0($a0)
[va=9800000055600000 pa=0000000055600000]
2315 dcache  fc8cffe0 store hit           pol=3 VA=9800000055600000 PA=055600000 line=00 hitv=00010000 ro=72356104 tag=055600 V=11111111 W=00000000 L=00000000
2315 scache  fc8cffe0 store hit           pol=3 VA=9800000055600000 PA=055600000 line=000 hitv=0001 ro=1230 tag=02ab0 V=1111 W=1111 data=7fffffffffffffff mask=11111111
2316 PC=0x98000000405fe7ac [00000000405fe7ac]	64c6ffff daddiu $a2,$a2,0xffff
2316 Reg write a2=0000000000000000
2317 icache  64c6ffff load  hit           pol=3 VA=98000000405fe7b0 PA=0405fe7b0 line=3d hitv=00000010 ro=23456701 tag=0405fe V=00000011 L=00000000
2317 PC=0x98000000405fe7b0 [00000000405fe7b0]	fc890008 sd     $t1,0x8($a0)
[va=9800000055600028 pa=0000000055600028]
2317 dcache  fc890008 store hit           pol=3 VA=9800000055600028 PA=055600028 line=01 hitv=00100000 ro=67012345 tag=055600 V=11111111 W=00000000 L=00000000
2317 scache  fc890008 store hit           pol=3 VA=9800000055600028 PA=055600028 line=001 hitv=0001 ro=1230 tag=02ab0 V=1111 W=1111 data=67f77cf7e791e354 mask=11111111
2318 PC=0x98000000405fe7b4 [00000000405fe7b4]	fc8affd0 sd     $t2,0xffffffd0($a0)
[va=98000000555ffff0 pa=00000000555ffff0]
2318 dcache  fc8affd0 store hit           pol=3 VA=98000000555ffff0 PA=0555ffff0 line=7f hitv=00001000 ro=54012637 tag=0555ff V=11111111 W=00000000 L=00000000
2318 scache  fc8affd0 store hit           pol=3 VA=98000000555ffff0 PA=0555ffff0 line=fff hitv=1000 ro=1023 tag=02aaf V=1111 W=1011 data=39dfaeef30e506d9 mask=11111111
2319 PC=0x98000000405fe7b8 [00000000405fe7b8]	64840040 daddiu $a0,$a0,0x40
2319 Reg write a0=9800000055600060
2320 PC=0x98000000405fe7bc [00000000405fe7bc]	dca80030 ld     $t0,0x30($a1)
[va=9800000054b00000 pa=0000000054b00000]
2320 dcache  dca80030 load  hit           pol=3 VA=9800000054b00000 PA=054b00000 line=00 hitv=00000001 ro=72356104 tag=054b00 V=11111111 W=00000000 L=00000000
2320 Reg write t0=1ded744da1a5ca1f
2321 icache  dca80030 load  hit           pol=3 VA=98000000405fe7c0 PA=0405fe7c0 line=3e hitv=00000010 ro=23456701 tag=0405fe V=00000011 L=00000000
2321 PC=0x98000000405fe7c0 [00000000405fe7c0]	dca80000 ld     $t0,0x0($a1)
[va=9800000054afffd0 pa=0000000054afffd0]
2321 dcache  dca80000 load  hit           pol=3 VA=9800000054afffd0 PA=054afffd0 line=7e hitv=00000001 ro=74123560 tag=054aff V=11111111 W=00000000 L=00000000
2321 Reg write t0=7fffffffffffffff
2322 PC=0x98000000405fe7c4 [00000000405fe7c4]	64a50040 daddiu $a1,$a1,0x40
2322 Reg write a1=9800000054b00010
2323 PC=0x98000000405fe7c8 [00000000405fe7c8]	fc8bffd8 sd     $t3,0xffffffd8($a0)
[va=9800000055600038 pa=0000000055600038]
2323 dcache  fc8bffd8 store hit           pol=3 VA=9800000055600038 PA=055600038 line=01 hitv=00100000 ro=67012345 tag=055600 V=11111111 W=00000000 L=00000000
2323 scache  fc8bffd8 store hit           pol=3 VA=9800000055600038 PA=055600038 line=001 hitv=0001 ro=1230 tag=02ab0 V=1111 W=1111 data=00ffe003ff800ffe mask=11111111
2324 PC=0x98000000405fe7cc [00000000405fe7cc]	dcac0020 ld     $t4,0x20($a1)
[va=9800000054b00030 pa=0000000054b00030]
2324 dcache  dcac0020 load  hit           pol=3 VA=9800000054b00030 PA=054b00030 line=01 hitv=00000001 ro=67012345 tag=054b00 V=11111111 W=00000000 L=00000000
2324 Reg write t4=38017df7d6e910ce
2325 icache  dcac0020 load  hit           pol=3 VA=98000000405fe7d0 PA=0405fe7d0 line=3e hitv=00000010 ro=23456701 tag=0405fe V=00000011 L=00000000
2325 PC=0x98000000405fe7d0 [00000000405fe7d0]	fc880000 sd     $t0,0x0($a0)
[va=9800000055600060 pa=0000000055600060]
2325 dcache  fc880000 store miss w/alloc  pol=3 VA=9800000055600060 PA=055600060 line=03 hitv=00000000 ro=57601324 tag=000000 V=11111111 W=00000000 L=00000000
2325 scache  fc880000 store miss w/alloc  pol=3 VA=9800000055600060 PA=055600060 line=003 hitv=0000 ro=0123 tag=00000 V=1111 W=1110 data=7fffffffffffffff mask=11111111
2326 PC=0x98000000405fe7d4 [00000000405fe7d4]	dcaf0028 ld     $t7,0x28($a1)
[va=9800000054b00038 pa=0000000054b00038]
2326 dcache  dcaf0028 load  hit           pol=3 VA=9800000054b00038 PA=054b00038 line=01 hitv=00000001 ro=67123450 tag=054b00 V=11111111 W=00000000 L=00000000
2326 Reg write t7=f548f0fc750a0746
2327 PC=0x98000000405fe7d8 [00000000405fe7d8]	fc8fffe8 sd     $t7,0xffffffe8($a0)
[va=9800000055600048 pa=0000000055600048]
2327 dcache  fc8fffe8 store miss w/alloc  pol=3 VA=9800000055600048 PA=055600048 line=02 hitv=00000000 ro=01435627 tag=000000 V=11111111 W=00000000 L=00000000
2327 scache  fc8fffe8 store miss w/alloc  pol=3 VA=9800000055600048 PA=055600048 line=002 hitv=0000 ro=0123 tag=00000 V=1111 W=1101 data=f548f0fc750a0746 mask=11111111
2327 dmemacc: store 8 addr=04d200040 data=07ed32d2bb912a4c mask=11111111 cline 
2327 dmemacc: store 8 addr=04d200048 data=7fffffffffffffff mask=11111111 cline 
2327 dmemacc: store 8 addr=04d200050 data=7fffffffffffffff mask=11111111 cline 
2327 dmemacc: store 8 addr=04d200058 data=fffc000000000000 mask=11111111 cline 
2328 PC=0x98000000405fe7dc [00000000405fe7dc]	dcab0018 ld     $t3,0x18($a1)
[va=9800000054b00028 pa=0000000054b00028]
2328 dcache  dcab0018 load  hit           pol=3 VA=9800000054b00028 PA=054b00028 line=01 hitv=00000001 ro=67123450 tag=054b00 V=11111111 W=00000000 L=00000000
2328 Reg write t3=7fffffffffffffff
2329 icache  dcab0018 load  hit           pol=3 VA=98000000405fe7e0 PA=0405fe7e0 line=3f hitv=00000010 ro=23456701 tag=0405fe V=00000011 L=00000000
2329 PC=0x98000000405fe7e0 [00000000405fe7e0]	dca90008 ld     $t1,0x8($a1)
[va=9800000054b00018 pa=0000000054b00018]
2329 dcache  dca90008 load  hit           pol=3 VA=9800000054b00018 PA=054b00018 line=00 hitv=00000001 ro=72356140 tag=054b00 V=11111111 W=00000000 L=00000000
2329 Reg write t1=063e818d72e357df
2330 PC=0x98000000405fe7e4 [00000000405fe7e4]	dcaa0010 ld     $t2,0x10($a1)
[va=9800000054b00020 pa=0000000054b00020]
2330 dcache  dcaa0010 load  hit           pol=3 VA=9800000054b00020 PA=054b00020 line=01 hitv=00000001 ro=67123450 tag=054b00 V=11111111 W=00000000 L=00000000
2330 Reg write t2=c34846095e96b0af
2331 PC=0x98000000405fe7e8 [00000000405fe7e8]	14c0ffed bne    $a2,$r0,0x98000000405fe7a0
2332 PC=0x98000000405fe7ec [00000000405fe7ec]	dca90038 ld     $t1,0x38($a1)
[va=9800000054b00048 pa=0000000054b00048]
2332 dcache  dca90038 load  hit           pol=3 VA=9800000054b00048 PA=054b00048 line=02 hitv=00100000 ro=14356270 tag=054b00 V=11111111 W=00000000 L=00000000
2332 Reg write t1=67ae34e3b9fb2ca7
2333 icache  dca90038 load  hit           pol=3 VA=98000000405fe7f0 PA=0405fe7f0 line=3f hitv=00000010 ro=23456701 tag=0405fe V=00000011 L=00000000
2333 PC=0x98000000405fe7f0 [00000000405fe7f0]	00000000 nop
2334 PC=0x98000000405fe7f4 [00000000405fe7f4]	34130013 ori    $s3,$r0,0x13
2334 Reg write s3=0000000000000013
2335 PC=0x98000000405fe7f8 [00000000405fe7f8]	00139efc dsll32 $s3,$s3,27
2335 Reg write s3=9800000000000000
2336 PC=0x98000000405fe7fc [00000000405fe7fc]	367347e8 ori    $s3,$s3,0x47e8
2336 Reg write s3=98000000000047e8
2337 icache  367347e8 load  miss refill   pol=3 VA=98000000405fe800 PA=0405fe800 line=40 hitv=00000000 ro=12345670 tag=000000 V=00000001 L=00000000
2337 PC=0x98000000405fe800 [00000000405fe800]	0260f809 jalr   $ra,$s3
2337 Reg write ra=98000000405fe808
2338 PC=0x98000000405fe804 [00000000405fe804]	3c149800 lui    $s4,0x9800
2338 Reg write s4=ffffffff98000000
2339 icache  3c149800 load  miss refill   pol=3 VA=98000000000047e8 PA=0000047e0 line=3f hitv=00000000 ro=23456701 tag=000000 V=00000011 L=00000000
2339 PC=0x98000000000047e8 [00000000000047e8]	fc750140 sd     $s5,0x140($v1)
[va=9800000050500070 pa=0000000050500070]
2339 dcache  fc750140 store hit           pol=3 VA=9800000050500070 PA=050500070 line=03 hitv=01000000 ro=76013245 tag=050500 V=11111111 W=00000000 L=00000000
2339 scache  fc750140 store miss wo/alloc pol=3 VA=9800000050500070 PA=050500070 line=003 hitv=0000 ro=1230 tag=00000 V=1111 W=1111 data=980000004027ca83 mask=11111111
2339 dmemacc: store 8 addr=050500070 data=980000004027ca83 mask=11111111 
2340 PC=0x98000000000047ec [00000000000047ec]	fc6301d0 sd     $v1,0x1d0($v1)
[va=9800000050500100 pa=0000000050500100]
2340 dcache  fc6301d0 store hit           pol=3 VA=9800000050500100 PA=050500100 line=08 hitv=00010000 ro=56701342 tag=050500 V=11111111 W=00000000 L=00000000
2340 scache  fc6301d0 store miss wo/alloc pol=3 VA=9800000050500100 PA=050500100 line=008 hitv=0000 ro=3012 tag=00000 V=1111 W=1110 data=98000000504fff30 mask=11111111
2340 dmemacc: store 8 addr=050500100 data=98000000504fff30 mask=11111111 
2341 icache  fc6301d0 load  hit           pol=3 VA=98000000000047f0 PA=0000047f0 line=3f hitv=00000100 ro=34567012 tag=000004 V=00000111 L=00000000
2341 PC=0x98000000000047f0 [00000000000047f0]	fc6f0170 sd     $t7,0x170($v1)
[va=98000000505000a0 pa=00000000505000a0]
2341 dcache  fc6f0170 store hit           pol=3 VA=98000000505000a0 PA=0505000a0 line=05 hitv=00100000 ro=01234567 tag=050500 V=11111111 W=00000000 L=00000000
2341 scache  fc6f0170 store miss wo/alloc pol=3 VA=98000000505000a0 PA=0505000a0 line=005 hitv=0000 ro=2310 tag=00000 V=1111 W=1101 data=f548f0fc750a0746 mask=11111111
2341 dmemacc: store 8 addr=0505000a0 data=f548f0fc750a0746 mask=11111111 
2342 PC=0x98000000000047f4 [00000000000047f4]	fc7b00f0 sd     $k1,0xf0($v1)
[va=9800000050500020 pa=0000000050500020]
2342 dcache  fc7b00f0 store hit           pol=3 VA=9800000050500020 PA=050500020 line=01 hitv=10000000 ro=67123450 tag=050500 V=11111111 W=00000000 L=00000000
2342 scache  fc7b00f0 store miss wo/alloc pol=3 VA=9800000050500020 PA=050500020 line=001 hitv=0000 ro=1230 tag=00000 V=1111 W=1111 data=ffffffffffffff80 mask=11111111
2342 dmemacc: store 8 addr=050500020 data=ffffffffffffff80 mask=11111111 
2343 PC=0x98000000000047f8 [00000000000047f8]	00000000 nop
2344 PC=0x98000000000047fc [00000000000047fc]	03e00008 jr     $ra
2345 icache  03e00008 load  miss refill   pol=3 VA=9800000000004800 PA=000004800 line=40 hitv=00000000 ro=23456701 tag=000000 V=00000011 L=00000000
2345 PC=0x9800000000004800 [0000000000004800]	fc700198 sd     $s0,0x198($v1)
[va=98000000505000c8 pa=00000000505000c8]
2345 dcache  fc700198 store hit           pol=3 VA=98000000505000c8 PA=0505000c8 line=06 hitv=00001000 ro=12546370 tag=050500 V=11111111 W=00000000 L=00000000
2345 scache  fc700198 store hit           pol=3 VA=98000000505000c8 PA=0505000c8 line=006 hitv=1000 ro=3201 tag=02828 V=1111 W=1110 data=0000000000000000 mask=11111111
2346 icache  fc700198 load  hit           pol=3 VA=98000000405fe808 PA=0405fe800 line=40 hitv=00000010 ro=34567012 tag=0405fe V=00000111 L=00000000
2346 PC=0x98000000405fe808 [00000000405fe808]	0014a438 dsll   $s4,$s4,16
2346 Reg write s4=ffff980000000000
2347 PC=0x98000000405fe80c [00000000405fe80c]	369451af ori    $s4,$s4,0x51af
2347 Reg write s4=ffff9800000051af
2348 icache  369451af load  hit           pol=3 VA=98000000405fe810 PA=0405fe810 line=40 hitv=00000010 ro=34567021 tag=0405fe V=00000111 L=00000000
2348 PC=0x98000000405fe810 [00000000405fe810]	0014a438 dsll   $s4,$s4,16
2348 Reg write s4=9800000051af0000
2349 PC=0x98000000405fe814 [00000000405fe814]	3694be72 ori    $s4,$s4,0xbe72
2349 Reg write s4=9800000051afbe72
2350 PC=0x98000000405fe818 [00000000405fe818]	ae964136 sw     $s6,0x4136($s4)
[va=9800000051afffa8 pa=0000000051afffa8]
2350 dcache  ae964136 store miss w/alloc  pol=3 VA=9800000051afffa8 PA=051afffa8 line=7d hitv=00000000 ro=14267530 tag=000000 V=11111111 W=00000000 L=00000000
2350 scache  ae964136 store miss w/alloc  pol=3 VA=9800000051afffa8 PA=051afffa8 line=ffd hitv=0000 ro=0312 tag=00000 V=1111 W=0101 data=452027ac00000000 mask=11110000
2350 dmemacc: store 8 addr=04b1fffa0 data=8ff93ba46fd412b9 mask=11111111 cline 
2350 dmemacc: store 8 addr=04b1fffa8 data=17a46197a8299cb0 mask=11111111 cline 
2350 dmemacc: store 8 addr=04b1fffb0 data=cd14adf4b471d40c mask=11111111 cline 
2350 dmemacc: store 8 addr=04b1fffb8 data=1fffffffffffffff mask=11111111 cline 
2351 PC=0x98000000405fe81c [00000000405fe81c]	3c139800 lui    $s3,0x9800
2351 Reg write s3=ffffffff98000000
2352 icache  3c139800 load  miss refill   pol=3 VA=98000000405fe820 PA=0405fe820 line=41 hitv=00000000 ro=12345670 tag=000000 V=00000001 L=00000000
2352 PC=0x98000000405fe820 [00000000405fe820]	00139c38 dsll   $s3,$s3,16
2352 Reg write s3=ffff980000000000
2353 PC=0x98000000405fe824 [00000000405fe824]	367341af ori    $s3,$s3,0x41af
2353 Reg write s3=ffff9800000041af
2354 PC=0x98000000405fe828 [00000000405fe828]	00139c38 dsll   $s3,$s3,16
2354 Reg write s3=9800000041af0000
2355 PC=0x98000000405fe82c [00000000405fe82c]	367386c6 ori    $s3,$s3,0x86c6
2355 Reg write s3=9800000041af86c6
2356 icache  367386c6 load  hit           pol=3 VA=98000000405fe830 PA=0405fe830 line=41 hitv=00000010 ro=23456701 tag=0405fe V=00000011 L=00000000
2356 PC=0x98000000405fe830 [00000000405fe830]	8e6e794e lw     $t6,0x794e($s3)
[va=9800000041b00014 pa=0000000041b00014]
2356 dcache  8e6e794e load  miss refill   pol=3 VA=9800000041b00014 PA=041b00010 line=00 hitv=00000000 ro=72356140 tag=000000 V=11111111 W=00000000 L=00000000
2356 scache  8e6e794e load  miss refill   pol=3 VA=9800000041b00014 PA=041b00000 line=000 hitv=0000 ro=1230 tag=00000 V=1111 W=1111
2356 dmemacc: store 8 addr=04b200000 data=980000004b1fff60 mask=11111111 cline 
2356 dmemacc: store 8 addr=04b200008 data=5b7f355869061bce mask=11111111 cline 
2356 dmemacc: store 8 addr=04b200010 data=f8c75c3352dded66 mask=11111111 cline 
2356 dmemacc: store 8 addr=04b200018 data=0000000000000001 mask=11111111 cline 
2356 Reg write t6=000000002d9a6fd1
2357 PC=0x98000000405fe834 [00000000405fe834]	3c049800 lui    $a0,0x9800
2357 Reg write a0=ffffffff98000000
2358 PC=0x98000000405fe838 [00000000405fe838]	00042438 dsll   $a0,$a0,16
2358 Reg write a0=ffff980000000000
2359 PC=0x98000000405fe83c [00000000405fe83c]	34845050 ori    $a0,$a0,0x5050
2359 Reg write a0=ffff980000005050
2360 icache  34845050 load  miss refill   pol=3 VA=98000000405fe840 PA=0405fe840 line=42 hitv=00000000 ro=12345670 tag=000000 V=00000001 L=00000000
2360 PC=0x98000000405fe840 [00000000405fe840]	00042438 dsll   $a0,$a0,16
2360 Reg write a0=9800000050500000
2361 PC=0x98000000405fe844 [00000000405fe844]	3484478c ori    $a0,$a0,0x478c
2361 Reg write a0=980000005050478c
2362 PC=0x98000000405fe848 [00000000405fe848]	a482b954 sh     $v0,0xffffb954($a0)
[va=98000000505000e0 pa=00000000505000e0]
2362 dcache  a482b954 store hit           pol=3 VA=98000000505000e0 PA=0505000e0 line=07 hitv=10000000 ro=46071253 tag=050500 V=11111111 W=00000000 L=00000000
2362 scache  a482b954 store hit           pol=3 VA=98000000505000e0 PA=0505000e0 line=007 hitv=0100 ro=2301 tag=02828 V=1111 W=1111 data=ce0e000000000000 mask=11000000
2363 PC=0x98000000405fe84c [00000000405fe84c]	3c049800 lui    $a0,0x9800
2363 Reg write a0=ffffffff98000000
2364 icache  3c049800 load  hit           pol=3 VA=98000000405fe850 PA=0405fe850 line=42 hitv=00000010 ro=23456701 tag=0405fe V=00000011 L=00000000
2364 PC=0x98000000405fe850 [00000000405fe850]	00042438 dsll   $a0,$a0,16
2364 Reg write a0=ffff980000000000
2365 PC=0x98000000405fe854 [00000000405fe854]	34845050 ori    $a0,$a0,0x5050
2365 Reg write a0=ffff980000005050
2366 PC=0x98000000405fe858 [00000000405fe858]	00042438 dsll   $a0,$a0,16
2366 Reg write a0=9800000050500000
2367 PC=0x98000000405fe85c [00000000405fe85c]	34840d44 ori    $a0,$a0,0xd44
2367 Reg write a0=9800000050500d44
2368 icache  34840d44 load  miss refill   pol=3 VA=98000000405fe860 PA=0405fe860 line=43 hitv=00000000 ro=12345670 tag=000000 V=00000001 L=00000000
2368 PC=0x98000000405fe860 [00000000405fe860]	8086f3ba lb     $a2,0xfffff3ba($a0)
[va=98000000505000fe pa=00000000505000fe]
2368 dcache  8086f3ba load  hit           pol=3 VA=98000000505000fe PA=0505000f8 line=07 hitv=10000000 ro=46012537 tag=050500 V=11111111 W=00000000 L=00000000
2368 Reg write a2=ffffffffffffffd0
2369 PC=0x98000000405fe864 [00000000405fe864]	3c109800 lui    $s0,0x9800
2369 Reg write s0=ffffffff98000000
2370 PC=0x98000000405fe868 [00000000405fe868]	00108438 dsll   $s0,$s0,16
2370 Reg write s0=ffff980000000000
2371 PC=0x98000000405fe86c [00000000405fe86c]	3610416f ori    $s0,$s0,0x416f
2371 Reg write s0=ffff98000000416f
2372 icache  3610416f load  hit           pol=3 VA=98000000405fe870 PA=0405fe870 line=43 hitv=00000010 ro=23456701 tag=0405fe V=00000011 L=00000000
2372 PC=0x98000000405fe870 [00000000405fe870]	00108438 dsll   $s0,$s0,16
2372 Reg write s0=98000000416f0000
2373 PC=0x98000000405fe874 [00000000405fe874]	3610c5c5 ori    $s0,$s0,0xc5c5
2373 Reg write s0=98000000416fc5c5
2374 PC=0x98000000405fe878 [00000000405fe878]	9e013bd7 lwu    $r1,0x3bd7($s0)
[va=980000004170019c pa=000000004170019c]
2374 dcache  9e013bd7 load  hit           pol=3 VA=980000004170019c PA=041700198 line=0c hitv=00000010 ro=03524167 tag=041700 V=11111111 W=00000000 L=00000000
2374 Reg write r1=0000000000000000
2375 PC=0x98000000405fe87c [00000000405fe87c]	3c0f9800 lui    $t7,0x9800
2375 Reg write t7=ffffffff98000000
2376 icache  3c0f9800 load  miss refill   pol=3 VA=98000000405fe880 PA=0405fe880 line=44 hitv=00000000 ro=12345670 tag=000000 V=00000001 L=00000000
2376 PC=0x98000000405fe880 [00000000405fe880]	000f7c38 dsll   $t7,$t7,16
2376 Reg write t7=ffff980000000000
2377 PC=0x98000000405fe884 [00000000405fe884]	35ef5180 ori    $t7,$t7,0x5180
2377 Reg write t7=ffff980000005180
2378 PC=0x98000000405fe888 [00000000405fe888]	000f7c38 dsll   $t7,$t7,16
2378 Reg write t7=9800000051800000
2379 PC=0x98000000405fe88c [00000000405fe88c]	35ef09c5 ori    $t7,$t7,0x9c5
2379 Reg write t7=98000000518009c5
2380 icache  35ef09c5 load  hit           pol=3 VA=98000000405fe890 PA=0405fe890 line=44 hitv=00000010 ro=23456701 tag=0405fe V=00000011 L=00000000
2380 PC=0x98000000405fe890 [00000000405fe890]	a1f0f5e5 sb     $s0,0xfffff5e5($t7)
[va=98000000517fffaa pa=00000000517fffaa]
2380 dcache  a1f0f5e5 store hit           pol=3 VA=98000000517fffaa PA=0517fffa8 line=7d hitv=10000000 ro=42675301 tag=0517ff V=11111111 W=00000000 L=00000000
2380 scache  a1f0f5e5 store hit           pol=3 VA=98000000517fffaa PA=0517fffa8 line=ffd hitv=1000 ro=3120 tag=028bf V=1111 W=0101 data=0000c50000000000 mask=00100000
2381 PC=0x98000000405fe894 [00000000405fe894]	3c199800 lui    $t9,0x9800
2381 Reg write t9=ffffffff98000000
2382 PC=0x98000000405fe898 [00000000405fe898]	0019cc38 dsll   $t9,$t9,16
2382 Reg write t9=ffff980000000000
2383 PC=0x98000000405fe89c [00000000405fe89c]	3739511f ori    $t9,$t9,0x511f
2383 Reg write t9=ffff98000000511f
2384 icache  3739511f load  miss refill   pol=3 VA=98000000405fe8a0 PA=0405fe8a0 line=45 hitv=00000000 ro=12345670 tag=000000 V=00000001 L=00000000
2384 PC=0x98000000405fe8a0 [00000000405fe8a0]	0019cc38 dsll   $t9,$t9,16
2384 Reg write t9=98000000511f0000
2385 PC=0x98000000405fe8a4 [00000000405fe8a4]	3739c3f4 ori    $t9,$t9,0xc3f4
2385 Reg write t9=98000000511fc3f4
2386 PC=0x98000000405fe8a8 [00000000405fe8a8]	932a3c70 lbu    $t2,0x3c70($t9)
[va=9800000051200064 pa=0000000051200064]
2386 dcache  932a3c70 load  miss refill   pol=3 VA=9800000051200064 PA=051200060 line=03 hitv=00000000 ro=70132456 tag=000000 V=11111111 W=00000000 L=00000000
2386 scache  932a3c70 load  miss refill   pol=3 VA=9800000051200064 PA=051200060 line=003 hitv=0000 ro=1230 tag=00000 V=1111 W=1111
2386 dmemacc: store 8 addr=04b200060 data=980000004b1fff60 mask=11111111 cline 
2386 dmemacc: store 8 addr=04b200068 data=ea9df05aacb3da32 mask=11111111 cline 
2386 dmemacc: store 8 addr=04b200070 data=4532d1b45dbf3843 mask=11111111 cline 
2386 dmemacc: store 8 addr=04b200078 data=38e38e38e38e38e3 mask=11111111 cline 
2386 Reg write t2=0000000000000029
2387 PC=0x98000000405fe8ac [00000000405fe8ac]	3c0f9800 lui    $t7,0x9800
2387 Reg write t7=ffffffff98000000
2388 icache  3c0f9800 load  hit           pol=3 VA=98000000405fe8b0 PA=0405fe8b0 line=45 hitv=00000010 ro=23456701 tag=0405fe V=00000011 L=00000000
2388 PC=0x98000000405fe8b0 [00000000405fe8b0]	000f7c38 dsll   $t7,$t7,16
2388 Reg write t7=ffff980000000000
2389 PC=0x98000000405fe8b4 [00000000405fe8b4]	35ef5120 ori    $t7,$t7,0x5120
2389 Reg write t7=ffff980000005120
2390 PC=0x98000000405fe8b8 [00000000405fe8b8]	000f7c38 dsll   $t7,$t7,16
2390 Reg write t7=9800000051200000
2391 PC=0x98000000405fe8bc [00000000405fe8bc]	35ef0bff ori    $t7,$t7,0xbff
2391 Reg write t7=9800000051200bff
2392 icache  35ef0bff load  miss refill   pol=3 VA=98000000405fe8c0 PA=0405fe8c0 line=46 hitv=00000000 ro=12345670 tag=000000 V=00000001 L=00000000
2392 PC=0x98000000405fe8c0 [00000000405fe8c0]	a1fff473 sb     $ra,0xfffff473($t7)
[va=9800000051200072 pa=0000000051200072]
2392 dcache  a1fff473 store hit           pol=3 VA=9800000051200072 PA=051200070 line=03 hitv=10000000 ro=01324567 tag=051200 V=11111111 W=00000000 L=00000000
2392 scache  a1fff473 store hit           pol=3 VA=9800000051200072 PA=051200070 line=003 hitv=0010 ro=2301 tag=02890 V=1111 W=1101 data=0000080000000000 mask=00100000
2393 PC=0x98000000405fe8c4 [00000000405fe8c4]	3c109800 lui    $s0,0x9800
2393 Reg write s0=ffffffff98000000
2394 PC=0x98000000405fe8c8 [00000000405fe8c8]	00108438 dsll   $s0,$s0,16
2394 Reg write s0=ffff980000000000
2395 PC=0x98000000405fe8cc [00000000405fe8cc]	3610416f ori    $s0,$s0,0x416f
2395 Reg write s0=ffff98000000416f
2396 icache  3610416f load  hit           pol=3 VA=98000000405fe8d0 PA=0405fe8d0 line=46 hitv=00000010 ro=23456701 tag=0405fe V=00000011 L=00000000
2396 PC=0x98000000405fe8d0 [00000000405fe8d0]	00108438 dsll   $s0,$s0,16
2396 Reg write s0=98000000416f0000
2397 PC=0x98000000405fe8d4 [00000000405fe8d4]	3610b273 ori    $s0,$s0,0xb273
2397 Reg write s0=98000000416fb273
2398 PC=0x98000000405fe8d8 [00000000405fe8d8]	9e0f4e61 lwu    $t7,0x4e61($s0)
[va=98000000417000d4 pa=00000000417000d4]
2398 dcache  9e0f4e61 load  hit           pol=3 VA=98000000417000d4 PA=0417000d0 line=06 hitv=00010000 ro=12546703 tag=041700 V=11111111 W=00000000 L=00000000
2398 Reg write t7=000000002a0690f3
2399 PC=0x98000000405fe8dc [00000000405fe8dc]	340a3674 ori    $t2,$r0,0x3674
2399 Reg write t2=0000000000003674
2400 icache  340a3674 load  miss refill   pol=3 VA=98000000405fe8e0 PA=0405fe8e0 line=47 hitv=00000000 ro=12345670 tag=000000 V=00000001 L=00000000
2400 PC=0x98000000405fe8e0 [00000000405fe8e0]	05520003 bltzall $t2,0x98000000405fe8f0
2400 Reg write ra=98000000405fe8e8
2401 PC=0x98000000405fe8e8 [00000000405fe8e8]	3c059800 lui    $a1,0x9800
2401 Reg write a1=ffffffff98000000
2402 PC=0x98000000405fe8ec [00000000405fe8ec]	00052c38 dsll   $a1,$a1,16
2402 Reg write a1=ffff980000000000
2403 icache  00052c38 load  hit           pol=3 VA=98000000405fe8f0 PA=0405fe8f0 line=47 hitv=00000010 ro=23456701 tag=0405fe V=00000011 L=00000000
2403 PC=0x98000000405fe8f0 [00000000405fe8f0]	34a5511f ori    $a1,$a1,0x511f
2403 Reg write a1=ffff98000000511f
2404 PC=0x98000000405fe8f4 [00000000405fe8f4]	00052c38 dsll   $a1,$a1,16
2404 Reg write a1=98000000511f0000
2405 PC=0x98000000405fe8f8 [00000000405fe8f8]	34a5bbb3 ori    $a1,$a1,0xbbb3
2405 Reg write a1=98000000511fbbb3
2406 PC=0x98000000405fe8fc [00000000405fe8fc]	84ab44c3 lh     $t3,0x44c3($a1)
[va=9800000051200076 pa=0000000051200076]
2406 dcache  84ab44c3 load  hit           pol=3 VA=9800000051200076 PA=051200070 line=03 hitv=10000000 ro=01324567 tag=051200 V=11111111 W=00000000 L=00000000
2406 Reg write t3=000000000000638d
2407 icache  84ab44c3 load  miss refill   pol=3 VA=98000000405fe900 PA=0405fe900 line=48 hitv=00000000 ro=12345670 tag=000000 V=00000001 L=00000000
2407 PC=0x98000000405fe900 [00000000405fe900]	3c019800 lui    $r1,0x9800
2407 Reg write r1=ffffffff98000000
2408 PC=0x98000000405fe904 [00000000405fe904]	00010c38 dsll   $r1,$r1,16
2408 Reg write r1=ffff980000000000
2409 PC=0x98000000405fe908 [00000000405fe908]	34215160 ori    $r1,$r1,0x5160
2409 Reg write r1=ffff980000005160
2410 PC=0x98000000405fe90c [00000000405fe90c]	00010c38 dsll   $r1,$r1,16
2410 Reg write r1=9800000051600000
2411 icache  00010c38 load  hit           pol=3 VA=98000000405fe910 PA=0405fe910 line=48 hitv=00000010 ro=23456701 tag=0405fe V=00000011 L=00000000
2411 PC=0x98000000405fe910 [00000000405fe910]	34213ec8 ori    $r1,$r1,0x3ec8
2411 Reg write r1=9800000051603ec8
2412 PC=0x98000000405fe914 [00000000405fe914]	fc2dc1f0 sd     $t5,0xffffc1f0($r1)
[va=98000000516000b8 pa=00000000516000b8]
2412 dcache  fc2dc1f0 store miss w/alloc  pol=3 VA=98000000516000b8 PA=0516000b8 line=05 hitv=00000000 ro=01234675 tag=000000 V=11111111 W=00000000 L=00000000
2412 scache  fc2dc1f0 store miss w/alloc  pol=3 VA=98000000516000b8 PA=0516000b8 line=005 hitv=0000 ro=2310 tag=00000 V=1111 W=1101 data=00000000f199c2d5 mask=11111111
2412 dmemacc: store 8 addr=04d2000a0 data=0000000000000000 mask=11111111 cline 
2412 dmemacc: store 8 addr=04d2000a8 data=4196a3c0efc0f439 mask=11111111 cline 
2412 dmemacc: store 8 addr=04d2000b0 data=cbe51fd6fcc90a8b mask=11111111 cline 
2412 dmemacc: store 8 addr=04d2000b8 data=fec89573139273a4 mask=11111111 cline 
2413 PC=0x98000000405fe918 [00000000405fe918]	3c029800 lui    $v0,0x9800
2413 Reg write v0=ffffffff98000000
2414 PC=0x98000000405fe91c [00000000405fe91c]	00021438 dsll   $v0,$v0,16
2414 Reg write v0=ffff980000000000
2415 icache  00021438 load  miss refill   pol=3 VA=98000000405fe920 PA=0405fe920 line=49 hitv=00000000 ro=12345670 tag=000000 V=00000001 L=00000000
2415 PC=0x98000000405fe920 [00000000405fe920]	34425180 ori    $v0,$v0,0x5180
2415 Reg write v0=ffff980000005180
2416 PC=0x98000000405fe924 [00000000405fe924]	00021438 dsll   $v0,$v0,16
2416 Reg write v0=9800000051800000
2417 PC=0x98000000405fe928 [00000000405fe928]	34423bd1 ori    $v0,$v0,0x3bd1
2417 Reg write v0=9800000051803bd1
2418 PC=0x98000000405fe92c [00000000405fe92c]	8454c3dd lh     $s4,0xffffc3dd($v0)
[va=98000000517fffae pa=00000000517fffae]
2418 dcache  8454c3dd load  hit           pol=3 VA=98000000517fffae PA=0517fffa8 line=7d hitv=10000000 ro=42653017 tag=0517ff V=11111111 W=00000000 L=00000000
2418 Reg write s4=ffffffffffffaaeb
2419 icache  8454c3dd load  hit           pol=3 VA=98000000405fe930 PA=0405fe930 line=49 hitv=00000010 ro=23456701 tag=0405fe V=00000011 L=00000000
2419 PC=0x98000000405fe930 [00000000405fe930]	3c199800 lui    $t9,0x9800
2419 Reg write t9=ffffffff98000000
2420 PC=0x98000000405fe934 [00000000405fe934]	0019cc38 dsll   $t9,$t9,16
2420 Reg write t9=ffff980000000000
2421 PC=0x98000000405fe938 [00000000405fe938]	37395020 ori    $t9,$t9,0x5020
2421 Reg write t9=ffff980000005020
2422 PC=0x98000000405fe93c [00000000405fe93c]	0019cc38 dsll   $t9,$t9,16
2422 Reg write t9=9800000050200000
2423 icache  0019cc38 load  miss refill   pol=3 VA=98000000405fe940 PA=0405fe940 line=4a hitv=00000000 ro=12345670 tag=000000 V=00000001 L=00000000
2423 PC=0x98000000405fe940 [00000000405fe940]	37394b92 ori    $t9,$t9,0x4b92
2423 Reg write t9=9800000050204b92
2424 PC=0x98000000405fe944 [00000000405fe944]	932cb374 lbu    $t4,0xffffb374($t9)
[va=98000000501fff06 pa=00000000501fff06]
2424 dcache  932cb374 load  miss refill   pol=3 VA=98000000501fff06 PA=0501fff00 line=78 hitv=00000000 ro=46712035 tag=000000 V=11111111 W=00000000 L=00000000
2424 scache  932cb374 load  miss refill   pol=3 VA=98000000501fff06 PA=0501fff00 line=ff8 hitv=0000 ro=2031 tag=00000 V=1111 W=0101
2424 dmemacc: store 8 addr=04a4fff00 data=0000000000000001 mask=11111111 cline 
2424 dmemacc: store 8 addr=04a4fff08 data=fc53959d890fa89a mask=11111111 cline 
2424 dmemacc: store 8 addr=04a4fff10 data=0000000000004caf mask=11111111 cline 
2424 dmemacc: store 8 addr=04a4fff18 data=9800000000005144 mask=11111111 cline 
2424 Reg write t4=00000000000000d7
2425 PC=0x98000000405fe948 [00000000405fe948]	3c0b9800 lui    $t3,0x9800
2425 Reg write t3=ffffffff98000000
2426 PC=0x98000000405fe94c [00000000405fe94c]	000b5c38 dsll   $t3,$t3,16
2426 Reg write t3=ffff980000000000
2427 icache  000b5c38 load  hit           pol=3 VA=98000000405fe950 PA=0405fe950 line=4a hitv=00000010 ro=23456701 tag=0405fe V=00000011 L=00000000
2427 PC=0x98000000405fe950 [00000000405fe950]	356b5180 ori    $t3,$t3,0x5180
2427 Reg write t3=ffff980000005180
2428 PC=0x98000000405fe954 [00000000405fe954]	000b5c38 dsll   $t3,$t3,16
2428 Reg write t3=9800000051800000
2429 PC=0x98000000405fe958 [00000000405fe958]	356b1843 ori    $t3,$t3,0x1843
2429 Reg write t3=9800000051801843
2430 PC=0x98000000405fe95c [00000000405fe95c]	8d6be955 lw     $t3,0xffffe955($t3)
[va=9800000051800198 pa=0000000051800198]
2430 dcache  8d6be955 load  miss refill   pol=3 VA=9800000051800198 PA=051800198 line=0c hitv=00000000 ro=03524671 tag=000000 V=11111111 W=00000000 L=00000000
2430 scache  8d6be955 load  miss refill   pol=3 VA=9800000051800198 PA=051800180 line=00c hitv=0000 ro=3021 tag=00000 V=1111 W=0011
2430 Reg write t3=000000006bbd1a4f
2431 icache  8d6be955 load  miss refill   pol=3 VA=98000000405fe960 PA=0405fe960 line=4b hitv=00000000 ro=12345670 tag=000000 V=00000001 L=00000000
2431 PC=0x98000000405fe960 [00000000405fe960]	3c0d9800 lui    $t5,0x9800
2431 Reg write t5=ffffffff98000000
2432 PC=0x98000000405fe964 [00000000405fe964]	000d6c38 dsll   $t5,$t5,16
2432 Reg write t5=ffff980000000000
2433 PC=0x98000000405fe968 [00000000405fe968]	35ad5020 ori    $t5,$t5,0x5020
2433 Reg write t5=ffff980000005020
2434 PC=0x98000000405fe96c [00000000405fe96c]	000d6c38 dsll   $t5,$t5,16
2434 Reg write t5=9800000050200000
2435 icache  000d6c38 load  hit           pol=3 VA=98000000405fe970 PA=0405fe970 line=4b hitv=00000010 ro=23456701 tag=0405fe V=00000011 L=00000000
2435 PC=0x98000000405fe970 [00000000405fe970]	35ad798f ori    $t5,$t5,0x798f
2435 Reg write t5=980000005020798f
2436 PC=0x98000000405fe974 [00000000405fe974]	9db987d5 lwu    $t9,0xffff87d5($t5)
[va=9800000050200164 pa=0000000050200164]
2436 dcache  9db987d5 load  hit           pol=3 VA=9800000050200164 PA=050200160 line=0b hitv=00100000 ro=70143256 tag=050200 V=01111111 W=00000000 L=00000000
2436 Reg write t9=00000000ffffffff
2437 PC=0x98000000405fe978 [00000000405fe978]	3c079800 lui    $a3,0x9800
2437 Reg write a3=ffffffff98000000
2438 PC=0x98000000405fe97c [00000000405fe97c]	00073c38 dsll   $a3,$a3,16
2438 Reg write a3=ffff980000000000
2439 icache  00073c38 load  miss refill   pol=3 VA=98000000405fe980 PA=0405fe980 line=4c hitv=00000000 ro=12345670 tag=000000 V=00000001 L=00000000
2439 PC=0x98000000405fe980 [00000000405fe980]	34e7504f ori    $a3,$a3,0x504f
2439 Reg write a3=ffff98000000504f
2440 PC=0x98000000405fe984 [00000000405fe984]	00073c38 dsll   $a3,$a3,16
2440 Reg write a3=98000000504f0000
2441 PC=0x98000000405fe988 [00000000405fe988]	34e7a871 ori    $a3,$a3,0xa871
2441 Reg write a3=98000000504fa871
2442 PC=0x98000000405fe98c [00000000405fe98c]	fcfe57df sd     $s8,0x57df($a3)
[va=9800000050500050 pa=0000000050500050]
2442 dcache  fcfe57df store miss w/alloc  pol=3 VA=9800000050500050 PA=050500050 line=02 hitv=00000000 ro=14362705 tag=000000 V=11111111 W=00000000 L=00000000
2442 scache  fcfe57df store miss w/alloc  pol=3 VA=9800000050500050 PA=050500050 line=002 hitv=0000 ro=1230 tag=00000 V=1111 W=1101 data=9800000045205dde mask=11111111
2443 icache  fcfe57df load  hit           pol=3 VA=98000000405fe990 PA=0405fe990 line=4c hitv=00000010 ro=23456701 tag=0405fe V=00000011 L=00000000
2443 PC=0x98000000405fe990 [00000000405fe990]	5ec00003 bgtzl  $s6,0x98000000405fe9a0
2444 PC=0x98000000405fe998 [00000000405fe998]	3c079800 lui    $a3,0x9800
2444 Reg write a3=ffffffff98000000
2445 PC=0x98000000405fe99c [00000000405fe99c]	00073c38 dsll   $a3,$a3,16
2445 Reg write a3=ffff980000000000
2446 icache  00073c38 load  miss refill   pol=3 VA=98000000405fe9a0 PA=0405fe9a0 line=4d hitv=00000000 ro=12345670 tag=000000 V=00000001 L=00000000
2446 PC=0x98000000405fe9a0 [00000000405fe9a0]	34e75050 ori    $a3,$a3,0x5050
2446 Reg write a3=ffff980000005050
2447 PC=0x98000000405fe9a4 [00000000405fe9a4]	00073c38 dsll   $a3,$a3,16
2447 Reg write a3=9800000050500000
2448 PC=0x98000000405fe9a8 [00000000405fe9a8]	34e77bf4 ori    $a3,$a3,0x7bf4
2448 Reg write a3=9800000050507bf4
2449 PC=0x98000000405fe9ac [00000000405fe9ac]	dcfe8454 ld     $s8,0xffff8454($a3)
[va=9800000050500048 pa=0000000050500048]
2449 dcache  dcfe8454 load  hit           pol=3 VA=9800000050500048 PA=050500048 line=02 hitv=00000010 ro=43627051 tag=050500 V=11111111 W=00000000 L=00000000
2449 Reg write s8=820e448a5a561aed
2450 icache  dcfe8454 load  hit           pol=3 VA=98000000405fe9b0 PA=0405fe9b0 line=4d hitv=00000010 ro=23456701 tag=0405fe V=00000011 L=00000000
2450 PC=0x98000000405fe9b0 [00000000405fe9b0]	3c079800 lui    $a3,0x9800
2450 Reg write a3=ffffffff98000000
2451 PC=0x98000000405fe9b4 [00000000405fe9b4]	00073c38 dsll   $a3,$a3,16
2451 Reg write a3=ffff980000000000
2452 PC=0x98000000405fe9b8 [00000000405fe9b8]	34e7431f ori    $a3,$a3,0x431f
2452 Reg write a3=ffff98000000431f
2453 PC=0x98000000405fe9bc [00000000405fe9bc]	00073c38 dsll   $a3,$a3,16
2453 Reg write a3=98000000431f0000
2454 icache  00073c38 load  miss refill   pol=3 VA=98000000405fe9c0 PA=0405fe9c0 line=4e hitv=00000000 ro=12345670 tag=000000 V=00000001 L=00000000
2454 PC=0x98000000405fe9c0 [00000000405fe9c0]	34e7e423 ori    $a3,$a3,0xe423
2454 Reg write a3=98000000431fe423
2455 PC=0x98000000405fe9c4 [00000000405fe9c4]	84e11aed lh     $r1,0x1aed($a3)
[va=98000000431fff10 pa=00000000431fff10]
2455 dcache  84e11aed load  miss refill   pol=3 VA=98000000431fff10 PA=0431fff10 line=78 hitv=00000000 ro=67120354 tag=000000 V=11111111 W=00000000 L=00000000
2455 scache  84e11aed load  miss refill   pol=3 VA=98000000431fff10 PA=0431fff00 line=ff8 hitv=0000 ro=0312 tag=00000 V=1111 W=0001
2455 dmemacc: store 8 addr=0451fff00 data=3333333333333333 mask=11111111 cline 
2455 dmemacc: store 8 addr=0451fff08 data=53065599a57b8d35 mask=11111111 cline 
2455 dmemacc: store 8 addr=0451fff10 data=8000000000000000 mask=11111111 cline 
2455 dmemacc: store 8 addr=0451fff18 data=e024313b450a27c6 mask=11111111 cline 
2455 Reg write r1=000000000000648a
2456 PC=0x98000000405fe9c8 [00000000405fe9c8]	3c1e9800 lui    $s8,0x9800
2456 Reg write s8=ffffffff98000000
2457 PC=0x98000000405fe9cc [00000000405fe9cc]	001ef438 dsll   $s8,$s8,16
2457 Reg write s8=ffff980000000000
2458 icache  001ef438 load  hit           pol=3 VA=98000000405fe9d0 PA=0405fe9d0 line=4e hitv=00000010 ro=23456701 tag=0405fe V=00000011 L=00000000
2458 PC=0x98000000405fe9d0 [00000000405fe9d0]	37de504f ori    $s8,$s8,0x504f
2458 Reg write s8=ffff98000000504f
2459 PC=0x98000000405fe9d4 [00000000405fe9d4]	001ef438 dsll   $s8,$s8,16
2459 Reg write s8=98000000504f0000
2460 PC=0x98000000405fe9d8 [00000000405fe9d8]	37def06a ori    $s8,$s8,0xf06a
2460 Reg write s8=98000000504ff06a
2461 PC=0x98000000405fe9dc [00000000405fe9dc]	afd80ff2 sw     $t8,0xff2($s8)
[va=980000005050005c pa=000000005050005c]
2461 dcache  afd80ff2 store hit           pol=3 VA=980000005050005c PA=050500058 line=02 hitv=00000010 ro=43627051 tag=050500 V=11111111 W=00000000 L=00000000
2461 scache  afd80ff2 store hit           pol=3 VA=980000005050005c PA=050500058 line=002 hitv=0010 ro=2301 tag=02828 V=1111 W=1111 data=000000000000003d mask=00001111
2462 icache  afd80ff2 load  miss refill   pol=3 VA=98000000405fe9e0 PA=0405fe9e0 line=4f hitv=00000000 ro=12345670 tag=000000 V=00000001 L=00000000
2462 PC=0x98000000405fe9e0 [00000000405fe9e0]	3c189800 lui    $t8,0x9800
2462 Reg write t8=ffffffff98000000
2463 PC=0x98000000405fe9e4 [00000000405fe9e4]	0018c438 dsll   $t8,$t8,16
2463 Reg write t8=ffff980000000000
2464 PC=0x98000000405fe9e8 [00000000405fe9e8]	37184320 ori    $t8,$t8,0x4320
2464 Reg write t8=ffff980000004320
2465 PC=0x98000000405fe9ec [00000000405fe9ec]	0018c438 dsll   $t8,$t8,16
2465 Reg write t8=9800000043200000
2466 icache  0018c438 load  hit           pol=3 VA=98000000405fe9f0 PA=0405fe9f0 line=4f hitv=00000010 ro=23456701 tag=0405fe V=00000011 L=00000000
2466 PC=0x98000000405fe9f0 [00000000405fe9f0]	37187c93 ori    $t8,$t8,0x7c93
2466 Reg write t8=9800000043207c93
2467 PC=0x98000000405fe9f4 [00000000405fe9f4]	df118275 ld     $s1,0xffff8275($t8)
[va=98000000431fff08 pa=00000000431fff08]
2467 dcache  df118275 load  hit           pol=3 VA=98000000431fff08 PA=0431fff08 line=78 hitv=01000000 ro=71203546 tag=0431ff V=11111111 W=00000000 L=00000000
2467 Reg write s1=0264b6dd07f9500a
2468 PC=0x98000000405fe9f8 [00000000405fe9f8]	3c0c9800 lui    $t4,0x9800
2468 Reg write t4=ffffffff98000000
2469 PC=0x98000000405fe9fc [00000000405fe9fc]	000c6438 dsll   $t4,$t4,16
2469 Reg write t4=ffff980000000000
2470 icache  000c6438 load  miss refill   pol=3 VA=98000000405fea00 PA=0405fea00 line=50 hitv=00000000 ro=12345670 tag=000000 V=00000001 L=00000000
2470 PC=0x98000000405fea00 [00000000405fea00]	358c412f ori    $t4,$t4,0x412f
2470 Reg write t4=ffff98000000412f
2471 PC=0x98000000405fea04 [00000000405fea04]	000c6438 dsll   $t4,$t4,16
2471 Reg write t4=98000000412f0000
2472 PC=0x98000000405fea08 [00000000405fea08]	358c8292 ori    $t4,$t4,0x8292
2472 Reg write t4=98000000412f8292
2473 PC=0x98000000405fea0c [00000000405fea0c]	9d997c76 lwu    $t9,0x7c76($t4)
[va=98000000412fff08 pa=00000000412fff08]
2473 dcache  9d997c76 load  miss refill   pol=3 VA=98000000412fff08 PA=0412fff08 line=78 hitv=00000000 ro=71203546 tag=000000 V=11111111 W=00000000 L=00000000
2473 scache  9d997c76 load  miss refill   pol=3 VA=98000000412fff08 PA=0412fff00 line=ff8 hitv=0000 ro=3120 tag=00000 V=1111 W=0000
2473 Reg write t9=000000004fcb25b8
2474 icache  9d997c76 load  hit           pol=3 VA=98000000405fea10 PA=0405fea10 line=50 hitv=00000010 ro=23456701 tag=0405fe V=00000011 L=00000000
2474 PC=0x98000000405fea10 [00000000405fea10]	3c019800 lui    $r1,0x9800
2474 Reg write r1=ffffffff98000000
2475 PC=0x98000000405fea14 [00000000405fea14]	00010c38 dsll   $r1,$r1,16
2475 Reg write r1=ffff980000000000
2476 PC=0x98000000405fea18 [00000000405fea18]	3421431f ori    $r1,$r1,0x431f
2476 Reg write r1=ffff98000000431f
2477 PC=0x98000000405fea1c [00000000405fea1c]	00010c38 dsll   $r1,$r1,16
2477 Reg write r1=98000000431f0000
2478 icache  00010c38 load  miss refill   pol=3 VA=98000000405fea20 PA=0405fea20 line=51 hitv=00000000 ro=12345670 tag=000000 V=00000001 L=00000000
2478 PC=0x98000000405fea20 [00000000405fea20]	3421eb7e ori    $r1,$r1,0xeb7e
2478 Reg write r1=98000000431feb7e
2479 PC=0x98000000405fea24 [00000000405fea24]	ac32138e sw     $s2,0x138e($r1)
[va=98000000431fff0c pa=00000000431fff0c]
2479 dcache  ac32138e store hit           pol=3 VA=98000000431fff0c PA=0431fff08 line=78 hitv=01000000 ro=12035467 tag=0431ff V=11111111 W=00000000 L=00000000
2479 scache  ac32138e store hit           pol=3 VA=98000000431fff0c PA=0431fff08 line=ff8 hitv=0001 ro=1203 tag=0218f V=1111 W=0000 data=00000000417014f1 mask=00001111
2480 PC=0x98000000405fea28 [00000000405fea28]	3c0a9800 lui    $t2,0x9800
2480 Reg write t2=ffffffff98000000
2481 PC=0x98000000405fea2c [00000000405fea2c]	000a5438 dsll   $t2,$t2,16
2481 Reg write t2=ffff980000000000
2482 icache  000a5438 load  hit           pol=3 VA=98000000405fea30 PA=0405fea30 line=51 hitv=00000010 ro=23456701 tag=0405fe V=00000011 L=00000000
2482 PC=0x98000000405fea30 [00000000405fea30]	354a4170 ori    $t2,$t2,0x4170
2482 Reg write t2=ffff980000004170
2483 PC=0x98000000405fea34 [00000000405fea34]	000a5438 dsll   $t2,$t2,16
2483 Reg write t2=9800000041700000
2484 PC=0x98000000405fea38 [00000000405fea38]	354a05f9 ori    $t2,$t2,0x5f9
2484 Reg write t2=98000000417005f9
2485 PC=0x98000000405fea3c [00000000405fea3c]	954df925 lhu    $t5,0xfffff925($t2)
[va=98000000416fff1e pa=00000000416fff1e]
2485 dcache  954df925 load  miss refill   pol=3 VA=98000000416fff1e PA=0416fff18 line=78 hitv=00000000 ro=12035476 tag=000000 V=11111111 W=00000000 L=00000000
2485 scache  954df925 load  miss refill   pol=3 VA=98000000416fff1e PA=0416fff00 line=ff8 hitv=0000 ro=1230 tag=00000 V=1111 W=0001
2485 Reg write t5=0000000000005fba
2486 icache  954df925 load  miss refill   pol=3 VA=98000000405fea40 PA=0405fea40 line=52 hitv=00000000 ro=12345670 tag=000000 V=00000001 L=00000000
2486 PC=0x98000000405fea40 [00000000405fea40]	3c049800 lui    $a0,0x9800
2486 Reg write a0=ffffffff98000000
2487 PC=0x98000000405fea44 [00000000405fea44]	00042438 dsll   $a0,$a0,16
2487 Reg write a0=ffff980000000000
2488 PC=0x98000000405fea48 [00000000405fea48]	3484481f ori    $a0,$a0,0x481f
2488 Reg write a0=ffff98000000481f
2489 PC=0x98000000405fea4c [00000000405fea4c]	00042438 dsll   $a0,$a0,16
2489 Reg write a0=98000000481f0000
2490 icache  00042438 load  hit           pol=3 VA=98000000405fea50 PA=0405fea50 line=52 hitv=00000010 ro=23456701 tag=0405fe V=00000011 L=00000000
2490 PC=0x98000000405fea50 [00000000405fea50]	3484ff20 ori    $a0,$a0,0xff20
2490 Reg write a0=98000000481fff20
2491 PC=0x98000000405fea54 [00000000405fea54]	3c059800 lui    $a1,0x9800
2491 Reg write a1=ffffffff98000000
2492 PC=0x98000000405fea58 [00000000405fea58]	00052c38 dsll   $a1,$a1,16
2492 Reg write a1=ffff980000000000
2493 PC=0x98000000405fea5c [00000000405fea5c]	34a55aaf ori    $a1,$a1,0x5aaf
2493 Reg write a1=ffff980000005aaf
2494 icache  34a55aaf load  miss refill   pol=3 VA=98000000405fea60 PA=0405fea60 line=53 hitv=00000000 ro=12345670 tag=000000 V=00000001 L=00000000
2494 PC=0x98000000405fea60 [00000000405fea60]	00052c38 dsll   $a1,$a1,16
2494 Reg write a1=980000005aaf0000
2495 PC=0x98000000405fea64 [00000000405fea64]	34a5ff20 ori    $a1,$a1,0xff20
2495 Reg write a1=980000005aafff20
2496 PC=0x98000000405fea68 [00000000405fea68]	24060006 addiu  $a2,$r0,0x6
2496 Reg write a2=0000000000000006
2497 PC=0x98000000405fea6c [00000000405fea6c]	dcaa0010 ld     $t2,0x10($a1)
[va=980000005aafff30 pa=000000005aafff30]
2497 dcache  dcaa0010 load  miss refill   pol=3 VA=980000005aafff30 PA=05aafff30 line=79 hitv=00000000 ro=32451670 tag=000000 V=11111111 W=00000000 L=00000000
2497 scache  dcaa0010 load  miss refill   pol=3 VA=980000005aafff30 PA=05aafff20 line=ff9 hitv=0000 ro=3120 tag=00000 V=1111 W=1111
2497 dmemacc: store 8 addr=0424fff20 data=921916bcd580ad89 mask=11111111 cline 
2497 dmemacc: store 8 addr=0424fff28 data=0cbb1bf67772a20c mask=11111111 cline 
2497 dmemacc: store 8 addr=0424fff30 data=bd51e276369d0906 mask=11111111 cline 
2497 dmemacc: store 8 addr=0424fff38 data=6839bba46db72d90 mask=11111111 cline 
2497 Reg write t2=0000000000000001
2498 icache  dcaa0010 load  hit           pol=3 VA=98000000405fea70 PA=0405fea70 line=53 hitv=00000010 ro=23456701 tag=0405fe V=00000011 L=00000000
2498 PC=0x98000000405fea70 [00000000405fea70]	dca90038 ld     $t1,0x38($a1)
[va=980000005aafff58 pa=000000005aafff58]
2498 dcache  dca90038 load  miss refill   pol=3 VA=980000005aafff58 PA=05aafff58 line=7a hitv=00000000 ro=25671043 tag=000000 V=11111111 W=00000000 L=00000000
2498 scache  dca90038 load  miss refill   pol=3 VA=980000005aafff58 PA=05aafff40 line=ffa hitv=0000 ro=2130 tag=00000 V=1111 W=1001
2498 Reg write t1=2343332e378f5a72
2499 PC=0x98000000405fea74 [00000000405fea74]	dca80030 ld     $t0,0x30($a1)
[va=980000005aafff50 pa=000000005aafff50]
2499 dcache  dca80030 load  hit           pol=3 VA=980000005aafff50 PA=05aafff50 line=7a hitv=00000100 ro=56710432 tag=05aaff V=11111111 W=00000000 L=00000000
2499 Reg write t0=15a1fdb34bb1137c
2500 PC=0x98000000405fea78 [00000000405fea78]	fc890008 sd     $t1,0x8($a0)
[va=98000000481fff28 pa=00000000481fff28]
2500 dcache  fc890008 store miss w/alloc  pol=3 VA=98000000481fff28 PA=0481fff28 line=79 hitv=00000000 ro=24516703 tag=000000 V=11111111 W=00000000 L=00000000
2500 scache  fc890008 store miss w/alloc  pol=3 VA=98000000481fff28 PA=0481fff28 line=ff9 hitv=0000 ro=1203 tag=00000 V=1111 W=0111 data=2343332e378f5a72 mask=11111111
2500 dmemacc: store 8 addr=0431fff20 data=f95696b9b86240c6 mask=11111111 cline 
2500 dmemacc: store 8 addr=0431fff28 data=1768990ebd0ec9d7 mask=11111111 cline 
2500 dmemacc: store 8 addr=0431fff30 data=7fffffffffffffff mask=11111111 cline 
2500 dmemacc: store 8 addr=0431fff38 data=00000001c5543b0c mask=11111111 cline 
2501 PC=0x98000000405fea7c [00000000405fea7c]	dcaf0028 ld     $t7,0x28($a1)
[va=980000005aafff48 pa=000000005aafff48]
2501 dcache  dcaf0028 load  hit           pol=3 VA=980000005aafff48 PA=05aafff48 line=7a hitv=00000100 ro=56710432 tag=05aaff V=11111111 W=00000000 L=00000000
2501 Reg write t7=810ac4eb0b93c94a
2502 icache  dcaf0028 load  miss refill   pol=3 VA=98000000405fea80 PA=0405fea80 line=54 hitv=00000000 ro=12345670 tag=000000 V=00000001 L=00000000
2502 PC=0x98000000405fea80 [00000000405fea80]	fc8fffe8 sd     $t7,0xffffffe8($a0)
[va=98000000481fff08 pa=00000000481fff08]
2502 dcache  fc8fffe8 store miss w/alloc  pol=3 VA=98000000481fff08 PA=0481fff08 line=78 hitv=00000000 ro=20354761 tag=000000 V=11111111 W=00000000 L=00000000
2502 scache  fc8fffe8 store miss w/alloc  pol=3 VA=98000000481fff08 PA=0481fff08 line=ff8 hitv=0000 ro=2301 tag=00000 V=1111 W=0001 data=810ac4eb0b93c94a mask=11111111
2503 PC=0x98000000405fea84 [00000000405fea84]	dcac0020 ld     $t4,0x20($a1)
[va=980000005aafff40 pa=000000005aafff40]
2503 dcache  dcac0020 load  hit           pol=3 VA=980000005aafff40 PA=05aafff40 line=7a hitv=00000100 ro=56710432 tag=05aaff V=11111111 W=00000000 L=00000000
2503 Reg write t4=afc06b04ac82c81a
2504 PC=0x98000000405fea88 [00000000405fea88]	fc8bffd8 sd     $t3,0xffffffd8($a0)
[va=98000000481ffef8 pa=00000000481ffef8]
2504 dcache  fc8bffd8 store miss w/alloc  pol=3 VA=98000000481ffef8 PA=0481ffef8 line=77 hitv=00000000 ro=23456701 tag=000000 V=00000011 W=00000000 L=00000000
2504 scache  fc8bffd8 store miss w/alloc  pol=3 VA=98000000481ffef8 PA=0481ffef8 line=ff7 hitv=0000 ro=2301 tag=00000 V=0011 W=0011 data=000000006bbd1a4f mask=11111111
2505 PC=0x98000000405fea8c [00000000405fea8c]	dca80000 ld     $t0,0x0($a1)
[va=980000005aafff20 pa=000000005aafff20]
2505 dcache  dca80000 load  hit           pol=3 VA=980000005aafff20 PA=05aafff20 line=79 hitv=00001000 ro=45167032 tag=05aaff V=11111111 W=00000000 L=00000000
2505 Reg write t0=fd9b37dc92d88d95
2506 icache  dca80000 load  hit           pol=3 VA=98000000405fea90 PA=0405fea90 line=54 hitv=00000010 ro=23456701 tag=0405fe V=00000011 L=00000000
2506 PC=0x98000000405fea90 [00000000405fea90]	fc8cffe0 sd     $t4,0xffffffe0($a0)
[va=98000000481fff00 pa=00000000481fff00]
2506 dcache  fc8cffe0 store hit           pol=3 VA=98000000481fff00 PA=0481fff00 line=78 hitv=00000100 ro=03547612 tag=0481ff V=11111111 W=00000000 L=00000000
2506 scache  fc8cffe0 store hit           pol=3 VA=98000000481fff00 PA=0481fff00 line=ff8 hitv=0100 ro=3012 tag=0240f V=1111 W=0101 data=afc06b04ac82c81a mask=11111111
2507 PC=0x98000000405fea94 [00000000405fea94]	fc89fff8 sd     $t1,0xfffffff8($a0)
[va=98000000481fff18 pa=00000000481fff18]
2507 dcache  fc89fff8 store hit           pol=3 VA=98000000481fff18 PA=0481fff18 line=78 hitv=00000100 ro=03547612 tag=0481ff V=11111111 W=00000000 L=00000000
2507 scache  fc89fff8 store hit           pol=3 VA=98000000481fff18 PA=0481fff18 line=ff8 hitv=0100 ro=3012 tag=0240f V=1111 W=0101 data=2343332e378f5a72 mask=11111111
2508 PC=0x98000000405fea98 [00000000405fea98]	fc88fff0 sd     $t0,0xfffffff0($a0)
[va=98000000481fff10 pa=00000000481fff10]
2508 dcache  fc88fff0 store hit           pol=3 VA=98000000481fff10 PA=0481fff10 line=78 hitv=00000100 ro=03547612 tag=0481ff V=11111111 W=00000000 L=00000000
2508 scache  fc88fff0 store hit           pol=3 VA=98000000481fff10 PA=0481fff10 line=ff8 hitv=0100 ro=3012 tag=0240f V=1111 W=0101 data=fd9b37dc92d88d95 mask=11111111
2509 PC=0x98000000405fea9c [00000000405fea9c]	64c6ffff daddiu $a2,$a2,0xffff
2509 Reg write a2=0000000000000005
2510 icache  64c6ffff load  miss refill   pol=3 VA=98000000405feaa0 PA=0405feaa0 line=55 hitv=00000000 ro=12345670 tag=000000 V=00000001 L=00000000
2510 PC=0x98000000405feaa0 [00000000405feaa0]	fc8affd0 sd     $t2,0xffffffd0($a0)
[va=98000000481ffef0 pa=00000000481ffef0]
2510 dcache  fc8affd0 store hit           pol=3 VA=98000000481ffef0 PA=0481ffef0 line=77 hitv=00000100 ro=34567012 tag=0481ff V=00000111 W=00000000 L=00000000
2510 scache  fc8affd0 store hit           pol=3 VA=98000000481ffef0 PA=0481ffef0 line=ff7 hitv=0100 ro=3012 tag=0240f V=0111 W=0111 data=0000000000000001 mask=11111111
2511 PC=0x98000000405feaa4 [00000000405feaa4]	64840040 daddiu $a0,$a0,0x40
2511 Reg write a0=98000000481fff60
2512 PC=0x98000000405feaa8 [00000000405feaa8]	64a50040 daddiu $a1,$a1,0x40
2512 Reg write a1=980000005aafff60
2513 PC=0x98000000405feaac [00000000405feaac]	fc880000 sd     $t0,0x0($a0)
[va=98000000481fff60 pa=00000000481fff60]
2513 dcache  fc880000 store miss w/alloc  pol=3 VA=98000000481fff60 PA=0481fff60 line=7b hitv=00000000 ro=25314760 tag=000000 V=11111111 W=00000000 L=00000000
2513 scache  fc880000 store miss w/alloc  pol=3 VA=98000000481fff60 PA=0481fff60 line=ffb hitv=0000 ro=1023 tag=00000 V=1111 W=1101 data=fd9b37dc92d88d95 mask=11111111
2514 icache  fc880000 load  hit           pol=3 VA=98000000405feab0 PA=0405feab0 line=55 hitv=00000010 ro=23456701 tag=0405fe V=00000011 L=00000000
2514 PC=0x98000000405feab0 [00000000405feab0]	dca90008 ld     $t1,0x8($a1)
[va=980000005aafff68 pa=000000005aafff68]
2514 dcache  dca90008 load  miss refill   pol=3 VA=980000005aafff68 PA=05aafff68 line=7b hitv=00000000 ro=53147602 tag=000000 V=11111111 W=00000000 L=00000000
2514 scache  dca90008 load  miss refill   pol=3 VA=980000005aafff68 PA=05aafff60 line=ffb hitv=0000 ro=0231 tag=00000 V=1111 W=1111
2514 dmemacc: store 8 addr=04a4fff60 data=fffffffffffc0000 mask=11111111 cline 
2514 dmemacc: store 8 addr=04a4fff68 data=8ae8febb6fa2f68d mask=11111111 cline 
2514 dmemacc: store 8 addr=04a4fff70 data=e90a373086c2776e mask=11111111 cline 
2514 dmemacc: store 8 addr=04a4fff78 data=00ffe003ff800ffe mask=11111111 cline 
2514 Reg write t1=9855caff10482283
2515 PC=0x98000000405feab4 [00000000405feab4]	14c0ffed bne    $a2,$r0,0x98000000405fea6c
2516 PC=0x98000000405feab8 [00000000405feab8]	dcab0018 ld     $t3,0x18($a1)
[va=980000005aafff78 pa=000000005aafff78]
2516 dcache  dcab0018 load  hit           pol=3 VA=980000005aafff78 PA=05aafff78 line=7b hitv=00100000 ro=31476025 tag=05aaff V=11111111 W=00000000 L=00000000
2516 Reg write t3=44760cba7c902049
2517 icache  dcab0018 load  hit           pol=3 VA=98000000405fea6c PA=0405fea60 line=53 hitv=00000010 ro=23456701 tag=0405fe V=00000011 L=00000000
2517 PC=0x98000000405fea6c [00000000405fea6c]	dcaa0010 ld     $t2,0x10($a1)
[va=980000005aafff70 pa=000000005aafff70]
2517 dcache  dcaa0010 load  hit           pol=3 VA=980000005aafff70 PA=05aafff70 line=7b hitv=00100000 ro=31476025 tag=05aaff V=11111111 W=00000000 L=00000000
2517 Reg write t2=3be98ef864c14da0
2518 icache  dcaa0010 load  hit           pol=3 VA=98000000405fea70 PA=0405fea70 line=53 hitv=00000010 ro=23456701 tag=0405fe V=00000011 L=00000000
2518 PC=0x98000000405fea70 [00000000405fea70]	dca90038 ld     $t1,0x38($a1)
[va=980000005aafff98 pa=000000005aafff98]
2518 dcache  dca90038 load  miss refill   pol=3 VA=980000005aafff98 PA=05aafff98 line=7c hitv=00000000 ro=07564231 tag=000000 V=11111111 W=00000000 L=00000000
2518 scache  dca90038 load  miss refill   pol=3 VA=980000005aafff98 PA=05aafff80 line=ffc hitv=0000 ro=0132 tag=00000 V=1111 W=1110
2518 Reg write t1=fc48836d50a51e4b
2519 PC=0x98000000405fea74 [00000000405fea74]	dca80030 ld     $t0,0x30($a1)
[va=980000005aafff90 pa=000000005aafff90]
2519 dcache  dca80030 load  hit           pol=3 VA=980000005aafff90 PA=05aafff90 line=7c hitv=00000001 ro=75642310 tag=05aaff V=11111111 W=00000000 L=00000000
2519 Reg write t0=c460636a673a4ca5
2520 PC=0x98000000405fea78 [00000000405fea78]	fc890008 sd     $t1,0x8($a0)
[va=98000000481fff68 pa=00000000481fff68]
2520 dcache  fc890008 store hit           pol=3 VA=98000000481fff68 PA=0481fff68 line=7b hitv=00000100 ro=31476025 tag=0481ff V=11111111 W=00000000 L=00000000
2520 scache  fc890008 store hit           pol=3 VA=98000000481fff68 PA=0481fff68 line=ffb hitv=0010 ro=2310 tag=0240f V=1111 W=1110 data=fc48836d50a51e4b mask=11111111
2521 PC=0x98000000405fea7c [00000000405fea7c]	dcaf0028 ld     $t7,0x28($a1)
[va=980000005aafff88 pa=000000005aafff88]
2521 dcache  dcaf0028 load  hit           pol=3 VA=980000005aafff88 PA=05aafff88 line=7c hitv=00000001 ro=75642310 tag=05aaff V=11111111 W=00000000 L=00000000
2521 Reg write t7=e001ffe001ffe001
2522 icache  dcaf0028 load  hit           pol=3 VA=98000000405fea80 PA=0405fea80 line=54 hitv=00000010 ro=23456701 tag=0405fe V=00000011 L=00000000
2522 PC=0x98000000405fea80 [00000000405fea80]	fc8fffe8 sd     $t7,0xffffffe8($a0)
[va=98000000481fff48 pa=00000000481fff48]
2522 dcache  fc8fffe8 store miss w/alloc  pol=3 VA=98000000481fff48 PA=0481fff48 line=7a hitv=00000000 ro=56710432 tag=000000 V=11111111 W=00000000 L=00000000
2522 scache  fc8fffe8 store miss w/alloc  pol=3 VA=98000000481fff48 PA=0481fff48 line=ffa hitv=0000 ro=1302 tag=00000 V=1111 W=1001 data=e001ffe001ffe001 mask=11111111
2523 PC=0x98000000405fea84 [00000000405fea84]	dcac0020 ld     $t4,0x20($a1)
[va=980000005aafff80 pa=000000005aafff80]
2523 dcache  dcac0020 load  hit           pol=3 VA=980000005aafff80 PA=05aafff80 line=7c hitv=00000001 ro=75642310 tag=05aaff V=11111111 W=00000000 L=00000000
2523 Reg write t4=ffffffffff800000
2524 PC=0x98000000405fea88 [00000000405fea88]	fc8bffd8 sd     $t3,0xffffffd8($a0)
[va=98000000481fff38 pa=00000000481fff38]
2524 dcache  fc8bffd8 store hit           pol=3 VA=98000000481fff38 PA=0481fff38 line=79 hitv=00000100 ro=45167023 tag=0481ff V=11111111 W=00000000 L=00000000
2524 scache  fc8bffd8 store hit           pol=3 VA=98000000481fff38 PA=0481fff38 line=ff9 hitv=0010 ro=2031 tag=0240f V=1111 W=0111 data=44760cba7c902049 mask=11111111
2525 PC=0x98000000405fea8c [00000000405fea8c]	dca80000 ld     $t0,0x0($a1)
[va=980000005aafff60 pa=000000005aafff60]
2525 dcache  dca80000 load  hit           pol=3 VA=980000005aafff60 PA=05aafff60 line=7b hitv=00100000 ro=31476052 tag=05aaff V=11111111 W=00000000 L=00000000
2525 Reg write t0=b6f6d174b018ac37
2526 icache  dca80000 load  hit           pol=3 VA=98000000405fea90 PA=0405fea90 line=54 hitv=00000010 ro=23456701 tag=0405fe V=00000011 L=00000000
2526 PC=0x98000000405fea90 [00000000405fea90]	fc8cffe0 sd     $t4,0xffffffe0($a0)
[va=98000000481fff40 pa=00000000481fff40]
2526 dcache  fc8cffe0 store hit           pol=3 VA=98000000481fff40 PA=0481fff40 line=7a hitv=00100000 ro=67104325 tag=0481ff V=11111111 W=00000000 L=00000000
2526 scache  fc8cffe0 store hit           pol=3 VA=98000000481fff40 PA=0481fff40 line=ffa hitv=0010 ro=3021 tag=0240f V=1111 W=1011 data=ffffffffff800000 mask=11111111
2527 PC=0x98000000405fea94 [00000000405fea94]	fc89fff8 sd     $t1,0xfffffff8($a0)
[va=98000000481fff58 pa=00000000481fff58]
2527 dcache  fc89fff8 store hit           pol=3 VA=98000000481fff58 PA=0481fff58 line=7a hitv=00100000 ro=67104325 tag=0481ff V=11111111 W=00000000 L=00000000
2527 scache  fc89fff8 store hit           pol=3 VA=98000000481fff58 PA=0481fff58 line=ffa hitv=0010 ro=3021 tag=0240f V=1111 W=1011 data=fc48836d50a51e4b mask=11111111
2528 PC=0x98000000405fea98 [00000000405fea98]	fc88fff0 sd     $t0,0xfffffff0($a0)
[va=98000000481fff50 pa=00000000481fff50]
2528 dcache  fc88fff0 store hit           pol=3 VA=98000000481fff50 PA=0481fff50 line=7a hitv=00100000 ro=67104325 tag=0481ff V=11111111 W=00000000 L=00000000
2528 scache  fc88fff0 store hit           pol=3 VA=98000000481fff50 PA=0481fff50 line=ffa hitv=0010 ro=3021 tag=0240f V=1111 W=1011 data=b6f6d174b018ac37 mask=11111111
2529 PC=0x98000000405fea9c [00000000405fea9c]	64c6ffff daddiu $a2,$a2,0xffff
2529 Reg write a2=0000000000000004
2530 icache  64c6ffff load  hit           pol=3 VA=98000000405feaa0 PA=0405feaa0 line=55 hitv=00000010 ro=23456701 tag=0405fe V=00000011 L=00000000
2530 PC=0x98000000405feaa0 [00000000405feaa0]	fc8affd0 sd     $t2,0xffffffd0($a0)
[va=98000000481fff30 pa=00000000481fff30]
2530 dcache  fc8affd0 store hit           pol=3 VA=98000000481fff30 PA=0481fff30 line=79 hitv=00000100 ro=45167032 tag=0481ff V=11111111 W=00000000 L=00000000
2530 scache  fc8affd0 store hit           pol=3 VA=98000000481fff30 PA=0481fff30 line=ff9 hitv=0010 ro=2031 tag=0240f V=1111 W=0111 data=3be98ef864c14da0 mask=11111111
2531 PC=0x98000000405feaa4 [00000000405feaa4]	64840040 daddiu $a0,$a0,0x40
2531 Reg write a0=98000000481fffa0
2532 PC=0x98000000405feaa8 [00000000405feaa8]	64a50040 daddiu $a1,$a1,0x40
2532 Reg write a1=980000005aafffa0
2533 PC=0x98000000405feaac [00000000405feaac]	fc880000 sd     $t0,0x0($a0)
[va=98000000481fffa0 pa=00000000481fffa0]
2533 dcache  fc880000 store miss w/alloc  pol=3 VA=98000000481fffa0 PA=0481fffa0 line=7d hitv=00000000 ro=42653017 tag=000000 V=11111111 W=00000000 L=00000000
2533 scache  fc880000 store miss w/alloc  pol=3 VA=98000000481fffa0 PA=0481fffa0 line=ffd hitv=0000 ro=1203 tag=00000 V=1111 W=1101 data=b6f6d174b018ac37 mask=11111111
2534 icache  fc880000 load  hit           pol=3 VA=98000000405feab0 PA=0405feab0 line=55 hitv=00000010 ro=23456701 tag=0405fe V=00000011 L=00000000
2534 PC=0x98000000405feab0 [00000000405feab0]	dca90008 ld     $t1,0x8($a1)
[va=980000005aafffa8 pa=000000005aafffa8]
2534 dcache  dca90008 load  miss refill   pol=3 VA=980000005aafffa8 PA=05aafffa8 line=7d hitv=00000000 ro=26530174 tag=000000 V=11111111 W=00000000 L=00000000
2534 scache  dca90008 load  miss refill   pol=3 VA=980000005aafffa8 PA=05aafffa0 line=ffd hitv=0000 ro=2031 tag=00000 V=1111 W=1111
2534 dmemacc: store 8 addr=0555fffa0 data=e6a72263bc4ed0c3 mask=11111111 cline 
2534 dmemacc: store 8 addr=0555fffa8 data=7ee973b1a1e20297 mask=11111111 cline 
2534 dmemacc: store 8 addr=0555fffb0 data=e90a373086c2776e mask=11111111 cline 
2534 dmemacc: store 8 addr=0555fffb8 data=ffffffffffffffff mask=11111111 cline 
2534 Reg write t1=9429316fa7dd3526
2535 PC=0x98000000405feab4 [00000000405feab4]	14c0ffed bne    $a2,$r0,0x98000000405fea6c
2536 PC=0x98000000405feab8 [00000000405feab8]	dcab0018 ld     $t3,0x18($a1)
[va=980000005aafffb8 pa=000000005aafffb8]
2536 dcache  dcab0018 load  hit           pol=3 VA=980000005aafffb8 PA=05aafffb8 line=7d hitv=00000100 ro=65301742 tag=05aaff V=11111111 W=00000000 L=00000000
2536 Reg write t3=000000000003ffff
2537 icache  dcab0018 load  hit           pol=3 VA=98000000405fea6c PA=0405fea60 line=53 hitv=00000010 ro=23456701 tag=0405fe V=00000011 L=00000000
2537 PC=0x98000000405fea6c [00000000405fea6c]	dcaa0010 ld     $t2,0x10($a1)
[va=980000005aafffb0 pa=000000005aafffb0]
2537 dcache  dcaa0010 load  hit           pol=3 VA=980000005aafffb0 PA=05aafffb0 line=7d hitv=00000100 ro=65301742 tag=05aaff V=11111111 W=00000000 L=00000000
2537 Reg write t2=1b3ccd387388c85d
2538 icache  dcaa0010 load  hit           pol=3 VA=98000000405fea70 PA=0405fea70 line=53 hitv=00000010 ro=23456701 tag=0405fe V=00000011 L=00000000
2538 PC=0x98000000405fea70 [00000000405fea70]	dca90038 ld     $t1,0x38($a1)
[va=980000005aafffd8 pa=000000005aafffd8]
2538 dcache  dca90038 load  miss refill   pol=3 VA=980000005aafffd8 PA=05aafffd8 line=7e hitv=00000000 ro=74123560 tag=000000 V=11111111 W=00000000 L=00000000
2538 scache  dca90038 load  miss refill   pol=3 VA=980000005aafffd8 PA=05aafffc0 line=ffe hitv=0000 ro=0312 tag=00000 V=1111 W=0101
2538 dmemacc: store 8 addr=04b1fffc0 data=980000004a500060 mask=11111111 cline 
2538 dmemacc: store 8 addr=04b1fffc8 data=5e62405e7588581c mask=11111111 cline 
2538 dmemacc: store 8 addr=04b1fffd0 data=1c71c71c71c71c71 mask=11111111 cline 
2538 dmemacc: store 8 addr=04b1fffd8 data=4da3c7e5827446a1 mask=11111111 cline 
2538 Reg write t1=cfacdbf27cb42e6e
2539 PC=0x98000000405fea74 [00000000405fea74]	dca80030 ld     $t0,0x30($a1)
[va=980000005aafffd0 pa=000000005aafffd0]
2539 dcache  dca80030 load  hit           pol=3 VA=980000005aafffd0 PA=05aafffd0 line=7e hitv=10000000 ro=41235607 tag=05aaff V=11111111 W=00000000 L=00000000
2539 Reg write t0=00586feb574af38c
2540 PC=0x98000000405fea78 [00000000405fea78]	fc890008 sd     $t1,0x8($a0)
[va=98000000481fffa8 pa=00000000481fffa8]
2540 dcache  fc890008 store hit           pol=3 VA=98000000481fffa8 PA=0481fffa8 line=7d hitv=00010000 ro=65301742 tag=0481ff V=11111111 W=00000000 L=00000000
2540 scache  fc890008 store hit           pol=3 VA=98000000481fffa8 PA=0481fffa8 line=ffd hitv=0010 ro=0312 tag=0240f V=1111 W=1011 data=cfacdbf27cb42e6e mask=11111111
2541 PC=0x98000000405fea7c [00000000405fea7c]	dcaf0028 ld     $t7,0x28($a1)
[va=980000005aafffc8 pa=000000005aafffc8]
2541 dcache  dcaf0028 load  hit           pol=3 VA=980000005aafffc8 PA=05aafffc8 line=7e hitv=10000000 ro=41235607 tag=05aaff V=11111111 W=00000000 L=00000000
2541 Reg write t7=b6c41973eb032172
2542 icache  dcaf0028 load  hit           pol=3 VA=98000000405fea80 PA=0405fea80 line=54 hitv=00000010 ro=23456701 tag=0405fe V=00000011 L=00000000
2542 PC=0x98000000405fea80 [00000000405fea80]	fc8fffe8 sd     $t7,0xffffffe8($a0)
[va=98000000481fff88 pa=00000000481fff88]
2542 dcache  fc8fffe8 store miss w/alloc  pol=3 VA=98000000481fff88 PA=0481fff88 line=7c hitv=00000000 ro=75642310 tag=000000 V=11111111 W=00000000 L=00000000
2542 scache  fc8fffe8 store miss w/alloc  pol=3 VA=98000000481fff88 PA=0481fff88 line=ffc hitv=0000 ro=1320 tag=00000 V=1111 W=1110 data=b6c41973eb032172 mask=11111111
2542 dmemacc: store 8 addr=04a4fff80 data=0000000000000001 mask=11111111 cline 
2542 dmemacc: store 8 addr=04a4fff88 data=ffffffffffffffff mask=11111111 cline 
2542 dmemacc: store 8 addr=04a4fff90 data=1ded744da1a5ca1f mask=11111111 cline 
2542 dmemacc: store 8 addr=04a4fff98 data=67f77cf7e791e354 mask=11111111 cline 
2543 PC=0x98000000405fea84 [00000000405fea84]	dcac0020 ld     $t4,0x20($a1)
[va=980000005aafffc0 pa=000000005aafffc0]
2543 dcache  dcac0020 load  hit           pol=3 VA=980000005aafffc0 PA=05aafffc0 line=7e hitv=10000000 ro=41235607 tag=05aaff V=11111111 W=00000000 L=00000000
2543 Reg write t4=87a0bde4b0896e59
2544 PC=0x98000000405fea88 [00000000405fea88]	fc8bffd8 sd     $t3,0xffffffd8($a0)
[va=98000000481fff78 pa=00000000481fff78]
2544 dcache  fc8bffd8 store hit           pol=3 VA=98000000481fff78 PA=0481fff78 line=7b hitv=00000100 ro=31476025 tag=0481ff V=11111111 W=00000000 L=00000000
2544 scache  fc8bffd8 store hit           pol=3 VA=98000000481fff78 PA=0481fff78 line=ffb hitv=0010 ro=2301 tag=0240f V=1111 W=1110 data=000000000003ffff mask=11111111
2545 PC=0x98000000405fea8c [00000000405fea8c]	dca80000 ld     $t0,0x0($a1)
[va=980000005aafffa0 pa=000000005aafffa0]
2545 dcache  dca80000 load  hit           pol=3 VA=980000005aafffa0 PA=05aafffa0 line=7d hitv=00000100 ro=65301724 tag=05aaff V=11111111 W=00000000 L=00000000
2545 Reg write t0=89d608081ed94156
2546 icache  dca80000 load  hit           pol=3 VA=98000000405fea90 PA=0405fea90 line=54 hitv=00000010 ro=23456701 tag=0405fe V=00000011 L=00000000
2546 PC=0x98000000405fea90 [00000000405fea90]	fc8cffe0 sd     $t4,0xffffffe0($a0)
[va=98000000481fff80 pa=00000000481fff80]
2546 dcache  fc8cffe0 store hit           pol=3 VA=98000000481fff80 PA=0481fff80 line=7c hitv=10000000 ro=56423107 tag=0481ff V=11111111 W=00000000 L=00000000
2546 scache  fc8cffe0 store hit           pol=3 VA=98000000481fff80 PA=0481fff80 line=ffc hitv=0010 ro=3201 tag=0240f V=1111 W=1110 data=87a0bde4b0896e59 mask=11111111
2547 PC=0x98000000405fea94 [00000000405fea94]	fc89fff8 sd     $t1,0xfffffff8($a0)
[va=98000000481fff98 pa=00000000481fff98]
2547 dcache  fc89fff8 store hit           pol=3 VA=98000000481fff98 PA=0481fff98 line=7c hitv=10000000 ro=56423107 tag=0481ff V=11111111 W=00000000 L=00000000
2547 scache  fc89fff8 store hit           pol=3 VA=98000000481fff98 PA=0481fff98 line=ffc hitv=0010 ro=3201 tag=0240f V=1111 W=1110 data=cfacdbf27cb42e6e mask=11111111
2548 PC=0x98000000405fea98 [00000000405fea98]	fc88fff0 sd     $t0,0xfffffff0($a0)
[va=98000000481fff90 pa=00000000481fff90]
2548 dcache  fc88fff0 store hit           pol=3 VA=98000000481fff90 PA=0481fff90 line=7c hitv=10000000 ro=56423107 tag=0481ff V=11111111 W=00000000 L=00000000
2548 scache  fc88fff0 store hit           pol=3 VA=98000000481fff90 PA=0481fff90 line=ffc hitv=0010 ro=3201 tag=0240f V=1111 W=1110 data=89d608081ed94156 mask=11111111
2549 PC=0x98000000405fea9c [00000000405fea9c]	64c6ffff daddiu $a2,$a2,0xffff
2549 Reg write a2=0000000000000003
2550 icache  64c6ffff load  hit           pol=3 VA=98000000405feaa0 PA=0405feaa0 line=55 hitv=00000010 ro=23456701 tag=0405fe V=00000011 L=00000000
2550 PC=0x98000000405feaa0 [00000000405feaa0]	fc8affd0 sd     $t2,0xffffffd0($a0)
[va=98000000481fff70 pa=00000000481fff70]
2550 dcache  fc8affd0 store hit           pol=3 VA=98000000481fff70 PA=0481fff70 line=7b hitv=00000100 ro=31476052 tag=0481ff V=11111111 W=00000000 L=00000000
2550 scache  fc8affd0 store hit           pol=3 VA=98000000481fff70 PA=0481fff70 line=ffb hitv=0010 ro=2301 tag=0240f V=1111 W=1110 data=1b3ccd387388c85d mask=11111111
2551 PC=0x98000000405feaa4 [00000000405feaa4]	64840040 daddiu $a0,$a0,0x40
2551 Reg write a0=98000000481fffe0
2552 PC=0x98000000405feaa8 [00000000405feaa8]	64a50040 daddiu $a1,$a1,0x40
2552 Reg write a1=980000005aafffe0
2553 PC=0x98000000405feaac [00000000405feaac]	fc880000 sd     $t0,0x0($a0)
[va=98000000481fffe0 pa=00000000481fffe0]
2553 dcache  fc880000 store miss w/alloc  pol=3 VA=98000000481fffe0 PA=0481fffe0 line=7f hitv=00000000 ro=54012673 tag=000000 V=11111111 W=00000000 L=00000000
2553 scache  fc880000 store miss w/alloc  pol=3 VA=98000000481fffe0 PA=0481fffe0 line=fff hitv=0000 ro=1023 tag=00000 V=1111 W=1011 data=89d608081ed94156 mask=11111111
2553 dmemacc: store 8 addr=04a4fffe0 data=5d48d0ed3ed5dee0 mask=11111111 cline 
2553 dmemacc: store 8 addr=04a4fffe8 data=67ae34e3b9fb2ca7 mask=11111111 cline 
2553 dmemacc: store 8 addr=04a4ffff0 data=c34846095e96b0af mask=11111111 cline 
2553 dmemacc: store 8 addr=04a4ffff8 data=ffffffffffffe000 mask=11111111 cline 
2554 icache  fc880000 load  hit           pol=3 VA=98000000405feab0 PA=0405feab0 line=55 hitv=00000010 ro=23456701 tag=0405fe V=00000011 L=00000000
2554 PC=0x98000000405feab0 [00000000405feab0]	dca90008 ld     $t1,0x8($a1)
[va=980000005aafffe8 pa=000000005aafffe8]
2554 dcache  dca90008 load  miss refill   pol=3 VA=980000005aafffe8 PA=05aafffe8 line=7f hitv=00000000 ro=40126735 tag=000000 V=11111111 W=00000000 L=00000000
2554 scache  dca90008 load  miss refill   pol=3 VA=980000005aafffe8 PA=05aafffe0 line=fff hitv=0000 ro=0231 tag=00000 V=1111 W=1011
2554 dmemacc: store 8 addr=04b1fffe0 data=980000004027a1d3 mask=11111111 cline 
2554 dmemacc: store 8 addr=04b1fffe8 data=ed71cdfa1d14b538 mask=11111111 cline 
2554 dmemacc: store 8 addr=04b1ffff0 data=5c707aa8cb707ee7 mask=11111111 cline 
2554 dmemacc: store 8 addr=04b1ffff8 data=286d7e1ed37c3b54 mask=11111111 cline 
2554 Reg write t1=8302efdc78bc2070
2555 PC=0x98000000405feab4 [00000000405feab4]	14c0ffed bne    $a2,$r0,0x98000000405fea6c
2556 PC=0x98000000405feab8 [00000000405feab8]	dcab0018 ld     $t3,0x18($a1)
[va=980000005aaffff8 pa=000000005aaffff8]
2556 dcache  dcab0018 load  hit           pol=3 VA=980000005aaffff8 PA=05aaffff8 line=7f hitv=00010000 ro=01267354 tag=05aaff V=11111111 W=00000000 L=00000000
2556 Reg write t3=69b7ebfb1c240195
2557 icache  dcab0018 load  hit           pol=3 VA=98000000405fea6c PA=0405fea60 line=53 hitv=00000010 ro=23456701 tag=0405fe V=00000011 L=00000000
2557 PC=0x98000000405fea6c [00000000405fea6c]	dcaa0010 ld     $t2,0x10($a1)
[va=980000005aaffff0 pa=000000005aaffff0]
2557 dcache  dcaa0010 load  hit           pol=3 VA=980000005aaffff0 PA=05aaffff0 line=7f hitv=00010000 ro=01267354 tag=05aaff V=11111111 W=00000000 L=00000000
2557 Reg write t2=ceacb92ccab993f3
2558 icache  dcaa0010 load  hit           pol=3 VA=98000000405fea70 PA=0405fea70 line=53 hitv=00000010 ro=23456701 tag=0405fe V=00000011 L=00000000
2558 PC=0x98000000405fea70 [00000000405fea70]	dca90038 ld     $t1,0x38($a1)
[va=980000005ab00018 pa=000000005ab00018]
2558 dcache  dca90038 load  miss refill   pol=3 VA=980000005ab00018 PA=05ab00018 line=00 hitv=00000000 ro=23561407 tag=000000 V=11111111 W=00000000 L=00000000
2558 scache  dca90038 load  miss refill   pol=3 VA=980000005ab00018 PA=05ab00000 line=000 hitv=0000 ro=2301 tag=00000 V=1111 W=1101
2558 dmemacc: store 8 addr=051800000 data=5d2aa190e26d6b49 mask=11111111 cline 
2558 dmemacc: store 8 addr=051800008 data=04c78971e910f511 mask=11111111 cline 
2558 dmemacc: store 8 addr=051800010 data=d4a33c7c17403b55 mask=11111111 cline 
2558 dmemacc: store 8 addr=051800018 data=d622f9e3c2edead3 mask=11111111 cline 
2558 Reg write t1=3333333333333333
2559 PC=0x98000000405fea74 [00000000405fea74]	dca80030 ld     $t0,0x30($a1)
[va=980000005ab00010 pa=000000005ab00010]
2559 dcache  dca80030 load  hit           pol=3 VA=980000005ab00010 PA=05ab00010 line=00 hitv=00000100 ro=35614072 tag=05ab00 V=11111111 W=00000000 L=00000000
2559 Reg write t0=c5f95ff0d1f4dd92
2560 PC=0x98000000405fea78 [00000000405fea78]	fc890008 sd     $t1,0x8($a0)
[va=98000000481fffe8 pa=00000000481fffe8]
2560 dcache  fc890008 store hit           pol=3 VA=98000000481fffe8 PA=0481fffe8 line=7f hitv=00100000 ro=01267354 tag=0481ff V=11111111 W=00000000 L=00000000
2560 scache  fc890008 store hit           pol=3 VA=98000000481fffe8 PA=0481fffe8 line=fff hitv=0010 ro=2310 tag=0240f V=1111 W=1010 data=3333333333333333 mask=11111111
2561 PC=0x98000000405fea7c [00000000405fea7c]	dcaf0028 ld     $t7,0x28($a1)
[va=980000005ab00008 pa=000000005ab00008]
2561 dcache  dcaf0028 load  hit           pol=3 VA=980000005ab00008 PA=05ab00008 line=00 hitv=00000100 ro=35614072 tag=05ab00 V=11111111 W=00000000 L=00000000
2561 Reg write t7=36977afc926a6c42
2562 icache  dcaf0028 load  hit           pol=3 VA=98000000405fea80 PA=0405fea80 line=54 hitv=00000010 ro=23456701 tag=0405fe V=00000011 L=00000000
2562 PC=0x98000000405fea80 [00000000405fea80]	fc8fffe8 sd     $t7,0xffffffe8($a0)
[va=98000000481fffc8 pa=00000000481fffc8]
2562 dcache  fc8fffe8 store miss w/alloc  pol=3 VA=98000000481fffc8 PA=0481fffc8 line=7e hitv=00000000 ro=41235607 tag=000000 V=11111111 W=00000000 L=00000000
2562 scache  fc8fffe8 store miss w/alloc  pol=3 VA=98000000481fffc8 PA=0481fffc8 line=ffe hitv=0000 ro=3120 tag=00000 V=1111 W=0100 data=36977afc926a6c42 mask=11111111
2563 PC=0x98000000405fea84 [00000000405fea84]	dcac0020 ld     $t4,0x20($a1)
[va=980000005ab00000 pa=000000005ab00000]
2563 dcache  dcac0020 load  hit           pol=3 VA=980000005ab00000 PA=05ab00000 line=00 hitv=00000100 ro=35614072 tag=05ab00 V=11111111 W=00000000 L=00000000
2563 Reg write t4=63856f11ca09a567
2564 PC=0x98000000405fea88 [00000000405fea88]	fc8bffd8 sd     $t3,0xffffffd8($a0)
[va=98000000481fffb8 pa=00000000481fffb8]
2564 dcache  fc8bffd8 store hit           pol=3 VA=98000000481fffb8 PA=0481fffb8 line=7d hitv=00010000 ro=65301742 tag=0481ff V=11111111 W=00000000 L=00000000
2564 scache  fc8bffd8 store hit           pol=3 VA=98000000481fffb8 PA=0481fffb8 line=ffd hitv=0010 ro=0321 tag=0240f V=1111 W=1011 data=69b7ebfb1c240195 mask=11111111
2565 PC=0x98000000405fea8c [00000000405fea8c]	dca80000 ld     $t0,0x0($a1)
[va=980000005aafffe0 pa=000000005aafffe0]
2565 dcache  dca80000 load  hit           pol=3 VA=980000005aafffe0 PA=05aafffe0 line=7f hitv=00010000 ro=01267345 tag=05aaff V=11111111 W=00000000 L=00000000
2565 Reg write t0=5513826263fb2342
2566 icache  dca80000 load  hit           pol=3 VA=98000000405fea90 PA=0405fea90 line=54 hitv=00000010 ro=23456701 tag=0405fe V=00000011 L=00000000
2566 PC=0x98000000405fea90 [00000000405fea90]	fc8cffe0 sd     $t4,0xffffffe0($a0)
[va=98000000481fffc0 pa=00000000481fffc0]
2566 dcache  fc8cffe0 store hit           pol=3 VA=98000000481fffc0 PA=0481fffc0 line=7e hitv=00010000 ro=12356074 tag=0481ff V=11111111 W=00000000 L=00000000
2566 scache  fc8cffe0 store hit           pol=3 VA=98000000481fffc0 PA=0481fffc0 line=ffe hitv=1000 ro=1203 tag=0240f V=1111 W=1100 data=63856f11ca09a567 mask=11111111
2567 PC=0x98000000405fea94 [00000000405fea94]	fc89fff8 sd     $t1,0xfffffff8($a0)
[va=98000000481fffd8 pa=00000000481fffd8]
2567 dcache  fc89fff8 store hit           pol=3 VA=98000000481fffd8 PA=0481fffd8 line=7e hitv=00010000 ro=12356074 tag=0481ff V=11111111 W=00000000 L=00000000
2567 scache  fc89fff8 store hit           pol=3 VA=98000000481fffd8 PA=0481fffd8 line=ffe hitv=1000 ro=1203 tag=0240f V=1111 W=1100 data=3333333333333333 mask=11111111
2568 PC=0x98000000405fea98 [00000000405fea98]	fc88fff0 sd     $t0,0xfffffff0($a0)
[va=98000000481fffd0 pa=00000000481fffd0]
2568 dcache  fc88fff0 store hit           pol=3 VA=98000000481fffd0 PA=0481fffd0 line=7e hitv=00010000 ro=12356074 tag=0481ff V=11111111 W=00000000 L=00000000
2568 scache  fc88fff0 store hit           pol=3 VA=98000000481fffd0 PA=0481fffd0 line=ffe hitv=1000 ro=1203 tag=0240f V=1111 W=1100 data=5513826263fb2342 mask=11111111
2569 PC=0x98000000405fea9c [00000000405fea9c]	64c6ffff daddiu $a2,$a2,0xffff
2569 Reg write a2=0000000000000002
2570 icache  64c6ffff load  hit           pol=3 VA=98000000405feaa0 PA=0405feaa0 line=55 hitv=00000010 ro=23456701 tag=0405fe V=00000011 L=00000000
2570 PC=0x98000000405feaa0 [00000000405feaa0]	fc8affd0 sd     $t2,0xffffffd0($a0)
[va=98000000481fffb0 pa=00000000481fffb0]
2570 dcache  fc8affd0 store hit           pol=3 VA=98000000481fffb0 PA=0481fffb0 line=7d hitv=00010000 ro=65301724 tag=0481ff V=11111111 W=00000000 L=00000000
2570 scache  fc8affd0 store hit           pol=3 VA=98000000481fffb0 PA=0481fffb0 line=ffd hitv=0010 ro=0321 tag=0240f V=1111 W=1011 data=ceacb92ccab993f3 mask=11111111
2571 PC=0x98000000405feaa4 [00000000405feaa4]	64840040 daddiu $a0,$a0,0x40
2571 Reg write a0=9800000048200020
2572 PC=0x98000000405feaa8 [00000000405feaa8]	64a50040 daddiu $a1,$a1,0x40
2572 Reg write a1=980000005ab00020
2573 PC=0x98000000405feaac [00000000405feaac]	fc880000 sd     $t0,0x0($a0)
[va=9800000048200020 pa=0000000048200020]
2573 dcache  fc880000 store miss w/alloc  pol=3 VA=9800000048200020 PA=048200020 line=01 hitv=00000000 ro=61234507 tag=000000 V=11111111 W=00000000 L=00000000
2573 scache  fc880000 store miss w/alloc  pol=3 VA=9800000048200020 PA=048200020 line=001 hitv=0000 ro=1230 tag=00000 V=1111 W=1111 data=5513826263fb2342 mask=11111111
2573 dmemacc: store 8 addr=04b200020 data=980000004b1fff60 mask=11111111 cline 
2573 dmemacc: store 8 addr=04b200028 data=ffffffffffffffff mask=11111111 cline 
2573 dmemacc: store 8 addr=04b200030 data=f1928d0f1bc3206d mask=11111111 cline 
2573 dmemacc: store 8 addr=04b200038 data=6db738d8f4c64aa1 mask=11111111 cline 
2574 icache  fc880000 load  hit           pol=3 VA=98000000405feab0 PA=0405feab0 line=55 hitv=00000010 ro=23456701 tag=0405fe V=00000011 L=00000000
2574 PC=0x98000000405feab0 [00000000405feab0]	dca90008 ld     $t1,0x8($a1)
[va=980000005ab00028 pa=000000005ab00028]
2574 dcache  dca90008 load  miss refill   pol=3 VA=980000005ab00028 PA=05ab00028 line=01 hitv=00000000 ro=12345076 tag=000000 V=11111111 W=00000000 L=00000000
2574 scache  dca90008 load  miss refill   pol=3 VA=980000005ab00028 PA=05ab00020 line=001 hitv=0000 ro=2301 tag=00000 V=1111 W=1111
2574 dmemacc: store 8 addr=051800020 data=b45444833bef2b77 mask=11111111 cline 
2574 dmemacc: store 8 addr=051800028 data=b0529b85e721d08b mask=11111111 cline 
2574 dmemacc: store 8 addr=051800030 data=3fffffffffffffff mask=11111111 cline 
2574 dmemacc: store 8 addr=051800038 data=04c43677858cb548 mask=11111111 cline 
2574 Reg write t1=d3538ff433823f04
2575 PC=0x98000000405feab4 [00000000405feab4]	14c0ffed bne    $a2,$r0,0x98000000405fea6c
2576 PC=0x98000000405feab8 [00000000405feab8]	dcab0018 ld     $t3,0x18($a1)
[va=980000005ab00038 pa=000000005ab00038]
2576 dcache  dcab0018 load  hit           pol=3 VA=980000005ab00038 PA=05ab00038 line=01 hitv=00000010 ro=23450761 tag=05ab00 V=11111111 W=00000000 L=00000000
2576 Reg write t3=cccccccccccccccc
2577 icache  dcab0018 load  hit           pol=3 VA=98000000405fea6c PA=0405fea60 line=53 hitv=00000010 ro=23456701 tag=0405fe V=00000011 L=00000000
2577 PC=0x98000000405fea6c [00000000405fea6c]	dcaa0010 ld     $t2,0x10($a1)
[va=980000005ab00030 pa=000000005ab00030]
2577 dcache  dcaa0010 load  hit           pol=3 VA=980000005ab00030 PA=05ab00030 line=01 hitv=00000010 ro=23450761 tag=05ab00 V=11111111 W=00000000 L=00000000
2577 Reg write t2=ffffffffffffffff
2578 icache  dcaa0010 load  hit           pol=3 VA=98000000405fea70 PA=0405fea70 line=53 hitv=00000010 ro=23456701 tag=0405fe V=00000011 L=00000000
2578 PC=0x98000000405fea70 [00000000405fea70]	dca90038 ld     $t1,0x38($a1)
[va=980000005ab00058 pa=000000005ab00058]
2578 dcache  dca90038 load  miss refill   pol=3 VA=980000005ab00058 PA=05ab00058 line=02 hitv=00000000 ro=43627051 tag=000000 V=11111111 W=00000000 L=00000000
2578 scache  dca90038 load  miss refill   pol=3 VA=980000005ab00058 PA=05ab00040 line=002 hitv=0000 ro=2301 tag=00000 V=1111 W=1111
2578 dmemacc: store 8 addr=04b200040 data=98000000511fcf06 mask=11111111 cline 
2578 dmemacc: store 8 addr=04b200048 data=0c8033344a84347a mask=11111111 cline 
2578 dmemacc: store 8 addr=04b200050 data=ffffffffffffffff mask=11111111 cline 
2578 dmemacc: store 8 addr=04b200058 data=780f2add150171b6 mask=11111111 cline 
2578 Reg write t1=3ad29762696ac838
2579 PC=0x98000000405fea74 [00000000405fea74]	dca80030 ld     $t0,0x30($a1)
[va=980000005ab00050 pa=000000005ab00050]
2579 dcache  dca80030 load  hit           pol=3 VA=980000005ab00050 PA=05ab00050 line=02 hitv=00010000 ro=36270514 tag=05ab00 V=11111111 W=00000000 L=00000000
2579 Reg write t0=2788cc1eca287b2c
2580 PC=0x98000000405fea78 [00000000405fea78]	fc890008 sd     $t1,0x8($a0)
[va=9800000048200028 pa=0000000048200028]
2580 dcache  fc890008 store hit           pol=3 VA=9800000048200028 PA=048200028 line=01 hitv=01000000 ro=23450761 tag=048200 V=11111111 W=00000000 L=00000000
2580 scache  fc890008 store hit           pol=3 VA=9800000048200028 PA=048200028 line=001 hitv=0010 ro=3012 tag=02410 V=1111 W=1011 data=3ad29762696ac838 mask=11111111
2581 PC=0x98000000405fea7c [00000000405fea7c]	dcaf0028 ld     $t7,0x28($a1)
[va=980000005ab00048 pa=000000005ab00048]
2581 dcache  dcaf0028 load  hit           pol=3 VA=980000005ab00048 PA=05ab00048 line=02 hitv=00010000 ro=36270514 tag=05ab00 V=11111111 W=00000000 L=00000000
2581 Reg write t7=98ad4d8402432e79
2582 icache  dcaf0028 load  hit           pol=3 VA=98000000405fea80 PA=0405fea80 line=54 hitv=00000010 ro=23456701 tag=0405fe V=00000011 L=00000000
2582 PC=0x98000000405fea80 [00000000405fea80]	fc8fffe8 sd     $t7,0xffffffe8($a0)
[va=9800000048200008 pa=0000000048200008]
2582 dcache  fc8fffe8 store miss w/alloc  pol=3 VA=9800000048200008 PA=048200008 line=00 hitv=00000000 ro=35614072 tag=000000 V=11111111 W=00000000 L=00000000
2582 scache  fc8fffe8 store miss w/alloc  pol=3 VA=9800000048200008 PA=048200008 line=000 hitv=0000 ro=3012 tag=00000 V=1111 W=1001 data=98ad4d8402432e79 mask=11111111
2582 dmemacc: store 8 addr=041300000 data=2f541708d0d408d8 mask=11111111 cline 
2582 dmemacc: store 8 addr=041300008 data=60013d3f9cf1cef9 mask=11111111 cline 
2582 dmemacc: store 8 addr=041300010 data=b38bd8d730b8314c mask=11111111 cline 
2582 dmemacc: store 8 addr=041300018 data=60013d3f9cf1cef9 mask=11111111 cline 
2583 PC=0x98000000405fea84 [00000000405fea84]	dcac0020 ld     $t4,0x20($a1)
[va=980000005ab00040 pa=000000005ab00040]
2583 dcache  dcac0020 load  hit           pol=3 VA=980000005ab00040 PA=05ab00040 line=02 hitv=00010000 ro=36270514 tag=05ab00 V=11111111 W=00000000 L=00000000
2583 Reg write t4=e46154c1f9b617c5
2584 PC=0x98000000405fea88 [00000000405fea88]	fc8bffd8 sd     $t3,0xffffffd8($a0)
[va=98000000481ffff8 pa=00000000481ffff8]
2584 dcache  fc8bffd8 store hit           pol=3 VA=98000000481ffff8 PA=0481ffff8 line=7f hitv=00100000 ro=01267354 tag=0481ff V=11111111 W=00000000 L=00000000
2584 scache  fc8bffd8 store hit           pol=3 VA=98000000481ffff8 PA=0481ffff8 line=fff hitv=0010 ro=2301 tag=0240f V=1111 W=1010 data=cccccccccccccccc mask=11111111
2585 PC=0x98000000405fea8c [00000000405fea8c]	dca80000 ld     $t0,0x0($a1)
[va=980000005ab00020 pa=000000005ab00020]
2585 dcache  dca80000 load  hit           pol=3 VA=980000005ab00020 PA=05ab00020 line=01 hitv=00000010 ro=23450716 tag=05ab00 V=11111111 W=00000000 L=00000000
2585 Reg write t0=726b79cfc6392645
2586 icache  dca80000 load  hit           pol=3 VA=98000000405fea90 PA=0405fea90 line=54 hitv=00000010 ro=23456701 tag=0405fe V=00000011 L=00000000
2586 PC=0x98000000405fea90 [00000000405fea90]	fc8cffe0 sd     $t4,0xffffffe0($a0)
[va=9800000048200000 pa=0000000048200000]
2586 dcache  fc8cffe0 store hit           pol=3 VA=9800000048200000 PA=048200000 line=00 hitv=00001000 ro=56140723 tag=048200 V=11111111 W=00000000 L=00000000
2586 scache  fc8cffe0 store hit           pol=3 VA=9800000048200000 PA=048200000 line=000 hitv=1000 ro=0123 tag=02410 V=1111 W=1001 data=e46154c1f9b617c5 mask=11111111
2587 PC=0x98000000405fea94 [00000000405fea94]	fc89fff8 sd     $t1,0xfffffff8($a0)
[va=9800000048200018 pa=0000000048200018]
2587 dcache  fc89fff8 store hit           pol=3 VA=9800000048200018 PA=048200018 line=00 hitv=00001000 ro=56140723 tag=048200 V=11111111 W=00000000 L=00000000
2587 scache  fc89fff8 store hit           pol=3 VA=9800000048200018 PA=048200018 line=000 hitv=1000 ro=0123 tag=02410 V=1111 W=1001 data=3ad29762696ac838 mask=11111111
2588 PC=0x98000000405fea98 [00000000405fea98]	fc88fff0 sd     $t0,0xfffffff0($a0)
[va=9800000048200010 pa=0000000048200010]
2588 dcache  fc88fff0 store hit           pol=3 VA=9800000048200010 PA=048200010 line=00 hitv=00001000 ro=56140723 tag=048200 V=11111111 W=00000000 L=00000000
2588 scache  fc88fff0 store hit           pol=3 VA=9800000048200010 PA=048200010 line=000 hitv=1000 ro=0123 tag=02410 V=1111 W=1001 data=726b79cfc6392645 mask=11111111
2589 PC=0x98000000405fea9c [00000000405fea9c]	64c6ffff daddiu $a2,$a2,0xffff
2589 Reg write a2=0000000000000001
2590 icache  64c6ffff load  hit           pol=3 VA=98000000405feaa0 PA=0405feaa0 line=55 hitv=00000010 ro=23456701 tag=0405fe V=00000011 L=00000000
2590 PC=0x98000000405feaa0 [00000000405feaa0]	fc8affd0 sd     $t2,0xffffffd0($a0)
[va=98000000481ffff0 pa=00000000481ffff0]
2590 dcache  fc8affd0 store hit           pol=3 VA=98000000481ffff0 PA=0481ffff0 line=7f hitv=00100000 ro=01267345 tag=0481ff V=11111111 W=00000000 L=00000000
2590 scache  fc8affd0 store hit           pol=3 VA=98000000481ffff0 PA=0481ffff0 line=fff hitv=0010 ro=2301 tag=0240f V=1111 W=1010 data=ffffffffffffffff mask=11111111
2591 PC=0x98000000405feaa4 [00000000405feaa4]	64840040 daddiu $a0,$a0,0x40
2591 Reg write a0=9800000048200060
2592 PC=0x98000000405feaa8 [00000000405feaa8]	64a50040 daddiu $a1,$a1,0x40
2592 Reg write a1=980000005ab00060
2593 PC=0x98000000405feaac [00000000405feaac]	fc880000 sd     $t0,0x0($a0)
[va=9800000048200060 pa=0000000048200060]
2593 dcache  fc880000 store miss w/alloc  pol=3 VA=9800000048200060 PA=048200060 line=03 hitv=00000000 ro=01324567 tag=000000 V=11111111 W=00000000 L=00000000
2593 scache  fc880000 store miss w/alloc  pol=3 VA=9800000048200060 PA=048200060 line=003 hitv=0000 ro=2301 tag=00000 V=1111 W=1111 data=726b79cfc6392645 mask=11111111
2593 dmemacc: store 8 addr=041300060 data=837ceb6a54eede57 mask=11111111 cline 
2593 dmemacc: store 8 addr=041300068 data=eae55bd9d6b737a5 mask=11111111 cline 
2593 dmemacc: store 8 addr=041300070 data=0000000000000000 mask=11111111 cline 
2593 dmemacc: store 8 addr=041300078 data=23abf3a984eb2772 mask=11111111 cline 
2594 icache  fc880000 load  hit           pol=3 VA=98000000405feab0 PA=0405feab0 line=55 hitv=00000010 ro=23456701 tag=0405fe V=00000011 L=00000000
2594 PC=0x98000000405feab0 [00000000405feab0]	dca90008 ld     $t1,0x8($a1)
[va=980000005ab00068 pa=000000005ab00068]
2594 dcache  dca90008 load  miss refill   pol=3 VA=980000005ab00068 PA=05ab00068 line=03 hitv=00000000 ro=13245670 tag=000000 V=11111111 W=00000000 L=00000000
2594 scache  dca90008 load  miss refill   pol=3 VA=980000005ab00068 PA=05ab00060 line=003 hitv=0000 ro=3012 tag=00000 V=1111 W=1111
2594 dmemacc: store 8 addr=041700060 data=62b8a13fd449f653 mask=11111111 cline 
2594 dmemacc: store 8 addr=041700068 data=3d632b1a98695791 mask=11111111 cline 
2594 dmemacc: store 8 addr=041700070 data=511fbd7500000001 mask=11111111 cline 
2594 dmemacc: store 8 addr=041700078 data=000000007fffffff mask=11111111 cline 
2594 Reg write t1=590fd7c7bd3cb7a1
2595 PC=0x98000000405feab4 [00000000405feab4]	14c0ffed bne    $a2,$r0,0x98000000405fea6c
2596 PC=0x98000000405feab8 [00000000405feab8]	dcab0018 ld     $t3,0x18($a1)
[va=980000005ab00078 pa=000000005ab00078]
2596 dcache  dcab0018 load  hit           pol=3 VA=980000005ab00078 PA=05ab00078 line=03 hitv=00000010 ro=32456701 tag=05ab00 V=11111111 W=00000000 L=00000000
2596 Reg write t3=1e145eacba1f56e2
2597 icache  dcab0018 load  hit           pol=3 VA=98000000405fea6c PA=0405fea60 line=53 hitv=00000010 ro=23456701 tag=0405fe V=00000011 L=00000000
2597 PC=0x98000000405fea6c [00000000405fea6c]	dcaa0010 ld     $t2,0x10($a1)
[va=980000005ab00070 pa=000000005ab00070]
2597 dcache  dcaa0010 load  hit           pol=3 VA=980000005ab00070 PA=05ab00070 line=03 hitv=00000010 ro=32456701 tag=05ab00 V=11111111 W=00000000 L=00000000
2597 Reg write t2=c9f33fb43bfa3070
2598 icache  dcaa0010 load  hit           pol=3 VA=98000000405fea70 PA=0405fea70 line=53 hitv=00000010 ro=23456701 tag=0405fe V=00000011 L=00000000
2598 PC=0x98000000405fea70 [00000000405fea70]	dca90038 ld     $t1,0x38($a1)
[va=980000005ab00098 pa=000000005ab00098]
2598 dcache  dca90038 load  miss refill   pol=3 VA=980000005ab00098 PA=05ab00098 line=04 hitv=00000000 ro=45670312 tag=000000 V=11111111 W=00000000 L=00000000
2598 scache  dca90038 load  miss refill   pol=3 VA=980000005ab00098 PA=05ab00080 line=004 hitv=0000 ro=0312 tag=00000 V=1111 W=1101
2598 dmemacc: store 8 addr=04d200080 data=630a1b29b33dd987 mask=11111111 cline 
2598 dmemacc: store 8 addr=04d200088 data=905416c9e72f7c74 mask=11111111 cline 
2598 dmemacc: store 8 addr=04d200090 data=0000000000000001 mask=11111111 cline 
2598 dmemacc: store 8 addr=04d200098 data=b96d5a7c55739744 mask=11111111 cline 
2598 Reg write t1=76cd05efb3729331
2599 PC=0x98000000405fea74 [00000000405fea74]	dca80030 ld     $t0,0x30($a1)
[va=980000005ab00090 pa=000000005ab00090]
2599 dcache  dca80030 load  hit           pol=3 VA=980000005ab00090 PA=05ab00090 line=04 hitv=00010000 ro=56703124 tag=05ab00 V=11111111 W=00000000 L=00000000
2599 Reg write t0=ffffffffffffffff
2600 PC=0x98000000405fea78 [00000000405fea78]	fc890008 sd     $t1,0x8($a0)
[va=9800000048200068 pa=0000000048200068]
2600 dcache  fc890008 store hit           pol=3 VA=9800000048200068 PA=048200068 line=03 hitv=00000001 ro=32456701 tag=048200 V=11111111 W=00000000 L=00000000
2600 scache  fc890008 store hit           pol=3 VA=9800000048200068 PA=048200068 line=003 hitv=0100 ro=0123 tag=02410 V=1111 W=0111 data=76cd05efb3729331 mask=11111111
2601 PC=0x98000000405fea7c [00000000405fea7c]	dcaf0028 ld     $t7,0x28($a1)
[va=980000005ab00088 pa=000000005ab00088]
2601 dcache  dcaf0028 load  hit           pol=3 VA=980000005ab00088 PA=05ab00088 line=04 hitv=00010000 ro=56703124 tag=05ab00 V=11111111 W=00000000 L=00000000
2601 Reg write t7=290929dc7ba953dc
2602 icache  dcaf0028 load  hit           pol=3 VA=98000000405fea80 PA=0405fea80 line=54 hitv=00000010 ro=23456701 tag=0405fe V=00000011 L=00000000
2602 PC=0x98000000405fea80 [00000000405fea80]	fc8fffe8 sd     $t7,0xffffffe8($a0)
[va=9800000048200048 pa=0000000048200048]
2602 dcache  fc8fffe8 store miss w/alloc  pol=3 VA=9800000048200048 PA=048200048 line=02 hitv=00000000 ro=36270514 tag=000000 V=11111111 W=00000000 L=00000000
2602 scache  fc8fffe8 store miss w/alloc  pol=3 VA=9800000048200048 PA=048200048 line=002 hitv=0000 ro=3012 tag=00000 V=1111 W=1011 data=290929dc7ba953dc mask=11111111
2602 dmemacc: store 8 addr=041300040 data=b4c7b7efee3fdd99 mask=11111111 cline 
2602 dmemacc: store 8 addr=041300048 data=fffffff800000000 mask=11111111 cline 
2602 dmemacc: store 8 addr=041300050 data=1e702b7c118b58eb mask=11111111 cline 
2602 dmemacc: store 8 addr=041300058 data=7fffffffffffffff mask=11111111 cline 
2603 PC=0x98000000405fea84 [00000000405fea84]	dcac0020 ld     $t4,0x20($a1)
[va=980000005ab00080 pa=000000005ab00080]
2603 dcache  dcac0020 load  hit           pol=3 VA=980000005ab00080 PA=05ab00080 line=04 hitv=00010000 ro=56703124 tag=05ab00 V=11111111 W=00000000 L=00000000
2603 Reg write t4=7fb0da316c10ed42
2604 PC=0x98000000405fea88 [00000000405fea88]	fc8bffd8 sd     $t3,0xffffffd8($a0)
[va=9800000048200038 pa=0000000048200038]
2604 dcache  fc8bffd8 store hit           pol=3 VA=9800000048200038 PA=048200038 line=01 hitv=01000000 ro=23450761 tag=048200 V=11111111 W=00000000 L=00000000
2604 scache  fc8bffd8 store hit           pol=3 VA=9800000048200038 PA=048200038 line=001 hitv=0010 ro=3021 tag=02410 V=1111 W=1011 data=1e145eacba1f56e2 mask=11111111
2605 PC=0x98000000405fea8c [00000000405fea8c]	dca80000 ld     $t0,0x0($a1)
[va=980000005ab00060 pa=000000005ab00060]
2605 dcache  dca80000 load  hit           pol=3 VA=980000005ab00060 PA=05ab00060 line=03 hitv=00000010 ro=32456710 tag=05ab00 V=11111111 W=00000000 L=00000000
2605 Reg write t0=9aa513375af7ba43
2606 icache  dca80000 load  hit           pol=3 VA=98000000405fea90 PA=0405fea90 line=54 hitv=00000010 ro=23456701 tag=0405fe V=00000011 L=00000000
2606 PC=0x98000000405fea90 [00000000405fea90]	fc8cffe0 sd     $t4,0xffffffe0($a0)
[va=9800000048200040 pa=0000000048200040]
2606 dcache  fc8cffe0 store hit           pol=3 VA=9800000048200040 PA=048200040 line=02 hitv=00001000 ro=62705143 tag=048200 V=11111111 W=00000000 L=00000000
2606 scache  fc8cffe0 store hit           pol=3 VA=9800000048200040 PA=048200040 line=002 hitv=1000 ro=0123 tag=02410 V=1111 W=1011 data=7fb0da316c10ed42 mask=11111111
2607 PC=0x98000000405fea94 [00000000405fea94]	fc89fff8 sd     $t1,0xfffffff8($a0)
[va=9800000048200058 pa=0000000048200058]
2607 dcache  fc89fff8 store hit           pol=3 VA=9800000048200058 PA=048200058 line=02 hitv=00001000 ro=62705143 tag=048200 V=11111111 W=00000000 L=00000000
2607 scache  fc89fff8 store hit           pol=3 VA=9800000048200058 PA=048200058 line=002 hitv=1000 ro=0123 tag=02410 V=1111 W=1011 data=76cd05efb3729331 mask=11111111
2608 PC=0x98000000405fea98 [00000000405fea98]	fc88fff0 sd     $t0,0xfffffff0($a0)
[va=9800000048200050 pa=0000000048200050]
2608 dcache  fc88fff0 store hit           pol=3 VA=9800000048200050 PA=048200050 line=02 hitv=00001000 ro=62705143 tag=048200 V=11111111 W=00000000 L=00000000
2608 scache  fc88fff0 store hit           pol=3 VA=9800000048200050 PA=048200050 line=002 hitv=1000 ro=0123 tag=02410 V=1111 W=1011 data=9aa513375af7ba43 mask=11111111
2609 PC=0x98000000405fea9c [00000000405fea9c]	64c6ffff daddiu $a2,$a2,0xffff
2609 Reg write a2=0000000000000000
2610 icache  64c6ffff load  hit           pol=3 VA=98000000405feaa0 PA=0405feaa0 line=55 hitv=00000010 ro=23456701 tag=0405fe V=00000011 L=00000000
2610 PC=0x98000000405feaa0 [00000000405feaa0]	fc8affd0 sd     $t2,0xffffffd0($a0)
[va=9800000048200030 pa=0000000048200030]
2610 dcache  fc8affd0 store hit           pol=3 VA=9800000048200030 PA=048200030 line=01 hitv=01000000 ro=23450716 tag=048200 V=11111111 W=00000000 L=00000000
2610 scache  fc8affd0 store hit           pol=3 VA=9800000048200030 PA=048200030 line=001 hitv=0010 ro=3021 tag=02410 V=1111 W=1011 data=c9f33fb43bfa3070 mask=11111111
2611 PC=0x98000000405feaa4 [00000000405feaa4]	64840040 daddiu $a0,$a0,0x40
2611 Reg write a0=98000000482000a0
2612 PC=0x98000000405feaa8 [00000000405feaa8]	64a50040 daddiu $a1,$a1,0x40
2612 Reg write a1=980000005ab000a0
2613 PC=0x98000000405feaac [00000000405feaac]	fc880000 sd     $t0,0x0($a0)
[va=98000000482000a0 pa=00000000482000a0]
2613 dcache  fc880000 store miss w/alloc  pol=3 VA=98000000482000a0 PA=0482000a0 line=05 hitv=00000000 ro=12346750 tag=000000 V=11111111 W=00000000 L=00000000
2613 scache  fc880000 store miss w/alloc  pol=3 VA=98000000482000a0 PA=0482000a0 line=005 hitv=0000 ro=3102 tag=00000 V=1111 W=1101 data=9aa513375af7ba43 mask=11111111
2613 dmemacc: store 8 addr=0502000a0 data=a1ea608b425cf5e5 mask=11111111 cline 
2613 dmemacc: store 8 addr=0502000a8 data=0d7ba65b0b2d83b1 mask=11111111 cline 
2613 dmemacc: store 8 addr=0502000b0 data=000000648d1f0bb5 mask=11111111 cline 
2613 dmemacc: store 8 addr=0502000b8 data=ff8fbb49906495f7 mask=11111111 cline 
2614 icache  fc880000 load  hit           pol=3 VA=98000000405feab0 PA=0405feab0 line=55 hitv=00000010 ro=23456701 tag=0405fe V=00000011 L=00000000
2614 PC=0x98000000405feab0 [00000000405feab0]	dca90008 ld     $t1,0x8($a1)
[va=980000005ab000a8 pa=000000005ab000a8]
2614 dcache  dca90008 load  miss refill   pol=3 VA=980000005ab000a8 PA=05ab000a8 line=05 hitv=00000000 ro=23467501 tag=000000 V=11111111 W=00000000 L=00000000
2614 scache  dca90008 load  miss refill   pol=3 VA=980000005ab000a8 PA=05ab000a0 line=005 hitv=0000 ro=1023 tag=00000 V=1111 W=1101
2614 Reg write t1=95d267fbd8536cba
2615 PC=0x98000000405feab4 [00000000405feab4]	14c0ffed bne    $a2,$r0,0x98000000405fea6c
2616 PC=0x98000000405feab8 [00000000405feab8]	dcab0018 ld     $t3,0x18($a1)
[va=980000005ab000b8 pa=000000005ab000b8]
2616 dcache  dcab0018 load  hit           pol=3 VA=980000005ab000b8 PA=05ab000b8 line=05 hitv=00000100 ro=34675012 tag=05ab00 V=11111111 W=00000000 L=00000000
2616 Reg write t3=52aa4a4b03ad47f4
2617 PC=0x98000000405feabc [00000000405feabc]	00000000 nop
2618 icache  00000000 load  miss refill   pol=3 VA=98000000405feac0 PA=0405feac0 line=56 hitv=00000000 ro=12345670 tag=000000 V=00000001 L=00000000
2618 PC=0x98000000405feac0 [00000000405feac0]	34090013 ori    $t1,$r0,0x13
2618 Reg write t1=0000000000000013
2619 PC=0x98000000405feac4 [00000000405feac4]	00094efc dsll32 $t1,$t1,27
2619 Reg write t1=9800000000000000
2620 PC=0x98000000405feac8 [00000000405feac8]	3529a1c0 ori    $t1,$t1,0xa1c0
2620 Reg write t1=980000000000a1c0
2621 PC=0x98000000405feacc [00000000405feacc]	0120f809 jalr   $ra,$t1
2621 Reg write ra=98000000405fead4
2622 icache  0120f809 load  hit           pol=3 VA=98000000405fead0 PA=0405fead0 line=56 hitv=00000010 ro=23456701 tag=0405fe V=00000011 L=00000000
2622 PC=0x98000000405fead0 [00000000405fead0]	00000000 nop
2623 icache  00000000 load  miss refill   pol=3 VA=980000000000a1c0 PA=00000a1c0 line=0e hitv=00000000 ro=23456701 tag=000000 V=00000011 L=00000000
2623 PC=0x980000000000a1c0 [000000000000a1c0]	fc7b0110 sd     $k1,0x110($v1)
[va=9800000050500040 pa=0000000050500040]
2623 dcache  fc7b0110 store hit           pol=3 VA=9800000050500040 PA=050500040 line=02 hitv=00000010 ro=62705143 tag=050500 V=11111111 W=00000000 L=00000000
2623 scache  fc7b0110 store hit           pol=3 VA=9800000050500040 PA=050500040 line=002 hitv=0010 ro=0123 tag=02828 V=1111 W=1011 data=ffffffffffffff80 mask=11111111
2624 PC=0x980000000000a1c4 [000000000000a1c4]	d47300b0 ldc1   f19,0xb0($v1)
[va=98000000504fffe0 pa=00000000504fffe0]
2624 dcache  d47300b0 load  miss refill   pol=3 VA=98000000504fffe0 PA=0504fffe0 line=7f hitv=00000000 ro=01267345 tag=000000 V=11111111 W=00000000 L=00000000
2624 scache  d47300b0 load  miss refill   pol=3 VA=98000000504fffe0 PA=0504fffe0 line=fff hitv=0000 ro=2301 tag=00000 V=1111 W=1010
2624 Reg write f[19]=0000000000000001  FCSR(fcr31)=6e000000
2625 PC=0x980000000000a1c8 [000000000000a1c8]	fc730150 sd     $s3,0x150($v1)
[va=9800000050500080 pa=0000000050500080]
2625 dcache  fc730150 store hit           pol=3 VA=9800000050500080 PA=050500080 line=04 hitv=00001000 ro=56703124 tag=050500 V=11111111 W=00000000 L=00000000
2625 scache  fc730150 store miss wo/alloc pol=3 VA=9800000050500080 PA=050500080 line=004 hitv=0000 ro=3120 tag=00000 V=1111 W=1100 data=9800000041af86c6 mask=11111111
2625 dmemacc: store 8 addr=050500080 data=9800000041af86c6 mask=11111111 
2626 PC=0x980000000000a1cc [000000000000a1cc]	fc7100a0 sd     $s1,0xa0($v1)
[va=98000000504fffd0 pa=00000000504fffd0]
2626 dcache  fc7100a0 store miss w/alloc  pol=3 VA=98000000504fffd0 PA=0504fffd0 line=7e hitv=00000000 ro=12356074 tag=000000 V=11111111 W=00000000 L=00000000
2626 scache  fc7100a0 store miss w/alloc  pol=3 VA=98000000504fffd0 PA=0504fffd0 line=ffe hitv=0000 ro=1203 tag=00000 V=1111 W=1100 data=0264b6dd07f9500a mask=11111111
2627 icache  fc7100a0 load  hit           pol=3 VA=980000000000a1d0 PA=00000a1d0 line=0e hitv=00000100 ro=34567012 tag=00000a V=00000111 L=00000000
2627 PC=0x980000000000a1d0 [000000000000a1d0]	fc6802a8 sd     $t0,0x2a8($v1)
[va=98000000505001d8 pa=00000000505001d8]
2627 dcache  fc6802a8 store hit           pol=3 VA=98000000505001d8 PA=0505001d8 line=0e hitv=00010000 ro=02156437 tag=050500 V=11111111 W=00000000 L=00000000
2627 scache  fc6802a8 store hit           pol=3 VA=98000000505001d8 PA=0505001d8 line=00e hitv=1000 ro=1320 tag=02828 V=1111 W=1111 data=9aa513375af7ba43 mask=11111111
2628 PC=0x980000000000a1d4 [000000000000a1d4]	fc6f0090 sd     $t7,0x90($v1)
[va=98000000504fffc0 pa=00000000504fffc0]
2628 dcache  fc6f0090 store hit           pol=3 VA=98000000504fffc0 PA=0504fffc0 line=7e hitv=00000010 ro=23560741 tag=0504ff V=11111111 W=00000000 L=00000000
2628 scache  fc6f0090 store hit           pol=3 VA=98000000504fffc0 PA=0504fffc0 line=ffe hitv=0010 ro=2031 tag=02827 V=1111 W=1110 data=290929dc7ba953dc mask=11111111
2629 PC=0x980000000000a1d8 [000000000000a1d8]	00000000 nop
2630 PC=0x980000000000a1dc [000000000000a1dc]	03e00008 jr     $ra
2631 icache  03e00008 load  miss refill   pol=3 VA=980000000000a1e0 PA=00000a1e0 line=0f hitv=00000000 ro=23456701 tag=000000 V=00000011 L=00000000
2631 PC=0x980000000000a1e0 [000000000000a1e0]	d46e0188 ldc1   f14,0x188($v1)
[va=98000000505000b8 pa=00000000505000b8]
2631 dcache  d46e0188 load  hit           pol=3 VA=98000000505000b8 PA=0505000b8 line=05 hitv=00100000 ro=34675012 tag=050500 V=11111111 W=00000000 L=00000000
2631 Reg write f[14]=0000000000000001  FCSR(fcr31)=6e000000
2632 icache  d46e0188 load  hit           pol=3 VA=98000000405fead4 PA=0405fead0 line=56 hitv=00000010 ro=23456701 tag=0405fe V=00000011 L=00000000
2632 PC=0x98000000405fead4 [00000000405fead4]	3c089800 lui    $t0,0x9800
2632 Reg write t0=ffffffff98000000
2633 PC=0x98000000405fead8 [00000000405fead8]	00084438 dsll   $t0,$t0,16
2633 Reg write t0=ffff980000000000
2634 PC=0x98000000405feadc [00000000405feadc]	35085420 ori    $t0,$t0,0x5420
2634 Reg write t0=ffff980000005420
2635 icache  35085420 load  miss refill   pol=3 VA=98000000405feae0 PA=0405feae0 line=57 hitv=00000000 ro=12345670 tag=000000 V=00000001 L=00000000
2635 PC=0x98000000405feae0 [00000000405feae0]	00084438 dsll   $t0,$t0,16
2635 Reg write t0=9800000054200000
2636 PC=0x98000000405feae4 [00000000405feae4]	35080030 ori    $t0,$t0,0x30
2636 Reg write t0=9800000054200030
2637 PC=0x98000000405feae8 [00000000405feae8]	240a0007 addiu  $t2,$r0,0x7
2637 Reg write t2=0000000000000007
2638 PC=0x98000000405feaec [00000000405feaec]	a50bfff0 sh     $t3,0xfffffff0($t0)
[va=9800000054200020 pa=0000000054200020]
2638 dcache  a50bfff0 store miss w/alloc  pol=3 VA=9800000054200020 PA=054200020 line=01 hitv=00000000 ro=23450716 tag=000000 V=11111111 W=00000000 L=00000000
2638 scache  a50bfff0 store miss w/alloc  pol=3 VA=9800000054200020 PA=054200020 line=001 hitv=0000 ro=3021 tag=00000 V=1111 W=1011 data=47f4000000000000 mask=11000000
2638 dmemacc: store 8 addr=041300020 data=2f541708d0d408d8 mask=11111111 cline 
2638 dmemacc: store 8 addr=041300028 data=8f9ff0810f11382f mask=11111111 cline 
2638 dmemacc: store 8 addr=041300030 data=9eea3e20f9496b5f mask=11111111 cline 
2638 dmemacc: store 8 addr=041300038 data=142a590848020f58 mask=11111111 cline 
2639 icache  a50bfff0 load  hit           pol=3 VA=98000000405feaf0 PA=0405feaf0 line=57 hitv=00000010 ro=23456701 tag=0405fe V=00000011 L=00000000
2639 PC=0x98000000405feaf0 [00000000405feaf0]	254affff addiu  $t2,$t2,0xffff
2639 Reg write t2=0000000000000006
2640 PC=0x98000000405feaf4 [00000000405feaf4]	1540fffd bne    $t2,$r0,0x98000000405feaec
2641 PC=0x98000000405feaf8 [00000000405feaf8]	6508fff0 daddiu $t0,$t0,0xfff0
2641 Reg write t0=9800000054200020
2642 icache  6508fff0 load  hit           pol=3 VA=98000000405feaec PA=0405feae0 line=57 hitv=00000010 ro=23456701 tag=0405fe V=00000011 L=00000000
2642 PC=0x98000000405feaec [00000000405feaec]	a50bfff0 sh     $t3,0xfffffff0($t0)
[va=9800000054200010 pa=0000000054200010]
2642 dcache  a50bfff0 store miss w/alloc  pol=3 VA=9800000054200010 PA=054200010 line=00 hitv=00000000 ro=56140723 tag=000000 V=11111111 W=00000000 L=00000000
2642 scache  a50bfff0 store miss w/alloc  pol=3 VA=9800000054200010 PA=054200010 line=000 hitv=0000 ro=0123 tag=00000 V=1111 W=1001 data=47f4000000000000 mask=11000000
2642 dmemacc: store 8 addr=055600000 data=7fffffffffffffff mask=11111111 cline 
2642 dmemacc: store 8 addr=055600008 data=ffffffffffffffff mask=11111111 cline 
2642 dmemacc: store 8 addr=055600010 data=5555555555555555 mask=11111111 cline 
2642 dmemacc: store 8 addr=055600018 data=67f77cf7e791e354 mask=11111111 cline 
2643 icache  a50bfff0 load  hit           pol=3 VA=98000000405feaf0 PA=0405feaf0 line=57 hitv=00000010 ro=23456701 tag=0405fe V=00000011 L=00000000
2643 PC=0x98000000405feaf0 [00000000405feaf0]	254affff addiu  $t2,$t2,0xffff
2643 Reg write t2=0000000000000005
2644 PC=0x98000000405feaf4 [00000000405feaf4]	1540fffd bne    $t2,$r0,0x98000000405feaec
2645 PC=0x98000000405feaf8 [00000000405feaf8]	6508fff0 daddiu $t0,$t0,0xfff0
2645 Reg write t0=9800000054200010
2646 icache  6508fff0 load  hit           pol=3 VA=98000000405feaec PA=0405feae0 line=57 hitv=00000010 ro=23456701 tag=0405fe V=00000011 L=00000000
2646 PC=0x98000000405feaec [00000000405feaec]	a50bfff0 sh     $t3,0xfffffff0($t0)
[va=9800000054200000 pa=0000000054200000]
2646 dcache  a50bfff0 store hit           pol=3 VA=9800000054200000 PA=054200000 line=00 hitv=00100000 ro=61407235 tag=054200 V=11111111 W=00000000 L=00000000
2646 scache  a50bfff0 store hit           pol=3 VA=9800000054200000 PA=054200000 line=000 hitv=0001 ro=1230 tag=02a10 V=1111 W=1001 data=47f4000000000000 mask=11000000
2647 icache  a50bfff0 load  hit           pol=3 VA=98000000405feaf0 PA=0405feaf0 line=57 hitv=00000010 ro=23456701 tag=0405fe V=00000011 L=00000000
2647 PC=0x98000000405feaf0 [00000000405feaf0]	254affff addiu  $t2,$t2,0xffff
2647 Reg write t2=0000000000000004
2648 PC=0x98000000405feaf4 [00000000405feaf4]	1540fffd bne    $t2,$r0,0x98000000405feaec
2649 PC=0x98000000405feaf8 [00000000405feaf8]	6508fff0 daddiu $t0,$t0,0xfff0
2649 Reg write t0=9800000054200000
2650 icache  6508fff0 load  hit           pol=3 VA=98000000405feaec PA=0405feae0 line=57 hitv=00000010 ro=23456701 tag=0405fe V=00000011 L=00000000
2650 PC=0x98000000405feaec [00000000405feaec]	a50bfff0 sh     $t3,0xfffffff0($t0)
[va=98000000541ffff0 pa=00000000541ffff0]
2650 dcache  a50bfff0 store miss w/alloc  pol=3 VA=98000000541ffff0 PA=0541ffff0 line=7f hitv=00000000 ro=12673450 tag=000000 V=11111111 W=00000000 L=00000000
2650 scache  a50bfff0 store miss w/alloc  pol=3 VA=98000000541ffff0 PA=0541ffff0 line=fff hitv=0000 ro=3012 tag=00000 V=1111 W=1010 data=47f4000000000000 mask=11000000
2650 dmemacc: store 8 addr=0555fffe0 data=d29455af864ca594 mask=11111111 cline 
2650 dmemacc: store 8 addr=0555fffe8 data=8ae8febb6fa2f68d mask=11111111 cline 
2650 dmemacc: store 8 addr=0555ffff0 data=39dfaeef30e506d9 mask=11111111 cline 
2650 dmemacc: store 8 addr=0555ffff8 data=b007230534ba850a mask=11111111 cline 
2651 icache  a50bfff0 load  hit           pol=3 VA=98000000405feaf0 PA=0405feaf0 line=57 hitv=00000010 ro=23456701 tag=0405fe V=00000011 L=00000000
2651 PC=0x98000000405feaf0 [00000000405feaf0]	254affff addiu  $t2,$t2,0xffff
2651 Reg write t2=0000000000000003
2652 PC=0x98000000405feaf4 [00000000405feaf4]	1540fffd bne    $t2,$r0,0x98000000405feaec
2653 PC=0x98000000405feaf8 [00000000405feaf8]	6508fff0 daddiu $t0,$t0,0xfff0
2653 Reg write t0=98000000541ffff0
2654 icache  6508fff0 load  hit           pol=3 VA=98000000405feaec PA=0405feae0 line=57 hitv=00000010 ro=23456701 tag=0405fe V=00000011 L=00000000
2654 PC=0x98000000405feaec [00000000405feaec]	a50bfff0 sh     $t3,0xfffffff0($t0)
[va=98000000541fffe0 pa=00000000541fffe0]
2654 dcache  a50bfff0 store hit           pol=3 VA=98000000541fffe0 PA=0541fffe0 line=7f hitv=00000010 ro=26734501 tag=0541ff V=11111111 W=00000000 L=00000000
2654 scache  a50bfff0 store hit           pol=3 VA=98000000541fffe0 PA=0541fffe0 line=fff hitv=1000 ro=0123 tag=02a0f V=1111 W=1010 data=47f4000000000000 mask=11000000
2655 icache  a50bfff0 load  hit           pol=3 VA=98000000405feaf0 PA=0405feaf0 line=57 hitv=00000010 ro=23456701 tag=0405fe V=00000011 L=00000000
2655 PC=0x98000000405feaf0 [00000000405feaf0]	254affff addiu  $t2,$t2,0xffff
2655 Reg write t2=0000000000000002
2656 PC=0x98000000405feaf4 [00000000405feaf4]	1540fffd bne    $t2,$r0,0x98000000405feaec
2657 PC=0x98000000405feaf8 [00000000405feaf8]	6508fff0 daddiu $t0,$t0,0xfff0
2657 Reg write t0=98000000541fffe0
2658 icache  6508fff0 load  hit           pol=3 VA=98000000405feaec PA=0405feae0 line=57 hitv=00000010 ro=23456701 tag=0405fe V=00000011 L=00000000
2658 PC=0x98000000405feaec [00000000405feaec]	a50bfff0 sh     $t3,0xfffffff0($t0)
[va=98000000541fffd0 pa=00000000541fffd0]
2658 dcache  a50bfff0 store miss w/alloc  pol=3 VA=98000000541fffd0 PA=0541fffd0 line=7e hitv=00000000 ro=23560741 tag=000000 V=11111111 W=00000000 L=00000000
2658 scache  a50bfff0 store miss w/alloc  pol=3 VA=98000000541fffd0 PA=0541fffd0 line=ffe hitv=0000 ro=2031 tag=00000 V=1111 W=1110 data=47f4000000000000 mask=11000000
2658 dmemacc: store 8 addr=0555fffc0 data=0000000000000001 mask=11111111 cline 
2658 dmemacc: store 8 addr=0555fffc8 data=c7baf541170e8c39 mask=11111111 cline 
2658 dmemacc: store 8 addr=0555fffd0 data=d29455af864ca594 mask=11111111 cline 
2658 dmemacc: store 8 addr=0555fffd8 data=8ae8febb6fa2f68d mask=11111111 cline 
2659 icache  a50bfff0 load  hit           pol=3 VA=98000000405feaf0 PA=0405feaf0 line=57 hitv=00000010 ro=23456701 tag=0405fe V=00000011 L=00000000
2659 PC=0x98000000405feaf0 [00000000405feaf0]	254affff addiu  $t2,$t2,0xffff
2659 Reg write t2=0000000000000001
2660 PC=0x98000000405feaf4 [00000000405feaf4]	1540fffd bne    $t2,$r0,0x98000000405feaec
2661 PC=0x98000000405feaf8 [00000000405feaf8]	6508fff0 daddiu $t0,$t0,0xfff0
2661 Reg write t0=98000000541fffd0
2662 icache  6508fff0 load  hit           pol=3 VA=98000000405feaec PA=0405feae0 line=57 hitv=00000010 ro=23456701 tag=0405fe V=00000011 L=00000000
2662 PC=0x98000000405feaec [00000000405feaec]	a50bfff0 sh     $t3,0xfffffff0($t0)
[va=98000000541fffc0 pa=00000000541fffc0]
2662 dcache  a50bfff0 store hit           pol=3 VA=98000000541fffc0 PA=0541fffc0 line=7e hitv=00000100 ro=35607412 tag=0541ff V=11111111 W=00000000 L=00000000
2662 scache  a50bfff0 store hit           pol=3 VA=98000000541fffc0 PA=0541fffc0 line=ffe hitv=0100 ro=0312 tag=02a0f V=1111 W=1110 data=47f4000000000000 mask=11000000
2663 icache  a50bfff0 load  hit           pol=3 VA=98000000405feaf0 PA=0405feaf0 line=57 hitv=00000010 ro=23456701 tag=0405fe V=00000011 L=00000000
2663 PC=0x98000000405feaf0 [00000000405feaf0]	254affff addiu  $t2,$t2,0xffff
2663 Reg write t2=0000000000000000
2664 PC=0x98000000405feaf4 [00000000405feaf4]	1540fffd bne    $t2,$r0,0x98000000405feaec
2665 PC=0x98000000405feaf8 [00000000405feaf8]	6508fff0 daddiu $t0,$t0,0xfff0
2665 Reg write t0=98000000541fffc0
2666 PC=0x98000000405feafc [00000000405feafc]	3c0d9800 lui    $t5,0x9800
2666 Reg write t5=ffffffff98000000
2667 icache  3c0d9800 load  miss refill   pol=3 VA=98000000405feb00 PA=0405feb00 line=58 hitv=00000000 ro=12345670 tag=000000 V=00000001 L=00000000
2667 PC=0x98000000405feb00 [00000000405feb00]	000d6c38 dsll   $t5,$t5,16
2667 Reg write t5=ffff980000000000
2668 PC=0x98000000405feb04 [00000000405feb04]	35ad517f ori    $t5,$t5,0x517f
2668 Reg write t5=ffff98000000517f
2669 PC=0x98000000405feb08 [00000000405feb08]	000d6c38 dsll   $t5,$t5,16
2669 Reg write t5=98000000517f0000
2670 PC=0x98000000405feb0c [00000000405feb0c]	35adb4e3 ori    $t5,$t5,0xb4e3
2670 Reg write t5=98000000517fb4e3
2671 icache  35adb4e3 load  hit           pol=3 VA=98000000405feb10 PA=0405feb10 line=58 hitv=00000010 ro=23456701 tag=0405fe V=00000011 L=00000000
2671 PC=0x98000000405feb10 [00000000405feb10]	85aa4a2f lh     $t2,0x4a2f($t5)
[va=98000000517fff12 pa=00000000517fff12]
2671 dcache  85aa4a2f load  miss refill   pol=3 VA=98000000517fff12 PA=0517fff10 line=78 hitv=00000000 ro=03547612 tag=000000 V=11111111 W=00000000 L=00000000
2671 scache  85aa4a2f load  miss refill   pol=3 VA=98000000517fff12 PA=0517fff00 line=ff8 hitv=0000 ro=3012 tag=00000 V=1111 W=0101
2671 Reg write t2=0000000000000f0f
2672 PC=0x98000000405feb14 [00000000405feb14]	3c0a9800 lui    $t2,0x9800
2672 Reg write t2=ffffffff98000000
2673 PC=0x98000000405feb18 [00000000405feb18]	000a5438 dsll   $t2,$t2,16
2673 Reg write t2=ffff980000000000
2674 PC=0x98000000405feb1c [00000000405feb1c]	354a4027 ori    $t2,$t2,0x4027
2674 Reg write t2=ffff980000004027
2675 icache  354a4027 load  miss refill   pol=3 VA=98000000405feb20 PA=0405feb20 line=59 hitv=00000000 ro=12345670 tag=000000 V=00000001 L=00000000
2675 PC=0x98000000405feb20 [00000000405feb20]	000a5438 dsll   $t2,$t2,16
2675 Reg write t2=9800000040270000
2676 PC=0x98000000405feb24 [00000000405feb24]	354aac0c ori    $t2,$t2,0xac0c
2676 Reg write t2=980000004027ac0c
2677 PC=0x98000000405feb28 [00000000405feb28]	8146530d lb     $a2,0x530d($t2)
[va=980000004027ff19 pa=000000004027ff19]
2677 dcache  8146530d load  miss refill   pol=3 VA=980000004027ff19 PA=04027ff18 line=78 hitv=00000000 ro=35476120 tag=000000 V=11111111 W=00000000 L=00000000
2677 scache  8146530d load  miss refill   pol=3 VA=980000004027ff19 PA=04027ff00 line=ff8 hitv=0000 ro=0123 tag=00000 V=1111 W=0101
2677 dmemacc: store 8 addr=0431fff00 data=0000000000000001 mask=11111111 cline 
2677 dmemacc: store 8 addr=0431fff08 data=0264b6dd417014f1 mask=11111111 cline 
2677 dmemacc: store 8 addr=0431fff10 data=648a7b976216878c mask=11111111 cline 
2677 dmemacc: store 8 addr=0431fff18 data=fa1118e67c0bab51 mask=11111111 cline 
2677 Reg write a2=ffffffffffffff98
2678 PC=0x98000000405feb2c [00000000405feb2c]	3c029800 lui    $v0,0x9800
2678 Reg write v0=ffffffff98000000
2679 icache  3c029800 load  hit           pol=3 VA=98000000405feb30 PA=0405feb30 line=59 hitv=00000010 ro=23456701 tag=0405fe V=00000011 L=00000000
2679 PC=0x98000000405feb30 [00000000405feb30]	00021438 dsll   $v0,$v0,16
2679 Reg write v0=ffff980000000000
2680 PC=0x98000000405feb34 [00000000405feb34]	3442515f ori    $v0,$v0,0x515f
2680 Reg write v0=ffff98000000515f
2681 PC=0x98000000405feb38 [00000000405feb38]	00021438 dsll   $v0,$v0,16
2681 Reg write v0=98000000515f0000
2682 PC=0x98000000405feb3c [00000000405feb3c]	3442cbea ori    $v0,$v0,0xcbea
2682 Reg write v0=98000000515fcbea
2683 icache  3442cbea load  miss refill   pol=3 VA=98000000405feb40 PA=0405feb40 line=5a hitv=00000000 ro=12345670 tag=000000 V=00000001 L=00000000
2683 PC=0x98000000405feb40 [00000000405feb40]	fc423516 sd     $v0,0x3516($v0)
[va=9800000051600100 pa=0000000051600100]
2683 dcache  fc423516 store miss w/alloc  pol=3 VA=9800000051600100 PA=051600100 line=08 hitv=00000000 ro=56701324 tag=000000 V=11111111 W=00000000 L=00000000
2683 scache  fc423516 store miss w/alloc  pol=3 VA=9800000051600100 PA=051600100 line=008 hitv=0000 ro=3012 tag=00000 V=1111 W=1110 data=98000000515fcbea mask=11111111
2683 dmemacc: store 8 addr=04ab00100 data=10fc49db75773d72 mask=11111111 cline 
2683 dmemacc: store 8 addr=04ab00108 data=0000000000000001 mask=11111111 cline 
2683 dmemacc: store 8 addr=04ab00110 data=62f7534ef199c2d5 mask=11111111 cline 
2683 dmemacc: store 8 addr=04ab00118 data=6cb2d44db9dd6244 mask=11111111 cline 
2684 PC=0x98000000405feb44 [00000000405feb44]	3c0d9800 lui    $t5,0x9800
2684 Reg write t5=ffffffff98000000
2685 PC=0x98000000405feb48 [00000000405feb48]	000d6c38 dsll   $t5,$t5,16
2685 Reg write t5=ffff980000000000
2686 PC=0x98000000405feb4c [00000000405feb4c]	35ad515f ori    $t5,$t5,0x515f
2686 Reg write t5=ffff98000000515f
2687 icache  35ad515f load  hit           pol=3 VA=98000000405feb50 PA=0405feb50 line=5a hitv=00000010 ro=23456701 tag=0405fe V=00000011 L=00000000
2687 PC=0x98000000405feb50 [00000000405feb50]	000d6c38 dsll   $t5,$t5,16
2687 Reg write t5=98000000515f0000
2688 PC=0x98000000405feb54 [00000000405feb54]	35add3c6 ori    $t5,$t5,0xd3c6
2688 Reg write t5=98000000515fd3c6
2689 PC=0x98000000405feb58 [00000000405feb58]	ada02d42 sw     $r0,0x2d42($t5)
[va=9800000051600108 pa=0000000051600108]
2689 dcache  ada02d42 store hit           pol=3 VA=9800000051600108 PA=051600108 line=08 hitv=00100000 ro=67013245 tag=051600 V=11111111 W=00000000 L=00000000
2689 scache  ada02d42 store hit           pol=3 VA=9800000051600108 PA=051600108 line=008 hitv=1000 ro=0123 tag=028b0 V=1111 W=1110 data=0000000000000000 mask=11110000
2690 PC=0x98000000405feb5c [00000000405feb5c]	3c069800 lui    $a2,0x9800
2690 Reg write a2=ffffffff98000000
2691 icache  3c069800 load  miss refill   pol=3 VA=98000000405feb60 PA=0405feb60 line=5b hitv=00000000 ro=12345670 tag=000000 V=00000001 L=00000000
2691 PC=0x98000000405feb60 [00000000405feb60]	00063438 dsll   $a2,$a2,16
2691 Reg write a2=ffff980000000000
2692 PC=0x98000000405feb64 [00000000405feb64]	34c6515f ori    $a2,$a2,0x515f
2692 Reg write a2=ffff98000000515f
2693 PC=0x98000000405feb68 [00000000405feb68]	00063438 dsll   $a2,$a2,16
2693 Reg write a2=98000000515f0000
2694 PC=0x98000000405feb6c [00000000405feb6c]	34c6d49b ori    $a2,$a2,0xd49b
2694 Reg write a2=98000000515fd49b
2695 icache  34c6d49b load  hit           pol=3 VA=98000000405feb70 PA=0405feb70 line=5b hitv=00000010 ro=23456701 tag=0405fe V=00000011 L=00000000
2695 PC=0x98000000405feb70 [00000000405feb70]	84c62c7d lh     $a2,0x2c7d($a2)
[va=9800000051600118 pa=0000000051600118]
2695 dcache  84c62c7d load  hit           pol=3 VA=9800000051600118 PA=051600118 line=08 hitv=00100000 ro=67013245 tag=051600 V=11111111 W=00000000 L=00000000
2695 Reg write a2=0000000000002fe6
2696 PC=0x98000000405feb74 [00000000405feb74]	340b0013 ori    $t3,$r0,0x13
2696 Reg write t3=0000000000000013
2697 PC=0x98000000405feb78 [00000000405feb78]	000b5efc dsll32 $t3,$t3,27
2697 Reg write t3=9800000000000000
2698 PC=0x98000000405feb7c [00000000405feb7c]	356b91cc ori    $t3,$t3,0x91cc
2698 Reg write t3=98000000000091cc
2699 icache  356b91cc load  miss refill   pol=3 VA=98000000405feb80 PA=0405feb80 line=5c hitv=00000000 ro=12345670 tag=000000 V=00000001 L=00000000
2699 PC=0x98000000405feb80 [00000000405feb80]	0160f809 jalr   $ra,$t3
2699 Reg write ra=98000000405feb88
2700 PC=0x98000000405feb84 [00000000405feb84]	3c179800 lui    $s7,0x9800
2700 Reg write s7=ffffffff98000000
2701 icache  3c179800 load  miss refill   pol=3 VA=98000000000091cc PA=0000091c0 line=0e hitv=00000000 ro=34567012 tag=000000 V=00000111 L=00000000
2701 PC=0x98000000000091cc [00000000000091cc]	d4740248 ldc1   f20,0x248($v1)
[va=9800000050500178 pa=0000000050500178]
2701 dcache  d4740248 load  hit           pol=3 VA=9800000050500178 PA=050500178 line=0b hitv=00000100 ro=70143265 tag=050500 V=01111111 W=00000000 L=00000000
2701 Reg write f[20]=ffffffffffffffff  FCSR(fcr31)=6e000000
2702 icache  d4740248 load  hit           pol=3 VA=98000000000091d0 PA=0000091d0 line=0e hitv=00001000 ro=45670123 tag=000009 V=00001111 L=00000000
2702 PC=0x98000000000091d0 [00000000000091d0]	d4710160 ldc1   f17,0x160($v1)
[va=9800000050500090 pa=0000000050500090]
2702 dcache  d4710160 load  hit           pol=3 VA=9800000050500090 PA=050500090 line=04 hitv=00001000 ro=56701243 tag=050500 V=11111111 W=00000000 L=00000000
2702 Reg write f[17]=9800000041af95ce  FCSR(fcr31)=6e000000
2703 PC=0x98000000000091d4 [00000000000091d4]	fc670050 sd     $a3,0x50($v1)
[va=98000000504fff80 pa=00000000504fff80]
2703 dcache  fc670050 store hit           pol=3 VA=98000000504fff80 PA=0504fff80 line=7c hitv=01000000 ro=56423107 tag=0504ff V=11111111 W=00000000 L=00000000
2703 scache  fc670050 store miss wo/alloc pol=3 VA=98000000504fff80 PA=0504fff80 line=ffc hitv=0000 ro=3201 tag=00000 V=1111 W=1110 data=98000000431fe423 mask=11111111
2703 dmemacc: store 8 addr=0504fff80 data=98000000431fe423 mask=11111111 
2704 PC=0x98000000000091d8 [00000000000091d8]	00000000 nop
2705 PC=0x98000000000091dc [00000000000091dc]	03e00008 jr     $ra
2706 icache  03e00008 load  miss refill   pol=3 VA=98000000000091e0 PA=0000091e0 line=0f hitv=00000000 ro=34567012 tag=000000 V=00000111 L=00000000
2706 PC=0x98000000000091e0 [00000000000091e0]	fc6101e0 sd     $r1,0x1e0($v1)
[va=9800000050500110 pa=0000000050500110]
2706 dcache  fc6101e0 store hit           pol=3 VA=9800000050500110 PA=050500110 line=08 hitv=00010000 ro=67013245 tag=050500 V=11111111 W=00000000 L=00000000
2706 scache  fc6101e0 store miss wo/alloc pol=3 VA=9800000050500110 PA=050500110 line=008 hitv=0000 ro=0123 tag=00000 V=1111 W=1110 data=98000000431feb7e mask=11111111
2706 dmemacc: store 8 addr=050500110 data=98000000431feb7e mask=11111111 
2707 icache  fc6101e0 load  hit           pol=3 VA=98000000405feb88 PA=0405feb80 line=5c hitv=00000010 ro=23456701 tag=0405fe V=00000011 L=00000000
2707 PC=0x98000000405feb88 [00000000405feb88]	0017bc38 dsll   $s7,$s7,16
2707 Reg write s7=ffff980000000000
2708 PC=0x98000000405feb8c [00000000405feb8c]	36f75050 ori    $s7,$s7,0x5050
2708 Reg write s7=ffff980000005050
2709 icache  36f75050 load  hit           pol=3 VA=98000000405feb90 PA=0405feb90 line=5c hitv=00000010 ro=23456701 tag=0405fe V=00000011 L=00000000
2709 PC=0x98000000405feb90 [00000000405feb90]	0017bc38 dsll   $s7,$s7,16
2709 Reg write s7=9800000050500000
2710 PC=0x98000000405feb94 [00000000405feb94]	36f77b6c ori    $s7,$s7,0x7b6c
2710 Reg write s7=9800000050507b6c
2711 PC=0x98000000405feb98 [00000000405feb98]	defe8644 ld     $s8,0xffff8644($s7)
[va=98000000505001b0 pa=00000000505001b0]
2711 dcache  defe8644 load  miss refill   pol=3 VA=98000000505001b0 PA=0505001b0 line=0d hitv=00000000 ro=01235674 tag=000000 V=11111111 W=00000000 L=00000000
2711 scache  defe8644 load  miss refill   pol=3 VA=98000000505001b0 PA=0505001a0 line=00d hitv=0000 ro=3012 tag=00000 V=1111 W=0101
2711 Reg write s8=2f98e30efc3b3a9d
2712 PC=0x98000000405feb9c [00000000405feb9c]	3c0b9800 lui    $t3,0x9800
2712 Reg write t3=ffffffff98000000
2713 icache  3c0b9800 load  miss refill   pol=3 VA=98000000405feba0 PA=0405feba0 line=5d hitv=00000000 ro=12345670 tag=000000 V=00000001 L=00000000
2713 PC=0x98000000405feba0 [00000000405feba0]	000b5c38 dsll   $t3,$t3,16
2713 Reg write t3=ffff980000000000
2714 PC=0x98000000405feba4 [00000000405feba4]	356b5180 ori    $t3,$t3,0x5180
2714 Reg write t3=ffff980000005180
2715 PC=0x98000000405feba8 [00000000405feba8]	000b5c38 dsll   $t3,$t3,16
2715 Reg write t3=9800000051800000
2716 PC=0x98000000405febac [00000000405febac]	356b6556 ori    $t3,$t3,0x6556
2716 Reg write t3=9800000051806556
2717 icache  356b6556 load  hit           pol=3 VA=98000000405febb0 PA=0405febb0 line=5d hitv=00000010 ro=23456701 tag=0405fe V=00000011 L=00000000
2717 PC=0x98000000405febb0 [00000000405febb0]	ad709b2a sw     $s0,0xffff9b2a($t3)
[va=9800000051800080 pa=0000000051800080]
2717 dcache  ad709b2a store miss w/alloc  pol=3 VA=9800000051800080 PA=051800080 line=04 hitv=00000000 ro=56701243 tag=000000 V=11111111 W=00000000 L=00000000
2717 scache  ad709b2a store miss w/alloc  pol=3 VA=9800000051800080 PA=051800080 line=004 hitv=0000 ro=3120 tag=00000 V=1111 W=1100 data=416fb27300000000 mask=11110000
2717 dmemacc: store 8 addr=050200080 data=128fb8d0e803518b mask=11111111 cline 
2717 dmemacc: store 8 addr=050200088 data=18077025067a9105 mask=11111111 cline 
2717 dmemacc: store 8 addr=050200090 data=ffffffdead707911 mask=11111111 cline 
2717 dmemacc: store 8 addr=050200098 data=949b67ade514a86a mask=11111111 cline 
2718 PC=0x98000000405febb4 [00000000405febb4]	3c129800 lui    $s2,0x9800
2718 Reg write s2=ffffffff98000000
2719 PC=0x98000000405febb8 [00000000405febb8]	00129438 dsll   $s2,$s2,16
2719 Reg write s2=ffff980000000000
2720 PC=0x98000000405febbc [00000000405febbc]	36524027 ori    $s2,$s2,0x4027
2720 Reg write s2=ffff980000004027
2721 icache  36524027 load  miss refill   pol=3 VA=98000000405febc0 PA=0405febc0 line=5e hitv=00000000 ro=12345670 tag=000000 V=00000001 L=00000000
2721 PC=0x98000000405febc0 [00000000405febc0]	00129438 dsll   $s2,$s2,16
2721 Reg write s2=9800000040270000
2722 PC=0x98000000405febc4 [00000000405febc4]	3652c083 ori    $s2,$s2,0xc083
2722 Reg write s2=980000004027c083
2723 PC=0x98000000405febc8 [00000000405febc8]	9e4e4135 lwu    $t6,0x4135($s2)
[va=98000000402801b8 pa=00000000402801b8]
2723 dcache  9e4e4135 load  hit           pol=3 VA=98000000402801b8 PA=0402801b8 line=0d hitv=00000100 ro=12356740 tag=040280 V=11111111 W=00000000 L=00000000
2723 Reg write t6=0000000055555555
2724 PC=0x98000000405febcc [00000000405febcc]	3c109800 lui    $s0,0x9800
2724 Reg write s0=ffffffff98000000
2725 icache  3c109800 load  hit           pol=3 VA=98000000405febd0 PA=0405febd0 line=5e hitv=00000010 ro=23456701 tag=0405fe V=00000011 L=00000000
2725 PC=0x98000000405febd0 [00000000405febd0]	00108438 dsll   $s0,$s0,16
2725 Reg write s0=ffff980000000000
2726 PC=0x98000000405febd4 [00000000405febd4]	3610517f ori    $s0,$s0,0x517f
2726 Reg write s0=ffff98000000517f
2727 PC=0x98000000405febd8 [00000000405febd8]	00108438 dsll   $s0,$s0,16
2727 Reg write s0=98000000517f0000
2728 PC=0x98000000405febdc [00000000405febdc]	3610c090 ori    $s0,$s0,0xc090
2728 Reg write s0=98000000517fc090
2729 icache  3610c090 load  miss refill   pol=3 VA=98000000405febe0 PA=0405febe0 line=5f hitv=00000000 ro=12345670 tag=000000 V=00000001 L=00000000
2729 PC=0x98000000405febe0 [00000000405febe0]	a6193ffc sh     $t9,0x3ffc($s0)
[va=980000005180008c pa=000000005180008c]
2729 dcache  a6193ffc store hit           pol=3 VA=980000005180008c PA=051800088 line=04 hitv=00100000 ro=67012435 tag=051800 V=11111111 W=00000000 L=00000000
2729 scache  a6193ffc store hit           pol=3 VA=980000005180008c PA=051800088 line=004 hitv=1000 ro=1203 tag=028c0 V=1111 W=1100 data=0000000025b80000 mask=00001100
2730 PC=0x98000000405febe4 [00000000405febe4]	3c1d9800 lui    $sp,0x9800
2730 Reg write sp=ffffffff98000000
2731 PC=0x98000000405febe8 [00000000405febe8]	001dec38 dsll   $sp,$sp,16
2731 Reg write sp=ffff980000000000
2732 PC=0x98000000405febec [00000000405febec]	37bd501f ori    $sp,$sp,0x501f
2732 Reg write sp=ffff98000000501f
2733 icache  37bd501f load  hit           pol=3 VA=98000000405febf0 PA=0405febf0 line=5f hitv=00000010 ro=23456701 tag=0405fe V=00000011 L=00000000
2733 PC=0x98000000405febf0 [00000000405febf0]	001dec38 dsll   $sp,$sp,16
2733 Reg write sp=98000000501f0000
2734 PC=0x98000000405febf4 [00000000405febf4]	37bd942b ori    $sp,$sp,0x942b
2734 Reg write sp=98000000501f942b
2735 PC=0x98000000405febf8 [00000000405febf8]	87b26bb5 lh     $s2,0x6bb5($sp)
[va=98000000501fffe0 pa=00000000501fffe0]
2735 dcache  87b26bb5 load  miss refill   pol=3 VA=98000000501fffe0 PA=0501fffe0 line=7f hitv=00000000 ro=26734501 tag=000000 V=11111111 W=00000000 L=00000000
2735 scache  87b26bb5 load  miss refill   pol=3 VA=98000000501fffe0 PA=0501fffe0 line=fff hitv=0000 ro=0123 tag=00000 V=1111 W=1010
2735 Reg write s2=ffffffffffffd368
2736 PC=0x98000000405febfc [00000000405febfc]	3c149800 lui    $s4,0x9800
2736 Reg write s4=ffffffff98000000
2737 icache  3c149800 load  miss refill   pol=3 VA=98000000405fec00 PA=0405fec00 line=60 hitv=00000000 ro=12345670 tag=000000 V=00000001 L=00000000
2737 PC=0x98000000405fec00 [00000000405fec00]	0014a438 dsll   $s4,$s4,16
2737 Reg write s4=ffff980000000000
2738 PC=0x98000000405fec04 [00000000405fec04]	369451af ori    $s4,$s4,0x51af
2738 Reg write s4=ffff9800000051af
2739 PC=0x98000000405fec08 [00000000405fec08]	0014a438 dsll   $s4,$s4,16
2739 Reg write s4=9800000051af0000
2740 PC=0x98000000405fec0c [00000000405fec0c]	3694a686 ori    $s4,$s4,0xa686
2740 Reg write s4=9800000051afa686
2741 icache  3694a686 load  hit           pol=3 VA=98000000405fec10 PA=0405fec10 line=60 hitv=00000010 ro=23456701 tag=0405fe V=00000011 L=00000000
2741 PC=0x98000000405fec10 [00000000405fec10]	ae965aa6 sw     $s6,0x5aa6($s4)
[va=9800000051b0012c pa=0000000051b0012c]
2741 dcache  ae965aa6 store miss w/alloc  pol=3 VA=9800000051b0012c PA=051b00128 line=09 hitv=00000000 ro=56701234 tag=000000 V=00011111 W=00000000 L=00000000
2741 scache  ae965aa6 store miss w/alloc  pol=3 VA=9800000051b0012c PA=051b00128 line=009 hitv=0000 ro=0123 tag=00000 V=1111 W=1111 data=00000000452027ac mask=00001111
2741 dmemacc: store 8 addr=058800120 data=1acd6adbe9126607 mask=11111111 cline 
2741 dmemacc: store 8 addr=058800128 data=f13658adda5aa8ab mask=11111111 cline 
2741 dmemacc: store 8 addr=058800130 data=0000000000000000 mask=11111111 cline 
2741 dmemacc: store 8 addr=058800138 data=0000000000000001 mask=11111111 cline 
2742 PC=0x98000000405fec14 [00000000405fec14]	07a20006 bltzl  $sp,0x98000000405fec30
2743 PC=0x98000000405fec18 [00000000405fec18]	3c169800 lui    $s6,0x9800
2743 Reg write s6=ffffffff98000000
2744 icache  3c169800 load  miss refill   pol=3 VA=98000000405fec30 PA=0405fec30 line=61 hitv=00000000 ro=12345670 tag=000000 V=00000001 L=00000000
2744 PC=0x98000000405fec30 [00000000405fec30]	0016b438 dsll   $s6,$s6,16
2744 Reg write s6=ffff980000000000
2745 PC=0x98000000405fec34 [00000000405fec34]	36d65160 ori    $s6,$s6,0x5160
2745 Reg write s6=ffff980000005160
2746 PC=0x98000000405fec38 [00000000405fec38]	0016b438 dsll   $s6,$s6,16
2746 Reg write s6=9800000051600000
2747 PC=0x98000000405fec3c [00000000405fec3c]	36d67789 ori    $s6,$s6,0x7789
2747 Reg write s6=9800000051607789
2748 icache  36d67789 load  miss refill   pol=3 VA=98000000405fec40 PA=0405fec40 line=62 hitv=00000000 ro=12345670 tag=000000 V=00000001 L=00000000
2748 PC=0x98000000405fec40 [00000000405fec40]	96c4892f lhu    $a0,0xffff892f($s6)
[va=98000000516000b8 pa=00000000516000b8]
2748 dcache  96c4892f load  hit           pol=3 VA=98000000516000b8 PA=0516000b8 line=05 hitv=00000001 ro=34670125 tag=051600 V=11111111 W=00000000 L=00000000
2748 Reg write a0=0000000000000000
2749 PC=0x98000000405fec44 [00000000405fec44]	3c169800 lui    $s6,0x9800
2749 Reg write s6=ffffffff98000000
2750 PC=0x98000000405fec48 [00000000405fec48]	0016b438 dsll   $s6,$s6,16
2750 Reg write s6=ffff980000000000
2751 PC=0x98000000405fec4c [00000000405fec4c]	36d65050 ori    $s6,$s6,0x5050
2751 Reg write s6=ffff980000005050
2752 icache  36d65050 load  hit           pol=3 VA=98000000405fec50 PA=0405fec50 line=62 hitv=00000010 ro=23456701 tag=0405fe V=00000011 L=00000000
2752 PC=0x98000000405fec50 [00000000405fec50]	0016b438 dsll   $s6,$s6,16
2752 Reg write s6=9800000050500000
2753 PC=0x98000000405fec54 [00000000405fec54]	36d664cb ori    $s6,$s6,0x64cb
2753 Reg write s6=98000000505064cb
2754 PC=0x98000000405fec58 [00000000405fec58]	92c99c89 lbu    $t1,0xffff9c89($s6)
[va=9800000050500154 pa=0000000050500154]
2754 dcache  92c99c89 load  hit           pol=3 VA=9800000050500154 PA=050500150 line=0a hitv=00001000 ro=70245163 tag=050500 V=01111111 W=00000000 L=00000000
2754 Reg write t1=00000000000000db
2755 PC=0x98000000405fec5c [00000000405fec5c]	3c049800 lui    $a0,0x9800
2755 Reg write a0=ffffffff98000000
2756 icache  3c049800 load  miss refill   pol=3 VA=98000000405fec60 PA=0405fec60 line=63 hitv=00000000 ro=12345670 tag=000000 V=00000001 L=00000000
2756 PC=0x98000000405fec60 [00000000405fec60]	00042438 dsll   $a0,$a0,16
2756 Reg write a0=ffff980000000000
2757 PC=0x98000000405fec64 [00000000405fec64]	34845180 ori    $a0,$a0,0x5180
2757 Reg write a0=ffff980000005180
2758 PC=0x98000000405fec68 [00000000405fec68]	00042438 dsll   $a0,$a0,16
2758 Reg write a0=9800000051800000
2759 PC=0x98000000405fec6c [00000000405fec6c]	3484441b ori    $a0,$a0,0x441b
2759 Reg write a0=980000005180441b
2760 icache  3484441b load  hit           pol=3 VA=98000000405fec70 PA=0405fec70 line=63 hitv=00000010 ro=23456701 tag=0405fe V=00000011 L=00000000
2760 PC=0x98000000405fec70 [00000000405fec70]	8c8ebbdd lw     $t6,0xffffbbdd($a0)
[va=98000000517ffff8 pa=00000000517ffff8]
2760 dcache  8c8ebbdd load  miss refill   pol=3 VA=98000000517ffff8 PA=0517ffff8 line=7f hitv=00000000 ro=67345012 tag=000000 V=11111111 W=00000000 L=00000000
2760 scache  8c8ebbdd load  miss refill   pol=3 VA=98000000517ffff8 PA=0517fffe0 line=fff hitv=0000 ro=1230 tag=00000 V=1111 W=1010
2760 dmemacc: store 8 addr=0481fffe0 data=89d608081ed94156 mask=11111111 cline 
2760 dmemacc: store 8 addr=0481fffe8 data=3333333333333333 mask=11111111 cline 
2760 dmemacc: store 8 addr=0481ffff0 data=ffffffffffffffff mask=11111111 cline 
2760 dmemacc: store 8 addr=0481ffff8 data=cccccccccccccccc mask=11111111 cline 
2760 Reg write t6=0000000004c78971
2761 PC=0x98000000405fec74 [00000000405fec74]	3c0a9800 lui    $t2,0x9800
2761 Reg write t2=ffffffff98000000
2762 PC=0x98000000405fec78 [00000000405fec78]	000a5438 dsll   $t2,$t2,16
2762 Reg write t2=ffff980000000000
2763 PC=0x98000000405fec7c [00000000405fec7c]	354a451f ori    $t2,$t2,0x451f
2763 Reg write t2=ffff98000000451f
2764 icache  354a451f load  miss refill   pol=3 VA=98000000405fec80 PA=0405fec80 line=64 hitv=00000000 ro=12345670 tag=000000 V=00000001 L=00000000
2764 PC=0x98000000405fec80 [00000000405fec80]	000a5438 dsll   $t2,$t2,16
2764 Reg write t2=98000000451f0000
2765 PC=0x98000000405fec84 [00000000405fec84]	354ad038 ori    $t2,$t2,0xd038
2765 Reg write t2=98000000451fd038
2766 PC=0x98000000405fec88 [00000000405fec88]	914e31a2 lbu    $t6,0x31a2($t2)
[va=98000000452001da pa=00000000452001da]
2766 dcache  914e31a2 load  miss refill   pol=3 VA=98000000452001da PA=0452001d8 line=0e hitv=00000000 ro=02156374 tag=000000 V=11111111 W=00000000 L=00000000
2766 scache  914e31a2 load  miss refill   pol=3 VA=98000000452001da PA=0452001c0 line=00e hitv=0000 ro=1203 tag=00000 V=1111 W=1111
2766 dmemacc: store 8 addr=04ab001c0 data=eced4f35e007f865 mask=11111111 cline 
2766 dmemacc: store 8 addr=04ab001c8 data=ffffffffffffffff mask=11111111 cline 
2766 dmemacc: store 8 addr=04ab001d0 data=9800000041aff2f5 mask=11111111 cline 
2766 dmemacc: store 8 addr=04ab001d8 data=8000000000000000 mask=11111111 cline 
2766 Reg write t6=0000000000000021
2767 PC=0x98000000405fec8c [00000000405fec8c]	3c1e9800 lui    $s8,0x9800
2767 Reg write s8=ffffffff98000000
2768 icache  3c1e9800 load  hit           pol=3 VA=98000000405fec90 PA=0405fec90 line=64 hitv=00000010 ro=23456701 tag=0405fe V=00000011 L=00000000
2768 PC=0x98000000405fec90 [00000000405fec90]	001ef438 dsll   $s8,$s8,16
2768 Reg write s8=ffff980000000000
2769 PC=0x98000000405fec94 [00000000405fec94]	37de5120 ori    $s8,$s8,0x5120
2769 Reg write s8=ffff980000005120
2770 PC=0x98000000405fec98 [00000000405fec98]	001ef438 dsll   $s8,$s8,16
2770 Reg write s8=9800000051200000
2771 PC=0x98000000405fec9c [00000000405fec9c]	37de54a6 ori    $s8,$s8,0x54a6
2771 Reg write s8=98000000512054a6
2772 icache  37de54a6 load  miss refill   pol=3 VA=98000000405feca0 PA=0405feca0 line=65 hitv=00000000 ro=12345670 tag=000000 V=00000001 L=00000000
2772 PC=0x98000000405feca0 [00000000405feca0]	a7d7ab96 sh     $s7,0xffffab96($s8)
[va=980000005120003c pa=000000005120003c]
2772 dcache  a7d7ab96 store miss w/alloc  pol=3 VA=980000005120003c PA=051200038 line=01 hitv=00000000 ro=34507162 tag=000000 V=11111111 W=00000000 L=00000000
2772 scache  a7d7ab96 store miss w/alloc  pol=3 VA=980000005120003c PA=051200038 line=001 hitv=0000 ro=0213 tag=00000 V=1111 W=1011 data=000000007b6c0000 mask=00001100
2772 dmemacc: store 8 addr=055600020 data=5555555555555555 mask=11111111 cline 
2772 dmemacc: store 8 addr=055600028 data=67f77cf7e791e354 mask=11111111 cline 
2772 dmemacc: store 8 addr=055600030 data=a2e286f16bc31170 mask=11111111 cline 
2772 dmemacc: store 8 addr=055600038 data=00ffe003ff800ffe mask=11111111 cline 
2773 PC=0x98000000405feca4 [00000000405feca4]	3c0a9800 lui    $t2,0x9800
2773 Reg write t2=ffffffff98000000
2774 PC=0x98000000405feca8 [00000000405feca8]	000a5438 dsll   $t2,$t2,16
2774 Reg write t2=ffff980000000000
2775 PC=0x98000000405fecac [00000000405fecac]	354a4520 ori    $t2,$t2,0x4520
2775 Reg write t2=ffff980000004520
2776 icache  354a4520 load  hit           pol=3 VA=98000000405fecb0 PA=0405fecb0 line=65 hitv=00000010 ro=23456701 tag=0405fe V=00000011 L=00000000
2776 PC=0x98000000405fecb0 [00000000405fecb0]	000a5438 dsll   $t2,$t2,16
2776 Reg write t2=9800000045200000
2777 PC=0x98000000405fecb4 [00000000405fecb4]	354a6e8a ori    $t2,$t2,0x6e8a
2777 Reg write t2=9800000045206e8a
2778 PC=0x98000000405fecb8 [00000000405fecb8]	8d5d934e lw     $sp,0xffff934e($t2)
[va=98000000452001d8 pa=00000000452001d8]
2778 dcache  8d5d934e load  hit           pol=3 VA=98000000452001d8 PA=0452001d8 line=0e hitv=00000001 ro=21563740 tag=045200 V=11111111 W=00000000 L=00000000
2778 Reg write sp=ffffffffefa221b0
2779 PC=0x98000000405fecbc [00000000405fecbc]	3c0a9800 lui    $t2,0x9800
2779 Reg write t2=ffffffff98000000
2780 icache  3c0a9800 load  miss refill   pol=3 VA=98000000405fecc0 PA=0405fecc0 line=66 hitv=00000000 ro=12345670 tag=000000 V=00000001 L=00000000
2780 PC=0x98000000405fecc0 [00000000405fecc0]	000a5438 dsll   $t2,$t2,16
2780 Reg write t2=ffff980000000000
2781 PC=0x98000000405fecc4 [00000000405fecc4]	354a4130 ori    $t2,$t2,0x4130
2781 Reg write t2=ffff980000004130
2782 PC=0x98000000405fecc8 [00000000405fecc8]	000a5438 dsll   $t2,$t2,16
2782 Reg write t2=9800000041300000
2783 PC=0x98000000405feccc [00000000405feccc]	354a2f74 ori    $t2,$t2,0x2f74
2783 Reg write t2=9800000041302f74
2784 icache  354a2f74 load  hit           pol=3 VA=98000000405fecd0 PA=0405fecd0 line=66 hitv=00000010 ro=23456701 tag=0405fe V=00000011 L=00000000
2784 PC=0x98000000405fecd0 [00000000405fecd0]	fd48d074 sd     $t0,0xffffd074($t2)
[va=98000000412fffe8 pa=00000000412fffe8]
2784 dcache  fd48d074 store miss w/alloc  pol=3 VA=98000000412fffe8 PA=0412fffe8 line=7f hitv=00000000 ro=73450126 tag=000000 V=11111111 W=00000000 L=00000000
2784 scache  fd48d074 store miss w/alloc  pol=3 VA=98000000412fffe8 PA=0412fffe8 line=fff hitv=0000 ro=2301 tag=00000 V=1111 W=1000 data=98000000541fffc0 mask=11111111
2785 PC=0x98000000405fecd4 [00000000405fecd4]	3c0f9800 lui    $t7,0x9800
2785 Reg write t7=ffffffff98000000
2786 PC=0x98000000405fecd8 [00000000405fecd8]	000f7c38 dsll   $t7,$t7,16
2786 Reg write t7=ffff980000000000
2787 PC=0x98000000405fecdc [00000000405fecdc]	35ef4027 ori    $t7,$t7,0x4027
2787 Reg write t7=ffff980000004027
2788 icache  35ef4027 load  miss refill   pol=3 VA=98000000405fece0 PA=0405fece0 line=67 hitv=00000000 ro=12345670 tag=000000 V=00000001 L=00000000
2788 PC=0x98000000405fece0 [00000000405fece0]	000f7c38 dsll   $t7,$t7,16
2788 Reg write t7=9800000040270000
2789 PC=0x98000000405fece4 [00000000405fece4]	35efd83c ori    $t7,$t7,0xd83c
2789 Reg write t7=980000004027d83c
2790 PC=0x98000000405fece8 [00000000405fece8]	fde429ac sd     $a0,0x29ac($t7)
[va=98000000402801e8 pa=00000000402801e8]
2790 dcache  fde429ac store miss w/alloc  pol=3 VA=98000000402801e8 PA=0402801e8 line=0f hitv=00000000 ro=56701324 tag=000000 V=00011111 W=00000000 L=00000000
2790 scache  fde429ac store miss w/alloc  pol=3 VA=98000000402801e8 PA=0402801e8 line=00f hitv=0000 ro=0213 tag=00000 V=1111 W=0111 data=980000005180441b mask=11111111
2790 dmemacc: store 8 addr=0588001e0 data=d78f192bd55b7835 mask=11111111 cline 
2790 dmemacc: store 8 addr=0588001e8 data=cb64d9adbf087008 mask=11111111 cline 
2790 dmemacc: store 8 addr=0588001f0 data=6d6f4e298795b9a3 mask=11111111 cline 
2790 dmemacc: store 8 addr=0588001f8 data=96e30787cb3de1a8 mask=11111111 cline 
2791 PC=0x98000000405fecec [00000000405fecec]	3c0f9800 lui    $t7,0x9800
2791 Reg write t7=ffffffff98000000
2792 icache  3c0f9800 load  hit           pol=3 VA=98000000405fecf0 PA=0405fecf0 line=67 hitv=00000010 ro=23456701 tag=0405fe V=00000011 L=00000000
2792 PC=0x98000000405fecf0 [00000000405fecf0]	000f7c38 dsll   $t7,$t7,16
2792 Reg write t7=ffff980000000000
2793 PC=0x98000000405fecf4 [00000000405fecf4]	35ef4027 ori    $t7,$t7,0x4027
2793 Reg write t7=ffff980000004027
2794 PC=0x98000000405fecf8 [00000000405fecf8]	000f7c38 dsll   $t7,$t7,16
2794 Reg write t7=9800000040270000
2795 PC=0x98000000405fecfc [00000000405fecfc]	35ef92f2 ori    $t7,$t7,0x92f2
2795 Reg write t7=98000000402792f2
2796 icache  35ef92f2 load  miss refill   pol=3 VA=98000000405fed00 PA=0405fed00 line=68 hitv=00000000 ro=12345670 tag=000000 V=00000001 L=00000000
2796 PC=0x98000000405fed00 [00000000405fed00]	ddf66efe ld     $s6,0x6efe($t7)
[va=98000000402801f0 pa=00000000402801f0]
2796 dcache  ddf66efe load  hit           pol=3 VA=98000000402801f0 PA=0402801f0 line=0f hitv=00100000 ro=67013245 tag=040280 V=00111111 W=00000000 L=00000000
2796 Reg write s6=d03c0cc9a0d5980f
2797 PC=0x98000000405fed04 [00000000405fed04]	3c0b9800 lui    $t3,0x9800
2797 Reg write t3=ffffffff98000000
2798 PC=0x98000000405fed08 [00000000405fed08]	000b5c38 dsll   $t3,$t3,16
2798 Reg write t3=ffff980000000000
2799 PC=0x98000000405fed0c [00000000405fed0c]	356b4520 ori    $t3,$t3,0x4520
2799 Reg write t3=ffff980000004520
2800 icache  356b4520 load  hit           pol=3 VA=98000000405fed10 PA=0405fed10 line=68 hitv=00000010 ro=23456701 tag=0405fe V=00000011 L=00000000
2800 PC=0x98000000405fed10 [00000000405fed10]	000b5c38 dsll   $t3,$t3,16
2800 Reg write t3=9800000045200000
2801 PC=0x98000000405fed14 [00000000405fed14]	356b7bb8 ori    $t3,$t3,0x7bb8
2801 Reg write t3=9800000045207bb8
2802 PC=0x98000000405fed18 [00000000405fed18]	dd6a83c8 ld     $t2,0xffff83c8($t3)
[va=98000000451fff80 pa=00000000451fff80]
2802 dcache  dd6a83c8 load  miss refill   pol=3 VA=98000000451fff80 PA=0451fff80 line=7c hitv=00000000 ro=54231076 tag=000000 V=11111111 W=00000000 L=00000000
2802 scache  dd6a83c8 load  miss refill   pol=3 VA=98000000451fff80 PA=0451fff80 line=ffc hitv=0000 ro=3201 tag=00000 V=1111 W=1110
2802 dmemacc: store 8 addr=04b1fff80 data=9800000054b00090 mask=11111111 cline 
2802 dmemacc: store 8 addr=04b1fff88 data=31347300a31ecd84 mask=11111111 cline 
2802 dmemacc: store 8 addr=04b1fff90 data=207aec30fb5861f7 mask=11111111 cline 
2802 dmemacc: store 8 addr=04b1fff98 data=b690671b0e24f9a6 mask=11111111 cline 
2802 Reg write t2=ffffffffffffffff
2803 PC=0x98000000405fed1c [00000000405fed1c]	3c049800 lui    $a0,0x9800
2803 Reg write a0=ffffffff98000000
2804 icache  3c049800 load  miss refill   pol=3 VA=98000000405fed20 PA=0405fed20 line=69 hitv=00000000 ro=12345670 tag=000000 V=00000001 L=00000000
2804 PC=0x98000000405fed20 [00000000405fed20]	00042438 dsll   $a0,$a0,16
2804 Reg write a0=ffff980000000000
2805 PC=0x98000000405fed24 [00000000405fed24]	34845aaf ori    $a0,$a0,0x5aaf
2805 Reg write a0=ffff980000005aaf
2806 PC=0x98000000405fed28 [00000000405fed28]	00042438 dsll   $a0,$a0,16
2806 Reg write a0=980000005aaf0000
2807 PC=0x98000000405fed2c [00000000405fed2c]	3484ff40 ori    $a0,$a0,0xff40
2807 Reg write a0=980000005aafff40
2808 icache  3484ff40 load  hit           pol=3 VA=98000000405fed30 PA=0405fed30 line=69 hitv=00000010 ro=23456701 tag=0405fe V=00000011 L=00000000
2808 PC=0x98000000405fed30 [00000000405fed30]	3c059800 lui    $a1,0x9800
2808 Reg write a1=ffffffff98000000
2809 PC=0x98000000405fed34 [00000000405fed34]	00052c38 dsll   $a1,$a1,16
2809 Reg write a1=ffff980000000000
2810 PC=0x98000000405fed38 [00000000405fed38]	34a5474f ori    $a1,$a1,0x474f
2810 Reg write a1=ffff98000000474f
2811 PC=0x98000000405fed3c [00000000405fed3c]	00052c38 dsll   $a1,$a1,16
2811 Reg write a1=98000000474f0000
2812 icache  00052c38 load  miss refill   pol=3 VA=98000000405fed40 PA=0405fed40 line=6a hitv=00000000 ro=23456701 tag=000000 V=00000011 L=00000000
2812 PC=0x98000000405fed40 [00000000405fed40]	34a5ff30 ori    $a1,$a1,0xff30
2812 Reg write a1=98000000474fff30
2813 PC=0x98000000405fed44 [00000000405fed44]	24060007 addiu  $a2,$r0,0x7
2813 Reg write a2=0000000000000007
2814 PC=0x98000000405fed48 [00000000405fed48]	fc8affd0 sd     $t2,0xffffffd0($a0)
[va=980000005aafff10 pa=000000005aafff10]
2814 dcache  fc8affd0 store miss w/alloc  pol=3 VA=980000005aafff10 PA=05aafff10 line=78 hitv=00000000 ro=54761203 tag=000000 V=11111111 W=00000000 L=00000000
2814 scache  fc8affd0 store miss w/alloc  pol=3 VA=980000005aafff10 PA=05aafff10 line=ff8 hitv=0000 ro=1230 tag=00000 V=1111 W=0100 data=ffffffffffffffff mask=11111111
2815 PC=0x98000000405fed4c [00000000405fed4c]	fc89fff8 sd     $t1,0xfffffff8($a0)
[va=980000005aafff38 pa=000000005aafff38]
2815 dcache  fc89fff8 store hit           pol=3 VA=980000005aafff38 PA=05aafff38 line=79 hitv=00001000 ro=45167032 tag=05aaff V=11111111 W=00000000 L=00000000
2815 scache  fc89fff8 store hit           pol=3 VA=980000005aafff38 PA=05aafff38 line=ff9 hitv=1000 ro=2031 tag=02d57 V=1111 W=0111 data=00000000000000db mask=11111111
2816 icache  fc89fff8 load  hit           pol=3 VA=98000000405fed50 PA=0405fed50 line=6a hitv=00000100 ro=34567012 tag=0405fe V=00000111 L=00000000
2816 PC=0x98000000405fed50 [00000000405fed50]	dcac0020 ld     $t4,0x20($a1)
[va=98000000474fff50 pa=00000000474fff50]
2816 dcache  dcac0020 load  miss refill   pol=3 VA=98000000474fff50 PA=0474fff50 line=7a hitv=00000000 ro=67104325 tag=000000 V=11111111 W=00000000 L=00000000
2816 scache  dcac0020 load  miss refill   pol=3 VA=98000000474fff50 PA=0474fff40 line=ffa hitv=0000 ro=3021 tag=00000 V=1111 W=1011
2816 dmemacc: store 8 addr=04a4fff40 data=000001ffffffffff mask=11111111 cline 
2816 dmemacc: store 8 addr=04a4fff48 data=c7baf541170e8c39 mask=11111111 cline 
2816 dmemacc: store 8 addr=04a4fff50 data=fffffffffffc0000 mask=11111111 cline 
2816 dmemacc: store 8 addr=04a4fff58 data=8ae8febb6fa2f68d mask=11111111 cline 
2816 Reg write t4=003ff800ffe003ff
2817 PC=0x98000000405fed54 [00000000405fed54]	dca80030 ld     $t0,0x30($a1)
[va=98000000474fff60 pa=00000000474fff60]
2817 dcache  dca80030 load  miss refill   pol=3 VA=98000000474fff60 PA=0474fff60 line=7b hitv=00000000 ro=31476052 tag=000000 V=11111111 W=00000000 L=00000000
2817 scache  dca80030 load  miss refill   pol=3 VA=98000000474fff60 PA=0474fff60 line=ffb hitv=0000 ro=2301 tag=00000 V=1111 W=1110
2817 dmemacc: store 8 addr=04b1fff60 data=0000000000000000 mask=11111111 cline 
2817 dmemacc: store 8 addr=04b1fff68 data=ef7a23d81d7feff9 mask=11111111 cline 
2817 dmemacc: store 8 addr=04b1fff70 data=8bcb27032c4b7805 mask=11111111 cline 
2817 dmemacc: store 8 addr=04b1fff78 data=0000000000000001 mask=11111111 cline 
2817 Reg write t0=fd2f1ca998d52025
2818 PC=0x98000000405fed58 [00000000405fed58]	dca90038 ld     $t1,0x38($a1)
[va=98000000474fff68 pa=00000000474fff68]
2818 dcache  dca90038 load  hit           pol=3 VA=98000000474fff68 PA=0474fff68 line=7b hitv=00001000 ro=14760523 tag=0474ff V=11111111 W=00000000 L=00000000
2818 Reg write t1=fc863f0a50247ce3
2819 PC=0x98000000405fed5c [00000000405fed5c]	dca80000 ld     $t0,0x0($a1)
[va=98000000474fff30 pa=00000000474fff30]
2819 dcache  dca80000 load  miss refill   pol=3 VA=98000000474fff30 PA=0474fff30 line=79 hitv=00000000 ro=45167023 tag=000000 V=11111111 W=00000000 L=00000000
2819 scache  dca80000 load  miss refill   pol=3 VA=98000000474fff30 PA=0474fff20 line=ff9 hitv=0000 ro=2013 tag=00000 V=1111 W=1111
2819 dmemacc: store 8 addr=04a4fff20 data=0000000000004caf mask=11111111 cline 
2819 dmemacc: store 8 addr=04a4fff28 data=9800000000005144 mask=11111111 cline 
2819 dmemacc: store 8 addr=04a4fff30 data=609d10fdb9182685 mask=11111111 cline 
2819 dmemacc: store 8 addr=04a4fff38 data=b007230534ba850a mask=11111111 cline 
2819 Reg write t0=9eb3825df5f581ac
2820 icache  dca80000 load  miss refill   pol=3 VA=98000000405fed60 PA=0405fed60 line=6b hitv=00000000 ro=12345670 tag=000000 V=00000001 L=00000000
2820 PC=0x98000000405fed60 [00000000405fed60]	dca90008 ld     $t1,0x8($a1)
[va=98000000474fff38 pa=00000000474fff38]
2820 dcache  dca90008 load  hit           pol=3 VA=98000000474fff38 PA=0474fff38 line=79 hitv=00010000 ro=51670234 tag=0474ff V=11111111 W=00000000 L=00000000
2820 Reg write t1=859379392fb8dd6e
2821 PC=0x98000000405fed64 [00000000405fed64]	dcab0018 ld     $t3,0x18($a1)
[va=98000000474fff48 pa=00000000474fff48]
2821 dcache  dcab0018 load  hit           pol=3 VA=98000000474fff48 PA=0474fff48 line=7a hitv=01000000 ro=71043256 tag=0474ff V=11111111 W=00000000 L=00000000
2821 Reg write t3=f5babc7dccf7e733
2822 PC=0x98000000405fed68 [00000000405fed68]	fc880000 sd     $t0,0x0($a0)
[va=980000005aafff40 pa=000000005aafff40]
2822 dcache  fc880000 store hit           pol=3 VA=980000005aafff40 PA=05aafff40 line=7a hitv=00000100 ro=71043256 tag=05aaff V=11111111 W=00000000 L=00000000
2822 scache  fc880000 store hit           pol=3 VA=980000005aafff40 PA=05aafff40 line=ffa hitv=0100 ro=0213 tag=02d57 V=1111 W=0011 data=9eb3825df5f581ac mask=11111111
2823 PC=0x98000000405fed6c [00000000405fed6c]	64a50040 daddiu $a1,$a1,0x40
2823 Reg write a1=98000000474fff70
2824 icache  64a50040 load  hit           pol=3 VA=98000000405fed70 PA=0405fed70 line=6b hitv=00000010 ro=23456701 tag=0405fe V=00000011 L=00000000
2824 PC=0x98000000405fed70 [00000000405fed70]	64840040 daddiu $a0,$a0,0x40
2824 Reg write a0=980000005aafff80
2825 PC=0x98000000405fed74 [00000000405fed74]	fc88fff0 sd     $t0,0xfffffff0($a0)
[va=980000005aafff70 pa=000000005aafff70]
2825 dcache  fc88fff0 store hit           pol=3 VA=980000005aafff70 PA=05aafff70 line=7b hitv=00100000 ro=14760523 tag=05aaff V=11111111 W=00000000 L=00000000
2825 scache  fc88fff0 store hit           pol=3 VA=980000005aafff70 PA=05aafff70 line=ffb hitv=0001 ro=3012 tag=02d57 V=1111 W=1010 data=9eb3825df5f581ac mask=11111111
2826 PC=0x98000000405fed78 [00000000405fed78]	fc8cffe0 sd     $t4,0xffffffe0($a0)
[va=980000005aafff60 pa=000000005aafff60]
2826 dcache  fc8cffe0 store hit           pol=3 VA=980000005aafff60 PA=05aafff60 line=7b hitv=00100000 ro=14760235 tag=05aaff V=11111111 W=00000000 L=00000000
2826 scache  fc8cffe0 store hit           pol=3 VA=980000005aafff60 PA=05aafff60 line=ffb hitv=0001 ro=3120 tag=02d57 V=1111 W=1011 data=003ff800ffe003ff mask=11111111
2827 PC=0x98000000405fed7c [00000000405fed7c]	dcaa0010 ld     $t2,0x10($a1)
[va=98000000474fff80 pa=00000000474fff80]
2827 dcache  dcaa0010 load  miss refill   pol=3 VA=98000000474fff80 PA=0474fff80 line=7c hitv=00000000 ro=42310765 tag=000000 V=11111111 W=00000000 L=00000000
2827 scache  dcaa0010 load  miss refill   pol=3 VA=98000000474fff80 PA=0474fff80 line=ffc hitv=0000 ro=2013 tag=00000 V=1111 W=0110
2827 dmemacc: store 8 addr=0555fff80 data=000001ffffffffff mask=11111111 cline 
2827 dmemacc: store 8 addr=0555fff88 data=fc53959d890fa89a mask=11111111 cline 
2827 dmemacc: store 8 addr=0555fff90 data=e6a72263bc4ed0c3 mask=11111111 cline 
2827 dmemacc: store 8 addr=0555fff98 data=7ee973b1a1e20297 mask=11111111 cline 
2827 Reg write t2=56cffc870990f518
2828 icache  dcaa0010 load  miss refill   pol=3 VA=98000000405fed80 PA=0405fed80 line=6c hitv=00000000 ro=12345670 tag=000000 V=00000001 L=00000000
2828 PC=0x98000000405fed80 [00000000405fed80]	fc890008 sd     $t1,0x8($a0)
[va=980000005aafff88 pa=000000005aafff88]
2828 dcache  fc890008 store hit           pol=3 VA=980000005aafff88 PA=05aafff88 line=7c hitv=00000001 ro=23107654 tag=05aaff V=11111111 W=00000000 L=00000000
2828 scache  fc890008 store hit           pol=3 VA=980000005aafff88 PA=05aafff88 line=ffc hitv=0001 ro=0132 tag=02d57 V=1111 W=0010 data=859379392fb8dd6e mask=11111111
2829 PC=0x98000000405fed84 [00000000405fed84]	dcaf0028 ld     $t7,0x28($a1)
[va=98000000474fff98 pa=00000000474fff98]
2829 dcache  dcaf0028 load  hit           pol=3 VA=98000000474fff98 PA=0474fff98 line=7c hitv=00010000 ro=23176540 tag=0474ff V=11111111 W=00000000 L=00000000
2829 Reg write t7=8c0a524057bdf49b
2830 PC=0x98000000405fed88 [00000000405fed88]	fc8fffe8 sd     $t7,0xffffffe8($a0)
[va=980000005aafff68 pa=000000005aafff68]
2830 dcache  fc8fffe8 store hit           pol=3 VA=980000005aafff68 PA=05aafff68 line=7b hitv=00100000 ro=14760235 tag=05aaff V=11111111 W=00000000 L=00000000
2830 scache  fc8fffe8 store hit           pol=3 VA=980000005aafff68 PA=05aafff68 line=ffb hitv=0001 ro=3120 tag=02d57 V=1111 W=1011 data=8c0a524057bdf49b mask=11111111
2831 PC=0x98000000405fed8c [00000000405fed8c]	fc8bffd8 sd     $t3,0xffffffd8($a0)
[va=980000005aafff58 pa=000000005aafff58]
2831 dcache  fc8bffd8 store hit           pol=3 VA=980000005aafff58 PA=05aafff58 line=7a hitv=00000100 ro=71043562 tag=05aaff V=11111111 W=00000000 L=00000000
2831 scache  fc8bffd8 store hit           pol=3 VA=980000005aafff58 PA=05aafff58 line=ffa hitv=0100 ro=0132 tag=02d57 V=1111 W=0111 data=f5babc7dccf7e733 mask=11111111
2832 icache  fc8bffd8 load  hit           pol=3 VA=98000000405fed90 PA=0405fed90 line=6c hitv=00000010 ro=23456701 tag=0405fe V=00000011 L=00000000
2832 PC=0x98000000405fed90 [00000000405fed90]	14c0ffed bne    $a2,$r0,0x98000000405fed48
2833 PC=0x98000000405fed94 [00000000405fed94]	64c6ffff daddiu $a2,$a2,0xffff
2833 Reg write a2=0000000000000006
2834 icache  64c6ffff load  hit           pol=3 VA=98000000405fed48 PA=0405fed40 line=6a hitv=00000100 ro=34567012 tag=0405fe V=00000111 L=00000000
2834 PC=0x98000000405fed48 [00000000405fed48]	fc8affd0 sd     $t2,0xffffffd0($a0)
[va=980000005aafff50 pa=000000005aafff50]
2834 dcache  fc8affd0 store hit           pol=3 VA=980000005aafff50 PA=05aafff50 line=7a hitv=00000100 ro=71043562 tag=05aaff V=11111111 W=00000000 L=00000000
2834 scache  fc8affd0 store hit           pol=3 VA=980000005aafff50 PA=05aafff50 line=ffa hitv=0100 ro=0132 tag=02d57 V=1111 W=0111 data=56cffc870990f518 mask=11111111
2835 PC=0x98000000405fed4c [00000000405fed4c]	fc89fff8 sd     $t1,0xfffffff8($a0)
[va=980000005aafff78 pa=000000005aafff78]
2835 dcache  fc89fff8 store hit           pol=3 VA=980000005aafff78 PA=05aafff78 line=7b hitv=00100000 ro=14760235 tag=05aaff V=11111111 W=00000000 L=00000000
2835 scache  fc89fff8 store hit           pol=3 VA=980000005aafff78 PA=05aafff78 line=ffb hitv=0001 ro=3120 tag=02d57 V=1111 W=1011 data=859379392fb8dd6e mask=11111111
2836 icache  fc89fff8 load  hit           pol=3 VA=98000000405fed50 PA=0405fed50 line=6a hitv=00000100 ro=34567012 tag=0405fe V=00000111 L=00000000
2836 PC=0x98000000405fed50 [00000000405fed50]	dcac0020 ld     $t4,0x20($a1)
[va=98000000474fff90 pa=00000000474fff90]
2836 dcache  dcac0020 load  hit           pol=3 VA=98000000474fff90 PA=0474fff90 line=7c hitv=00010000 ro=23176504 tag=0474ff V=11111111 W=00000000 L=00000000
2836 Reg write t4=632d074d6de5fe0f
2837 PC=0x98000000405fed54 [00000000405fed54]	dca80030 ld     $t0,0x30($a1)
[va=98000000474fffa0 pa=00000000474fffa0]
2837 dcache  dca80030 load  miss refill   pol=3 VA=98000000474fffa0 PA=0474fffa0 line=7d hitv=00000000 ro=65301724 tag=000000 V=11111111 W=00000000 L=00000000
2837 scache  dca80030 load  miss refill   pol=3 VA=98000000474fffa0 PA=0474fffa0 line=ffd hitv=0000 ro=0321 tag=00000 V=1111 W=1011
2837 dmemacc: store 8 addr=051afffa0 data=aaed480ae0447ce6 mask=11111111 cline 
2837 dmemacc: store 8 addr=051afffa8 data=452027ac95ac5f31 mask=11111111 cline 
2837 dmemacc: store 8 addr=051afffb0 data=0000000000000000 mask=11111111 cline 
2837 dmemacc: store 8 addr=051afffb8 data=0000000000000001 mask=11111111 cline 
2837 Reg write t0=4b770340e59a5a2e
2838 PC=0x98000000405fed58 [00000000405fed58]	dca90038 ld     $t1,0x38($a1)
[va=98000000474fffa8 pa=00000000474fffa8]
2838 dcache  dca90038 load  hit           pol=3 VA=98000000474fffa8 PA=0474fffa8 line=7d hitv=01000000 ro=53017246 tag=0474ff V=11111111 W=00000000 L=00000000
2838 Reg write t1=9d490360e0b9bb69
2839 PC=0x98000000405fed5c [00000000405fed5c]	dca80000 ld     $t0,0x0($a1)
[va=98000000474fff70 pa=00000000474fff70]
2839 dcache  dca80000 load  hit           pol=3 VA=98000000474fff70 PA=0474fff70 line=7b hitv=00001000 ro=14760235 tag=0474ff V=11111111 W=00000000 L=00000000
2839 Reg write t0=62d54d37ba4a814c
2840 icache  dca80000 load  hit           pol=3 VA=98000000405fed60 PA=0405fed60 line=6b hitv=00000010 ro=23456701 tag=0405fe V=00000011 L=00000000
2840 PC=0x98000000405fed60 [00000000405fed60]	dca90008 ld     $t1,0x8($a1)
[va=98000000474fff78 pa=00000000474fff78]
2840 dcache  dca90008 load  hit           pol=3 VA=98000000474fff78 PA=0474fff78 line=7b hitv=00001000 ro=14760253 tag=0474ff V=11111111 W=00000000 L=00000000
2840 Reg write t1=3333333333333333
2841 PC=0x98000000405fed64 [00000000405fed64]	dcab0018 ld     $t3,0x18($a1)
[va=98000000474fff88 pa=00000000474fff88]
2841 dcache  dcab0018 load  hit           pol=3 VA=98000000474fff88 PA=0474fff88 line=7c hitv=00010000 ro=23176504 tag=0474ff V=11111111 W=00000000 L=00000000
2841 Reg write t3=1040b9a831ed5260
2842 PC=0x98000000405fed68 [00000000405fed68]	fc880000 sd     $t0,0x0($a0)
[va=980000005aafff80 pa=000000005aafff80]
2842 dcache  fc880000 store hit           pol=3 VA=980000005aafff80 PA=05aafff80 line=7c hitv=00000001 ro=23176504 tag=05aaff V=11111111 W=00000000 L=00000000
2842 scache  fc880000 store hit           pol=3 VA=980000005aafff80 PA=05aafff80 line=ffc hitv=0001 ro=1320 tag=02d57 V=1111 W=0011 data=62d54d37ba4a814c mask=11111111
2843 PC=0x98000000405fed6c [00000000405fed6c]	64a50040 daddiu $a1,$a1,0x40
2843 Reg write a1=98000000474fffb0
2844 icache  64a50040 load  hit           pol=3 VA=98000000405fed70 PA=0405fed70 line=6b hitv=00000010 ro=23456701 tag=0405fe V=00000011 L=00000000
2844 PC=0x98000000405fed70 [00000000405fed70]	64840040 daddiu $a0,$a0,0x40
2844 Reg write a0=980000005aafffc0
2845 PC=0x98000000405fed74 [00000000405fed74]	fc88fff0 sd     $t0,0xfffffff0($a0)
[va=980000005aafffb0 pa=000000005aafffb0]
2845 dcache  fc88fff0 store hit           pol=3 VA=980000005aafffb0 PA=05aafffb0 line=7d hitv=00000100 ro=53017246 tag=05aaff V=11111111 W=00000000 L=00000000
2845 scache  fc88fff0 store hit           pol=3 VA=980000005aafffb0 PA=05aafffb0 line=ffd hitv=0100 ro=3210 tag=02d57 V=1111 W=1010 data=62d54d37ba4a814c mask=11111111
2846 PC=0x98000000405fed78 [00000000405fed78]	fc8cffe0 sd     $t4,0xffffffe0($a0)
[va=980000005aafffa0 pa=000000005aafffa0]
2846 dcache  fc8cffe0 store hit           pol=3 VA=980000005aafffa0 PA=05aafffa0 line=7d hitv=00000100 ro=53017462 tag=05aaff V=11111111 W=00000000 L=00000000
2846 scache  fc8cffe0 store hit           pol=3 VA=980000005aafffa0 PA=05aafffa0 line=ffd hitv=0100 ro=3102 tag=02d57 V=1111 W=1110 data=632d074d6de5fe0f mask=11111111
2847 PC=0x98000000405fed7c [00000000405fed7c]	dcaa0010 ld     $t2,0x10($a1)
[va=98000000474fffc0 pa=00000000474fffc0]
2847 dcache  dcaa0010 load  miss refill   pol=3 VA=98000000474fffc0 PA=0474fffc0 line=7e hitv=00000000 ro=35607412 tag=000000 V=11111111 W=00000000 L=00000000
2847 scache  dcaa0010 load  miss refill   pol=3 VA=98000000474fffc0 PA=0474fffc0 line=ffe hitv=0000 ro=0312 tag=00000 V=1111 W=1110
2847 Reg write t2=c369310e877c1538
2848 icache  dcaa0010 load  hit           pol=3 VA=98000000405fed80 PA=0405fed80 line=6c hitv=00000010 ro=23456701 tag=0405fe V=00000011 L=00000000
2848 PC=0x98000000405fed80 [00000000405fed80]	fc890008 sd     $t1,0x8($a0)
[va=980000005aafffc8 pa=000000005aafffc8]
2848 dcache  fc890008 store hit           pol=3 VA=980000005aafffc8 PA=05aafffc8 line=7e hitv=10000000 ro=56074123 tag=05aaff V=11111111 W=00000000 L=00000000
2848 scache  fc890008 store miss wo/alloc pol=3 VA=980000005aafffc8 PA=05aafffc8 line=ffe hitv=0000 ro=3120 tag=00000 V=1111 W=1110 data=3333333333333333 mask=11111111
2848 dmemacc: store 8 addr=05aafffc8 data=3333333333333333 mask=11111111 
2849 PC=0x98000000405fed84 [00000000405fed84]	dcaf0028 ld     $t7,0x28($a1)
[va=98000000474fffd8 pa=00000000474fffd8]
2849 dcache  dcaf0028 load  hit           pol=3 VA=98000000474fffd8 PA=0474fffd8 line=7e hitv=00001000 ro=56041237 tag=0474ff V=11111111 W=00000000 L=00000000
2849 Reg write t7=917c5ffff12118fa
2850 PC=0x98000000405fed88 [00000000405fed88]	fc8fffe8 sd     $t7,0xffffffe8($a0)
[va=980000005aafffa8 pa=000000005aafffa8]
2850 dcache  fc8fffe8 store hit           pol=3 VA=980000005aafffa8 PA=05aafffa8 line=7d hitv=00000100 ro=53017462 tag=05aaff V=11111111 W=00000000 L=00000000
2850 scache  fc8fffe8 store hit           pol=3 VA=980000005aafffa8 PA=05aafffa8 line=ffd hitv=0100 ro=3102 tag=02d57 V=1111 W=1110 data=917c5ffff12118fa mask=11111111
2851 PC=0x98000000405fed8c [00000000405fed8c]	fc8bffd8 sd     $t3,0xffffffd8($a0)
[va=980000005aafff98 pa=000000005aafff98]
2851 dcache  fc8bffd8 store hit           pol=3 VA=980000005aafff98 PA=05aafff98 line=7c hitv=00000001 ro=23176540 tag=05aaff V=11111111 W=00000000 L=00000000
2851 scache  fc8bffd8 store hit           pol=3 VA=980000005aafff98 PA=05aafff98 line=ffc hitv=0001 ro=1320 tag=02d57 V=1111 W=0011 data=1040b9a831ed5260 mask=11111111
2852 icache  fc8bffd8 load  hit           pol=3 VA=98000000405fed90 PA=0405fed90 line=6c hitv=00000010 ro=23456701 tag=0405fe V=00000011 L=00000000
2852 PC=0x98000000405fed90 [00000000405fed90]	14c0ffed bne    $a2,$r0,0x98000000405fed48
2853 PC=0x98000000405fed94 [00000000405fed94]	64c6ffff daddiu $a2,$a2,0xffff
2853 Reg write a2=0000000000000005
2854 icache  64c6ffff load  hit           pol=3 VA=98000000405fed48 PA=0405fed40 line=6a hitv=00000100 ro=34567012 tag=0405fe V=00000111 L=00000000
2854 PC=0x98000000405fed48 [00000000405fed48]	fc8affd0 sd     $t2,0xffffffd0($a0)
[va=980000005aafff90 pa=000000005aafff90]
2854 dcache  fc8affd0 store hit           pol=3 VA=980000005aafff90 PA=05aafff90 line=7c hitv=00000001 ro=23176540 tag=05aaff V=11111111 W=00000000 L=00000000
2854 scache  fc8affd0 store hit           pol=3 VA=980000005aafff90 PA=05aafff90 line=ffc hitv=0001 ro=1320 tag=02d57 V=1111 W=0011 data=c369310e877c1538 mask=11111111
2855 PC=0x98000000405fed4c [00000000405fed4c]	fc89fff8 sd     $t1,0xfffffff8($a0)
[va=980000005aafffb8 pa=000000005aafffb8]
2855 dcache  fc89fff8 store hit           pol=3 VA=980000005aafffb8 PA=05aafffb8 line=7d hitv=00000100 ro=53017462 tag=05aaff V=11111111 W=00000000 L=00000000
2855 scache  fc89fff8 store hit           pol=3 VA=980000005aafffb8 PA=05aafffb8 line=ffd hitv=0100 ro=3102 tag=02d57 V=1111 W=1110 data=3333333333333333 mask=11111111
2856 icache  fc89fff8 load  hit           pol=3 VA=98000000405fed50 PA=0405fed50 line=6a hitv=00000100 ro=34567012 tag=0405fe V=00000111 L=00000000
2856 PC=0x98000000405fed50 [00000000405fed50]	dcac0020 ld     $t4,0x20($a1)
[va=98000000474fffd0 pa=00000000474fffd0]
2856 dcache  dcac0020 load  hit           pol=3 VA=98000000474fffd0 PA=0474fffd0 line=7e hitv=00001000 ro=56041273 tag=0474ff V=11111111 W=00000000 L=00000000
2856 Reg write t4=1c71c71c71c71c71
2857 PC=0x98000000405fed54 [00000000405fed54]	dca80030 ld     $t0,0x30($a1)
[va=98000000474fffe0 pa=00000000474fffe0]
2857 dcache  dca80030 load  miss refill   pol=3 VA=98000000474fffe0 PA=0474fffe0 line=7f hitv=00000000 ro=34501267 tag=000000 V=11111111 W=00000000 L=00000000
2857 scache  dca80030 load  miss refill   pol=3 VA=98000000474fffe0 PA=0474fffe0 line=fff hitv=0000 ro=3012 tag=00000 V=1111 W=1100
2857 dmemacc: store 8 addr=0541fffe0 data=47f49119986d0a73 mask=11111111 cline 
2857 dmemacc: store 8 addr=0541fffe8 data=518e1cad601c9a7b mask=11111111 cline 
2857 dmemacc: store 8 addr=0541ffff0 data=47f4fffffffffc00 mask=11111111 cline 
2857 dmemacc: store 8 addr=0541ffff8 data=0bb2ddde3f194769 mask=11111111 cline 
2857 Reg write t0=54a3a1b2638300d2
2858 PC=0x98000000405fed58 [00000000405fed58]	dca90038 ld     $t1,0x38($a1)
[va=98000000474fffe8 pa=00000000474fffe8]
2858 dcache  dca90038 load  hit           pol=3 VA=98000000474fffe8 PA=0474fffe8 line=7f hitv=00001000 ro=45012673 tag=0474ff V=11111111 W=00000000 L=00000000
2858 Reg write t1=07d44d5999cca87a
2859 PC=0x98000000405fed5c [00000000405fed5c]	dca80000 ld     $t0,0x0($a1)
[va=98000000474fffb0 pa=00000000474fffb0]
2859 dcache  dca80000 load  hit           pol=3 VA=98000000474fffb0 PA=0474fffb0 line=7d hitv=01000000 ro=53017462 tag=0474ff V=11111111 W=00000000 L=00000000
2859 Reg write t0=ffffffffffffffff
2860 icache  dca80000 load  hit           pol=3 VA=98000000405fed60 PA=0405fed60 line=6b hitv=00000010 ro=23456701 tag=0405fe V=00000011 L=00000000
2860 PC=0x98000000405fed60 [00000000405fed60]	dca90008 ld     $t1,0x8($a1)
[va=98000000474fffb8 pa=00000000474fffb8]
2860 dcache  dca90008 load  hit           pol=3 VA=98000000474fffb8 PA=0474fffb8 line=7d hitv=01000000 ro=53017426 tag=0474ff V=11111111 W=00000000 L=00000000
2860 Reg write t1=3c7c1f9790a840e3
2861 PC=0x98000000405fed64 [00000000405fed64]	dcab0018 ld     $t3,0x18($a1)
[va=98000000474fffc8 pa=00000000474fffc8]
2861 dcache  dcab0018 load  hit           pol=3 VA=98000000474fffc8 PA=0474fffc8 line=7e hitv=00001000 ro=56041273 tag=0474ff V=11111111 W=00000000 L=00000000
2861 Reg write t3=bfca476b6a14afa6
2862 PC=0x98000000405fed68 [00000000405fed68]	fc880000 sd     $t0,0x0($a0)
[va=980000005aafffc0 pa=000000005aafffc0]
2862 dcache  fc880000 store hit           pol=3 VA=980000005aafffc0 PA=05aafffc0 line=7e hitv=10000000 ro=56041273 tag=05aaff V=11111111 W=00000000 L=00000000
2862 scache  fc880000 store miss wo/alloc pol=3 VA=980000005aafffc0 PA=05aafffc0 line=ffe hitv=0000 ro=3120 tag=00000 V=1111 W=1110 data=ffffffffffffffff mask=11111111
2862 dmemacc: store 8 addr=05aafffc0 data=ffffffffffffffff mask=11111111 
2863 PC=0x98000000405fed6c [00000000405fed6c]	64a50040 daddiu $a1,$a1,0x40
2863 Reg write a1=98000000474ffff0
2864 icache  64a50040 load  hit           pol=3 VA=98000000405fed70 PA=0405fed70 line=6b hitv=00000010 ro=23456701 tag=0405fe V=00000011 L=00000000
2864 PC=0x98000000405fed70 [00000000405fed70]	64840040 daddiu $a0,$a0,0x40
2864 Reg write a0=980000005ab00000
2865 PC=0x98000000405fed74 [00000000405fed74]	fc88fff0 sd     $t0,0xfffffff0($a0)
[va=980000005aaffff0 pa=000000005aaffff0]
2865 dcache  fc88fff0 store hit           pol=3 VA=980000005aaffff0 PA=05aaffff0 line=7f hitv=00010000 ro=45012673 tag=05aaff V=11111111 W=00000000 L=00000000
2865 scache  fc88fff0 store miss wo/alloc pol=3 VA=980000005aaffff0 PA=05aaffff0 line=fff hitv=0000 ro=0123 tag=00000 V=1111 W=0100 data=ffffffffffffffff mask=11111111
2865 dmemacc: store 8 addr=05aaffff0 data=ffffffffffffffff mask=11111111 
2866 PC=0x98000000405fed78 [00000000405fed78]	fc8cffe0 sd     $t4,0xffffffe0($a0)
[va=980000005aafffe0 pa=000000005aafffe0]
2866 dcache  fc8cffe0 store hit           pol=3 VA=980000005aafffe0 PA=05aafffe0 line=7f hitv=00010000 ro=50126734 tag=05aaff V=11111111 W=00000000 L=00000000
2866 scache  fc8cffe0 store miss wo/alloc pol=3 VA=980000005aafffe0 PA=05aafffe0 line=fff hitv=0000 ro=0123 tag=00000 V=1111 W=0100 data=1c71c71c71c71c71 mask=11111111
2866 dmemacc: store 8 addr=05aafffe0 data=1c71c71c71c71c71 mask=11111111 
2867 PC=0x98000000405fed7c [00000000405fed7c]	dcaa0010 ld     $t2,0x10($a1)
[va=9800000047500000 pa=0000000047500000]
2867 dcache  dcaa0010 load  miss refill   pol=3 VA=9800000047500000 PA=047500000 line=00 hitv=00000000 ro=61407235 tag=000000 V=11111111 W=00000000 L=00000000
2867 scache  dcaa0010 load  miss refill   pol=3 VA=9800000047500000 PA=047500000 line=000 hitv=0000 ro=1230 tag=00000 V=1111 W=1001
2867 Reg write t2=334e7c5d610c9f9d
2868 icache  dcaa0010 load  hit           pol=3 VA=98000000405fed80 PA=0405fed80 line=6c hitv=00000010 ro=23456701 tag=0405fe V=00000011 L=00000000
2868 PC=0x98000000405fed80 [00000000405fed80]	fc890008 sd     $t1,0x8($a0)
[va=980000005ab00008 pa=000000005ab00008]
2868 dcache  fc890008 store hit           pol=3 VA=980000005ab00008 PA=05ab00008 line=00 hitv=00000100 ro=14072356 tag=05ab00 V=11111111 W=00000000 L=00000000
2868 scache  fc890008 store hit           pol=3 VA=980000005ab00008 PA=05ab00008 line=000 hitv=0100 ro=2301 tag=02d58 V=1111 W=1001 data=3c7c1f9790a840e3 mask=11111111
2869 PC=0x98000000405fed84 [00000000405fed84]	dcaf0028 ld     $t7,0x28($a1)
[va=9800000047500018 pa=0000000047500018]
2869 dcache  dcaf0028 load  hit           pol=3 VA=9800000047500018 PA=047500018 line=00 hitv=01000000 ro=14073562 tag=047500 V=11111111 W=00000000 L=00000000
2869 Reg write t7=ffffffffffffffff
2870 PC=0x98000000405fed88 [00000000405fed88]	fc8fffe8 sd     $t7,0xffffffe8($a0)
[va=980000005aafffe8 pa=000000005aafffe8]
2870 dcache  fc8fffe8 store hit           pol=3 VA=980000005aafffe8 PA=05aafffe8 line=7f hitv=00010000 ro=50126734 tag=05aaff V=11111111 W=00000000 L=00000000
2870 scache  fc8fffe8 store miss wo/alloc pol=3 VA=980000005aafffe8 PA=05aafffe8 line=fff hitv=0000 ro=0123 tag=00000 V=1111 W=0100 data=ffffffffffffffff mask=11111111
2870 dmemacc: store 8 addr=05aafffe8 data=ffffffffffffffff mask=11111111 
2871 PC=0x98000000405fed8c [00000000405fed8c]	fc8bffd8 sd     $t3,0xffffffd8($a0)
[va=980000005aafffd8 pa=000000005aafffd8]
2871 dcache  fc8bffd8 store hit           pol=3 VA=980000005aafffd8 PA=05aafffd8 line=7e hitv=10000000 ro=56041237 tag=05aaff V=11111111 W=00000000 L=00000000
2871 scache  fc8bffd8 store miss wo/alloc pol=3 VA=980000005aafffd8 PA=05aafffd8 line=ffe hitv=0000 ro=3120 tag=00000 V=1111 W=1110 data=bfca476b6a14afa6 mask=11111111
2871 dmemacc: store 8 addr=05aafffd8 data=bfca476b6a14afa6 mask=11111111 
2872 icache  fc8bffd8 load  hit           pol=3 VA=98000000405fed90 PA=0405fed90 line=6c hitv=00000010 ro=23456701 tag=0405fe V=00000011 L=00000000
2872 PC=0x98000000405fed90 [00000000405fed90]	14c0ffed bne    $a2,$r0,0x98000000405fed48
2873 PC=0x98000000405fed94 [00000000405fed94]	64c6ffff daddiu $a2,$a2,0xffff
2873 Reg write a2=0000000000000004
2874 icache  64c6ffff load  hit           pol=3 VA=98000000405fed48 PA=0405fed40 line=6a hitv=00000100 ro=34567012 tag=0405fe V=00000111 L=00000000
2874 PC=0x98000000405fed48 [00000000405fed48]	fc8affd0 sd     $t2,0xffffffd0($a0)
[va=980000005aafffd0 pa=000000005aafffd0]
2874 dcache  fc8affd0 store hit           pol=3 VA=980000005aafffd0 PA=05aafffd0 line=7e hitv=10000000 ro=56041237 tag=05aaff V=11111111 W=00000000 L=00000000
2874 scache  fc8affd0 store miss wo/alloc pol=3 VA=980000005aafffd0 PA=05aafffd0 line=ffe hitv=0000 ro=3120 tag=00000 V=1111 W=1110 data=334e7c5d610c9f9d mask=11111111
2874 dmemacc: store 8 addr=05aafffd0 data=334e7c5d610c9f9d mask=11111111 
2875 PC=0x98000000405fed4c [00000000405fed4c]	fc89fff8 sd     $t1,0xfffffff8($a0)
[va=980000005aaffff8 pa=000000005aaffff8]
2875 dcache  fc89fff8 store hit           pol=3 VA=980000005aaffff8 PA=05aaffff8 line=7f hitv=00010000 ro=50126734 tag=05aaff V=11111111 W=00000000 L=00000000
2875 scache  fc89fff8 store miss wo/alloc pol=3 VA=980000005aaffff8 PA=05aaffff8 line=fff hitv=0000 ro=0123 tag=00000 V=1111 W=0100 data=3c7c1f9790a840e3 mask=11111111
2875 dmemacc: store 8 addr=05aaffff8 data=3c7c1f9790a840e3 mask=11111111 
2876 icache  fc89fff8 load  hit           pol=3 VA=98000000405fed50 PA=0405fed50 line=6a hitv=00000100 ro=34567012 tag=0405fe V=00000111 L=00000000
2876 PC=0x98000000405fed50 [00000000405fed50]	dcac0020 ld     $t4,0x20($a1)
[va=9800000047500010 pa=0000000047500010]
2876 dcache  dcac0020 load  hit           pol=3 VA=9800000047500010 PA=047500010 line=00 hitv=01000000 ro=14073526 tag=047500 V=11111111 W=00000000 L=00000000
2876 Reg write t4=b044f11f3f00afe3
2877 PC=0x98000000405fed54 [00000000405fed54]	dca80030 ld     $t0,0x30($a1)
[va=9800000047500020 pa=0000000047500020]
2877 dcache  dca80030 load  miss refill   pol=3 VA=9800000047500020 PA=047500020 line=01 hitv=00000000 ro=45071623 tag=000000 V=11111111 W=00000000 L=00000000
2877 scache  dca80030 load  miss refill   pol=3 VA=9800000047500020 PA=047500020 line=001 hitv=0000 ro=2130 tag=00000 V=1111 W=1011
2877 Reg write t0=88dd0c1e383c8cf1
2878 PC=0x98000000405fed58 [00000000405fed58]	dca90038 ld     $t1,0x38($a1)
[va=9800000047500028 pa=0000000047500028]
2878 dcache  dca90038 load  hit           pol=3 VA=9800000047500028 PA=047500028 line=01 hitv=00010000 ro=50716234 tag=047500 V=11111111 W=00000000 L=00000000
2878 Reg write t1=3832c98fe1d1b3f2
2879 PC=0x98000000405fed5c [00000000405fed5c]	dca80000 ld     $t0,0x0($a1)
[va=98000000474ffff0 pa=00000000474ffff0]
2879 dcache  dca80000 load  hit           pol=3 VA=98000000474ffff0 PA=0474ffff0 line=7f hitv=00001000 ro=50126734 tag=0474ff V=11111111 W=00000000 L=00000000
2879 Reg write t0=8000000000000000
2880 icache  dca80000 load  hit           pol=3 VA=98000000405fed60 PA=0405fed60 line=6b hitv=00000010 ro=23456701 tag=0405fe V=00000011 L=00000000
2880 PC=0x98000000405fed60 [00000000405fed60]	dca90008 ld     $t1,0x8($a1)
[va=98000000474ffff8 pa=00000000474ffff8]
2880 dcache  dca90008 load  hit           pol=3 VA=98000000474ffff8 PA=0474ffff8 line=7f hitv=00001000 ro=50126743 tag=0474ff V=11111111 W=00000000 L=00000000
2880 Reg write t1=322e3d8a3b5cf333
2881 PC=0x98000000405fed64 [00000000405fed64]	dcab0018 ld     $t3,0x18($a1)
[va=9800000047500008 pa=0000000047500008]
2881 dcache  dcab0018 load  hit           pol=3 VA=9800000047500008 PA=047500008 line=00 hitv=01000000 ro=14073526 tag=047500 V=11111111 W=00000000 L=00000000
2881 Reg write t3=b1d7e881a25190eb
2882 PC=0x98000000405fed68 [00000000405fed68]	fc880000 sd     $t0,0x0($a0)
[va=980000005ab00000 pa=000000005ab00000]
2882 dcache  fc880000 store hit           pol=3 VA=980000005ab00000 PA=05ab00000 line=00 hitv=00000100 ro=14073526 tag=05ab00 V=11111111 W=00000000 L=00000000
2882 scache  fc880000 store hit           pol=3 VA=980000005ab00000 PA=05ab00000 line=000 hitv=0100 ro=3012 tag=02d58 V=1111 W=1101 data=8000000000000000 mask=11111111
2883 PC=0x98000000405fed6c [00000000405fed6c]	64a50040 daddiu $a1,$a1,0x40
2883 Reg write a1=9800000047500030
2884 icache  64a50040 load  hit           pol=3 VA=98000000405fed70 PA=0405fed70 line=6b hitv=00000010 ro=23456701 tag=0405fe V=00000011 L=00000000
2884 PC=0x98000000405fed70 [00000000405fed70]	64840040 daddiu $a0,$a0,0x40
2884 Reg write a0=980000005ab00040
2885 PC=0x98000000405fed74 [00000000405fed74]	fc88fff0 sd     $t0,0xfffffff0($a0)
[va=980000005ab00030 pa=000000005ab00030]
2885 dcache  fc88fff0 store hit           pol=3 VA=980000005ab00030 PA=05ab00030 line=01 hitv=00000010 ro=50716234 tag=05ab00 V=11111111 W=00000000 L=00000000
2885 scache  fc88fff0 store miss wo/alloc pol=3 VA=980000005ab00030 PA=05ab00030 line=001 hitv=0000 ro=1302 tag=00000 V=1111 W=1011 data=8000000000000000 mask=11111111
2885 dmemacc: store 8 addr=05ab00030 data=8000000000000000 mask=11111111 
2886 PC=0x98000000405fed78 [00000000405fed78]	fc8cffe0 sd     $t4,0xffffffe0($a0)
[va=980000005ab00020 pa=000000005ab00020]
2886 dcache  fc8cffe0 store hit           pol=3 VA=980000005ab00020 PA=05ab00020 line=01 hitv=00000010 ro=50762341 tag=05ab00 V=11111111 W=00000000 L=00000000
2886 scache  fc8cffe0 store miss wo/alloc pol=3 VA=980000005ab00020 PA=05ab00020 line=001 hitv=0000 ro=1302 tag=00000 V=1111 W=1011 data=b044f11f3f00afe3 mask=11111111
2886 dmemacc: store 8 addr=05ab00020 data=b044f11f3f00afe3 mask=11111111 
2887 PC=0x98000000405fed7c [00000000405fed7c]	dcaa0010 ld     $t2,0x10($a1)
[va=9800000047500040 pa=0000000047500040]
2887 dcache  dcaa0010 load  miss refill   pol=3 VA=9800000047500040 PA=047500040 line=02 hitv=00000000 ro=62705431 tag=000000 V=11111111 W=00000000 L=00000000
2887 scache  dcaa0010 load  miss refill   pol=3 VA=9800000047500040 PA=047500040 line=002 hitv=0000 ro=0231 tag=00000 V=1111 W=1011
2887 dmemacc: store 8 addr=055600040 data=f866cf08853b7415 mask=11111111 cline 
2887 dmemacc: store 8 addr=055600048 data=f548f0fc750a0746 mask=11111111 cline 
2887 dmemacc: store 8 addr=055600050 data=435375752f653752 mask=11111111 cline 
2887 dmemacc: store 8 addr=055600058 data=c7a7a99d8c59b628 mask=11111111 cline 
2887 Reg write t2=4ada5a56e8ef8871
2888 icache  dcaa0010 load  hit           pol=3 VA=98000000405fed80 PA=0405fed80 line=6c hitv=00000010 ro=23456701 tag=0405fe V=00000011 L=00000000
2888 PC=0x98000000405fed80 [00000000405fed80]	fc890008 sd     $t1,0x8($a0)
[va=980000005ab00048 pa=000000005ab00048]
2888 dcache  fc890008 store hit           pol=3 VA=980000005ab00048 PA=05ab00048 line=02 hitv=00010000 ro=27054316 tag=05ab00 V=11111111 W=00000000 L=00000000
2888 scache  fc890008 store hit           pol=3 VA=980000005ab00048 PA=05ab00048 line=002 hitv=0100 ro=2310 tag=02d58 V=1111 W=1010 data=322e3d8a3b5cf333 mask=11111111
2889 PC=0x98000000405fed84 [00000000405fed84]	dcaf0028 ld     $t7,0x28($a1)
[va=9800000047500058 pa=0000000047500058]
2889 dcache  dcaf0028 load  hit           pol=3 VA=9800000047500058 PA=047500058 line=02 hitv=01000000 ro=27053164 tag=047500 V=11111111 W=00000000 L=00000000
2889 Reg write t7=cd244a5489354345
2890 PC=0x98000000405fed88 [00000000405fed88]	fc8fffe8 sd     $t7,0xffffffe8($a0)
[va=980000005ab00028 pa=000000005ab00028]
2890 dcache  fc8fffe8 store hit           pol=3 VA=980000005ab00028 PA=05ab00028 line=01 hitv=00000010 ro=50762341 tag=05ab00 V=11111111 W=00000000 L=00000000
2890 scache  fc8fffe8 store miss wo/alloc pol=3 VA=980000005ab00028 PA=05ab00028 line=001 hitv=0000 ro=1302 tag=00000 V=1111 W=1011 data=cd244a5489354345 mask=11111111
2890 dmemacc: store 8 addr=05ab00028 data=cd244a5489354345 mask=11111111 
2891 PC=0x98000000405fed8c [00000000405fed8c]	fc8bffd8 sd     $t3,0xffffffd8($a0)
[va=980000005ab00018 pa=000000005ab00018]
2891 dcache  fc8bffd8 store hit           pol=3 VA=980000005ab00018 PA=05ab00018 line=00 hitv=00000100 ro=14073562 tag=05ab00 V=11111111 W=00000000 L=00000000
2891 scache  fc8bffd8 store hit           pol=3 VA=980000005ab00018 PA=05ab00018 line=000 hitv=0100 ro=3012 tag=02d58 V=1111 W=1101 data=b1d7e881a25190eb mask=11111111
2892 icache  fc8bffd8 load  hit           pol=3 VA=98000000405fed90 PA=0405fed90 line=6c hitv=00000010 ro=23456701 tag=0405fe V=00000011 L=00000000
2892 PC=0x98000000405fed90 [00000000405fed90]	14c0ffed bne    $a2,$r0,0x98000000405fed48
2893 PC=0x98000000405fed94 [00000000405fed94]	64c6ffff daddiu $a2,$a2,0xffff
2893 Reg write a2=0000000000000003
2894 icache  64c6ffff load  hit           pol=3 VA=98000000405fed48 PA=0405fed40 line=6a hitv=00000100 ro=34567012 tag=0405fe V=00000111 L=00000000
2894 PC=0x98000000405fed48 [00000000405fed48]	fc8affd0 sd     $t2,0xffffffd0($a0)
[va=980000005ab00010 pa=000000005ab00010]
2894 dcache  fc8affd0 store hit           pol=3 VA=980000005ab00010 PA=05ab00010 line=00 hitv=00000100 ro=14073562 tag=05ab00 V=11111111 W=00000000 L=00000000
2894 scache  fc8affd0 store hit           pol=3 VA=980000005ab00010 PA=05ab00010 line=000 hitv=0100 ro=3012 tag=02d58 V=1111 W=1101 data=4ada5a56e8ef8871 mask=11111111
2895 PC=0x98000000405fed4c [00000000405fed4c]	fc89fff8 sd     $t1,0xfffffff8($a0)
[va=980000005ab00038 pa=000000005ab00038]
2895 dcache  fc89fff8 store hit           pol=3 VA=980000005ab00038 PA=05ab00038 line=01 hitv=00000010 ro=50762341 tag=05ab00 V=11111111 W=00000000 L=00000000
2895 scache  fc89fff8 store miss wo/alloc pol=3 VA=980000005ab00038 PA=05ab00038 line=001 hitv=0000 ro=1302 tag=00000 V=1111 W=1011 data=322e3d8a3b5cf333 mask=11111111
2895 dmemacc: store 8 addr=05ab00038 data=322e3d8a3b5cf333 mask=11111111 
2896 icache  fc89fff8 load  hit           pol=3 VA=98000000405fed50 PA=0405fed50 line=6a hitv=00000100 ro=34567012 tag=0405fe V=00000111 L=00000000
2896 PC=0x98000000405fed50 [00000000405fed50]	dcac0020 ld     $t4,0x20($a1)
[va=9800000047500050 pa=0000000047500050]
2896 dcache  dcac0020 load  hit           pol=3 VA=9800000047500050 PA=047500050 line=02 hitv=01000000 ro=27053146 tag=047500 V=11111111 W=00000000 L=00000000
2896 Reg write t4=de32359c6a084748
2897 PC=0x98000000405fed54 [00000000405fed54]	dca80030 ld     $t0,0x30($a1)
[va=9800000047500060 pa=0000000047500060]
2897 dcache  dca80030 load  miss refill   pol=3 VA=9800000047500060 PA=047500060 line=03 hitv=00000000 ro=32456701 tag=000000 V=11111111 W=00000000 L=00000000
2897 scache  dca80030 load  miss refill   pol=3 VA=9800000047500060 PA=047500060 line=003 hitv=0000 ro=0132 tag=00000 V=1111 W=0111
2897 dmemacc: store 8 addr=055600060 data=7fffffffffffffff mask=11111111 cline 
2897 dmemacc: store 8 addr=055600068 data=29e8557e76795dba mask=11111111 cline 
2897 dmemacc: store 8 addr=055600070 data=8931f9fbc18af508 mask=11111111 cline 
2897 dmemacc: store 8 addr=055600078 data=0000000000000000 mask=11111111 cline 
2897 Reg write t0=0000000000000000
2898 PC=0x98000000405fed58 [00000000405fed58]	dca90038 ld     $t1,0x38($a1)
[va=9800000047500068 pa=0000000047500068]
2898 dcache  dca90038 load  hit           pol=3 VA=9800000047500068 PA=047500068 line=03 hitv=00001000 ro=24567013 tag=047500 V=11111111 W=00000000 L=00000000
2898 Reg write t1=0000000000000001
2899 PC=0x98000000405fed5c [00000000405fed5c]	dca80000 ld     $t0,0x0($a1)
[va=9800000047500030 pa=0000000047500030]
2899 dcache  dca80000 load  hit           pol=3 VA=9800000047500030 PA=047500030 line=01 hitv=00010000 ro=50762341 tag=047500 V=11111111 W=00000000 L=00000000
2899 Reg write t0=ffffffffffffffff
2900 icache  dca80000 load  hit           pol=3 VA=98000000405fed60 PA=0405fed60 line=6b hitv=00000010 ro=23456701 tag=0405fe V=00000011 L=00000000
2900 PC=0x98000000405fed60 [00000000405fed60]	dca90008 ld     $t1,0x8($a1)
[va=9800000047500038 pa=0000000047500038]
2900 dcache  dca90008 load  hit           pol=3 VA=9800000047500038 PA=047500038 line=01 hitv=00010000 ro=50762314 tag=047500 V=11111111 W=00000000 L=00000000
2900 Reg write t1=6b19064a40394d0c
2901 PC=0x98000000405fed64 [00000000405fed64]	dcab0018 ld     $t3,0x18($a1)
[va=9800000047500048 pa=0000000047500048]
2901 dcache  dcab0018 load  hit           pol=3 VA=9800000047500048 PA=047500048 line=02 hitv=01000000 ro=27053146 tag=047500 V=11111111 W=00000000 L=00000000
2901 Reg write t3=ffffffffffffffff
2902 PC=0x98000000405fed68 [00000000405fed68]	fc880000 sd     $t0,0x0($a0)
[va=980000005ab00040 pa=000000005ab00040]
2902 dcache  fc880000 store hit           pol=3 VA=980000005ab00040 PA=05ab00040 line=02 hitv=00010000 ro=27053146 tag=05ab00 V=11111111 W=00000000 L=00000000
2902 scache  fc880000 store hit           pol=3 VA=980000005ab00040 PA=05ab00040 line=002 hitv=0100 ro=3102 tag=02d58 V=1111 W=1110 data=ffffffffffffffff mask=11111111
2903 PC=0x98000000405fed6c [00000000405fed6c]	64a50040 daddiu $a1,$a1,0x40
2903 Reg write a1=9800000047500070
2904 icache  64a50040 load  hit           pol=3 VA=98000000405fed70 PA=0405fed70 line=6b hitv=00000010 ro=23456701 tag=0405fe V=00000011 L=00000000
2904 PC=0x98000000405fed70 [00000000405fed70]	64840040 daddiu $a0,$a0,0x40
2904 Reg write a0=980000005ab00080
2905 PC=0x98000000405fed74 [00000000405fed74]	fc88fff0 sd     $t0,0xfffffff0($a0)
[va=980000005ab00070 pa=000000005ab00070]
2905 dcache  fc88fff0 store hit           pol=3 VA=980000005ab00070 PA=05ab00070 line=03 hitv=00000010 ro=24567013 tag=05ab00 V=11111111 W=00000000 L=00000000
2905 scache  fc88fff0 store hit           pol=3 VA=980000005ab00070 PA=05ab00070 line=003 hitv=1000 ro=1320 tag=02d58 V=1111 W=0110 data=ffffffffffffffff mask=11111111
2906 PC=0x98000000405fed78 [00000000405fed78]	fc8cffe0 sd     $t4,0xffffffe0($a0)
[va=980000005ab00060 pa=000000005ab00060]
2906 dcache  fc8cffe0 store hit           pol=3 VA=980000005ab00060 PA=05ab00060 line=03 hitv=00000010 ro=24567031 tag=05ab00 V=11111111 W=00000000 L=00000000
2906 scache  fc8cffe0 store hit           pol=3 VA=980000005ab00060 PA=05ab00060 line=003 hitv=1000 ro=1203 tag=02d58 V=1111 W=1110 data=de32359c6a084748 mask=11111111
2907 PC=0x98000000405fed7c [00000000405fed7c]	dcaa0010 ld     $t2,0x10($a1)
[va=9800000047500080 pa=0000000047500080]
2907 dcache  dcaa0010 load  miss refill   pol=3 VA=9800000047500080 PA=047500080 line=04 hitv=00000000 ro=67012435 tag=000000 V=11111111 W=00000000 L=00000000
2907 scache  dcaa0010 load  miss refill   pol=3 VA=9800000047500080 PA=047500080 line=004 hitv=0000 ro=1203 tag=00000 V=1111 W=1100
2907 Reg write t2=fffffff000000000
2908 icache  dcaa0010 load  hit           pol=3 VA=98000000405fed80 PA=0405fed80 line=6c hitv=00000010 ro=23456701 tag=0405fe V=00000011 L=00000000
2908 PC=0x98000000405fed80 [00000000405fed80]	fc890008 sd     $t1,0x8($a0)
[va=980000005ab00088 pa=000000005ab00088]
2908 dcache  fc890008 store hit           pol=3 VA=980000005ab00088 PA=05ab00088 line=04 hitv=00010000 ro=70124356 tag=05ab00 V=11111111 W=00000000 L=00000000
2908 scache  fc890008 store hit           pol=3 VA=980000005ab00088 PA=05ab00088 line=004 hitv=0001 ro=2031 tag=02d58 V=1111 W=1100 data=6b19064a40394d0c mask=11111111
2909 PC=0x98000000405fed84 [00000000405fed84]	dcaf0028 ld     $t7,0x28($a1)
[va=9800000047500098 pa=0000000047500098]
2909 dcache  dcaf0028 load  hit           pol=3 VA=9800000047500098 PA=047500098 line=04 hitv=01000000 ro=70123564 tag=047500 V=11111111 W=00000000 L=00000000
2909 Reg write t7=fac19bcecd0627f3
2910 PC=0x98000000405fed88 [00000000405fed88]	fc8fffe8 sd     $t7,0xffffffe8($a0)
[va=980000005ab00068 pa=000000005ab00068]
2910 dcache  fc8fffe8 store hit           pol=3 VA=980000005ab00068 PA=05ab00068 line=03 hitv=00000010 ro=24567031 tag=05ab00 V=11111111 W=00000000 L=00000000
2910 scache  fc8fffe8 store hit           pol=3 VA=980000005ab00068 PA=05ab00068 line=003 hitv=1000 ro=1203 tag=02d58 V=1111 W=1110 data=fac19bcecd0627f3 mask=11111111
2911 PC=0x98000000405fed8c [00000000405fed8c]	fc8bffd8 sd     $t3,0xffffffd8($a0)
[va=980000005ab00058 pa=000000005ab00058]
2911 dcache  fc8bffd8 store hit           pol=3 VA=980000005ab00058 PA=05ab00058 line=02 hitv=00010000 ro=27053164 tag=05ab00 V=11111111 W=00000000 L=00000000
2911 scache  fc8bffd8 store hit           pol=3 VA=980000005ab00058 PA=05ab00058 line=002 hitv=0100 ro=3102 tag=02d58 V=1111 W=1110 data=ffffffffffffffff mask=11111111
2912 icache  fc8bffd8 load  hit           pol=3 VA=98000000405fed90 PA=0405fed90 line=6c hitv=00000010 ro=23456701 tag=0405fe V=00000011 L=00000000
2912 PC=0x98000000405fed90 [00000000405fed90]	14c0ffed bne    $a2,$r0,0x98000000405fed48
2913 PC=0x98000000405fed94 [00000000405fed94]	64c6ffff daddiu $a2,$a2,0xffff
2913 Reg write a2=0000000000000002
2914 icache  64c6ffff load  hit           pol=3 VA=98000000405fed48 PA=0405fed40 line=6a hitv=00000100 ro=34567012 tag=0405fe V=00000111 L=00000000
2914 PC=0x98000000405fed48 [00000000405fed48]	fc8affd0 sd     $t2,0xffffffd0($a0)
[va=980000005ab00050 pa=000000005ab00050]
2914 dcache  fc8affd0 store hit           pol=3 VA=980000005ab00050 PA=05ab00050 line=02 hitv=00010000 ro=27053164 tag=05ab00 V=11111111 W=00000000 L=00000000
2914 scache  fc8affd0 store hit           pol=3 VA=980000005ab00050 PA=05ab00050 line=002 hitv=0100 ro=3102 tag=02d58 V=1111 W=1110 data=fffffff000000000 mask=11111111
2915 PC=0x98000000405fed4c [00000000405fed4c]	fc89fff8 sd     $t1,0xfffffff8($a0)
[va=980000005ab00078 pa=000000005ab00078]
2915 dcache  fc89fff8 store hit           pol=3 VA=980000005ab00078 PA=05ab00078 line=03 hitv=00000010 ro=24567031 tag=05ab00 V=11111111 W=00000000 L=00000000
2915 scache  fc89fff8 store hit           pol=3 VA=980000005ab00078 PA=05ab00078 line=003 hitv=1000 ro=1203 tag=02d58 V=1111 W=1110 data=6b19064a40394d0c mask=11111111
2916 icache  fc89fff8 load  hit           pol=3 VA=98000000405fed50 PA=0405fed50 line=6a hitv=00000100 ro=34567012 tag=0405fe V=00000111 L=00000000
2916 PC=0x98000000405fed50 [00000000405fed50]	dcac0020 ld     $t4,0x20($a1)
[va=9800000047500090 pa=0000000047500090]
2916 dcache  dcac0020 load  hit           pol=3 VA=9800000047500090 PA=047500090 line=04 hitv=01000000 ro=70123546 tag=047500 V=11111111 W=00000000 L=00000000
2916 Reg write t4=f04b989839c56ba8
2917 PC=0x98000000405fed54 [00000000405fed54]	dca80030 ld     $t0,0x30($a1)
[va=98000000475000a0 pa=00000000475000a0]
2917 dcache  dca80030 load  miss refill   pol=3 VA=98000000475000a0 PA=0475000a0 line=05 hitv=00000000 ro=34671250 tag=000000 V=11111111 W=00000000 L=00000000
2917 scache  dca80030 load  miss refill   pol=3 VA=98000000475000a0 PA=0475000a0 line=005 hitv=0000 ro=0231 tag=00000 V=1111 W=1101
2917 dmemacc: store 8 addr=04b2000a0 data=8000000000000000 mask=11111111 cline 
2917 dmemacc: store 8 addr=04b2000a8 data=469d658accb759f0 mask=11111111 cline 
2917 dmemacc: store 8 addr=04b2000b0 data=f5026cbbde5d170f mask=11111111 cline 
2917 dmemacc: store 8 addr=04b2000b8 data=7fffffffffffffff mask=11111111 cline 
2917 Reg write t0=f007fc01ff007fc0
2918 PC=0x98000000405fed58 [00000000405fed58]	dca90038 ld     $t1,0x38($a1)
[va=98000000475000a8 pa=00000000475000a8]
2918 dcache  dca90038 load  hit           pol=3 VA=98000000475000a8 PA=0475000a8 line=05 hitv=00001000 ro=46712503 tag=047500 V=11111111 W=00000000 L=00000000
2918 Reg write t1=f4e7193b39c0a270
2919 PC=0x98000000405fed5c [00000000405fed5c]	dca80000 ld     $t0,0x0($a1)
[va=9800000047500070 pa=0000000047500070]
2919 dcache  dca80000 load  hit           pol=3 VA=9800000047500070 PA=047500070 line=03 hitv=00001000 ro=24567031 tag=047500 V=11111111 W=00000000 L=00000000
2919 Reg write t0=b5b7c32670118fd4
2920 icache  dca80000 load  hit           pol=3 VA=98000000405fed60 PA=0405fed60 line=6b hitv=00000010 ro=23456701 tag=0405fe V=00000011 L=00000000
2920 PC=0x98000000405fed60 [00000000405fed60]	dca90008 ld     $t1,0x8($a1)
[va=9800000047500078 pa=0000000047500078]
2920 dcache  dca90008 load  hit           pol=3 VA=9800000047500078 PA=047500078 line=03 hitv=00001000 ro=24567013 tag=047500 V=11111111 W=00000000 L=00000000
2920 Reg write t1=6f690a19099f9e55
2921 PC=0x98000000405fed64 [00000000405fed64]	dcab0018 ld     $t3,0x18($a1)
[va=9800000047500088 pa=0000000047500088]
2921 dcache  dcab0018 load  hit           pol=3 VA=9800000047500088 PA=047500088 line=04 hitv=01000000 ro=70123546 tag=047500 V=11111111 W=00000000 L=00000000
2921 Reg write t3=2ec19e4ce07558d5
2922 PC=0x98000000405fed68 [00000000405fed68]	fc880000 sd     $t0,0x0($a0)
[va=980000005ab00080 pa=000000005ab00080]
2922 dcache  fc880000 store hit           pol=3 VA=980000005ab00080 PA=05ab00080 line=04 hitv=00010000 ro=70123546 tag=05ab00 V=11111111 W=00000000 L=00000000
2922 scache  fc880000 store hit           pol=3 VA=980000005ab00080 PA=05ab00080 line=004 hitv=0001 ro=2310 tag=02d58 V=1111 W=1101 data=b5b7c32670118fd4 mask=11111111
2923 PC=0x98000000405fed6c [00000000405fed6c]	64a50040 daddiu $a1,$a1,0x40
2923 Reg write a1=98000000475000b0
2924 icache  64a50040 load  hit           pol=3 VA=98000000405fed70 PA=0405fed70 line=6b hitv=00000010 ro=23456701 tag=0405fe V=00000011 L=00000000
2924 PC=0x98000000405fed70 [00000000405fed70]	64840040 daddiu $a0,$a0,0x40
2924 Reg write a0=980000005ab000c0
2925 PC=0x98000000405fed74 [00000000405fed74]	fc88fff0 sd     $t0,0xfffffff0($a0)
[va=980000005ab000b0 pa=000000005ab000b0]
2925 dcache  fc88fff0 store hit           pol=3 VA=980000005ab000b0 PA=05ab000b0 line=05 hitv=00000100 ro=46712503 tag=05ab00 V=11111111 W=00000000 L=00000000
2925 scache  fc88fff0 store hit           pol=3 VA=980000005ab000b0 PA=05ab000b0 line=005 hitv=0010 ro=2310 tag=02d58 V=1111 W=1100 data=b5b7c32670118fd4 mask=11111111
2926 PC=0x98000000405fed78 [00000000405fed78]	fc8cffe0 sd     $t4,0xffffffe0($a0)
[va=980000005ab000a0 pa=000000005ab000a0]
2926 dcache  fc8cffe0 store hit           pol=3 VA=980000005ab000a0 PA=05ab000a0 line=05 hitv=00000100 ro=46715032 tag=05ab00 V=11111111 W=00000000 L=00000000
2926 scache  fc8cffe0 store hit           pol=3 VA=980000005ab000a0 PA=05ab000a0 line=005 hitv=0010 ro=2301 tag=02d58 V=1111 W=1110 data=f04b989839c56ba8 mask=11111111
2927 PC=0x98000000405fed7c [00000000405fed7c]	dcaa0010 ld     $t2,0x10($a1)
[va=98000000475000c0 pa=00000000475000c0]
2927 dcache  dcaa0010 load  miss refill   pol=3 VA=98000000475000c0 PA=0475000c0 line=06 hitv=00000000 ro=12567034 tag=000000 V=11111111 W=00000000 L=00000000
2927 scache  dcaa0010 load  miss refill   pol=3 VA=98000000475000c0 PA=0475000c0 line=006 hitv=0000 ro=2013 tag=00000 V=1111 W=1110
2927 dmemacc: store 8 addr=0502000c0 data=de9e77632c54f51d mask=11111111 cline 
2927 dmemacc: store 8 addr=0502000c8 data=0000000000000000 mask=11111111 cline 
2927 dmemacc: store 8 addr=0502000d0 data=000000149d9a3c70 mask=11111111 cline 
2927 dmemacc: store 8 addr=0502000d8 data=8000000000000000 mask=11111111 cline 
2927 Reg write t2=537470028175cda0
2928 icache  dcaa0010 load  hit           pol=3 VA=98000000405fed80 PA=0405fed80 line=6c hitv=00000010 ro=23456701 tag=0405fe V=00000011 L=00000000
2928 PC=0x98000000405fed80 [00000000405fed80]	fc890008 sd     $t1,0x8($a0)
[va=980000005ab000c8 pa=000000005ab000c8]
2928 dcache  fc890008 store miss w/alloc  pol=3 VA=980000005ab000c8 PA=05ab000c8 line=06 hitv=00000000 ro=25670341 tag=000000 V=11111111 W=00000000 L=00000000
2928 scache  fc890008 store miss w/alloc  pol=3 VA=980000005ab000c8 PA=05ab000c8 line=006 hitv=0000 ro=0132 tag=00000 V=1111 W=1010 data=6f690a19099f9e55 mask=11111111
2929 PC=0x98000000405fed84 [00000000405fed84]	dcaf0028 ld     $t7,0x28($a1)
[va=98000000475000d8 pa=00000000475000d8]
2929 dcache  dcaf0028 load  hit           pol=3 VA=98000000475000d8 PA=0475000d8 line=06 hitv=00000010 ro=56703412 tag=047500 V=11111111 W=00000000 L=00000000
2929 Reg write t7=ffffffffffffffff
2930 PC=0x98000000405fed88 [00000000405fed88]	fc8fffe8 sd     $t7,0xffffffe8($a0)
[va=980000005ab000a8 pa=000000005ab000a8]
2930 dcache  fc8fffe8 store hit           pol=3 VA=980000005ab000a8 PA=05ab000a8 line=05 hitv=00000100 ro=46715032 tag=05ab00 V=11111111 W=00000000 L=00000000
2930 scache  fc8fffe8 store hit           pol=3 VA=980000005ab000a8 PA=05ab000a8 line=005 hitv=0010 ro=2301 tag=02d58 V=1111 W=1110 data=ffffffffffffffff mask=11111111
2931 PC=0x98000000405fed8c [00000000405fed8c]	fc8bffd8 sd     $t3,0xffffffd8($a0)
[va=980000005ab00098 pa=000000005ab00098]
2931 dcache  fc8bffd8 store hit           pol=3 VA=980000005ab00098 PA=05ab00098 line=04 hitv=00010000 ro=70123564 tag=05ab00 V=11111111 W=00000000 L=00000000
2931 scache  fc8bffd8 store hit           pol=3 VA=980000005ab00098 PA=05ab00098 line=004 hitv=0001 ro=2310 tag=02d58 V=1111 W=1101 data=2ec19e4ce07558d5 mask=11111111
2932 icache  fc8bffd8 load  hit           pol=3 VA=98000000405fed90 PA=0405fed90 line=6c hitv=00000010 ro=23456701 tag=0405fe V=00000011 L=00000000
2932 PC=0x98000000405fed90 [00000000405fed90]	14c0ffed bne    $a2,$r0,0x98000000405fed48
2933 PC=0x98000000405fed94 [00000000405fed94]	64c6ffff daddiu $a2,$a2,0xffff
2933 Reg write a2=0000000000000001
2934 icache  64c6ffff load  hit           pol=3 VA=98000000405fed48 PA=0405fed40 line=6a hitv=00000100 ro=34567012 tag=0405fe V=00000111 L=00000000
2934 PC=0x98000000405fed48 [00000000405fed48]	fc8affd0 sd     $t2,0xffffffd0($a0)
[va=980000005ab00090 pa=000000005ab00090]
2934 dcache  fc8affd0 store hit           pol=3 VA=980000005ab00090 PA=05ab00090 line=04 hitv=00010000 ro=70123564 tag=05ab00 V=11111111 W=00000000 L=00000000
2934 scache  fc8affd0 store hit           pol=3 VA=980000005ab00090 PA=05ab00090 line=004 hitv=0001 ro=2310 tag=02d58 V=1111 W=1101 data=537470028175cda0 mask=11111111
2935 PC=0x98000000405fed4c [00000000405fed4c]	fc89fff8 sd     $t1,0xfffffff8($a0)
[va=980000005ab000b8 pa=000000005ab000b8]
2935 dcache  fc89fff8 store hit           pol=3 VA=980000005ab000b8 PA=05ab000b8 line=05 hitv=00000100 ro=46715032 tag=05ab00 V=11111111 W=00000000 L=00000000
2935 scache  fc89fff8 store hit           pol=3 VA=980000005ab000b8 PA=05ab000b8 line=005 hitv=0010 ro=2301 tag=02d58 V=1111 W=1110 data=6f690a19099f9e55 mask=11111111
2936 icache  fc89fff8 load  hit           pol=3 VA=98000000405fed50 PA=0405fed50 line=6a hitv=00000100 ro=34567012 tag=0405fe V=00000111 L=00000000
2936 PC=0x98000000405fed50 [00000000405fed50]	dcac0020 ld     $t4,0x20($a1)
[va=98000000475000d0 pa=00000000475000d0]
2936 dcache  dcac0020 load  hit           pol=3 VA=98000000475000d0 PA=0475000d0 line=06 hitv=00000010 ro=56703421 tag=047500 V=11111111 W=00000000 L=00000000
2936 Reg write t4=ece4545c577a214d
2937 PC=0x98000000405fed54 [00000000405fed54]	dca80030 ld     $t0,0x30($a1)
[va=98000000475000e0 pa=00000000475000e0]
2937 dcache  dca80030 load  miss refill   pol=3 VA=98000000475000e0 PA=0475000e0 line=07 hitv=00000000 ro=46012537 tag=000000 V=11111111 W=00000000 L=00000000
2937 scache  dca80030 load  miss refill   pol=3 VA=98000000475000e0 PA=0475000e0 line=007 hitv=0000 ro=3012 tag=00000 V=1111 W=1111
2937 dmemacc: store 8 addr=0502000e0 data=64d10f2256951d34 mask=11111111 cline 
2937 dmemacc: store 8 addr=0502000e8 data=ffffffffffffffff mask=11111111 cline 
2937 dmemacc: store 8 addr=0502000f0 data=000000009a4a569f mask=11111111 cline 
2937 dmemacc: store 8 addr=0502000f8 data=a4bd850afc3cf473 mask=11111111 cline 
2937 Reg write t0=f5409c594a2404b8
2938 PC=0x98000000405fed58 [00000000405fed58]	dca90038 ld     $t1,0x38($a1)
[va=98000000475000e8 pa=00000000475000e8]
2938 dcache  dca90038 load  hit           pol=3 VA=98000000475000e8 PA=0475000e8 line=07 hitv=00010000 ro=60125374 tag=047500 V=11111111 W=00000000 L=00000000
2938 Reg write t1=00003fffffffffff
2939 PC=0x98000000405fed5c [00000000405fed5c]	dca80000 ld     $t0,0x0($a1)
[va=98000000475000b0 pa=00000000475000b0]
2939 dcache  dca80000 load  hit           pol=3 VA=98000000475000b0 PA=0475000b0 line=05 hitv=00001000 ro=46715032 tag=047500 V=11111111 W=00000000 L=00000000
2939 Reg write t0=a41a1f099e934724
2940 icache  dca80000 load  hit           pol=3 VA=98000000405fed60 PA=0405fed60 line=6b hitv=00000010 ro=23456701 tag=0405fe V=00000011 L=00000000
2940 PC=0x98000000405fed60 [00000000405fed60]	dca90008 ld     $t1,0x8($a1)
[va=98000000475000b8 pa=00000000475000b8]
2940 dcache  dca90008 load  hit           pol=3 VA=98000000475000b8 PA=0475000b8 line=05 hitv=00001000 ro=46715023 tag=047500 V=11111111 W=00000000 L=00000000
2940 Reg write t1=0000000000000001
2941 PC=0x98000000405fed64 [00000000405fed64]	dcab0018 ld     $t3,0x18($a1)
[va=98000000475000c8 pa=00000000475000c8]
2941 dcache  dcab0018 load  hit           pol=3 VA=98000000475000c8 PA=0475000c8 line=06 hitv=00000010 ro=56703421 tag=047500 V=11111111 W=00000000 L=00000000
2941 Reg write t3=fff8000000000000
2942 PC=0x98000000405fed68 [00000000405fed68]	fc880000 sd     $t0,0x0($a0)
[va=980000005ab000c0 pa=000000005ab000c0]
2942 dcache  fc880000 store hit           pol=3 VA=980000005ab000c0 PA=05ab000c0 line=06 hitv=00000100 ro=56703421 tag=05ab00 V=11111111 W=00000000 L=00000000
2942 scache  fc880000 store hit           pol=3 VA=980000005ab000c0 PA=05ab000c0 line=006 hitv=0001 ro=1320 tag=02d58 V=1111 W=1011 data=a41a1f099e934724 mask=11111111
2943 PC=0x98000000405fed6c [00000000405fed6c]	64a50040 daddiu $a1,$a1,0x40
2943 Reg write a1=98000000475000f0
2944 icache  64a50040 load  hit           pol=3 VA=98000000405fed70 PA=0405fed70 line=6b hitv=00000010 ro=23456701 tag=0405fe V=00000011 L=00000000
2944 PC=0x98000000405fed70 [00000000405fed70]	64840040 daddiu $a0,$a0,0x40
2944 Reg write a0=980000005ab00100
2945 PC=0x98000000405fed74 [00000000405fed74]	fc88fff0 sd     $t0,0xfffffff0($a0)
[va=980000005ab000f0 pa=000000005ab000f0]
2945 dcache  fc88fff0 store miss w/alloc  pol=3 VA=980000005ab000f0 PA=05ab000f0 line=07 hitv=00000000 ro=60125374 tag=000000 V=11111111 W=00000000 L=00000000
2945 scache  fc88fff0 store miss w/alloc  pol=3 VA=980000005ab000f0 PA=05ab000f0 line=007 hitv=0000 ro=0123 tag=00000 V=1111 W=0111 data=a41a1f099e934724 mask=11111111
2945 dmemacc: store 8 addr=0518000e0 data=000fffc000fffca5 mask=11111111 cline 
2945 dmemacc: store 8 addr=0518000e8 data=ffffffffffffffff mask=11111111 cline 
2945 dmemacc: store 8 addr=0518000f0 data=c71c71c7fffffff5 mask=11111111 cline 
2945 dmemacc: store 8 addr=0518000f8 data=5a870ada003f550c mask=11111111 cline 
2946 PC=0x98000000405fed78 [00000000405fed78]	fc8cffe0 sd     $t4,0xffffffe0($a0)
[va=980000005ab000e0 pa=000000005ab000e0]
2946 dcache  fc8cffe0 store hit           pol=3 VA=980000005ab000e0 PA=05ab000e0 line=07 hitv=01000000 ro=01253746 tag=05ab00 V=11111111 W=00000000 L=00000000
2946 scache  fc8cffe0 store hit           pol=3 VA=980000005ab000e0 PA=05ab000e0 line=007 hitv=0001 ro=1230 tag=02d58 V=1111 W=0111 data=ece4545c577a214d mask=11111111
2947 PC=0x98000000405fed7c [00000000405fed7c]	dcaa0010 ld     $t2,0x10($a1)
[va=9800000047500100 pa=0000000047500100]
2947 dcache  dcaa0010 load  miss refill   pol=3 VA=9800000047500100 PA=047500100 line=08 hitv=00000000 ro=67013254 tag=000000 V=11111111 W=00000000 L=00000000
2947 scache  dcaa0010 load  miss refill   pol=3 VA=9800000047500100 PA=047500100 line=008 hitv=0000 ro=0123 tag=00000 V=1111 W=1110
2947 Reg write t2=202c8045888a7710
2948 icache  dcaa0010 load  hit           pol=3 VA=98000000405fed80 PA=0405fed80 line=6c hitv=00000010 ro=23456701 tag=0405fe V=00000011 L=00000000
2948 PC=0x98000000405fed80 [00000000405fed80]	fc890008 sd     $t1,0x8($a0)
[va=980000005ab00108 pa=000000005ab00108]
2948 dcache  fc890008 store miss w/alloc  pol=3 VA=980000005ab00108 PA=05ab00108 line=08 hitv=00000000 ro=70132546 tag=000000 V=11111111 W=00000000 L=00000000
2948 scache  fc890008 store miss w/alloc  pol=3 VA=980000005ab00108 PA=05ab00108 line=008 hitv=0000 ro=1230 tag=00000 V=1111 W=1110 data=0000000000000001 mask=11111111
2948 dmemacc: store 8 addr=050200100 data=1442e4b922290f93 mask=11111111 cline 
2948 dmemacc: store 8 addr=050200108 data=07e07e07e07e07e0 mask=11111111 cline 
2948 dmemacc: store 8 addr=050200110 data=ffffffffc4b54075 mask=11111111 cline 
2948 dmemacc: store 8 addr=050200118 data=d26a8abc4eff144d mask=11111111 cline 
2949 PC=0x98000000405fed84 [00000000405fed84]	dcaf0028 ld     $t7,0x28($a1)
[va=9800000047500118 pa=0000000047500118]
2949 dcache  dcaf0028 load  hit           pol=3 VA=9800000047500118 PA=047500118 line=08 hitv=01000000 ro=01325467 tag=047500 V=11111111 W=00000000 L=00000000
2949 Reg write t7=31cc5b2737ce87e4
2950 PC=0x98000000405fed88 [00000000405fed88]	fc8fffe8 sd     $t7,0xffffffe8($a0)
[va=980000005ab000e8 pa=000000005ab000e8]
2950 dcache  fc8fffe8 store hit           pol=3 VA=980000005ab000e8 PA=05ab000e8 line=07 hitv=01000000 ro=01253746 tag=05ab00 V=11111111 W=00000000 L=00000000
2950 scache  fc8fffe8 store hit           pol=3 VA=980000005ab000e8 PA=05ab000e8 line=007 hitv=0001 ro=1230 tag=02d58 V=1111 W=0111 data=31cc5b2737ce87e4 mask=11111111
2951 PC=0x98000000405fed8c [00000000405fed8c]	fc8bffd8 sd     $t3,0xffffffd8($a0)
[va=980000005ab000d8 pa=000000005ab000d8]
2951 dcache  fc8bffd8 store hit           pol=3 VA=980000005ab000d8 PA=05ab000d8 line=06 hitv=00000100 ro=56703412 tag=05ab00 V=11111111 W=00000000 L=00000000
2951 scache  fc8bffd8 store hit           pol=3 VA=980000005ab000d8 PA=05ab000d8 line=006 hitv=0001 ro=1320 tag=02d58 V=1111 W=1011 data=fff8000000000000 mask=11111111
2952 icache  fc8bffd8 load  hit           pol=3 VA=98000000405fed90 PA=0405fed90 line=6c hitv=00000010 ro=23456701 tag=0405fe V=00000011 L=00000000
2952 PC=0x98000000405fed90 [00000000405fed90]	14c0ffed bne    $a2,$r0,0x98000000405fed48
2953 PC=0x98000000405fed94 [00000000405fed94]	64c6ffff daddiu $a2,$a2,0xffff
2953 Reg write a2=0000000000000000
2954 icache  64c6ffff load  hit           pol=3 VA=98000000405fed48 PA=0405fed40 line=6a hitv=00000100 ro=34567012 tag=0405fe V=00000111 L=00000000
2954 PC=0x98000000405fed48 [00000000405fed48]	fc8affd0 sd     $t2,0xffffffd0($a0)
[va=980000005ab000d0 pa=000000005ab000d0]
2954 dcache  fc8affd0 store hit           pol=3 VA=980000005ab000d0 PA=05ab000d0 line=06 hitv=00000100 ro=56703412 tag=05ab00 V=11111111 W=00000000 L=00000000
2954 scache  fc8affd0 store hit           pol=3 VA=980000005ab000d0 PA=05ab000d0 line=006 hitv=0001 ro=1320 tag=02d58 V=1111 W=1011 data=202c8045888a7710 mask=11111111
2955 PC=0x98000000405fed4c [00000000405fed4c]	fc89fff8 sd     $t1,0xfffffff8($a0)
[va=980000005ab000f8 pa=000000005ab000f8]
2955 dcache  fc89fff8 store hit           pol=3 VA=980000005ab000f8 PA=05ab000f8 line=07 hitv=01000000 ro=01253746 tag=05ab00 V=11111111 W=00000000 L=00000000
2955 scache  fc89fff8 store hit           pol=3 VA=980000005ab000f8 PA=05ab000f8 line=007 hitv=0001 ro=1230 tag=02d58 V=1111 W=0111 data=0000000000000001 mask=11111111
2956 icache  fc89fff8 load  hit           pol=3 VA=98000000405fed50 PA=0405fed50 line=6a hitv=00000100 ro=34567012 tag=0405fe V=00000111 L=00000000
2956 PC=0x98000000405fed50 [00000000405fed50]	dcac0020 ld     $t4,0x20($a1)
[va=9800000047500110 pa=0000000047500110]
2956 dcache  dcac0020 load  hit           pol=3 VA=9800000047500110 PA=047500110 line=08 hitv=01000000 ro=01325476 tag=047500 V=11111111 W=00000000 L=00000000
2956 Reg write t4=8000000000000000
2957 PC=0x98000000405fed54 [00000000405fed54]	dca80030 ld     $t0,0x30($a1)
[va=9800000047500120 pa=0000000047500120]
2957 dcache  dca80030 load  miss refill   pol=3 VA=9800000047500120 PA=047500120 line=09 hitv=00000000 ro=67012345 tag=000000 V=00111111 W=00000000 L=00000000
2957 scache  dca80030 load  miss refill   pol=3 VA=9800000047500120 PA=047500120 line=009 hitv=0000 ro=1230 tag=00000 V=1111 W=1111
2957 dmemacc: store 8 addr=04ab00120 data=0000000000000000 mask=11111111 cline 
2957 dmemacc: store 8 addr=04ab00128 data=57afac4f6398c88f mask=11111111 cline 
2957 dmemacc: store 8 addr=04ab00130 data=0000000000000072 mask=11111111 cline 
2957 dmemacc: store 8 addr=04ab00138 data=e9b7ab91cbec17b4 mask=11111111 cline 
2957 Reg write t0=e38e38e38e38e38e
2958 PC=0x98000000405fed58 [00000000405fed58]	dca90038 ld     $t1,0x38($a1)
[va=9800000047500128 pa=0000000047500128]
2958 dcache  dca90038 load  hit           pol=3 VA=9800000047500128 PA=047500128 line=09 hitv=01000000 ro=70123456 tag=047500 V=01111111 W=00000000 L=00000000
2958 Reg write t1=88d1bdbe115bd10f
2959 PC=0x98000000405fed5c [00000000405fed5c]	dca80000 ld     $t0,0x0($a1)
[va=98000000475000f0 pa=00000000475000f0]
2959 dcache  dca80000 load  hit           pol=3 VA=98000000475000f0 PA=0475000f0 line=07 hitv=00010000 ro=01253746 tag=047500 V=11111111 W=00000000 L=00000000
2959 Reg write t0=0150e23584ec4da8
2960 icache  dca80000 load  hit           pol=3 VA=98000000405fed60 PA=0405fed60 line=6b hitv=00000010 ro=23456701 tag=0405fe V=00000011 L=00000000
2960 PC=0x98000000405fed60 [00000000405fed60]	dca90008 ld     $t1,0x8($a1)
[va=98000000475000f8 pa=00000000475000f8]
2960 dcache  dca90008 load  hit           pol=3 VA=98000000475000f8 PA=0475000f8 line=07 hitv=00010000 ro=01253764 tag=047500 V=11111111 W=00000000 L=00000000
2960 Reg write t1=c001fff0007ffc00
2961 PC=0x98000000405fed64 [00000000405fed64]	dcab0018 ld     $t3,0x18($a1)
[va=9800000047500108 pa=0000000047500108]
2961 dcache  dcab0018 load  hit           pol=3 VA=9800000047500108 PA=047500108 line=08 hitv=01000000 ro=01325476 tag=047500 V=11111111 W=00000000 L=00000000
2961 Reg write t3=1c71c71c71c71c71
2962 PC=0x98000000405fed68 [00000000405fed68]	fc880000 sd     $t0,0x0($a0)
[va=980000005ab00100 pa=000000005ab00100]
2962 dcache  fc880000 store hit           pol=3 VA=980000005ab00100 PA=05ab00100 line=08 hitv=10000000 ro=01325476 tag=05ab00 V=11111111 W=00000000 L=00000000
2962 scache  fc880000 store hit           pol=3 VA=980000005ab00100 PA=05ab00100 line=008 hitv=0010 ro=2301 tag=02d58 V=1111 W=1110 data=0150e23584ec4da8 mask=11111111
2963 PC=0x98000000405fed6c [00000000405fed6c]	64a50040 daddiu $a1,$a1,0x40
2963 Reg write a1=9800000047500130
2964 icache  64a50040 load  hit           pol=3 VA=98000000405fed70 PA=0405fed70 line=6b hitv=00000010 ro=23456701 tag=0405fe V=00000011 L=00000000
2964 PC=0x98000000405fed70 [00000000405fed70]	64840040 daddiu $a0,$a0,0x40
2964 Reg write a0=980000005ab00140
2965 PC=0x98000000405fed74 [00000000405fed74]	fc88fff0 sd     $t0,0xfffffff0($a0)
[va=980000005ab00130 pa=000000005ab00130]
2965 dcache  fc88fff0 store miss w/alloc  pol=3 VA=980000005ab00130 PA=05ab00130 line=09 hitv=00000000 ro=70123456 tag=000000 V=01111111 W=00000000 L=00000000
2965 scache  fc88fff0 store miss w/alloc  pol=3 VA=980000005ab00130 PA=05ab00130 line=009 hitv=0000 ro=2301 tag=00000 V=1111 W=1101 data=0150e23584ec4da8 mask=11111111
2965 dmemacc: store 8 addr=050200120 data=00001fffffffffff mask=11111111 cline 
2965 dmemacc: store 8 addr=050200128 data=428ac2e99dcb41fd mask=11111111 cline 
2965 dmemacc: store 8 addr=050200130 data=0000007f0a2dcc83 mask=11111111 cline 
2965 dmemacc: store 8 addr=050200138 data=9ae1c9445445f469 mask=11111111 cline 
2966 PC=0x98000000405fed78 [00000000405fed78]	fc8cffe0 sd     $t4,0xffffffe0($a0)
[va=980000005ab00120 pa=000000005ab00120]
2966 dcache  fc8cffe0 store hit           pol=3 VA=980000005ab00120 PA=05ab00120 line=09 hitv=10000000 ro=01234567 tag=05ab00 V=11111111 W=00000000 L=00000000
2966 scache  fc8cffe0 store hit           pol=3 VA=980000005ab00120 PA=05ab00120 line=009 hitv=0100 ro=3012 tag=02d58 V=1111 W=1101 data=8000000000000000 mask=11111111
2967 PC=0x98000000405fed7c [00000000405fed7c]	dcaa0010 ld     $t2,0x10($a1)
[va=9800000047500140 pa=0000000047500140]
2967 dcache  dcaa0010 load  miss refill   pol=3 VA=9800000047500140 PA=047500140 line=0a hitv=00000000 ro=70245163 tag=000000 V=01111111 W=00000000 L=00000000
2967 scache  dcaa0010 load  miss refill   pol=3 VA=9800000047500140 PA=047500140 line=00a hitv=0000 ro=2310 tag=00000 V=1111 W=1101
2967 dmemacc: store 8 addr=050500140 data=218cc94f0813018b mask=11111111 cline 
2967 dmemacc: store 8 addr=050500148 data=f136b5e4cac3aae1 mask=11111111 cline 
2967 dmemacc: store 8 addr=050500150 data=4081a049db2ae3aa mask=11111111 cline 
2967 dmemacc: store 8 addr=050500158 data=0a81dae0a351c420 mask=11111111 cline 
2967 Reg write t2=0000000000000000
2968 icache  dcaa0010 load  hit           pol=3 VA=98000000405fed80 PA=0405fed80 line=6c hitv=00000010 ro=23456701 tag=0405fe V=00000011 L=00000000
2968 PC=0x98000000405fed80 [00000000405fed80]	fc890008 sd     $t1,0x8($a0)
[va=980000005ab00148 pa=000000005ab00148]
2968 dcache  fc890008 store miss w/alloc  pol=3 VA=980000005ab00148 PA=05ab00148 line=0a hitv=00000000 ro=02451637 tag=000000 V=11111111 W=00000000 L=00000000
2968 scache  fc890008 store miss w/alloc  pol=3 VA=980000005ab00148 PA=05ab00148 line=00a hitv=0000 ro=3102 tag=00000 V=1111 W=1001 data=c001fff0007ffc00 mask=11111111
2968 dmemacc: store 8 addr=04ab00140 data=3c0d006bf8ae070d mask=11111111 cline 
2968 dmemacc: store 8 addr=04ab00148 data=11f5c0cb82c6b591 mask=11111111 cline 
2968 dmemacc: store 8 addr=04ab00150 data=98000000414ffcf9 mask=11111111 cline 
2968 dmemacc: store 8 addr=04ab00158 data=38e38e38e38e38e3 mask=11111111 cline 
2969 PC=0x98000000405fed84 [00000000405fed84]	dcaf0028 ld     $t7,0x28($a1)
[va=9800000047500158 pa=0000000047500158]
2969 dcache  dcaf0028 load  hit           pol=3 VA=9800000047500158 PA=047500158 line=0a hitv=10000000 ro=24516370 tag=047500 V=11111111 W=00000000 L=00000000
2969 Reg write t7=8e6869658627f85b
2970 PC=0x98000000405fed88 [00000000405fed88]	fc8fffe8 sd     $t7,0xffffffe8($a0)
[va=980000005ab00128 pa=000000005ab00128]
2970 dcache  fc8fffe8 store hit           pol=3 VA=980000005ab00128 PA=05ab00128 line=09 hitv=10000000 ro=01234567 tag=05ab00 V=11111111 W=00000000 L=00000000
2970 scache  fc8fffe8 store hit           pol=3 VA=980000005ab00128 PA=05ab00128 line=009 hitv=0100 ro=3012 tag=02d58 V=1111 W=1101 data=8e6869658627f85b mask=11111111
2971 PC=0x98000000405fed8c [00000000405fed8c]	fc8bffd8 sd     $t3,0xffffffd8($a0)
[va=980000005ab00118 pa=000000005ab00118]
2971 dcache  fc8bffd8 store hit           pol=3 VA=980000005ab00118 PA=05ab00118 line=08 hitv=10000000 ro=01325467 tag=05ab00 V=11111111 W=00000000 L=00000000
2971 scache  fc8bffd8 store hit           pol=3 VA=980000005ab00118 PA=05ab00118 line=008 hitv=0010 ro=2301 tag=02d58 V=1111 W=1110 data=1c71c71c71c71c71 mask=11111111
2972 icache  fc8bffd8 load  hit           pol=3 VA=98000000405fed90 PA=0405fed90 line=6c hitv=00000010 ro=23456701 tag=0405fe V=00000011 L=00000000
2972 PC=0x98000000405fed90 [00000000405fed90]	14c0ffed bne    $a2,$r0,0x98000000405fed48
2973 PC=0x98000000405fed94 [00000000405fed94]	64c6ffff daddiu $a2,$a2,0xffff
2973 Reg write a2=ffffffffffffffff
2974 PC=0x98000000405fed98 [00000000405fed98]	00000000 nop
2975 PC=0x98000000405fed9c [00000000405fed9c]	34110d3a ori    $s1,$r0,0xd3a
2975 Reg write s1=0000000000000d3a
2976 icache  34110d3a load  miss refill   pol=3 VA=98000000405feda0 PA=0405feda0 line=6d hitv=00000000 ro=12345670 tag=000000 V=00000001 L=00000000
2976 PC=0x98000000405feda0 [00000000405feda0]	06210003 bgez   $s1,0x98000000405fedb0
2977 PC=0x98000000405feda4 [00000000405feda4]	3c179800 lui    $s7,0x9800
2977 Reg write s7=ffffffff98000000
2978 icache  3c179800 load  hit           pol=3 VA=98000000405fedb0 PA=0405fedb0 line=6d hitv=00000010 ro=23456701 tag=0405fe V=00000011 L=00000000
2978 PC=0x98000000405fedb0 [00000000405fedb0]	0017bc38 dsll   $s7,$s7,16
2978 Reg write s7=ffff980000000000
2979 PC=0x98000000405fedb4 [00000000405fedb4]	36f751b0 ori    $s7,$s7,0x51b0
2979 Reg write s7=ffff9800000051b0
2980 PC=0x98000000405fedb8 [00000000405fedb8]	0017bc38 dsll   $s7,$s7,16
2980 Reg write s7=9800000051b00000
2981 PC=0x98000000405fedbc [00000000405fedbc]	36f71642 ori    $s7,$s7,0x1642
2981 Reg write s7=9800000051b01642
2982 icache  36f71642 load  miss refill   pol=3 VA=98000000405fedc0 PA=0405fedc0 line=6e hitv=00000000 ro=01234567 tag=000000 V=00000000 L=00000000
2982 PC=0x98000000405fedc0 [00000000405fedc0]	96efe91e lhu    $t7,0xffffe91e($s7)
[va=9800000051afff60 pa=0000000051afff60]
2982 dcache  96efe91e load  miss refill   pol=3 VA=9800000051afff60 PA=051afff60 line=7b hitv=00000000 ro=14760253 tag=000000 V=11111111 W=00000000 L=00000000
2982 scache  96efe91e load  miss refill   pol=3 VA=9800000051afff60 PA=051afff60 line=ffb hitv=0000 ro=3120 tag=00000 V=1111 W=1011
2982 dmemacc: store 8 addr=0555fff60 data=6184d27e93495c0f mask=11111111 cline 
2982 dmemacc: store 8 addr=0555fff68 data=0000000000000000 mask=11111111 cline 
2982 dmemacc: store 8 addr=0555fff70 data=609d10fdb9182685 mask=11111111 cline 
2982 dmemacc: store 8 addr=0555fff78 data=ffffffffffffe000 mask=11111111 cline 
2982 Reg write t7=000000000000ffff
2983 PC=0x98000000405fedc4 [00000000405fedc4]	3c0c9800 lui    $t4,0x9800
2983 Reg write t4=ffffffff98000000
2984 PC=0x98000000405fedc8 [00000000405fedc8]	000c6438 dsll   $t4,$t4,16
2984 Reg write t4=ffff980000000000
2985 PC=0x98000000405fedcc [00000000405fedcc]	358c5050 ori    $t4,$t4,0x5050
2985 Reg write t4=ffff980000005050
2986 icache  358c5050 load  hit           pol=3 VA=98000000405fedd0 PA=0405fedd0 line=6e hitv=00000001 ro=12345670 tag=0405fe V=00000001 L=00000000
2986 PC=0x98000000405fedd0 [00000000405fedd0]	000c6438 dsll   $t4,$t4,16
2986 Reg write t4=9800000050500000
2987 PC=0x98000000405fedd4 [00000000405fedd4]	358c7c68 ori    $t4,$t4,0x7c68
2987 Reg write t4=9800000050507c68
2988 PC=0x98000000405fedd8 [00000000405fedd8]	ad898518 sw     $t1,0xffff8518($t4)
[va=9800000050500180 pa=0000000050500180]
2988 dcache  ad898518 store hit           pol=3 VA=9800000050500180 PA=050500180 line=0c hitv=00010000 ro=35246710 tag=050500 V=11111111 W=00000000 L=00000000
2988 scache  ad898518 store miss wo/alloc pol=3 VA=9800000050500180 PA=050500180 line=00c hitv=0000 ro=0213 tag=00000 V=1111 W=0011 data=007ffc0000000000 mask=11110000
2988 dmemacc: store 4 addr=050500180 data=007ffc0000000000 mask=11110000 
2989 PC=0x98000000405feddc [00000000405feddc]	3c0f9800 lui    $t7,0x9800
2989 Reg write t7=ffffffff98000000
2990 icache  3c0f9800 load  miss refill   pol=3 VA=98000000405fede0 PA=0405fede0 line=6f hitv=00000000 ro=01234567 tag=000000 V=00000000 L=00000000
2990 PC=0x98000000405fede0 [00000000405fede0]	000f7c38 dsll   $t7,$t7,16
2990 Reg write t7=ffff980000000000
2991 PC=0x98000000405fede4 [00000000405fede4]	35ef51af ori    $t7,$t7,0x51af
2991 Reg write t7=ffff9800000051af
2992 PC=0x98000000405fede8 [00000000405fede8]	000f7c38 dsll   $t7,$t7,16
2992 Reg write t7=9800000051af0000
2993 PC=0x98000000405fedec [00000000405fedec]	35efd5a4 ori    $t7,$t7,0xd5a4
2993 Reg write t7=9800000051afd5a4
2994 icache  35efd5a4 load  hit           pol=3 VA=98000000405fedf0 PA=0405fedf0 line=6f hitv=00000001 ro=12345670 tag=0405fe V=00000001 L=00000000
2994 PC=0x98000000405fedf0 [00000000405fedf0]	8df029c0 lw     $s0,0x29c0($t7)
[va=9800000051afff64 pa=0000000051afff64]
2994 dcache  8df029c0 load  hit           pol=3 VA=9800000051afff64 PA=051afff60 line=7b hitv=00000010 ro=47602531 tag=051aff V=11111111 W=00000000 L=00000000
2994 Reg write s0=ffffffffffffffff
2995 PC=0x98000000405fedf4 [00000000405fedf4]	3c0a9800 lui    $t2,0x9800
2995 Reg write t2=ffffffff98000000
2996 PC=0x98000000405fedf8 [00000000405fedf8]	000a5438 dsll   $t2,$t2,16
2996 Reg write t2=ffff980000000000
2997 PC=0x98000000405fedfc [00000000405fedfc]	354a421f ori    $t2,$t2,0x421f
2997 Reg write t2=ffff98000000421f
2998 icache  354a421f load  miss refill   pol=3 VA=98000000405fee00 PA=0405fee00 line=70 hitv=00000000 ro=01234567 tag=000000 V=00000000 L=00000000
2998 PC=0x98000000405fee00 [00000000405fee00]	000a5438 dsll   $t2,$t2,16
2998 Reg write t2=98000000421f0000
2999 PC=0x98000000405fee04 [00000000405fee04]	354ac69c ori    $t2,$t2,0xc69c
2999 Reg write t2=98000000421fc69c
3000 PC=0x98000000405fee08 [00000000405fee08]	9d543ae8 lwu    $s4,0x3ae8($t2)
[va=9800000042200184 pa=0000000042200184]
3000 dcache  9d543ae8 load  miss refill   pol=3 VA=9800000042200184 PA=042200180 line=0c hitv=00000000 ro=35267104 tag=000000 V=11111111 W=00000000 L=00000000
3000 scache  9d543ae8 load  miss refill   pol=3 VA=9800000042200184 PA=042200180 line=00c hitv=0000 ro=0213 tag=00000 V=1111 W=0011
3000 dmemacc: store 8 addr=04ab00180 data=ca30fcd906351979 mask=11111111 cline 
3000 dmemacc: store 8 addr=04ab00188 data=0000000000000001 mask=11111111 cline 
3000 dmemacc: store 8 addr=04ab00190 data=ffffffff8000ba50 mask=11111111 cline 
3000 dmemacc: store 8 addr=04ab00198 data=60429615235ac32d mask=11111111 cline 
3000 Reg write s4=00000000f3e6896b
3001 PC=0x98000000405fee0c [00000000405fee0c]	3c1d9800 lui    $sp,0x9800
3001 Reg write sp=ffffffff98000000
3002 icache  3c1d9800 load  hit           pol=3 VA=98000000405fee10 PA=0405fee10 line=70 hitv=00000001 ro=12345670 tag=0405fe V=00000001 L=00000000
3002 PC=0x98000000405fee10 [00000000405fee10]	001dec38 dsll   $sp,$sp,16
3002 Reg write sp=ffff980000000000
3003 PC=0x98000000405fee14 [00000000405fee14]	37bd51b0 ori    $sp,$sp,0x51b0
3003 Reg write sp=ffff9800000051b0
3004 PC=0x98000000405fee18 [00000000405fee18]	001dec38 dsll   $sp,$sp,16
3004 Reg write sp=9800000051b00000
3005 PC=0x98000000405fee1c [00000000405fee1c]	37bd42b8 ori    $sp,$sp,0x42b8
3005 Reg write sp=9800000051b042b8
3006 icache  37bd42b8 load  miss refill   pol=3 VA=98000000405fee20 PA=0405fee20 line=71 hitv=00000000 ro=01234567 tag=000000 V=00000000 L=00000000
3006 PC=0x98000000405fee20 [00000000405fee20]	8fbdbcc0 lw     $sp,0xffffbcc0($sp)
[va=9800000051afff78 pa=0000000051afff78]
3006 dcache  8fbdbcc0 load  hit           pol=3 VA=9800000051afff78 PA=051afff78 line=7b hitv=00000010 ro=47602531 tag=051aff V=11111111 W=00000000 L=00000000
3006 Reg write sp=ffffffff8b44dd1e
3007 PC=0x98000000405fee24 [00000000405fee24]	3c0c9800 lui    $t4,0x9800
3007 Reg write t4=ffffffff98000000
3008 PC=0x98000000405fee28 [00000000405fee28]	000c6438 dsll   $t4,$t4,16
3008 Reg write t4=ffff980000000000
3009 PC=0x98000000405fee2c [00000000405fee2c]	358c4130 ori    $t4,$t4,0x4130
3009 Reg write t4=ffff980000004130
3010 icache  358c4130 load  hit           pol=3 VA=98000000405fee30 PA=0405fee30 line=71 hitv=00000001 ro=12345670 tag=0405fe V=00000001 L=00000000
3010 PC=0x98000000405fee30 [00000000405fee30]	000c6438 dsll   $t4,$t4,16
3010 Reg write t4=9800000041300000
3011 PC=0x98000000405fee34 [00000000405fee34]	358c0772 ori    $t4,$t4,0x772
3011 Reg write t4=9800000041300772
3012 PC=0x98000000405fee38 [00000000405fee38]	858ff942 lh     $t7,0xfffff942($t4)
[va=98000000413000b4 pa=00000000413000b4]
3012 dcache  858ff942 load  miss refill   pol=3 VA=98000000413000b4 PA=0413000b0 line=05 hitv=00000000 ro=46715023 tag=000000 V=11111111 W=00000000 L=00000000
3012 scache  858ff942 load  miss refill   pol=3 VA=98000000413000b4 PA=0413000a0 line=005 hitv=0000 ro=2301 tag=00000 V=1111 W=1110
3012 dmemacc: store 8 addr=0516000a0 data=b1cf10e591150e92 mask=11111111 cline 
3012 dmemacc: store 8 addr=0516000a8 data=44f5bbe49ec65236 mask=11111111 cline 
3012 dmemacc: store 8 addr=0516000b0 data=1bc1a72f81054b79 mask=11111111 cline 
3012 dmemacc: store 8 addr=0516000b8 data=00000000f199c2d5 mask=11111111 cline 
3012 Reg write t7=0000000000006311
3013 PC=0x98000000405fee3c [00000000405fee3c]	3c0a9800 lui    $t2,0x9800
3013 Reg write t2=ffffffff98000000
3014 icache  3c0a9800 load  miss refill   pol=3 VA=98000000405fee40 PA=0405fee40 line=72 hitv=00000000 ro=01234567 tag=000000 V=00000000 L=00000000
3014 PC=0x98000000405fee40 [00000000405fee40]	000a5438 dsll   $t2,$t2,16
3014 Reg write t2=ffff980000000000
3015 PC=0x98000000405fee44 [00000000405fee44]	354a504f ori    $t2,$t2,0x504f
3015 Reg write t2=ffff98000000504f
3016 PC=0x98000000405fee48 [00000000405fee48]	000a5438 dsll   $t2,$t2,16
3016 Reg write t2=98000000504f0000
3017 PC=0x98000000405fee4c [00000000405fee4c]	354ab2ec ori    $t2,$t2,0xb2ec
3017 Reg write t2=98000000504fb2ec
3018 icache  354ab2ec load  hit           pol=3 VA=98000000405fee50 PA=0405fee50 line=72 hitv=00000001 ro=12345670 tag=0405fe V=00000001 L=00000000
3018 PC=0x98000000405fee50 [00000000405fee50]	a1404c99 sb     $r0,0x4c99($t2)
[va=98000000504fff85 pa=00000000504fff85]
3018 dcache  a1404c99 store hit           pol=3 VA=98000000504fff85 PA=0504fff80 line=7c hitv=01000000 ro=23176540 tag=0504ff V=11111111 W=00000000 L=00000000
3018 scache  a1404c99 store miss wo/alloc pol=3 VA=98000000504fff85 PA=0504fff80 line=ffc hitv=0000 ro=1320 tag=00000 V=1111 W=0011 data=0000000000000000 mask=00000100
3018 dmemacc: store 1 addr=0504fff85 data=0000000000000000 mask=00000100 
3019 PC=0x98000000405fee54 [00000000405fee54]	3c1d9800 lui    $sp,0x9800
3019 Reg write sp=ffffffff98000000
3020 PC=0x98000000405fee58 [00000000405fee58]	001dec38 dsll   $sp,$sp,16
3020 Reg write sp=ffff980000000000
3021 PC=0x98000000405fee5c [00000000405fee5c]	37bd51b0 ori    $sp,$sp,0x51b0
3021 Reg write sp=ffff9800000051b0
3022 icache  37bd51b0 load  miss refill   pol=3 VA=98000000405fee60 PA=0405fee60 line=73 hitv=00000000 ro=01234567 tag=000000 V=00000000 L=00000000
3022 PC=0x98000000405fee60 [00000000405fee60]	001dec38 dsll   $sp,$sp,16
3022 Reg write sp=9800000051b00000
3023 PC=0x98000000405fee64 [00000000405fee64]	37bd4f5a ori    $sp,$sp,0x4f5a
3023 Reg write sp=9800000051b04f5a
3024 PC=0x98000000405fee68 [00000000405fee68]	ffafb09e sd     $t7,0xffffb09e($sp)
[va=9800000051affff8 pa=0000000051affff8]
3024 dcache  ffafb09e store miss w/alloc  pol=3 VA=9800000051affff8 PA=051affff8 line=7f hitv=00000000 ro=50126743 tag=000000 V=11111111 W=00000000 L=00000000
3024 scache  ffafb09e store miss w/alloc  pol=3 VA=9800000051affff8 PA=051affff8 line=fff hitv=0000 ro=0123 tag=00000 V=1111 W=0100 data=0000000000006311 mask=11111111
3025 PC=0x98000000405fee6c [00000000405fee6c]	3c179800 lui    $s7,0x9800
3025 Reg write s7=ffffffff98000000
3026 icache  3c179800 load  hit           pol=3 VA=98000000405fee70 PA=0405fee70 line=73 hitv=00000001 ro=12345670 tag=0405fe V=00000001 L=00000000
3026 PC=0x98000000405fee70 [00000000405fee70]	0017bc38 dsll   $s7,$s7,16
3026 Reg write s7=ffff980000000000
3027 PC=0x98000000405fee74 [00000000405fee74]	36f7424f ori    $s7,$s7,0x424f
3027 Reg write s7=ffff98000000424f
3028 PC=0x98000000405fee78 [00000000405fee78]	0017bc38 dsll   $s7,$s7,16
3028 Reg write s7=98000000424f0000
3029 PC=0x98000000405fee7c [00000000405fee7c]	36f7917d ori    $s7,$s7,0x917d
3029 Reg write s7=98000000424f917d
3030 icache  36f7917d load  miss refill   pol=3 VA=98000000405fee80 PA=0405fee80 line=74 hitv=00000000 ro=01234567 tag=000000 V=00000000 L=00000000
3030 PC=0x98000000405fee80 [00000000405fee80]	fee26f6b sd     $v0,0x6f6b($s7)
[va=98000000425000e8 pa=00000000425000e8]
3030 dcache  fee26f6b store miss w/alloc  pol=3 VA=98000000425000e8 PA=0425000e8 line=07 hitv=00000000 ro=01253764 tag=000000 V=11111111 W=00000000 L=00000000
3030 scache  fee26f6b store miss w/alloc  pol=3 VA=98000000425000e8 PA=0425000e8 line=007 hitv=0000 ro=1230 tag=00000 V=1111 W=0111 data=98000000515fcbea mask=11111111
3030 dmemacc: store 8 addr=04b2000e0 data=980000004027ca83 mask=11111111 cline 
3030 dmemacc: store 8 addr=04b2000e8 data=6a8257de59c044d4 mask=11111111 cline 
3030 dmemacc: store 8 addr=04b2000f0 data=964cc1527aa18fb2 mask=11111111 cline 
3030 dmemacc: store 8 addr=04b2000f8 data=75956f69dfd6c146 mask=11111111 cline 
3031 PC=0x98000000405fee84 [00000000405fee84]	3c0a9800 lui    $t2,0x9800
3031 Reg write t2=ffffffff98000000
3032 PC=0x98000000405fee88 [00000000405fee88]	000a5438 dsll   $t2,$t2,16
3032 Reg write t2=ffff980000000000
3033 PC=0x98000000405fee8c [00000000405fee8c]	354a55af ori    $t2,$t2,0x55af
3033 Reg write t2=ffff9800000055af
3034 icache  354a55af load  hit           pol=3 VA=98000000405fee90 PA=0405fee90 line=74 hitv=00000001 ro=12345670 tag=0405fe V=00000001 L=00000000
3034 PC=0x98000000405fee90 [00000000405fee90]	000a5438 dsll   $t2,$t2,16
3034 Reg write t2=9800000055af0000
3035 PC=0x98000000405fee94 [00000000405fee94]	354aff00 ori    $t2,$t2,0xff00
3035 Reg write t2=9800000055afff00
3036 PC=0x98000000405fee98 [00000000405fee98]	fd430240 sd     $v1,0x240($t2)
[va=9800000055b00140 pa=0000000055b00140]
3036 dcache  fd430240 store miss w/alloc  pol=3 VA=9800000055b00140 PA=055b00140 line=0a hitv=00000000 ro=24516307 tag=000000 V=11111111 W=00000000 L=00000000
3036 scache  fd430240 store miss w/alloc  pol=3 VA=9800000055b00140 PA=055b00140 line=00a hitv=0000 ro=1023 tag=00000 V=1111 W=1001 data=98000000504fff30 mask=11111111
3037 PC=0x98000000405fee9c [00000000405fee9c]	fd4a00a0 sd     $t2,0xa0($t2)
[va=9800000055afffa0 pa=0000000055afffa0]
3037 dcache  fd4a00a0 store miss w/alloc  pol=3 VA=9800000055afffa0 PA=055afffa0 line=7d hitv=00000000 ro=53017426 tag=000000 V=11111111 W=00000000 L=00000000
3037 scache  fd4a00a0 store miss w/alloc  pol=3 VA=9800000055afffa0 PA=055afffa0 line=ffd hitv=0000 ro=3102 tag=00000 V=1111 W=1110 data=9800000055afff00 mask=11111111
3037 dmemacc: store 8 addr=0517fffa0 data=1b22ec4471d28fbc mask=11111111 cline 
3037 dmemacc: store 8 addr=0517fffa8 data=e945c516d817aaeb mask=11111111 cline 
3037 dmemacc: store 8 addr=0517fffb0 data=a2b828f58782515b mask=11111111 cline 
3037 dmemacc: store 8 addr=0517fffb8 data=4adb7c8fe68f6567 mask=11111111 cline 
3038 icache  fd4a00a0 load  miss refill   pol=3 VA=98000000405feea0 PA=0405feea0 line=75 hitv=00000000 ro=01234567 tag=000000 V=00000000 L=00000000
3038 PC=0x98000000405feea0 [00000000405feea0]	fd5d0060 sd     $sp,0x60($t2)
[va=9800000055afff60 pa=0000000055afff60]
3038 dcache  fd5d0060 store miss w/alloc  pol=3 VA=9800000055afff60 PA=055afff60 line=7b hitv=00000000 ro=47602531 tag=000000 V=11111111 W=00000000 L=00000000
3038 scache  fd5d0060 store miss w/alloc  pol=3 VA=9800000055afff60 PA=055afff60 line=ffb hitv=0000 ro=1203 tag=00000 V=1111 W=0011 data=9800000051b04f5a mask=11111111
3038 dmemacc: store 8 addr=0481fff60 data=fd9b37dc92d88d95 mask=11111111 cline 
3038 dmemacc: store 8 addr=0481fff68 data=fc48836d50a51e4b mask=11111111 cline 
3038 dmemacc: store 8 addr=0481fff70 data=1b3ccd387388c85d mask=11111111 cline 
3038 dmemacc: store 8 addr=0481fff78 data=000000000003ffff mask=11111111 cline 
3039 PC=0x98000000405feea4 [00000000405feea4]	fd5001a0 sd     $s0,0x1a0($t2)
[va=9800000055b000a0 pa=0000000055b000a0]
3039 dcache  fd5001a0 store miss w/alloc  pol=3 VA=9800000055b000a0 PA=055b000a0 line=05 hitv=00000000 ro=67150234 tag=000000 V=11111111 W=00000000 L=00000000
3039 scache  fd5001a0 store miss w/alloc  pol=3 VA=9800000055b000a0 PA=055b000a0 line=005 hitv=0000 ro=3012 tag=00000 V=1111 W=1010 data=ffffffffffffffff mask=11111111
3039 dmemacc: store 8 addr=0482000a0 data=9aa513375af7ba43 mask=11111111 cline 
3039 dmemacc: store 8 addr=0482000a8 data=aaaaaaaaaaaaaaaa mask=11111111 cline 
3039 dmemacc: store 8 addr=0482000b0 data=7fffffffffffffff mask=11111111 cline 
3039 dmemacc: store 8 addr=0482000b8 data=2e558822caaff7cc mask=11111111 cline 
3040 PC=0x98000000405feea8 [00000000405feea8]	fd500100 sd     $s0,0x100($t2)
[va=9800000055b00000 pa=0000000055b00000]
3040 dcache  fd500100 store miss w/alloc  pol=3 VA=9800000055b00000 PA=055b00000 line=00 hitv=00000000 ro=14073562 tag=000000 V=11111111 W=00000000 L=00000000
3040 scache  fd500100 store miss w/alloc  pol=3 VA=9800000055b00000 PA=055b00000 line=000 hitv=0000 ro=3012 tag=00000 V=1111 W=1101 data=ffffffffffffffff mask=11111111
3040 dmemacc: store 8 addr=048200000 data=e46154c1f9b617c5 mask=11111111 cline 
3040 dmemacc: store 8 addr=048200008 data=98ad4d8402432e79 mask=11111111 cline 
3040 dmemacc: store 8 addr=048200010 data=726b79cfc6392645 mask=11111111 cline 
3040 dmemacc: store 8 addr=048200018 data=3ad29762696ac838 mask=11111111 cline 
3041 PC=0x98000000405feeac [00000000405feeac]	fd4400c0 sd     $a0,0xc0($t2)
[va=9800000055afffc0 pa=0000000055afffc0]
3041 dcache  fd4400c0 store miss w/alloc  pol=3 VA=9800000055afffc0 PA=055afffc0 line=7e hitv=00000000 ro=56041237 tag=000000 V=11111111 W=00000000 L=00000000
3041 scache  fd4400c0 store miss w/alloc  pol=3 VA=9800000055afffc0 PA=055afffc0 line=ffe hitv=0000 ro=3120 tag=00000 V=1111 W=1110 data=980000005ab00140 mask=11111111
3041 dmemacc: store 8 addr=0481fffc0 data=63856f11ca09a567 mask=11111111 cline 
3041 dmemacc: store 8 addr=0481fffc8 data=36977afc926a6c42 mask=11111111 cline 
3041 dmemacc: store 8 addr=0481fffd0 data=5513826263fb2342 mask=11111111 cline 
3041 dmemacc: store 8 addr=0481fffd8 data=3333333333333333 mask=11111111 cline 
3042 icache  fd4400c0 load  hit           pol=3 VA=98000000405feeb0 PA=0405feeb0 line=75 hitv=00000001 ro=12345670 tag=0405fe V=00000001 L=00000000
3042 PC=0x98000000405feeb0 [00000000405feeb0]	fd520080 sd     $s2,0x80($t2)
[va=9800000055afff80 pa=0000000055afff80]
3042 dcache  fd520080 store miss w/alloc  pol=3 VA=9800000055afff80 PA=055afff80 line=7c hitv=00000000 ro=23175406 tag=000000 V=11111111 W=00000000 L=00000000
3042 scache  fd520080 store miss w/alloc  pol=3 VA=9800000055afff80 PA=055afff80 line=ffc hitv=0000 ro=1320 tag=00000 V=1111 W=0011 data=ffffffffffffd368 mask=11111111
3042 dmemacc: store 8 addr=0481fff80 data=87a0bde4b0896e59 mask=11111111 cline 
3042 dmemacc: store 8 addr=0481fff88 data=b6c41973eb032172 mask=11111111 cline 
3042 dmemacc: store 8 addr=0481fff90 data=89d608081ed94156 mask=11111111 cline 
3042 dmemacc: store 8 addr=0481fff98 data=cfacdbf27cb42e6e mask=11111111 cline 
3043 PC=0x98000000405feeb4 [00000000405feeb4]	fd460040 sd     $a2,0x40($t2)
[va=9800000055afff40 pa=0000000055afff40]
3043 dcache  fd460040 store miss w/alloc  pol=3 VA=9800000055afff40 PA=055afff40 line=7a hitv=00000000 ro=71043562 tag=000000 V=11111111 W=00000000 L=00000000
3043 scache  fd460040 store miss w/alloc  pol=3 VA=9800000055afff40 PA=055afff40 line=ffa hitv=0000 ro=0132 tag=00000 V=1111 W=0111 data=ffffffffffffffff mask=11111111
3043 dmemacc: store 8 addr=0555fff40 data=8000000000000000 mask=11111111 cline 
3043 dmemacc: store 8 addr=0555fff48 data=6bfbbb27f59de61b mask=11111111 cline 
3043 dmemacc: store 8 addr=0555fff50 data=9800000041300010 mask=11111111 cline 
3043 dmemacc: store 8 addr=0555fff58 data=0000000000000000 mask=11111111 cline 
3044 PC=0x98000000405feeb8 [00000000405feeb8]	fd4a0180 sd     $t2,0x180($t2)
[va=9800000055b00080 pa=0000000055b00080]
3044 dcache  fd4a0180 store miss w/alloc  pol=3 VA=9800000055b00080 PA=055b00080 line=04 hitv=00000000 ro=70123564 tag=000000 V=11111111 W=00000000 L=00000000
3044 scache  fd4a0180 store miss w/alloc  pol=3 VA=9800000055b00080 PA=055b00080 line=004 hitv=0000 ro=2310 tag=00000 V=1111 W=1101 data=9800000055afff00 mask=11111111
3044 dmemacc: store 8 addr=04b200080 data=0000000000000035 mask=11111111 cline 
3044 dmemacc: store 8 addr=04b200088 data=91daeda7df62a11c mask=11111111 cline 
3044 dmemacc: store 8 addr=04b200090 data=9cbe6b5ccdee4ace mask=11111111 cline 
3044 dmemacc: store 8 addr=04b200098 data=06adc4506640a8b9 mask=11111111 cline 
3045 PC=0x98000000405feebc [00000000405feebc]	fd420160 sd     $v0,0x160($t2)
[va=9800000055b00060 pa=0000000055b00060]
3045 dcache  fd420160 store miss w/alloc  pol=3 VA=9800000055b00060 PA=055b00060 line=03 hitv=00000000 ro=24567013 tag=000000 V=11111111 W=00000000 L=00000000
3045 scache  fd420160 store miss w/alloc  pol=3 VA=9800000055b00060 PA=055b00060 line=003 hitv=0000 ro=1203 tag=00000 V=1111 W=1110 data=98000000515fcbea mask=11111111
3045 dmemacc: store 8 addr=051200060 data=bc123ce829a024e9 mask=11111111 cline 
3045 dmemacc: store 8 addr=051200068 data=ffffffffffffffff mask=11111111 cline 
3045 dmemacc: store 8 addr=051200070 data=a0690803b4fa638d mask=11111111 cline 
3045 dmemacc: store 8 addr=051200078 data=fea3cf7c54b83a0f mask=11111111 cline 
3046 icache  fd420160 load  miss refill   pol=3 VA=98000000405feec0 PA=0405feec0 line=76 hitv=00000000 ro=01234567 tag=000000 V=00000000 L=00000000
3046 PC=0x98000000405feec0 [00000000405feec0]	fd4600e0 sd     $a2,0xe0($t2)
[va=9800000055afffe0 pa=0000000055afffe0]
3046 dcache  fd4600e0 store miss w/alloc  pol=3 VA=9800000055afffe0 PA=055afffe0 line=7f hitv=00000000 ro=01267435 tag=000000 V=11111111 W=00000000 L=00000000
3046 scache  fd4600e0 store miss w/alloc  pol=3 VA=9800000055afffe0 PA=055afffe0 line=fff hitv=0000 ro=1230 tag=00000 V=1111 W=0101 data=ffffffffffffffff mask=11111111
3047 PC=0x98000000405feec4 [00000000405feec4]	fd560000 sd     $s6,0x0($t2)
[va=9800000055afff00 pa=0000000055afff00]
3047 dcache  fd560000 store miss w/alloc  pol=3 VA=9800000055afff00 PA=055afff00 line=78 hitv=00000000 ro=47612035 tag=000000 V=11111111 W=00000000 L=00000000
3047 scache  fd560000 store miss w/alloc  pol=3 VA=9800000055afff00 PA=055afff00 line=ff8 hitv=0000 ro=2301 tag=00000 V=1111 W=0110 data=d03c0cc9a0d5980f mask=11111111
3047 dmemacc: store 8 addr=0481fff00 data=afc06b04ac82c81a mask=11111111 cline 
3047 dmemacc: store 8 addr=0481fff08 data=810ac4eb0b93c94a mask=11111111 cline 
3047 dmemacc: store 8 addr=0481fff10 data=fd9b37dc92d88d95 mask=11111111 cline 
3047 dmemacc: store 8 addr=0481fff18 data=2343332e378f5a72 mask=11111111 cline 
3048 PC=0x98000000405feec8 [00000000405feec8]	fd4c0200 sd     $t4,0x200($t2)
[va=9800000055b00100 pa=0000000055b00100]
3048 dcache  fd4c0200 store miss w/alloc  pol=3 VA=9800000055b00100 PA=055b00100 line=08 hitv=00000000 ro=01325467 tag=000000 V=11111111 W=00000000 L=00000000
3048 scache  fd4c0200 store miss w/alloc  pol=3 VA=9800000055b00100 PA=055b00100 line=008 hitv=0000 ro=2301 tag=00000 V=1111 W=1110 data=9800000041300772 mask=11111111
3048 dmemacc: store 8 addr=04b200100 data=980000004a500060 mask=11111111 cline 
3048 dmemacc: store 8 addr=04b200108 data=0778d405e5ba2bac mask=11111111 cline 
3048 dmemacc: store 8 addr=04b200110 data=aaaaaaaaaaaaaaaa mask=11111111 cline 
3048 dmemacc: store 8 addr=04b200118 data=0000000000000001 mask=11111111 cline 
3049 PC=0x98000000405feecc [00000000405feecc]	fd5d0020 sd     $sp,0x20($t2)
[va=9800000055afff20 pa=0000000055afff20]
3049 dcache  fd5d0020 store miss w/alloc  pol=3 VA=9800000055afff20 PA=055afff20 line=79 hitv=00000000 ro=51670234 tag=000000 V=11111111 W=00000000 L=00000000
3049 scache  fd5d0020 store miss w/alloc  pol=3 VA=9800000055afff20 PA=055afff20 line=ff9 hitv=0000 ro=0132 tag=00000 V=1111 W=1011 data=9800000051b04f5a mask=11111111
3049 dmemacc: store 8 addr=0555fff20 data=9ff83e2b73a4baff mask=11111111 cline 
3049 dmemacc: store 8 addr=0555fff28 data=024abf925b0aef4d mask=11111111 cline 
3049 dmemacc: store 8 addr=0555fff30 data=0000000000000000 mask=11111111 cline 
3049 dmemacc: store 8 addr=0555fff38 data=6fc20024936a4bd1 mask=11111111 cline 
3050 icache  fd5d0020 load  hit           pol=3 VA=98000000405feed0 PA=0405feed0 line=76 hitv=00000001 ro=12345670 tag=0405fe V=00000001 L=00000000
3050 PC=0x98000000405feed0 [00000000405feed0]	fd5c0220 sd     $gp,0x220($t2)
[va=9800000055b00120 pa=0000000055b00120]
3050 dcache  fd5c0220 store miss w/alloc  pol=3 VA=9800000055b00120 PA=055b00120 line=09 hitv=00000000 ro=01234567 tag=000000 V=11111111 W=00000000 L=00000000
3050 scache  fd5c0220 store miss w/alloc  pol=3 VA=9800000055b00120 PA=055b00120 line=009 hitv=0000 ro=3012 tag=00000 V=1111 W=1101 data=0000000000000000 mask=11111111
3050 dmemacc: store 8 addr=04b200120 data=9800000051207b7c mask=11111111 cline 
3050 dmemacc: store 8 addr=04b200128 data=980f41db7d5a0105 mask=11111111 cline 
3050 dmemacc: store 8 addr=04b200130 data=241ef4ba6351fbd2 mask=11111111 cline 
3050 dmemacc: store 8 addr=04b200138 data=3333333333333333 mask=11111111 cline 
3051 PC=0x98000000405feed4 [00000000405feed4]	fd4201c0 sd     $v0,0x1c0($t2)
[va=9800000055b000c0 pa=0000000055b000c0]
3051 dcache  fd4201c0 store miss w/alloc  pol=3 VA=9800000055b000c0 PA=055b000c0 line=06 hitv=00000000 ro=56703412 tag=000000 V=11111111 W=00000000 L=00000000
3051 scache  fd4201c0 store miss w/alloc  pol=3 VA=9800000055b000c0 PA=055b000c0 line=006 hitv=0000 ro=1320 tag=00000 V=1111 W=1011 data=98000000515fcbea mask=11111111
3051 dmemacc: store 8 addr=04b2000c0 data=9800000051207b7c mask=11111111 cline 
3051 dmemacc: store 8 addr=04b2000c8 data=9167a1e98fdcacb0 mask=11111111 cline 
3051 dmemacc: store 8 addr=04b2000d0 data=7459546c456f44f5 mask=11111111 cline 
3051 dmemacc: store 8 addr=04b2000d8 data=e65d4fe72530afd1 mask=11111111 cline 
3052 PC=0x98000000405feed8 [00000000405feed8]	fd560120 sd     $s6,0x120($t2)
[va=9800000055b00020 pa=0000000055b00020]
3052 dcache  fd560120 store miss w/alloc  pol=3 VA=9800000055b00020 PA=055b00020 line=01 hitv=00000000 ro=50762314 tag=000000 V=11111111 W=00000000 L=00000000
3052 scache  fd560120 store miss w/alloc  pol=3 VA=9800000055b00020 PA=055b00020 line=001 hitv=0000 ro=1302 tag=00000 V=1111 W=1011 data=d03c0cc9a0d5980f mask=11111111
3052 dmemacc: store 8 addr=048200020 data=5513826263fb2342 mask=11111111 cline 
3052 dmemacc: store 8 addr=048200028 data=3ad29762696ac838 mask=11111111 cline 
3052 dmemacc: store 8 addr=048200030 data=c9f33fb43bfa3070 mask=11111111 cline 
3052 dmemacc: store 8 addr=048200038 data=1e145eacba1f56e2 mask=11111111 cline 
3053 PC=0x98000000405feedc [00000000405feedc]	fd5901e0 sd     $t9,0x1e0($t2)
[va=9800000055b000e0 pa=0000000055b000e0]
3053 dcache  fd5901e0 store miss w/alloc  pol=3 VA=9800000055b000e0 PA=055b000e0 line=07 hitv=00000000 ro=12537640 tag=000000 V=11111111 W=00000000 L=00000000
3053 scache  fd5901e0 store miss w/alloc  pol=3 VA=9800000055b000e0 PA=055b000e0 line=007 hitv=0000 ro=2301 tag=00000 V=1111 W=0111 data=000000004fcb25b8 mask=11111111
3053 dmemacc: store 8 addr=0505000e0 data=ce0e512097db9746 mask=11111111 cline 
3053 dmemacc: store 8 addr=0505000e8 data=98000000511fef51 mask=11111111 cline 
3053 dmemacc: store 8 addr=0505000f0 data=d6204418073f3736 mask=11111111 cline 
3053 dmemacc: store 8 addr=0505000f8 data=98000000414fd01b mask=11111111 cline 
3054 icache  fd5901e0 load  miss refill   pol=3 VA=98000000405feee0 PA=0405feee0 line=77 hitv=00000000 ro=01234567 tag=000000 V=00000000 L=00000000
3054 PC=0x98000000405feee0 [00000000405feee0]	fd5c0140 sd     $gp,0x140($t2)
[va=9800000055b00040 pa=0000000055b00040]
3054 dcache  fd5c0140 store miss w/alloc  pol=3 VA=9800000055b00040 PA=055b00040 line=02 hitv=00000000 ro=27053164 tag=000000 V=11111111 W=00000000 L=00000000
3054 scache  fd5c0140 store miss w/alloc  pol=3 VA=9800000055b00040 PA=055b00040 line=002 hitv=0000 ro=3102 tag=00000 V=1111 W=1110 data=0000000000000000 mask=11111111
3054 dmemacc: store 8 addr=048200040 data=7fb0da316c10ed42 mask=11111111 cline 
3054 dmemacc: store 8 addr=048200048 data=290929dc7ba953dc mask=11111111 cline 
3054 dmemacc: store 8 addr=048200050 data=9aa513375af7ba43 mask=11111111 cline 
3054 dmemacc: store 8 addr=048200058 data=76cd05efb3729331 mask=11111111 cline 
3055 PC=0x98000000405feee4 [00000000405feee4]	fd5e0260 sd     $s8,0x260($t2)
[va=9800000055b00160 pa=0000000055b00160]
3055 dcache  fd5e0260 store miss w/alloc  pol=3 VA=9800000055b00160 PA=055b00160 line=0b hitv=00000000 ro=70143652 tag=000000 V=01111111 W=00000000 L=00000000
3055 scache  fd5e0260 store miss w/alloc  pol=3 VA=9800000055b00160 PA=055b00160 line=00b hitv=0000 ro=2013 tag=00000 V=1111 W=1110 data=98000000512054a6 mask=11111111
3055 dmemacc: store 8 addr=041500160 data=fe00000000000000 mask=11111111 cline 
3055 dmemacc: store 8 addr=041500168 data=4170436b3093d18e mask=11111111 cline 
3055 dmemacc: store 8 addr=041500170 data=3d32924552ddb9e7 mask=11111111 cline 
3055 dmemacc: store 8 addr=041500178 data=30000000504fe7c4 mask=11111111 cline 
3056 PC=0x98000000405feee8 [00000000405feee8]	2009ffa0 addi   $t1,$r0,0xffa0
3056 Reg write t1=ffffffffffffffa0
3057 PC=0x98000000405feeec [00000000405feeec]	340a0060 ori    $t2,$r0,0x60
3057 Reg write t2=0000000000000060
3058 icache  340a0060 load  hit           pol=3 VA=98000000405feef0 PA=0405feef0 line=77 hitv=00000001 ro=12345670 tag=0405fe V=00000001 L=00000000
3058 PC=0x98000000405feef0 [00000000405feef0]	3c089800 lui    $t0,0x9800
3058 Reg write t0=ffffffff98000000
3059 PC=0x98000000405feef4 [00000000405feef4]	00084438 dsll   $t0,$t0,16
3059 Reg write t0=ffff980000000000
3060 PC=0x98000000405feef8 [00000000405feef8]	350847b0 ori    $t0,$t0,0x47b0
3060 Reg write t0=ffff9800000047b0
3061 PC=0x98000000405feefc [00000000405feefc]	00084438 dsll   $t0,$t0,16
3061 Reg write t0=9800000047b00000
3062 icache  00084438 load  miss refill   pol=3 VA=98000000405fef00 PA=0405fef00 line=78 hitv=00000000 ro=01234567 tag=000000 V=00000000 L=00000000
3062 PC=0x98000000405fef00 [00000000405fef00]	35080070 ori    $t0,$t0,0x70
3062 Reg write t0=9800000047b00070
3063 PC=0x98000000405fef04 [00000000405fef04]	4d090041 ldxc1  f1,$t1($t0)
[va=9800000047b00010 pa=0000000047b00010]
3063 dcache  4d090041 load  miss refill   pol=3 VA=9800000047b00010 PA=047b00010 line=00 hitv=00000000 ro=40735621 tag=000000 V=11111111 W=00000000 L=00000000
3063 scache  4d090041 load  miss refill   pol=3 VA=9800000047b00010 PA=047b00000 line=000 hitv=0000 ro=0123 tag=00000 V=1111 W=1101
3063 dmemacc: store 8 addr=054200000 data=47f4fffffffffffe mask=11111111 cline 
3063 dmemacc: store 8 addr=054200008 data=7fffffffffffffff mask=11111111 cline 
3063 dmemacc: store 8 addr=054200010 data=47f4d080e39add22 mask=11111111 cline 
3063 dmemacc: store 8 addr=054200018 data=e73c83ba3e2f48ed mask=11111111 cline 
3063 Reg write f[1]=bae37c580dd8e2be  FCSR(fcr31)=6e000000
3064 PC=0x98000000405fef08 [00000000405fef08]	4d0a0809 sdxc1  f1,$t2($t0)
[va=9800000047b000d0 pa=0000000047b000d0]
3064 dcache  4d0a0809 store miss w/alloc  pol=3 VA=9800000047b000d0 PA=047b000d0 line=06 hitv=00000000 ro=67034125 tag=000000 V=11111111 W=00000000 L=00000000
3064 scache  4d0a0809 store miss w/alloc  pol=3 VA=9800000047b000d0 PA=047b000d0 line=006 hitv=0000 ro=3201 tag=00000 V=1111 W=1011 data=bae37c580dd8e2be mask=11111111
3064 dmemacc: store 8 addr=0505000c0 data=0000000000000000 mask=11111111 cline 
3064 dmemacc: store 8 addr=0505000c8 data=0000000000000000 mask=11111111 cline 
3064 dmemacc: store 8 addr=0505000d0 data=7b9253cb709b5a75 mask=11111111 cline 
3064 dmemacc: store 8 addr=0505000d8 data=0000000000000000 mask=11111111 cline 
3065 PC=0x98000000405fef0c [00000000405fef0c]	65290008 daddiu $t1,$t1,0x8
3065 Reg write t1=ffffffffffffffa8
3066 icache  65290008 load  hit           pol=3 VA=98000000405fef10 PA=0405fef10 line=78 hitv=00000001 ro=12345670 tag=0405fe V=00000001 L=00000000
3066 PC=0x98000000405fef10 [00000000405fef10]	654afff8 daddiu $t2,$t2,0xfff8
3066 Reg write t2=0000000000000058
3067 PC=0x98000000405fef14 [00000000405fef14]	5549fffc bnel   $t2,$t1,0x98000000405fef08
3068 PC=0x98000000405fef18 [00000000405fef18]	4d090041 ldxc1  f1,$t1($t0)
[va=9800000047b00018 pa=0000000047b00018]
3068 dcache  4d090041 load  hit           pol=3 VA=9800000047b00018 PA=047b00018 line=00 hitv=00010000 ro=07356214 tag=047b00 V=11111111 W=00000000 L=00000000
3068 Reg write f[1]=cdd221a110b705b2  FCSR(fcr31)=6e000000
3069 icache  4d090041 load  hit           pol=3 VA=98000000405fef08 PA=0405fef00 line=78 hitv=00000001 ro=12345670 tag=0405fe V=00000001 L=00000000
3069 PC=0x98000000405fef08 [00000000405fef08]	4d0a0809 sdxc1  f1,$t2($t0)
[va=9800000047b000c8 pa=0000000047b000c8]
3069 dcache  4d0a0809 store hit           pol=3 VA=9800000047b000c8 PA=047b000c8 line=06 hitv=01000000 ro=70341256 tag=047b00 V=11111111 W=00000000 L=00000000
3069 scache  4d0a0809 store hit           pol=3 VA=9800000047b000c8 PA=047b000c8 line=006 hitv=1000 ro=2013 tag=023d8 V=1111 W=1011 data=cdd221a110b705b2 mask=11111111
3070 PC=0x98000000405fef0c [00000000405fef0c]	65290008 daddiu $t1,$t1,0x8
3070 Reg write t1=ffffffffffffffb0
3071 icache  65290008 load  hit           pol=3 VA=98000000405fef10 PA=0405fef10 line=78 hitv=00000001 ro=12345670 tag=0405fe V=00000001 L=00000000
3071 PC=0x98000000405fef10 [00000000405fef10]	654afff8 daddiu $t2,$t2,0xfff8
3071 Reg write t2=0000000000000050
3072 PC=0x98000000405fef14 [00000000405fef14]	5549fffc bnel   $t2,$t1,0x98000000405fef08
3073 PC=0x98000000405fef18 [00000000405fef18]	4d090041 ldxc1  f1,$t1($t0)
[va=9800000047b00020 pa=0000000047b00020]
3073 dcache  4d090041 load  miss refill   pol=3 VA=9800000047b00020 PA=047b00020 line=01 hitv=00000000 ro=07623145 tag=000000 V=11111111 W=00000000 L=00000000
3073 scache  4d090041 load  miss refill   pol=3 VA=9800000047b00020 PA=047b00020 line=001 hitv=0000 ro=3021 tag=00000 V=1111 W=1011
3073 dmemacc: store 8 addr=054200020 data=47f4000000000000 mask=11111111 cline 
3073 dmemacc: store 8 addr=054200028 data=6c2aba3589d495bf mask=11111111 cline 
3073 dmemacc: store 8 addr=054200030 data=80ed64bff366ae0c mask=11111111 cline 
3073 dmemacc: store 8 addr=054200038 data=21d211178b223ac0 mask=11111111 cline 
3073 Reg write f[1]=3bb9a036da46cd8f  FCSR(fcr31)=6e000000
3074 icache  4d090041 load  hit           pol=3 VA=98000000405fef08 PA=0405fef00 line=78 hitv=00000001 ro=12345670 tag=0405fe V=00000001 L=00000000
3074 PC=0x98000000405fef08 [00000000405fef08]	4d0a0809 sdxc1  f1,$t2($t0)
[va=9800000047b000c0 pa=0000000047b000c0]
3074 dcache  4d0a0809 store hit           pol=3 VA=9800000047b000c0 PA=047b000c0 line=06 hitv=01000000 ro=70341256 tag=047b00 V=11111111 W=00000000 L=00000000
3074 scache  4d0a0809 store hit           pol=3 VA=9800000047b000c0 PA=047b000c0 line=006 hitv=1000 ro=2013 tag=023d8 V=1111 W=1011 data=3bb9a036da46cd8f mask=11111111
3075 PC=0x98000000405fef0c [00000000405fef0c]	65290008 daddiu $t1,$t1,0x8
3075 Reg write t1=ffffffffffffffb8
3076 icache  65290008 load  hit           pol=3 VA=98000000405fef10 PA=0405fef10 line=78 hitv=00000001 ro=12345670 tag=0405fe V=00000001 L=00000000
3076 PC=0x98000000405fef10 [00000000405fef10]	654afff8 daddiu $t2,$t2,0xfff8
3076 Reg write t2=0000000000000048
3077 PC=0x98000000405fef14 [00000000405fef14]	5549fffc bnel   $t2,$t1,0x98000000405fef08
3078 PC=0x98000000405fef18 [00000000405fef18]	4d090041 ldxc1  f1,$t1($t0)
[va=9800000047b00028 pa=0000000047b00028]
3078 dcache  4d090041 load  hit           pol=3 VA=9800000047b00028 PA=047b00028 line=01 hitv=00000001 ro=76231450 tag=047b00 V=11111111 W=00000000 L=00000000
3078 Reg write f[1]=ffffffffffffffff  FCSR(fcr31)=6e000000
3079 icache  4d090041 load  hit           pol=3 VA=98000000405fef08 PA=0405fef00 line=78 hitv=00000001 ro=12345670 tag=0405fe V=00000001 L=00000000
3079 PC=0x98000000405fef08 [00000000405fef08]	4d0a0809 sdxc1  f1,$t2($t0)
[va=9800000047b000b8 pa=0000000047b000b8]
3079 dcache  4d0a0809 store miss w/alloc  pol=3 VA=9800000047b000b8 PA=047b000b8 line=05 hitv=00000000 ro=71502346 tag=000000 V=11111111 W=00000000 L=00000000
3079 scache  4d0a0809 store miss w/alloc  pol=3 VA=9800000047b000b8 PA=047b000b8 line=005 hitv=0000 ro=0123 tag=00000 V=1111 W=1010 data=ffffffffffffffff mask=11111111
3080 PC=0x98000000405fef0c [00000000405fef0c]	65290008 daddiu $t1,$t1,0x8
3080 Reg write t1=ffffffffffffffc0
3081 icache  65290008 load  hit           pol=3 VA=98000000405fef10 PA=0405fef10 line=78 hitv=00000001 ro=12345670 tag=0405fe V=00000001 L=00000000
3081 PC=0x98000000405fef10 [00000000405fef10]	654afff8 daddiu $t2,$t2,0xfff8
3081 Reg write t2=0000000000000040
3082 PC=0x98000000405fef14 [00000000405fef14]	5549fffc bnel   $t2,$t1,0x98000000405fef08
3083 PC=0x98000000405fef18 [00000000405fef18]	4d090041 ldxc1  f1,$t1($t0)
[va=9800000047b00030 pa=0000000047b00030]
3083 dcache  4d090041 load  hit           pol=3 VA=9800000047b00030 PA=047b00030 line=01 hitv=00000001 ro=76231450 tag=047b00 V=11111111 W=00000000 L=00000000
3083 Reg write f[1]=e000000000000000  FCSR(fcr31)=6e000000
3084 icache  4d090041 load  hit           pol=3 VA=98000000405fef08 PA=0405fef00 line=78 hitv=00000001 ro=12345670 tag=0405fe V=00000001 L=00000000
3084 PC=0x98000000405fef08 [00000000405fef08]	4d0a0809 sdxc1  f1,$t2($t0)
[va=9800000047b000b0 pa=0000000047b000b0]
3084 dcache  4d0a0809 store hit           pol=3 VA=9800000047b000b0 PA=047b000b0 line=05 hitv=10000000 ro=15023467 tag=047b00 V=11111111 W=00000000 L=00000000
3084 scache  4d0a0809 store hit           pol=3 VA=9800000047b000b0 PA=047b000b0 line=005 hitv=0001 ro=1230 tag=023d8 V=1111 W=1011 data=e000000000000000 mask=11111111
3085 PC=0x98000000405fef0c [00000000405fef0c]	65290008 daddiu $t1,$t1,0x8
3085 Reg write t1=ffffffffffffffc8
3086 icache  65290008 load  hit           pol=3 VA=98000000405fef10 PA=0405fef10 line=78 hitv=00000001 ro=12345670 tag=0405fe V=00000001 L=00000000
3086 PC=0x98000000405fef10 [00000000405fef10]	654afff8 daddiu $t2,$t2,0xfff8
3086 Reg write t2=0000000000000038
3087 PC=0x98000000405fef14 [00000000405fef14]	5549fffc bnel   $t2,$t1,0x98000000405fef08
3088 PC=0x98000000405fef18 [00000000405fef18]	4d090041 ldxc1  f1,$t1($t0)
[va=9800000047b00038 pa=0000000047b00038]
3088 dcache  4d090041 load  hit           pol=3 VA=9800000047b00038 PA=047b00038 line=01 hitv=00000001 ro=76231450 tag=047b00 V=11111111 W=00000000 L=00000000
3088 Reg write f[1]=57596ae3601fd771  FCSR(fcr31)=6e000000
3089 icache  4d090041 load  hit           pol=3 VA=98000000405fef08 PA=0405fef00 line=78 hitv=00000001 ro=12345670 tag=0405fe V=00000001 L=00000000
3089 PC=0x98000000405fef08 [00000000405fef08]	4d0a0809 sdxc1  f1,$t2($t0)
[va=9800000047b000a8 pa=0000000047b000a8]
3089 dcache  4d0a0809 store hit           pol=3 VA=9800000047b000a8 PA=047b000a8 line=05 hitv=10000000 ro=15023467 tag=047b00 V=11111111 W=00000000 L=00000000
3089 scache  4d0a0809 store hit           pol=3 VA=9800000047b000a8 PA=047b000a8 line=005 hitv=0001 ro=1230 tag=023d8 V=1111 W=1011 data=57596ae3601fd771 mask=11111111
3090 PC=0x98000000405fef0c [00000000405fef0c]	65290008 daddiu $t1,$t1,0x8
3090 Reg write t1=ffffffffffffffd0
3091 icache  65290008 load  hit           pol=3 VA=98000000405fef10 PA=0405fef10 line=78 hitv=00000001 ro=12345670 tag=0405fe V=00000001 L=00000000
3091 PC=0x98000000405fef10 [00000000405fef10]	654afff8 daddiu $t2,$t2,0xfff8
3091 Reg write t2=0000000000000030
3092 PC=0x98000000405fef14 [00000000405fef14]	5549fffc bnel   $t2,$t1,0x98000000405fef08
3093 PC=0x98000000405fef18 [00000000405fef18]	4d090041 ldxc1  f1,$t1($t0)
[va=9800000047b00040 pa=0000000047b00040]
3093 dcache  4d090041 load  miss refill   pol=3 VA=9800000047b00040 PA=047b00040 line=02 hitv=00000000 ro=70531642 tag=000000 V=11111111 W=00000000 L=00000000
3093 scache  4d090041 load  miss refill   pol=3 VA=9800000047b00040 PA=047b00040 line=002 hitv=0000 ro=1023 tag=00000 V=1111 W=1110
3093 dmemacc: store 8 addr=050500040 data=ffffffffffffff80 mask=11111111 cline 
3093 dmemacc: store 8 addr=050500048 data=820e448a5a561aed mask=11111111 cline 
3093 dmemacc: store 8 addr=050500050 data=9800000045205dde mask=11111111 cline 
3093 dmemacc: store 8 addr=050500058 data=38308b610000003d mask=11111111 cline 
3093 Reg write f[1]=7fffffffffffffff  FCSR(fcr31)=6e000000
3094 icache  4d090041 load  hit           pol=3 VA=98000000405fef08 PA=0405fef00 line=78 hitv=00000001 ro=12345670 tag=0405fe V=00000001 L=00000000
3094 PC=0x98000000405fef08 [00000000405fef08]	4d0a0809 sdxc1  f1,$t2($t0)
[va=9800000047b000a0 pa=0000000047b000a0]
3094 dcache  4d0a0809 store hit           pol=3 VA=9800000047b000a0 PA=047b000a0 line=05 hitv=10000000 ro=15023467 tag=047b00 V=11111111 W=00000000 L=00000000
3094 scache  4d0a0809 store hit           pol=3 VA=9800000047b000a0 PA=047b000a0 line=005 hitv=0001 ro=1230 tag=023d8 V=1111 W=1011 data=7fffffffffffffff mask=11111111
3095 PC=0x98000000405fef0c [00000000405fef0c]	65290008 daddiu $t1,$t1,0x8
3095 Reg write t1=ffffffffffffffd8
3096 icache  65290008 load  hit           pol=3 VA=98000000405fef10 PA=0405fef10 line=78 hitv=00000001 ro=12345670 tag=0405fe V=00000001 L=00000000
3096 PC=0x98000000405fef10 [00000000405fef10]	654afff8 daddiu $t2,$t2,0xfff8
3096 Reg write t2=0000000000000028
3097 PC=0x98000000405fef14 [00000000405fef14]	5549fffc bnel   $t2,$t1,0x98000000405fef08
3098 PC=0x98000000405fef18 [00000000405fef18]	4d090041 ldxc1  f1,$t1($t0)
[va=9800000047b00048 pa=0000000047b00048]
3098 dcache  4d090041 load  hit           pol=3 VA=9800000047b00048 PA=047b00048 line=02 hitv=10000000 ro=05316427 tag=047b00 V=11111111 W=00000000 L=00000000
3098 Reg write f[1]=b5bc2a4478d30b65  FCSR(fcr31)=6e000000
3099 icache  4d090041 load  hit           pol=3 VA=98000000405fef08 PA=0405fef00 line=78 hitv=00000001 ro=12345670 tag=0405fe V=00000001 L=00000000
3099 PC=0x98000000405fef08 [00000000405fef08]	4d0a0809 sdxc1  f1,$t2($t0)
[va=9800000047b00098 pa=0000000047b00098]
3099 dcache  4d0a0809 store miss w/alloc  pol=3 VA=9800000047b00098 PA=047b00098 line=04 hitv=00000000 ro=01235647 tag=000000 V=11111111 W=00000000 L=00000000
3099 scache  4d0a0809 store miss w/alloc  pol=3 VA=9800000047b00098 PA=047b00098 line=004 hitv=0000 ro=3102 tag=00000 V=1111 W=1101 data=b5bc2a4478d30b65 mask=11111111
3099 dmemacc: store 8 addr=051800080 data=416fb27303ffffff mask=11111111 cline 
3099 dmemacc: store 8 addr=051800088 data=8572301d25b889b6 mask=11111111 cline 
3099 dmemacc: store 8 addr=051800090 data=6d1e2205b6c9836f mask=11111111 cline 
3099 dmemacc: store 8 addr=051800098 data=9ef5a2e7de0a8178 mask=11111111 cline 
3100 PC=0x98000000405fef0c [00000000405fef0c]	65290008 daddiu $t1,$t1,0x8
3100 Reg write t1=ffffffffffffffe0
3101 icache  65290008 load  hit           pol=3 VA=98000000405fef10 PA=0405fef10 line=78 hitv=00000001 ro=12345670 tag=0405fe V=00000001 L=00000000
3101 PC=0x98000000405fef10 [00000000405fef10]	654afff8 daddiu $t2,$t2,0xfff8
3101 Reg write t2=0000000000000020
3102 PC=0x98000000405fef14 [00000000405fef14]	5549fffc bnel   $t2,$t1,0x98000000405fef08
3103 PC=0x98000000405fef18 [00000000405fef18]	4d090041 ldxc1  f1,$t1($t0)
[va=9800000047b00050 pa=0000000047b00050]
3103 dcache  4d090041 load  hit           pol=3 VA=9800000047b00050 PA=047b00050 line=02 hitv=10000000 ro=05316427 tag=047b00 V=11111111 W=00000000 L=00000000
3103 Reg write f[1]=574340519072e189  FCSR(fcr31)=6e000000
3104 icache  4d090041 load  hit           pol=3 VA=98000000405fef08 PA=0405fef00 line=78 hitv=00000001 ro=12345670 tag=0405fe V=00000001 L=00000000
3104 PC=0x98000000405fef08 [00000000405fef08]	4d0a0809 sdxc1  f1,$t2($t0)
[va=9800000047b00090 pa=0000000047b00090]
3104 dcache  4d0a0809 store hit           pol=3 VA=9800000047b00090 PA=047b00090 line=04 hitv=00000001 ro=12356470 tag=047b00 V=11111111 W=00000000 L=00000000
3104 scache  4d0a0809 store hit           pol=3 VA=9800000047b00090 PA=047b00090 line=004 hitv=1000 ro=1023 tag=023d8 V=1111 W=1101 data=574340519072e189 mask=11111111
3105 PC=0x98000000405fef0c [00000000405fef0c]	65290008 daddiu $t1,$t1,0x8
3105 Reg write t1=ffffffffffffffe8
3106 icache  65290008 load  hit           pol=3 VA=98000000405fef10 PA=0405fef10 line=78 hitv=00000001 ro=12345670 tag=0405fe V=00000001 L=00000000
3106 PC=0x98000000405fef10 [00000000405fef10]	654afff8 daddiu $t2,$t2,0xfff8
3106 Reg write t2=0000000000000018
3107 PC=0x98000000405fef14 [00000000405fef14]	5549fffc bnel   $t2,$t1,0x98000000405fef08
3108 PC=0x98000000405fef18 [00000000405fef18]	4d090041 ldxc1  f1,$t1($t0)
[va=9800000047b00058 pa=0000000047b00058]
3108 dcache  4d090041 load  hit           pol=3 VA=9800000047b00058 PA=047b00058 line=02 hitv=10000000 ro=05316427 tag=047b00 V=11111111 W=00000000 L=00000000
3108 Reg write f[1]=53242545cccd300a  FCSR(fcr31)=6e000000
3109 icache  4d090041 load  hit           pol=3 VA=98000000405fef08 PA=0405fef00 line=78 hitv=00000001 ro=12345670 tag=0405fe V=00000001 L=00000000
3109 PC=0x98000000405fef08 [00000000405fef08]	4d0a0809 sdxc1  f1,$t2($t0)
[va=9800000047b00088 pa=0000000047b00088]
3109 dcache  4d0a0809 store hit           pol=3 VA=9800000047b00088 PA=047b00088 line=04 hitv=00000001 ro=12356470 tag=047b00 V=11111111 W=00000000 L=00000000
3109 scache  4d0a0809 store hit           pol=3 VA=9800000047b00088 PA=047b00088 line=004 hitv=1000 ro=1023 tag=023d8 V=1111 W=1101 data=53242545cccd300a mask=11111111
3110 PC=0x98000000405fef0c [00000000405fef0c]	65290008 daddiu $t1,$t1,0x8
3110 Reg write t1=fffffffffffffff0
3111 icache  65290008 load  hit           pol=3 VA=98000000405fef10 PA=0405fef10 line=78 hitv=00000001 ro=12345670 tag=0405fe V=00000001 L=00000000
3111 PC=0x98000000405fef10 [00000000405fef10]	654afff8 daddiu $t2,$t2,0xfff8
3111 Reg write t2=0000000000000010
3112 PC=0x98000000405fef14 [00000000405fef14]	5549fffc bnel   $t2,$t1,0x98000000405fef08
3113 PC=0x98000000405fef18 [00000000405fef18]	4d090041 ldxc1  f1,$t1($t0)
[va=9800000047b00060 pa=0000000047b00060]
3113 dcache  4d090041 load  miss refill   pol=3 VA=9800000047b00060 PA=047b00060 line=03 hitv=00000000 ro=45670132 tag=000000 V=11111111 W=00000000 L=00000000
3113 scache  4d090041 load  miss refill   pol=3 VA=9800000047b00060 PA=047b00060 line=003 hitv=0000 ro=2031 tag=00000 V=1111 W=1110
3113 dmemacc: store 8 addr=048200060 data=726b79cfc6392645 mask=11111111 cline 
3113 dmemacc: store 8 addr=048200068 data=76cd05efb3729331 mask=11111111 cline 
3113 dmemacc: store 8 addr=048200070 data=9999999999999999 mask=11111111 cline 
3113 dmemacc: store 8 addr=048200078 data=b7ec6e18b59ba8dd mask=11111111 cline 
3113 Reg write f[1]=7fffffffffffffff  FCSR(fcr31)=6e000000
3114 icache  4d090041 load  hit           pol=3 VA=98000000405fef08 PA=0405fef00 line=78 hitv=00000001 ro=12345670 tag=0405fe V=00000001 L=00000000
3114 PC=0x98000000405fef08 [00000000405fef08]	4d0a0809 sdxc1  f1,$t2($t0)
[va=9800000047b00080 pa=0000000047b00080]
3114 dcache  4d0a0809 store hit           pol=3 VA=9800000047b00080 PA=047b00080 line=04 hitv=00000001 ro=12356470 tag=047b00 V=11111111 W=00000000 L=00000000
3114 scache  4d0a0809 store hit           pol=3 VA=9800000047b00080 PA=047b00080 line=004 hitv=1000 ro=1023 tag=023d8 V=1111 W=1101 data=7fffffffffffffff mask=11111111
3115 PC=0x98000000405fef0c [00000000405fef0c]	65290008 daddiu $t1,$t1,0x8
3115 Reg write t1=fffffffffffffff8
3116 icache  65290008 load  hit           pol=3 VA=98000000405fef10 PA=0405fef10 line=78 hitv=00000001 ro=12345670 tag=0405fe V=00000001 L=00000000
3116 PC=0x98000000405fef10 [00000000405fef10]	654afff8 daddiu $t2,$t2,0xfff8
3116 Reg write t2=0000000000000008
3117 PC=0x98000000405fef14 [00000000405fef14]	5549fffc bnel   $t2,$t1,0x98000000405fef08
3118 PC=0x98000000405fef18 [00000000405fef18]	4d090041 ldxc1  f1,$t1($t0)
[va=9800000047b00068 pa=0000000047b00068]
3118 dcache  4d090041 load  hit           pol=3 VA=9800000047b00068 PA=047b00068 line=03 hitv=00010000 ro=56701324 tag=047b00 V=11111111 W=00000000 L=00000000
3118 Reg write f[1]=99d185c5f1e262d3  FCSR(fcr31)=6e000000
3119 icache  4d090041 load  hit           pol=3 VA=98000000405fef08 PA=0405fef00 line=78 hitv=00000001 ro=12345670 tag=0405fe V=00000001 L=00000000
3119 PC=0x98000000405fef08 [00000000405fef08]	4d0a0809 sdxc1  f1,$t2($t0)
[va=9800000047b00078 pa=0000000047b00078]
3119 dcache  4d0a0809 store hit           pol=3 VA=9800000047b00078 PA=047b00078 line=03 hitv=00010000 ro=56701324 tag=047b00 V=11111111 W=00000000 L=00000000
3119 scache  4d0a0809 store hit           pol=3 VA=9800000047b00078 PA=047b00078 line=003 hitv=0100 ro=0312 tag=023d8 V=1111 W=1010 data=99d185c5f1e262d3 mask=11111111
3120 PC=0x98000000405fef0c [00000000405fef0c]	65290008 daddiu $t1,$t1,0x8
3120 Reg write t1=0000000000000000
3121 icache  65290008 load  hit           pol=3 VA=98000000405fef10 PA=0405fef10 line=78 hitv=00000001 ro=12345670 tag=0405fe V=00000001 L=00000000
3121 PC=0x98000000405fef10 [00000000405fef10]	654afff8 daddiu $t2,$t2,0xfff8
3121 Reg write t2=0000000000000000
3122 PC=0x98000000405fef14 [00000000405fef14]	5549fffc bnel   $t2,$t1,0x98000000405fef08
3123 PC=0x98000000405fef1c [00000000405fef1c]	00000000 nop
3124 icache  00000000 load  miss refill   pol=3 VA=98000000405fef20 PA=0405fef20 line=79 hitv=00000000 ro=01234567 tag=000000 V=00000000 L=00000000
3124 PC=0x98000000405fef20 [00000000405fef20]	3406147e ori    $a2,$r0,0x147e
3124 Reg write a2=000000000000147e
3125 PC=0x98000000405fef24 [00000000405fef24]	04d10003 bgezal $a2,0x98000000405fef34
3125 Reg write ra=98000000405fef2c
3126 PC=0x98000000405fef28 [00000000405fef28]	00000000 nop
3127 icache  00000000 load  hit           pol=3 VA=98000000405fef34 PA=0405fef30 line=79 hitv=00000001 ro=12345670 tag=0405fe V=00000001 L=00000000
3127 PC=0x98000000405fef34 [00000000405fef34]	2009ffa0 addi   $t1,$r0,0xffa0
3127 Reg write t1=ffffffffffffffa0
3128 PC=0x98000000405fef38 [00000000405fef38]	340a0060 ori    $t2,$r0,0x60
3128 Reg write t2=0000000000000060
3129 PC=0x98000000405fef3c [00000000405fef3c]	3c089800 lui    $t0,0x9800
3129 Reg write t0=ffffffff98000000
3130 icache  3c089800 load  miss refill   pol=3 VA=98000000405fef40 PA=0405fef40 line=7a hitv=00000000 ro=01234567 tag=000000 V=00000000 L=00000000
3130 PC=0x98000000405fef40 [00000000405fef40]	00084438 dsll   $t0,$t0,16
3130 Reg write t0=ffff980000000000
3131 PC=0x98000000405fef44 [00000000405fef44]	35084380 ori    $t0,$t0,0x4380
3131 Reg write t0=ffff980000004380
3132 PC=0x98000000405fef48 [00000000405fef48]	00084438 dsll   $t0,$t0,16
3132 Reg write t0=9800000043800000
3133 PC=0x98000000405fef4c [00000000405fef4c]	35080030 ori    $t0,$t0,0x30
3133 Reg write t0=9800000043800030
3134 icache  35080030 load  hit           pol=3 VA=98000000405fef50 PA=0405fef50 line=7a hitv=00000001 ro=12345670 tag=0405fe V=00000001 L=00000000
3134 PC=0x98000000405fef50 [00000000405fef50]	4d090041 ldxc1  f1,$t1($t0)
[va=98000000437fffd0 pa=00000000437fffd0]
3134 dcache  4d090041 load  miss refill   pol=3 VA=98000000437fffd0 PA=0437fffd0 line=7e hitv=00000000 ro=60412375 tag=000000 V=11111111 W=00000000 L=00000000
3134 scache  4d090041 load  miss refill   pol=3 VA=98000000437fffd0 PA=0437fffc0 line=ffe hitv=0000 ro=1203 tag=00000 V=1111 W=1110
3134 dmemacc: store 8 addr=0504fffc0 data=290929dc7ba953dc mask=11111111 cline 
3134 dmemacc: store 8 addr=0504fffc8 data=6d094faa380f57df mask=11111111 cline 
3134 dmemacc: store 8 addr=0504fffd0 data=0264b6dd07f9500a mask=11111111 cline 
3134 dmemacc: store 8 addr=0504fffd8 data=c3719e36ace3bcb6 mask=11111111 cline 
3134 Reg write f[1]=7543ecbe3df2939e  FCSR(fcr31)=6e000000
3135 PC=0x98000000405fef54 [00000000405fef54]	4d0a0809 sdxc1  f1,$t2($t0)
[va=9800000043800090 pa=0000000043800090]
3135 dcache  4d0a0809 store miss w/alloc  pol=3 VA=9800000043800090 PA=043800090 line=04 hitv=00000000 ro=12356470 tag=000000 V=11111111 W=00000000 L=00000000
3135 scache  4d0a0809 store miss w/alloc  pol=3 VA=9800000043800090 PA=043800090 line=004 hitv=0000 ro=1023 tag=00000 V=1111 W=1101 data=7543ecbe3df2939e mask=11111111
3136 PC=0x98000000405fef58 [00000000405fef58]	65290008 daddiu $t1,$t1,0x8
3136 Reg write t1=ffffffffffffffa8
3137 PC=0x98000000405fef5c [00000000405fef5c]	654afff8 daddiu $t2,$t2,0xfff8
3137 Reg write t2=0000000000000058
3138 icache  654afff8 load  miss refill   pol=3 VA=98000000405fef60 PA=0405fef60 line=7b hitv=00000000 ro=01234567 tag=000000 V=00000000 L=00000000
3138 PC=0x98000000405fef60 [00000000405fef60]	5549fffc bnel   $t2,$t1,0x98000000405fef54
3139 PC=0x98000000405fef64 [00000000405fef64]	4d090041 ldxc1  f1,$t1($t0)
[va=98000000437fffd8 pa=00000000437fffd8]
3139 dcache  4d090041 load  hit           pol=3 VA=98000000437fffd8 PA=0437fffd8 line=7e hitv=01000000 ro=04123756 tag=0437ff V=11111111 W=00000000 L=00000000
3139 Reg write f[1]=aaaaaaaaaaaaaaaa  FCSR(fcr31)=6e000000
3140 icache  4d090041 load  hit           pol=3 VA=98000000405fef54 PA=0405fef50 line=7a hitv=00000001 ro=12345670 tag=0405fe V=00000001 L=00000000
3140 PC=0x98000000405fef54 [00000000405fef54]	4d0a0809 sdxc1  f1,$t2($t0)
[va=9800000043800088 pa=0000000043800088]
3140 dcache  4d0a0809 store hit           pol=3 VA=9800000043800088 PA=043800088 line=04 hitv=00000010 ro=23564701 tag=043800 V=11111111 W=00000000 L=00000000
3140 scache  4d0a0809 store hit           pol=3 VA=9800000043800088 PA=043800088 line=004 hitv=0010 ro=0231 tag=021c0 V=1111 W=1111 data=aaaaaaaaaaaaaaaa mask=11111111
3141 PC=0x98000000405fef58 [00000000405fef58]	65290008 daddiu $t1,$t1,0x8
3141 Reg write t1=ffffffffffffffb0
3142 PC=0x98000000405fef5c [00000000405fef5c]	654afff8 daddiu $t2,$t2,0xfff8
3142 Reg write t2=0000000000000050
3143 icache  654afff8 load  hit           pol=3 VA=98000000405fef60 PA=0405fef60 line=7b hitv=00000001 ro=12345670 tag=0405fe V=00000001 L=00000000
3143 PC=0x98000000405fef60 [00000000405fef60]	5549fffc bnel   $t2,$t1,0x98000000405fef54
3144 PC=0x98000000405fef64 [00000000405fef64]	4d090041 ldxc1  f1,$t1($t0)
[va=98000000437fffe0 pa=00000000437fffe0]
3144 dcache  4d090041 load  miss refill   pol=3 VA=98000000437fffe0 PA=0437fffe0 line=7f hitv=00000000 ro=12674350 tag=000000 V=11111111 W=00000000 L=00000000
3144 scache  4d090041 load  miss refill   pol=3 VA=98000000437fffe0 PA=0437fffe0 line=fff hitv=0000 ro=2301 tag=00000 V=1111 W=0111
3144 dmemacc: store 8 addr=0412fffe0 data=b4c7b7efee3fdd99 mask=11111111 cline 
3144 dmemacc: store 8 addr=0412fffe8 data=98000000541fffc0 mask=11111111 cline 
3144 dmemacc: store 8 addr=0412ffff0 data=9eea3e20f9496b5f mask=11111111 cline 
3144 dmemacc: store 8 addr=0412ffff8 data=8f9ff0810f11382f mask=11111111 cline 
3144 Reg write f[1]=1fffffffffffffff  FCSR(fcr31)=6e000000
3145 icache  4d090041 load  hit           pol=3 VA=98000000405fef54 PA=0405fef50 line=7a hitv=00000001 ro=12345670 tag=0405fe V=00000001 L=00000000
3145 PC=0x98000000405fef54 [00000000405fef54]	4d0a0809 sdxc1  f1,$t2($t0)
[va=9800000043800080 pa=0000000043800080]
3145 dcache  4d0a0809 store hit           pol=3 VA=9800000043800080 PA=043800080 line=04 hitv=00000010 ro=23564701 tag=043800 V=11111111 W=00000000 L=00000000
3145 scache  4d0a0809 store hit           pol=3 VA=9800000043800080 PA=043800080 line=004 hitv=0010 ro=0231 tag=021c0 V=1111 W=1111 data=1fffffffffffffff mask=11111111
3146 PC=0x98000000405fef58 [00000000405fef58]	65290008 daddiu $t1,$t1,0x8
3146 Reg write t1=ffffffffffffffb8
3147 PC=0x98000000405fef5c [00000000405fef5c]	654afff8 daddiu $t2,$t2,0xfff8
3147 Reg write t2=0000000000000048
3148 icache  654afff8 load  hit           pol=3 VA=98000000405fef60 PA=0405fef60 line=7b hitv=00000001 ro=12345670 tag=0405fe V=00000001 L=00000000
3148 PC=0x98000000405fef60 [00000000405fef60]	5549fffc bnel   $t2,$t1,0x98000000405fef54
3149 PC=0x98000000405fef64 [00000000405fef64]	4d090041 ldxc1  f1,$t1($t0)
[va=98000000437fffe8 pa=00000000437fffe8]
3149 dcache  4d090041 load  hit           pol=3 VA=98000000437fffe8 PA=0437fffe8 line=7f hitv=00000010 ro=26743501 tag=0437ff V=11111111 W=00000000 L=00000000
3149 Reg write f[1]=fffffe0000000000  FCSR(fcr31)=6e000000
3150 icache  4d090041 load  hit           pol=3 VA=98000000405fef54 PA=0405fef50 line=7a hitv=00000001 ro=12345670 tag=0405fe V=00000001 L=00000000
3150 PC=0x98000000405fef54 [00000000405fef54]	4d0a0809 sdxc1  f1,$t2($t0)
[va=9800000043800078 pa=0000000043800078]
3150 dcache  4d0a0809 store miss w/alloc  pol=3 VA=9800000043800078 PA=043800078 line=03 hitv=00000000 ro=56701324 tag=000000 V=11111111 W=00000000 L=00000000
3150 scache  4d0a0809 store miss w/alloc  pol=3 VA=9800000043800078 PA=043800078 line=003 hitv=0000 ro=0312 tag=00000 V=1111 W=1110 data=fffffe0000000000 mask=11111111
3151 PC=0x98000000405fef58 [00000000405fef58]	65290008 daddiu $t1,$t1,0x8
3151 Reg write t1=ffffffffffffffc0
3152 PC=0x98000000405fef5c [00000000405fef5c]	654afff8 daddiu $t2,$t2,0xfff8
3152 Reg write t2=0000000000000040
3153 icache  654afff8 load  hit           pol=3 VA=98000000405fef60 PA=0405fef60 line=7b hitv=00000001 ro=12345670 tag=0405fe V=00000001 L=00000000
3153 PC=0x98000000405fef60 [00000000405fef60]	5549fffc bnel   $t2,$t1,0x98000000405fef54
3154 PC=0x98000000405fef64 [00000000405fef64]	4d090041 ldxc1  f1,$t1($t0)
[va=98000000437ffff0 pa=00000000437ffff0]
3154 dcache  4d090041 load  hit           pol=3 VA=98000000437ffff0 PA=0437ffff0 line=7f hitv=00000010 ro=26743501 tag=0437ff V=11111111 W=00000000 L=00000000
3154 Reg write f[1]=0000000000000001  FCSR(fcr31)=6e000000
3155 icache  4d090041 load  hit           pol=3 VA=98000000405fef54 PA=0405fef50 line=7a hitv=00000001 ro=12345670 tag=0405fe V=00000001 L=00000000
3155 PC=0x98000000405fef54 [00000000405fef54]	4d0a0809 sdxc1  f1,$t2($t0)
[va=9800000043800070 pa=0000000043800070]
3155 dcache  4d0a0809 store hit           pol=3 VA=9800000043800070 PA=043800070 line=03 hitv=00100000 ro=67013245 tag=043800 V=11111111 W=00000000 L=00000000
3155 scache  4d0a0809 store hit           pol=3 VA=9800000043800070 PA=043800070 line=003 hitv=0001 ro=3120 tag=021c0 V=1111 W=1111 data=0000000000000001 mask=11111111
3156 PC=0x98000000405fef58 [00000000405fef58]	65290008 daddiu $t1,$t1,0x8
3156 Reg write t1=ffffffffffffffc8
3157 PC=0x98000000405fef5c [00000000405fef5c]	654afff8 daddiu $t2,$t2,0xfff8
3157 Reg write t2=0000000000000038
3158 icache  654afff8 load  hit           pol=3 VA=98000000405fef60 PA=0405fef60 line=7b hitv=00000001 ro=12345670 tag=0405fe V=00000001 L=00000000
3158 PC=0x98000000405fef60 [00000000405fef60]	5549fffc bnel   $t2,$t1,0x98000000405fef54
3159 PC=0x98000000405fef64 [00000000405fef64]	4d090041 ldxc1  f1,$t1($t0)
[va=98000000437ffff8 pa=00000000437ffff8]
3159 dcache  4d090041 load  hit           pol=3 VA=98000000437ffff8 PA=0437ffff8 line=7f hitv=00000010 ro=26743501 tag=0437ff V=11111111 W=00000000 L=00000000
3159 Reg write f[1]=1f2728489901bc5c  FCSR(fcr31)=6e000000
3160 icache  4d090041 load  hit           pol=3 VA=98000000405fef54 PA=0405fef50 line=7a hitv=00000001 ro=12345670 tag=0405fe V=00000001 L=00000000
3160 PC=0x98000000405fef54 [00000000405fef54]	4d0a0809 sdxc1  f1,$t2($t0)
[va=9800000043800068 pa=0000000043800068]
3160 dcache  4d0a0809 store hit           pol=3 VA=9800000043800068 PA=043800068 line=03 hitv=00100000 ro=67013245 tag=043800 V=11111111 W=00000000 L=00000000
3160 scache  4d0a0809 store hit           pol=3 VA=9800000043800068 PA=043800068 line=003 hitv=0001 ro=3120 tag=021c0 V=1111 W=1111 data=1f2728489901bc5c mask=11111111
3161 PC=0x98000000405fef58 [00000000405fef58]	65290008 daddiu $t1,$t1,0x8
3161 Reg write t1=ffffffffffffffd0
3162 PC=0x98000000405fef5c [00000000405fef5c]	654afff8 daddiu $t2,$t2,0xfff8
3162 Reg write t2=0000000000000030
3163 icache  654afff8 load  hit           pol=3 VA=98000000405fef60 PA=0405fef60 line=7b hitv=00000001 ro=12345670 tag=0405fe V=00000001 L=00000000
3163 PC=0x98000000405fef60 [00000000405fef60]	5549fffc bnel   $t2,$t1,0x98000000405fef54
3164 PC=0x98000000405fef64 [00000000405fef64]	4d090041 ldxc1  f1,$t1($t0)
[va=9800000043800000 pa=0000000043800000]
3164 dcache  4d090041 load  miss refill   pol=3 VA=9800000043800000 PA=043800000 line=00 hitv=00000000 ro=07356214 tag=000000 V=11111111 W=00000000 L=00000000
3164 scache  4d090041 load  miss refill   pol=3 VA=9800000043800000 PA=043800000 line=000 hitv=0000 ro=1230 tag=00000 V=1111 W=1100
3164 Reg write f[1]=98000000504fff30  FCSR(fcr31)=6e000000
3165 icache  4d090041 load  hit           pol=3 VA=98000000405fef54 PA=0405fef50 line=7a hitv=00000001 ro=12345670 tag=0405fe V=00000001 L=00000000
3165 PC=0x98000000405fef54 [00000000405fef54]	4d0a0809 sdxc1  f1,$t2($t0)
[va=9800000043800060 pa=0000000043800060]
3165 dcache  4d0a0809 store hit           pol=3 VA=9800000043800060 PA=043800060 line=03 hitv=00100000 ro=67013245 tag=043800 V=11111111 W=00000000 L=00000000
3165 scache  4d0a0809 store hit           pol=3 VA=9800000043800060 PA=043800060 line=003 hitv=0001 ro=3120 tag=021c0 V=1111 W=1111 data=98000000504fff30 mask=11111111
3166 PC=0x98000000405fef58 [00000000405fef58]	65290008 daddiu $t1,$t1,0x8
3166 Reg write t1=ffffffffffffffd8
3167 PC=0x98000000405fef5c [00000000405fef5c]	654afff8 daddiu $t2,$t2,0xfff8
3167 Reg write t2=0000000000000028
3168 icache  654afff8 load  hit           pol=3 VA=98000000405fef60 PA=0405fef60 line=7b hitv=00000001 ro=12345670 tag=0405fe V=00000001 L=00000000
3168 PC=0x98000000405fef60 [00000000405fef60]	5549fffc bnel   $t2,$t1,0x98000000405fef54
3169 PC=0x98000000405fef64 [00000000405fef64]	4d090041 ldxc1  f1,$t1($t0)
[va=9800000043800008 pa=0000000043800008]
3169 dcache  4d090041 load  hit           pol=3 VA=9800000043800008 PA=043800008 line=00 hitv=00000001 ro=73562140 tag=043800 V=11111111 W=00000000 L=00000000
3169 Reg write f[1]=3333333333333333  FCSR(fcr31)=6e000000
3170 icache  4d090041 load  hit           pol=3 VA=98000000405fef54 PA=0405fef50 line=7a hitv=00000001 ro=12345670 tag=0405fe V=00000001 L=00000000
3170 PC=0x98000000405fef54 [00000000405fef54]	4d0a0809 sdxc1  f1,$t2($t0)
[va=9800000043800058 pa=0000000043800058]
3170 dcache  4d0a0809 store miss w/alloc  pol=3 VA=9800000043800058 PA=043800058 line=02 hitv=00000000 ro=05316427 tag=000000 V=11111111 W=00000000 L=00000000
3170 scache  4d0a0809 store miss w/alloc  pol=3 VA=9800000043800058 PA=043800058 line=002 hitv=0000 ro=0231 tag=00000 V=1111 W=1100 data=3333333333333333 mask=11111111
3171 PC=0x98000000405fef58 [00000000405fef58]	65290008 daddiu $t1,$t1,0x8
3171 Reg write t1=ffffffffffffffe0
3172 PC=0x98000000405fef5c [00000000405fef5c]	654afff8 daddiu $t2,$t2,0xfff8
3172 Reg write t2=0000000000000020
3173 icache  654afff8 load  hit           pol=3 VA=98000000405fef60 PA=0405fef60 line=7b hitv=00000001 ro=12345670 tag=0405fe V=00000001 L=00000000
3173 PC=0x98000000405fef60 [00000000405fef60]	5549fffc bnel   $t2,$t1,0x98000000405fef54
3174 PC=0x98000000405fef64 [00000000405fef64]	4d090041 ldxc1  f1,$t1($t0)
[va=9800000043800010 pa=0000000043800010]
3174 dcache  4d090041 load  hit           pol=3 VA=9800000043800010 PA=043800010 line=00 hitv=00000001 ro=73562140 tag=043800 V=11111111 W=00000000 L=00000000
3174 Reg write f[1]=f7582b33fad4eadd  FCSR(fcr31)=6e000000
3175 icache  4d090041 load  hit           pol=3 VA=98000000405fef54 PA=0405fef50 line=7a hitv=00000001 ro=12345670 tag=0405fe V=00000001 L=00000000
3175 PC=0x98000000405fef54 [00000000405fef54]	4d0a0809 sdxc1  f1,$t2($t0)
[va=9800000043800050 pa=0000000043800050]
3175 dcache  4d0a0809 store hit           pol=3 VA=9800000043800050 PA=043800050 line=02 hitv=00000001 ro=53164270 tag=043800 V=11111111 W=00000000 L=00000000
3175 scache  4d0a0809 store hit           pol=3 VA=9800000043800050 PA=043800050 line=002 hitv=0001 ro=2310 tag=021c0 V=1111 W=1101 data=f7582b33fad4eadd mask=11111111
3176 PC=0x98000000405fef58 [00000000405fef58]	65290008 daddiu $t1,$t1,0x8
3176 Reg write t1=ffffffffffffffe8
3177 PC=0x98000000405fef5c [00000000405fef5c]	654afff8 daddiu $t2,$t2,0xfff8
3177 Reg write t2=0000000000000018
3178 icache  654afff8 load  hit           pol=3 VA=98000000405fef60 PA=0405fef60 line=7b hitv=00000001 ro=12345670 tag=0405fe V=00000001 L=00000000
3178 PC=0x98000000405fef60 [00000000405fef60]	5549fffc bnel   $t2,$t1,0x98000000405fef54
3179 PC=0x98000000405fef64 [00000000405fef64]	4d090041 ldxc1  f1,$t1($t0)
[va=9800000043800018 pa=0000000043800018]
3179 dcache  4d090041 load  hit           pol=3 VA=9800000043800018 PA=043800018 line=00 hitv=00000001 ro=73562140 tag=043800 V=11111111 W=00000000 L=00000000
3179 Reg write f[1]=3333333333333333  FCSR(fcr31)=6e000000
3180 icache  4d090041 load  hit           pol=3 VA=98000000405fef54 PA=0405fef50 line=7a hitv=00000001 ro=12345670 tag=0405fe V=00000001 L=00000000
3180 PC=0x98000000405fef54 [00000000405fef54]	4d0a0809 sdxc1  f1,$t2($t0)
[va=9800000043800048 pa=0000000043800048]
3180 dcache  4d0a0809 store hit           pol=3 VA=9800000043800048 PA=043800048 line=02 hitv=00000001 ro=53164270 tag=043800 V=11111111 W=00000000 L=00000000
3180 scache  4d0a0809 store hit           pol=3 VA=9800000043800048 PA=043800048 line=002 hitv=0001 ro=2310 tag=021c0 V=1111 W=1101 data=3333333333333333 mask=11111111
3181 PC=0x98000000405fef58 [00000000405fef58]	65290008 daddiu $t1,$t1,0x8
3181 Reg write t1=fffffffffffffff0
3182 PC=0x98000000405fef5c [00000000405fef5c]	654afff8 daddiu $t2,$t2,0xfff8
3182 Reg write t2=0000000000000010
3183 icache  654afff8 load  hit           pol=3 VA=98000000405fef60 PA=0405fef60 line=7b hitv=00000001 ro=12345670 tag=0405fe V=00000001 L=00000000
3183 PC=0x98000000405fef60 [00000000405fef60]	5549fffc bnel   $t2,$t1,0x98000000405fef54
3184 PC=0x98000000405fef64 [00000000405fef64]	4d090041 ldxc1  f1,$t1($t0)
[va=9800000043800020 pa=0000000043800020]
3184 dcache  4d090041 load  miss refill   pol=3 VA=9800000043800020 PA=043800020 line=01 hitv=00000000 ro=76231450 tag=000000 V=11111111 W=00000000 L=00000000
3184 scache  4d090041 load  miss refill   pol=3 VA=9800000043800020 PA=043800020 line=001 hitv=0000 ro=0213 tag=00000 V=1111 W=0011
3184 dmemacc: store 8 addr=051200020 data=ffffffffffffffff mask=11111111 cline 
3184 dmemacc: store 8 addr=051200028 data=54a51d1f32364460 mask=11111111 cline 
3184 dmemacc: store 8 addr=051200030 data=2415a6a637d91563 mask=11111111 cline 
3184 dmemacc: store 8 addr=051200038 data=e8eec97d7b6c0524 mask=11111111 cline 
3184 Reg write f[1]=98000000504fff30  FCSR(fcr31)=6e000000
3185 icache  4d090041 load  hit           pol=3 VA=98000000405fef54 PA=0405fef50 line=7a hitv=00000001 ro=12345670 tag=0405fe V=00000001 L=00000000
3185 PC=0x98000000405fef54 [00000000405fef54]	4d0a0809 sdxc1  f1,$t2($t0)
[va=9800000043800040 pa=0000000043800040]
3185 dcache  4d0a0809 store hit           pol=3 VA=9800000043800040 PA=043800040 line=02 hitv=00000001 ro=53164270 tag=043800 V=11111111 W=00000000 L=00000000
3185 scache  4d0a0809 store hit           pol=3 VA=9800000043800040 PA=043800040 line=002 hitv=0001 ro=2310 tag=021c0 V=1111 W=1101 data=98000000504fff30 mask=11111111
3186 PC=0x98000000405fef58 [00000000405fef58]	65290008 daddiu $t1,$t1,0x8
3186 Reg write t1=fffffffffffffff8
3187 PC=0x98000000405fef5c [00000000405fef5c]	654afff8 daddiu $t2,$t2,0xfff8
3187 Reg write t2=0000000000000008
3188 icache  654afff8 load  hit           pol=3 VA=98000000405fef60 PA=0405fef60 line=7b hitv=00000001 ro=12345670 tag=0405fe V=00000001 L=00000000
3188 PC=0x98000000405fef60 [00000000405fef60]	5549fffc bnel   $t2,$t1,0x98000000405fef54
3189 PC=0x98000000405fef64 [00000000405fef64]	4d090041 ldxc1  f1,$t1($t0)
[va=9800000043800028 pa=0000000043800028]
3189 dcache  4d090041 load  hit           pol=3 VA=9800000043800028 PA=043800028 line=01 hitv=10000000 ro=62314507 tag=043800 V=11111111 W=00000000 L=00000000
3189 Reg write f[1]=1f2728489901bc5c  FCSR(fcr31)=6e000000
3190 icache  4d090041 load  hit           pol=3 VA=98000000405fef54 PA=0405fef50 line=7a hitv=00000001 ro=12345670 tag=0405fe V=00000001 L=00000000
3190 PC=0x98000000405fef54 [00000000405fef54]	4d0a0809 sdxc1  f1,$t2($t0)
[va=9800000043800038 pa=0000000043800038]
3190 dcache  4d0a0809 store hit           pol=3 VA=9800000043800038 PA=043800038 line=01 hitv=10000000 ro=62314507 tag=043800 V=11111111 W=00000000 L=00000000
3190 scache  4d0a0809 store hit           pol=3 VA=9800000043800038 PA=043800038 line=001 hitv=0001 ro=2130 tag=021c0 V=1111 W=0010 data=1f2728489901bc5c mask=11111111
3191 PC=0x98000000405fef58 [00000000405fef58]	65290008 daddiu $t1,$t1,0x8
3191 Reg write t1=0000000000000000
3192 PC=0x98000000405fef5c [00000000405fef5c]	654afff8 daddiu $t2,$t2,0xfff8
3192 Reg write t2=0000000000000000
3193 icache  654afff8 load  hit           pol=3 VA=98000000405fef60 PA=0405fef60 line=7b hitv=00000001 ro=12345670 tag=0405fe V=00000001 L=00000000
3193 PC=0x98000000405fef60 [00000000405fef60]	5549fffc bnel   $t2,$t1,0x98000000405fef54
3194 PC=0x98000000405fef68 [00000000405fef68]	3c059800 lui    $a1,0x9800
3194 Reg write a1=ffffffff98000000
3195 PC=0x98000000405fef6c [00000000405fef6c]	00052c38 dsll   $a1,$a1,16
3195 Reg write a1=ffff980000000000
3196 icache  00052c38 load  hit           pol=3 VA=98000000405fef70 PA=0405fef70 line=7b hitv=00000001 ro=12345670 tag=0405fe V=00000001 L=00000000
3196 PC=0x98000000405fef70 [00000000405fef70]	34a541b0 ori    $a1,$a1,0x41b0
3196 Reg write a1=ffff9800000041b0
3197 PC=0x98000000405fef74 [00000000405fef74]	00052c38 dsll   $a1,$a1,16
3197 Reg write a1=9800000041b00000
3198 PC=0x98000000405fef78 [00000000405fef78]	34a519fd ori    $a1,$a1,0x19fd
3198 Reg write a1=9800000041b019fd
3199 PC=0x98000000405fef7c [00000000405fef7c]	fcbee6e3 sd     $s8,0xffffe6e3($a1)
[va=9800000041b000e0 pa=0000000041b000e0]
3199 dcache  fcbee6e3 store miss w/alloc  pol=3 VA=9800000041b000e0 PA=041b000e0 line=07 hitv=00000000 ro=25376401 tag=000000 V=11111111 W=00000000 L=00000000
3199 scache  fcbee6e3 store miss w/alloc  pol=3 VA=9800000041b000e0 PA=041b000e0 line=007 hitv=0000 ro=3012 tag=00000 V=1111 W=0111 data=98000000512054a6 mask=11111111
3200 icache  fcbee6e3 load  miss refill   pol=3 VA=98000000405fef80 PA=0405fef80 line=7c hitv=00000000 ro=01234567 tag=000000 V=00000000 L=00000000
3200 PC=0x98000000405fef80 [00000000405fef80]	3c079800 lui    $a3,0x9800
3200 Reg write a3=ffffffff98000000
3201 PC=0x98000000405fef84 [00000000405fef84]	00073c38 dsll   $a3,$a3,16
3201 Reg write a3=ffff980000000000
3202 PC=0x98000000405fef88 [00000000405fef88]	34e75120 ori    $a3,$a3,0x5120
3202 Reg write a3=ffff980000005120
3203 PC=0x98000000405fef8c [00000000405fef8c]	00073c38 dsll   $a3,$a3,16
3203 Reg write a3=9800000051200000
3204 icache  00073c38 load  hit           pol=3 VA=98000000405fef90 PA=0405fef90 line=7c hitv=00000001 ro=12345670 tag=0405fe V=00000001 L=00000000
3204 PC=0x98000000405fef90 [00000000405fef90]	34e70b1b ori    $a3,$a3,0xb1b
3204 Reg write a3=9800000051200b1b
3205 PC=0x98000000405fef94 [00000000405fef94]	8ce5f511 lw     $a1,0xfffff511($a3)
[va=980000005120002c pa=000000005120002c]
3205 dcache  8ce5f511 load  hit           pol=3 VA=980000005120002c PA=051200028 line=01 hitv=00001000 ro=62314507 tag=051200 V=11111111 W=00000000 L=00000000
3205 Reg write a1=0000000032364460
3206 PC=0x98000000405fef98 [00000000405fef98]	3c1e9800 lui    $s8,0x9800
3206 Reg write s8=ffffffff98000000
3207 PC=0x98000000405fef9c [00000000405fef9c]	001ef438 dsll   $s8,$s8,16
3207 Reg write s8=ffff980000000000
3208 icache  001ef438 load  miss refill   pol=3 VA=98000000405fefa0 PA=0405fefa0 line=7d hitv=00000000 ro=12345670 tag=000000 V=00000001 L=00000000
3208 PC=0x98000000405fefa0 [00000000405fefa0]	37de5050 ori    $s8,$s8,0x5050
3208 Reg write s8=ffff980000005050
3209 PC=0x98000000405fefa4 [00000000405fefa4]	001ef438 dsll   $s8,$s8,16
3209 Reg write s8=9800000050500000
3210 PC=0x98000000405fefa8 [00000000405fefa8]	37de0890 ori    $s8,$s8,0x890
3210 Reg write s8=9800000050500890
3211 PC=0x98000000405fefac [00000000405fefac]	ffdef880 sd     $s8,0xfffff880($s8)
[va=9800000050500110 pa=0000000050500110]
3211 dcache  ffdef880 store hit           pol=3 VA=9800000050500110 PA=050500110 line=08 hitv=00010000 ro=13254670 tag=050500 V=11111111 W=00000000 L=00000000
3211 scache  ffdef880 store miss wo/alloc pol=3 VA=9800000050500110 PA=050500110 line=008 hitv=0000 ro=3012 tag=00000 V=1111 W=1110 data=9800000050500890 mask=11111111
3211 dmemacc: store 8 addr=050500110 data=9800000050500890 mask=11111111 
3212 icache  ffdef880 load  hit           pol=3 VA=98000000405fefb0 PA=0405fefb0 line=7d hitv=00000010 ro=23456701 tag=0405fe V=00000011 L=00000000
3212 PC=0x98000000405fefb0 [00000000405fefb0]	3c139800 lui    $s3,0x9800
3212 Reg write s3=ffffffff98000000
3213 PC=0x98000000405fefb4 [00000000405fefb4]	00139c38 dsll   $s3,$s3,16
3213 Reg write s3=ffff980000000000
3214 PC=0x98000000405fefb8 [00000000405fefb8]	367341af ori    $s3,$s3,0x41af
3214 Reg write s3=ffff9800000041af
3215 PC=0x98000000405fefbc [00000000405fefbc]	00139c38 dsll   $s3,$s3,16
3215 Reg write s3=9800000041af0000
3216 icache  00139c38 load  miss refill   pol=3 VA=98000000405fefc0 PA=0405fefc0 line=7e hitv=00000000 ro=12345670 tag=000000 V=00000001 L=00000000
3216 PC=0x98000000405fefc0 [00000000405fefc0]	3673f474 ori    $s3,$s3,0xf474
3216 Reg write s3=9800000041aff474
3217 PC=0x98000000405fefc4 [00000000405fefc4]	92790a99 lbu    $t9,0xa99($s3)
[va=9800000041afff0d pa=0000000041afff0d]
3217 dcache  92790a99 load  miss refill   pol=3 VA=9800000041afff0d PA=041afff08 line=78 hitv=00000000 ro=76120354 tag=000000 V=11111111 W=00000000 L=00000000
3217 scache  92790a99 load  miss refill   pol=3 VA=9800000041afff0d PA=041afff00 line=ff8 hitv=0000 ro=3012 tag=00000 V=1111 W=0110
3217 Reg write t9=00000000000000f3
3218 PC=0x98000000405fefc8 [00000000405fefc8]	3c0e9800 lui    $t6,0x9800
3218 Reg write t6=ffffffff98000000
3219 PC=0x98000000405fefcc [00000000405fefcc]	000e7438 dsll   $t6,$t6,16
3219 Reg write t6=ffff980000000000
3220 icache  000e7438 load  hit           pol=3 VA=98000000405fefd0 PA=0405fefd0 line=7e hitv=00000010 ro=23456701 tag=0405fe V=00000011 L=00000000
3220 PC=0x98000000405fefd0 [00000000405fefd0]	35ce504f ori    $t6,$t6,0x504f
3220 Reg write t6=ffff98000000504f
3221 PC=0x98000000405fefd4 [00000000405fefd4]	000e7438 dsll   $t6,$t6,16
3221 Reg write t6=98000000504f0000
3222 PC=0x98000000405fefd8 [00000000405fefd8]	35ce922b ori    $t6,$t6,0x922b
3222 Reg write t6=98000000504f922b
3223 PC=0x98000000405fefdc [00000000405fefdc]	ddc76eed ld     $a3,0x6eed($t6)
[va=9800000050500118 pa=0000000050500118]
3223 dcache  ddc76eed load  hit           pol=3 VA=9800000050500118 PA=050500118 line=08 hitv=00010000 ro=13256704 tag=050500 V=11111111 W=00000000 L=00000000
3223 Reg write a3=ffffffffffffffff
3224 icache  ddc76eed load  miss refill   pol=3 VA=98000000405fefe0 PA=0405fefe0 line=7f hitv=00000000 ro=12345670 tag=000000 V=00000001 L=00000000
3224 PC=0x98000000405fefe0 [00000000405fefe0]	3c0b9800 lui    $t3,0x9800
3224 Reg write t3=ffffffff98000000
3225 PC=0x98000000405fefe4 [00000000405fefe4]	000b5c38 dsll   $t3,$t3,16
3225 Reg write t3=ffff980000000000
3226 PC=0x98000000405fefe8 [00000000405fefe8]	356b451f ori    $t3,$t3,0x451f
3226 Reg write t3=ffff98000000451f
3227 PC=0x98000000405fefec [00000000405fefec]	000b5c38 dsll   $t3,$t3,16
3227 Reg write t3=98000000451f0000
3228 icache  000b5c38 load  hit           pol=3 VA=98000000405feff0 PA=0405feff0 line=7f hitv=00000010 ro=23456701 tag=0405fe V=00000011 L=00000000
3228 PC=0x98000000405feff0 [00000000405feff0]	356b8e6f ori    $t3,$t3,0x8e6f
3228 Reg write t3=98000000451f8e6f
3229 PC=0x98000000405feff4 [00000000405feff4]	a561709b sh     $r1,0x709b($t3)
[va=98000000451fff0a pa=00000000451fff0a]
3229 dcache  a561709b store miss w/alloc  pol=3 VA=98000000451fff0a PA=0451fff08 line=78 hitv=00000000 ro=61203547 tag=000000 V=11111111 W=00000000 L=00000000
3229 scache  a561709b store miss w/alloc  pol=3 VA=98000000451fff0a PA=0451fff08 line=ff8 hitv=0000 ro=0123 tag=00000 V=1111 W=0110 data=0000eb7e00000000 mask=00110000
3230 PC=0x98000000405feff8 [00000000405feff8]	3c159800 lui    $s5,0x9800
3230 Reg write s5=ffffffff98000000
3231 PC=0x98000000405feffc [00000000405feffc]	0015ac38 dsll   $s5,$s5,16
3231 Reg write s5=ffff980000000000
3232 icache  0015ac38 load  miss refill   pol=3 VA=98000000405ff000 PA=0405ff000 line=00 hitv=00000000 ro=45670123 tag=000000 V=00001111 L=00000000
3232 PC=0x98000000405ff000 [00000000405ff000]	36b541af ori    $s5,$s5,0x41af
3232 Reg write s5=ffff9800000041af
3233 PC=0x98000000405ff004 [00000000405ff004]	0015ac38 dsll   $s5,$s5,16
3233 Reg write s5=9800000041af0000
3234 PC=0x98000000405ff008 [00000000405ff008]	36b59e31 ori    $s5,$s5,0x9e31
3234 Reg write s5=9800000041af9e31
3235 PC=0x98000000405ff00c [00000000405ff00c]	8ea960df lw     $t1,0x60df($s5)
[va=9800000041afff10 pa=0000000041afff10]
3235 dcache  8ea960df load  hit           pol=3 VA=9800000041afff10 PA=041afff10 line=78 hitv=10000000 ro=12035476 tag=041aff V=11111111 W=00000000 L=00000000
3235 Reg write t1=fffffffff2382320
3236 icache  8ea960df load  hit           pol=3 VA=98000000405ff010 PA=0405ff010 line=00 hitv=00010000 ro=56701234 tag=0405ff V=00011111 L=00000000
3236 PC=0x98000000405ff010 [00000000405ff010]	3c159800 lui    $s5,0x9800
3236 Reg write s5=ffffffff98000000
3237 PC=0x98000000405ff014 [00000000405ff014]	0015ac38 dsll   $s5,$s5,16
3237 Reg write s5=ffff980000000000
3238 PC=0x98000000405ff018 [00000000405ff018]	36b551b0 ori    $s5,$s5,0x51b0
3238 Reg write s5=ffff9800000051b0
3239 PC=0x98000000405ff01c [00000000405ff01c]	0015ac38 dsll   $s5,$s5,16
3239 Reg write s5=9800000051b00000
3240 icache  0015ac38 load  miss refill   pol=3 VA=98000000405ff020 PA=0405ff020 line=01 hitv=00000000 ro=45670123 tag=000000 V=00001111 L=00000000
3240 PC=0x98000000405ff020 [00000000405ff020]	36b56ee1 ori    $s5,$s5,0x6ee1
3240 Reg write s5=9800000051b06ee1
3241 PC=0x98000000405ff024 [00000000405ff024]	96ab913b lhu    $t3,0xffff913b($s5)
[va=9800000051b0001c pa=0000000051b0001c]
3241 dcache  96ab913b load  miss refill   pol=3 VA=9800000051b0001c PA=051b00018 line=00 hitv=00000000 ro=73562140 tag=000000 V=11111111 W=00000000 L=00000000
3241 scache  96ab913b load  miss refill   pol=3 VA=9800000051b0001c PA=051b00000 line=000 hitv=0000 ro=2301 tag=00000 V=1111 W=1100
3241 dmemacc: store 8 addr=05ab00000 data=8000000000000000 mask=11111111 cline 
3241 dmemacc: store 8 addr=05ab00008 data=3c7c1f9790a840e3 mask=11111111 cline 
3241 dmemacc: store 8 addr=05ab00010 data=4ada5a56e8ef8871 mask=11111111 cline 
3241 dmemacc: store 8 addr=05ab00018 data=b1d7e881a25190eb mask=11111111 cline 
3241 Reg write t3=00000000000032e1
3242 PC=0x98000000405ff028 [00000000405ff028]	3c049800 lui    $a0,0x9800
3242 Reg write a0=ffffffff98000000
3243 PC=0x98000000405ff02c [00000000405ff02c]	00042438 dsll   $a0,$a0,16
3243 Reg write a0=ffff980000000000
3244 icache  00042438 load  hit           pol=3 VA=98000000405ff030 PA=0405ff030 line=01 hitv=00010000 ro=56701234 tag=0405ff V=00011111 L=00000000
3244 PC=0x98000000405ff030 [00000000405ff030]	3484574f ori    $a0,$a0,0x574f
3244 Reg write a0=ffff98000000574f
3245 PC=0x98000000405ff034 [00000000405ff034]	00042438 dsll   $a0,$a0,16
3245 Reg write a0=98000000574f0000
3246 PC=0x98000000405ff038 [00000000405ff038]	3484ff20 ori    $a0,$a0,0xff20
3246 Reg write a0=98000000574fff20
3247 PC=0x98000000405ff03c [00000000405ff03c]	3c059800 lui    $a1,0x9800
3247 Reg write a1=ffffffff98000000
3248 icache  3c059800 load  miss refill   pol=3 VA=98000000405ff040 PA=0405ff040 line=02 hitv=00000000 ro=45670123 tag=000000 V=00001111 L=00000000
3248 PC=0x98000000405ff040 [00000000405ff040]	00052c38 dsll   $a1,$a1,16
3248 Reg write a1=ffff980000000000
3249 PC=0x98000000405ff044 [00000000405ff044]	34a5416f ori    $a1,$a1,0x416f
3249 Reg write a1=ffff98000000416f
3250 PC=0x98000000405ff048 [00000000405ff048]	00052c38 dsll   $a1,$a1,16
3250 Reg write a1=98000000416f0000
3251 PC=0x98000000405ff04c [00000000405ff04c]	34a5ff00 ori    $a1,$a1,0xff00
3251 Reg write a1=98000000416fff00
3252 icache  34a5ff00 load  hit           pol=3 VA=98000000405ff050 PA=0405ff050 line=02 hitv=00010000 ro=56701234 tag=0405ff V=00011111 L=00000000
3252 PC=0x98000000405ff050 [00000000405ff050]	24060007 addiu  $a2,$r0,0x7
3252 Reg write a2=0000000000000007
3253 PC=0x98000000405ff054 [00000000405ff054]	fc8bffd8 sd     $t3,0xffffffd8($a0)
[va=98000000574ffef8 pa=00000000574ffef8]
3253 dcache  fc8bffd8 store miss w/alloc  pol=3 VA=98000000574ffef8 PA=0574ffef8 line=77 hitv=00000000 ro=34567012 tag=000000 V=00000111 W=00000000 L=00000000
3253 scache  fc8bffd8 store miss w/alloc  pol=3 VA=98000000574ffef8 PA=0574ffef8 line=ff7 hitv=0000 ro=3012 tag=00000 V=0111 W=0111 data=00000000000032e1 mask=11111111
3254 PC=0x98000000405ff058 [00000000405ff058]	dcaa0010 ld     $t2,0x10($a1)
[va=98000000416fff10 pa=00000000416fff10]
3254 dcache  dcaa0010 load  hit           pol=3 VA=98000000416fff10 PA=0416fff10 line=78 hitv=00000010 ro=12035467 tag=0416ff V=11111111 W=00000000 L=00000000
3254 Reg write t2=930a72c0bec47aa1
3255 PC=0x98000000405ff05c [00000000405ff05c]	fc88fff0 sd     $t0,0xfffffff0($a0)
[va=98000000574fff10 pa=00000000574fff10]
3255 dcache  fc88fff0 store miss w/alloc  pol=3 VA=98000000574fff10 PA=0574fff10 line=78 hitv=00000000 ro=20354671 tag=000000 V=11111111 W=00000000 L=00000000
3255 scache  fc88fff0 store miss w/alloc  pol=3 VA=98000000574fff10 PA=0574fff10 line=ff8 hitv=0000 ro=1230 tag=00000 V=1111 W=0111 data=9800000043800030 mask=11111111
3255 dmemacc: store 8 addr=05aafff00 data=5b7e9a2333fd0ccb mask=11111111 cline 
3255 dmemacc: store 8 addr=05aafff08 data=2e7b61fb2a81205c mask=11111111 cline 
3255 dmemacc: store 8 addr=05aafff10 data=ffffffffffffffff mask=11111111 cline 
3255 dmemacc: store 8 addr=05aafff18 data=94f8f5ca24f1cea8 mask=11111111 cline 
3256 icache  fc88fff0 load  miss refill   pol=3 VA=98000000405ff060 PA=0405ff060 line=03 hitv=00000000 ro=45670123 tag=000000 V=00001111 L=00000000
3256 PC=0x98000000405ff060 [00000000405ff060]	64840040 daddiu $a0,$a0,0x40
3256 Reg write a0=98000000574fff60
3257 PC=0x98000000405ff064 [00000000405ff064]	64a50040 daddiu $a1,$a1,0x40
3257 Reg write a1=98000000416fff40
3258 PC=0x98000000405ff068 [00000000405ff068]	fc89fff8 sd     $t1,0xfffffff8($a0)
[va=98000000574fff58 pa=00000000574fff58]
3258 dcache  fc89fff8 store miss w/alloc  pol=3 VA=98000000574fff58 PA=0574fff58 line=7a hitv=00000000 ro=10435627 tag=000000 V=11111111 W=00000000 L=00000000
3258 scache  fc89fff8 store miss w/alloc  pol=3 VA=98000000574fff58 PA=0574fff58 line=ffa hitv=0000 ro=1320 tag=00000 V=1111 W=0111 data=fffffffff2382320 mask=11111111
3258 dmemacc: store 8 addr=0481fff40 data=ffffffffff800000 mask=11111111 cline 
3258 dmemacc: store 8 addr=0481fff48 data=e001ffe001ffe001 mask=11111111 cline 
3258 dmemacc: store 8 addr=0481fff50 data=b6f6d174b018ac37 mask=11111111 cline 
3258 dmemacc: store 8 addr=0481fff58 data=fc48836d50a51e4b mask=11111111 cline 
3259 PC=0x98000000405ff06c [00000000405ff06c]	dcac0020 ld     $t4,0x20($a1)
[va=98000000416fff60 pa=00000000416fff60]
3259 dcache  dcac0020 load  miss refill   pol=3 VA=98000000416fff60 PA=0416fff60 line=7b hitv=00000000 ro=76025314 tag=000000 V=11111111 W=00000000 L=00000000
3259 scache  dcac0020 load  miss refill   pol=3 VA=98000000416fff60 PA=0416fff60 line=ffb hitv=0000 ro=2031 tag=00000 V=1111 W=0011
3259 Reg write t4=77d07456985899c8
3260 icache  dcac0020 load  hit           pol=3 VA=98000000405ff070 PA=0405ff070 line=03 hitv=00010000 ro=56701234 tag=0405ff V=00011111 L=00000000
3260 PC=0x98000000405ff070 [00000000405ff070]	64c6ffff daddiu $a2,$a2,0xffff
3260 Reg write a2=0000000000000006
3261 PC=0x98000000405ff074 [00000000405ff074]	dcaf0028 ld     $t7,0x28($a1)
[va=98000000416fff68 pa=00000000416fff68]
3261 dcache  dcaf0028 load  hit           pol=3 VA=98000000416fff68 PA=0416fff68 line=7b hitv=10000000 ro=60253147 tag=0416ff V=11111111 W=00000000 L=00000000
3261 Reg write t7=65619b9191bcb7b2
3262 PC=0x98000000405ff078 [00000000405ff078]	fc890008 sd     $t1,0x8($a0)
[va=98000000574fff68 pa=00000000574fff68]
3262 dcache  fc890008 store miss w/alloc  pol=3 VA=98000000574fff68 PA=0574fff68 line=7b hitv=00000000 ro=60253147 tag=000000 V=11111111 W=00000000 L=00000000
3262 scache  fc890008 store miss w/alloc  pol=3 VA=98000000574fff68 PA=0574fff68 line=ffb hitv=0000 ro=0312 tag=00000 V=1111 W=0011 data=fffffffff2382320 mask=11111111
3262 dmemacc: store 8 addr=05aafff60 data=003ff800ffe003ff mask=11111111 cline 
3262 dmemacc: store 8 addr=05aafff68 data=8c0a524057bdf49b mask=11111111 cline 
3262 dmemacc: store 8 addr=05aafff70 data=9eb3825df5f581ac mask=11111111 cline 
3262 dmemacc: store 8 addr=05aafff78 data=859379392fb8dd6e mask=11111111 cline 
3263 PC=0x98000000405ff07c [00000000405ff07c]	fc8cffe0 sd     $t4,0xffffffe0($a0)
[va=98000000574fff40 pa=00000000574fff40]
3263 dcache  fc8cffe0 store hit           pol=3 VA=98000000574fff40 PA=0574fff40 line=7a hitv=00000010 ro=04356271 tag=0574ff V=11111111 W=00000000 L=00000000
3263 scache  fc8cffe0 store hit           pol=3 VA=98000000574fff40 PA=0574fff40 line=ffa hitv=0010 ro=3201 tag=02ba7 V=1111 W=0111 data=77d07456985899c8 mask=11111111
3264 icache  fc8cffe0 load  miss refill   pol=3 VA=98000000405ff080 PA=0405ff080 line=04 hitv=00000000 ro=45670123 tag=000000 V=00001111 L=00000000
3264 PC=0x98000000405ff080 [00000000405ff080]	dcab0018 ld     $t3,0x18($a1)
[va=98000000416fff58 pa=00000000416fff58]
3264 dcache  dcab0018 load  miss refill   pol=3 VA=98000000416fff58 PA=0416fff58 line=7a hitv=00000000 ro=04356271 tag=000000 V=11111111 W=00000000 L=00000000
3264 scache  dcab0018 load  miss refill   pol=3 VA=98000000416fff58 PA=0416fff40 line=ffa hitv=0000 ro=3201 tag=00000 V=1111 W=0111
3264 Reg write t3=cdd0b5501089b94d
3265 PC=0x98000000405ff084 [00000000405ff084]	dca90038 ld     $t1,0x38($a1)
[va=98000000416fff78 pa=00000000416fff78]
3265 dcache  dca90038 load  hit           pol=3 VA=98000000416fff78 PA=0416fff78 line=7b hitv=10000000 ro=02531476 tag=0416ff V=11111111 W=00000000 L=00000000
3265 Reg write t1=e8a0f505c10aa3d9
3266 PC=0x98000000405ff088 [00000000405ff088]	dca80030 ld     $t0,0x30($a1)
[va=98000000416fff70 pa=00000000416fff70]
3266 dcache  dca80030 load  hit           pol=3 VA=98000000416fff70 PA=0416fff70 line=7b hitv=10000000 ro=02531467 tag=0416ff V=11111111 W=00000000 L=00000000
3266 Reg write t0=329b1e9df1234afd
3267 PC=0x98000000405ff08c [00000000405ff08c]	fc8affd0 sd     $t2,0xffffffd0($a0)
[va=98000000574fff30 pa=00000000574fff30]
3267 dcache  fc8affd0 store miss w/alloc  pol=3 VA=98000000574fff30 PA=0574fff30 line=79 hitv=00000000 ro=16702345 tag=000000 V=11111111 W=00000000 L=00000000
3267 scache  fc8affd0 store miss w/alloc  pol=3 VA=98000000574fff30 PA=0574fff30 line=ff9 hitv=0000 ro=1320 tag=00000 V=1111 W=1011 data=930a72c0bec47aa1 mask=11111111
3267 dmemacc: store 8 addr=0481fff20 data=d08d48c7c260b04f mask=11111111 cline 
3267 dmemacc: store 8 addr=0481fff28 data=2343332e378f5a72 mask=11111111 cline 
3267 dmemacc: store 8 addr=0481fff30 data=3be98ef864c14da0 mask=11111111 cline 
3267 dmemacc: store 8 addr=0481fff38 data=44760cba7c902049 mask=11111111 cline 
3268 icache  fc8affd0 load  hit           pol=3 VA=98000000405ff090 PA=0405ff090 line=04 hitv=00010000 ro=56701234 tag=0405ff V=00011111 L=00000000
3268 PC=0x98000000405ff090 [00000000405ff090]	dca80000 ld     $t0,0x0($a1)
[va=98000000416fff40 pa=00000000416fff40]
3268 dcache  dca80000 load  hit           pol=3 VA=98000000416fff40 PA=0416fff40 line=7a hitv=00000001 ro=43562710 tag=0416ff V=11111111 W=00000000 L=00000000
3268 Reg write t0=6de0c13361734c79
3269 PC=0x98000000405ff094 [00000000405ff094]	dca90008 ld     $t1,0x8($a1)
[va=98000000416fff48 pa=00000000416fff48]
3269 dcache  dca90008 load  hit           pol=3 VA=98000000416fff48 PA=0416fff48 line=7a hitv=00000001 ro=43562710 tag=0416ff V=11111111 W=00000000 L=00000000
3269 Reg write t1=e7ea321487626a8d
3270 PC=0x98000000405ff098 [00000000405ff098]	fc880000 sd     $t0,0x0($a0)
[va=98000000574fff60 pa=00000000574fff60]
3270 dcache  fc880000 store hit           pol=3 VA=98000000574fff60 PA=0574fff60 line=7b hitv=01000000 ro=02531467 tag=0574ff V=11111111 W=00000000 L=00000000
3270 scache  fc880000 store hit           pol=3 VA=98000000574fff60 PA=0574fff60 line=ffb hitv=0001 ro=3120 tag=02ba7 V=1111 W=0011 data=6de0c13361734c79 mask=11111111
3271 PC=0x98000000405ff09c [00000000405ff09c]	14c0ffed bne    $a2,$r0,0x98000000405ff054
3272 icache  14c0ffed load  miss refill   pol=3 VA=98000000405ff0a0 PA=0405ff0a0 line=05 hitv=00000000 ro=45670123 tag=000000 V=00001111 L=00000000
3272 PC=0x98000000405ff0a0 [00000000405ff0a0]	fc8fffe8 sd     $t7,0xffffffe8($a0)
[va=98000000574fff48 pa=00000000574fff48]
3272 dcache  fc8fffe8 store hit           pol=3 VA=98000000574fff48 PA=0574fff48 line=7a hitv=00000010 ro=43562710 tag=0574ff V=11111111 W=00000000 L=00000000
3272 scache  fc8fffe8 store hit           pol=3 VA=98000000574fff48 PA=0574fff48 line=ffa hitv=0010 ro=2013 tag=02ba7 V=1111 W=0111 data=65619b9191bcb7b2 mask=11111111
3273 icache  fc8fffe8 load  hit           pol=3 VA=98000000405ff054 PA=0405ff050 line=02 hitv=00010000 ro=56701234 tag=0405ff V=00011111 L=00000000
3273 PC=0x98000000405ff054 [00000000405ff054]	fc8bffd8 sd     $t3,0xffffffd8($a0)
[va=98000000574fff38 pa=00000000574fff38]
3273 dcache  fc8bffd8 store hit           pol=3 VA=98000000574fff38 PA=0574fff38 line=79 hitv=00000010 ro=67023451 tag=0574ff V=11111111 W=00000000 L=00000000
3273 scache  fc8bffd8 store hit           pol=3 VA=98000000574fff38 PA=0574fff38 line=ff9 hitv=0010 ro=3201 tag=02ba7 V=1111 W=1011 data=cdd0b5501089b94d mask=11111111
3274 PC=0x98000000405ff058 [00000000405ff058]	dcaa0010 ld     $t2,0x10($a1)
[va=98000000416fff50 pa=00000000416fff50]
3274 dcache  dcaa0010 load  hit           pol=3 VA=98000000416fff50 PA=0416fff50 line=7a hitv=00000001 ro=43562701 tag=0416ff V=11111111 W=00000000 L=00000000
3274 Reg write t2=4d397b0c14a2feb1
3275 PC=0x98000000405ff05c [00000000405ff05c]	fc88fff0 sd     $t0,0xfffffff0($a0)
[va=98000000574fff50 pa=00000000574fff50]
3275 dcache  fc88fff0 store hit           pol=3 VA=98000000574fff50 PA=0574fff50 line=7a hitv=00000010 ro=43562710 tag=0574ff V=11111111 W=00000000 L=00000000
3275 scache  fc88fff0 store hit           pol=3 VA=98000000574fff50 PA=0574fff50 line=ffa hitv=0010 ro=2031 tag=02ba7 V=1111 W=0111 data=6de0c13361734c79 mask=11111111
3276 icache  fc88fff0 load  hit           pol=3 VA=98000000405ff060 PA=0405ff060 line=03 hitv=00010000 ro=56701234 tag=0405ff V=00011111 L=00000000
3276 PC=0x98000000405ff060 [00000000405ff060]	64840040 daddiu $a0,$a0,0x40
3276 Reg write a0=98000000574fffa0
3277 PC=0x98000000405ff064 [00000000405ff064]	64a50040 daddiu $a1,$a1,0x40
3277 Reg write a1=98000000416fff80
3278 PC=0x98000000405ff068 [00000000405ff068]	fc89fff8 sd     $t1,0xfffffff8($a0)
[va=98000000574fff98 pa=00000000574fff98]
3278 dcache  fc89fff8 store miss w/alloc  pol=3 VA=98000000574fff98 PA=0574fff98 line=7c hitv=00000000 ro=31754062 tag=000000 V=11111111 W=00000000 L=00000000
3278 scache  fc89fff8 store miss w/alloc  pol=3 VA=98000000574fff98 PA=0574fff98 line=ffc hitv=0000 ro=3201 tag=00000 V=1111 W=0011 data=e7ea321487626a8d mask=11111111
3279 PC=0x98000000405ff06c [00000000405ff06c]	dcac0020 ld     $t4,0x20($a1)
[va=98000000416fffa0 pa=00000000416fffa0]
3279 dcache  dcac0020 load  miss refill   pol=3 VA=98000000416fffa0 PA=0416fffa0 line=7d hitv=00000000 ro=30174265 tag=000000 V=11111111 W=00000000 L=00000000
3279 scache  dcac0020 load  miss refill   pol=3 VA=98000000416fffa0 PA=0416fffa0 line=ffd hitv=0000 ro=1023 tag=00000 V=1111 W=1110
3279 dmemacc: store 8 addr=0481fffa0 data=b6f6d174b018ac37 mask=11111111 cline 
3279 dmemacc: store 8 addr=0481fffa8 data=cfacdbf27cb42e6e mask=11111111 cline 
3279 dmemacc: store 8 addr=0481fffb0 data=ceacb92ccab993f3 mask=11111111 cline 
3279 dmemacc: store 8 addr=0481fffb8 data=69b7ebfb1c240195 mask=11111111 cline 
3279 Reg write t4=5555555555555555
3280 icache  dcac0020 load  hit           pol=3 VA=98000000405ff070 PA=0405ff070 line=03 hitv=00010000 ro=56701234 tag=0405ff V=00011111 L=00000000
3280 PC=0x98000000405ff070 [00000000405ff070]	64c6ffff daddiu $a2,$a2,0xffff
3280 Reg write a2=0000000000000005
3281 PC=0x98000000405ff074 [00000000405ff074]	dcaf0028 ld     $t7,0x28($a1)
[va=98000000416fffa8 pa=00000000416fffa8]
3281 dcache  dcaf0028 load  hit           pol=3 VA=98000000416fffa8 PA=0416fffa8 line=7d hitv=00001000 ro=01742653 tag=0416ff V=11111111 W=00000000 L=00000000
3281 Reg write t7=2e8a7838bf94e6b0
3282 PC=0x98000000405ff078 [00000000405ff078]	fc890008 sd     $t1,0x8($a0)
[va=98000000574fffa8 pa=00000000574fffa8]
3282 dcache  fc890008 store miss w/alloc  pol=3 VA=98000000574fffa8 PA=0574fffa8 line=7d hitv=00000000 ro=01742653 tag=000000 V=11111111 W=00000000 L=00000000
3282 scache  fc890008 store miss w/alloc  pol=3 VA=98000000574fffa8 PA=0574fffa8 line=ffd hitv=0000 ro=0231 tag=00000 V=1111 W=1100 data=e7ea321487626a8d mask=11111111
3283 PC=0x98000000405ff07c [00000000405ff07c]	fc8cffe0 sd     $t4,0xffffffe0($a0)
[va=98000000574fff80 pa=00000000574fff80]
3283 dcache  fc8cffe0 store hit           pol=3 VA=98000000574fff80 PA=0574fff80 line=7c hitv=00001000 ro=17540623 tag=0574ff V=11111111 W=00000000 L=00000000
3283 scache  fc8cffe0 store hit           pol=3 VA=98000000574fff80 PA=0574fff80 line=ffc hitv=1000 ro=2013 tag=02ba7 V=1111 W=1011 data=5555555555555555 mask=11111111
3284 icache  fc8cffe0 load  hit           pol=3 VA=98000000405ff080 PA=0405ff080 line=04 hitv=00010000 ro=56701234 tag=0405ff V=00011111 L=00000000
3284 PC=0x98000000405ff080 [00000000405ff080]	dcab0018 ld     $t3,0x18($a1)
[va=98000000416fff98 pa=00000000416fff98]
3284 dcache  dcab0018 load  miss refill   pol=3 VA=98000000416fff98 PA=0416fff98 line=7c hitv=00000000 ro=17540623 tag=000000 V=11111111 W=00000000 L=00000000
3284 scache  dcab0018 load  miss refill   pol=3 VA=98000000416fff98 PA=0416fff80 line=ffc hitv=0000 ro=2013 tag=00000 V=1111 W=1011
3284 Reg write t3=0000000000000000
3285 PC=0x98000000405ff084 [00000000405ff084]	dca90038 ld     $t1,0x38($a1)
[va=98000000416fffb8 pa=00000000416fffb8]
3285 dcache  dca90038 load  hit           pol=3 VA=98000000416fffb8 PA=0416fffb8 line=7d hitv=00001000 ro=17426530 tag=0416ff V=11111111 W=00000000 L=00000000
3285 Reg write t1=8000000000000000
3286 PC=0x98000000405ff088 [00000000405ff088]	dca80030 ld     $t0,0x30($a1)
[va=98000000416fffb0 pa=00000000416fffb0]
3286 dcache  dca80030 load  hit           pol=3 VA=98000000416fffb0 PA=0416fffb0 line=7d hitv=00001000 ro=17426503 tag=0416ff V=11111111 W=00000000 L=00000000
3286 Reg write t0=c71c71c71c71c71c
3287 PC=0x98000000405ff08c [00000000405ff08c]	fc8affd0 sd     $t2,0xffffffd0($a0)
[va=98000000574fff70 pa=00000000574fff70]
3287 dcache  fc8affd0 store hit           pol=3 VA=98000000574fff70 PA=0574fff70 line=7b hitv=01000000 ro=02531476 tag=0574ff V=11111111 W=00000000 L=00000000
3287 scache  fc8affd0 store hit           pol=3 VA=98000000574fff70 PA=0574fff70 line=ffb hitv=0001 ro=3120 tag=02ba7 V=1111 W=0011 data=4d397b0c14a2feb1 mask=11111111
3288 icache  fc8affd0 load  hit           pol=3 VA=98000000405ff090 PA=0405ff090 line=04 hitv=00010000 ro=56701234 tag=0405ff V=00011111 L=00000000
3288 PC=0x98000000405ff090 [00000000405ff090]	dca80000 ld     $t0,0x0($a1)
[va=98000000416fff80 pa=00000000416fff80]
3288 dcache  dca80000 load  hit           pol=3 VA=98000000416fff80 PA=0416fff80 line=7c hitv=00000010 ro=75406231 tag=0416ff V=11111111 W=00000000 L=00000000
3288 Reg write t0=ae745afcfd21a135
3289 PC=0x98000000405ff094 [00000000405ff094]	dca90008 ld     $t1,0x8($a1)
[va=98000000416fff88 pa=00000000416fff88]
3289 dcache  dca90008 load  hit           pol=3 VA=98000000416fff88 PA=0416fff88 line=7c hitv=00000010 ro=75406231 tag=0416ff V=11111111 W=00000000 L=00000000
3289 Reg write t1=4fa890fcf99a0058
3290 PC=0x98000000405ff098 [00000000405ff098]	fc880000 sd     $t0,0x0($a0)
[va=98000000574fffa0 pa=00000000574fffa0]
3290 dcache  fc880000 store hit           pol=3 VA=98000000574fffa0 PA=0574fffa0 line=7d hitv=00000001 ro=17426503 tag=0574ff V=11111111 W=00000000 L=00000000
3290 scache  fc880000 store hit           pol=3 VA=98000000574fffa0 PA=0574fffa0 line=ffd hitv=0001 ro=2310 tag=02ba7 V=1111 W=1101 data=ae745afcfd21a135 mask=11111111
3291 PC=0x98000000405ff09c [00000000405ff09c]	14c0ffed bne    $a2,$r0,0x98000000405ff054
3292 icache  14c0ffed load  hit           pol=3 VA=98000000405ff0a0 PA=0405ff0a0 line=05 hitv=00010000 ro=56701234 tag=0405ff V=00011111 L=00000000
3292 PC=0x98000000405ff0a0 [00000000405ff0a0]	fc8fffe8 sd     $t7,0xffffffe8($a0)
[va=98000000574fff88 pa=00000000574fff88]
3292 dcache  fc8fffe8 store hit           pol=3 VA=98000000574fff88 PA=0574fff88 line=7c hitv=00001000 ro=75406231 tag=0574ff V=11111111 W=00000000 L=00000000
3292 scache  fc8fffe8 store hit           pol=3 VA=98000000574fff88 PA=0574fff88 line=ffc hitv=1000 ro=0132 tag=02ba7 V=1111 W=1011 data=2e8a7838bf94e6b0 mask=11111111
3293 icache  fc8fffe8 load  hit           pol=3 VA=98000000405ff054 PA=0405ff050 line=02 hitv=00010000 ro=56701234 tag=0405ff V=00011111 L=00000000
3293 PC=0x98000000405ff054 [00000000405ff054]	fc8bffd8 sd     $t3,0xffffffd8($a0)
[va=98000000574fff78 pa=00000000574fff78]
3293 dcache  fc8bffd8 store hit           pol=3 VA=98000000574fff78 PA=0574fff78 line=7b hitv=01000000 ro=02531476 tag=0574ff V=11111111 W=00000000 L=00000000
3293 scache  fc8bffd8 store hit           pol=3 VA=98000000574fff78 PA=0574fff78 line=ffb hitv=0001 ro=3120 tag=02ba7 V=1111 W=0011 data=0000000000000000 mask=11111111
3294 PC=0x98000000405ff058 [00000000405ff058]	dcaa0010 ld     $t2,0x10($a1)
[va=98000000416fff90 pa=00000000416fff90]
3294 dcache  dcaa0010 load  hit           pol=3 VA=98000000416fff90 PA=0416fff90 line=7c hitv=00000010 ro=75406213 tag=0416ff V=11111111 W=00000000 L=00000000
3294 Reg write t2=ffffffffffffffff
3295 PC=0x98000000405ff05c [00000000405ff05c]	fc88fff0 sd     $t0,0xfffffff0($a0)
[va=98000000574fff90 pa=00000000574fff90]
3295 dcache  fc88fff0 store hit           pol=3 VA=98000000574fff90 PA=0574fff90 line=7c hitv=00001000 ro=75406231 tag=0574ff V=11111111 W=00000000 L=00000000
3295 scache  fc88fff0 store hit           pol=3 VA=98000000574fff90 PA=0574fff90 line=ffc hitv=1000 ro=0123 tag=02ba7 V=1111 W=1011 data=ae745afcfd21a135 mask=11111111
3296 icache  fc88fff0 load  hit           pol=3 VA=98000000405ff060 PA=0405ff060 line=03 hitv=00010000 ro=56701234 tag=0405ff V=00011111 L=00000000
3296 PC=0x98000000405ff060 [00000000405ff060]	64840040 daddiu $a0,$a0,0x40
3296 Reg write a0=98000000574fffe0
3297 PC=0x98000000405ff064 [00000000405ff064]	64a50040 daddiu $a1,$a1,0x40
3297 Reg write a1=98000000416fffc0
3298 PC=0x98000000405ff068 [00000000405ff068]	fc89fff8 sd     $t1,0xfffffff8($a0)
[va=98000000574fffd8 pa=00000000574fffd8]
3298 dcache  fc89fff8 store miss w/alloc  pol=3 VA=98000000574fffd8 PA=0574fffd8 line=7e hitv=00000000 ro=04123756 tag=000000 V=11111111 W=00000000 L=00000000
3298 scache  fc89fff8 store miss w/alloc  pol=3 VA=98000000574fffd8 PA=0574fffd8 line=ffe hitv=0000 ro=2031 tag=00000 V=1111 W=1100 data=4fa890fcf99a0058 mask=11111111
3298 dmemacc: store 8 addr=0541fffc0 data=47f4924a0bd86af2 mask=11111111 cline 
3298 dmemacc: store 8 addr=0541fffc8 data=583fd175aca03f1b mask=11111111 cline 
3298 dmemacc: store 8 addr=0541fffd0 data=47f4c14eb37b7fee mask=11111111 cline 
3298 dmemacc: store 8 addr=0541fffd8 data=19017dd67ec39f62 mask=11111111 cline 
3299 PC=0x98000000405ff06c [00000000405ff06c]	dcac0020 ld     $t4,0x20($a1)
[va=98000000416fffe0 pa=00000000416fffe0]
3299 dcache  dcac0020 load  miss refill   pol=3 VA=98000000416fffe0 PA=0416fffe0 line=7f hitv=00000000 ro=26743501 tag=000000 V=11111111 W=00000000 L=00000000
3299 scache  dcac0020 load  miss refill   pol=3 VA=98000000416fffe0 PA=0416fffe0 line=fff hitv=0000 ro=3012 tag=00000 V=1111 W=0011
3299 Reg write t4=e8b8c27fb3a9cddb
3300 icache  dcac0020 load  hit           pol=3 VA=98000000405ff070 PA=0405ff070 line=03 hitv=00010000 ro=56701234 tag=0405ff V=00011111 L=00000000
3300 PC=0x98000000405ff070 [00000000405ff070]	64c6ffff daddiu $a2,$a2,0xffff
3300 Reg write a2=0000000000000004
3301 PC=0x98000000405ff074 [00000000405ff074]	dcaf0028 ld     $t7,0x28($a1)
[va=98000000416fffe8 pa=00000000416fffe8]
3301 dcache  dcaf0028 load  hit           pol=3 VA=98000000416fffe8 PA=0416fffe8 line=7f hitv=00000100 ro=67435012 tag=0416ff V=11111111 W=00000000 L=00000000
3301 Reg write t7=cf0c4a5863b2679d
3302 PC=0x98000000405ff078 [00000000405ff078]	fc890008 sd     $t1,0x8($a0)
[va=98000000574fffe8 pa=00000000574fffe8]
3302 dcache  fc890008 store miss w/alloc  pol=3 VA=98000000574fffe8 PA=0574fffe8 line=7f hitv=00000000 ro=67435012 tag=000000 V=11111111 W=00000000 L=00000000
3302 scache  fc890008 store miss w/alloc  pol=3 VA=98000000574fffe8 PA=0574fffe8 line=fff hitv=0000 ro=0123 tag=00000 V=1111 W=0011 data=4fa890fcf99a0058 mask=11111111
3302 dmemacc: store 8 addr=051afffe0 data=7fffffffffffffff mask=11111111 cline 
3302 dmemacc: store 8 addr=051afffe8 data=ffffffffffffffff mask=11111111 cline 
3302 dmemacc: store 8 addr=051affff0 data=ffffffffffffffff mask=11111111 cline 
3302 dmemacc: store 8 addr=051affff8 data=0000000000006311 mask=11111111 cline 
3303 PC=0x98000000405ff07c [00000000405ff07c]	fc8cffe0 sd     $t4,0xffffffe0($a0)
[va=98000000574fffc0 pa=00000000574fffc0]
3303 dcache  fc8cffe0 store hit           pol=3 VA=98000000574fffc0 PA=0574fffc0 line=7e hitv=00000001 ro=41237560 tag=0574ff V=11111111 W=00000000 L=00000000
3303 scache  fc8cffe0 store hit           pol=3 VA=98000000574fffc0 PA=0574fffc0 line=ffe hitv=0100 ro=0312 tag=02ba7 V=1111 W=1100 data=e8b8c27fb3a9cddb mask=11111111
3304 icache  fc8cffe0 load  hit           pol=3 VA=98000000405ff080 PA=0405ff080 line=04 hitv=00010000 ro=56701234 tag=0405ff V=00011111 L=00000000
3304 PC=0x98000000405ff080 [00000000405ff080]	dcab0018 ld     $t3,0x18($a1)
[va=98000000416fffd8 pa=00000000416fffd8]
3304 dcache  dcab0018 load  miss refill   pol=3 VA=98000000416fffd8 PA=0416fffd8 line=7e hitv=00000000 ro=41237560 tag=000000 V=11111111 W=00000000 L=00000000
3304 scache  dcab0018 load  miss refill   pol=3 VA=98000000416fffd8 PA=0416fffc0 line=ffe hitv=0000 ro=0312 tag=00000 V=1111 W=1100
3304 Reg write t3=ee925520aac05a3a
3305 PC=0x98000000405ff084 [00000000405ff084]	dca90038 ld     $t1,0x38($a1)
[va=98000000416ffff8 pa=00000000416ffff8]
3305 dcache  dca90038 load  hit           pol=3 VA=98000000416ffff8 PA=0416ffff8 line=7f hitv=00000100 ro=74350126 tag=0416ff V=11111111 W=00000000 L=00000000
3305 Reg write t1=2b120c2b720ba785
3306 PC=0x98000000405ff088 [00000000405ff088]	dca80030 ld     $t0,0x30($a1)
[va=98000000416ffff0 pa=00000000416ffff0]
3306 dcache  dca80030 load  hit           pol=3 VA=98000000416ffff0 PA=0416ffff0 line=7f hitv=00000100 ro=74350162 tag=0416ff V=11111111 W=00000000 L=00000000
3306 Reg write t0=aaaaaaaaaaaaaaaa
3307 PC=0x98000000405ff08c [00000000405ff08c]	fc8affd0 sd     $t2,0xffffffd0($a0)
[va=98000000574fffb0 pa=00000000574fffb0]
3307 dcache  fc8affd0 store hit           pol=3 VA=98000000574fffb0 PA=0574fffb0 line=7d hitv=00000001 ro=17426530 tag=0574ff V=11111111 W=00000000 L=00000000
3307 scache  fc8affd0 store hit           pol=3 VA=98000000574fffb0 PA=0574fffb0 line=ffd hitv=0001 ro=2310 tag=02ba7 V=1111 W=1101 data=ffffffffffffffff mask=11111111
3308 icache  fc8affd0 load  hit           pol=3 VA=98000000405ff090 PA=0405ff090 line=04 hitv=00010000 ro=56701234 tag=0405ff V=00011111 L=00000000
3308 PC=0x98000000405ff090 [00000000405ff090]	dca80000 ld     $t0,0x0($a1)
[va=98000000416fffc0 pa=00000000416fffc0]
3308 dcache  dca80000 load  hit           pol=3 VA=98000000416fffc0 PA=0416fffc0 line=7e hitv=00010000 ro=12375604 tag=0416ff V=11111111 W=00000000 L=00000000
3308 Reg write t0=ffffffffff000000
3309 PC=0x98000000405ff094 [00000000405ff094]	dca90008 ld     $t1,0x8($a1)
[va=98000000416fffc8 pa=00000000416fffc8]
3309 dcache  dca90008 load  hit           pol=3 VA=98000000416fffc8 PA=0416fffc8 line=7e hitv=00010000 ro=12375604 tag=0416ff V=11111111 W=00000000 L=00000000
3309 Reg write t1=ffffffffffffffff
3310 PC=0x98000000405ff098 [00000000405ff098]	fc880000 sd     $t0,0x0($a0)
[va=98000000574fffe0 pa=00000000574fffe0]
3310 dcache  fc880000 store hit           pol=3 VA=98000000574fffe0 PA=0574fffe0 line=7f hitv=01000000 ro=74350162 tag=0574ff V=11111111 W=00000000 L=00000000
3310 scache  fc880000 store hit           pol=3 VA=98000000574fffe0 PA=0574fffe0 line=fff hitv=0001 ro=1230 tag=02ba7 V=1111 W=0011 data=ffffffffff000000 mask=11111111
3311 PC=0x98000000405ff09c [00000000405ff09c]	14c0ffed bne    $a2,$r0,0x98000000405ff054
3312 icache  14c0ffed load  hit           pol=3 VA=98000000405ff0a0 PA=0405ff0a0 line=05 hitv=00010000 ro=56701234 tag=0405ff V=00011111 L=00000000
3312 PC=0x98000000405ff0a0 [00000000405ff0a0]	fc8fffe8 sd     $t7,0xffffffe8($a0)
[va=98000000574fffc8 pa=00000000574fffc8]
3312 dcache  fc8fffe8 store hit           pol=3 VA=98000000574fffc8 PA=0574fffc8 line=7e hitv=00000001 ro=12375604 tag=0574ff V=11111111 W=00000000 L=00000000
3312 scache  fc8fffe8 store hit           pol=3 VA=98000000574fffc8 PA=0574fffc8 line=ffe hitv=0100 ro=3120 tag=02ba7 V=1111 W=1100 data=cf0c4a5863b2679d mask=11111111
3313 icache  fc8fffe8 load  hit           pol=3 VA=98000000405ff054 PA=0405ff050 line=02 hitv=00010000 ro=56701234 tag=0405ff V=00011111 L=00000000
3313 PC=0x98000000405ff054 [00000000405ff054]	fc8bffd8 sd     $t3,0xffffffd8($a0)
[va=98000000574fffb8 pa=00000000574fffb8]
3313 dcache  fc8bffd8 store hit           pol=3 VA=98000000574fffb8 PA=0574fffb8 line=7d hitv=00000001 ro=17426530 tag=0574ff V=11111111 W=00000000 L=00000000
3313 scache  fc8bffd8 store hit           pol=3 VA=98000000574fffb8 PA=0574fffb8 line=ffd hitv=0001 ro=2310 tag=02ba7 V=1111 W=1101 data=ee925520aac05a3a mask=11111111
3314 PC=0x98000000405ff058 [00000000405ff058]	dcaa0010 ld     $t2,0x10($a1)
[va=98000000416fffd0 pa=00000000416fffd0]
3314 dcache  dcaa0010 load  hit           pol=3 VA=98000000416fffd0 PA=0416fffd0 line=7e hitv=00010000 ro=12375640 tag=0416ff V=11111111 W=00000000 L=00000000
3314 Reg write t2=9999999999999999
3315 PC=0x98000000405ff05c [00000000405ff05c]	fc88fff0 sd     $t0,0xfffffff0($a0)
[va=98000000574fffd0 pa=00000000574fffd0]
3315 dcache  fc88fff0 store hit           pol=3 VA=98000000574fffd0 PA=0574fffd0 line=7e hitv=00000001 ro=12375604 tag=0574ff V=11111111 W=00000000 L=00000000
3315 scache  fc88fff0 store hit           pol=3 VA=98000000574fffd0 PA=0574fffd0 line=ffe hitv=0100 ro=3102 tag=02ba7 V=1111 W=1100 data=ffffffffff000000 mask=11111111
3316 icache  fc88fff0 load  hit           pol=3 VA=98000000405ff060 PA=0405ff060 line=03 hitv=00010000 ro=56701234 tag=0405ff V=00011111 L=00000000
3316 PC=0x98000000405ff060 [00000000405ff060]	64840040 daddiu $a0,$a0,0x40
3316 Reg write a0=9800000057500020
3317 PC=0x98000000405ff064 [00000000405ff064]	64a50040 daddiu $a1,$a1,0x40
3317 Reg write a1=9800000041700000
3318 PC=0x98000000405ff068 [00000000405ff068]	fc89fff8 sd     $t1,0xfffffff8($a0)
[va=9800000057500018 pa=0000000057500018]
3318 dcache  fc89fff8 store miss w/alloc  pol=3 VA=9800000057500018 PA=057500018 line=00 hitv=00000000 ro=35621407 tag=000000 V=11111111 W=00000000 L=00000000
3318 scache  fc89fff8 store miss w/alloc  pol=3 VA=9800000057500018 PA=057500018 line=000 hitv=0000 ro=3012 tag=00000 V=1111 W=1000 data=ffffffffffffffff mask=11111111
3318 dmemacc: store 8 addr=055b00000 data=ffffffffffffffff mask=11111111 cline 
3318 dmemacc: store 8 addr=055b00008 data=47a442c5a70bd8c5 mask=11111111 cline 
3318 dmemacc: store 8 addr=055b00010 data=d64886149e2922d6 mask=11111111 cline 
3318 dmemacc: store 8 addr=055b00018 data=c4a7339364aa88c9 mask=11111111 cline 
3319 PC=0x98000000405ff06c [00000000405ff06c]	dcac0020 ld     $t4,0x20($a1)
[va=9800000041700020 pa=0000000041700020]
3319 dcache  dcac0020 load  miss refill   pol=3 VA=9800000041700020 PA=041700020 line=01 hitv=00000000 ro=62145073 tag=000000 V=11111111 W=00000000 L=00000000
3319 scache  dcac0020 load  miss refill   pol=3 VA=9800000041700020 PA=041700020 line=001 hitv=0000 ro=2130 tag=00000 V=1111 W=0011
3319 Reg write t4=08eac21ee2237fd8
3320 icache  dcac0020 load  hit           pol=3 VA=98000000405ff070 PA=0405ff070 line=03 hitv=00010000 ro=56701234 tag=0405ff V=00011111 L=00000000
3320 PC=0x98000000405ff070 [00000000405ff070]	64c6ffff daddiu $a2,$a2,0xffff
3320 Reg write a2=0000000000000003
3321 PC=0x98000000405ff074 [00000000405ff074]	dcaf0028 ld     $t7,0x28($a1)
[va=9800000041700028 pa=0000000041700028]
3321 dcache  dcaf0028 load  hit           pol=3 VA=9800000041700028 PA=041700028 line=01 hitv=01000000 ro=21450736 tag=041700 V=11111111 W=00000000 L=00000000
3321 Reg write t7=5743e61b9d346981
3322 PC=0x98000000405ff078 [00000000405ff078]	fc890008 sd     $t1,0x8($a0)
[va=9800000057500028 pa=0000000057500028]
3322 dcache  fc890008 store miss w/alloc  pol=3 VA=9800000057500028 PA=057500028 line=01 hitv=00000000 ro=21450736 tag=000000 V=11111111 W=00000000 L=00000000
3322 scache  fc890008 store miss w/alloc  pol=3 VA=9800000057500028 PA=057500028 line=001 hitv=0000 ro=1302 tag=00000 V=1111 W=0011 data=ffffffffffffffff mask=11111111
3322 dmemacc: store 8 addr=055b00020 data=d03c0cc9a0d5980f mask=11111111 cline 
3322 dmemacc: store 8 addr=055b00028 data=bdafc026fc67a033 mask=11111111 cline 
3322 dmemacc: store 8 addr=055b00030 data=32e4a69c241df312 mask=11111111 cline 
3322 dmemacc: store 8 addr=055b00038 data=e748f79b2cae8301 mask=11111111 cline 
3323 PC=0x98000000405ff07c [00000000405ff07c]	fc8cffe0 sd     $t4,0xffffffe0($a0)
[va=9800000057500000 pa=0000000057500000]
3323 dcache  fc8cffe0 store hit           pol=3 VA=9800000057500000 PA=057500000 line=00 hitv=00001000 ro=56214073 tag=057500 V=11111111 W=00000000 L=00000000
3323 scache  fc8cffe0 store hit           pol=3 VA=9800000057500000 PA=057500000 line=000 hitv=1000 ro=0123 tag=02ba8 V=1111 W=1000 data=08eac21ee2237fd8 mask=11111111
3324 icache  fc8cffe0 load  hit           pol=3 VA=98000000405ff080 PA=0405ff080 line=04 hitv=00010000 ro=56701234 tag=0405ff V=00011111 L=00000000
3324 PC=0x98000000405ff080 [00000000405ff080]	dcab0018 ld     $t3,0x18($a1)
[va=9800000041700018 pa=0000000041700018]
3324 dcache  dcab0018 load  miss refill   pol=3 VA=9800000041700018 PA=041700018 line=00 hitv=00000000 ro=56214073 tag=000000 V=11111111 W=00000000 L=00000000
3324 scache  dcab0018 load  miss refill   pol=3 VA=9800000041700018 PA=041700000 line=000 hitv=0000 ro=0123 tag=00000 V=1111 W=1000
3324 Reg write t3=609664d771e3d773
3325 PC=0x98000000405ff084 [00000000405ff084]	dca90038 ld     $t1,0x38($a1)
[va=9800000041700038 pa=0000000041700038]
3325 dcache  dca90038 load  hit           pol=3 VA=9800000041700038 PA=041700038 line=01 hitv=01000000 ro=14507362 tag=041700 V=11111111 W=00000000 L=00000000
3325 Reg write t1=5362d65a3f9a834b
3326 PC=0x98000000405ff088 [00000000405ff088]	dca80030 ld     $t0,0x30($a1)
[va=9800000041700030 pa=0000000041700030]
3326 dcache  dca80030 load  hit           pol=3 VA=9800000041700030 PA=041700030 line=01 hitv=01000000 ro=14507326 tag=041700 V=11111111 W=00000000 L=00000000
3326 Reg write t0=cdfa732b404edc8f
3327 PC=0x98000000405ff08c [00000000405ff08c]	fc8affd0 sd     $t2,0xffffffd0($a0)
[va=98000000574ffff0 pa=00000000574ffff0]
3327 dcache  fc8affd0 store hit           pol=3 VA=98000000574ffff0 PA=0574ffff0 line=7f hitv=01000000 ro=74350126 tag=0574ff V=11111111 W=00000000 L=00000000
3327 scache  fc8affd0 store hit           pol=3 VA=98000000574ffff0 PA=0574ffff0 line=fff hitv=0001 ro=1230 tag=02ba7 V=1111 W=0011 data=9999999999999999 mask=11111111
3328 icache  fc8affd0 load  hit           pol=3 VA=98000000405ff090 PA=0405ff090 line=04 hitv=00010000 ro=56701234 tag=0405ff V=00011111 L=00000000
3328 PC=0x98000000405ff090 [00000000405ff090]	dca80000 ld     $t0,0x0($a1)
[va=9800000041700000 pa=0000000041700000]
3328 dcache  dca80000 load  hit           pol=3 VA=9800000041700000 PA=041700000 line=00 hitv=00100000 ro=62140735 tag=041700 V=11111111 W=00000000 L=00000000
3328 Reg write t0=50d2a0d0bfe71c35
3329 PC=0x98000000405ff094 [00000000405ff094]	dca90008 ld     $t1,0x8($a1)
[va=9800000041700008 pa=0000000041700008]
3329 dcache  dca90008 load  hit           pol=3 VA=9800000041700008 PA=041700008 line=00 hitv=00100000 ro=62140735 tag=041700 V=11111111 W=00000000 L=00000000
3329 Reg write t1=6d7818a42c32b3d5
3330 PC=0x98000000405ff098 [00000000405ff098]	fc880000 sd     $t0,0x0($a0)
[va=9800000057500020 pa=0000000057500020]
3330 dcache  fc880000 store hit           pol=3 VA=9800000057500020 PA=057500020 line=01 hitv=00000100 ro=14507326 tag=057500 V=11111111 W=00000000 L=00000000
3330 scache  fc880000 store hit           pol=3 VA=9800000057500020 PA=057500020 line=001 hitv=0010 ro=3021 tag=02ba8 V=1111 W=0011 data=50d2a0d0bfe71c35 mask=11111111
3331 PC=0x98000000405ff09c [00000000405ff09c]	14c0ffed bne    $a2,$r0,0x98000000405ff054
3332 icache  14c0ffed load  hit           pol=3 VA=98000000405ff0a0 PA=0405ff0a0 line=05 hitv=00010000 ro=56701234 tag=0405ff V=00011111 L=00000000
3332 PC=0x98000000405ff0a0 [00000000405ff0a0]	fc8fffe8 sd     $t7,0xffffffe8($a0)
[va=9800000057500008 pa=0000000057500008]
3332 dcache  fc8fffe8 store hit           pol=3 VA=9800000057500008 PA=057500008 line=00 hitv=00001000 ro=62140735 tag=057500 V=11111111 W=00000000 L=00000000
3332 scache  fc8fffe8 store hit           pol=3 VA=9800000057500008 PA=057500008 line=000 hitv=1000 ro=1230 tag=02ba8 V=1111 W=1000 data=5743e61b9d346981 mask=11111111
3333 icache  fc8fffe8 load  hit           pol=3 VA=98000000405ff054 PA=0405ff050 line=02 hitv=00010000 ro=56701234 tag=0405ff V=00011111 L=00000000
3333 PC=0x98000000405ff054 [00000000405ff054]	fc8bffd8 sd     $t3,0xffffffd8($a0)
[va=98000000574ffff8 pa=00000000574ffff8]
3333 dcache  fc8bffd8 store hit           pol=3 VA=98000000574ffff8 PA=0574ffff8 line=7f hitv=01000000 ro=74350126 tag=0574ff V=11111111 W=00000000 L=00000000
3333 scache  fc8bffd8 store hit           pol=3 VA=98000000574ffff8 PA=0574ffff8 line=fff hitv=0001 ro=1230 tag=02ba7 V=1111 W=0011 data=609664d771e3d773 mask=11111111
3334 PC=0x98000000405ff058 [00000000405ff058]	dcaa0010 ld     $t2,0x10($a1)
[va=9800000041700010 pa=0000000041700010]
3334 dcache  dcaa0010 load  hit           pol=3 VA=9800000041700010 PA=041700010 line=00 hitv=00100000 ro=62140753 tag=041700 V=11111111 W=00000000 L=00000000
3334 Reg write t2=8000000000000000
3335 PC=0x98000000405ff05c [00000000405ff05c]	fc88fff0 sd     $t0,0xfffffff0($a0)
[va=9800000057500010 pa=0000000057500010]
3335 dcache  fc88fff0 store hit           pol=3 VA=9800000057500010 PA=057500010 line=00 hitv=00001000 ro=62140735 tag=057500 V=11111111 W=00000000 L=00000000
3335 scache  fc88fff0 store hit           pol=3 VA=9800000057500010 PA=057500010 line=000 hitv=1000 ro=1203 tag=02ba8 V=1111 W=1000 data=50d2a0d0bfe71c35 mask=11111111
3336 icache  fc88fff0 load  hit           pol=3 VA=98000000405ff060 PA=0405ff060 line=03 hitv=00010000 ro=56701234 tag=0405ff V=00011111 L=00000000
3336 PC=0x98000000405ff060 [00000000405ff060]	64840040 daddiu $a0,$a0,0x40
3336 Reg write a0=9800000057500060
3337 PC=0x98000000405ff064 [00000000405ff064]	64a50040 daddiu $a1,$a1,0x40
3337 Reg write a1=9800000041700040
3338 PC=0x98000000405ff068 [00000000405ff068]	fc89fff8 sd     $t1,0xfffffff8($a0)
[va=9800000057500058 pa=0000000057500058]
3338 dcache  fc89fff8 store miss w/alloc  pol=3 VA=9800000057500058 PA=057500058 line=02 hitv=00000000 ro=53164270 tag=000000 V=11111111 W=00000000 L=00000000
3338 scache  fc89fff8 store miss w/alloc  pol=3 VA=9800000057500058 PA=057500058 line=002 hitv=0000 ro=2310 tag=00000 V=1111 W=1101 data=6d7818a42c32b3d5 mask=11111111
3338 dmemacc: store 8 addr=05ab00040 data=ffffffffffffffff mask=11111111 cline 
3338 dmemacc: store 8 addr=05ab00048 data=322e3d8a3b5cf333 mask=11111111 cline 
3338 dmemacc: store 8 addr=05ab00050 data=fffffff000000000 mask=11111111 cline 
3338 dmemacc: store 8 addr=05ab00058 data=ffffffffffffffff mask=11111111 cline 
3339 PC=0x98000000405ff06c [00000000405ff06c]	dcac0020 ld     $t4,0x20($a1)
[va=9800000041700060 pa=0000000041700060]
3339 dcache  dcac0020 load  miss refill   pol=3 VA=9800000041700060 PA=041700060 line=03 hitv=00000000 ro=67013245 tag=000000 V=11111111 W=00000000 L=00000000
3339 scache  dcac0020 load  miss refill   pol=3 VA=9800000041700060 PA=041700060 line=003 hitv=0000 ro=3120 tag=00000 V=1111 W=1111
3339 dmemacc: store 8 addr=05ab00060 data=de32359c6a084748 mask=11111111 cline 
3339 dmemacc: store 8 addr=05ab00068 data=fac19bcecd0627f3 mask=11111111 cline 
3339 dmemacc: store 8 addr=05ab00070 data=ffffffffffffffff mask=11111111 cline 
3339 dmemacc: store 8 addr=05ab00078 data=6b19064a40394d0c mask=11111111 cline 
3339 Reg write t4=62b8a13fd449f653
3340 icache  dcac0020 load  hit           pol=3 VA=98000000405ff070 PA=0405ff070 line=03 hitv=00010000 ro=56701234 tag=0405ff V=00011111 L=00000000
3340 PC=0x98000000405ff070 [00000000405ff070]	64c6ffff daddiu $a2,$a2,0xffff
3340 Reg write a2=0000000000000002
3341 PC=0x98000000405ff074 [00000000405ff074]	dcaf0028 ld     $t7,0x28($a1)
[va=9800000041700068 pa=0000000041700068]
3341 dcache  dcaf0028 load  hit           pol=3 VA=9800000041700068 PA=041700068 line=03 hitv=01000000 ro=70132456 tag=041700 V=11111111 W=00000000 L=00000000
3341 Reg write t7=3d632b1a98695791
3342 PC=0x98000000405ff078 [00000000405ff078]	fc890008 sd     $t1,0x8($a0)
[va=9800000057500068 pa=0000000057500068]
3342 dcache  fc890008 store miss w/alloc  pol=3 VA=9800000057500068 PA=057500068 line=03 hitv=00000000 ro=70132456 tag=000000 V=11111111 W=00000000 L=00000000
3342 scache  fc890008 store miss w/alloc  pol=3 VA=9800000057500068 PA=057500068 line=003 hitv=0000 ro=1203 tag=00000 V=1111 W=0111 data=6d7818a42c32b3d5 mask=11111111
3342 dmemacc: store 8 addr=055b00060 data=98000000515fcbea mask=11111111 cline 
3342 dmemacc: store 8 addr=055b00068 data=ea5d0cbe7e856c75 mask=11111111 cline 
3342 dmemacc: store 8 addr=055b00070 data=00669fc8f1fabc37 mask=11111111 cline 
3342 dmemacc: store 8 addr=055b00078 data=d6d082e983688a9c mask=11111111 cline 
3343 PC=0x98000000405ff07c [00000000405ff07c]	fc8cffe0 sd     $t4,0xffffffe0($a0)
[va=9800000057500040 pa=0000000057500040]
3343 dcache  fc8cffe0 store hit           pol=3 VA=9800000057500040 PA=057500040 line=02 hitv=00100000 ro=31642705 tag=057500 V=11111111 W=00000000 L=00000000
3343 scache  fc8cffe0 store hit           pol=3 VA=9800000057500040 PA=057500040 line=002 hitv=0100 ro=3102 tag=02ba8 V=1111 W=1101 data=62b8a13fd449f653 mask=11111111
3344 icache  fc8cffe0 load  hit           pol=3 VA=98000000405ff080 PA=0405ff080 line=04 hitv=00010000 ro=56701234 tag=0405ff V=00011111 L=00000000
3344 PC=0x98000000405ff080 [00000000405ff080]	dcab0018 ld     $t3,0x18($a1)
[va=9800000041700058 pa=0000000041700058]
3344 dcache  dcab0018 load  miss refill   pol=3 VA=9800000041700058 PA=041700058 line=02 hitv=00000000 ro=31642705 tag=000000 V=11111111 W=00000000 L=00000000
3344 scache  dcab0018 load  miss refill   pol=3 VA=9800000041700058 PA=041700040 line=002 hitv=0000 ro=3102 tag=00000 V=1111 W=1101
3344 dmemacc: store 8 addr=055b00040 data=0000000000000000 mask=11111111 cline 
3344 dmemacc: store 8 addr=055b00048 data=6212b1db03b8e731 mask=11111111 cline 
3344 dmemacc: store 8 addr=055b00050 data=065efe13c6df65dd mask=11111111 cline 
3344 dmemacc: store 8 addr=055b00058 data=48fe87cff2029b50 mask=11111111 cline 
3344 Reg write t3=ffffffffffffffff
3345 PC=0x98000000405ff084 [00000000405ff084]	dca90038 ld     $t1,0x38($a1)
[va=9800000041700078 pa=0000000041700078]
3345 dcache  dca90038 load  hit           pol=3 VA=9800000041700078 PA=041700078 line=03 hitv=01000000 ro=01324567 tag=041700 V=11111111 W=00000000 L=00000000
3345 Reg write t1=000000007fffffff
3346 PC=0x98000000405ff088 [00000000405ff088]	dca80030 ld     $t0,0x30($a1)
[va=9800000041700070 pa=0000000041700070]
3346 dcache  dca80030 load  hit           pol=3 VA=9800000041700070 PA=041700070 line=03 hitv=01000000 ro=01324576 tag=041700 V=11111111 W=00000000 L=00000000
3346 Reg write t0=511fbd7500000001
3347 PC=0x98000000405ff08c [00000000405ff08c]	fc8affd0 sd     $t2,0xffffffd0($a0)
[va=9800000057500030 pa=0000000057500030]
3347 dcache  fc8affd0 store hit           pol=3 VA=9800000057500030 PA=057500030 line=01 hitv=00000100 ro=14507362 tag=057500 V=11111111 W=00000000 L=00000000
3347 scache  fc8affd0 store hit           pol=3 VA=9800000057500030 PA=057500030 line=001 hitv=0010 ro=3021 tag=02ba8 V=1111 W=0011 data=8000000000000000 mask=11111111
3348 icache  fc8affd0 load  hit           pol=3 VA=98000000405ff090 PA=0405ff090 line=04 hitv=00010000 ro=56701234 tag=0405ff V=00011111 L=00000000
3348 PC=0x98000000405ff090 [00000000405ff090]	dca80000 ld     $t0,0x0($a1)
[va=9800000041700040 pa=0000000041700040]
3348 dcache  dca80000 load  hit           pol=3 VA=9800000041700040 PA=041700040 line=02 hitv=00001000 ro=16427053 tag=041700 V=11111111 W=00000000 L=00000000
3348 Reg write t0=3f9463b10e597221
3349 PC=0x98000000405ff094 [00000000405ff094]	dca90008 ld     $t1,0x8($a1)
[va=9800000041700048 pa=0000000041700048]
3349 dcache  dca90008 load  hit           pol=3 VA=9800000041700048 PA=041700048 line=02 hitv=00001000 ro=16427053 tag=041700 V=11111111 W=00000000 L=00000000
3349 Reg write t1=b943ba7307b90dd8
3350 PC=0x98000000405ff098 [00000000405ff098]	fc880000 sd     $t0,0x0($a0)
[va=9800000057500060 pa=0000000057500060]
3350 dcache  fc880000 store hit           pol=3 VA=9800000057500060 PA=057500060 line=03 hitv=10000000 ro=01324576 tag=057500 V=11111111 W=00000000 L=00000000
3350 scache  fc880000 store hit           pol=3 VA=9800000057500060 PA=057500060 line=003 hitv=0010 ro=2031 tag=02ba8 V=1111 W=0111 data=3f9463b10e597221 mask=11111111
3351 PC=0x98000000405ff09c [00000000405ff09c]	14c0ffed bne    $a2,$r0,0x98000000405ff054
3352 icache  14c0ffed load  hit           pol=3 VA=98000000405ff0a0 PA=0405ff0a0 line=05 hitv=00010000 ro=56701234 tag=0405ff V=00011111 L=00000000
3352 PC=0x98000000405ff0a0 [00000000405ff0a0]	fc8fffe8 sd     $t7,0xffffffe8($a0)
[va=9800000057500048 pa=0000000057500048]
3352 dcache  fc8fffe8 store hit           pol=3 VA=9800000057500048 PA=057500048 line=02 hitv=00100000 ro=16427053 tag=057500 V=11111111 W=00000000 L=00000000
3352 scache  fc8fffe8 store hit           pol=3 VA=9800000057500048 PA=057500048 line=002 hitv=0100 ro=1023 tag=02ba8 V=1111 W=0101 data=3d632b1a98695791 mask=11111111
3353 icache  fc8fffe8 load  hit           pol=3 VA=98000000405ff054 PA=0405ff050 line=02 hitv=00010000 ro=56701234 tag=0405ff V=00011111 L=00000000
3353 PC=0x98000000405ff054 [00000000405ff054]	fc8bffd8 sd     $t3,0xffffffd8($a0)
[va=9800000057500038 pa=0000000057500038]
3353 dcache  fc8bffd8 store hit           pol=3 VA=9800000057500038 PA=057500038 line=01 hitv=00000100 ro=14507362 tag=057500 V=11111111 W=00000000 L=00000000
3353 scache  fc8bffd8 store hit           pol=3 VA=9800000057500038 PA=057500038 line=001 hitv=0010 ro=3021 tag=02ba8 V=1111 W=0011 data=ffffffffffffffff mask=11111111
3354 PC=0x98000000405ff058 [00000000405ff058]	dcaa0010 ld     $t2,0x10($a1)
[va=9800000041700050 pa=0000000041700050]
3354 dcache  dcaa0010 load  hit           pol=3 VA=9800000041700050 PA=041700050 line=02 hitv=00001000 ro=16427035 tag=041700 V=11111111 W=00000000 L=00000000
3354 Reg write t2=e007fe007fe007fe
3355 PC=0x98000000405ff05c [00000000405ff05c]	fc88fff0 sd     $t0,0xfffffff0($a0)
[va=9800000057500050 pa=0000000057500050]
3355 dcache  fc88fff0 store hit           pol=3 VA=9800000057500050 PA=057500050 line=02 hitv=00100000 ro=16427053 tag=057500 V=11111111 W=00000000 L=00000000
3355 scache  fc88fff0 store hit           pol=3 VA=9800000057500050 PA=057500050 line=002 hitv=0100 ro=1032 tag=02ba8 V=1111 W=0101 data=3f9463b10e597221 mask=11111111
3356 icache  fc88fff0 load  hit           pol=3 VA=98000000405ff060 PA=0405ff060 line=03 hitv=00010000 ro=56701234 tag=0405ff V=00011111 L=00000000
3356 PC=0x98000000405ff060 [00000000405ff060]	64840040 daddiu $a0,$a0,0x40
3356 Reg write a0=98000000575000a0
3357 PC=0x98000000405ff064 [00000000405ff064]	64a50040 daddiu $a1,$a1,0x40
3357 Reg write a1=9800000041700080
3358 PC=0x98000000405ff068 [00000000405ff068]	fc89fff8 sd     $t1,0xfffffff8($a0)
[va=9800000057500098 pa=0000000057500098]
3358 dcache  fc89fff8 store miss w/alloc  pol=3 VA=9800000057500098 PA=057500098 line=04 hitv=00000000 ro=23564701 tag=000000 V=11111111 W=00000000 L=00000000
3358 scache  fc89fff8 store miss w/alloc  pol=3 VA=9800000057500098 PA=057500098 line=004 hitv=0000 ro=0231 tag=00000 V=1111 W=1111 data=b943ba7307b90dd8 mask=11111111
3358 dmemacc: store 8 addr=05ab00080 data=b5b7c32670118fd4 mask=11111111 cline 
3358 dmemacc: store 8 addr=05ab00088 data=6b19064a40394d0c mask=11111111 cline 
3358 dmemacc: store 8 addr=05ab00090 data=537470028175cda0 mask=11111111 cline 
3358 dmemacc: store 8 addr=05ab00098 data=2ec19e4ce07558d5 mask=11111111 cline 
3359 PC=0x98000000405ff06c [00000000405ff06c]	dcac0020 ld     $t4,0x20($a1)
[va=98000000417000a0 pa=00000000417000a0]
3359 dcache  dcac0020 load  miss refill   pol=3 VA=98000000417000a0 PA=0417000a0 line=05 hitv=00000000 ro=15023467 tag=000000 V=11111111 W=00000000 L=00000000
3359 scache  dcac0020 load  miss refill   pol=3 VA=98000000417000a0 PA=0417000a0 line=005 hitv=0000 ro=1230 tag=00000 V=1111 W=1011
3359 dmemacc: store 8 addr=05ab000a0 data=f04b989839c56ba8 mask=11111111 cline 
3359 dmemacc: store 8 addr=05ab000a8 data=ffffffffffffffff mask=11111111 cline 
3359 dmemacc: store 8 addr=05ab000b0 data=b5b7c32670118fd4 mask=11111111 cline 
3359 dmemacc: store 8 addr=05ab000b8 data=6f690a19099f9e55 mask=11111111 cline 
3359 Reg write t4=2285a632f7e23089
3360 icache  dcac0020 load  hit           pol=3 VA=98000000405ff070 PA=0405ff070 line=03 hitv=00010000 ro=56701234 tag=0405ff V=00011111 L=00000000
3360 PC=0x98000000405ff070 [00000000405ff070]	64c6ffff daddiu $a2,$a2,0xffff
3360 Reg write a2=0000000000000001
3361 PC=0x98000000405ff074 [00000000405ff074]	dcaf0028 ld     $t7,0x28($a1)
[va=98000000417000a8 pa=00000000417000a8]
3361 dcache  dcaf0028 load  hit           pol=3 VA=98000000417000a8 PA=0417000a8 line=05 hitv=00000010 ro=50234671 tag=041700 V=11111111 W=00000000 L=00000000
3361 Reg write t7=a4e61297e2beeffc
3362 PC=0x98000000405ff078 [00000000405ff078]	fc890008 sd     $t1,0x8($a0)
[va=98000000575000a8 pa=00000000575000a8]
3362 dcache  fc890008 store miss w/alloc  pol=3 VA=98000000575000a8 PA=0575000a8 line=05 hitv=00000000 ro=50234671 tag=000000 V=11111111 W=00000000 L=00000000
3362 scache  fc890008 store miss w/alloc  pol=3 VA=98000000575000a8 PA=0575000a8 line=005 hitv=0000 ro=2301 tag=00000 V=1111 W=1001 data=b943ba7307b90dd8 mask=11111111
3363 PC=0x98000000405ff07c [00000000405ff07c]	fc8cffe0 sd     $t4,0xffffffe0($a0)
[va=9800000057500080 pa=0000000057500080]
3363 dcache  fc8cffe0 store hit           pol=3 VA=9800000057500080 PA=057500080 line=04 hitv=00000100 ro=35647012 tag=057500 V=11111111 W=00000000 L=00000000
3363 scache  fc8cffe0 store hit           pol=3 VA=9800000057500080 PA=057500080 line=004 hitv=0001 ro=2310 tag=02ba8 V=1111 W=1111 data=2285a632f7e23089 mask=11111111
3364 icache  fc8cffe0 load  hit           pol=3 VA=98000000405ff080 PA=0405ff080 line=04 hitv=00010000 ro=56701234 tag=0405ff V=00011111 L=00000000
3364 PC=0x98000000405ff080 [00000000405ff080]	dcab0018 ld     $t3,0x18($a1)
[va=9800000041700098 pa=0000000041700098]
3364 dcache  dcab0018 load  miss refill   pol=3 VA=9800000041700098 PA=041700098 line=04 hitv=00000000 ro=35647012 tag=000000 V=11111111 W=00000000 L=00000000
3364 scache  dcab0018 load  miss refill   pol=3 VA=9800000041700098 PA=041700080 line=004 hitv=0000 ro=2310 tag=00000 V=1111 W=1111
3364 dmemacc: store 8 addr=055b00080 data=9800000055afff00 mask=11111111 cline 
3364 dmemacc: store 8 addr=055b00088 data=0000000000000001 mask=11111111 cline 
3364 dmemacc: store 8 addr=055b00090 data=c1608c218e1bc4e9 mask=11111111 cline 
3364 dmemacc: store 8 addr=055b00098 data=13fbb78758d1b2df mask=11111111 cline 
3364 Reg write t3=8000000000000000
3365 PC=0x98000000405ff084 [00000000405ff084]	dca90038 ld     $t1,0x38($a1)
[va=98000000417000b8 pa=00000000417000b8]
3365 dcache  dca90038 load  hit           pol=3 VA=98000000417000b8 PA=0417000b8 line=05 hitv=00000010 ro=02346715 tag=041700 V=11111111 W=00000000 L=00000000
3365 Reg write t1=f07d7626b40cc04f
3366 PC=0x98000000405ff088 [00000000405ff088]	dca80030 ld     $t0,0x30($a1)
[va=98000000417000b0 pa=00000000417000b0]
3366 dcache  dca80030 load  hit           pol=3 VA=98000000417000b0 PA=0417000b0 line=05 hitv=00000010 ro=02346751 tag=041700 V=11111111 W=00000000 L=00000000
3366 Reg write t0=80f4a1a332102f95
3367 PC=0x98000000405ff08c [00000000405ff08c]	fc8affd0 sd     $t2,0xffffffd0($a0)
[va=9800000057500070 pa=0000000057500070]
3367 dcache  fc8affd0 store hit           pol=3 VA=9800000057500070 PA=057500070 line=03 hitv=10000000 ro=01324567 tag=057500 V=11111111 W=00000000 L=00000000
3367 scache  fc8affd0 store hit           pol=3 VA=9800000057500070 PA=057500070 line=003 hitv=0010 ro=2031 tag=02ba8 V=1111 W=0111 data=e007fe007fe007fe mask=11111111
3368 icache  fc8affd0 load  hit           pol=3 VA=98000000405ff090 PA=0405ff090 line=04 hitv=00010000 ro=56701234 tag=0405ff V=00011111 L=00000000
3368 PC=0x98000000405ff090 [00000000405ff090]	dca80000 ld     $t0,0x0($a1)
[va=9800000041700080 pa=0000000041700080]
3368 dcache  dca80000 load  hit           pol=3 VA=9800000041700080 PA=041700080 line=04 hitv=00001000 ro=56470123 tag=041700 V=11111111 W=00000000 L=00000000
3368 Reg write t0=4687cbeee1008b52
3369 PC=0x98000000405ff094 [00000000405ff094]	dca90008 ld     $t1,0x8($a1)
[va=9800000041700088 pa=0000000041700088]
3369 dcache  dca90008 load  hit           pol=3 VA=9800000041700088 PA=041700088 line=04 hitv=00001000 ro=56470123 tag=041700 V=11111111 W=00000000 L=00000000
3369 Reg write t1=8228e23b2626be6c
3370 PC=0x98000000405ff098 [00000000405ff098]	fc880000 sd     $t0,0x0($a0)
[va=98000000575000a0 pa=00000000575000a0]
3370 dcache  fc880000 store hit           pol=3 VA=98000000575000a0 PA=0575000a0 line=05 hitv=00100000 ro=02346751 tag=057500 V=11111111 W=00000000 L=00000000
3370 scache  fc880000 store hit           pol=3 VA=98000000575000a0 PA=0575000a0 line=005 hitv=0100 ro=3012 tag=02ba8 V=1111 W=1101 data=4687cbeee1008b52 mask=11111111
3371 PC=0x98000000405ff09c [00000000405ff09c]	14c0ffed bne    $a2,$r0,0x98000000405ff054
3372 icache  14c0ffed load  hit           pol=3 VA=98000000405ff0a0 PA=0405ff0a0 line=05 hitv=00010000 ro=56701234 tag=0405ff V=00011111 L=00000000
3372 PC=0x98000000405ff0a0 [00000000405ff0a0]	fc8fffe8 sd     $t7,0xffffffe8($a0)
[va=9800000057500088 pa=0000000057500088]
3372 dcache  fc8fffe8 store hit           pol=3 VA=9800000057500088 PA=057500088 line=04 hitv=00000100 ro=56470123 tag=057500 V=11111111 W=00000000 L=00000000
3372 scache  fc8fffe8 store hit           pol=3 VA=9800000057500088 PA=057500088 line=004 hitv=0001 ro=3102 tag=02ba8 V=1111 W=1011 data=a4e61297e2beeffc mask=11111111
3373 icache  fc8fffe8 load  hit           pol=3 VA=98000000405ff054 PA=0405ff050 line=02 hitv=00010000 ro=56701234 tag=0405ff V=00011111 L=00000000
3373 PC=0x98000000405ff054 [00000000405ff054]	fc8bffd8 sd     $t3,0xffffffd8($a0)
[va=9800000057500078 pa=0000000057500078]
3373 dcache  fc8bffd8 store hit           pol=3 VA=9800000057500078 PA=057500078 line=03 hitv=10000000 ro=01324567 tag=057500 V=11111111 W=00000000 L=00000000
3373 scache  fc8bffd8 store hit           pol=3 VA=9800000057500078 PA=057500078 line=003 hitv=0010 ro=2031 tag=02ba8 V=1111 W=0111 data=8000000000000000 mask=11111111
3374 PC=0x98000000405ff058 [00000000405ff058]	dcaa0010 ld     $t2,0x10($a1)
[va=9800000041700090 pa=0000000041700090]
3374 dcache  dcaa0010 load  hit           pol=3 VA=9800000041700090 PA=041700090 line=04 hitv=00001000 ro=56470132 tag=041700 V=11111111 W=00000000 L=00000000
3374 Reg write t2=ffffffffffffffff
3375 PC=0x98000000405ff05c [00000000405ff05c]	fc88fff0 sd     $t0,0xfffffff0($a0)
[va=9800000057500090 pa=0000000057500090]
3375 dcache  fc88fff0 store hit           pol=3 VA=9800000057500090 PA=057500090 line=04 hitv=00000100 ro=56470123 tag=057500 V=11111111 W=00000000 L=00000000
3375 scache  fc88fff0 store hit           pol=3 VA=9800000057500090 PA=057500090 line=004 hitv=0001 ro=3120 tag=02ba8 V=1111 W=1011 data=4687cbeee1008b52 mask=11111111
3376 icache  fc88fff0 load  hit           pol=3 VA=98000000405ff060 PA=0405ff060 line=03 hitv=00010000 ro=56701234 tag=0405ff V=00011111 L=00000000
3376 PC=0x98000000405ff060 [00000000405ff060]	64840040 daddiu $a0,$a0,0x40
3376 Reg write a0=98000000575000e0
3377 PC=0x98000000405ff064 [00000000405ff064]	64a50040 daddiu $a1,$a1,0x40
3377 Reg write a1=98000000417000c0
3378 PC=0x98000000405ff068 [00000000405ff068]	fc89fff8 sd     $t1,0xfffffff8($a0)
[va=98000000575000d8 pa=00000000575000d8]
3378 dcache  fc89fff8 store miss w/alloc  pol=3 VA=98000000575000d8 PA=0575000d8 line=06 hitv=00000000 ro=70341256 tag=000000 V=11111111 W=00000000 L=00000000
3378 scache  fc89fff8 store miss w/alloc  pol=3 VA=98000000575000d8 PA=0575000d8 line=006 hitv=0000 ro=2013 tag=00000 V=1111 W=1011 data=8228e23b2626be6c mask=11111111
3379 PC=0x98000000405ff06c [00000000405ff06c]	dcac0020 ld     $t4,0x20($a1)
[va=98000000417000e0 pa=00000000417000e0]
3379 dcache  dcac0020 load  hit           pol=3 VA=98000000417000e0 PA=0417000e0 line=07 hitv=00100000 ro=53764012 tag=041700 V=11111111 W=00000000 L=00000000
3379 Reg write t4=68e154edc36e9f1a
3380 icache  dcac0020 load  hit           pol=3 VA=98000000405ff070 PA=0405ff070 line=03 hitv=00010000 ro=56701234 tag=0405ff V=00011111 L=00000000
3380 PC=0x98000000405ff070 [00000000405ff070]	64c6ffff daddiu $a2,$a2,0xffff
3380 Reg write a2=0000000000000000
3381 PC=0x98000000405ff074 [00000000405ff074]	dcaf0028 ld     $t7,0x28($a1)
[va=98000000417000e8 pa=00000000417000e8]
3381 dcache  dcaf0028 load  hit           pol=3 VA=98000000417000e8 PA=0417000e8 line=07 hitv=00100000 ro=37640125 tag=041700 V=11111111 W=00000000 L=00000000
3381 Reg write t7=0000007aced30f5c
3382 PC=0x98000000405ff078 [00000000405ff078]	fc890008 sd     $t1,0x8($a0)
[va=98000000575000e8 pa=00000000575000e8]
3382 dcache  fc890008 store miss w/alloc  pol=3 VA=98000000575000e8 PA=0575000e8 line=07 hitv=00000000 ro=37640125 tag=000000 V=11111111 W=00000000 L=00000000
3382 scache  fc890008 store miss w/alloc  pol=3 VA=98000000575000e8 PA=0575000e8 line=007 hitv=0000 ro=0123 tag=00000 V=1111 W=1111 data=8228e23b2626be6c mask=11111111
3382 dmemacc: store 8 addr=05ab000e0 data=ece4545c577a214d mask=11111111 cline 
3382 dmemacc: store 8 addr=05ab000e8 data=31cc5b2737ce87e4 mask=11111111 cline 
3382 dmemacc: store 8 addr=05ab000f0 data=a41a1f099e934724 mask=11111111 cline 
3382 dmemacc: store 8 addr=05ab000f8 data=0000000000000001 mask=11111111 cline 
3383 PC=0x98000000405ff07c [00000000405ff07c]	fc8cffe0 sd     $t4,0xffffffe0($a0)
[va=98000000575000c0 pa=00000000575000c0]
3383 dcache  fc8cffe0 store hit           pol=3 VA=98000000575000c0 PA=0575000c0 line=06 hitv=10000000 ro=03412567 tag=057500 V=11111111 W=00000000 L=00000000
3383 scache  fc8cffe0 store hit           pol=3 VA=98000000575000c0 PA=0575000c0 line=006 hitv=0100 ro=0132 tag=02ba8 V=1111 W=1111 data=68e154edc36e9f1a mask=11111111
3384 icache  fc8cffe0 load  hit           pol=3 VA=98000000405ff080 PA=0405ff080 line=04 hitv=00010000 ro=56701234 tag=0405ff V=00011111 L=00000000
3384 PC=0x98000000405ff080 [00000000405ff080]	dcab0018 ld     $t3,0x18($a1)
[va=98000000417000d8 pa=00000000417000d8]
3384 dcache  dcab0018 load  hit           pol=3 VA=98000000417000d8 PA=0417000d8 line=06 hitv=00010000 ro=03412567 tag=041700 V=11111111 W=00000000 L=00000000
3384 Reg write t3=7c99b9a753daf816
3385 PC=0x98000000405ff084 [00000000405ff084]	dca90038 ld     $t1,0x38($a1)
[va=98000000417000f8 pa=00000000417000f8]
3385 dcache  dca90038 load  hit           pol=3 VA=98000000417000f8 PA=0417000f8 line=07 hitv=00100000 ro=76401253 tag=041700 V=11111111 W=00000000 L=00000000
3385 Reg write t1=0000000000000001
3386 PC=0x98000000405ff088 [00000000405ff088]	dca80030 ld     $t0,0x30($a1)
[va=98000000417000f0 pa=00000000417000f0]
3386 dcache  dca80030 load  hit           pol=3 VA=98000000417000f0 PA=0417000f0 line=07 hitv=00100000 ro=76401235 tag=041700 V=11111111 W=00000000 L=00000000
3386 Reg write t0=c71c71601c71c71c
3387 PC=0x98000000405ff08c [00000000405ff08c]	fc8affd0 sd     $t2,0xffffffd0($a0)
[va=98000000575000b0 pa=00000000575000b0]
3387 dcache  fc8affd0 store hit           pol=3 VA=98000000575000b0 PA=0575000b0 line=05 hitv=00100000 ro=02346715 tag=057500 V=11111111 W=00000000 L=00000000
3387 scache  fc8affd0 store hit           pol=3 VA=98000000575000b0 PA=0575000b0 line=005 hitv=0100 ro=3012 tag=02ba8 V=1111 W=1101 data=ffffffffffffffff mask=11111111
3388 icache  fc8affd0 load  hit           pol=3 VA=98000000405ff090 PA=0405ff090 line=04 hitv=00010000 ro=56701234 tag=0405ff V=00011111 L=00000000
3388 PC=0x98000000405ff090 [00000000405ff090]	dca80000 ld     $t0,0x0($a1)
[va=98000000417000c0 pa=00000000417000c0]
3388 dcache  dca80000 load  hit           pol=3 VA=98000000417000c0 PA=0417000c0 line=06 hitv=00010000 ro=03125674 tag=041700 V=11111111 W=00000000 L=00000000
3388 Reg write t0=4cde8a51c89dcdd6
3389 PC=0x98000000405ff094 [00000000405ff094]	dca90008 ld     $t1,0x8($a1)
[va=98000000417000c8 pa=00000000417000c8]
3389 dcache  dca90008 load  hit           pol=3 VA=98000000417000c8 PA=0417000c8 line=06 hitv=00010000 ro=03125674 tag=041700 V=11111111 W=00000000 L=00000000
3389 Reg write t1=5174e5daebb871bc
3390 PC=0x98000000405ff098 [00000000405ff098]	fc880000 sd     $t0,0x0($a0)
[va=98000000575000e0 pa=00000000575000e0]
3390 dcache  fc880000 store hit           pol=3 VA=98000000575000e0 PA=0575000e0 line=07 hitv=00001000 ro=76401235 tag=057500 V=11111111 W=00000000 L=00000000
3390 scache  fc880000 store hit           pol=3 VA=98000000575000e0 PA=0575000e0 line=007 hitv=0001 ro=1230 tag=02ba8 V=1111 W=1111 data=4cde8a51c89dcdd6 mask=11111111
3391 PC=0x98000000405ff09c [00000000405ff09c]	14c0ffed bne    $a2,$r0,0x98000000405ff054
3392 icache  14c0ffed load  hit           pol=3 VA=98000000405ff0a0 PA=0405ff0a0 line=05 hitv=00010000 ro=56701234 tag=0405ff V=00011111 L=00000000
3392 PC=0x98000000405ff0a0 [00000000405ff0a0]	fc8fffe8 sd     $t7,0xffffffe8($a0)
[va=98000000575000c8 pa=00000000575000c8]
3392 dcache  fc8fffe8 store hit           pol=3 VA=98000000575000c8 PA=0575000c8 line=06 hitv=10000000 ro=03125674 tag=057500 V=11111111 W=00000000 L=00000000
3392 scache  fc8fffe8 store hit           pol=3 VA=98000000575000c8 PA=0575000c8 line=006 hitv=0100 ro=0132 tag=02ba8 V=1111 W=1111 data=0000007aced30f5c mask=11111111
3393 PC=0x98000000405ff0a4 [00000000405ff0a4]	00000000 nop
3394 PC=0x98000000405ff0a8 [00000000405ff0a8]	34120013 ori    $s2,$r0,0x13
3394 Reg write s2=0000000000000013
3395 PC=0x98000000405ff0ac [00000000405ff0ac]	001296fc dsll32 $s2,$s2,27
3395 Reg write s2=9800000000000000
3396 icache  001296fc load  hit           pol=3 VA=98000000405ff0b0 PA=0405ff0b0 line=05 hitv=00010000 ro=56701234 tag=0405ff V=00011111 L=00000000
3396 PC=0x98000000405ff0b0 [00000000405ff0b0]	365260ac ori    $s2,$s2,0x60ac
3396 Reg write s2=98000000000060ac
3397 PC=0x98000000405ff0b4 [00000000405ff0b4]	0240f809 jalr   $ra,$s2
3397 Reg write ra=98000000405ff0bc
3398 PC=0x98000000405ff0b8 [00000000405ff0b8]	3c019800 lui    $r1,0x9800
3398 Reg write r1=ffffffff98000000
3399 icache  3c019800 load  miss refill   pol=3 VA=98000000000060ac PA=0000060a0 line=05 hitv=00000000 ro=56701234 tag=000000 V=00011111 L=00000000
3399 PC=0x98000000000060ac [00000000000060ac]	d4700198 ldc1   f16,0x198($v1)
[va=98000000505000c8 pa=00000000505000c8]
3399 dcache  d4700198 load  hit           pol=3 VA=98000000505000c8 PA=0505000c8 line=06 hitv=00001000 ro=03125647 tag=050500 V=11111111 W=00000000 L=00000000
3399 Reg write f[16]=0000000000000000  FCSR(fcr31)=6e000000
3400 icache  d4700198 load  hit           pol=3 VA=98000000000060b0 PA=0000060b0 line=05 hitv=00100000 ro=67012345 tag=000006 V=00111111 L=00000000
3400 PC=0x98000000000060b0 [00000000000060b0]	d4750140 ldc1   f21,0x140($v1)
[va=9800000050500070 pa=0000000050500070]
3400 dcache  d4750140 load  miss refill   pol=3 VA=9800000050500070 PA=050500070 line=03 hitv=00000000 ro=01324567 tag=000000 V=11111111 W=00000000 L=00000000
3400 scache  d4750140 load  miss refill   pol=3 VA=9800000050500070 PA=050500060 line=003 hitv=0000 ro=2031 tag=00000 V=1111 W=0111
3400 dmemacc: store 8 addr=047b00060 data=7fffffffffffffff mask=11111111 cline 
3400 dmemacc: store 8 addr=047b00068 data=99d185c5f1e262d3 mask=11111111 cline 
3400 dmemacc: store 8 addr=047b00070 data=ffffffffffffffff mask=11111111 cline 
3400 dmemacc: store 8 addr=047b00078 data=99d185c5f1e262d3 mask=11111111 cline 
3400 Reg write f[21]=980000004027ca83  FCSR(fcr31)=6e000000
3401 PC=0x98000000000060b4 [00000000000060b4]	d46e0188 ldc1   f14,0x188($v1)
[va=98000000505000b8 pa=00000000505000b8]
3401 dcache  d46e0188 load  miss refill   pol=3 VA=98000000505000b8 PA=0505000b8 line=05 hitv=00000000 ro=02346715 tag=000000 V=11111111 W=00000000 L=00000000
3401 scache  d46e0188 load  miss refill   pol=3 VA=98000000505000b8 PA=0505000a0 line=005 hitv=0000 ro=3012 tag=00000 V=1111 W=1101
3401 dmemacc: store 8 addr=055b000a0 data=ffffffffffffffff mask=11111111 cline 
3401 dmemacc: store 8 addr=055b000a8 data=9efc0983310d2e7e mask=11111111 cline 
3401 dmemacc: store 8 addr=055b000b0 data=7b69ebfb7483f348 mask=11111111 cline 
3401 dmemacc: store 8 addr=055b000b8 data=3333333333333333 mask=11111111 cline 
3401 Reg write f[14]=0000000000000001  FCSR(fcr31)=6e000000
3402 PC=0x98000000000060b8 [00000000000060b8]	00000000 nop
3403 PC=0x98000000000060bc [00000000000060bc]	03e00008 jr     $ra
3404 icache  03e00008 load  miss refill   pol=3 VA=98000000000060c0 PA=0000060c0 line=06 hitv=00000000 ro=45670123 tag=000000 V=00001111 L=00000000
3404 PC=0x98000000000060c0 [00000000000060c0]	fc7601c8 sd     $s6,0x1c8($v1)
[va=98000000505000f8 pa=00000000505000f8]
3404 dcache  fc7601c8 store hit           pol=3 VA=98000000505000f8 PA=0505000f8 line=07 hitv=10000000 ro=76401253 tag=050500 V=11111111 W=00000000 L=00000000
3404 scache  fc7601c8 store miss wo/alloc pol=3 VA=98000000505000f8 PA=0505000f8 line=007 hitv=0000 ro=1230 tag=00000 V=1111 W=1111 data=d03c0cc9a0d5980f mask=11111111
3404 dmemacc: store 8 addr=0505000f8 data=d03c0cc9a0d5980f mask=11111111 
3405 icache  fc7601c8 load  hit           pol=3 VA=98000000405ff0bc PA=0405ff0b0 line=05 hitv=00010000 ro=67012345 tag=0405ff V=00111111 L=00000000
3405 PC=0x98000000405ff0bc [00000000405ff0bc]	00010c38 dsll   $r1,$r1,16
3405 Reg write r1=ffff980000000000
3406 icache  00010c38 load  miss refill   pol=3 VA=98000000405ff0c0 PA=0405ff0c0 line=06 hitv=00000000 ro=56701234 tag=000000 V=00011111 L=00000000
3406 PC=0x98000000405ff0c0 [00000000405ff0c0]	3421517f ori    $r1,$r1,0x517f
3406 Reg write r1=ffff98000000517f
3407 PC=0x98000000405ff0c4 [00000000405ff0c4]	00010c38 dsll   $r1,$r1,16
3407 Reg write r1=98000000517f0000
3408 PC=0x98000000405ff0c8 [00000000405ff0c8]	34218899 ori    $r1,$r1,0x8899
3408 Reg write r1=98000000517f8899
3409 PC=0x98000000405ff0cc [00000000405ff0cc]	dc2277b7 ld     $v0,0x77b7($r1)
[va=9800000051800050 pa=0000000051800050]
3409 dcache  dc2277b7 load  miss refill   pol=3 VA=9800000051800050 PA=051800050 line=02 hitv=00000000 ro=16427035 tag=000000 V=11111111 W=00000000 L=00000000
3409 scache  dc2277b7 load  miss refill   pol=3 VA=9800000051800050 PA=051800040 line=002 hitv=0000 ro=1032 tag=00000 V=1111 W=0101
3409 Reg write v0=a2b828f58782515b
3410 icache  dc2277b7 load  hit           pol=3 VA=98000000405ff0d0 PA=0405ff0d0 line=06 hitv=00100000 ro=67012345 tag=0405ff V=00111111 L=00000000
3410 PC=0x98000000405ff0d0 [00000000405ff0d0]	3c149800 lui    $s4,0x9800
3410 Reg write s4=ffffffff98000000
3411 PC=0x98000000405ff0d4 [00000000405ff0d4]	0014a438 dsll   $s4,$s4,16
3411 Reg write s4=ffff980000000000
3412 PC=0x98000000405ff0d8 [00000000405ff0d8]	36944220 ori    $s4,$s4,0x4220
3412 Reg write s4=ffff980000004220
3413 PC=0x98000000405ff0dc [00000000405ff0dc]	0014a438 dsll   $s4,$s4,16
3413 Reg write s4=9800000042200000
3414 icache  0014a438 load  miss refill   pol=3 VA=98000000405ff0e0 PA=0405ff0e0 line=07 hitv=00000000 ro=34567012 tag=000000 V=00000111 L=00000000
3414 PC=0x98000000405ff0e0 [00000000405ff0e0]	36943824 ori    $s4,$s4,0x3824
3414 Reg write s4=9800000042203824
3415 PC=0x98000000405ff0e4 [00000000405ff0e4]	9e99c734 lwu    $t9,0xffffc734($s4)
[va=98000000421fff58 pa=00000000421fff58]
3415 dcache  9e99c734 load  miss refill   pol=3 VA=98000000421fff58 PA=0421fff58 line=7a hitv=00000000 ro=43562701 tag=000000 V=11111111 W=00000000 L=00000000
3415 scache  9e99c734 load  miss refill   pol=3 VA=98000000421fff58 PA=0421fff40 line=ffa hitv=0000 ro=2031 tag=00000 V=1111 W=0111
3415 dmemacc: store 8 addr=05aafff40 data=9eb3825df5f581ac mask=11111111 cline 
3415 dmemacc: store 8 addr=05aafff48 data=810ac4eb0b93c94a mask=11111111 cline 
3415 dmemacc: store 8 addr=05aafff50 data=56cffc870990f518 mask=11111111 cline 
3415 dmemacc: store 8 addr=05aafff58 data=f5babc7dccf7e733 mask=11111111 cline 
3415 Reg write t9=00000000ffffffff
3416 PC=0x98000000405ff0e8 [00000000405ff0e8]	3c149800 lui    $s4,0x9800
3416 Reg write s4=ffffffff98000000
3417 PC=0x98000000405ff0ec [00000000405ff0ec]	0014a438 dsll   $s4,$s4,16
3417 Reg write s4=ffff980000000000
3418 icache  0014a438 load  hit           pol=3 VA=98000000405ff0f0 PA=0405ff0f0 line=07 hitv=00001000 ro=45670123 tag=0405ff V=00001111 L=00000000
3418 PC=0x98000000405ff0f0 [00000000405ff0f0]	369451af ori    $s4,$s4,0x51af
3418 Reg write s4=ffff9800000051af
3419 PC=0x98000000405ff0f4 [00000000405ff0f4]	0014a438 dsll   $s4,$s4,16
3419 Reg write s4=9800000051af0000
3420 PC=0x98000000405ff0f8 [00000000405ff0f8]	36948688 ori    $s4,$s4,0x8688
3420 Reg write s4=9800000051af8688
3421 PC=0x98000000405ff0fc [00000000405ff0fc]	86977958 lh     $s7,0x7958($s4)
[va=9800000051afffe0 pa=0000000051afffe0]
3421 dcache  86977958 load  hit           pol=3 VA=9800000051afffe0 PA=051afffe0 line=7f hitv=00100000 ro=74350126 tag=051aff V=11111111 W=00000000 L=00000000
3421 Reg write s7=0000000000007fff
3422 icache  86977958 load  miss refill   pol=3 VA=98000000405ff100 PA=0405ff100 line=08 hitv=00000000 ro=34567012 tag=000000 V=00000111 L=00000000
3422 PC=0x98000000405ff100 [00000000405ff100]	3c1e9800 lui    $s8,0x9800
3422 Reg write s8=ffffffff98000000
3423 PC=0x98000000405ff104 [00000000405ff104]	001ef438 dsll   $s8,$s8,16
3423 Reg write s8=ffff980000000000
3424 PC=0x98000000405ff108 [00000000405ff108]	37de41af ori    $s8,$s8,0x41af
3424 Reg write s8=ffff9800000041af
3425 PC=0x98000000405ff10c [00000000405ff10c]	001ef438 dsll   $s8,$s8,16
3425 Reg write s8=9800000041af0000
3426 icache  001ef438 load  hit           pol=3 VA=98000000405ff110 PA=0405ff110 line=08 hitv=00001000 ro=45670123 tag=0405ff V=00001111 L=00000000
3426 PC=0x98000000405ff110 [00000000405ff110]	37ded113 ori    $s8,$s8,0xd113
3426 Reg write s8=9800000041afd113
3427 PC=0x98000000405ff114 [00000000405ff114]	93cc2e16 lbu    $t4,0x2e16($s8)
[va=9800000041afff29 pa=0000000041afff29]
3427 dcache  93cc2e16 load  miss refill   pol=3 VA=9800000041afff29 PA=041afff28 line=79 hitv=00000000 ro=67023451 tag=000000 V=11111111 W=00000000 L=00000000
3427 scache  93cc2e16 load  miss refill   pol=3 VA=9800000041afff29 PA=041afff20 line=ff9 hitv=0000 ro=3201 tag=00000 V=1111 W=1011
3427 dmemacc: store 8 addr=05aafff20 data=fd9b37dc92d88d95 mask=11111111 cline 
3427 dmemacc: store 8 addr=05aafff28 data=4779f2f89079cff2 mask=11111111 cline 
3427 dmemacc: store 8 addr=05aafff30 data=0000000000000001 mask=11111111 cline 
3427 dmemacc: store 8 addr=05aafff38 data=00000000000000db mask=11111111 cline 
3427 Reg write t4=000000000000008e
3428 PC=0x98000000405ff118 [00000000405ff118]	3c139800 lui    $s3,0x9800
3428 Reg write s3=ffffffff98000000
3429 PC=0x98000000405ff11c [00000000405ff11c]	00139c38 dsll   $s3,$s3,16
3429 Reg write s3=ffff980000000000
3430 icache  00139c38 load  miss refill   pol=3 VA=98000000405ff120 PA=0405ff120 line=09 hitv=00000000 ro=34567012 tag=000000 V=00000111 L=00000000
3430 PC=0x98000000405ff120 [00000000405ff120]	367351b0 ori    $s3,$s3,0x51b0
3430 Reg write s3=ffff9800000051b0
3431 PC=0x98000000405ff124 [00000000405ff124]	00139c38 dsll   $s3,$s3,16
3431 Reg write s3=9800000051b00000
3432 PC=0x98000000405ff128 [00000000405ff128]	36735bd6 ori    $s3,$s3,0x5bd6
3432 Reg write s3=9800000051b05bd6
3433 PC=0x98000000405ff12c [00000000405ff12c]	8679a3ae lh     $t9,0xffffa3ae($s3)
[va=9800000051afff84 pa=0000000051afff84]
3433 dcache  8679a3ae load  miss refill   pol=3 VA=9800000051afff84 PA=051afff80 line=7c hitv=00000000 ro=75406213 tag=000000 V=11111111 W=00000000 L=00000000
3433 scache  8679a3ae load  miss refill   pol=3 VA=9800000051afff84 PA=051afff80 line=ffc hitv=0000 ro=0123 tag=00000 V=1111 W=1011
3433 dmemacc: store 8 addr=05aafff80 data=62d54d37ba4a814c mask=11111111 cline 
3433 dmemacc: store 8 addr=05aafff88 data=859379392fb8dd6e mask=11111111 cline 
3433 dmemacc: store 8 addr=05aafff90 data=c369310e877c1538 mask=11111111 cline 
3433 dmemacc: store 8 addr=05aafff98 data=1040b9a831ed5260 mask=11111111 cline 
3433 Reg write t9=ffffffffffffffff
3434 icache  8679a3ae load  hit           pol=3 VA=98000000405ff130 PA=0405ff130 line=09 hitv=00001000 ro=45670123 tag=0405ff V=00001111 L=00000000
3434 PC=0x98000000405ff130 [00000000405ff130]	3c179800 lui    $s7,0x9800
3434 Reg write s7=ffffffff98000000
3435 PC=0x98000000405ff134 [00000000405ff134]	0017bc38 dsll   $s7,$s7,16
3435 Reg write s7=ffff980000000000
3436 PC=0x98000000405ff138 [00000000405ff138]	36f7511f ori    $s7,$s7,0x511f
3436 Reg write s7=ffff98000000511f
3437 PC=0x98000000405ff13c [00000000405ff13c]	0017bc38 dsll   $s7,$s7,16
3437 Reg write s7=98000000511f0000
3438 icache  0017bc38 load  miss refill   pol=3 VA=98000000405ff140 PA=0405ff140 line=0a hitv=00000000 ro=45670132 tag=000000 V=00001111 L=00000000
3438 PC=0x98000000405ff140 [00000000405ff140]	36f7cb1b ori    $s7,$s7,0xcb1b
3438 Reg write s7=98000000511fcb1b
3439 PC=0x98000000405ff144 [00000000405ff144]	defe3505 ld     $s8,0x3505($s7)
[va=9800000051200020 pa=0000000051200020]
3439 dcache  defe3505 load  hit           pol=3 VA=9800000051200020 PA=051200020 line=01 hitv=00001000 ro=14507362 tag=051200 V=11111111 W=00000000 L=00000000
3439 Reg write s8=ffffffffffffffff
3440 PC=0x98000000405ff148 [00000000405ff148]	3c179800 lui    $s7,0x9800
3440 Reg write s7=ffffffff98000000
3441 PC=0x98000000405ff14c [00000000405ff14c]	0017bc38 dsll   $s7,$s7,16
3441 Reg write s7=ffff980000000000
3442 icache  0017bc38 load  hit           pol=3 VA=98000000405ff150 PA=0405ff150 line=0a hitv=00010000 ro=56701324 tag=0405ff V=00011111 L=00000000
3442 PC=0x98000000405ff150 [00000000405ff150]	36f7437f ori    $s7,$s7,0x437f
3442 Reg write s7=ffff98000000437f
3443 PC=0x98000000405ff154 [00000000405ff154]	0017bc38 dsll   $s7,$s7,16
3443 Reg write s7=98000000437f0000
3444 PC=0x98000000405ff158 [00000000405ff158]	36f7fb2e ori    $s7,$s7,0xfb2e
3444 Reg write s7=98000000437ffb2e
3445 PC=0x98000000405ff15c [00000000405ff15c]	aefe05be sw     $s8,0x5be($s7)
[va=98000000438000ec pa=00000000438000ec]
3445 dcache  aefe05be store miss w/alloc  pol=3 VA=98000000438000ec PA=0438000e8 line=07 hitv=00000000 ro=64012537 tag=000000 V=11111111 W=00000000 L=00000000
3445 scache  aefe05be store miss w/alloc  pol=3 VA=98000000438000ec PA=0438000e8 line=007 hitv=0000 ro=1230 tag=00000 V=1111 W=1111 data=00000000ffffffff mask=00001111
3445 dmemacc: store 8 addr=0425000e0 data=cd6a6c0194ee4f16 mask=11111111 cline 
3445 dmemacc: store 8 addr=0425000e8 data=98000000515fcbea mask=11111111 cline 
3445 dmemacc: store 8 addr=0425000f0 data=0000000000000001 mask=11111111 cline 
3445 dmemacc: store 8 addr=0425000f8 data=d40847e25fd35db6 mask=11111111 cline 
3446 icache  aefe05be load  miss refill   pol=3 VA=98000000405ff160 PA=0405ff160 line=0b hitv=00000000 ro=45670123 tag=000000 V=00001111 L=00000000
3446 PC=0x98000000405ff160 [00000000405ff160]	3c0c9800 lui    $t4,0x9800
3446 Reg write t4=ffffffff98000000
3447 PC=0x98000000405ff164 [00000000405ff164]	000c6438 dsll   $t4,$t4,16
3447 Reg write t4=ffff980000000000
3448 PC=0x98000000405ff168 [00000000405ff168]	358c437f ori    $t4,$t4,0x437f
3448 Reg write t4=ffff98000000437f
3449 PC=0x98000000405ff16c [00000000405ff16c]	000c6438 dsll   $t4,$t4,16
3449 Reg write t4=98000000437f0000
3450 icache  000c6438 load  hit           pol=3 VA=98000000405ff170 PA=0405ff170 line=0b hitv=00010000 ro=56701234 tag=0405ff V=00011111 L=00000000
3450 PC=0x98000000405ff170 [00000000405ff170]	358ca5eb ori    $t4,$t4,0xa5eb
3450 Reg write t4=98000000437fa5eb
3451 PC=0x98000000405ff174 [00000000405ff174]	fd915b05 sd     $s1,0x5b05($t4)
[va=98000000438000f0 pa=00000000438000f0]
3451 dcache  fd915b05 store hit           pol=3 VA=98000000438000f0 PA=0438000f0 line=07 hitv=01000000 ro=40125376 tag=043800 V=11111111 W=00000000 L=00000000
3451 scache  fd915b05 store hit           pol=3 VA=98000000438000f0 PA=0438000f0 line=007 hitv=0010 ro=2301 tag=021c0 V=1111 W=1111 data=0000000000000d3a mask=11111111
3452 PC=0x98000000405ff178 [00000000405ff178]	3c0c9800 lui    $t4,0x9800
3452 Reg write t4=ffffffff98000000
3453 PC=0x98000000405ff17c [00000000405ff17c]	000c6438 dsll   $t4,$t4,16
3453 Reg write t4=ffff980000000000
3454 icache  000c6438 load  miss refill   pol=3 VA=98000000405ff180 PA=0405ff180 line=0c hitv=00000000 ro=34567012 tag=000000 V=00000111 L=00000000
3454 PC=0x98000000405ff180 [00000000405ff180]	358c517f ori    $t4,$t4,0x517f
3454 Reg write t4=ffff98000000517f
3455 PC=0x98000000405ff184 [00000000405ff184]	000c6438 dsll   $t4,$t4,16
3455 Reg write t4=98000000517f0000
3456 PC=0x98000000405ff188 [00000000405ff188]	358c8f1a ori    $t4,$t4,0x8f1a
3456 Reg write t4=98000000517f8f1a
3457 PC=0x98000000405ff18c [00000000405ff18c]	959771de lhu    $s7,0x71de($t4)
[va=98000000518000f8 pa=00000000518000f8]
3457 dcache  959771de load  miss refill   pol=3 VA=98000000518000f8 PA=0518000f8 line=07 hitv=00000000 ro=40125376 tag=000000 V=11111111 W=00000000 L=00000000
3457 scache  959771de load  miss refill   pol=3 VA=98000000518000f8 PA=0518000e0 line=007 hitv=0000 ro=2301 tag=00000 V=1111 W=1111
3457 dmemacc: store 8 addr=055b000e0 data=000000004fcb25b8 mask=11111111 cline 
3457 dmemacc: store 8 addr=055b000e8 data=db2c156885b40206 mask=11111111 cline 
3457 dmemacc: store 8 addr=055b000f0 data=9c5c2292daf5dbea mask=11111111 cline 
3457 dmemacc: store 8 addr=055b000f8 data=fffff80000000000 mask=11111111 cline 
3457 Reg write s7=0000000000005a87
3458 icache  959771de load  hit           pol=3 VA=98000000405ff190 PA=0405ff190 line=0c hitv=00001000 ro=45670123 tag=0405ff V=00001111 L=00000000
3458 PC=0x98000000405ff190 [00000000405ff190]	118c0019 beq    $t4,$t4,0x98000000405ff1f8
3459 PC=0x98000000405ff194 [00000000405ff194]	3c049800 lui    $a0,0x9800
3459 Reg write a0=ffffffff98000000
3460 icache  3c049800 load  miss refill   pol=3 VA=98000000405ff1f8 PA=0405ff1f0 line=0f hitv=00000000 ro=45670123 tag=000000 V=00001111 L=00000000
3460 PC=0x98000000405ff1f8 [00000000405ff1f8]	00042438 dsll   $a0,$a0,16
3460 Reg write a0=ffff980000000000
3461 PC=0x98000000405ff1fc [00000000405ff1fc]	3484421f ori    $a0,$a0,0x421f
3461 Reg write a0=ffff98000000421f
3462 icache  3484421f load  miss refill   pol=3 VA=98000000405ff200 PA=0405ff200 line=10 hitv=00000000 ro=23456701 tag=000000 V=00000011 L=00000000
3462 PC=0x98000000405ff200 [00000000405ff200]	00042438 dsll   $a0,$a0,16
3462 Reg write a0=98000000421f0000
3463 PC=0x98000000405ff204 [00000000405ff204]	3484d688 ori    $a0,$a0,0xd688
3463 Reg write a0=98000000421fd688
3464 PC=0x98000000405ff208 [00000000405ff208]	90942a60 lbu    $s4,0x2a60($a0)
[va=98000000422000e8 pa=00000000422000e8]
3464 dcache  90942a60 load  miss refill   pol=3 VA=98000000422000e8 PA=0422000e8 line=07 hitv=00000000 ro=01253764 tag=000000 V=11111111 W=00000000 L=00000000
3464 scache  90942a60 load  miss refill   pol=3 VA=98000000422000e8 PA=0422000e0 line=007 hitv=0000 ro=3012 tag=00000 V=1111 W=1011
3464 dmemacc: store 8 addr=041b000e0 data=98000000512054a6 mask=11111111 cline 
3464 dmemacc: store 8 addr=041b000e8 data=9800000050506e40 mask=11111111 cline 
3464 dmemacc: store 8 addr=041b000f0 data=cc787b990db9493c mask=11111111 cline 
3464 dmemacc: store 8 addr=041b000f8 data=a658e1592f493a52 mask=11111111 cline 
3464 Reg write s4=0000000000000091
3465 PC=0x98000000405ff20c [00000000405ff20c]	3c059800 lui    $a1,0x9800
3465 Reg write a1=ffffffff98000000
3466 icache  3c059800 load  hit           pol=3 VA=98000000405ff210 PA=0405ff210 line=10 hitv=00000100 ro=34567012 tag=0405ff V=00000111 L=00000000
3466 PC=0x98000000405ff210 [00000000405ff210]	00052c38 dsll   $a1,$a1,16
3466 Reg write a1=ffff980000000000
3467 PC=0x98000000405ff214 [00000000405ff214]	34a54170 ori    $a1,$a1,0x4170
3467 Reg write a1=ffff980000004170
3468 PC=0x98000000405ff218 [00000000405ff218]	00052c38 dsll   $a1,$a1,16
3468 Reg write a1=9800000041700000
3469 PC=0x98000000405ff21c [00000000405ff21c]	34a541eb ori    $a1,$a1,0x41eb
3469 Reg write a1=98000000417041eb
3470 icache  34a541eb load  miss refill   pol=3 VA=98000000405ff220 PA=0405ff220 line=11 hitv=00000000 ro=23456701 tag=000000 V=00000011 L=00000000
3470 PC=0x98000000405ff220 [00000000405ff220]	84a4befb lh     $a0,0xffffbefb($a1)
[va=98000000417000e6 pa=00000000417000e6]
3470 dcache  84a4befb load  hit           pol=3 VA=98000000417000e6 PA=0417000e0 line=07 hitv=00100000 ro=12537640 tag=041700 V=11111111 W=00000000 L=00000000
3470 Reg write a0=ffffffffffff9f1a
3471 PC=0x98000000405ff224 [00000000405ff224]	3c0b9800 lui    $t3,0x9800
3471 Reg write t3=ffffffff98000000
3472 PC=0x98000000405ff228 [00000000405ff228]	000b5c38 dsll   $t3,$t3,16
3472 Reg write t3=ffff980000000000
3473 PC=0x98000000405ff22c [00000000405ff22c]	356b451f ori    $t3,$t3,0x451f
3473 Reg write t3=ffff98000000451f
3474 icache  356b451f load  hit           pol=3 VA=98000000405ff230 PA=0405ff230 line=11 hitv=00000100 ro=34567012 tag=0405ff V=00000111 L=00000000
3474 PC=0x98000000405ff230 [00000000405ff230]	000b5c38 dsll   $t3,$t3,16
3474 Reg write t3=98000000451f0000
3475 PC=0x98000000405ff234 [00000000405ff234]	356bd1ed ori    $t3,$t3,0xd1ed
3475 Reg write t3=98000000451fd1ed
3476 PC=0x98000000405ff238 [00000000405ff238]	95682efb lhu    $t0,0x2efb($t3)
[va=98000000452000e8 pa=00000000452000e8]
3476 dcache  95682efb load  miss refill   pol=3 VA=98000000452000e8 PA=0452000e8 line=07 hitv=00000000 ro=12376405 tag=000000 V=11111111 W=00000000 L=00000000
3476 scache  95682efb load  miss refill   pol=3 VA=98000000452000e8 PA=0452000e0 line=007 hitv=0000 ro=0123 tag=00000 V=1111 W=0011
3476 dmemacc: store 8 addr=0575000e0 data=4cde8a51c89dcdd6 mask=11111111 cline 
3476 dmemacc: store 8 addr=0575000e8 data=8228e23b2626be6c mask=11111111 cline 
3476 dmemacc: store 8 addr=0575000f0 data=7fffffffffffffff mask=11111111 cline 
3476 dmemacc: store 8 addr=0575000f8 data=0000000000000000 mask=11111111 cline 
3476 Reg write t0=000000000000005b
3477 PC=0x98000000405ff23c [00000000405ff23c]	3c0b9800 lui    $t3,0x9800
3477 Reg write t3=ffffffff98000000
3478 icache  3c0b9800 load  miss refill   pol=3 VA=98000000405ff240 PA=0405ff240 line=12 hitv=00000000 ro=23456701 tag=000000 V=00000011 L=00000000
3478 PC=0x98000000405ff240 [00000000405ff240]	000b5c38 dsll   $t3,$t3,16
3478 Reg write t3=ffff980000000000
3479 PC=0x98000000405ff244 [00000000405ff244]	356b5050 ori    $t3,$t3,0x5050
3479 Reg write t3=ffff980000005050
3480 PC=0x98000000405ff248 [00000000405ff248]	000b5c38 dsll   $t3,$t3,16
3480 Reg write t3=9800000050500000
3481 PC=0x98000000405ff24c [00000000405ff24c]	356b5821 ori    $t3,$t3,0x5821
3481 Reg write t3=9800000050505821
3482 icache  356b5821 load  hit           pol=3 VA=98000000405ff250 PA=0405ff250 line=12 hitv=00000100 ro=34567012 tag=0405ff V=00000111 L=00000000
3482 PC=0x98000000405ff250 [00000000405ff250]	a567a8dd sh     $a3,0xffffa8dd($t3)
[va=98000000505000fe pa=00000000505000fe]
3482 dcache  a567a8dd store hit           pol=3 VA=98000000505000fe PA=0505000f8 line=07 hitv=10000000 ro=23764051 tag=050500 V=11111111 W=00000000 L=00000000
3482 scache  a567a8dd store miss wo/alloc pol=3 VA=98000000505000fe PA=0505000f8 line=007 hitv=0000 ro=1230 tag=00000 V=1111 W=0010 data=000000000000ffff mask=00000011
3482 dmemacc: store 2 addr=0505000fe data=000000000000ffff mask=00000011 
3483 PC=0x98000000405ff254 [00000000405ff254]	3c119800 lui    $s1,0x9800
3483 Reg write s1=ffffffff98000000
3484 PC=0x98000000405ff258 [00000000405ff258]	00118c38 dsll   $s1,$s1,16
3484 Reg write s1=ffff980000000000
3485 PC=0x98000000405ff25c [00000000405ff25c]	3631424f ori    $s1,$s1,0x424f
3485 Reg write s1=ffff98000000424f
3486 icache  3631424f load  miss refill   pol=3 VA=98000000405ff260 PA=0405ff260 line=13 hitv=00000000 ro=23456701 tag=000000 V=00000011 L=00000000
3486 PC=0x98000000405ff260 [00000000405ff260]	00118c38 dsll   $s1,$s1,16
3486 Reg write s1=98000000424f0000
3487 PC=0x98000000405ff264 [00000000405ff264]	36318b3e ori    $s1,$s1,0x8b3e
3487 Reg write s1=98000000424f8b3e
3488 PC=0x98000000405ff268 [00000000405ff268]	862f75ac lh     $t7,0x75ac($s1)
[va=98000000425000ea pa=00000000425000ea]
3488 dcache  862f75ac load  miss refill   pol=3 VA=98000000425000ea PA=0425000e8 line=07 hitv=00000000 ro=23640517 tag=000000 V=11111111 W=00000000 L=00000000
3488 scache  862f75ac load  miss refill   pol=3 VA=98000000425000ea PA=0425000e0 line=007 hitv=0000 ro=1230 tag=00000 V=1111 W=0010
3488 dmemacc: store 8 addr=0438000e0 data=ffffffffffffffff mask=11111111 cline 
3488 dmemacc: store 8 addr=0438000e8 data=00000000ffffffff mask=11111111 cline 
3488 dmemacc: store 8 addr=0438000f0 data=0000000000000d3a mask=11111111 cline 
3488 dmemacc: store 8 addr=0438000f8 data=1ef6700c6ab17988 mask=11111111 cline 
3488 Reg write t7=0000000000000000
3489 PC=0x98000000405ff26c [00000000405ff26c]	3c159800 lui    $s5,0x9800
3489 Reg write s5=ffffffff98000000
3490 icache  3c159800 load  hit           pol=3 VA=98000000405ff270 PA=0405ff270 line=13 hitv=00000100 ro=34567012 tag=0405ff V=00000111 L=00000000
3490 PC=0x98000000405ff270 [00000000405ff270]	0015ac38 dsll   $s5,$s5,16
3490 Reg write s5=ffff980000000000
3491 PC=0x98000000405ff274 [00000000405ff274]	36b5501f ori    $s5,$s5,0x501f
3491 Reg write s5=ffff98000000501f
3492 PC=0x98000000405ff278 [00000000405ff278]	0015ac38 dsll   $s5,$s5,16
3492 Reg write s5=98000000501f0000
3493 PC=0x98000000405ff27c [00000000405ff27c]	36b5a333 ori    $s5,$s5,0xa333
3493 Reg write s5=98000000501fa333
3494 icache  36b5a333 load  miss refill   pol=3 VA=98000000405ff280 PA=0405ff280 line=14 hitv=00000000 ro=23456701 tag=000000 V=00000011 L=00000000
3494 PC=0x98000000405ff280 [00000000405ff280]	aeb15ce5 sw     $s1,0x5ce5($s5)
[va=9800000050200018 pa=0000000050200018]
3494 dcache  aeb15ce5 store miss w/alloc  pol=3 VA=9800000050200018 PA=050200018 line=00 hitv=00000000 ro=62140753 tag=000000 V=11111111 W=00000000 L=00000000
3494 scache  aeb15ce5 store miss w/alloc  pol=3 VA=9800000050200018 PA=050200018 line=000 hitv=0000 ro=1203 tag=00000 V=1111 W=1000 data=424f8b3e00000000 mask=11110000
3495 PC=0x98000000405ff284 [00000000405ff284]	3c1d9800 lui    $sp,0x9800
3495 Reg write sp=ffffffff98000000
3496 PC=0x98000000405ff288 [00000000405ff288]	001dec38 dsll   $sp,$sp,16
3496 Reg write sp=ffff980000000000
3497 PC=0x98000000405ff28c [00000000405ff28c]	37bd437f ori    $sp,$sp,0x437f
3497 Reg write sp=ffff98000000437f
3498 icache  37bd437f load  hit           pol=3 VA=98000000405ff290 PA=0405ff290 line=14 hitv=00000100 ro=34567012 tag=0405ff V=00000111 L=00000000
3498 PC=0x98000000405ff290 [00000000405ff290]	001dec38 dsll   $sp,$sp,16
3498 Reg write sp=98000000437f0000
3499 PC=0x98000000405ff294 [00000000405ff294]	37bdb156 ori    $sp,$sp,0xb156
3499 Reg write sp=98000000437fb156
3500 PC=0x98000000405ff298 [00000000405ff298]	dfb14ef2 ld     $s1,0x4ef2($sp)
[va=9800000043800048 pa=0000000043800048]
3500 dcache  dfb14ef2 load  hit           pol=3 VA=9800000043800048 PA=043800048 line=02 hitv=00000001 ro=64270351 tag=043800 V=11111111 W=00000000 L=00000000
3500 Reg write s1=3333333333333333
3501 PC=0x98000000405ff29c [00000000405ff29c]	34140013 ori    $s4,$r0,0x13
3501 Reg write s4=0000000000000013
3502 icache  34140013 load  miss refill   pol=3 VA=98000000405ff2a0 PA=0405ff2a0 line=15 hitv=00000000 ro=23456701 tag=000000 V=00000011 L=00000000
3502 PC=0x98000000405ff2a0 [00000000405ff2a0]	0014a6fc dsll32 $s4,$s4,27
3502 Reg write s4=9800000000000000
3503 PC=0x98000000405ff2a4 [00000000405ff2a4]	369433e4 ori    $s4,$s4,0x33e4
3503 Reg write s4=98000000000033e4
3504 PC=0x98000000405ff2a8 [00000000405ff2a8]	0280f809 jalr   $ra,$s4
3504 Reg write ra=98000000405ff2b0
3505 PC=0x98000000405ff2ac [00000000405ff2ac]	3c0c9800 lui    $t4,0x9800
3505 Reg write t4=ffffffff98000000
3506 icache  3c0c9800 load  miss refill   pol=3 VA=98000000000033e4 PA=0000033e0 line=1f hitv=00000000 ro=23456701 tag=000000 V=00000011 L=00000000
3506 PC=0x98000000000033e4 [00000000000033e4]	d47300b0 ldc1   f19,0xb0($v1)
[va=98000000504fffe0 pa=00000000504fffe0]
3506 dcache  d47300b0 load  miss refill   pol=3 VA=98000000504fffe0 PA=0504fffe0 line=7f hitv=00000000 ro=74301265 tag=000000 V=11111111 W=00000000 L=00000000
3506 scache  d47300b0 load  miss refill   pol=3 VA=98000000504fffe0 PA=0504fffe0 line=fff hitv=0000 ro=1230 tag=00000 V=1111 W=0011
3506 dmemacc: store 8 addr=055afffe0 data=ffffffffffffffff mask=11111111 cline 
3506 dmemacc: store 8 addr=055afffe8 data=f99abd13c980bae9 mask=11111111 cline 
3506 dmemacc: store 8 addr=055affff0 data=bd277ed862f88204 mask=11111111 cline 
3506 dmemacc: store 8 addr=055affff8 data=494385fcca2434ff mask=11111111 cline 
3506 Reg write f[19]=0000000000000001  FCSR(fcr31)=6e000000
3507 PC=0x98000000000033e8 [00000000000033e8]	fc7a01e8 sd     $k0,0x1e8($v1)
[va=9800000050500118 pa=0000000050500118]
3507 dcache  fc7a01e8 store hit           pol=3 VA=9800000050500118 PA=050500118 line=08 hitv=00010000 ro=13256704 tag=050500 V=11111111 W=00000000 L=00000000
3507 scache  fc7a01e8 store miss wo/alloc pol=3 VA=9800000050500118 PA=050500118 line=008 hitv=0000 ro=3012 tag=00000 V=1111 W=1110 data=f136b5e4cac3aae1 mask=11111111
3507 dmemacc: store 8 addr=050500118 data=f136b5e4cac3aae1 mask=11111111 
3508 PC=0x98000000000033ec [00000000000033ec]	fc6b0070 sd     $t3,0x70($v1)
[va=98000000504fffa0 pa=00000000504fffa0]
3508 dcache  fc6b0070 store miss w/alloc  pol=3 VA=98000000504fffa0 PA=0504fffa0 line=7d hitv=00000000 ro=17426530 tag=000000 V=11111111 W=00000000 L=00000000
3508 scache  fc6b0070 store miss w/alloc  pol=3 VA=98000000504fffa0 PA=0504fffa0 line=ffd hitv=0000 ro=2310 tag=00000 V=1111 W=1101 data=9800000050505821 mask=11111111
3508 dmemacc: store 8 addr=05aafffa0 data=632d074d6de5fe0f mask=11111111 cline 
3508 dmemacc: store 8 addr=05aafffa8 data=917c5ffff12118fa mask=11111111 cline 
3508 dmemacc: store 8 addr=05aafffb0 data=62d54d37ba4a814c mask=11111111 cline 
3508 dmemacc: store 8 addr=05aafffb8 data=3333333333333333 mask=11111111 cline 
3509 icache  fc6b0070 load  hit           pol=3 VA=98000000000033f0 PA=0000033f0 line=1f hitv=00000100 ro=34567012 tag=000003 V=00000111 L=00000000
3509 PC=0x98000000000033f0 [00000000000033f0]	fc7c01f8 sd     $gp,0x1f8($v1)
[va=9800000050500128 pa=0000000050500128]
3509 dcache  fc7c01f8 store miss w/alloc  pol=3 VA=9800000050500128 PA=050500128 line=09 hitv=00000000 ro=12345670 tag=000000 V=11111111 W=00000000 L=00000000
3509 scache  fc7c01f8 store miss w/alloc  pol=3 VA=9800000050500128 PA=050500128 line=009 hitv=0000 ro=0123 tag=00000 V=1111 W=1101 data=0000000000000000 mask=11111111
3509 dmemacc: store 8 addr=051b00120 data=fe00000000000000 mask=11111111 cline 
3509 dmemacc: store 8 addr=051b00128 data=9232f12d452027ac mask=11111111 cline 
3509 dmemacc: store 8 addr=051b00130 data=c8a3289e62a07213 mask=11111111 cline 
3509 dmemacc: store 8 addr=051b00138 data=4db13edae3b3f6fd mask=11111111 cline 
3510 PC=0x98000000000033f4 [00000000000033f4]	fc6d0080 sd     $t5,0x80($v1)
[va=98000000504fffb0 pa=00000000504fffb0]
3510 dcache  fc6d0080 store hit           pol=3 VA=98000000504fffb0 PA=0504fffb0 line=7d hitv=00000010 ro=74265301 tag=0504ff V=11111111 W=00000000 L=00000000
3510 scache  fc6d0080 store hit           pol=3 VA=98000000504fffb0 PA=0504fffb0 line=ffd hitv=0100 ro=3102 tag=02827 V=1111 W=1101 data=98000000515fd3c6 mask=11111111
3511 PC=0x98000000000033f8 [00000000000033f8]	00000000 nop
3512 PC=0x98000000000033fc [00000000000033fc]	03e00008 jr     $ra
3513 icache  03e00008 load  miss refill   pol=3 VA=9800000000003400 PA=000003400 line=20 hitv=00000000 ro=23456701 tag=000000 V=00000011 L=00000000
3513 PC=0x9800000000003400 [0000000000003400]	d47c01f8 ldc1   f28,0x1f8($v1)
[va=9800000050500128 pa=0000000050500128]
3513 dcache  d47c01f8 load  hit           pol=3 VA=9800000050500128 PA=050500128 line=09 hitv=00000010 ro=23456701 tag=050500 V=11111111 W=00000000 L=00000000
3513 Reg write f[28]=0000000000000000  FCSR(fcr31)=6e000000
3514 icache  d47c01f8 load  hit           pol=3 VA=98000000405ff2b0 PA=0405ff2b0 line=15 hitv=00000100 ro=34567012 tag=0405ff V=00000111 L=00000000
3514 PC=0x98000000405ff2b0 [00000000405ff2b0]	000c6438 dsll   $t4,$t4,16
3514 Reg write t4=ffff980000000000
3515 PC=0x98000000405ff2b4 [00000000405ff2b4]	358c414f ori    $t4,$t4,0x414f
3515 Reg write t4=ffff98000000414f
3516 PC=0x98000000405ff2b8 [00000000405ff2b8]	000c6438 dsll   $t4,$t4,16
3516 Reg write t4=98000000414f0000
3517 PC=0x98000000405ff2bc [00000000405ff2bc]	358cb8bb ori    $t4,$t4,0xb8bb
3517 Reg write t4=98000000414fb8bb
3518 icache  358cb8bb load  miss refill   pol=3 VA=98000000405ff2c0 PA=0405ff2c0 line=16 hitv=00000000 ro=23456701 tag=000000 V=00000011 L=00000000
3518 PC=0x98000000405ff2c0 [00000000405ff2c0]	8587475f lh     $a3,0x475f($t4)
[va=980000004150001a pa=000000004150001a]
3518 dcache  8587475f load  miss refill   pol=3 VA=980000004150001a PA=041500018 line=00 hitv=00000000 ro=21407536 tag=000000 V=11111111 W=00000000 L=00000000
3518 scache  8587475f load  miss refill   pol=3 VA=980000004150001a PA=041500000 line=000 hitv=0000 ro=2031 tag=00000 V=1111 W=1010
3518 Reg write a3=0000000000006e78
3519 PC=0x98000000405ff2c4 [00000000405ff2c4]	3c149800 lui    $s4,0x9800
3519 Reg write s4=ffffffff98000000
3520 PC=0x98000000405ff2c8 [00000000405ff2c8]	0014a438 dsll   $s4,$s4,16
3520 Reg write s4=ffff980000000000
3521 PC=0x98000000405ff2cc [00000000405ff2cc]	36944150 ori    $s4,$s4,0x4150
3521 Reg write s4=ffff980000004150
3522 icache  36944150 load  hit           pol=3 VA=98000000405ff2d0 PA=0405ff2d0 line=16 hitv=00000100 ro=34567012 tag=0405ff V=00000111 L=00000000
3522 PC=0x98000000405ff2d0 [00000000405ff2d0]	0014a438 dsll   $s4,$s4,16
3522 Reg write s4=9800000041500000
3523 PC=0x98000000405ff2d4 [00000000405ff2d4]	369477aa ori    $s4,$s4,0x77aa
3523 Reg write s4=98000000415077aa
3524 PC=0x98000000405ff2d8 [00000000405ff2d8]	92988858 lbu    $t8,0xffff8858($s4)
[va=9800000041500002 pa=0000000041500002]
3524 dcache  92988858 load  hit           pol=3 VA=9800000041500002 PA=041500000 line=00 hitv=00000100 ro=14075362 tag=041500 V=11111111 W=00000000 L=00000000
3524 Reg write t8=0000000000000000
3525 PC=0x98000000405ff2dc [00000000405ff2dc]	3c149800 lui    $s4,0x9800
3525 Reg write s4=ffffffff98000000
3526 icache  3c149800 load  miss refill   pol=3 VA=98000000405ff2e0 PA=0405ff2e0 line=17 hitv=00000000 ro=23456701 tag=000000 V=00000011 L=00000000
3526 PC=0x98000000405ff2e0 [00000000405ff2e0]	0014a438 dsll   $s4,$s4,16
3526 Reg write s4=ffff980000000000
3527 PC=0x98000000405ff2e4 [00000000405ff2e4]	3694416f ori    $s4,$s4,0x416f
3527 Reg write s4=ffff98000000416f
3528 PC=0x98000000405ff2e8 [00000000405ff2e8]	0014a438 dsll   $s4,$s4,16
3528 Reg write s4=98000000416f0000
3529 PC=0x98000000405ff2ec [00000000405ff2ec]	3694ba20 ori    $s4,$s4,0xba20
3529 Reg write s4=98000000416fba20
3530 icache  3694ba20 load  hit           pol=3 VA=98000000405ff2f0 PA=0405ff2f0 line=17 hitv=00000100 ro=34567012 tag=0405ff V=00000111 L=00000000
3530 PC=0x98000000405ff2f0 [00000000405ff2f0]	a68246a6 sh     $v0,0x46a6($s4)
[va=98000000417000c6 pa=00000000417000c6]
3530 dcache  a68246a6 store hit           pol=3 VA=98000000417000c6 PA=0417000c0 line=06 hitv=00010000 ro=01256473 tag=041700 V=11111111 W=00000000 L=00000000
3530 scache  a68246a6 store miss wo/alloc pol=3 VA=98000000417000c6 PA=0417000c0 line=006 hitv=0000 ro=0132 tag=00000 V=1111 W=1111 data=000000000000515b mask=00000011
3530 dmemacc: store 2 addr=0417000c6 data=000000000000515b mask=00000011 
3531 PC=0x98000000405ff2f4 [00000000405ff2f4]	3c129800 lui    $s2,0x9800
3531 Reg write s2=ffffffff98000000
3532 PC=0x98000000405ff2f8 [00000000405ff2f8]	00129438 dsll   $s2,$s2,16
3532 Reg write s2=ffff980000000000
3533 PC=0x98000000405ff2fc [00000000405ff2fc]	36525160 ori    $s2,$s2,0x5160
3533 Reg write s2=ffff980000005160
3534 icache  36525160 load  miss refill   pol=3 VA=98000000405ff300 PA=0405ff300 line=18 hitv=00000000 ro=34567012 tag=000000 V=00000111 L=00000000
3534 PC=0x98000000405ff300 [00000000405ff300]	00129438 dsll   $s2,$s2,16
3534 Reg write s2=9800000051600000
3535 PC=0x98000000405ff304 [00000000405ff304]	36520291 ori    $s2,$s2,0x291
3535 Reg write s2=9800000051600291
3536 PC=0x98000000405ff308 [00000000405ff308]	9256fcc6 lbu    $s6,0xfffffcc6($s2)
[va=98000000515fff57 pa=00000000515fff57]
3536 dcache  9256fcc6 load  miss refill   pol=3 VA=98000000515fff57 PA=0515fff50 line=7a hitv=00000000 ro=35627014 tag=000000 V=11111111 W=00000000 L=00000000
3536 scache  9256fcc6 load  miss refill   pol=3 VA=98000000515fff57 PA=0515fff40 line=ffa hitv=0000 ro=0312 tag=00000 V=1111 W=0011
3536 dmemacc: store 8 addr=055afff40 data=ffffffffffffffff mask=11111111 cline 
3536 dmemacc: store 8 addr=055afff48 data=9f200a77d67a2394 mask=11111111 cline 
3536 dmemacc: store 8 addr=055afff50 data=47006e53a8a365ab mask=11111111 cline 
3536 dmemacc: store 8 addr=055afff58 data=4561e5204b192ef3 mask=11111111 cline 
3536 Reg write s6=000000000000006e
3537 PC=0x98000000405ff30c [00000000405ff30c]	3c0a9800 lui    $t2,0x9800
3537 Reg write t2=ffffffff98000000
3538 icache  3c0a9800 load  hit           pol=3 VA=98000000405ff310 PA=0405ff310 line=18 hitv=00001000 ro=45670123 tag=0405ff V=00001111 L=00000000
3538 PC=0x98000000405ff310 [00000000405ff310]	000a5438 dsll   $t2,$t2,16
3538 Reg write t2=ffff980000000000
3539 PC=0x98000000405ff314 [00000000405ff314]	354a421f ori    $t2,$t2,0x421f
3539 Reg write t2=ffff98000000421f
3540 PC=0x98000000405ff318 [00000000405ff318]	000a5438 dsll   $t2,$t2,16
3540 Reg write t2=98000000421f0000
3541 PC=0x98000000405ff31c [00000000405ff31c]	354ab16c ori    $t2,$t2,0xb16c
3541 Reg write t2=98000000421fb16c
3542 icache  354ab16c load  miss refill   pol=3 VA=98000000405ff320 PA=0405ff320 line=19 hitv=00000000 ro=34567012 tag=000000 V=00000111 L=00000000
3542 PC=0x98000000405ff320 [00000000405ff320]	a5475022 sh     $a3,0x5022($t2)
[va=980000004220018e pa=000000004220018e]
3542 dcache  a5475022 store hit           pol=3 VA=980000004220018e PA=042200188 line=0c hitv=00001000 ro=52671043 tag=042200 V=11111111 W=00000000 L=00000000
3542 scache  a5475022 store hit           pol=3 VA=980000004220018e PA=042200188 line=00c hitv=0001 ro=2130 tag=02110 V=1111 W=0010 data=0000000000006e78 mask=00000011
3543 PC=0x98000000405ff324 [00000000405ff324]	3c159800 lui    $s5,0x9800
3543 Reg write s5=ffffffff98000000
3544 PC=0x98000000405ff328 [00000000405ff328]	0015ac38 dsll   $s5,$s5,16
3544 Reg write s5=ffff980000000000
3545 PC=0x98000000405ff32c [00000000405ff32c]	36b5437f ori    $s5,$s5,0x437f
3545 Reg write s5=ffff98000000437f
3546 icache  36b5437f load  hit           pol=3 VA=98000000405ff330 PA=0405ff330 line=19 hitv=00001000 ro=45670123 tag=0405ff V=00001111 L=00000000
3546 PC=0x98000000405ff330 [00000000405ff330]	0015ac38 dsll   $s5,$s5,16
3546 Reg write s5=98000000437f0000
3547 PC=0x98000000405ff334 [00000000405ff334]	36b5f6db ori    $s5,$s5,0xf6db
3547 Reg write s5=98000000437ff6db
3548 PC=0x98000000405ff338 [00000000405ff338]	feac0965 sd     $t4,0x965($s5)
[va=9800000043800040 pa=0000000043800040]
3548 dcache  feac0965 store hit           pol=3 VA=9800000043800040 PA=043800040 line=02 hitv=00000001 ro=64273510 tag=043800 V=11111111 W=00000000 L=00000000
3548 scache  feac0965 store hit           pol=3 VA=9800000043800040 PA=043800040 line=002 hitv=0001 ro=0321 tag=021c0 V=1111 W=0101 data=98000000414fb8bb mask=11111111
3549 PC=0x98000000405ff33c [00000000405ff33c]	3c059800 lui    $a1,0x9800
3549 Reg write a1=ffffffff98000000
3550 icache  3c059800 load  miss refill   pol=3 VA=98000000405ff340 PA=0405ff340 line=1a hitv=00000000 ro=23456701 tag=000000 V=00000011 L=00000000
3550 PC=0x98000000405ff340 [00000000405ff340]	00052c38 dsll   $a1,$a1,16
3550 Reg write a1=ffff980000000000
3551 PC=0x98000000405ff344 [00000000405ff344]	34a5515f ori    $a1,$a1,0x515f
3551 Reg write a1=ffff98000000515f
3552 PC=0x98000000405ff348 [00000000405ff348]	00052c38 dsll   $a1,$a1,16
3552 Reg write a1=98000000515f0000
3553 PC=0x98000000405ff34c [00000000405ff34c]	34a5e535 ori    $a1,$a1,0xe535
3553 Reg write a1=98000000515fe535
3554 icache  34a5e535 load  hit           pol=3 VA=98000000405ff350 PA=0405ff350 line=1a hitv=00000100 ro=34567012 tag=0405ff V=00000111 L=00000000
3554 PC=0x98000000405ff350 [00000000405ff350]	9cad1a1f lwu    $t5,0x1a1f($a1)
[va=98000000515fff54 pa=00000000515fff54]
3554 dcache  9cad1a1f load  hit           pol=3 VA=98000000515fff54 PA=0515fff50 line=7a hitv=00001000 ro=56270143 tag=0515ff V=11111111 W=00000000 L=00000000
3554 Reg write t5=0000000031a2686e
3555 PC=0x98000000405ff354 [00000000405ff354]	3c049800 lui    $a0,0x9800
3555 Reg write a0=ffffffff98000000
3556 PC=0x98000000405ff358 [00000000405ff358]	00042438 dsll   $a0,$a0,16
3556 Reg write a0=ffff980000000000
3557 PC=0x98000000405ff35c [00000000405ff35c]	348454af ori    $a0,$a0,0x54af
3557 Reg write a0=ffff9800000054af
3558 icache  348454af load  miss refill   pol=3 VA=98000000405ff360 PA=0405ff360 line=1b hitv=00000000 ro=23456701 tag=000000 V=00000011 L=00000000
3558 PC=0x98000000405ff360 [00000000405ff360]	00042438 dsll   $a0,$a0,16
3558 Reg write a0=9800000054af0000
3559 PC=0x98000000405ff364 [00000000405ff364]	3484ff50 ori    $a0,$a0,0xff50
3559 Reg write a0=9800000054afff50
3560 PC=0x98000000405ff368 [00000000405ff368]	3c059800 lui    $a1,0x9800
3560 Reg write a1=ffffffff98000000
3561 PC=0x98000000405ff36c [00000000405ff36c]	00052c38 dsll   $a1,$a1,16
3561 Reg write a1=ffff980000000000
3562 icache  00052c38 load  hit           pol=3 VA=98000000405ff370 PA=0405ff370 line=1b hitv=00000100 ro=34567012 tag=0405ff V=00000111 L=00000000
3562 PC=0x98000000405ff370 [00000000405ff370]	34a5437f ori    $a1,$a1,0x437f
3562 Reg write a1=ffff98000000437f
3563 PC=0x98000000405ff374 [00000000405ff374]	00052c38 dsll   $a1,$a1,16
3563 Reg write a1=98000000437f0000
3564 PC=0x98000000405ff378 [00000000405ff378]	34a5ff60 ori    $a1,$a1,0xff60
3564 Reg write a1=98000000437fff60
3565 PC=0x98000000405ff37c [00000000405ff37c]	24060003 addiu  $a2,$r0,0x3
3565 Reg write a2=0000000000000003
3566 icache  24060003 load  miss refill   pol=3 VA=98000000405ff380 PA=0405ff380 line=1c hitv=00000000 ro=23456701 tag=000000 V=00000011 L=00000000
3566 PC=0x98000000405ff380 [00000000405ff380]	dca90008 ld     $t1,0x8($a1)
[va=98000000437fff68 pa=00000000437fff68]
3566 dcache  dca90008 load  miss refill   pol=3 VA=98000000437fff68 PA=0437fff68 line=7b hitv=00000000 ro=02531476 tag=000000 V=11111111 W=00000000 L=00000000
3566 scache  dca90008 load  miss refill   pol=3 VA=98000000437fff68 PA=0437fff60 line=ffb hitv=0000 ro=3120 tag=00000 V=1111 W=0011
3566 Reg write t1=976995712cefd7bc
3567 PC=0x98000000405ff384 [00000000405ff384]	fc8affd0 sd     $t2,0xffffffd0($a0)
[va=9800000054afff20 pa=0000000054afff20]
3567 dcache  fc8affd0 store miss w/alloc  pol=3 VA=9800000054afff20 PA=054afff20 line=79 hitv=00000000 ro=70234516 tag=000000 V=11111111 W=00000000 L=00000000
3567 scache  fc8affd0 store miss w/alloc  pol=3 VA=9800000054afff20 PA=054afff20 line=ff9 hitv=0000 ro=2013 tag=00000 V=1111 W=0011 data=98000000421fb16c mask=11111111
3568 PC=0x98000000405ff388 [00000000405ff388]	dca90038 ld     $t1,0x38($a1)
[va=98000000437fff98 pa=00000000437fff98]
3568 dcache  dca90038 load  miss refill   pol=3 VA=98000000437fff98 PA=0437fff98 line=7c hitv=00000000 ro=54062137 tag=000000 V=11111111 W=00000000 L=00000000
3568 scache  dca90038 load  miss refill   pol=3 VA=98000000437fff98 PA=0437fff80 line=ffc hitv=0000 ro=1230 tag=00000 V=1111 W=1010
3568 dmemacc: store 8 addr=055afff80 data=ffffffffffffd368 mask=11111111 cline 
3568 dmemacc: store 8 addr=055afff88 data=51ebec892f19ac78 mask=11111111 cline 
3568 dmemacc: store 8 addr=055afff90 data=ffffffffffffffff mask=11111111 cline 
3568 dmemacc: store 8 addr=055afff98 data=9097632b29c8fc88 mask=11111111 cline 
3568 Reg write t1=a75a7e30ac28bb01
3569 PC=0x98000000405ff38c [00000000405ff38c]	fc89fff8 sd     $t1,0xfffffff8($a0)
[va=9800000054afff48 pa=0000000054afff48]
3569 dcache  fc89fff8 store miss w/alloc  pol=3 VA=9800000054afff48 PA=054afff48 line=7a hitv=00000000 ro=56270143 tag=000000 V=11111111 W=00000000 L=00000000
3569 scache  fc89fff8 store miss w/alloc  pol=3 VA=9800000054afff48 PA=054afff48 line=ffa hitv=0000 ro=3120 tag=00000 V=1111 W=0010 data=a75a7e30ac28bb01 mask=11111111
3570 icache  fc89fff8 load  hit           pol=3 VA=98000000405ff390 PA=0405ff390 line=1c hitv=00000100 ro=34567012 tag=0405ff V=00000111 L=00000000
3570 PC=0x98000000405ff390 [00000000405ff390]	64a50040 daddiu $a1,$a1,0x40
3570 Reg write a1=98000000437fffa0
3571 PC=0x98000000405ff394 [00000000405ff394]	fc88fff0 sd     $t0,0xfffffff0($a0)
[va=9800000054afff40 pa=0000000054afff40]
3571 dcache  fc88fff0 store hit           pol=3 VA=9800000054afff40 PA=054afff40 line=7a hitv=00100000 ro=62701435 tag=054aff V=11111111 W=00000000 L=00000000
3571 scache  fc88fff0 store hit           pol=3 VA=9800000054afff40 PA=054afff40 line=ffa hitv=1000 ro=1203 tag=02a57 V=1111 W=1010 data=000000000000005b mask=11111111
3572 PC=0x98000000405ff398 [00000000405ff398]	dcaa0010 ld     $t2,0x10($a1)
[va=98000000437fffb0 pa=00000000437fffb0]
3572 dcache  dcaa0010 load  miss refill   pol=3 VA=98000000437fffb0 PA=0437fffb0 line=7d hitv=00000000 ro=74265301 tag=000000 V=11111111 W=00000000 L=00000000
3572 scache  dcaa0010 load  miss refill   pol=3 VA=98000000437fffb0 PA=0437fffa0 line=ffd hitv=0000 ro=3102 tag=00000 V=1111 W=1101
3572 dmemacc: store 8 addr=055afffa0 data=9800000055afff00 mask=11111111 cline 
3572 dmemacc: store 8 addr=055afffa8 data=ffffffffffffffff mask=11111111 cline 
3572 dmemacc: store 8 addr=055afffb0 data=f83e0f83e0f83e0f mask=11111111 cline 
3572 dmemacc: store 8 addr=055afffb8 data=9446a674adcffcf5 mask=11111111 cline 
3572 Reg write t2=1e68cf2268c7912d
3573 PC=0x98000000405ff39c [00000000405ff39c]	fc890008 sd     $t1,0x8($a0)
[va=9800000054afff58 pa=0000000054afff58]
3573 dcache  fc890008 store hit           pol=3 VA=9800000054afff58 PA=054afff58 line=7a hitv=00100000 ro=62701435 tag=054aff V=11111111 W=00000000 L=00000000
3573 scache  fc890008 store hit           pol=3 VA=9800000054afff58 PA=054afff58 line=ffa hitv=1000 ro=1203 tag=02a57 V=1111 W=1010 data=a75a7e30ac28bb01 mask=11111111
3574 icache  fc890008 load  miss refill   pol=3 VA=98000000405ff3a0 PA=0405ff3a0 line=1d hitv=00000000 ro=34567012 tag=000000 V=00000111 L=00000000
3574 PC=0x98000000405ff3a0 [00000000405ff3a0]	fc8cffe0 sd     $t4,0xffffffe0($a0)
[va=9800000054afff30 pa=0000000054afff30]
3574 dcache  fc8cffe0 store hit           pol=3 VA=9800000054afff30 PA=054afff30 line=79 hitv=10000000 ro=02345167 tag=054aff V=11111111 W=00000000 L=00000000
3574 scache  fc8cffe0 store hit           pol=3 VA=9800000054afff30 PA=054afff30 line=ff9 hitv=0100 ro=0132 tag=02a57 V=1111 W=0111 data=98000000414fb8bb mask=11111111
3575 PC=0x98000000405ff3a4 [00000000405ff3a4]	fc8fffe8 sd     $t7,0xffffffe8($a0)
[va=9800000054afff38 pa=0000000054afff38]
3575 dcache  fc8fffe8 store hit           pol=3 VA=9800000054afff38 PA=054afff38 line=79 hitv=10000000 ro=02345167 tag=054aff V=11111111 W=00000000 L=00000000
3575 scache  fc8fffe8 store hit           pol=3 VA=9800000054afff38 PA=054afff38 line=ff9 hitv=0100 ro=0132 tag=02a57 V=1111 W=0111 data=0000000000000000 mask=11111111
3576 PC=0x98000000405ff3a8 [00000000405ff3a8]	fc880000 sd     $t0,0x0($a0)
[va=9800000054afff50 pa=0000000054afff50]
3576 dcache  fc880000 store hit           pol=3 VA=9800000054afff50 PA=054afff50 line=7a hitv=00100000 ro=62701435 tag=054aff V=11111111 W=00000000 L=00000000
3576 scache  fc880000 store hit           pol=3 VA=9800000054afff50 PA=054afff50 line=ffa hitv=1000 ro=1203 tag=02a57 V=1111 W=1010 data=000000000000005b mask=11111111
3577 PC=0x98000000405ff3ac [00000000405ff3ac]	dca80030 ld     $t0,0x30($a1)
[va=98000000437fffd0 pa=00000000437fffd0]
3577 dcache  dca80030 load  hit           pol=3 VA=98000000437fffd0 PA=0437fffd0 line=7e hitv=01000000 ro=12375640 tag=0437ff V=11111111 W=00000000 L=00000000
3577 Reg write t0=7543ecbe3df2939e
3578 icache  dca80030 load  hit           pol=3 VA=98000000405ff3b0 PA=0405ff3b0 line=1d hitv=00001000 ro=45670123 tag=0405ff V=00001111 L=00000000
3578 PC=0x98000000405ff3b0 [00000000405ff3b0]	dcab0018 ld     $t3,0x18($a1)
[va=98000000437fffb8 pa=00000000437fffb8]
3578 dcache  dcab0018 load  hit           pol=3 VA=98000000437fffb8 PA=0437fffb8 line=7d hitv=10000000 ro=42653017 tag=0437ff V=11111111 W=00000000 L=00000000
3578 Reg write t3=5555555555555555
3579 PC=0x98000000405ff3b4 [00000000405ff3b4]	dcaf0028 ld     $t7,0x28($a1)
[va=98000000437fffc8 pa=00000000437fffc8]
3579 dcache  dcaf0028 load  hit           pol=3 VA=98000000437fffc8 PA=0437fffc8 line=7e hitv=01000000 ro=12375406 tag=0437ff V=11111111 W=00000000 L=00000000
3579 Reg write t7=7b9c5ad1675f19b9
3580 PC=0x98000000405ff3b8 [00000000405ff3b8]	64840040 daddiu $a0,$a0,0x40
3580 Reg write a0=9800000054afff90
3581 PC=0x98000000405ff3bc [00000000405ff3bc]	fc8bffd8 sd     $t3,0xffffffd8($a0)
[va=9800000054afff68 pa=0000000054afff68]
3581 dcache  fc8bffd8 store miss w/alloc  pol=3 VA=9800000054afff68 PA=054afff68 line=7b hitv=00000000 ro=25314760 tag=000000 V=11111111 W=00000000 L=00000000
3581 scache  fc8bffd8 store miss w/alloc  pol=3 VA=9800000054afff68 PA=054afff68 line=ffb hitv=0000 ro=1203 tag=00000 V=1111 W=0011 data=5555555555555555 mask=11111111
3581 dmemacc: store 8 addr=055afff60 data=9800000051b04f5a mask=11111111 cline 
3581 dmemacc: store 8 addr=055afff68 data=3c93a785271b7c35 mask=11111111 cline 
3581 dmemacc: store 8 addr=055afff70 data=05a6e3e394d2f44f mask=11111111 cline 
3581 dmemacc: store 8 addr=055afff78 data=fff0007ffc001fff mask=11111111 cline 
3582 icache  fc8bffd8 load  miss refill   pol=3 VA=98000000405ff3c0 PA=0405ff3c0 line=1e hitv=00000000 ro=34567012 tag=000000 V=00000111 L=00000000
3582 PC=0x98000000405ff3c0 [00000000405ff3c0]	dcac0020 ld     $t4,0x20($a1)
[va=98000000437fffc0 pa=00000000437fffc0]
3582 dcache  dcac0020 load  hit           pol=3 VA=98000000437fffc0 PA=0437fffc0 line=7e hitv=01000000 ro=12375406 tag=0437ff V=11111111 W=00000000 L=00000000
3582 Reg write t4=06dda7e73e876dfb
3583 PC=0x98000000405ff3c4 [00000000405ff3c4]	64c6ffff daddiu $a2,$a2,0xffff
3583 Reg write a2=0000000000000002
3584 PC=0x98000000405ff3c8 [00000000405ff3c8]	14c0ffed bne    $a2,$r0,0x98000000405ff380
3585 PC=0x98000000405ff3cc [00000000405ff3cc]	dca80000 ld     $t0,0x0($a1)
[va=98000000437fffa0 pa=00000000437fffa0]
3585 dcache  dca80000 load  hit           pol=3 VA=98000000437fffa0 PA=0437fffa0 line=7d hitv=10000000 ro=42653017 tag=0437ff V=11111111 W=00000000 L=00000000
3585 Reg write t0=ffffffffffffffff
3586 icache  dca80000 load  hit           pol=3 VA=98000000405ff380 PA=0405ff380 line=1c hitv=00000100 ro=34567012 tag=0405ff V=00000111 L=00000000
3586 PC=0x98000000405ff380 [00000000405ff380]	dca90008 ld     $t1,0x8($a1)
[va=98000000437fffa8 pa=00000000437fffa8]
3586 dcache  dca90008 load  hit           pol=3 VA=98000000437fffa8 PA=0437fffa8 line=7d hitv=10000000 ro=42653017 tag=0437ff V=11111111 W=00000000 L=00000000
3586 Reg write t1=af4784df8b115274
3587 PC=0x98000000405ff384 [00000000405ff384]	fc8affd0 sd     $t2,0xffffffd0($a0)
[va=9800000054afff60 pa=0000000054afff60]
3587 dcache  fc8affd0 store hit           pol=3 VA=9800000054afff60 PA=054afff60 line=7b hitv=00000100 ro=53147602 tag=054aff V=11111111 W=00000000 L=00000000
3587 scache  fc8affd0 store hit           pol=3 VA=9800000054afff60 PA=054afff60 line=ffb hitv=0010 ro=2031 tag=02a57 V=1111 W=0011 data=1e68cf2268c7912d mask=11111111
3588 PC=0x98000000405ff388 [00000000405ff388]	dca90038 ld     $t1,0x38($a1)
[va=98000000437fffd8 pa=00000000437fffd8]
3588 dcache  dca90038 load  hit           pol=3 VA=98000000437fffd8 PA=0437fffd8 line=7e hitv=01000000 ro=12375406 tag=0437ff V=11111111 W=00000000 L=00000000
3588 Reg write t1=aaaaaaaaaaaaaaaa
3589 PC=0x98000000405ff38c [00000000405ff38c]	fc89fff8 sd     $t1,0xfffffff8($a0)
[va=9800000054afff88 pa=0000000054afff88]
3589 dcache  fc89fff8 store miss w/alloc  pol=3 VA=9800000054afff88 PA=054afff88 line=7c hitv=00000000 ro=40621375 tag=000000 V=11111111 W=00000000 L=00000000
3589 scache  fc89fff8 store miss w/alloc  pol=3 VA=9800000054afff88 PA=054afff88 line=ffc hitv=0000 ro=2301 tag=00000 V=1111 W=1000 data=aaaaaaaaaaaaaaaa mask=11111111
3590 icache  fc89fff8 load  hit           pol=3 VA=98000000405ff390 PA=0405ff390 line=1c hitv=00000100 ro=34567012 tag=0405ff V=00000111 L=00000000
3590 PC=0x98000000405ff390 [00000000405ff390]	64a50040 daddiu $a1,$a1,0x40
3590 Reg write a1=98000000437fffe0
3591 PC=0x98000000405ff394 [00000000405ff394]	fc88fff0 sd     $t0,0xfffffff0($a0)
[va=9800000054afff80 pa=0000000054afff80]
3591 dcache  fc88fff0 store hit           pol=3 VA=9800000054afff80 PA=054afff80 line=7c hitv=00010000 ro=06213754 tag=054aff V=11111111 W=00000000 L=00000000
3591 scache  fc88fff0 store hit           pol=3 VA=9800000054afff80 PA=054afff80 line=ffc hitv=0100 ro=3012 tag=02a57 V=1111 W=1100 data=ffffffffffffffff mask=11111111
3592 PC=0x98000000405ff398 [00000000405ff398]	dcaa0010 ld     $t2,0x10($a1)
[va=98000000437ffff0 pa=00000000437ffff0]
3592 dcache  dcaa0010 load  hit           pol=3 VA=98000000437ffff0 PA=0437ffff0 line=7f hitv=00000010 ro=43012657 tag=0437ff V=11111111 W=00000000 L=00000000
3592 Reg write t2=0000000000000001
3593 PC=0x98000000405ff39c [00000000405ff39c]	fc890008 sd     $t1,0x8($a0)
[va=9800000054afff98 pa=0000000054afff98]
3593 dcache  fc890008 store hit           pol=3 VA=9800000054afff98 PA=054afff98 line=7c hitv=00010000 ro=06213754 tag=054aff V=11111111 W=00000000 L=00000000
3593 scache  fc890008 store hit           pol=3 VA=9800000054afff98 PA=054afff98 line=ffc hitv=0100 ro=3012 tag=02a57 V=1111 W=1100 data=aaaaaaaaaaaaaaaa mask=11111111
3594 icache  fc890008 load  hit           pol=3 VA=98000000405ff3a0 PA=0405ff3a0 line=1d hitv=00001000 ro=45670123 tag=0405ff V=00001111 L=00000000
3594 PC=0x98000000405ff3a0 [00000000405ff3a0]	fc8cffe0 sd     $t4,0xffffffe0($a0)
[va=9800000054afff70 pa=0000000054afff70]
3594 dcache  fc8cffe0 store hit           pol=3 VA=9800000054afff70 PA=054afff70 line=7b hitv=00000100 ro=53147602 tag=054aff V=11111111 W=00000000 L=00000000
3594 scache  fc8cffe0 store hit           pol=3 VA=9800000054afff70 PA=054afff70 line=ffb hitv=0010 ro=2031 tag=02a57 V=1111 W=0011 data=06dda7e73e876dfb mask=11111111
3595 PC=0x98000000405ff3a4 [00000000405ff3a4]	fc8fffe8 sd     $t7,0xffffffe8($a0)
[va=9800000054afff78 pa=0000000054afff78]
3595 dcache  fc8fffe8 store hit           pol=3 VA=9800000054afff78 PA=054afff78 line=7b hitv=00000100 ro=53147602 tag=054aff V=11111111 W=00000000 L=00000000
3595 scache  fc8fffe8 store hit           pol=3 VA=9800000054afff78 PA=054afff78 line=ffb hitv=0010 ro=2031 tag=02a57 V=1111 W=0011 data=7b9c5ad1675f19b9 mask=11111111
3596 PC=0x98000000405ff3a8 [00000000405ff3a8]	fc880000 sd     $t0,0x0($a0)
[va=9800000054afff90 pa=0000000054afff90]
3596 dcache  fc880000 store hit           pol=3 VA=9800000054afff90 PA=054afff90 line=7c hitv=00010000 ro=06213754 tag=054aff V=11111111 W=00000000 L=00000000
3596 scache  fc880000 store hit           pol=3 VA=9800000054afff90 PA=054afff90 line=ffc hitv=0100 ro=3012 tag=02a57 V=1111 W=1100 data=ffffffffffffffff mask=11111111
3597 PC=0x98000000405ff3ac [00000000405ff3ac]	dca80030 ld     $t0,0x30($a1)
[va=9800000043800010 pa=0000000043800010]
3597 dcache  dca80030 load  hit           pol=3 VA=9800000043800010 PA=043800010 line=00 hitv=00000001 ro=14075362 tag=043800 V=11111111 W=00000000 L=00000000
3597 Reg write t0=f7582b33fad4eadd
3598 icache  dca80030 load  hit           pol=3 VA=98000000405ff3b0 PA=0405ff3b0 line=1d hitv=00001000 ro=45670123 tag=0405ff V=00001111 L=00000000
3598 PC=0x98000000405ff3b0 [00000000405ff3b0]	dcab0018 ld     $t3,0x18($a1)
[va=98000000437ffff8 pa=00000000437ffff8]
3598 dcache  dcab0018 load  hit           pol=3 VA=98000000437ffff8 PA=0437ffff8 line=7f hitv=00000010 ro=43026571 tag=0437ff V=11111111 W=00000000 L=00000000
3598 Reg write t3=1f2728489901bc5c
3599 PC=0x98000000405ff3b4 [00000000405ff3b4]	dcaf0028 ld     $t7,0x28($a1)
[va=9800000043800008 pa=0000000043800008]
3599 dcache  dcaf0028 load  hit           pol=3 VA=9800000043800008 PA=043800008 line=00 hitv=00000001 ro=14753620 tag=043800 V=11111111 W=00000000 L=00000000
3599 Reg write t7=3333333333333333
3600 PC=0x98000000405ff3b8 [00000000405ff3b8]	64840040 daddiu $a0,$a0,0x40
3600 Reg write a0=9800000054afffd0
3601 PC=0x98000000405ff3bc [00000000405ff3bc]	fc8bffd8 sd     $t3,0xffffffd8($a0)
[va=9800000054afffa8 pa=0000000054afffa8]
3601 dcache  fc8bffd8 store miss w/alloc  pol=3 VA=9800000054afffa8 PA=054afffa8 line=7d hitv=00000000 ro=42653017 tag=000000 V=11111111 W=00000000 L=00000000
3601 scache  fc8bffd8 store miss w/alloc  pol=3 VA=9800000054afffa8 PA=054afffa8 line=ffd hitv=0000 ro=1023 tag=00000 V=1111 W=0101 data=1f2728489901bc5c mask=11111111
3602 icache  fc8bffd8 load  hit           pol=3 VA=98000000405ff3c0 PA=0405ff3c0 line=1e hitv=00001000 ro=45670123 tag=0405ff V=00001111 L=00000000
3602 PC=0x98000000405ff3c0 [00000000405ff3c0]	dcac0020 ld     $t4,0x20($a1)
[va=9800000043800000 pa=0000000043800000]
3602 dcache  dcac0020 load  hit           pol=3 VA=9800000043800000 PA=043800000 line=00 hitv=00000001 ro=14753620 tag=043800 V=11111111 W=00000000 L=00000000
3602 Reg write t4=98000000504fff30
3603 PC=0x98000000405ff3c4 [00000000405ff3c4]	64c6ffff daddiu $a2,$a2,0xffff
3603 Reg write a2=0000000000000001
3604 PC=0x98000000405ff3c8 [00000000405ff3c8]	14c0ffed bne    $a2,$r0,0x98000000405ff380
3605 PC=0x98000000405ff3cc [00000000405ff3cc]	dca80000 ld     $t0,0x0($a1)
[va=98000000437fffe0 pa=00000000437fffe0]
3605 dcache  dca80000 load  hit           pol=3 VA=98000000437fffe0 PA=0437fffe0 line=7f hitv=00000010 ro=43026571 tag=0437ff V=11111111 W=00000000 L=00000000
3605 Reg write t0=1fffffffffffffff
3606 icache  dca80000 load  hit           pol=3 VA=98000000405ff380 PA=0405ff380 line=1c hitv=00000100 ro=34567012 tag=0405ff V=00000111 L=00000000
3606 PC=0x98000000405ff380 [00000000405ff380]	dca90008 ld     $t1,0x8($a1)
[va=98000000437fffe8 pa=00000000437fffe8]
3606 dcache  dca90008 load  hit           pol=3 VA=98000000437fffe8 PA=0437fffe8 line=7f hitv=00000010 ro=43026571 tag=0437ff V=11111111 W=00000000 L=00000000
3606 Reg write t1=fffffe0000000000
3607 PC=0x98000000405ff384 [00000000405ff384]	fc8affd0 sd     $t2,0xffffffd0($a0)
[va=9800000054afffa0 pa=0000000054afffa0]
3607 dcache  fc8affd0 store hit           pol=3 VA=9800000054afffa0 PA=054afffa0 line=7d hitv=00010000 ro=26530174 tag=054aff V=11111111 W=00000000 L=00000000
3607 scache  fc8affd0 store hit           pol=3 VA=9800000054afffa0 PA=054afffa0 line=ffd hitv=0010 ro=0231 tag=02a57 V=1111 W=0111 data=0000000000000001 mask=11111111
3608 PC=0x98000000405ff388 [00000000405ff388]	dca90038 ld     $t1,0x38($a1)
[va=9800000043800018 pa=0000000043800018]
3608 dcache  dca90038 load  hit           pol=3 VA=9800000043800018 PA=043800018 line=00 hitv=00000001 ro=14753620 tag=043800 V=11111111 W=00000000 L=00000000
3608 Reg write t1=3333333333333333
3609 PC=0x98000000405ff38c [00000000405ff38c]	fc89fff8 sd     $t1,0xfffffff8($a0)
[va=9800000054afffc8 pa=0000000054afffc8]
3609 dcache  fc89fff8 store miss w/alloc  pol=3 VA=9800000054afffc8 PA=054afffc8 line=7e hitv=00000000 ro=12375406 tag=000000 V=11111111 W=00000000 L=00000000
3609 scache  fc89fff8 store miss w/alloc  pol=3 VA=9800000054afffc8 PA=054afffc8 line=ffe hitv=0000 ro=3102 tag=00000 V=1111 W=1100 data=3333333333333333 mask=11111111
3609 dmemacc: store 8 addr=055afffc0 data=980000005ab00140 mask=11111111 cline 
3609 dmemacc: store 8 addr=055afffc8 data=c4b3e5ca16cf042f mask=11111111 cline 
3609 dmemacc: store 8 addr=055afffd0 data=ffffffffffffffff mask=11111111 cline 
3609 dmemacc: store 8 addr=055afffd8 data=7d1e7d3c5be86017 mask=11111111 cline 
3610 icache  fc89fff8 load  hit           pol=3 VA=98000000405ff390 PA=0405ff390 line=1c hitv=00000100 ro=34567012 tag=0405ff V=00000111 L=00000000
3610 PC=0x98000000405ff390 [00000000405ff390]	64a50040 daddiu $a1,$a1,0x40
3610 Reg write a1=9800000043800020
3611 PC=0x98000000405ff394 [00000000405ff394]	fc88fff0 sd     $t0,0xfffffff0($a0)
[va=9800000054afffc0 pa=0000000054afffc0]
3611 dcache  fc88fff0 store hit           pol=3 VA=9800000054afffc0 PA=054afffc0 line=7e hitv=00000010 ro=23754061 tag=054aff V=11111111 W=00000000 L=00000000
3611 scache  fc88fff0 store hit           pol=3 VA=9800000054afffc0 PA=054afffc0 line=ffe hitv=1000 ro=1023 tag=02a57 V=1111 W=1100 data=1fffffffffffffff mask=11111111
3612 PC=0x98000000405ff398 [00000000405ff398]	dcaa0010 ld     $t2,0x10($a1)
[va=9800000043800030 pa=0000000043800030]
3612 dcache  dcaa0010 load  hit           pol=3 VA=9800000043800030 PA=043800030 line=01 hitv=10000000 ro=14507623 tag=043800 V=11111111 W=00000000 L=00000000
3612 Reg write t2=0000000000000001
3613 PC=0x98000000405ff39c [00000000405ff39c]	fc890008 sd     $t1,0x8($a0)
[va=9800000054afffd8 pa=0000000054afffd8]
3613 dcache  fc890008 store hit           pol=3 VA=9800000054afffd8 PA=054afffd8 line=7e hitv=00000010 ro=23754061 tag=054aff V=11111111 W=00000000 L=00000000
3613 scache  fc890008 store hit           pol=3 VA=9800000054afffd8 PA=054afffd8 line=ffe hitv=1000 ro=1023 tag=02a57 V=1111 W=1100 data=3333333333333333 mask=11111111
3614 icache  fc890008 load  hit           pol=3 VA=98000000405ff3a0 PA=0405ff3a0 line=1d hitv=00001000 ro=45670123 tag=0405ff V=00001111 L=00000000
3614 PC=0x98000000405ff3a0 [00000000405ff3a0]	fc8cffe0 sd     $t4,0xffffffe0($a0)
[va=9800000054afffb0 pa=0000000054afffb0]
3614 dcache  fc8cffe0 store hit           pol=3 VA=9800000054afffb0 PA=054afffb0 line=7d hitv=00010000 ro=26530174 tag=054aff V=11111111 W=00000000 L=00000000
3614 scache  fc8cffe0 store hit           pol=3 VA=9800000054afffb0 PA=054afffb0 line=ffd hitv=0010 ro=0231 tag=02a57 V=1111 W=0111 data=98000000504fff30 mask=11111111
3615 PC=0x98000000405ff3a4 [00000000405ff3a4]	fc8fffe8 sd     $t7,0xffffffe8($a0)
[va=9800000054afffb8 pa=0000000054afffb8]
3615 dcache  fc8fffe8 store hit           pol=3 VA=9800000054afffb8 PA=054afffb8 line=7d hitv=00010000 ro=26530174 tag=054aff V=11111111 W=00000000 L=00000000
3615 scache  fc8fffe8 store hit           pol=3 VA=9800000054afffb8 PA=054afffb8 line=ffd hitv=0010 ro=0231 tag=02a57 V=1111 W=0111 data=3333333333333333 mask=11111111
3616 PC=0x98000000405ff3a8 [00000000405ff3a8]	fc880000 sd     $t0,0x0($a0)
[va=9800000054afffd0 pa=0000000054afffd0]
3616 dcache  fc880000 store hit           pol=3 VA=9800000054afffd0 PA=054afffd0 line=7e hitv=00000010 ro=23754061 tag=054aff V=11111111 W=00000000 L=00000000
3616 scache  fc880000 store hit           pol=3 VA=9800000054afffd0 PA=054afffd0 line=ffe hitv=1000 ro=1023 tag=02a57 V=1111 W=1100 data=1fffffffffffffff mask=11111111
3617 PC=0x98000000405ff3ac [00000000405ff3ac]	dca80030 ld     $t0,0x30($a1)
[va=9800000043800050 pa=0000000043800050]
3617 dcache  dca80030 load  hit           pol=3 VA=9800000043800050 PA=043800050 line=02 hitv=00000001 ro=64273510 tag=043800 V=11111111 W=00000000 L=00000000
3617 Reg write t0=f7582b33fad4eadd
3618 icache  dca80030 load  hit           pol=3 VA=98000000405ff3b0 PA=0405ff3b0 line=1d hitv=00001000 ro=45670123 tag=0405ff V=00001111 L=00000000
3618 PC=0x98000000405ff3b0 [00000000405ff3b0]	dcab0018 ld     $t3,0x18($a1)
[va=9800000043800038 pa=0000000043800038]
3618 dcache  dcab0018 load  hit           pol=3 VA=9800000043800038 PA=043800038 line=01 hitv=10000000 ro=14506237 tag=043800 V=11111111 W=00000000 L=00000000
3618 Reg write t3=1f2728489901bc5c
3619 PC=0x98000000405ff3b4 [00000000405ff3b4]	dcaf0028 ld     $t7,0x28($a1)
[va=9800000043800048 pa=0000000043800048]
3619 dcache  dcaf0028 load  hit           pol=3 VA=9800000043800048 PA=043800048 line=02 hitv=00000001 ro=64273510 tag=043800 V=11111111 W=00000000 L=00000000
3619 Reg write t7=3333333333333333
3620 PC=0x98000000405ff3b8 [00000000405ff3b8]	64840040 daddiu $a0,$a0,0x40
3620 Reg write a0=9800000054b00010
3621 PC=0x98000000405ff3bc [00000000405ff3bc]	fc8bffd8 sd     $t3,0xffffffd8($a0)
[va=9800000054afffe8 pa=0000000054afffe8]
3621 dcache  fc8bffd8 store miss w/alloc  pol=3 VA=9800000054afffe8 PA=054afffe8 line=7f hitv=00000000 ro=43026571 tag=000000 V=11111111 W=00000000 L=00000000
3621 scache  fc8bffd8 store miss w/alloc  pol=3 VA=9800000054afffe8 PA=054afffe8 line=fff hitv=0000 ro=2301 tag=00000 V=1111 W=0001 data=1f2728489901bc5c mask=11111111
3622 icache  fc8bffd8 load  hit           pol=3 VA=98000000405ff3c0 PA=0405ff3c0 line=1e hitv=00001000 ro=45670123 tag=0405ff V=00001111 L=00000000
3622 PC=0x98000000405ff3c0 [00000000405ff3c0]	dcac0020 ld     $t4,0x20($a1)
[va=9800000043800040 pa=0000000043800040]
3622 dcache  dcac0020 load  hit           pol=3 VA=9800000043800040 PA=043800040 line=02 hitv=00000001 ro=64273510 tag=043800 V=11111111 W=00000000 L=00000000
3622 Reg write t4=98000000414fb8bb
3623 PC=0x98000000405ff3c4 [00000000405ff3c4]	64c6ffff daddiu $a2,$a2,0xffff
3623 Reg write a2=0000000000000000
3624 PC=0x98000000405ff3c8 [00000000405ff3c8]	14c0ffed bne    $a2,$r0,0x98000000405ff380
3625 PC=0x98000000405ff3cc [00000000405ff3cc]	dca80000 ld     $t0,0x0($a1)
[va=9800000043800020 pa=0000000043800020]
3625 dcache  dca80000 load  hit           pol=3 VA=9800000043800020 PA=043800020 line=01 hitv=10000000 ro=14506237 tag=043800 V=11111111 W=00000000 L=00000000
3625 Reg write t0=98000000504fff30
3626 icache  dca80000 load  hit           pol=3 VA=98000000405ff3d0 PA=0405ff3d0 line=1e hitv=00001000 ro=45670123 tag=0405ff V=00001111 L=00000000
3626 PC=0x98000000405ff3d0 [00000000405ff3d0]	00000000 nop
3627 PC=0x98000000405ff3d4 [00000000405ff3d4]	3c049800 lui    $a0,0x9800
3627 Reg write a0=ffffffff98000000
3628 PC=0x98000000405ff3d8 [00000000405ff3d8]	00042438 dsll   $a0,$a0,16
3628 Reg write a0=ffff980000000000
3629 PC=0x98000000405ff3dc [00000000405ff3dc]	3484400f ori    $a0,$a0,0x400f
3629 Reg write a0=ffff98000000400f
3630 icache  3484400f load  miss refill   pol=3 VA=98000000405ff3e0 PA=0405ff3e0 line=1f hitv=00000000 ro=34567012 tag=000000 V=00000111 L=00000000
3630 PC=0x98000000405ff3e0 [00000000405ff3e0]	00042438 dsll   $a0,$a0,16
3630 Reg write a0=98000000400f0000
3631 PC=0x98000000405ff3e4 [00000000405ff3e4]	3484e03c ori    $a0,$a0,0xe03c
3631 Reg write a0=98000000400fe03c
3632 PC=0x98000000405ff3e8 [00000000405ff3e8]	00800008 jr     $a0
3633 PC=0x98000000405ff3ec [00000000405ff3ec]	00000000 nop
3634 icache  00000000 load  miss refill   pol=3 VA=98000000400fe03c PA=0400fe030 line=01 hitv=00000000 ro=56701234 tag=000000 V=00011111 L=00000000
3634 PC=0x98000000400fe03c [00000000400fe03c]	3c089800 lui    $t0,0x9800
3634 Reg write t0=ffffffff98000000
3635 icache  3c089800 load  miss refill   pol=3 VA=98000000400fe040 PA=0400fe040 line=02 hitv=00000000 ro=56701234 tag=000000 V=00011111 L=00000000
3635 PC=0x98000000400fe040 [00000000400fe040]	00084438 dsll   $t0,$t0,16
3635 Reg write t0=ffff980000000000
3636 PC=0x98000000400fe044 [00000000400fe044]	350846b0 ori    $t0,$t0,0x46b0
3636 Reg write t0=ffff9800000046b0
3637 PC=0x98000000400fe048 [00000000400fe048]	00084438 dsll   $t0,$t0,16
3637 Reg write t0=9800000046b00000
3638 PC=0x98000000400fe04c [00000000400fe04c]	350800f0 ori    $t0,$t0,0xf0
3638 Reg write t0=9800000046b000f0
3639 icache  350800f0 load  hit           pol=3 VA=98000000400fe050 PA=0400fe050 line=02 hitv=00100000 ro=67012345 tag=0400fe V=00111111 L=00000000
3639 PC=0x98000000400fe050 [00000000400fe050]	240a0005 addiu  $t2,$r0,0x5
3639 Reg write t2=0000000000000005
3640 PC=0x98000000400fe054 [00000000400fe054]	fd0bfff0 sd     $t3,0xfffffff0($t0)
[va=9800000046b000e0 pa=0000000046b000e0]
3640 dcache  fd0bfff0 store miss w/alloc  pol=3 VA=9800000046b000e0 PA=046b000e0 line=07 hitv=00000000 ro=36405172 tag=000000 V=11111111 W=00000000 L=00000000
3640 scache  fd0bfff0 store miss w/alloc  pol=3 VA=9800000046b000e0 PA=046b000e0 line=007 hitv=0000 ro=2301 tag=00000 V=1111 W=0000 data=1f2728489901bc5c mask=11111111
3641 PC=0x98000000400fe058 [00000000400fe058]	65080020 daddiu $t0,$t0,0x20
3641 Reg write t0=9800000046b00110
3642 PC=0x98000000400fe05c [00000000400fe05c]	1540fffd bne    $t2,$r0,0x98000000400fe054
3643 icache  1540fffd load  miss refill   pol=3 VA=98000000400fe060 PA=0400fe060 line=03 hitv=00000000 ro=56701234 tag=000000 V=00011111 L=00000000
3643 PC=0x98000000400fe060 [00000000400fe060]	254affff addiu  $t2,$t2,0xffff
3643 Reg write t2=0000000000000004
3644 icache  254affff load  hit           pol=3 VA=98000000400fe054 PA=0400fe050 line=02 hitv=00100000 ro=67012345 tag=0400fe V=00111111 L=00000000
3644 PC=0x98000000400fe054 [00000000400fe054]	fd0bfff0 sd     $t3,0xfffffff0($t0)
[va=9800000046b00100 pa=0000000046b00100]
3644 dcache  fd0bfff0 store miss w/alloc  pol=3 VA=9800000046b00100 PA=046b00100 line=08 hitv=00000000 ro=13256704 tag=000000 V=11111111 W=00000000 L=00000000
3644 scache  fd0bfff0 store miss w/alloc  pol=3 VA=9800000046b00100 PA=046b00100 line=008 hitv=0000 ro=3012 tag=00000 V=1111 W=1110 data=1f2728489901bc5c mask=11111111
3644 dmemacc: store 8 addr=051600100 data=98000000515fcbea mask=11111111 cline 
3644 dmemacc: store 8 addr=051600108 data=000000001a6e448f mask=11111111 cline 
3644 dmemacc: store 8 addr=051600110 data=a741780c5707d696 mask=11111111 cline 
3644 dmemacc: store 8 addr=051600118 data=2fe680c7b6e0a138 mask=11111111 cline 
3645 PC=0x98000000400fe058 [00000000400fe058]	65080020 daddiu $t0,$t0,0x20
3645 Reg write t0=9800000046b00130
3646 PC=0x98000000400fe05c [00000000400fe05c]	1540fffd bne    $t2,$r0,0x98000000400fe054
3647 icache  1540fffd load  hit           pol=3 VA=98000000400fe060 PA=0400fe060 line=03 hitv=00100000 ro=67012345 tag=0400fe V=00111111 L=00000000
3647 PC=0x98000000400fe060 [00000000400fe060]	254affff addiu  $t2,$t2,0xffff
3647 Reg write t2=0000000000000003
3648 icache  254affff load  hit           pol=3 VA=98000000400fe054 PA=0400fe050 line=02 hitv=00100000 ro=67012345 tag=0400fe V=00111111 L=00000000
3648 PC=0x98000000400fe054 [00000000400fe054]	fd0bfff0 sd     $t3,0xfffffff0($t0)
[va=9800000046b00120 pa=0000000046b00120]
3648 dcache  fd0bfff0 store miss w/alloc  pol=3 VA=9800000046b00120 PA=046b00120 line=09 hitv=00000000 ro=23456701 tag=000000 V=11111111 W=00000000 L=00000000
3648 scache  fd0bfff0 store miss w/alloc  pol=3 VA=9800000046b00120 PA=046b00120 line=009 hitv=0000 ro=1230 tag=00000 V=1111 W=1101 data=1f2728489901bc5c mask=11111111
3649 PC=0x98000000400fe058 [00000000400fe058]	65080020 daddiu $t0,$t0,0x20
3649 Reg write t0=9800000046b00150
3650 PC=0x98000000400fe05c [00000000400fe05c]	1540fffd bne    $t2,$r0,0x98000000400fe054
3651 icache  1540fffd load  hit           pol=3 VA=98000000400fe060 PA=0400fe060 line=03 hitv=00100000 ro=67012345 tag=0400fe V=00111111 L=00000000
3651 PC=0x98000000400fe060 [00000000400fe060]	254affff addiu  $t2,$t2,0xffff
3651 Reg write t2=0000000000000002
3652 icache  254affff load  hit           pol=3 VA=98000000400fe054 PA=0400fe050 line=02 hitv=00100000 ro=67012345 tag=0400fe V=00111111 L=00000000
3652 PC=0x98000000400fe054 [00000000400fe054]	fd0bfff0 sd     $t3,0xfffffff0($t0)
[va=9800000046b00140 pa=0000000046b00140]
3652 dcache  fd0bfff0 store miss w/alloc  pol=3 VA=9800000046b00140 PA=046b00140 line=0a hitv=00000000 ro=45163072 tag=000000 V=11111111 W=00000000 L=00000000
3652 scache  fd0bfff0 store miss w/alloc  pol=3 VA=9800000046b00140 PA=046b00140 line=00a hitv=0000 ro=0231 tag=00000 V=1111 W=1011 data=1f2728489901bc5c mask=11111111
3652 dmemacc: store 8 addr=04b200140 data=980000004a500060 mask=11111111 cline 
3652 dmemacc: store 8 addr=04b200148 data=77a1ecba3c947f5e mask=11111111 cline 
3652 dmemacc: store 8 addr=04b200150 data=280d8820257604b4 mask=11111111 cline 
3652 dmemacc: store 8 addr=04b200158 data=ec615512427e1d40 mask=11111111 cline 
3653 PC=0x98000000400fe058 [00000000400fe058]	65080020 daddiu $t0,$t0,0x20
3653 Reg write t0=9800000046b00170
3654 PC=0x98000000400fe05c [00000000400fe05c]	1540fffd bne    $t2,$r0,0x98000000400fe054
3655 icache  1540fffd load  hit           pol=3 VA=98000000400fe060 PA=0400fe060 line=03 hitv=00100000 ro=67012345 tag=0400fe V=00111111 L=00000000
3655 PC=0x98000000400fe060 [00000000400fe060]	254affff addiu  $t2,$t2,0xffff
3655 Reg write t2=0000000000000001
3656 icache  254affff load  hit           pol=3 VA=98000000400fe054 PA=0400fe050 line=02 hitv=00100000 ro=67012345 tag=0400fe V=00111111 L=00000000
3656 PC=0x98000000400fe054 [00000000400fe054]	fd0bfff0 sd     $t3,0xfffffff0($t0)
[va=9800000046b00160 pa=0000000046b00160]
3656 dcache  fd0bfff0 store miss w/alloc  pol=3 VA=9800000046b00160 PA=046b00160 line=0b hitv=00000000 ro=01436527 tag=000000 V=11111111 W=00000000 L=00000000
3656 scache  fd0bfff0 store miss w/alloc  pol=3 VA=9800000046b00160 PA=046b00160 line=00b hitv=0000 ro=0132 tag=00000 V=1111 W=1110 data=1f2728489901bc5c mask=11111111
3657 PC=0x98000000400fe058 [00000000400fe058]	65080020 daddiu $t0,$t0,0x20
3657 Reg write t0=9800000046b00190
3658 PC=0x98000000400fe05c [00000000400fe05c]	1540fffd bne    $t2,$r0,0x98000000400fe054
3659 icache  1540fffd load  hit           pol=3 VA=98000000400fe060 PA=0400fe060 line=03 hitv=00100000 ro=67012345 tag=0400fe V=00111111 L=00000000
3659 PC=0x98000000400fe060 [00000000400fe060]	254affff addiu  $t2,$t2,0xffff
3659 Reg write t2=0000000000000000
3660 icache  254affff load  hit           pol=3 VA=98000000400fe054 PA=0400fe050 line=02 hitv=00100000 ro=67012345 tag=0400fe V=00111111 L=00000000
3660 PC=0x98000000400fe054 [00000000400fe054]	fd0bfff0 sd     $t3,0xfffffff0($t0)
[va=9800000046b00180 pa=0000000046b00180]
3660 dcache  fd0bfff0 store miss w/alloc  pol=3 VA=9800000046b00180 PA=046b00180 line=0c hitv=00000000 ro=52671043 tag=000000 V=11111111 W=00000000 L=00000000
3660 scache  fd0bfff0 store miss w/alloc  pol=3 VA=9800000046b00180 PA=046b00180 line=00c hitv=0000 ro=2130 tag=00000 V=1111 W=0011 data=1f2728489901bc5c mask=11111111
3661 PC=0x98000000400fe058 [00000000400fe058]	65080020 daddiu $t0,$t0,0x20
3661 Reg write t0=9800000046b001b0
3662 PC=0x98000000400fe05c [00000000400fe05c]	1540fffd bne    $t2,$r0,0x98000000400fe054
3663 icache  1540fffd load  hit           pol=3 VA=98000000400fe060 PA=0400fe060 line=03 hitv=00100000 ro=67012345 tag=0400fe V=00111111 L=00000000
3663 PC=0x98000000400fe060 [00000000400fe060]	254affff addiu  $t2,$t2,0xffff
3663 Reg write t2=ffffffffffffffff
3664 PC=0x98000000400fe064 [00000000400fe064]	3c069800 lui    $a2,0x9800
3664 Reg write a2=ffffffff98000000
3665 PC=0x98000000400fe068 [00000000400fe068]	00063438 dsll   $a2,$a2,16
3665 Reg write a2=ffff980000000000
3666 PC=0x98000000400fe06c [00000000400fe06c]	34c64320 ori    $a2,$a2,0x4320
3666 Reg write a2=ffff980000004320
3667 icache  34c64320 load  hit           pol=3 VA=98000000400fe070 PA=0400fe070 line=03 hitv=00100000 ro=67012345 tag=0400fe V=00111111 L=00000000
3667 PC=0x98000000400fe070 [00000000400fe070]	00063438 dsll   $a2,$a2,16
3667 Reg write a2=9800000043200000
3668 PC=0x98000000400fe074 [00000000400fe074]	34c63e6f ori    $a2,$a2,0x3e6f
3668 Reg write a2=9800000043203e6f
3669 PC=0x98000000400fe078 [00000000400fe078]	accbc281 sw     $t3,0xffffc281($a2)
[va=98000000432000f0 pa=00000000432000f0]
3669 dcache  accbc281 store miss w/alloc  pol=3 VA=98000000432000f0 PA=0432000f0 line=07 hitv=00000000 ro=64051723 tag=000000 V=11111111 W=00000000 L=00000000
3669 scache  accbc281 store miss w/alloc  pol=3 VA=98000000432000f0 PA=0432000f0 line=007 hitv=0000 ro=3012 tag=00000 V=1111 W=0100 data=9901bc5c00000000 mask=11110000
3670 PC=0x98000000400fe07c [00000000400fe07c]	3c089800 lui    $t0,0x9800
3670 Reg write t0=ffffffff98000000
3671 icache  3c089800 load  miss refill   pol=3 VA=98000000400fe080 PA=0400fe080 line=04 hitv=00000000 ro=56701234 tag=000000 V=00011111 L=00000000
3671 PC=0x98000000400fe080 [00000000400fe080]	00084438 dsll   $t0,$t0,16
3671 Reg write t0=ffff980000000000
3672 PC=0x98000000400fe084 [00000000400fe084]	3508416f ori    $t0,$t0,0x416f
3672 Reg write t0=ffff98000000416f
3673 PC=0x98000000400fe088 [00000000400fe088]	00084438 dsll   $t0,$t0,16
3673 Reg write t0=98000000416f0000
3674 PC=0x98000000400fe08c [00000000400fe08c]	3508fce7 ori    $t0,$t0,0xfce7
3674 Reg write t0=98000000416ffce7
3675 icache  3508fce7 load  hit           pol=3 VA=98000000400fe090 PA=0400fe090 line=04 hitv=00100000 ro=67012345 tag=0400fe V=00111111 L=00000000
3675 PC=0x98000000400fe090 [00000000400fe090]	ad140321 sw     $s4,0x321($t0)
[va=9800000041700008 pa=0000000041700008]
3675 dcache  ad140321 store hit           pol=3 VA=9800000041700008 PA=041700008 line=00 hitv=00100000 ro=14753620 tag=041700 V=11111111 W=00000000 L=00000000
3675 scache  ad140321 store hit           pol=3 VA=9800000041700008 PA=041700008 line=000 hitv=0001 ro=0312 tag=020b8 V=1111 W=1010 data=416fba2000000000 mask=11110000
3676 PC=0x98000000400fe094 [00000000400fe094]	3c169800 lui    $s6,0x9800
3676 Reg write s6=ffffffff98000000
3677 PC=0x98000000400fe098 [00000000400fe098]	0016b438 dsll   $s6,$s6,16
3677 Reg write s6=ffff980000000000
3678 PC=0x98000000400fe09c [00000000400fe09c]	36d64170 ori    $s6,$s6,0x4170
3678 Reg write s6=ffff980000004170
3679 icache  36d64170 load  miss refill   pol=3 VA=98000000400fe0a0 PA=0400fe0a0 line=05 hitv=00000000 ro=67012354 tag=000000 V=00111111 L=00000000
3679 PC=0x98000000400fe0a0 [00000000400fe0a0]	0016b438 dsll   $s6,$s6,16
3679 Reg write s6=9800000041700000
3680 PC=0x98000000400fe0a4 [00000000400fe0a4]	36d60e5d ori    $s6,$s6,0xe5d
3680 Reg write s6=9800000041700e5d
3681 PC=0x98000000400fe0a8 [00000000400fe0a8]	a6d8f1ab sh     $t8,0xfffff1ab($s6)
[va=9800000041700008 pa=0000000041700008]
3681 dcache  a6d8f1ab store hit           pol=3 VA=9800000041700008 PA=041700008 line=00 hitv=00100000 ro=14736205 tag=041700 V=11111111 W=00000000 L=00000000
3681 scache  a6d8f1ab store hit           pol=3 VA=9800000041700008 PA=041700008 line=000 hitv=0001 ro=3120 tag=020b8 V=1111 W=1011 data=0000000000000000 mask=11000000
3682 PC=0x98000000400fe0ac [00000000400fe0ac]	3c169800 lui    $s6,0x9800
3682 Reg write s6=ffffffff98000000
3683 icache  3c169800 load  hit           pol=3 VA=98000000400fe0b0 PA=0400fe0b0 line=05 hitv=01000000 ro=70123546 tag=0400fe V=01111111 L=00000000
3683 PC=0x98000000400fe0b0 [00000000400fe0b0]	0016b438 dsll   $s6,$s6,16
3683 Reg write s6=ffff980000000000
3684 PC=0x98000000400fe0b4 [00000000400fe0b4]	36d6437f ori    $s6,$s6,0x437f
3684 Reg write s6=ffff98000000437f
3685 PC=0x98000000400fe0b8 [00000000400fe0b8]	0016b438 dsll   $s6,$s6,16
3685 Reg write s6=98000000437f0000
3686 PC=0x98000000400fe0bc [00000000400fe0bc]	36d6993e ori    $s6,$s6,0x993e
3686 Reg write s6=98000000437f993e
3687 icache  36d6993e load  miss refill   pol=3 VA=98000000400fe0c0 PA=0400fe0c0 line=06 hitv=00000000 ro=67012345 tag=000000 V=00111111 L=00000000
3687 PC=0x98000000400fe0c0 [00000000400fe0c0]	92c866d4 lbu    $t0,0x66d4($s6)
[va=9800000043800012 pa=0000000043800012]
3687 dcache  92c866d4 load  hit           pol=3 VA=9800000043800012 PA=043800010 line=00 hitv=00000001 ro=14736205 tag=043800 V=11111111 W=00000000 L=00000000
3687 Reg write t0=000000000000002b
3688 PC=0x98000000400fe0c4 [00000000400fe0c4]	3c189800 lui    $t8,0x9800
3688 Reg write t8=ffffffff98000000
3689 PC=0x98000000400fe0c8 [00000000400fe0c8]	0018c438 dsll   $t8,$t8,16
3689 Reg write t8=ffff980000000000
3690 PC=0x98000000400fe0cc [00000000400fe0cc]	37184380 ori    $t8,$t8,0x4380
3690 Reg write t8=ffff980000004380
3691 icache  37184380 load  hit           pol=3 VA=98000000400fe0d0 PA=0400fe0d0 line=06 hitv=01000000 ro=70123456 tag=0400fe V=01111111 L=00000000
3691 PC=0x98000000400fe0d0 [00000000400fe0d0]	0018c438 dsll   $t8,$t8,16
3691 Reg write t8=9800000043800000
3692 PC=0x98000000400fe0d4 [00000000400fe0d4]	371868fc ori    $t8,$t8,0x68fc
3692 Reg write t8=98000000438068fc
3693 PC=0x98000000400fe0d8 [00000000400fe0d8]	a30c96ab sb     $t4,0xffff96ab($t8)
[va=98000000437fffa7 pa=00000000437fffa7]
3693 dcache  a30c96ab store hit           pol=3 VA=98000000437fffa7 PA=0437fffa0 line=7d hitv=10000000 ro=26530174 tag=0437ff V=11111111 W=00000000 L=00000000
3693 scache  a30c96ab store hit           pol=3 VA=98000000437fffa7 PA=0437fffa0 line=ffd hitv=1000 ro=0231 tag=021bf V=1111 W=0111 data=00000000000000bb mask=00000001
3694 PC=0x98000000400fe0dc [00000000400fe0dc]	34100013 ori    $s0,$r0,0x13
3694 Reg write s0=0000000000000013
3695 icache  34100013 load  miss refill   pol=3 VA=98000000400fe0e0 PA=0400fe0e0 line=07 hitv=00000000 ro=45670123 tag=000000 V=00001111 L=00000000
3695 PC=0x98000000400fe0e0 [00000000400fe0e0]	001086fc dsll32 $s0,$s0,27
3695 Reg write s0=9800000000000000
3696 PC=0x98000000400fe0e4 [00000000400fe0e4]	36103fa4 ori    $s0,$s0,0x3fa4
3696 Reg write s0=9800000000003fa4
3697 PC=0x98000000400fe0e8 [00000000400fe0e8]	0200f809 jalr   $ra,$s0
3697 Reg write ra=98000000400fe0f0
3698 PC=0x98000000400fe0ec [00000000400fe0ec]	3c199800 lui    $t9,0x9800
3698 Reg write t9=ffffffff98000000
3699 icache  3c199800 load  miss refill   pol=3 VA=9800000000003fa4 PA=000003fa0 line=7d hitv=00000000 ro=23456701 tag=000000 V=00000011 L=00000000
3699 PC=0x9800000000003fa4 [0000000000003fa4]	fc780228 sd     $t8,0x228($v1)
[va=9800000050500158 pa=0000000050500158]
3699 dcache  fc780228 store hit           pol=3 VA=9800000050500158 PA=050500158 line=0a hitv=00001000 ro=51630724 tag=050500 V=11111111 W=00000000 L=00000000
3699 scache  fc780228 store miss wo/alloc pol=3 VA=9800000050500158 PA=050500158 line=00a hitv=0000 ro=2310 tag=00000 V=1111 W=1011 data=98000000438068fc mask=11111111
3699 dmemacc: store 8 addr=050500158 data=98000000438068fc mask=11111111 
3700 PC=0x9800000000003fa8 [0000000000003fa8]	fc6c0288 sd     $t4,0x288($v1)
[va=98000000505001b8 pa=00000000505001b8]
3700 dcache  fc6c0288 store hit           pol=3 VA=98000000505001b8 PA=0505001b8 line=0d hitv=00000001 ro=13567402 tag=050500 V=11111111 W=00000000 L=00000000
3700 scache  fc6c0288 store hit           pol=3 VA=98000000505001b8 PA=0505001b8 line=00d hitv=1000 ro=0123 tag=02828 V=1111 W=0101 data=98000000414fb8bb mask=11111111
3701 PC=0x9800000000003fac [0000000000003fac]	fc7500c0 sd     $s5,0xc0($v1)
[va=98000000504ffff0 pa=00000000504ffff0]
3701 dcache  fc7500c0 store hit           pol=3 VA=98000000504ffff0 PA=0504ffff0 line=7f hitv=10000000 ro=30265714 tag=0504ff V=11111111 W=00000000 L=00000000
3701 scache  fc7500c0 store hit           pol=3 VA=98000000504ffff0 PA=0504ffff0 line=fff hitv=0010 ro=3012 tag=02827 V=1111 W=0101 data=98000000437ff6db mask=11111111
3702 icache  fc7500c0 load  hit           pol=3 VA=9800000000003fb0 PA=000003fb0 line=7d hitv=00000100 ro=34567012 tag=000003 V=00000111 L=00000000
3702 PC=0x9800000000003fb0 [0000000000003fb0]	fc630030 sd     $v1,0x30($v1)
[va=98000000504fff60 pa=00000000504fff60]
3702 dcache  fc630030 store miss w/alloc  pol=3 VA=98000000504fff60 PA=0504fff60 line=7b hitv=00000000 ro=53147602 tag=000000 V=11111111 W=00000000 L=00000000
3702 scache  fc630030 store miss w/alloc  pol=3 VA=98000000504fff60 PA=0504fff60 line=ffb hitv=0000 ro=2031 tag=00000 V=1111 W=0011 data=98000000504fff30 mask=11111111
3703 PC=0x9800000000003fb4 [0000000000003fb4]	fc6202d8 sd     $v0,0x2d8($v1)
[va=9800000050500208 pa=0000000050500208]
3703 dcache  fc6202d8 store miss w/alloc  pol=3 VA=9800000050500208 PA=050500208 line=10 hitv=00000000 ro=12345670 tag=000000 V=00000001 W=00000000 L=00000000
3703 scache  fc6202d8 store miss w/alloc  pol=3 VA=9800000050500208 PA=050500208 line=010 hitv=0000 ro=0123 tag=00000 V=0000 W=0000 data=a2b828f58782515b mask=11111111
3704 PC=0x9800000000003fb8 [0000000000003fb8]	00000000 nop
3705 PC=0x9800000000003fbc [0000000000003fbc]	03e00008 jr     $ra
3706 icache  03e00008 load  miss refill   pol=3 VA=9800000000003fc0 PA=000003fc0 line=7e hitv=00000000 ro=23456701 tag=000000 V=00000011 L=00000000
3706 PC=0x9800000000003fc0 [0000000000003fc0]	d4780228 ldc1   f24,0x228($v1)
[va=9800000050500158 pa=0000000050500158]
3706 dcache  d4780228 load  hit           pol=3 VA=9800000050500158 PA=050500158 line=0a hitv=00001000 ro=51607243 tag=050500 V=11111111 W=00000000 L=00000000
3706 Reg write f[24]=98000000438068fc  FCSR(fcr31)=6e000000
3707 icache  d4780228 load  hit           pol=3 VA=98000000400fe0f0 PA=0400fe0f0 line=07 hitv=00010000 ro=56701234 tag=0400fe V=00011111 L=00000000
3707 PC=0x98000000400fe0f0 [00000000400fe0f0]	0019cc38 dsll   $t9,$t9,16
3707 Reg write t9=ffff980000000000
3708 PC=0x98000000400fe0f4 [00000000400fe0f4]	3739414f ori    $t9,$t9,0x414f
3708 Reg write t9=ffff98000000414f
3709 PC=0x98000000400fe0f8 [00000000400fe0f8]	0019cc38 dsll   $t9,$t9,16
3709 Reg write t9=98000000414f0000
3710 PC=0x98000000400fe0fc [00000000400fe0fc]	37398354 ori    $t9,$t9,0x8354
3710 Reg write t9=98000000414f8354
3711 icache  37398354 load  miss refill   pol=3 VA=98000000400fe100 PA=0400fe100 line=08 hitv=00000000 ro=45670123 tag=000000 V=00001111 L=00000000
3711 PC=0x98000000400fe100 [00000000400fe100]	df337e14 ld     $s3,0x7e14($t9)
[va=9800000041500168 pa=0000000041500168]
3711 dcache  df337e14 load  hit           pol=3 VA=9800000041500168 PA=041500168 line=0b hitv=00001000 ro=14365270 tag=041500 V=11111111 W=00000000 L=00000000
3711 Reg write s3=4170436b3093d18e
3712 PC=0x98000000400fe104 [00000000400fe104]	3c159800 lui    $s5,0x9800
3712 Reg write s5=ffffffff98000000
3713 PC=0x98000000400fe108 [00000000400fe108]	0015ac38 dsll   $s5,$s5,16
3713 Reg write s5=ffff980000000000
3714 PC=0x98000000400fe10c [00000000400fe10c]	36b5501f ori    $s5,$s5,0x501f
3714 Reg write s5=ffff98000000501f
3715 icache  36b5501f load  hit           pol=3 VA=98000000400fe110 PA=0400fe110 line=08 hitv=00010000 ro=56701234 tag=0400fe V=00011111 L=00000000
3715 PC=0x98000000400fe110 [00000000400fe110]	0015ac38 dsll   $s5,$s5,16
3715 Reg write s5=98000000501f0000
3716 PC=0x98000000400fe114 [00000000400fe114]	36b5d469 ori    $s5,$s5,0xd469
3716 Reg write s5=98000000501fd469
3717 PC=0x98000000400fe118 [00000000400fe118]	96b02c83 lhu    $s0,0x2c83($s5)
[va=98000000502000ec pa=00000000502000ec]
3717 dcache  96b02c83 load  miss refill   pol=3 VA=98000000502000ec PA=0502000e8 line=07 hitv=00000000 ro=40517236 tag=000000 V=11111111 W=00000000 L=00000000
3717 scache  96b02c83 load  miss refill   pol=3 VA=98000000502000ec PA=0502000e0 line=007 hitv=0000 ro=0123 tag=00000 V=1111 W=1100
3717 Reg write s0=000000000000ffff
3718 PC=0x98000000400fe11c [00000000400fe11c]	3c1d9800 lui    $sp,0x9800
3718 Reg write sp=ffffffff98000000
3719 icache  3c1d9800 load  miss refill   pol=3 VA=98000000400fe120 PA=0400fe120 line=09 hitv=00000000 ro=45670123 tag=000000 V=00001111 L=00000000
3719 PC=0x98000000400fe120 [00000000400fe120]	001dec38 dsll   $sp,$sp,16
3719 Reg write sp=ffff980000000000
3720 PC=0x98000000400fe124 [00000000400fe124]	37bd501f ori    $sp,$sp,0x501f
3720 Reg write sp=ffff98000000501f
3721 PC=0x98000000400fe128 [00000000400fe128]	001dec38 dsll   $sp,$sp,16
3721 Reg write sp=98000000501f0000
3722 PC=0x98000000400fe12c [00000000400fe12c]	37bd8cd3 ori    $sp,$sp,0x8cd3
3722 Reg write sp=98000000501f8cd3
3723 icache  37bd8cd3 load  hit           pol=3 VA=98000000400fe130 PA=0400fe130 line=09 hitv=00010000 ro=56701234 tag=0400fe V=00011111 L=00000000
3723 PC=0x98000000400fe130 [00000000400fe130]	8fa77415 lw     $a3,0x7415($sp)
[va=98000000502000e8 pa=00000000502000e8]
3723 dcache  8fa77415 load  hit           pol=3 VA=98000000502000e8 PA=0502000e8 line=07 hitv=00010000 ro=05172364 tag=050200 V=11111111 W=00000000 L=00000000
3723 Reg write a3=ffffffffffffffff
3724 PC=0x98000000400fe134 [00000000400fe134]	3c189800 lui    $t8,0x9800
3724 Reg write t8=ffffffff98000000
3725 PC=0x98000000400fe138 [00000000400fe138]	0018c438 dsll   $t8,$t8,16
3725 Reg write t8=ffff980000000000
3726 PC=0x98000000400fe13c [00000000400fe13c]	37184150 ori    $t8,$t8,0x4150
3726 Reg write t8=ffff980000004150
3727 icache  37184150 load  miss refill   pol=3 VA=98000000400fe140 PA=0400fe140 line=0a hitv=00000000 ro=56701324 tag=000000 V=00011111 L=00000000
3727 PC=0x98000000400fe140 [00000000400fe140]	0018c438 dsll   $t8,$t8,16
3727 Reg write t8=9800000041500000
3728 PC=0x98000000400fe144 [00000000400fe144]	37187d69 ori    $t8,$t8,0x7d69
3728 Reg write t8=9800000041507d69
3729 PC=0x98000000400fe148 [00000000400fe148]	af018403 sw     $r1,0xffff8403($t8)
[va=980000004150016c pa=000000004150016c]
3729 dcache  af018403 store hit           pol=3 VA=980000004150016c PA=041500168 line=0b hitv=00001000 ro=14652703 tag=041500 V=11111111 W=00000000 L=00000000
3729 scache  af018403 store miss wo/alloc pol=3 VA=980000004150016c PA=041500168 line=00b hitv=0000 ro=1320 tag=00000 V=1111 W=1111 data=00000000517f8899 mask=00001111
3729 dmemacc: store 4 addr=04150016c data=00000000517f8899 mask=00001111 
3730 PC=0x98000000400fe14c [00000000400fe14c]	3c0e9800 lui    $t6,0x9800
3730 Reg write t6=ffffffff98000000
3731 icache  3c0e9800 load  hit           pol=3 VA=98000000400fe150 PA=0400fe150 line=0a hitv=00100000 ro=67013245 tag=0400fe V=00111111 L=00000000
3731 PC=0x98000000400fe150 [00000000400fe150]	000e7438 dsll   $t6,$t6,16
3731 Reg write t6=ffff980000000000
3732 PC=0x98000000400fe154 [00000000400fe154]	35ce437f ori    $t6,$t6,0x437f
3732 Reg write t6=ffff98000000437f
3733 PC=0x98000000400fe158 [00000000400fe158]	000e7438 dsll   $t6,$t6,16
3733 Reg write t6=98000000437f0000
3734 PC=0x98000000400fe15c [00000000400fe15c]	35ce9cff ori    $t6,$t6,0x9cff
3734 Reg write t6=98000000437f9cff
3735 icache  35ce9cff load  miss refill   pol=3 VA=98000000400fe160 PA=0400fe160 line=0b hitv=00000000 ro=56701234 tag=000000 V=00011111 L=00000000
3735 PC=0x98000000400fe160 [00000000400fe160]	81ca63fa lb     $t2,0x63fa($t6)
[va=98000000438000f9 pa=00000000438000f9]
3735 dcache  81ca63fa load  miss refill   pol=3 VA=98000000438000f9 PA=0438000f8 line=07 hitv=00000000 ro=05172364 tag=000000 V=11111111 W=00000000 L=00000000
3735 scache  81ca63fa load  miss refill   pol=3 VA=98000000438000f9 PA=0438000e0 line=007 hitv=0000 ro=1230 tag=00000 V=1111 W=1100
3735 Reg write t2=fffffffffffffff6
3736 PC=0x98000000400fe164 [00000000400fe164]	3c1d9800 lui    $sp,0x9800
3736 Reg write sp=ffffffff98000000
3737 PC=0x98000000400fe168 [00000000400fe168]	001dec38 dsll   $sp,$sp,16
3737 Reg write sp=ffff980000000000
3738 PC=0x98000000400fe16c [00000000400fe16c]	37bd51b0 ori    $sp,$sp,0x51b0
3738 Reg write sp=ffff9800000051b0
3739 icache  37bd51b0 load  hit           pol=3 VA=98000000400fe170 PA=0400fe170 line=0b hitv=00100000 ro=67012345 tag=0400fe V=00111111 L=00000000
3739 PC=0x98000000400fe170 [00000000400fe170]	001dec38 dsll   $sp,$sp,16
3739 Reg write sp=9800000051b00000
3740 PC=0x98000000400fe174 [00000000400fe174]	37bd1acf ori    $sp,$sp,0x1acf
3740 Reg write sp=9800000051b01acf
3741 PC=0x98000000400fe178 [00000000400fe178]	dfade6e9 ld     $t5,0xffffe6e9($sp)
[va=9800000051b001b8 pa=0000000051b001b8]
3741 dcache  dfade6e9 load  miss refill   pol=3 VA=9800000051b001b8 PA=051b001b8 line=0d hitv=00000000 ro=13567420 tag=000000 V=11111111 W=00000000 L=00000000
3741 scache  dfade6e9 load  miss refill   pol=3 VA=9800000051b001b8 PA=051b001a0 line=00d hitv=0000 ro=0123 tag=00000 V=1111 W=1101
3741 dmemacc: store 8 addr=04ab001a0 data=1c71c71c71c71c71 mask=11111111 cline 
3741 dmemacc: store 8 addr=04ab001a8 data=cf32fefe6c753260 mask=11111111 cline 
3741 dmemacc: store 8 addr=04ab001b0 data=b4dbfa7977219922 mask=11111111 cline 
3741 dmemacc: store 8 addr=04ab001b8 data=0000000000000000 mask=11111111 cline 
3741 Reg write t5=cccccccccccccccc
3742 PC=0x98000000400fe17c [00000000400fe17c]	340c0013 ori    $t4,$r0,0x13
3742 Reg write t4=0000000000000013
3743 icache  340c0013 load  miss refill   pol=3 VA=98000000400fe180 PA=0400fe180 line=0c hitv=00000000 ro=45670123 tag=000000 V=00001111 L=00000000
3743 PC=0x98000000400fe180 [00000000400fe180]	000c66fc dsll32 $t4,$t4,27
3743 Reg write t4=9800000000000000
3744 PC=0x98000000400fe184 [00000000400fe184]	358c7164 ori    $t4,$t4,0x7164
3744 Reg write t4=9800000000007164
3745 PC=0x98000000400fe188 [00000000400fe188]	0180f809 jalr   $ra,$t4
3745 Reg write ra=98000000400fe190
3746 PC=0x98000000400fe18c [00000000400fe18c]	3c0d9800 lui    $t5,0x9800
3746 Reg write t5=ffffffff98000000
3747 icache  3c0d9800 load  miss refill   pol=3 VA=9800000000007164 PA=000007160 line=0b hitv=00000000 ro=67012345 tag=000000 V=00111111 L=00000000
3747 PC=0x9800000000007164 [0000000000007164]	d4660148 ldc1   f6,0x148($v1)
[va=9800000050500078 pa=0000000050500078]
3747 dcache  d4660148 load  hit           pol=3 VA=9800000050500078 PA=050500078 line=03 hitv=00000001 ro=13245670 tag=050500 V=11111111 W=00000000 L=00000000
3747 Reg write f[6]=0000000000000000  FCSR(fcr31)=6e000000
3748 PC=0x9800000000007168 [0000000000007168]	d4630030 ldc1   f3,0x30($v1)
[va=98000000504fff60 pa=00000000504fff60]
3748 dcache  d4630030 load  hit           pol=3 VA=98000000504fff60 PA=0504fff60 line=7b hitv=00100000 ro=31476025 tag=0504ff V=11111111 W=00000000 L=00000000
3748 Reg write f[3]=98000000504fff30  FCSR(fcr31)=6e000000
3749 PC=0x980000000000716c [000000000000716c]	fc6602b8 sd     $a2,0x2b8($v1)
[va=98000000505001e8 pa=00000000505001e8]
3749 dcache  fc6602b8 store miss w/alloc  pol=3 VA=98000000505001e8 PA=0505001e8 line=0f hitv=00000000 ro=67013245 tag=000000 V=00111111 W=00000000 L=00000000
3749 scache  fc6602b8 store miss w/alloc  pol=3 VA=98000000505001e8 PA=0505001e8 line=00f hitv=0000 ro=2130 tag=00000 V=1111 W=0111 data=9800000043203e6f mask=11111111
3749 dmemacc: store 8 addr=04ab001e0 data=0d3cad200ff25a94 mask=11111111 cline 
3749 dmemacc: store 8 addr=04ab001e8 data=ff00000000000000 mask=11111111 cline 
3749 dmemacc: store 8 addr=04ab001f0 data=980000004aafff90 mask=11111111 cline 
3749 dmemacc: store 8 addr=04ab001f8 data=f88743a067e183ec mask=11111111 cline 
3750 icache  fc6602b8 load  hit           pol=3 VA=9800000000007170 PA=000007170 line=0b hitv=01000000 ro=70123456 tag=000007 V=01111111 L=00000000
3750 PC=0x9800000000007170 [0000000000007170]	d4780228 ldc1   f24,0x228($v1)
[va=9800000050500158 pa=0000000050500158]
3750 dcache  d4780228 load  hit           pol=3 VA=9800000050500158 PA=050500158 line=0a hitv=00001000 ro=51607243 tag=050500 V=11111111 W=00000000 L=00000000
3750 Reg write f[24]=98000000438068fc  FCSR(fcr31)=6e000000
3751 PC=0x9800000000007174 [0000000000007174]	d4640138 ldc1   f4,0x138($v1)
[va=9800000050500068 pa=0000000050500068]
3751 dcache  d4640138 load  hit           pol=3 VA=9800000050500068 PA=050500068 line=03 hitv=00000001 ro=13245670 tag=050500 V=11111111 W=00000000 L=00000000
3751 Reg write f[4]=e38e38e38e38e38e  FCSR(fcr31)=6e000000
3752 PC=0x9800000000007178 [0000000000007178]	00000000 nop
3753 PC=0x980000000000717c [000000000000717c]	03e00008 jr     $ra
3754 icache  03e00008 load  miss refill   pol=3 VA=9800000000007180 PA=000007180 line=0c hitv=00000000 ro=56701234 tag=000000 V=00011111 L=00000000
3754 PC=0x9800000000007180 [0000000000007180]	fc630030 sd     $v1,0x30($v1)
[va=98000000504fff60 pa=00000000504fff60]
3754 dcache  fc630030 store hit           pol=3 VA=98000000504fff60 PA=0504fff60 line=7b hitv=00100000 ro=31476025 tag=0504ff V=11111111 W=00000000 L=00000000
3754 scache  fc630030 store hit           pol=3 VA=98000000504fff60 PA=0504fff60 line=ffb hitv=0100 ro=0312 tag=02827 V=1111 W=0111 data=98000000504fff30 mask=11111111
3755 icache  fc630030 load  hit           pol=3 VA=98000000400fe190 PA=0400fe190 line=0c hitv=00010000 ro=67012345 tag=0400fe V=00111111 L=00000000
3755 PC=0x98000000400fe190 [00000000400fe190]	000d6c38 dsll   $t5,$t5,16
3755 Reg write t5=ffff980000000000
3756 PC=0x98000000400fe194 [00000000400fe194]	35ad4130 ori    $t5,$t5,0x4130
3756 Reg write t5=ffff980000004130
3757 PC=0x98000000400fe198 [00000000400fe198]	000d6c38 dsll   $t5,$t5,16
3757 Reg write t5=9800000041300000
3758 PC=0x98000000400fe19c [00000000400fe19c]	35ad4294 ori    $t5,$t5,0x4294
3758 Reg write t5=9800000041304294
3759 icache  35ad4294 load  miss refill   pol=3 VA=98000000400fe1a0 PA=0400fe1a0 line=0d hitv=00000000 ro=23456701 tag=000000 V=00000011 L=00000000
3759 PC=0x98000000400fe1a0 [00000000400fe1a0]	adadbd60 sw     $t5,0xffffbd60($t5)
[va=98000000412ffff4 pa=00000000412ffff4]
3759 dcache  adadbd60 store miss w/alloc  pol=3 VA=98000000412ffff4 PA=0412ffff0 line=7f hitv=00000000 ro=30265147 tag=000000 V=11111111 W=00000000 L=00000000
3759 scache  adadbd60 store miss w/alloc  pol=3 VA=98000000412ffff4 PA=0412ffff0 line=fff hitv=0000 ro=3021 tag=00000 V=1111 W=0111 data=0000000041304294 mask=00001111
3760 PC=0x98000000400fe1a4 [00000000400fe1a4]	3c019800 lui    $r1,0x9800
3760 Reg write r1=ffffffff98000000
3761 PC=0x98000000400fe1a8 [00000000400fe1a8]	00010c38 dsll   $r1,$r1,16
3761 Reg write r1=ffff980000000000
3762 PC=0x98000000400fe1ac [00000000400fe1ac]	34214220 ori    $r1,$r1,0x4220
3762 Reg write r1=ffff980000004220
3763 icache  34214220 load  hit           pol=3 VA=98000000400fe1b0 PA=0400fe1b0 line=0d hitv=00000100 ro=34567012 tag=0400fe V=00000111 L=00000000
3763 PC=0x98000000400fe1b0 [00000000400fe1b0]	00010c38 dsll   $r1,$r1,16
3763 Reg write r1=9800000042200000
3764 PC=0x98000000400fe1b4 [00000000400fe1b4]	34212414 ori    $r1,$r1,0x2414
3764 Reg write r1=9800000042202414
3765 PC=0x98000000400fe1b8 [00000000400fe1b8]	dc24dbfc ld     $a0,0xffffdbfc($r1)
[va=9800000042200010 pa=0000000042200010]
3765 dcache  dc24dbfc load  miss refill   pol=3 VA=9800000042200010 PA=042200010 line=00 hitv=00000000 ro=14736250 tag=000000 V=11111111 W=00000000 L=00000000
3765 scache  dc24dbfc load  miss refill   pol=3 VA=9800000042200010 PA=042200000 line=000 hitv=0000 ro=3120 tag=00000 V=1111 W=1011
3765 dmemacc: store 8 addr=057500000 data=08eac21ee2237fd8 mask=11111111 cline 
3765 dmemacc: store 8 addr=057500008 data=5743e61b9d346981 mask=11111111 cline 
3765 dmemacc: store 8 addr=057500010 data=50d2a0d0bfe71c35 mask=11111111 cline 
3765 dmemacc: store 8 addr=057500018 data=ffffffffffffffff mask=11111111 cline 
3765 Reg write a0=8f90bd5dc9c6930b
3766 PC=0x98000000400fe1bc [00000000400fe1bc]	3c0d9800 lui    $t5,0x9800
3766 Reg write t5=ffffffff98000000
3767 icache  3c0d9800 load  miss refill   pol=3 VA=98000000400fe1c0 PA=0400fe1c0 line=0e hitv=00000000 ro=45670123 tag=000000 V=00001111 L=00000000
3767 PC=0x98000000400fe1c0 [00000000400fe1c0]	000d6c38 dsll   $t5,$t5,16
3767 Reg write t5=ffff980000000000
3768 PC=0x98000000400fe1c4 [00000000400fe1c4]	35ad4130 ori    $t5,$t5,0x4130
3768 Reg write t5=ffff980000004130
3769 PC=0x98000000400fe1c8 [00000000400fe1c8]	000d6c38 dsll   $t5,$t5,16
3769 Reg write t5=9800000041300000
3770 PC=0x98000000400fe1cc [00000000400fe1cc]	35ad3282 ori    $t5,$t5,0x3282
3770 Reg write t5=9800000041303282
3771 icache  35ad3282 load  hit           pol=3 VA=98000000400fe1d0 PA=0400fe1d0 line=0e hitv=00010000 ro=56701234 tag=0400fe V=00011111 L=00000000
3771 PC=0x98000000400fe1d0 [00000000400fe1d0]	9da4cede lwu    $a0,0xffffcede($t5)
[va=9800000041300160 pa=0000000041300160]
3771 dcache  9da4cede load  miss refill   pol=3 VA=9800000041300160 PA=041300160 line=0b hitv=00000000 ro=14652703 tag=000000 V=11111111 W=00000000 L=00000000
3771 scache  9da4cede load  miss refill   pol=3 VA=9800000041300160 PA=041300160 line=00b hitv=0000 ro=1320 tag=00000 V=1111 W=1111
3771 dmemacc: store 8 addr=050500160 data=f3d2f401a54e7c76 mask=11111111 cline 
3771 dmemacc: store 8 addr=050500168 data=98000000511fa20c mask=11111111 cline 
3771 dmemacc: store 8 addr=050500170 data=f0fa4d9091dfc22f mask=11111111 cline 
3771 dmemacc: store 8 addr=050500178 data=ffffffffffffffff mask=11111111 cline 
3771 Reg write a0=00000000dfec0146
3772 PC=0x98000000400fe1d4 [00000000400fe1d4]	3c089800 lui    $t0,0x9800
3772 Reg write t0=ffffffff98000000
3773 PC=0x98000000400fe1d8 [00000000400fe1d8]	00084438 dsll   $t0,$t0,16
3773 Reg write t0=ffff980000000000
3774 PC=0x98000000400fe1dc [00000000400fe1dc]	35085160 ori    $t0,$t0,0x5160
3774 Reg write t0=ffff980000005160
3775 icache  35085160 load  miss refill   pol=3 VA=98000000400fe1e0 PA=0400fe1e0 line=0f hitv=00000000 ro=56701234 tag=000000 V=00011111 L=00000000
3775 PC=0x98000000400fe1e0 [00000000400fe1e0]	00084438 dsll   $t0,$t0,16
3775 Reg write t0=9800000051600000
3776 PC=0x98000000400fe1e4 [00000000400fe1e4]	35084097 ori    $t0,$t0,0x4097
3776 Reg write t0=9800000051604097
3777 PC=0x98000000400fe1e8 [00000000400fe1e8]	a104c109 sb     $a0,0xffffc109($t0)
[va=98000000516001a0 pa=00000000516001a0]
3777 dcache  a104c109 store miss w/alloc  pol=3 VA=98000000516001a0 PA=0516001a0 line=0d hitv=00000000 ro=35674201 tag=000000 V=11111111 W=00000000 L=00000000
3777 scache  a104c109 store miss w/alloc  pol=3 VA=98000000516001a0 PA=0516001a0 line=00d hitv=0000 ro=1230 tag=00000 V=1111 W=1100 data=4600000000000000 mask=10000000
3778 PC=0x98000000400fe1ec [00000000400fe1ec]	3c179800 lui    $s7,0x9800
3778 Reg write s7=ffffffff98000000
3779 icache  3c179800 load  hit           pol=3 VA=98000000400fe1f0 PA=0400fe1f0 line=0f hitv=00100000 ro=67012345 tag=0400fe V=00111111 L=00000000
3779 PC=0x98000000400fe1f0 [00000000400fe1f0]	0017bc38 dsll   $s7,$s7,16
3779 Reg write s7=ffff980000000000
3780 PC=0x98000000400fe1f4 [00000000400fe1f4]	36f7412f ori    $s7,$s7,0x412f
3780 Reg write s7=ffff98000000412f
3781 PC=0x98000000400fe1f8 [00000000400fe1f8]	0017bc38 dsll   $s7,$s7,16
3781 Reg write s7=98000000412f0000
3782 PC=0x98000000400fe1fc [00000000400fe1fc]	36f7b863 ori    $s7,$s7,0xb863
3782 Reg write s7=98000000412fb863
3783 icache  36f7b863 load  miss refill   pol=3 VA=98000000400fe200 PA=0400fe200 line=10 hitv=00000000 ro=34567012 tag=000000 V=00000111 L=00000000
3783 PC=0x98000000400fe200 [00000000400fe200]	96f44913 lhu    $s4,0x4913($s7)
[va=9800000041300176 pa=0000000041300176]
3783 dcache  96f44913 load  hit           pol=3 VA=9800000041300176 PA=041300170 line=0b hitv=00000010 ro=46527031 tag=041300 V=11111111 W=00000000 L=00000000
3783 Reg write s4=0000000000006118
3784 PC=0x98000000400fe204 [00000000400fe204]	3c059800 lui    $a1,0x9800
3784 Reg write a1=ffffffff98000000
3785 PC=0x98000000400fe208 [00000000400fe208]	00052c38 dsll   $a1,$a1,16
3785 Reg write a1=ffff980000000000
3786 PC=0x98000000400fe20c [00000000400fe20c]	34a55160 ori    $a1,$a1,0x5160
3786 Reg write a1=ffff980000005160
3787 icache  34a55160 load  hit           pol=3 VA=98000000400fe210 PA=0400fe210 line=10 hitv=00001000 ro=45670123 tag=0400fe V=00001111 L=00000000
3787 PC=0x98000000400fe210 [00000000400fe210]	00052c38 dsll   $a1,$a1,16
3787 Reg write a1=9800000051600000
3788 PC=0x98000000400fe214 [00000000400fe214]	34a55775 ori    $a1,$a1,0x5775
3788 Reg write a1=9800000051605775
3789 PC=0x98000000400fe218 [00000000400fe218]	94a2a8f3 lhu    $v0,0xffffa8f3($a1)
[va=9800000051600068 pa=0000000051600068]
3789 dcache  94a2a8f3 load  miss refill   pol=3 VA=9800000051600068 PA=051600068 line=03 hitv=00000000 ro=13245670 tag=000000 V=11111111 W=00000000 L=00000000
3789 scache  94a2a8f3 load  miss refill   pol=3 VA=9800000051600068 PA=051600060 line=003 hitv=0000 ro=0312 tag=00000 V=1111 W=0011
3789 dmemacc: store 8 addr=043800060 data=98000000504fff30 mask=11111111 cline 
3789 dmemacc: store 8 addr=043800068 data=1f2728489901bc5c mask=11111111 cline 
3789 dmemacc: store 8 addr=043800070 data=0000000000000001 mask=11111111 cline 
3789 dmemacc: store 8 addr=043800078 data=fffffe0000000000 mask=11111111 cline 
3789 Reg write v0=0000000000000000
3790 PC=0x98000000400fe21c [00000000400fe21c]	3c129800 lui    $s2,0x9800
3790 Reg write s2=ffffffff98000000
3791 icache  3c129800 load  miss refill   pol=3 VA=98000000400fe220 PA=0400fe220 line=11 hitv=00000000 ro=34567012 tag=000000 V=00000111 L=00000000
3791 PC=0x98000000400fe220 [00000000400fe220]	00129438 dsll   $s2,$s2,16
3791 Reg write s2=ffff980000000000
3792 PC=0x98000000400fe224 [00000000400fe224]	3652515f ori    $s2,$s2,0x515f
3792 Reg write s2=ffff98000000515f
3793 PC=0x98000000400fe228 [00000000400fe228]	00129438 dsll   $s2,$s2,16
3793 Reg write s2=98000000515f0000
3794 PC=0x98000000400fe22c [00000000400fe22c]	3652de53 ori    $s2,$s2,0xde53
3794 Reg write s2=98000000515fde53
3795 icache  3652de53 load  hit           pol=3 VA=98000000400fe230 PA=0400fe230 line=11 hitv=00001000 ro=45670123 tag=0400fe V=00001111 L=00000000
3795 PC=0x98000000400fe230 [00000000400fe230]	fe4c220d sd     $t4,0x220d($s2)
[va=9800000051600060 pa=0000000051600060]
3795 dcache  fe4c220d store hit           pol=3 VA=9800000051600060 PA=051600060 line=03 hitv=00000010 ro=32456701 tag=051600 V=11111111 W=00000000 L=00000000
3795 scache  fe4c220d store hit           pol=3 VA=9800000051600060 PA=051600060 line=003 hitv=0001 ro=3120 tag=028b0 V=1111 W=0010 data=9800000000007164 mask=11111111
3796 PC=0x98000000400fe234 [00000000400fe234]	3c069800 lui    $a2,0x9800
3796 Reg write a2=ffffffff98000000
3797 PC=0x98000000400fe238 [00000000400fe238]	00063438 dsll   $a2,$a2,16
3797 Reg write a2=ffff980000000000
3798 PC=0x98000000400fe23c [00000000400fe23c]	34c6515f ori    $a2,$a2,0x515f
3798 Reg write a2=ffff98000000515f
3799 icache  34c6515f load  miss refill   pol=3 VA=98000000400fe240 PA=0400fe240 line=12 hitv=00000000 ro=34567012 tag=000000 V=00000111 L=00000000
3799 PC=0x98000000400fe240 [00000000400fe240]	00063438 dsll   $a2,$a2,16
3799 Reg write a2=98000000515f0000
3800 PC=0x98000000400fe244 [00000000400fe244]	34c6a5e2 ori    $a2,$a2,0xa5e2
3800 Reg write a2=98000000515fa5e2
3801 PC=0x98000000400fe248 [00000000400fe248]	80cc5a93 lb     $t4,0x5a93($a2)
[va=9800000051600075 pa=0000000051600075]
3801 dcache  80cc5a93 load  hit           pol=3 VA=9800000051600075 PA=051600070 line=03 hitv=00000010 ro=32456701 tag=051600 V=11111111 W=00000000 L=00000000
3801 Reg write t4=000000000000003c
3802 PC=0x98000000400fe24c [00000000400fe24c]	3c029800 lui    $v0,0x9800
3802 Reg write v0=ffffffff98000000
3803 icache  3c029800 load  hit           pol=3 VA=98000000400fe250 PA=0400fe250 line=12 hitv=00001000 ro=45670123 tag=0400fe V=00001111 L=00000000
3803 PC=0x98000000400fe250 [00000000400fe250]	00021438 dsll   $v0,$v0,16
3803 Reg write v0=ffff980000000000
3804 PC=0x98000000400fe254 [00000000400fe254]	34425180 ori    $v0,$v0,0x5180
3804 Reg write v0=ffff980000005180
3805 PC=0x98000000400fe258 [00000000400fe258]	00021438 dsll   $v0,$v0,16
3805 Reg write v0=9800000051800000
3806 PC=0x98000000400fe25c [00000000400fe25c]	344212b8 ori    $v0,$v0,0x12b8
3806 Reg write v0=98000000518012b8
3807 icache  344212b8 load  miss refill   pol=3 VA=98000000400fe260 PA=0400fe260 line=13 hitv=00000000 ro=34567012 tag=000000 V=00000111 L=00000000
3807 PC=0x98000000400fe260 [00000000400fe260]	9455ed44 lhu    $s5,0xffffed44($v0)
[va=98000000517ffffc pa=00000000517ffffc]
3807 dcache  9455ed44 load  miss refill   pol=3 VA=98000000517ffffc PA=0517ffff8 line=7f hitv=00000000 ro=02651473 tag=000000 V=11111111 W=00000000 L=00000000
3807 scache  9455ed44 load  miss refill   pol=3 VA=98000000517ffffc PA=0517fffe0 line=fff hitv=0000 ro=0213 tag=00000 V=1111 W=1111
3807 dmemacc: store 8 addr=0574fffe0 data=ffffffffff000000 mask=11111111 cline 
3807 dmemacc: store 8 addr=0574fffe8 data=4fa890fcf99a0058 mask=11111111 cline 
3807 dmemacc: store 8 addr=0574ffff0 data=9999999999999999 mask=11111111 cline 
3807 dmemacc: store 8 addr=0574ffff8 data=609664d771e3d773 mask=11111111 cline 
3807 Reg write s5=000000000000e910
3808 PC=0x98000000400fe264 [00000000400fe264]	3c1e9800 lui    $s8,0x9800
3808 Reg write s8=ffffffff98000000
3809 PC=0x98000000400fe268 [00000000400fe268]	001ef438 dsll   $s8,$s8,16
3809 Reg write s8=ffff980000000000
3810 PC=0x98000000400fe26c [00000000400fe26c]	37de504f ori    $s8,$s8,0x504f
3810 Reg write s8=ffff98000000504f
3811 icache  37de504f load  hit           pol=3 VA=98000000400fe270 PA=0400fe270 line=13 hitv=00001000 ro=45670123 tag=0400fe V=00001111 L=00000000
3811 PC=0x98000000400fe270 [00000000400fe270]	001ef438 dsll   $s8,$s8,16
3811 Reg write s8=98000000504f0000
3812 PC=0x98000000400fe274 [00000000400fe274]	37de9a1b ori    $s8,$s8,0x9a1b
3812 Reg write s8=98000000504f9a1b
3813 PC=0x98000000400fe278 [00000000400fe278]	83c6664e lb     $a2,0x664e($s8)
[va=9800000050500069 pa=0000000050500069]
3813 dcache  83c6664e load  hit           pol=3 VA=9800000050500069 PA=050500068 line=03 hitv=00000001 ro=32456701 tag=050500 V=11111111 W=00000000 L=00000000
3813 Reg write a2=ffffffffffffff8e
3814 PC=0x98000000400fe27c [00000000400fe27c]	3c049800 lui    $a0,0x9800
3814 Reg write a0=ffffffff98000000
3815 icache  3c049800 load  miss refill   pol=3 VA=98000000400fe280 PA=0400fe280 line=14 hitv=00000000 ro=34567012 tag=000000 V=00000111 L=00000000
3815 PC=0x98000000400fe280 [00000000400fe280]	00042438 dsll   $a0,$a0,16
3815 Reg write a0=ffff980000000000
3816 PC=0x98000000400fe284 [00000000400fe284]	348455af ori    $a0,$a0,0x55af
3816 Reg write a0=ffff9800000055af
3817 PC=0x98000000400fe288 [00000000400fe288]	00042438 dsll   $a0,$a0,16
3817 Reg write a0=9800000055af0000
3818 PC=0x98000000400fe28c [00000000400fe28c]	3484ff40 ori    $a0,$a0,0xff40
3818 Reg write a0=9800000055afff40
3819 icache  3484ff40 load  hit           pol=3 VA=98000000400fe290 PA=0400fe290 line=14 hitv=00001000 ro=45670123 tag=0400fe V=00001111 L=00000000
3819 PC=0x98000000400fe290 [00000000400fe290]	3c059800 lui    $a1,0x9800
3819 Reg write a1=ffffffff98000000
3820 PC=0x98000000400fe294 [00000000400fe294]	00052c38 dsll   $a1,$a1,16
3820 Reg write a1=ffff980000000000
3821 PC=0x98000000400fe298 [00000000400fe298]	34a554af ori    $a1,$a1,0x54af
3821 Reg write a1=ffff9800000054af
3822 PC=0x98000000400fe29c [00000000400fe29c]	00052c38 dsll   $a1,$a1,16
3822 Reg write a1=9800000054af0000
3823 icache  00052c38 load  miss refill   pol=3 VA=98000000400fe2a0 PA=0400fe2a0 line=15 hitv=00000000 ro=34567012 tag=000000 V=00000111 L=00000000
3823 PC=0x98000000400fe2a0 [00000000400fe2a0]	34a5ff40 ori    $a1,$a1,0xff40
3823 Reg write a1=9800000054afff40
3824 PC=0x98000000400fe2a4 [00000000400fe2a4]	24060007 addiu  $a2,$r0,0x7
3824 Reg write a2=0000000000000007
3825 PC=0x98000000400fe2a8 [00000000400fe2a8]	64840040 daddiu $a0,$a0,0x40
3825 Reg write a0=9800000055afff80
3826 PC=0x98000000400fe2ac [00000000400fe2ac]	dca80000 ld     $t0,0x0($a1)
[va=9800000054afff40 pa=0000000054afff40]
3826 dcache  dca80000 load  hit           pol=3 VA=9800000054afff40 PA=054afff40 line=7a hitv=00100000 ro=62701435 tag=054aff V=11111111 W=00000000 L=00000000
3826 Reg write t0=000000000000005b
3827 icache  dca80000 load  hit           pol=3 VA=98000000400fe2b0 PA=0400fe2b0 line=15 hitv=00001000 ro=45670123 tag=0400fe V=00001111 L=00000000
3827 PC=0x98000000400fe2b0 [00000000400fe2b0]	dcac0020 ld     $t4,0x20($a1)
[va=9800000054afff60 pa=0000000054afff60]
3827 dcache  dcac0020 load  hit           pol=3 VA=9800000054afff60 PA=054afff60 line=7b hitv=00000100 ro=31476025 tag=054aff V=11111111 W=00000000 L=00000000
3827 Reg write t4=1e68cf2268c7912d
3828 PC=0x98000000400fe2b4 [00000000400fe2b4]	dcab0018 ld     $t3,0x18($a1)
[va=9800000054afff58 pa=0000000054afff58]
3828 dcache  dcab0018 load  hit           pol=3 VA=9800000054afff58 PA=054afff58 line=7a hitv=00100000 ro=62701435 tag=054aff V=11111111 W=00000000 L=00000000
3828 Reg write t3=a75a7e30ac28bb01
3829 PC=0x98000000400fe2b8 [00000000400fe2b8]	fc890008 sd     $t1,0x8($a0)
[va=9800000055afff88 pa=0000000055afff88]
3829 dcache  fc890008 store hit           pol=3 VA=9800000055afff88 PA=055afff88 line=7c hitv=00000100 ro=06213754 tag=055aff V=11111111 W=00000000 L=00000000
3829 scache  fc890008 store miss wo/alloc pol=3 VA=9800000055afff88 PA=055afff88 line=ffc hitv=0000 ro=3012 tag=00000 V=1111 W=1100 data=3333333333333333 mask=11111111
3829 dmemacc: store 8 addr=055afff88 data=3333333333333333 mask=11111111 
3830 PC=0x98000000400fe2bc [00000000400fe2bc]	fc88fff0 sd     $t0,0xfffffff0($a0)
[va=9800000055afff70 pa=0000000055afff70]
3830 dcache  fc88fff0 store hit           pol=3 VA=9800000055afff70 PA=055afff70 line=7b hitv=00010000 ro=31476052 tag=055aff V=11111111 W=00000000 L=00000000
3830 scache  fc88fff0 store miss wo/alloc pol=3 VA=9800000055afff70 PA=055afff70 line=ffb hitv=0000 ro=0312 tag=00000 V=1111 W=0111 data=000000000000005b mask=11111111
3830 dmemacc: store 8 addr=055afff70 data=000000000000005b mask=11111111 
3831 icache  fc88fff0 load  miss refill   pol=3 VA=98000000400fe2c0 PA=0400fe2c0 line=16 hitv=00000000 ro=34567012 tag=000000 V=00000111 L=00000000
3831 PC=0x98000000400fe2c0 [00000000400fe2c0]	dca90008 ld     $t1,0x8($a1)
[va=9800000054afff48 pa=0000000054afff48]
3831 dcache  dca90008 load  hit           pol=3 VA=9800000054afff48 PA=054afff48 line=7a hitv=00100000 ro=62701435 tag=054aff V=11111111 W=00000000 L=00000000
3831 Reg write t1=a75a7e30ac28bb01
3832 PC=0x98000000400fe2c4 [00000000400fe2c4]	fc8affd0 sd     $t2,0xffffffd0($a0)
[va=9800000055afff50 pa=0000000055afff50]
3832 dcache  fc8affd0 store hit           pol=3 VA=9800000055afff50 PA=055afff50 line=7a hitv=10000000 ro=62701435 tag=055aff V=11111111 W=00000000 L=00000000
3832 scache  fc8affd0 store miss wo/alloc pol=3 VA=9800000055afff50 PA=055afff50 line=ffa hitv=0000 ro=1203 tag=00000 V=1111 W=1010 data=fffffffffffffff6 mask=11111111
3832 dmemacc: store 8 addr=055afff50 data=fffffffffffffff6 mask=11111111 
3833 PC=0x98000000400fe2c8 [00000000400fe2c8]	fc89fff8 sd     $t1,0xfffffff8($a0)
[va=9800000055afff78 pa=0000000055afff78]
3833 dcache  fc89fff8 store hit           pol=3 VA=9800000055afff78 PA=055afff78 line=7b hitv=00010000 ro=31760524 tag=055aff V=11111111 W=00000000 L=00000000
3833 scache  fc89fff8 store miss wo/alloc pol=3 VA=9800000055afff78 PA=055afff78 line=ffb hitv=0000 ro=0312 tag=00000 V=1111 W=0111 data=a75a7e30ac28bb01 mask=11111111
3833 dmemacc: store 8 addr=055afff78 data=a75a7e30ac28bb01 mask=11111111 
3834 PC=0x98000000400fe2cc [00000000400fe2cc]	fc8fffe8 sd     $t7,0xffffffe8($a0)
[va=9800000055afff68 pa=0000000055afff68]
3834 dcache  fc8fffe8 store hit           pol=3 VA=9800000055afff68 PA=055afff68 line=7b hitv=00010000 ro=31760524 tag=055aff V=11111111 W=00000000 L=00000000
3834 scache  fc8fffe8 store miss wo/alloc pol=3 VA=9800000055afff68 PA=055afff68 line=ffb hitv=0000 ro=0312 tag=00000 V=1111 W=0111 data=3333333333333333 mask=11111111
3834 dmemacc: store 8 addr=055afff68 data=3333333333333333 mask=11111111 
3835 icache  fc8fffe8 load  hit           pol=3 VA=98000000400fe2d0 PA=0400fe2d0 line=16 hitv=00001000 ro=45670123 tag=0400fe V=00001111 L=00000000
3835 PC=0x98000000400fe2d0 [00000000400fe2d0]	fc880000 sd     $t0,0x0($a0)
[va=9800000055afff80 pa=0000000055afff80]
3835 dcache  fc880000 store hit           pol=3 VA=9800000055afff80 PA=055afff80 line=7c hitv=00000100 ro=06137542 tag=055aff V=11111111 W=00000000 L=00000000
3835 scache  fc880000 store miss wo/alloc pol=3 VA=9800000055afff80 PA=055afff80 line=ffc hitv=0000 ro=3012 tag=00000 V=1111 W=1100 data=000000000000005b mask=11111111
3835 dmemacc: store 8 addr=055afff80 data=000000000000005b mask=11111111 
3836 PC=0x98000000400fe2d4 [00000000400fe2d4]	dca80030 ld     $t0,0x30($a1)
[va=9800000054afff70 pa=0000000054afff70]
3836 dcache  dca80030 load  hit           pol=3 VA=9800000054afff70 PA=054afff70 line=7b hitv=00000100 ro=31760524 tag=054aff V=11111111 W=00000000 L=00000000
3836 Reg write t0=06dda7e73e876dfb
3837 PC=0x98000000400fe2d8 [00000000400fe2d8]	dcaa0010 ld     $t2,0x10($a1)
[va=9800000054afff50 pa=0000000054afff50]
3837 dcache  dcaa0010 load  hit           pol=3 VA=9800000054afff50 PA=054afff50 line=7a hitv=00100000 ro=62014357 tag=054aff V=11111111 W=00000000 L=00000000
3837 Reg write t2=000000000000005b
3838 PC=0x98000000400fe2dc [00000000400fe2dc]	64a50040 daddiu $a1,$a1,0x40
3838 Reg write a1=9800000054afff80
3839 icache  64a50040 load  miss refill   pol=3 VA=98000000400fe2e0 PA=0400fe2e0 line=17 hitv=00000000 ro=34567012 tag=000000 V=00000111 L=00000000
3839 PC=0x98000000400fe2e0 [00000000400fe2e0]	dca90038 ld     $t1,0x38($a1)
[va=9800000054afffb8 pa=0000000054afffb8]
3839 dcache  dca90038 load  hit           pol=3 VA=9800000054afffb8 PA=054afffb8 line=7d hitv=00010000 ro=26530147 tag=054aff V=11111111 W=00000000 L=00000000
3839 Reg write t1=3333333333333333
3840 PC=0x98000000400fe2e4 [00000000400fe2e4]	fc8cffe0 sd     $t4,0xffffffe0($a0)
[va=9800000055afff60 pa=0000000055afff60]
3840 dcache  fc8cffe0 store hit           pol=3 VA=9800000055afff60 PA=055afff60 line=7b hitv=00010000 ro=31760542 tag=055aff V=11111111 W=00000000 L=00000000
3840 scache  fc8cffe0 store miss wo/alloc pol=3 VA=9800000055afff60 PA=055afff60 line=ffb hitv=0000 ro=0312 tag=00000 V=1111 W=0111 data=1e68cf2268c7912d mask=11111111
3840 dmemacc: store 8 addr=055afff60 data=1e68cf2268c7912d mask=11111111 
3841 PC=0x98000000400fe2e8 [00000000400fe2e8]	dcaf0028 ld     $t7,0x28($a1)
[va=9800000054afffa8 pa=0000000054afffa8]
3841 dcache  dcaf0028 load  hit           pol=3 VA=9800000054afffa8 PA=054afffa8 line=7d hitv=00010000 ro=26530174 tag=054aff V=11111111 W=00000000 L=00000000
3841 Reg write t7=1f2728489901bc5c
3842 PC=0x98000000400fe2ec [00000000400fe2ec]	fc8bffd8 sd     $t3,0xffffffd8($a0)
[va=9800000055afff58 pa=0000000055afff58]
3842 dcache  fc8bffd8 store hit           pol=3 VA=9800000055afff58 PA=055afff58 line=7a hitv=10000000 ro=62014375 tag=055aff V=11111111 W=00000000 L=00000000
3842 scache  fc8bffd8 store miss wo/alloc pol=3 VA=9800000055afff58 PA=055afff58 line=ffa hitv=0000 ro=1203 tag=00000 V=1111 W=1010 data=a75a7e30ac28bb01 mask=11111111
3842 dmemacc: store 8 addr=055afff58 data=a75a7e30ac28bb01 mask=11111111 
3843 icache  fc8bffd8 load  hit           pol=3 VA=98000000400fe2f0 PA=0400fe2f0 line=17 hitv=00001000 ro=45670123 tag=0400fe V=00001111 L=00000000
3843 PC=0x98000000400fe2f0 [00000000400fe2f0]	14c0ffed bne    $a2,$r0,0x98000000400fe2a8
3844 PC=0x98000000400fe2f4 [00000000400fe2f4]	64c6ffff daddiu $a2,$a2,0xffff
3844 Reg write a2=0000000000000006
3845 icache  64c6ffff load  hit           pol=3 VA=98000000400fe2a8 PA=0400fe2a0 line=15 hitv=00001000 ro=45670123 tag=0400fe V=00001111 L=00000000
3845 PC=0x98000000400fe2a8 [00000000400fe2a8]	64840040 daddiu $a0,$a0,0x40
3845 Reg write a0=9800000055afffc0
3846 PC=0x98000000400fe2ac [00000000400fe2ac]	dca80000 ld     $t0,0x0($a1)
[va=9800000054afff80 pa=0000000054afff80]
3846 dcache  dca80000 load  hit           pol=3 VA=9800000054afff80 PA=054afff80 line=7c hitv=00010000 ro=06137542 tag=054aff V=11111111 W=00000000 L=00000000
3846 Reg write t0=ffffffffffffffff
3847 icache  dca80000 load  hit           pol=3 VA=98000000400fe2b0 PA=0400fe2b0 line=15 hitv=00001000 ro=45670123 tag=0400fe V=00001111 L=00000000
3847 PC=0x98000000400fe2b0 [00000000400fe2b0]	dcac0020 ld     $t4,0x20($a1)
[va=9800000054afffa0 pa=0000000054afffa0]
3847 dcache  dcac0020 load  hit           pol=3 VA=9800000054afffa0 PA=054afffa0 line=7d hitv=00010000 ro=26530174 tag=054aff V=11111111 W=00000000 L=00000000
3847 Reg write t4=0000000000000001
3848 PC=0x98000000400fe2b4 [00000000400fe2b4]	dcab0018 ld     $t3,0x18($a1)
[va=9800000054afff98 pa=0000000054afff98]
3848 dcache  dcab0018 load  hit           pol=3 VA=9800000054afff98 PA=054afff98 line=7c hitv=00010000 ro=06137524 tag=054aff V=11111111 W=00000000 L=00000000
3848 Reg write t3=aaaaaaaaaaaaaaaa
3849 PC=0x98000000400fe2b8 [00000000400fe2b8]	fc890008 sd     $t1,0x8($a0)
[va=9800000055afffc8 pa=0000000055afffc8]
3849 dcache  fc890008 store hit           pol=3 VA=9800000055afffc8 PA=055afffc8 line=7e hitv=00100000 ro=23754061 tag=055aff V=11111111 W=00000000 L=00000000
3849 scache  fc890008 store miss wo/alloc pol=3 VA=9800000055afffc8 PA=055afffc8 line=ffe hitv=0000 ro=1023 tag=00000 V=1111 W=1100 data=3333333333333333 mask=11111111
3849 dmemacc: store 8 addr=055afffc8 data=3333333333333333 mask=11111111 
3850 PC=0x98000000400fe2bc [00000000400fe2bc]	fc88fff0 sd     $t0,0xfffffff0($a0)
[va=9800000055afffb0 pa=0000000055afffb0]
3850 dcache  fc88fff0 store hit           pol=3 VA=9800000055afffb0 PA=055afffb0 line=7d hitv=00100000 ro=26530174 tag=055aff V=11111111 W=00000000 L=00000000
3850 scache  fc88fff0 store miss wo/alloc pol=3 VA=9800000055afffb0 PA=055afffb0 line=ffd hitv=0000 ro=0213 tag=00000 V=1111 W=1111 data=ffffffffffffffff mask=11111111
3850 dmemacc: store 8 addr=055afffb0 data=ffffffffffffffff mask=11111111 
3851 icache  fc88fff0 load  hit           pol=3 VA=98000000400fe2c0 PA=0400fe2c0 line=16 hitv=00001000 ro=45670123 tag=0400fe V=00001111 L=00000000
3851 PC=0x98000000400fe2c0 [00000000400fe2c0]	dca90008 ld     $t1,0x8($a1)
[va=9800000054afff88 pa=0000000054afff88]
3851 dcache  dca90008 load  hit           pol=3 VA=9800000054afff88 PA=054afff88 line=7c hitv=00010000 ro=06137524 tag=054aff V=11111111 W=00000000 L=00000000
3851 Reg write t1=aaaaaaaaaaaaaaaa
3852 PC=0x98000000400fe2c4 [00000000400fe2c4]	fc8affd0 sd     $t2,0xffffffd0($a0)
[va=9800000055afff90 pa=0000000055afff90]
3852 dcache  fc8affd0 store hit           pol=3 VA=9800000055afff90 PA=055afff90 line=7c hitv=00000100 ro=06137524 tag=055aff V=11111111 W=00000000 L=00000000
3852 scache  fc8affd0 store miss wo/alloc pol=3 VA=9800000055afff90 PA=055afff90 line=ffc hitv=0000 ro=3012 tag=00000 V=1111 W=1100 data=000000000000005b mask=11111111
3852 dmemacc: store 8 addr=055afff90 data=000000000000005b mask=11111111 
3853 PC=0x98000000400fe2c8 [00000000400fe2c8]	fc89fff8 sd     $t1,0xfffffff8($a0)
[va=9800000055afffb8 pa=0000000055afffb8]
3853 dcache  fc89fff8 store hit           pol=3 VA=9800000055afffb8 PA=055afffb8 line=7d hitv=00100000 ro=26301745 tag=055aff V=11111111 W=00000000 L=00000000
3853 scache  fc89fff8 store miss wo/alloc pol=3 VA=9800000055afffb8 PA=055afffb8 line=ffd hitv=0000 ro=0213 tag=00000 V=1111 W=1111 data=aaaaaaaaaaaaaaaa mask=11111111
3853 dmemacc: store 8 addr=055afffb8 data=aaaaaaaaaaaaaaaa mask=11111111 
3854 PC=0x98000000400fe2cc [00000000400fe2cc]	fc8fffe8 sd     $t7,0xffffffe8($a0)
[va=9800000055afffa8 pa=0000000055afffa8]
3854 dcache  fc8fffe8 store hit           pol=3 VA=9800000055afffa8 PA=055afffa8 line=7d hitv=00100000 ro=26301745 tag=055aff V=11111111 W=00000000 L=00000000
3854 scache  fc8fffe8 store miss wo/alloc pol=3 VA=9800000055afffa8 PA=055afffa8 line=ffd hitv=0000 ro=0213 tag=00000 V=1111 W=1111 data=1f2728489901bc5c mask=11111111
3854 dmemacc: store 8 addr=055afffa8 data=1f2728489901bc5c mask=11111111 
3855 icache  fc8fffe8 load  hit           pol=3 VA=98000000400fe2d0 PA=0400fe2d0 line=16 hitv=00001000 ro=45670123 tag=0400fe V=00001111 L=00000000
3855 PC=0x98000000400fe2d0 [00000000400fe2d0]	fc880000 sd     $t0,0x0($a0)
[va=9800000055afffc0 pa=0000000055afffc0]
3855 dcache  fc880000 store hit           pol=3 VA=9800000055afffc0 PA=055afffc0 line=7e hitv=00100000 ro=23740615 tag=055aff V=11111111 W=00000000 L=00000000
3855 scache  fc880000 store miss wo/alloc pol=3 VA=9800000055afffc0 PA=055afffc0 line=ffe hitv=0000 ro=1023 tag=00000 V=1111 W=1100 data=ffffffffffffffff mask=11111111
3855 dmemacc: store 8 addr=055afffc0 data=ffffffffffffffff mask=11111111 
3856 PC=0x98000000400fe2d4 [00000000400fe2d4]	dca80030 ld     $t0,0x30($a1)
[va=9800000054afffb0 pa=0000000054afffb0]
3856 dcache  dca80030 load  hit           pol=3 VA=9800000054afffb0 PA=054afffb0 line=7d hitv=00010000 ro=26301745 tag=054aff V=11111111 W=00000000 L=00000000
3856 Reg write t0=98000000504fff30
3857 PC=0x98000000400fe2d8 [00000000400fe2d8]	dcaa0010 ld     $t2,0x10($a1)
[va=9800000054afff90 pa=0000000054afff90]
3857 dcache  dcaa0010 load  hit           pol=3 VA=9800000054afff90 PA=054afff90 line=7c hitv=00010000 ro=06137542 tag=054aff V=11111111 W=00000000 L=00000000
3857 Reg write t2=ffffffffffffffff
3858 PC=0x98000000400fe2dc [00000000400fe2dc]	64a50040 daddiu $a1,$a1,0x40
3858 Reg write a1=9800000054afffc0
3859 icache  64a50040 load  hit           pol=3 VA=98000000400fe2e0 PA=0400fe2e0 line=17 hitv=00001000 ro=45670123 tag=0400fe V=00001111 L=00000000
3859 PC=0x98000000400fe2e0 [00000000400fe2e0]	dca90038 ld     $t1,0x38($a1)
[va=9800000054affff8 pa=0000000054affff8]
3859 dcache  dca90038 load  hit           pol=3 VA=9800000054affff8 PA=054affff8 line=7f hitv=00010000 ro=26514730 tag=054aff V=11111111 W=00000000 L=00000000
3859 Reg write t1=ffffffffffffffff
3860 PC=0x98000000400fe2e4 [00000000400fe2e4]	fc8cffe0 sd     $t4,0xffffffe0($a0)
[va=9800000055afffa0 pa=0000000055afffa0]
3860 dcache  fc8cffe0 store hit           pol=3 VA=9800000055afffa0 PA=055afffa0 line=7d hitv=00100000 ro=26301754 tag=055aff V=11111111 W=00000000 L=00000000
3860 scache  fc8cffe0 store miss wo/alloc pol=3 VA=9800000055afffa0 PA=055afffa0 line=ffd hitv=0000 ro=0213 tag=00000 V=1111 W=1111 data=0000000000000001 mask=11111111
3860 dmemacc: store 8 addr=055afffa0 data=0000000000000001 mask=11111111 
3861 PC=0x98000000400fe2e8 [00000000400fe2e8]	dcaf0028 ld     $t7,0x28($a1)
[va=9800000054afffe8 pa=0000000054afffe8]
3861 dcache  dcaf0028 load  hit           pol=3 VA=9800000054afffe8 PA=054afffe8 line=7f hitv=00010000 ro=26517304 tag=054aff V=11111111 W=00000000 L=00000000
3861 Reg write t7=1f2728489901bc5c
3862 PC=0x98000000400fe2ec [00000000400fe2ec]	fc8bffd8 sd     $t3,0xffffffd8($a0)
[va=9800000055afff98 pa=0000000055afff98]
3862 dcache  fc8bffd8 store hit           pol=3 VA=9800000055afff98 PA=055afff98 line=7c hitv=00000100 ro=06137524 tag=055aff V=11111111 W=00000000 L=00000000
3862 scache  fc8bffd8 store miss wo/alloc pol=3 VA=9800000055afff98 PA=055afff98 line=ffc hitv=0000 ro=3012 tag=00000 V=1111 W=1100 data=aaaaaaaaaaaaaaaa mask=11111111
3862 dmemacc: store 8 addr=055afff98 data=aaaaaaaaaaaaaaaa mask=11111111 
3863 icache  fc8bffd8 load  hit           pol=3 VA=98000000400fe2f0 PA=0400fe2f0 line=17 hitv=00001000 ro=45670123 tag=0400fe V=00001111 L=00000000
3863 PC=0x98000000400fe2f0 [00000000400fe2f0]	14c0ffed bne    $a2,$r0,0x98000000400fe2a8
3864 PC=0x98000000400fe2f4 [00000000400fe2f4]	64c6ffff daddiu $a2,$a2,0xffff
3864 Reg write a2=0000000000000005
3865 icache  64c6ffff load  hit           pol=3 VA=98000000400fe2a8 PA=0400fe2a0 line=15 hitv=00001000 ro=45670123 tag=0400fe V=00001111 L=00000000
3865 PC=0x98000000400fe2a8 [00000000400fe2a8]	64840040 daddiu $a0,$a0,0x40
3865 Reg write a0=9800000055b00000
3866 PC=0x98000000400fe2ac [00000000400fe2ac]	dca80000 ld     $t0,0x0($a1)
[va=9800000054afffc0 pa=0000000054afffc0]
3866 dcache  dca80000 load  hit           pol=3 VA=9800000054afffc0 PA=054afffc0 line=7e hitv=00000010 ro=23740615 tag=054aff V=11111111 W=00000000 L=00000000
3866 Reg write t0=1fffffffffffffff
3867 icache  dca80000 load  hit           pol=3 VA=98000000400fe2b0 PA=0400fe2b0 line=15 hitv=00001000 ro=45670123 tag=0400fe V=00001111 L=00000000
3867 PC=0x98000000400fe2b0 [00000000400fe2b0]	dcac0020 ld     $t4,0x20($a1)
[va=9800000054afffe0 pa=0000000054afffe0]
3867 dcache  dcac0020 load  hit           pol=3 VA=9800000054afffe0 PA=054afffe0 line=7f hitv=00010000 ro=26517304 tag=054aff V=11111111 W=00000000 L=00000000
3867 Reg write t4=39dfaeef30e506d9
3868 PC=0x98000000400fe2b4 [00000000400fe2b4]	dcab0018 ld     $t3,0x18($a1)
[va=9800000054afffd8 pa=0000000054afffd8]
3868 dcache  dcab0018 load  hit           pol=3 VA=9800000054afffd8 PA=054afffd8 line=7e hitv=00000010 ro=23740651 tag=054aff V=11111111 W=00000000 L=00000000
3868 Reg write t3=3333333333333333
3869 PC=0x98000000400fe2b8 [00000000400fe2b8]	fc890008 sd     $t1,0x8($a0)
[va=9800000055b00008 pa=0000000055b00008]
3869 dcache  fc890008 store miss w/alloc  pol=3 VA=9800000055b00008 PA=055b00008 line=00 hitv=00000000 ro=47362501 tag=000000 V=11111111 W=00000000 L=00000000
3869 scache  fc890008 store miss w/alloc  pol=3 VA=9800000055b00008 PA=055b00008 line=000 hitv=0000 ro=1203 tag=00000 V=1111 W=0011 data=ffffffffffffffff mask=11111111
3869 dmemacc: store 8 addr=050200000 data=2697231b2b13607a mask=11111111 cline 
3869 dmemacc: store 8 addr=050200008 data=eb6b04aefd661b54 mask=11111111 cline 
3869 dmemacc: store 8 addr=050200010 data=a9e3f83dd42990a0 mask=11111111 cline 
3869 dmemacc: store 8 addr=050200018 data=424f8b3e00000001 mask=11111111 cline 
3870 PC=0x98000000400fe2bc [00000000400fe2bc]	fc88fff0 sd     $t0,0xfffffff0($a0)
[va=9800000055affff0 pa=0000000055affff0]
3870 dcache  fc88fff0 store miss w/alloc  pol=3 VA=9800000055affff0 PA=055affff0 line=7f hitv=00000000 ro=26517304 tag=000000 V=11111111 W=00000000 L=00000000
3870 scache  fc88fff0 store miss w/alloc  pol=3 VA=9800000055affff0 PA=055affff0 line=fff hitv=0000 ro=2130 tag=00000 V=1111 W=1110 data=1fffffffffffffff mask=11111111
3870 dmemacc: store 8 addr=054afffe0 data=39dfaeef30e506d9 mask=11111111 cline 
3870 dmemacc: store 8 addr=054afffe8 data=1f2728489901bc5c mask=11111111 cline 
3870 dmemacc: store 8 addr=054affff0 data=7fffffffffffffff mask=11111111 cline 
3870 dmemacc: store 8 addr=054affff8 data=ffffffffffffffff mask=11111111 cline 
3871 icache  fc88fff0 load  hit           pol=3 VA=98000000400fe2c0 PA=0400fe2c0 line=16 hitv=00001000 ro=45670123 tag=0400fe V=00001111 L=00000000
3871 PC=0x98000000400fe2c0 [00000000400fe2c0]	dca90008 ld     $t1,0x8($a1)
[va=9800000054afffc8 pa=0000000054afffc8]
3871 dcache  dca90008 load  hit           pol=3 VA=9800000054afffc8 PA=054afffc8 line=7e hitv=00000010 ro=23740651 tag=054aff V=11111111 W=00000000 L=00000000
3871 Reg write t1=3333333333333333
3872 PC=0x98000000400fe2c4 [00000000400fe2c4]	fc8affd0 sd     $t2,0xffffffd0($a0)
[va=9800000055afffd0 pa=0000000055afffd0]
3872 dcache  fc8affd0 store hit           pol=3 VA=9800000055afffd0 PA=055afffd0 line=7e hitv=00100000 ro=23740651 tag=055aff V=11111111 W=00000000 L=00000000
3872 scache  fc8affd0 store miss wo/alloc pol=3 VA=9800000055afffd0 PA=055afffd0 line=ffe hitv=0000 ro=1023 tag=00000 V=1111 W=1100 data=ffffffffffffffff mask=11111111
3872 dmemacc: store 8 addr=055afffd0 data=ffffffffffffffff mask=11111111 
3873 PC=0x98000000400fe2c8 [00000000400fe2c8]	fc89fff8 sd     $t1,0xfffffff8($a0)
[va=9800000055affff8 pa=0000000055affff8]
3873 dcache  fc89fff8 store hit           pol=3 VA=9800000055affff8 PA=055affff8 line=7f hitv=00000100 ro=65173042 tag=055aff V=11111111 W=00000000 L=00000000
3873 scache  fc89fff8 store hit           pol=3 VA=9800000055affff8 PA=055affff8 line=fff hitv=0100 ro=1302 tag=02ad7 V=1111 W=1110 data=3333333333333333 mask=11111111
3874 PC=0x98000000400fe2cc [00000000400fe2cc]	fc8fffe8 sd     $t7,0xffffffe8($a0)
[va=9800000055afffe8 pa=0000000055afffe8]
3874 dcache  fc8fffe8 store hit           pol=3 VA=9800000055afffe8 PA=055afffe8 line=7f hitv=00000100 ro=65173042 tag=055aff V=11111111 W=00000000 L=00000000
3874 scache  fc8fffe8 store hit           pol=3 VA=9800000055afffe8 PA=055afffe8 line=fff hitv=0100 ro=1302 tag=02ad7 V=1111 W=1110 data=1f2728489901bc5c mask=11111111
3875 icache  fc8fffe8 load  hit           pol=3 VA=98000000400fe2d0 PA=0400fe2d0 line=16 hitv=00001000 ro=45670123 tag=0400fe V=00001111 L=00000000
3875 PC=0x98000000400fe2d0 [00000000400fe2d0]	fc880000 sd     $t0,0x0($a0)
[va=9800000055b00000 pa=0000000055b00000]
3875 dcache  fc880000 store hit           pol=3 VA=9800000055b00000 PA=055b00000 line=00 hitv=00010000 ro=73625014 tag=055b00 V=11111111 W=00000000 L=00000000
3875 scache  fc880000 store hit           pol=3 VA=9800000055b00000 PA=055b00000 line=000 hitv=0010 ro=2031 tag=02ad8 V=1111 W=0011 data=1fffffffffffffff mask=11111111
3876 PC=0x98000000400fe2d4 [00000000400fe2d4]	dca80030 ld     $t0,0x30($a1)
[va=9800000054affff0 pa=0000000054affff0]
3876 dcache  dca80030 load  hit           pol=3 VA=9800000054affff0 PA=054affff0 line=7f hitv=00010000 ro=65173042 tag=054aff V=11111111 W=00000000 L=00000000
3876 Reg write t0=7fffffffffffffff
3877 PC=0x98000000400fe2d8 [00000000400fe2d8]	dcaa0010 ld     $t2,0x10($a1)
[va=9800000054afffd0 pa=0000000054afffd0]
3877 dcache  dcaa0010 load  hit           pol=3 VA=9800000054afffd0 PA=054afffd0 line=7e hitv=00000010 ro=23740615 tag=054aff V=11111111 W=00000000 L=00000000
3877 Reg write t2=1fffffffffffffff
3878 PC=0x98000000400fe2dc [00000000400fe2dc]	64a50040 daddiu $a1,$a1,0x40
3878 Reg write a1=9800000054b00000
3879 icache  64a50040 load  hit           pol=3 VA=98000000400fe2e0 PA=0400fe2e0 line=17 hitv=00001000 ro=45670123 tag=0400fe V=00001111 L=00000000
3879 PC=0x98000000400fe2e0 [00000000400fe2e0]	dca90038 ld     $t1,0x38($a1)
[va=9800000054b00038 pa=0000000054b00038]
3879 dcache  dca90038 load  miss refill   pol=3 VA=9800000054b00038 PA=054b00038 line=01 hitv=00000000 ro=14506237 tag=000000 V=11111111 W=00000000 L=00000000
3879 scache  dca90038 load  miss refill   pol=3 VA=9800000054b00038 PA=054b00020 line=001 hitv=0000 ro=3021 tag=00000 V=1111 W=0011
3879 Reg write t1=f548f0fc750a0746
3880 PC=0x98000000400fe2e4 [00000000400fe2e4]	fc8cffe0 sd     $t4,0xffffffe0($a0)
[va=9800000055afffe0 pa=0000000055afffe0]
3880 dcache  fc8cffe0 store hit           pol=3 VA=9800000055afffe0 PA=055afffe0 line=7f hitv=00000100 ro=65173024 tag=055aff V=11111111 W=00000000 L=00000000
3880 scache  fc8cffe0 store hit           pol=3 VA=9800000055afffe0 PA=055afffe0 line=fff hitv=0100 ro=1302 tag=02ad7 V=1111 W=1110 data=39dfaeef30e506d9 mask=11111111
3881 PC=0x98000000400fe2e8 [00000000400fe2e8]	dcaf0028 ld     $t7,0x28($a1)
[va=9800000054b00028 pa=0000000054b00028]
3881 dcache  dcaf0028 load  hit           pol=3 VA=9800000054b00028 PA=054b00028 line=01 hitv=00000010 ro=45062371 tag=054b00 V=11111111 W=00000000 L=00000000
3881 Reg write t7=7fffffffffffffff
3882 PC=0x98000000400fe2ec [00000000400fe2ec]	fc8bffd8 sd     $t3,0xffffffd8($a0)
[va=9800000055afffd8 pa=0000000055afffd8]
3882 dcache  fc8bffd8 store hit           pol=3 VA=9800000055afffd8 PA=055afffd8 line=7e hitv=00100000 ro=23740651 tag=055aff V=11111111 W=00000000 L=00000000
3882 scache  fc8bffd8 store miss wo/alloc pol=3 VA=9800000055afffd8 PA=055afffd8 line=ffe hitv=0000 ro=1023 tag=00000 V=1111 W=1100 data=3333333333333333 mask=11111111
3882 dmemacc: store 8 addr=055afffd8 data=3333333333333333 mask=11111111 
3883 icache  fc8bffd8 load  hit           pol=3 VA=98000000400fe2f0 PA=0400fe2f0 line=17 hitv=00001000 ro=45670123 tag=0400fe V=00001111 L=00000000
3883 PC=0x98000000400fe2f0 [00000000400fe2f0]	14c0ffed bne    $a2,$r0,0x98000000400fe2a8
3884 PC=0x98000000400fe2f4 [00000000400fe2f4]	64c6ffff daddiu $a2,$a2,0xffff
3884 Reg write a2=0000000000000004
3885 icache  64c6ffff load  hit           pol=3 VA=98000000400fe2a8 PA=0400fe2a0 line=15 hitv=00001000 ro=45670123 tag=0400fe V=00001111 L=00000000
3885 PC=0x98000000400fe2a8 [00000000400fe2a8]	64840040 daddiu $a0,$a0,0x40
3885 Reg write a0=9800000055b00040
3886 PC=0x98000000400fe2ac [00000000400fe2ac]	dca80000 ld     $t0,0x0($a1)
[va=9800000054b00000 pa=0000000054b00000]
3886 dcache  dca80000 load  miss refill   pol=3 VA=9800000054b00000 PA=054b00000 line=00 hitv=00000000 ro=73625014 tag=000000 V=11111111 W=00000000 L=00000000
3886 scache  dca80000 load  miss refill   pol=3 VA=9800000054b00000 PA=054b00000 line=000 hitv=0000 ro=2031 tag=00000 V=1111 W=0011
3886 Reg write t0=1ded744da1a5ca1f
3887 icache  dca80000 load  hit           pol=3 VA=98000000400fe2b0 PA=0400fe2b0 line=15 hitv=00001000 ro=45670123 tag=0400fe V=00001111 L=00000000
3887 PC=0x98000000400fe2b0 [00000000400fe2b0]	dcac0020 ld     $t4,0x20($a1)
[va=9800000054b00020 pa=0000000054b00020]
3887 dcache  dcac0020 load  hit           pol=3 VA=9800000054b00020 PA=054b00020 line=01 hitv=00000010 ro=45062371 tag=054b00 V=11111111 W=00000000 L=00000000
3887 Reg write t4=c34846095e96b0af
3888 PC=0x98000000400fe2b4 [00000000400fe2b4]	dcab0018 ld     $t3,0x18($a1)
[va=9800000054b00018 pa=0000000054b00018]
3888 dcache  dcab0018 load  hit           pol=3 VA=9800000054b00018 PA=054b00018 line=00 hitv=10000000 ro=36250147 tag=054b00 V=11111111 W=00000000 L=00000000
3888 Reg write t3=063e818d72e357df
3889 PC=0x98000000400fe2b8 [00000000400fe2b8]	fc890008 sd     $t1,0x8($a0)
[va=9800000055b00048 pa=0000000055b00048]
3889 dcache  fc890008 store hit           pol=3 VA=9800000055b00048 PA=055b00048 line=02 hitv=00000100 ro=64273510 tag=055b00 V=11111111 W=00000000 L=00000000
3889 scache  fc890008 store miss wo/alloc pol=3 VA=9800000055b00048 PA=055b00048 line=002 hitv=0000 ro=3210 tag=00000 V=1111 W=0101 data=f548f0fc750a0746 mask=11111111
3889 dmemacc: store 8 addr=055b00048 data=f548f0fc750a0746 mask=11111111 
3890 PC=0x98000000400fe2bc [00000000400fe2bc]	fc88fff0 sd     $t0,0xfffffff0($a0)
[va=9800000055b00030 pa=0000000055b00030]
3890 dcache  fc88fff0 store hit           pol=3 VA=9800000055b00030 PA=055b00030 line=01 hitv=00100000 ro=45062371 tag=055b00 V=11111111 W=00000000 L=00000000
3890 scache  fc88fff0 store miss wo/alloc pol=3 VA=9800000055b00030 PA=055b00030 line=001 hitv=0000 ro=0213 tag=00000 V=1111 W=0011 data=1ded744da1a5ca1f mask=11111111
3890 dmemacc: store 8 addr=055b00030 data=1ded744da1a5ca1f mask=11111111 
3891 icache  fc88fff0 load  hit           pol=3 VA=98000000400fe2c0 PA=0400fe2c0 line=16 hitv=00001000 ro=45670123 tag=0400fe V=00001111 L=00000000
3891 PC=0x98000000400fe2c0 [00000000400fe2c0]	dca90008 ld     $t1,0x8($a1)
[va=9800000054b00008 pa=0000000054b00008]
3891 dcache  dca90008 load  hit           pol=3 VA=9800000054b00008 PA=054b00008 line=00 hitv=10000000 ro=36250147 tag=054b00 V=11111111 W=00000000 L=00000000
3891 Reg write t1=67f77cf7e791e354
3892 PC=0x98000000400fe2c4 [00000000400fe2c4]	fc8affd0 sd     $t2,0xffffffd0($a0)
[va=9800000055b00010 pa=0000000055b00010]
3892 dcache  fc8affd0 store hit           pol=3 VA=9800000055b00010 PA=055b00010 line=00 hitv=00010000 ro=36250147 tag=055b00 V=11111111 W=00000000 L=00000000
3892 scache  fc8affd0 store hit           pol=3 VA=9800000055b00010 PA=055b00010 line=000 hitv=0010 ro=0312 tag=02ad8 V=1111 W=0011 data=1fffffffffffffff mask=11111111
3893 PC=0x98000000400fe2c8 [00000000400fe2c8]	fc89fff8 sd     $t1,0xfffffff8($a0)
[va=9800000055b00038 pa=0000000055b00038]
3893 dcache  fc89fff8 store hit           pol=3 VA=9800000055b00038 PA=055b00038 line=01 hitv=00100000 ro=40623715 tag=055b00 V=11111111 W=00000000 L=00000000
3893 scache  fc89fff8 store miss wo/alloc pol=3 VA=9800000055b00038 PA=055b00038 line=001 hitv=0000 ro=0213 tag=00000 V=1111 W=0011 data=67f77cf7e791e354 mask=11111111
3893 dmemacc: store 8 addr=055b00038 data=67f77cf7e791e354 mask=11111111 
3894 PC=0x98000000400fe2cc [00000000400fe2cc]	fc8fffe8 sd     $t7,0xffffffe8($a0)
[va=9800000055b00028 pa=0000000055b00028]
3894 dcache  fc8fffe8 store hit           pol=3 VA=9800000055b00028 PA=055b00028 line=01 hitv=00100000 ro=40623715 tag=055b00 V=11111111 W=00000000 L=00000000
3894 scache  fc8fffe8 store miss wo/alloc pol=3 VA=9800000055b00028 PA=055b00028 line=001 hitv=0000 ro=0213 tag=00000 V=1111 W=0011 data=7fffffffffffffff mask=11111111
3894 dmemacc: store 8 addr=055b00028 data=7fffffffffffffff mask=11111111 
3895 icache  fc8fffe8 load  hit           pol=3 VA=98000000400fe2d0 PA=0400fe2d0 line=16 hitv=00001000 ro=45670123 tag=0400fe V=00001111 L=00000000
3895 PC=0x98000000400fe2d0 [00000000400fe2d0]	fc880000 sd     $t0,0x0($a0)
[va=9800000055b00040 pa=0000000055b00040]
3895 dcache  fc880000 store hit           pol=3 VA=9800000055b00040 PA=055b00040 line=02 hitv=00000100 ro=64735102 tag=055b00 V=11111111 W=00000000 L=00000000
3895 scache  fc880000 store miss wo/alloc pol=3 VA=9800000055b00040 PA=055b00040 line=002 hitv=0000 ro=3210 tag=00000 V=1111 W=0101 data=1ded744da1a5ca1f mask=11111111
3895 dmemacc: store 8 addr=055b00040 data=1ded744da1a5ca1f mask=11111111 
3896 PC=0x98000000400fe2d4 [00000000400fe2d4]	dca80030 ld     $t0,0x30($a1)
[va=9800000054b00030 pa=0000000054b00030]
3896 dcache  dca80030 load  hit           pol=3 VA=9800000054b00030 PA=054b00030 line=01 hitv=00000010 ro=40623715 tag=054b00 V=11111111 W=00000000 L=00000000
3896 Reg write t0=38017df7d6e910ce
3897 PC=0x98000000400fe2d8 [00000000400fe2d8]	dcaa0010 ld     $t2,0x10($a1)
[va=9800000054b00010 pa=0000000054b00010]
3897 dcache  dcaa0010 load  hit           pol=3 VA=9800000054b00010 PA=054b00010 line=00 hitv=10000000 ro=36250174 tag=054b00 V=11111111 W=00000000 L=00000000
3897 Reg write t2=fffffffffffffffe
3898 PC=0x98000000400fe2dc [00000000400fe2dc]	64a50040 daddiu $a1,$a1,0x40
3898 Reg write a1=9800000054b00040
3899 icache  64a50040 load  hit           pol=3 VA=98000000400fe2e0 PA=0400fe2e0 line=17 hitv=00001000 ro=45670123 tag=0400fe V=00001111 L=00000000
3899 PC=0x98000000400fe2e0 [00000000400fe2e0]	dca90038 ld     $t1,0x38($a1)
[va=9800000054b00078 pa=0000000054b00078]
3899 dcache  dca90038 load  miss refill   pol=3 VA=9800000054b00078 PA=054b00078 line=03 hitv=00000000 ro=32456710 tag=000000 V=11111111 W=00000000 L=00000000
3899 scache  dca90038 load  miss refill   pol=3 VA=9800000054b00078 PA=054b00060 line=003 hitv=0000 ro=3120 tag=00000 V=1111 W=0011
3899 Reg write t1=46d46af32478d280
3900 PC=0x98000000400fe2e4 [00000000400fe2e4]	fc8cffe0 sd     $t4,0xffffffe0($a0)
[va=9800000055b00020 pa=0000000055b00020]
3900 dcache  fc8cffe0 store hit           pol=3 VA=9800000055b00020 PA=055b00020 line=01 hitv=00100000 ro=40623751 tag=055b00 V=11111111 W=00000000 L=00000000
3900 scache  fc8cffe0 store miss wo/alloc pol=3 VA=9800000055b00020 PA=055b00020 line=001 hitv=0000 ro=0213 tag=00000 V=1111 W=0011 data=c34846095e96b0af mask=11111111
3900 dmemacc: store 8 addr=055b00020 data=c34846095e96b0af mask=11111111 
3901 PC=0x98000000400fe2e8 [00000000400fe2e8]	dcaf0028 ld     $t7,0x28($a1)
[va=9800000054b00068 pa=0000000054b00068]
3901 dcache  dcaf0028 load  hit           pol=3 VA=9800000054b00068 PA=054b00068 line=03 hitv=00001000 ro=24567103 tag=054b00 V=11111111 W=00000000 L=00000000
3901 Reg write t7=ffffffffffffe000
3902 PC=0x98000000400fe2ec [00000000400fe2ec]	fc8bffd8 sd     $t3,0xffffffd8($a0)
[va=9800000055b00018 pa=0000000055b00018]
3902 dcache  fc8bffd8 store hit           pol=3 VA=9800000055b00018 PA=055b00018 line=00 hitv=00010000 ro=36250147 tag=055b00 V=11111111 W=00000000 L=00000000
3902 scache  fc8bffd8 store hit           pol=3 VA=9800000055b00018 PA=055b00018 line=000 hitv=0010 ro=0321 tag=02ad8 V=1111 W=0011 data=063e818d72e357df mask=11111111
3903 icache  fc8bffd8 load  hit           pol=3 VA=98000000400fe2f0 PA=0400fe2f0 line=17 hitv=00001000 ro=45670123 tag=0400fe V=00001111 L=00000000
3903 PC=0x98000000400fe2f0 [00000000400fe2f0]	14c0ffed bne    $a2,$r0,0x98000000400fe2a8
3904 PC=0x98000000400fe2f4 [00000000400fe2f4]	64c6ffff daddiu $a2,$a2,0xffff
3904 Reg write a2=0000000000000003
3905 icache  64c6ffff load  hit           pol=3 VA=98000000400fe2a8 PA=0400fe2a0 line=15 hitv=00001000 ro=45670123 tag=0400fe V=00001111 L=00000000
3905 PC=0x98000000400fe2a8 [00000000400fe2a8]	64840040 daddiu $a0,$a0,0x40
3905 Reg write a0=9800000055b00080
3906 PC=0x98000000400fe2ac [00000000400fe2ac]	dca80000 ld     $t0,0x0($a1)
[va=9800000054b00040 pa=0000000054b00040]
3906 dcache  dca80000 load  miss refill   pol=3 VA=9800000054b00040 PA=054b00040 line=02 hitv=00000000 ro=64735102 tag=000000 V=11111111 W=00000000 L=00000000
3906 scache  dca80000 load  miss refill   pol=3 VA=9800000054b00040 PA=054b00040 line=002 hitv=0000 ro=3210 tag=00000 V=1111 W=0101
3906 Reg write t0=5d48d0ed3ed5dee0
3907 icache  dca80000 load  hit           pol=3 VA=98000000400fe2b0 PA=0400fe2b0 line=15 hitv=00001000 ro=45670123 tag=0400fe V=00001111 L=00000000
3907 PC=0x98000000400fe2b0 [00000000400fe2b0]	dcac0020 ld     $t4,0x20($a1)
[va=9800000054b00060 pa=0000000054b00060]
3907 dcache  dcac0020 load  hit           pol=3 VA=9800000054b00060 PA=054b00060 line=03 hitv=00001000 ro=24567103 tag=054b00 V=11111111 W=00000000 L=00000000
3907 Reg write t4=8416ce5c3703c58e
3908 PC=0x98000000400fe2b4 [00000000400fe2b4]	dcab0018 ld     $t3,0x18($a1)
[va=9800000054b00058 pa=0000000054b00058]
3908 dcache  dcab0018 load  hit           pol=3 VA=9800000054b00058 PA=054b00058 line=02 hitv=01000000 ro=47351026 tag=054b00 V=11111111 W=00000000 L=00000000
3908 Reg write t3=8000000000000000
3909 PC=0x98000000400fe2b8 [00000000400fe2b8]	fc890008 sd     $t1,0x8($a0)
[va=9800000055b00088 pa=0000000055b00088]
3909 dcache  fc890008 store hit           pol=3 VA=9800000055b00088 PA=055b00088 line=04 hitv=10000000 ro=56470132 tag=055b00 V=11111111 W=00000000 L=00000000
3909 scache  fc890008 store miss wo/alloc pol=3 VA=9800000055b00088 PA=055b00088 line=004 hitv=0000 ro=3120 tag=00000 V=1111 W=1011 data=46d46af32478d280 mask=11111111
3909 dmemacc: store 8 addr=055b00088 data=46d46af32478d280 mask=11111111 
3910 PC=0x98000000400fe2bc [00000000400fe2bc]	fc88fff0 sd     $t0,0xfffffff0($a0)
[va=9800000055b00070 pa=0000000055b00070]
3910 dcache  fc88fff0 store hit           pol=3 VA=9800000055b00070 PA=055b00070 line=03 hitv=00000100 ro=24567103 tag=055b00 V=11111111 W=00000000 L=00000000
3910 scache  fc88fff0 store miss wo/alloc pol=3 VA=9800000055b00070 PA=055b00070 line=003 hitv=0000 ro=1203 tag=00000 V=1111 W=0011 data=5d48d0ed3ed5dee0 mask=11111111
3910 dmemacc: store 8 addr=055b00070 data=5d48d0ed3ed5dee0 mask=11111111 
3911 icache  fc88fff0 load  hit           pol=3 VA=98000000400fe2c0 PA=0400fe2c0 line=16 hitv=00001000 ro=45670123 tag=0400fe V=00001111 L=00000000
3911 PC=0x98000000400fe2c0 [00000000400fe2c0]	dca90008 ld     $t1,0x8($a1)
[va=9800000054b00048 pa=0000000054b00048]
3911 dcache  dca90008 load  hit           pol=3 VA=9800000054b00048 PA=054b00048 line=02 hitv=01000000 ro=47351026 tag=054b00 V=11111111 W=00000000 L=00000000
3911 Reg write t1=67ae34e3b9fb2ca7
3912 PC=0x98000000400fe2c4 [00000000400fe2c4]	fc8affd0 sd     $t2,0xffffffd0($a0)
[va=9800000055b00050 pa=0000000055b00050]
3912 dcache  fc8affd0 store hit           pol=3 VA=9800000055b00050 PA=055b00050 line=02 hitv=00000100 ro=47351026 tag=055b00 V=11111111 W=00000000 L=00000000
3912 scache  fc8affd0 store miss wo/alloc pol=3 VA=9800000055b00050 PA=055b00050 line=002 hitv=0000 ro=2103 tag=00000 V=1111 W=0101 data=fffffffffffffffe mask=11111111
3912 dmemacc: store 8 addr=055b00050 data=fffffffffffffffe mask=11111111 
3913 PC=0x98000000400fe2c8 [00000000400fe2c8]	fc89fff8 sd     $t1,0xfffffff8($a0)
[va=9800000055b00078 pa=0000000055b00078]
3913 dcache  fc89fff8 store hit           pol=3 VA=9800000055b00078 PA=055b00078 line=03 hitv=00000100 ro=45671032 tag=055b00 V=11111111 W=00000000 L=00000000
3913 scache  fc89fff8 store miss wo/alloc pol=3 VA=9800000055b00078 PA=055b00078 line=003 hitv=0000 ro=1203 tag=00000 V=1111 W=0011 data=67ae34e3b9fb2ca7 mask=11111111
3913 dmemacc: store 8 addr=055b00078 data=67ae34e3b9fb2ca7 mask=11111111 
3914 PC=0x98000000400fe2cc [00000000400fe2cc]	fc8fffe8 sd     $t7,0xffffffe8($a0)
[va=9800000055b00068 pa=0000000055b00068]
3914 dcache  fc8fffe8 store hit           pol=3 VA=9800000055b00068 PA=055b00068 line=03 hitv=00000100 ro=45671032 tag=055b00 V=11111111 W=00000000 L=00000000
3914 scache  fc8fffe8 store miss wo/alloc pol=3 VA=9800000055b00068 PA=055b00068 line=003 hitv=0000 ro=1203 tag=00000 V=1111 W=0011 data=ffffffffffffe000 mask=11111111
3914 dmemacc: store 8 addr=055b00068 data=ffffffffffffe000 mask=11111111 
3915 icache  fc8fffe8 load  hit           pol=3 VA=98000000400fe2d0 PA=0400fe2d0 line=16 hitv=00001000 ro=45670123 tag=0400fe V=00001111 L=00000000
3915 PC=0x98000000400fe2d0 [00000000400fe2d0]	fc880000 sd     $t0,0x0($a0)
[va=9800000055b00080 pa=0000000055b00080]
3915 dcache  fc880000 store hit           pol=3 VA=9800000055b00080 PA=055b00080 line=04 hitv=10000000 ro=56401327 tag=055b00 V=11111111 W=00000000 L=00000000
3915 scache  fc880000 store miss wo/alloc pol=3 VA=9800000055b00080 PA=055b00080 line=004 hitv=0000 ro=3120 tag=00000 V=1111 W=1011 data=5d48d0ed3ed5dee0 mask=11111111
3915 dmemacc: store 8 addr=055b00080 data=5d48d0ed3ed5dee0 mask=11111111 
3916 PC=0x98000000400fe2d4 [00000000400fe2d4]	dca80030 ld     $t0,0x30($a1)
[va=9800000054b00070 pa=0000000054b00070]
3916 dcache  dca80030 load  hit           pol=3 VA=9800000054b00070 PA=054b00070 line=03 hitv=00001000 ro=45671032 tag=054b00 V=11111111 W=00000000 L=00000000
3916 Reg write t0=8000000000000000
3917 PC=0x98000000400fe2d8 [00000000400fe2d8]	dcaa0010 ld     $t2,0x10($a1)
[va=9800000054b00050 pa=0000000054b00050]
3917 dcache  dcaa0010 load  hit           pol=3 VA=9800000054b00050 PA=054b00050 line=02 hitv=01000000 ro=47351062 tag=054b00 V=11111111 W=00000000 L=00000000
3917 Reg write t2=0000000000000001
3918 PC=0x98000000400fe2dc [00000000400fe2dc]	64a50040 daddiu $a1,$a1,0x40
3918 Reg write a1=9800000054b00080
3919 icache  64a50040 load  hit           pol=3 VA=98000000400fe2e0 PA=0400fe2e0 line=17 hitv=00001000 ro=45670123 tag=0400fe V=00001111 L=00000000
3919 PC=0x98000000400fe2e0 [00000000400fe2e0]	dca90038 ld     $t1,0x38($a1)
[va=9800000054b000b8 pa=0000000054b000b8]
3919 dcache  dca90038 load  miss refill   pol=3 VA=9800000054b000b8 PA=054b000b8 line=05 hitv=00000000 ro=23467150 tag=000000 V=11111111 W=00000000 L=00000000
3919 scache  dca90038 load  miss refill   pol=3 VA=9800000054b000b8 PA=054b000a0 line=005 hitv=0000 ro=0123 tag=00000 V=1111 W=0101
3919 dmemacc: store 8 addr=047b000a0 data=7fffffffffffffff mask=11111111 cline 
3919 dmemacc: store 8 addr=047b000a8 data=57596ae3601fd771 mask=11111111 cline 
3919 dmemacc: store 8 addr=047b000b0 data=e000000000000000 mask=11111111 cline 
3919 dmemacc: store 8 addr=047b000b8 data=ffffffffffffffff mask=11111111 cline 
3919 Reg write t1=0000000000ffffff
3920 PC=0x98000000400fe2e4 [00000000400fe2e4]	fc8cffe0 sd     $t4,0xffffffe0($a0)
[va=9800000055b00060 pa=0000000055b00060]
3920 dcache  fc8cffe0 store hit           pol=3 VA=9800000055b00060 PA=055b00060 line=03 hitv=00000100 ro=45671023 tag=055b00 V=11111111 W=00000000 L=00000000
3920 scache  fc8cffe0 store miss wo/alloc pol=3 VA=9800000055b00060 PA=055b00060 line=003 hitv=0000 ro=1203 tag=00000 V=1111 W=0011 data=8416ce5c3703c58e mask=11111111
3920 dmemacc: store 8 addr=055b00060 data=8416ce5c3703c58e mask=11111111 
3921 PC=0x98000000400fe2e8 [00000000400fe2e8]	dcaf0028 ld     $t7,0x28($a1)
[va=9800000054b000a8 pa=0000000054b000a8]
3921 dcache  dcaf0028 load  hit           pol=3 VA=9800000054b000a8 PA=054b000a8 line=05 hitv=00000100 ro=34671502 tag=054b00 V=11111111 W=00000000 L=00000000
3921 Reg write t7=f6e56bcdd754633a
3922 PC=0x98000000400fe2ec [00000000400fe2ec]	fc8bffd8 sd     $t3,0xffffffd8($a0)
[va=9800000055b00058 pa=0000000055b00058]
3922 dcache  fc8bffd8 store hit           pol=3 VA=9800000055b00058 PA=055b00058 line=02 hitv=00000100 ro=47351026 tag=055b00 V=11111111 W=00000000 L=00000000
3922 scache  fc8bffd8 store miss wo/alloc pol=3 VA=9800000055b00058 PA=055b00058 line=002 hitv=0000 ro=2103 tag=00000 V=1111 W=0101 data=8000000000000000 mask=11111111
3922 dmemacc: store 8 addr=055b00058 data=8000000000000000 mask=11111111 
3923 icache  fc8bffd8 load  hit           pol=3 VA=98000000400fe2f0 PA=0400fe2f0 line=17 hitv=00001000 ro=45670123 tag=0400fe V=00001111 L=00000000
3923 PC=0x98000000400fe2f0 [00000000400fe2f0]	14c0ffed bne    $a2,$r0,0x98000000400fe2a8
3924 PC=0x98000000400fe2f4 [00000000400fe2f4]	64c6ffff daddiu $a2,$a2,0xffff
3924 Reg write a2=0000000000000002
3925 icache  64c6ffff load  hit           pol=3 VA=98000000400fe2a8 PA=0400fe2a0 line=15 hitv=00001000 ro=45670123 tag=0400fe V=00001111 L=00000000
3925 PC=0x98000000400fe2a8 [00000000400fe2a8]	64840040 daddiu $a0,$a0,0x40
3925 Reg write a0=9800000055b000c0
3926 PC=0x98000000400fe2ac [00000000400fe2ac]	dca80000 ld     $t0,0x0($a1)
[va=9800000054b00080 pa=0000000054b00080]
3926 dcache  dca80000 load  miss refill   pol=3 VA=9800000054b00080 PA=054b00080 line=04 hitv=00000000 ro=56401327 tag=000000 V=11111111 W=00000000 L=00000000
3926 scache  dca80000 load  miss refill   pol=3 VA=9800000054b00080 PA=054b00080 line=004 hitv=0000 ro=3120 tag=00000 V=1111 W=1011
3926 dmemacc: store 8 addr=047b00080 data=7fffffffffffffff mask=11111111 cline 
3926 dmemacc: store 8 addr=047b00088 data=53242545cccd300a mask=11111111 cline 
3926 dmemacc: store 8 addr=047b00090 data=574340519072e189 mask=11111111 cline 
3926 dmemacc: store 8 addr=047b00098 data=b5bc2a4478d30b65 mask=11111111 cline 
3926 Reg write t0=df916c09db59889e
3927 icache  dca80000 load  hit           pol=3 VA=98000000400fe2b0 PA=0400fe2b0 line=15 hitv=00001000 ro=45670123 tag=0400fe V=00001111 L=00000000
3927 PC=0x98000000400fe2b0 [00000000400fe2b0]	dcac0020 ld     $t4,0x20($a1)
[va=9800000054b000a0 pa=0000000054b000a0]
3927 dcache  dcac0020 load  hit           pol=3 VA=9800000054b000a0 PA=054b000a0 line=05 hitv=00000100 ro=34671502 tag=054b00 V=11111111 W=00000000 L=00000000
3927 Reg write t4=d91cc2354909ff51
3928 PC=0x98000000400fe2b4 [00000000400fe2b4]	dcab0018 ld     $t3,0x18($a1)
[va=9800000054b00098 pa=0000000054b00098]
3928 dcache  dcab0018 load  hit           pol=3 VA=9800000054b00098 PA=054b00098 line=04 hitv=00100000 ro=64013275 tag=054b00 V=11111111 W=00000000 L=00000000
3928 Reg write t3=53411d0380108a11
3929 PC=0x98000000400fe2b8 [00000000400fe2b8]	fc890008 sd     $t1,0x8($a0)
[va=9800000055b000c8 pa=0000000055b000c8]
3929 dcache  fc890008 store hit           pol=3 VA=9800000055b000c8 PA=055b000c8 line=06 hitv=00100000 ro=01256734 tag=055b00 V=11111111 W=00000000 L=00000000
3929 scache  fc890008 store hit           pol=3 VA=9800000055b000c8 PA=055b000c8 line=006 hitv=0010 ro=0132 tag=02ad8 V=1111 W=1111 data=0000000000ffffff mask=11111111
3930 PC=0x98000000400fe2bc [00000000400fe2bc]	fc88fff0 sd     $t0,0xfffffff0($a0)
[va=9800000055b000b0 pa=0000000055b000b0]
3930 dcache  fc88fff0 store hit           pol=3 VA=9800000055b000b0 PA=055b000b0 line=05 hitv=01000000 ro=34671502 tag=055b00 V=11111111 W=00000000 L=00000000
3930 scache  fc88fff0 store miss wo/alloc pol=3 VA=9800000055b000b0 PA=055b000b0 line=005 hitv=0000 ro=1230 tag=00000 V=1111 W=0100 data=df916c09db59889e mask=11111111
3930 dmemacc: store 8 addr=055b000b0 data=df916c09db59889e mask=11111111 
3931 icache  fc88fff0 load  hit           pol=3 VA=98000000400fe2c0 PA=0400fe2c0 line=16 hitv=00001000 ro=45670123 tag=0400fe V=00001111 L=00000000
3931 PC=0x98000000400fe2c0 [00000000400fe2c0]	dca90008 ld     $t1,0x8($a1)
[va=9800000054b00088 pa=0000000054b00088]
3931 dcache  dca90008 load  hit           pol=3 VA=9800000054b00088 PA=054b00088 line=04 hitv=00100000 ro=64013275 tag=054b00 V=11111111 W=00000000 L=00000000
3931 Reg write t1=3390b3fe2e12eded
3932 PC=0x98000000400fe2c4 [00000000400fe2c4]	fc8affd0 sd     $t2,0xffffffd0($a0)
[va=9800000055b00090 pa=0000000055b00090]
3932 dcache  fc8affd0 store hit           pol=3 VA=9800000055b00090 PA=055b00090 line=04 hitv=10000000 ro=64013275 tag=055b00 V=11111111 W=00000000 L=00000000
3932 scache  fc8affd0 store miss wo/alloc pol=3 VA=9800000055b00090 PA=055b00090 line=004 hitv=0000 ro=1203 tag=00000 V=1111 W=0011 data=0000000000000001 mask=11111111
3932 dmemacc: store 8 addr=055b00090 data=0000000000000001 mask=11111111 
3933 PC=0x98000000400fe2c8 [00000000400fe2c8]	fc89fff8 sd     $t1,0xfffffff8($a0)
[va=9800000055b000b8 pa=0000000055b000b8]
3933 dcache  fc89fff8 store hit           pol=3 VA=9800000055b000b8 PA=055b000b8 line=05 hitv=01000000 ro=34715026 tag=055b00 V=11111111 W=00000000 L=00000000
3933 scache  fc89fff8 store miss wo/alloc pol=3 VA=9800000055b000b8 PA=055b000b8 line=005 hitv=0000 ro=1230 tag=00000 V=1111 W=0100 data=3390b3fe2e12eded mask=11111111
3933 dmemacc: store 8 addr=055b000b8 data=3390b3fe2e12eded mask=11111111 
3934 PC=0x98000000400fe2cc [00000000400fe2cc]	fc8fffe8 sd     $t7,0xffffffe8($a0)
[va=9800000055b000a8 pa=0000000055b000a8]
3934 dcache  fc8fffe8 store hit           pol=3 VA=9800000055b000a8 PA=055b000a8 line=05 hitv=01000000 ro=34715026 tag=055b00 V=11111111 W=00000000 L=00000000
3934 scache  fc8fffe8 store miss wo/alloc pol=3 VA=9800000055b000a8 PA=055b000a8 line=005 hitv=0000 ro=1230 tag=00000 V=1111 W=0100 data=f6e56bcdd754633a mask=11111111
3934 dmemacc: store 8 addr=055b000a8 data=f6e56bcdd754633a mask=11111111 
3935 icache  fc8fffe8 load  hit           pol=3 VA=98000000400fe2d0 PA=0400fe2d0 line=16 hitv=00001000 ro=45670123 tag=0400fe V=00001111 L=00000000
3935 PC=0x98000000400fe2d0 [00000000400fe2d0]	fc880000 sd     $t0,0x0($a0)
[va=9800000055b000c0 pa=0000000055b000c0]
3935 dcache  fc880000 store hit           pol=3 VA=9800000055b000c0 PA=055b000c0 line=06 hitv=00100000 ro=01267345 tag=055b00 V=11111111 W=00000000 L=00000000
3935 scache  fc880000 store hit           pol=3 VA=9800000055b000c0 PA=055b000c0 line=006 hitv=0010 ro=0321 tag=02ad8 V=1111 W=1111 data=df916c09db59889e mask=11111111
3936 PC=0x98000000400fe2d4 [00000000400fe2d4]	dca80030 ld     $t0,0x30($a1)
[va=9800000054b000b0 pa=0000000054b000b0]
3936 dcache  dca80030 load  hit           pol=3 VA=9800000054b000b0 PA=054b000b0 line=05 hitv=00000100 ro=34715026 tag=054b00 V=11111111 W=00000000 L=00000000
3936 Reg write t0=00af2e5bd2ef9fee
3937 PC=0x98000000400fe2d8 [00000000400fe2d8]	dcaa0010 ld     $t2,0x10($a1)
[va=9800000054b00090 pa=0000000054b00090]
3937 dcache  dcaa0010 load  hit           pol=3 VA=9800000054b00090 PA=054b00090 line=04 hitv=00100000 ro=64013257 tag=054b00 V=11111111 W=00000000 L=00000000
3937 Reg write t2=99d9d23c458cda4e
3938 PC=0x98000000400fe2dc [00000000400fe2dc]	64a50040 daddiu $a1,$a1,0x40
3938 Reg write a1=9800000054b000c0
3939 icache  64a50040 load  hit           pol=3 VA=98000000400fe2e0 PA=0400fe2e0 line=17 hitv=00001000 ro=45670123 tag=0400fe V=00001111 L=00000000
3939 PC=0x98000000400fe2e0 [00000000400fe2e0]	dca90038 ld     $t1,0x38($a1)
[va=9800000054b000f8 pa=0000000054b000f8]
3939 dcache  dca90038 load  miss refill   pol=3 VA=9800000054b000f8 PA=054b000f8 line=07 hitv=00000000 ro=51723640 tag=000000 V=11111111 W=00000000 L=00000000
3939 scache  dca90038 load  miss refill   pol=3 VA=9800000054b000f8 PA=054b000e0 line=007 hitv=0000 ro=2301 tag=00000 V=1111 W=1100
3939 dmemacc: store 8 addr=046b000e0 data=1f2728489901bc5c mask=11111111 cline 
3939 dmemacc: store 8 addr=046b000e8 data=32673b8e1a4021b8 mask=11111111 cline 
3939 dmemacc: store 8 addr=046b000f0 data=1153862b76edc7a6 mask=11111111 cline 
3939 dmemacc: store 8 addr=046b000f8 data=5555555555555555 mask=11111111 cline 
3939 Reg write t1=4702a12ecc604ce3
3940 PC=0x98000000400fe2e4 [00000000400fe2e4]	fc8cffe0 sd     $t4,0xffffffe0($a0)
[va=9800000055b000a0 pa=0000000055b000a0]
3940 dcache  fc8cffe0 store hit           pol=3 VA=9800000055b000a0 PA=055b000a0 line=05 hitv=01000000 ro=34715062 tag=055b00 V=11111111 W=00000000 L=00000000
3940 scache  fc8cffe0 store miss wo/alloc pol=3 VA=9800000055b000a0 PA=055b000a0 line=005 hitv=0000 ro=1230 tag=00000 V=1111 W=0100 data=d91cc2354909ff51 mask=11111111
3940 dmemacc: store 8 addr=055b000a0 data=d91cc2354909ff51 mask=11111111 
3941 PC=0x98000000400fe2e8 [00000000400fe2e8]	dcaf0028 ld     $t7,0x28($a1)
[va=9800000054b000e8 pa=0000000054b000e8]
3941 dcache  dcaf0028 load  hit           pol=3 VA=9800000054b000e8 PA=054b000e8 line=07 hitv=00100000 ro=17236405 tag=054b00 V=11111111 W=00000000 L=00000000
3941 Reg write t7=a046e6b3a0d79a0e
3942 PC=0x98000000400fe2ec [00000000400fe2ec]	fc8bffd8 sd     $t3,0xffffffd8($a0)
[va=9800000055b00098 pa=0000000055b00098]
3942 dcache  fc8bffd8 store hit           pol=3 VA=9800000055b00098 PA=055b00098 line=04 hitv=10000000 ro=64013275 tag=055b00 V=11111111 W=00000000 L=00000000
3942 scache  fc8bffd8 store miss wo/alloc pol=3 VA=9800000055b00098 PA=055b00098 line=004 hitv=0000 ro=1203 tag=00000 V=1111 W=0011 data=53411d0380108a11 mask=11111111
3942 dmemacc: store 8 addr=055b00098 data=53411d0380108a11 mask=11111111 
3943 icache  fc8bffd8 load  hit           pol=3 VA=98000000400fe2f0 PA=0400fe2f0 line=17 hitv=00001000 ro=45670123 tag=0400fe V=00001111 L=00000000
3943 PC=0x98000000400fe2f0 [00000000400fe2f0]	14c0ffed bne    $a2,$r0,0x98000000400fe2a8
3944 PC=0x98000000400fe2f4 [00000000400fe2f4]	64c6ffff daddiu $a2,$a2,0xffff
3944 Reg write a2=0000000000000001
3945 icache  64c6ffff load  hit           pol=3 VA=98000000400fe2a8 PA=0400fe2a0 line=15 hitv=00001000 ro=45670123 tag=0400fe V=00001111 L=00000000
3945 PC=0x98000000400fe2a8 [00000000400fe2a8]	64840040 daddiu $a0,$a0,0x40
3945 Reg write a0=9800000055b00100
3946 PC=0x98000000400fe2ac [00000000400fe2ac]	dca80000 ld     $t0,0x0($a1)
[va=9800000054b000c0 pa=0000000054b000c0]
3946 dcache  dca80000 load  miss refill   pol=3 VA=9800000054b000c0 PA=054b000c0 line=06 hitv=00000000 ro=01267345 tag=000000 V=11111111 W=00000000 L=00000000
3946 scache  dca80000 load  miss refill   pol=3 VA=9800000054b000c0 PA=054b000c0 line=006 hitv=0000 ro=0321 tag=00000 V=1111 W=1111
3946 dmemacc: store 8 addr=05ab000c0 data=a41a1f099e934724 mask=11111111 cline 
3946 dmemacc: store 8 addr=05ab000c8 data=6f690a19099f9e55 mask=11111111 cline 
3946 dmemacc: store 8 addr=05ab000d0 data=202c8045888a7710 mask=11111111 cline 
3946 dmemacc: store 8 addr=05ab000d8 data=fff8000000000000 mask=11111111 cline 
3946 Reg write t0=0f0f0f0f0f0f0f0f
3947 icache  dca80000 load  hit           pol=3 VA=98000000400fe2b0 PA=0400fe2b0 line=15 hitv=00001000 ro=45670123 tag=0400fe V=00001111 L=00000000
3947 PC=0x98000000400fe2b0 [00000000400fe2b0]	dcac0020 ld     $t4,0x20($a1)
[va=9800000054b000e0 pa=0000000054b000e0]
3947 dcache  dcac0020 load  hit           pol=3 VA=9800000054b000e0 PA=054b000e0 line=07 hitv=00100000 ro=17236405 tag=054b00 V=11111111 W=00000000 L=00000000
3947 Reg write t4=0000000000000001
3948 PC=0x98000000400fe2b4 [00000000400fe2b4]	dcab0018 ld     $t3,0x18($a1)
[va=9800000054b000d8 pa=0000000054b000d8]
3948 dcache  dcab0018 load  hit           pol=3 VA=9800000054b000d8 PA=054b000d8 line=06 hitv=00000001 ro=12673450 tag=054b00 V=11111111 W=00000000 L=00000000
3948 Reg write t3=17982178d3d31ba9
3949 PC=0x98000000400fe2b8 [00000000400fe2b8]	fc890008 sd     $t1,0x8($a0)
[va=9800000055b00108 pa=0000000055b00108]
3949 dcache  fc890008 store hit           pol=3 VA=9800000055b00108 PA=055b00108 line=08 hitv=00000001 ro=32567041 tag=055b00 V=11111111 W=00000000 L=00000000
3949 scache  fc890008 store hit           pol=3 VA=9800000055b00108 PA=055b00108 line=008 hitv=0100 ro=0123 tag=02ad8 V=1111 W=1110 data=4702a12ecc604ce3 mask=11111111
3950 PC=0x98000000400fe2bc [00000000400fe2bc]	fc88fff0 sd     $t0,0xfffffff0($a0)
[va=9800000055b000f0 pa=0000000055b000f0]
3950 dcache  fc88fff0 store miss w/alloc  pol=3 VA=9800000055b000f0 PA=055b000f0 line=07 hitv=00000000 ro=17236405 tag=000000 V=11111111 W=00000000 L=00000000
3950 scache  fc88fff0 store miss w/alloc  pol=3 VA=9800000055b000f0 PA=055b000f0 line=007 hitv=0000 ro=3012 tag=00000 V=1111 W=1000 data=0f0f0f0f0f0f0f0f mask=11111111
3950 dmemacc: store 8 addr=0432000e0 data=c000000000000000 mask=11111111 cline 
3950 dmemacc: store 8 addr=0432000e8 data=9900142ac82e6b1d mask=11111111 cline 
3950 dmemacc: store 8 addr=0432000f0 data=9901bc5c9778b606 mask=11111111 cline 
3950 dmemacc: store 8 addr=0432000f8 data=8000000000000000 mask=11111111 cline 
3951 icache  fc88fff0 load  hit           pol=3 VA=98000000400fe2c0 PA=0400fe2c0 line=16 hitv=00001000 ro=45670123 tag=0400fe V=00001111 L=00000000
3951 PC=0x98000000400fe2c0 [00000000400fe2c0]	dca90008 ld     $t1,0x8($a1)
[va=9800000054b000c8 pa=0000000054b000c8]
3951 dcache  dca90008 load  hit           pol=3 VA=9800000054b000c8 PA=054b000c8 line=06 hitv=00000001 ro=12673450 tag=054b00 V=11111111 W=00000000 L=00000000
3951 Reg write t1=8ff93ba46fd412b9
3952 PC=0x98000000400fe2c4 [00000000400fe2c4]	fc8affd0 sd     $t2,0xffffffd0($a0)
[va=9800000055b000d0 pa=0000000055b000d0]
3952 dcache  fc8affd0 store hit           pol=3 VA=9800000055b000d0 PA=055b000d0 line=06 hitv=00100000 ro=12673450 tag=055b00 V=11111111 W=00000000 L=00000000
3952 scache  fc8affd0 store hit           pol=3 VA=9800000055b000d0 PA=055b000d0 line=006 hitv=0010 ro=3210 tag=02ad8 V=1111 W=1110 data=99d9d23c458cda4e mask=11111111
3953 PC=0x98000000400fe2c8 [00000000400fe2c8]	fc89fff8 sd     $t1,0xfffffff8($a0)
[va=9800000055b000f8 pa=0000000055b000f8]
3953 dcache  fc89fff8 store hit           pol=3 VA=9800000055b000f8 PA=055b000f8 line=07 hitv=00000010 ro=72364051 tag=055b00 V=11111111 W=00000000 L=00000000
3953 scache  fc89fff8 store hit           pol=3 VA=9800000055b000f8 PA=055b000f8 line=007 hitv=1000 ro=0123 tag=02ad8 V=1111 W=1000 data=8ff93ba46fd412b9 mask=11111111
3954 PC=0x98000000400fe2cc [00000000400fe2cc]	fc8fffe8 sd     $t7,0xffffffe8($a0)
[va=9800000055b000e8 pa=0000000055b000e8]
3954 dcache  fc8fffe8 store hit           pol=3 VA=9800000055b000e8 PA=055b000e8 line=07 hitv=00000010 ro=72364051 tag=055b00 V=11111111 W=00000000 L=00000000
3954 scache  fc8fffe8 store hit           pol=3 VA=9800000055b000e8 PA=055b000e8 line=007 hitv=1000 ro=0123 tag=02ad8 V=1111 W=1000 data=a046e6b3a0d79a0e mask=11111111
3955 icache  fc8fffe8 load  hit           pol=3 VA=98000000400fe2d0 PA=0400fe2d0 line=16 hitv=00001000 ro=45670123 tag=0400fe V=00001111 L=00000000
3955 PC=0x98000000400fe2d0 [00000000400fe2d0]	fc880000 sd     $t0,0x0($a0)
[va=9800000055b00100 pa=0000000055b00100]
3955 dcache  fc880000 store hit           pol=3 VA=9800000055b00100 PA=055b00100 line=08 hitv=00000001 ro=32567410 tag=055b00 V=11111111 W=00000000 L=00000000
3955 scache  fc880000 store hit           pol=3 VA=9800000055b00100 PA=055b00100 line=008 hitv=0100 ro=0132 tag=02ad8 V=1111 W=1110 data=0f0f0f0f0f0f0f0f mask=11111111
3956 PC=0x98000000400fe2d4 [00000000400fe2d4]	dca80030 ld     $t0,0x30($a1)
[va=9800000054b000f0 pa=0000000054b000f0]
3956 dcache  dca80030 load  hit           pol=3 VA=9800000054b000f0 PA=054b000f0 line=07 hitv=00100000 ro=72364051 tag=054b00 V=11111111 W=00000000 L=00000000
3956 Reg write t0=aaaaaaaaaaaaaaaa
3957 PC=0x98000000400fe2d8 [00000000400fe2d8]	dcaa0010 ld     $t2,0x10($a1)
[va=9800000054b000d0 pa=0000000054b000d0]
3957 dcache  dcaa0010 load  hit           pol=3 VA=9800000054b000d0 PA=054b000d0 line=06 hitv=00000001 ro=12673405 tag=054b00 V=11111111 W=00000000 L=00000000
3957 Reg write t2=6b03aee23169d649
3958 PC=0x98000000400fe2dc [00000000400fe2dc]	64a50040 daddiu $a1,$a1,0x40
3958 Reg write a1=9800000054b00100
3959 icache  64a50040 load  hit           pol=3 VA=98000000400fe2e0 PA=0400fe2e0 line=17 hitv=00001000 ro=45670123 tag=0400fe V=00001111 L=00000000
3959 PC=0x98000000400fe2e0 [00000000400fe2e0]	dca90038 ld     $t1,0x38($a1)
[va=9800000054b00138 pa=0000000054b00138]
3959 dcache  dca90038 load  miss refill   pol=3 VA=9800000054b00138 PA=054b00138 line=09 hitv=00000000 ro=34567012 tag=000000 V=11111111 W=00000000 L=00000000
3959 scache  dca90038 load  miss refill   pol=3 VA=9800000054b00138 PA=054b00120 line=009 hitv=0000 ro=2301 tag=00000 V=1111 W=1111
3959 dmemacc: store 8 addr=05ab00120 data=8000000000000000 mask=11111111 cline 
3959 dmemacc: store 8 addr=05ab00128 data=8e6869658627f85b mask=11111111 cline 
3959 dmemacc: store 8 addr=05ab00130 data=0150e23584ec4da8 mask=11111111 cline 
3959 dmemacc: store 8 addr=05ab00138 data=fca724fee827e3e3 mask=11111111 cline 
3959 Reg write t1=3cc45e16467c307a
3960 PC=0x98000000400fe2e4 [00000000400fe2e4]	fc8cffe0 sd     $t4,0xffffffe0($a0)
[va=9800000055b000e0 pa=0000000055b000e0]
3960 dcache  fc8cffe0 store hit           pol=3 VA=9800000055b000e0 PA=055b000e0 line=07 hitv=00000010 ro=72364015 tag=055b00 V=11111111 W=00000000 L=00000000
3960 scache  fc8cffe0 store hit           pol=3 VA=9800000055b000e0 PA=055b000e0 line=007 hitv=1000 ro=0123 tag=02ad8 V=1111 W=1000 data=0000000000000001 mask=11111111
3961 PC=0x98000000400fe2e8 [00000000400fe2e8]	dcaf0028 ld     $t7,0x28($a1)
[va=9800000054b00128 pa=0000000054b00128]
3961 dcache  dcaf0028 load  hit           pol=3 VA=9800000054b00128 PA=054b00128 line=09 hitv=00001000 ro=45670123 tag=054b00 V=11111111 W=00000000 L=00000000
3961 Reg write t7=bcd68e98478fb396
3962 PC=0x98000000400fe2ec [00000000400fe2ec]	fc8bffd8 sd     $t3,0xffffffd8($a0)
[va=9800000055b000d8 pa=0000000055b000d8]
3962 dcache  fc8bffd8 store hit           pol=3 VA=9800000055b000d8 PA=055b000d8 line=06 hitv=00100000 ro=12673450 tag=055b00 V=11111111 W=00000000 L=00000000
3962 scache  fc8bffd8 store hit           pol=3 VA=9800000055b000d8 PA=055b000d8 line=006 hitv=0010 ro=3201 tag=02ad8 V=1111 W=1110 data=17982178d3d31ba9 mask=11111111
3963 icache  fc8bffd8 load  hit           pol=3 VA=98000000400fe2f0 PA=0400fe2f0 line=17 hitv=00001000 ro=45670123 tag=0400fe V=00001111 L=00000000
3963 PC=0x98000000400fe2f0 [00000000400fe2f0]	14c0ffed bne    $a2,$r0,0x98000000400fe2a8
3964 PC=0x98000000400fe2f4 [00000000400fe2f4]	64c6ffff daddiu $a2,$a2,0xffff
3964 Reg write a2=0000000000000000
3965 icache  64c6ffff load  hit           pol=3 VA=98000000400fe2a8 PA=0400fe2a0 line=15 hitv=00001000 ro=45670123 tag=0400fe V=00001111 L=00000000
3965 PC=0x98000000400fe2a8 [00000000400fe2a8]	64840040 daddiu $a0,$a0,0x40
3965 Reg write a0=9800000055b00140
3966 PC=0x98000000400fe2ac [00000000400fe2ac]	dca80000 ld     $t0,0x0($a1)
[va=9800000054b00100 pa=0000000054b00100]
3966 dcache  dca80000 load  miss refill   pol=3 VA=9800000054b00100 PA=054b00100 line=08 hitv=00000000 ro=32567410 tag=000000 V=11111111 W=00000000 L=00000000
3966 scache  dca80000 load  miss refill   pol=3 VA=9800000054b00100 PA=054b00100 line=008 hitv=0000 ro=0132 tag=00000 V=1111 W=1110
3966 Reg write t0=d5a0ec54a8235790
3967 icache  dca80000 load  hit           pol=3 VA=98000000400fe2b0 PA=0400fe2b0 line=15 hitv=00001000 ro=45670123 tag=0400fe V=00001111 L=00000000
3967 PC=0x98000000400fe2b0 [00000000400fe2b0]	dcac0020 ld     $t4,0x20($a1)
[va=9800000054b00120 pa=0000000054b00120]
3967 dcache  dcac0020 load  hit           pol=3 VA=9800000054b00120 PA=054b00120 line=09 hitv=00001000 ro=45670123 tag=054b00 V=11111111 W=00000000 L=00000000
3967 Reg write t4=275c23e14ab06bf1
3968 PC=0x98000000400fe2b4 [00000000400fe2b4]	dcab0018 ld     $t3,0x18($a1)
[va=9800000054b00118 pa=0000000054b00118]
3968 dcache  dcab0018 load  hit           pol=3 VA=9800000054b00118 PA=054b00118 line=08 hitv=00001000 ro=25674103 tag=054b00 V=11111111 W=00000000 L=00000000
3968 Reg write t3=b02d6839ddc96570
3969 PC=0x98000000400fe2b8 [00000000400fe2b8]	fc890008 sd     $t1,0x8($a0)
[va=9800000055b00148 pa=0000000055b00148]
3969 dcache  fc890008 store hit           pol=3 VA=9800000055b00148 PA=055b00148 line=0a hitv=00000100 ro=51607243 tag=055b00 V=11111111 W=00000000 L=00000000
3969 scache  fc890008 store hit           pol=3 VA=9800000055b00148 PA=055b00148 line=00a hitv=0010 ro=2310 tag=02ad8 V=1111 W=1011 data=3cc45e16467c307a mask=11111111
3970 PC=0x98000000400fe2bc [00000000400fe2bc]	fc88fff0 sd     $t0,0xfffffff0($a0)
[va=9800000055b00130 pa=0000000055b00130]
3970 dcache  fc88fff0 store hit           pol=3 VA=9800000055b00130 PA=055b00130 line=09 hitv=00000001 ro=45670123 tag=055b00 V=11111111 W=00000000 L=00000000
3970 scache  fc88fff0 store hit           pol=3 VA=9800000055b00130 PA=055b00130 line=009 hitv=1000 ro=3012 tag=02ad8 V=1111 W=1011 data=d5a0ec54a8235790 mask=11111111
3971 icache  fc88fff0 load  hit           pol=3 VA=98000000400fe2c0 PA=0400fe2c0 line=16 hitv=00001000 ro=45670123 tag=0400fe V=00001111 L=00000000
3971 PC=0x98000000400fe2c0 [00000000400fe2c0]	dca90008 ld     $t1,0x8($a1)
[va=9800000054b00108 pa=0000000054b00108]
3971 dcache  dca90008 load  hit           pol=3 VA=9800000054b00108 PA=054b00108 line=08 hitv=00001000 ro=25674103 tag=054b00 V=11111111 W=00000000 L=00000000
3971 Reg write t1=e65507ff884c72f0
3972 PC=0x98000000400fe2c4 [00000000400fe2c4]	fc8affd0 sd     $t2,0xffffffd0($a0)
[va=9800000055b00110 pa=0000000055b00110]
3972 dcache  fc8affd0 store hit           pol=3 VA=9800000055b00110 PA=055b00110 line=08 hitv=00000001 ro=25674103 tag=055b00 V=11111111 W=00000000 L=00000000
3972 scache  fc8affd0 store hit           pol=3 VA=9800000055b00110 PA=055b00110 line=008 hitv=0100 ro=1320 tag=02ad8 V=1111 W=1110 data=6b03aee23169d649 mask=11111111
3973 PC=0x98000000400fe2c8 [00000000400fe2c8]	fc89fff8 sd     $t1,0xfffffff8($a0)
[va=9800000055b00138 pa=0000000055b00138]
3973 dcache  fc89fff8 store hit           pol=3 VA=9800000055b00138 PA=055b00138 line=09 hitv=00000001 ro=45671230 tag=055b00 V=11111111 W=00000000 L=00000000
3973 scache  fc89fff8 store hit           pol=3 VA=9800000055b00138 PA=055b00138 line=009 hitv=1000 ro=0123 tag=02ad8 V=1111 W=1011 data=e65507ff884c72f0 mask=11111111
3974 PC=0x98000000400fe2cc [00000000400fe2cc]	fc8fffe8 sd     $t7,0xffffffe8($a0)
[va=9800000055b00128 pa=0000000055b00128]
3974 dcache  fc8fffe8 store hit           pol=3 VA=9800000055b00128 PA=055b00128 line=09 hitv=00000001 ro=45671230 tag=055b00 V=11111111 W=00000000 L=00000000
3974 scache  fc8fffe8 store hit           pol=3 VA=9800000055b00128 PA=055b00128 line=009 hitv=1000 ro=0123 tag=02ad8 V=1111 W=1011 data=bcd68e98478fb396 mask=11111111
3975 icache  fc8fffe8 load  hit           pol=3 VA=98000000400fe2d0 PA=0400fe2d0 line=16 hitv=00001000 ro=45670123 tag=0400fe V=00001111 L=00000000
3975 PC=0x98000000400fe2d0 [00000000400fe2d0]	fc880000 sd     $t0,0x0($a0)
[va=9800000055b00140 pa=0000000055b00140]
3975 dcache  fc880000 store hit           pol=3 VA=9800000055b00140 PA=055b00140 line=0a hitv=00000100 ro=51607432 tag=055b00 V=11111111 W=00000000 L=00000000
3975 scache  fc880000 store hit           pol=3 VA=9800000055b00140 PA=055b00140 line=00a hitv=0010 ro=2301 tag=02ad8 V=1111 W=1011 data=d5a0ec54a8235790 mask=11111111
3976 PC=0x98000000400fe2d4 [00000000400fe2d4]	dca80030 ld     $t0,0x30($a1)
[va=9800000054b00130 pa=0000000054b00130]
3976 dcache  dca80030 load  hit           pol=3 VA=9800000054b00130 PA=054b00130 line=09 hitv=00001000 ro=45671230 tag=054b00 V=11111111 W=00000000 L=00000000
3976 Reg write t0=ed63c3fbf5838214
3977 PC=0x98000000400fe2d8 [00000000400fe2d8]	dcaa0010 ld     $t2,0x10($a1)
[va=9800000054b00110 pa=0000000054b00110]
3977 dcache  dcaa0010 load  hit           pol=3 VA=9800000054b00110 PA=054b00110 line=08 hitv=00001000 ro=25674130 tag=054b00 V=11111111 W=00000000 L=00000000
3977 Reg write t2=e6f8c35202c07b27
3978 PC=0x98000000400fe2dc [00000000400fe2dc]	64a50040 daddiu $a1,$a1,0x40
3978 Reg write a1=9800000054b00140
3979 icache  64a50040 load  hit           pol=3 VA=98000000400fe2e0 PA=0400fe2e0 line=17 hitv=00001000 ro=45670123 tag=0400fe V=00001111 L=00000000
3979 PC=0x98000000400fe2e0 [00000000400fe2e0]	dca90038 ld     $t1,0x38($a1)
[va=9800000054b00178 pa=0000000054b00178]
3979 dcache  dca90038 load  miss refill   pol=3 VA=9800000054b00178 PA=054b00178 line=0b hitv=00000000 ro=46527031 tag=000000 V=11111111 W=00000000 L=00000000
3979 scache  dca90038 load  miss refill   pol=3 VA=9800000054b00178 PA=054b00160 line=00b hitv=0000 ro=3201 tag=00000 V=1111 W=1101
3979 dmemacc: store 8 addr=04b200160 data=980000004a500060 mask=11111111 cline 
3979 dmemacc: store 8 addr=04b200168 data=ffffffffffffffff mask=11111111 cline 
3979 dmemacc: store 8 addr=04b200170 data=0d0a98dcd438691b mask=11111111 cline 
3979 dmemacc: store 8 addr=04b200178 data=bf877b5d3e0d2ce5 mask=11111111 cline 
3979 Reg write t1=1fffffffffffffff
3980 PC=0x98000000400fe2e4 [00000000400fe2e4]	fc8cffe0 sd     $t4,0xffffffe0($a0)
[va=9800000055b00120 pa=0000000055b00120]
3980 dcache  fc8cffe0 store hit           pol=3 VA=9800000055b00120 PA=055b00120 line=09 hitv=00000001 ro=45671203 tag=055b00 V=11111111 W=00000000 L=00000000
3980 scache  fc8cffe0 store hit           pol=3 VA=9800000055b00120 PA=055b00120 line=009 hitv=1000 ro=0123 tag=02ad8 V=1111 W=1011 data=275c23e14ab06bf1 mask=11111111
3981 PC=0x98000000400fe2e8 [00000000400fe2e8]	dcaf0028 ld     $t7,0x28($a1)
[va=9800000054b00168 pa=0000000054b00168]
3981 dcache  dcaf0028 load  hit           pol=3 VA=9800000054b00168 PA=054b00168 line=0b hitv=00010000 ro=65270314 tag=054b00 V=11111111 W=00000000 L=00000000
3981 Reg write t7=ee31c48475663c2a
3982 PC=0x98000000400fe2ec [00000000400fe2ec]	fc8bffd8 sd     $t3,0xffffffd8($a0)
[va=9800000055b00118 pa=0000000055b00118]
3982 dcache  fc8bffd8 store hit           pol=3 VA=9800000055b00118 PA=055b00118 line=08 hitv=00000001 ro=25674103 tag=055b00 V=11111111 W=00000000 L=00000000
3982 scache  fc8bffd8 store hit           pol=3 VA=9800000055b00118 PA=055b00118 line=008 hitv=0100 ro=1302 tag=02ad8 V=1111 W=1110 data=b02d6839ddc96570 mask=11111111
3983 icache  fc8bffd8 load  hit           pol=3 VA=98000000400fe2f0 PA=0400fe2f0 line=17 hitv=00001000 ro=45670123 tag=0400fe V=00001111 L=00000000
3983 PC=0x98000000400fe2f0 [00000000400fe2f0]	14c0ffed bne    $a2,$r0,0x98000000400fe2a8
3984 PC=0x98000000400fe2f4 [00000000400fe2f4]	64c6ffff daddiu $a2,$a2,0xffff
3984 Reg write a2=ffffffffffffffff
3985 PC=0x98000000400fe2f8 [00000000400fe2f8]	00000000 nop
3986 PC=0x98000000400fe2fc [00000000400fe2fc]	34190013 ori    $t9,$r0,0x13
3986 Reg write t9=0000000000000013
3987 icache  34190013 load  miss refill   pol=3 VA=98000000400fe300 PA=0400fe300 line=18 hitv=00000000 ro=45670123 tag=000000 V=00001111 L=00000000
3987 PC=0x98000000400fe300 [00000000400fe300]	0019cefc dsll32 $t9,$t9,27
3987 Reg write t9=9800000000000000
3988 PC=0x98000000400fe304 [00000000400fe304]	37399d88 ori    $t9,$t9,0x9d88
3988 Reg write t9=9800000000009d88
3989 PC=0x98000000400fe308 [00000000400fe308]	0320f809 jalr   $ra,$t9
3989 Reg write ra=98000000400fe310
3990 PC=0x98000000400fe30c [00000000400fe30c]	3c119800 lui    $s1,0x9800
3990 Reg write s1=ffffffff98000000
3991 icache  3c119800 load  hit           pol=3 VA=9800000000009d88 PA=000009d80 line=6c hitv=00000001 ro=23456701 tag=000009 V=00000011 L=00000000
3991 PC=0x9800000000009d88 [0000000000009d88]	fc730150 sd     $s3,0x150($v1)
[va=9800000050500080 pa=0000000050500080]
3991 dcache  fc730150 store miss w/alloc  pol=3 VA=9800000050500080 PA=050500080 line=04 hitv=00000000 ro=64013257 tag=000000 V=11111111 W=00000000 L=00000000
3991 scache  fc730150 store miss w/alloc  pol=3 VA=9800000050500080 PA=050500080 line=004 hitv=0000 ro=1203 tag=00000 V=1111 W=0011 data=4170436b3093d18e mask=11111111
3991 dmemacc: store 8 addr=043800080 data=1fffffffffffffff mask=11111111 cline 
3991 dmemacc: store 8 addr=043800088 data=aaaaaaaaaaaaaaaa mask=11111111 cline 
3991 dmemacc: store 8 addr=043800090 data=7543ecbe3df2939e mask=11111111 cline 
3991 dmemacc: store 8 addr=043800098 data=71c71c71c71c71c7 mask=11111111 cline 
3992 PC=0x9800000000009d8c [0000000000009d8c]	fc6c0178 sd     $t4,0x178($v1)
[va=98000000505000a8 pa=00000000505000a8]
3992 dcache  fc6c0178 store hit           pol=3 VA=98000000505000a8 PA=0505000a8 line=05 hitv=00000001 ro=34715026 tag=050500 V=11111111 W=00000000 L=00000000
3992 scache  fc6c0178 store hit           pol=3 VA=98000000505000a8 PA=0505000a8 line=005 hitv=1000 ro=1230 tag=02828 V=1111 W=0100 data=275c23e14ab06bf1 mask=11111111
3993 icache  fc6c0178 load  hit           pol=3 VA=9800000000009d90 PA=000009d90 line=6c hitv=00000001 ro=23456710 tag=000009 V=00000011 L=00000000
3993 PC=0x9800000000009d90 [0000000000009d90]	fc6301d0 sd     $v1,0x1d0($v1)
[va=9800000050500100 pa=0000000050500100]
3993 dcache  fc6301d0 store hit           pol=3 VA=9800000050500100 PA=050500100 line=08 hitv=00010000 ro=25674130 tag=050500 V=11111111 W=00000000 L=00000000
3993 scache  fc6301d0 store miss wo/alloc pol=3 VA=9800000050500100 PA=050500100 line=008 hitv=0000 ro=1302 tag=00000 V=1111 W=1110 data=98000000504fff30 mask=11111111
3993 dmemacc: store 8 addr=050500100 data=98000000504fff30 mask=11111111 
3994 PC=0x9800000000009d94 [0000000000009d94]	fc670050 sd     $a3,0x50($v1)
[va=98000000504fff80 pa=00000000504fff80]
3994 dcache  fc670050 store hit           pol=3 VA=98000000504fff80 PA=0504fff80 line=7c hitv=01000000 ro=06137542 tag=0504ff V=11111111 W=00000000 L=00000000
3994 scache  fc670050 store miss wo/alloc pol=3 VA=98000000504fff80 PA=0504fff80 line=ffc hitv=0000 ro=3012 tag=00000 V=1111 W=1100 data=ffffffffffffffff mask=11111111
3994 dmemacc: store 8 addr=0504fff80 data=ffffffffffffffff mask=11111111 
3995 PC=0x9800000000009d98 [0000000000009d98]	00000000 nop
3996 PC=0x9800000000009d9c [0000000000009d9c]	03e00008 jr     $ra
3997 icache  03e00008 load  hit           pol=3 VA=9800000000009da0 PA=000009da0 line=6d hitv=00000001 ro=23456701 tag=000009 V=00000011 L=00000000
3997 PC=0x9800000000009da0 [0000000000009da0]	fc7a0218 sd     $k0,0x218($v1)
[va=9800000050500148 pa=0000000050500148]
3997 dcache  fc7a0218 store hit           pol=3 VA=9800000050500148 PA=050500148 line=0a hitv=00001000 ro=51607432 tag=050500 V=11111111 W=00000000 L=00000000
3997 scache  fc7a0218 store miss wo/alloc pol=3 VA=9800000050500148 PA=050500148 line=00a hitv=0000 ro=2301 tag=00000 V=1111 W=1011 data=f136b5e4cac3aae1 mask=11111111
3997 dmemacc: store 8 addr=050500148 data=f136b5e4cac3aae1 mask=11111111 
3998 icache  fc7a0218 load  hit           pol=3 VA=98000000400fe310 PA=0400fe310 line=18 hitv=00010000 ro=56701234 tag=0400fe V=00011111 L=00000000
3998 PC=0x98000000400fe310 [00000000400fe310]	00118c38 dsll   $s1,$s1,16
3998 Reg write s1=ffff980000000000
3999 PC=0x98000000400fe314 [00000000400fe314]	3631515f ori    $s1,$s1,0x515f
3999 Reg write s1=ffff98000000515f
4000 PC=0x98000000400fe318 [00000000400fe318]	00118c38 dsll   $s1,$s1,16
4000 Reg write s1=98000000515f0000
4001 PC=0x98000000400fe31c [00000000400fe31c]	3631fbff ori    $s1,$s1,0xfbff
4001 Reg write s1=98000000515ffbff
4002 icache  3631fbff load  miss refill   pol=3 VA=98000000400fe320 PA=0400fe320 line=19 hitv=00000000 ro=45670123 tag=000000 V=00001111 L=00000000
4002 PC=0x98000000400fe320 [00000000400fe320]	962a0589 lhu    $t2,0x589($s1)
[va=9800000051600188 pa=0000000051600188]
4002 dcache  962a0589 load  miss refill   pol=3 VA=9800000051600188 PA=051600188 line=0c hitv=00000000 ro=26710435 tag=000000 V=11111111 W=00000000 L=00000000
4002 scache  962a0589 load  miss refill   pol=3 VA=9800000051600188 PA=051600180 line=00c hitv=0000 ro=1302 tag=00000 V=1111 W=0111
4002 dmemacc: store 8 addr=04b200180 data=0000000000000000 mask=11111111 cline 
4002 dmemacc: store 8 addr=04b200188 data=fffffffffff80000 mask=11111111 cline 
4002 dmemacc: store 8 addr=04b200190 data=e6e6e600626d88e6 mask=11111111 cline 
4002 dmemacc: store 8 addr=04b200198 data=7fffffffffffffff mask=11111111 cline 
4002 Reg write t2=000000000000ea3c
4003 PC=0x98000000400fe324 [00000000400fe324]	3c199800 lui    $t9,0x9800
4003 Reg write t9=ffffffff98000000
4004 PC=0x98000000400fe328 [00000000400fe328]	0019cc38 dsll   $t9,$t9,16
4004 Reg write t9=ffff980000000000
4005 PC=0x98000000400fe32c [00000000400fe32c]	37395050 ori    $t9,$t9,0x5050
4005 Reg write t9=ffff980000005050
4006 icache  37395050 load  hit           pol=3 VA=98000000400fe330 PA=0400fe330 line=19 hitv=00010000 ro=56701234 tag=0400fe V=00011111 L=00000000
4006 PC=0x98000000400fe330 [00000000400fe330]	0019cc38 dsll   $t9,$t9,16
4006 Reg write t9=9800000050500000
4007 PC=0x98000000400fe334 [00000000400fe334]	37396e2b ori    $t9,$t9,0x6e2b
4007 Reg write t9=9800000050506e2b
4008 PC=0x98000000400fe338 [00000000400fe338]	ff309365 sd     $s0,0xffff9365($t9)
[va=9800000050500190 pa=0000000050500190]
4008 dcache  ff309365 store hit           pol=3 VA=9800000050500190 PA=050500190 line=0c hitv=00010000 ro=67104352 tag=050500 V=11111111 W=00000000 L=00000000
4008 scache  ff309365 store miss wo/alloc pol=3 VA=9800000050500190 PA=050500190 line=00c hitv=0000 ro=3021 tag=00000 V=1111 W=0101 data=000000000000ffff mask=11111111
4008 dmemacc: store 8 addr=050500190 data=000000000000ffff mask=11111111 
4009 PC=0x98000000400fe33c [00000000400fe33c]	3c119800 lui    $s1,0x9800
4009 Reg write s1=ffffffff98000000
4010 icache  3c119800 load  miss refill   pol=3 VA=98000000400fe340 PA=0400fe340 line=1a hitv=00000000 ro=34567012 tag=000000 V=00000111 L=00000000
4010 PC=0x98000000400fe340 [00000000400fe340]	00118c38 dsll   $s1,$s1,16
4010 Reg write s1=ffff980000000000
4011 PC=0x98000000400fe344 [00000000400fe344]	3631424f ori    $s1,$s1,0x424f
4011 Reg write s1=ffff98000000424f
4012 PC=0x98000000400fe348 [00000000400fe348]	00118c38 dsll   $s1,$s1,16
4012 Reg write s1=98000000424f0000
4013 PC=0x98000000400fe34c [00000000400fe34c]	3631ccc7 ori    $s1,$s1,0xccc7
4013 Reg write s1=98000000424fccc7
4014 icache  3631ccc7 load  hit           pol=3 VA=98000000400fe350 PA=0400fe350 line=1a hitv=00001000 ro=45670123 tag=0400fe V=00001111 L=00000000
4014 PC=0x98000000400fe350 [00000000400fe350]	923332bc lbu    $s3,0x32bc($s1)
[va=98000000424fff83 pa=00000000424fff83]
4014 dcache  923332bc load  miss refill   pol=3 VA=98000000424fff83 PA=0424fff80 line=7c hitv=00000000 ro=01375426 tag=000000 V=11111111 W=00000000 L=00000000
4014 scache  923332bc load  miss refill   pol=3 VA=98000000424fff83 PA=0424fff80 line=ffc hitv=0000 ro=3012 tag=00000 V=1111 W=1100
4014 dmemacc: store 8 addr=0574fff80 data=5555555555555555 mask=11111111 cline 
4014 dmemacc: store 8 addr=0574fff88 data=2e8a7838bf94e6b0 mask=11111111 cline 
4014 dmemacc: store 8 addr=0574fff90 data=ae745afcfd21a135 mask=11111111 cline 
4014 dmemacc: store 8 addr=0574fff98 data=e7ea321487626a8d mask=11111111 cline 
4014 Reg write s3=00000000000000ff
4015 PC=0x98000000400fe354 [00000000400fe354]	3c0b9800 lui    $t3,0x9800
4015 Reg write t3=ffffffff98000000
4016 PC=0x98000000400fe358 [00000000400fe358]	000b5c38 dsll   $t3,$t3,16
4016 Reg write t3=ffff980000000000
4017 PC=0x98000000400fe35c [00000000400fe35c]	356b451f ori    $t3,$t3,0x451f
4017 Reg write t3=ffff98000000451f
4018 icache  356b451f load  miss refill   pol=3 VA=98000000400fe360 PA=0400fe360 line=1b hitv=00000000 ro=34567012 tag=000000 V=00000111 L=00000000
4018 PC=0x98000000400fe360 [00000000400fe360]	000b5c38 dsll   $t3,$t3,16
4018 Reg write t3=98000000451f0000
4019 PC=0x98000000400fe364 [00000000400fe364]	356b8c65 ori    $t3,$t3,0x8c65
4019 Reg write t3=98000000451f8c65
4020 PC=0x98000000400fe368 [00000000400fe368]	fd6d752b sd     $t5,0x752b($t3)
[va=9800000045200190 pa=0000000045200190]
4020 dcache  fd6d752b store miss w/alloc  pol=3 VA=9800000045200190 PA=045200190 line=0c hitv=00000000 ro=67103524 tag=000000 V=11111111 W=00000000 L=00000000
4020 scache  fd6d752b store miss w/alloc  pol=3 VA=9800000045200190 PA=045200190 line=00c hitv=0000 ro=3021 tag=00000 V=1111 W=0101 data=9800000041303282 mask=11111111
4021 PC=0x98000000400fe36c [00000000400fe36c]	3c159800 lui    $s5,0x9800
4021 Reg write s5=ffffffff98000000
4022 icache  3c159800 load  hit           pol=3 VA=98000000400fe370 PA=0400fe370 line=1b hitv=00001000 ro=45670123 tag=0400fe V=00001111 L=00000000
4022 PC=0x98000000400fe370 [00000000400fe370]	0015ac38 dsll   $s5,$s5,16
4022 Reg write s5=ffff980000000000
4023 PC=0x98000000400fe374 [00000000400fe374]	36b5451f ori    $s5,$s5,0x451f
4023 Reg write s5=ffff98000000451f
4024 PC=0x98000000400fe378 [00000000400fe378]	0015ac38 dsll   $s5,$s5,16
4024 Reg write s5=98000000451f0000
4025 PC=0x98000000400fe37c [00000000400fe37c]	36b5cd12 ori    $s5,$s5,0xcd12
4025 Reg write s5=98000000451fcd12
4026 icache  36b5cd12 load  miss refill   pol=3 VA=98000000400fe380 PA=0400fe380 line=1c hitv=00000000 ro=34567012 tag=000000 V=00000111 L=00000000
4026 PC=0x98000000400fe380 [00000000400fe380]	9eb13476 lwu    $s1,0x3476($s5)
[va=9800000045200188 pa=0000000045200188]
4026 dcache  9eb13476 load  hit           pol=3 VA=9800000045200188 PA=045200188 line=0c hitv=01000000 ro=71035246 tag=045200 V=11111111 W=00000000 L=00000000
4026 Reg write s1=000000000043d19e
4027 PC=0x98000000400fe384 [00000000400fe384]	3c0d9800 lui    $t5,0x9800
4027 Reg write t5=ffffffff98000000
4028 PC=0x98000000400fe388 [00000000400fe388]	000d6c38 dsll   $t5,$t5,16
4028 Reg write t5=ffff980000000000
4029 PC=0x98000000400fe38c [00000000400fe38c]	35ad412f ori    $t5,$t5,0x412f
4029 Reg write t5=ffff98000000412f
4030 icache  35ad412f load  hit           pol=3 VA=98000000400fe390 PA=0400fe390 line=1c hitv=00001000 ro=45670123 tag=0400fe V=00001111 L=00000000
4030 PC=0x98000000400fe390 [00000000400fe390]	000d6c38 dsll   $t5,$t5,16
4030 Reg write t5=98000000412f0000
4031 PC=0x98000000400fe394 [00000000400fe394]	35ad8f22 ori    $t5,$t5,0x8f22
4031 Reg write t5=98000000412f8f22
4032 PC=0x98000000400fe398 [00000000400fe398]	81b6724e lb     $s6,0x724e($t5)
[va=9800000041300170 pa=0000000041300170]
4032 dcache  81b6724e load  hit           pol=3 VA=9800000041300170 PA=041300170 line=0b hitv=00000010 ro=65270314 tag=041300 V=11111111 W=00000000 L=00000000
4032 Reg write s6=000000000000006e
4033 PC=0x98000000400fe39c [00000000400fe39c]	3c109800 lui    $s0,0x9800
4033 Reg write s0=ffffffff98000000
4034 icache  3c109800 load  miss refill   pol=3 VA=98000000400fe3a0 PA=0400fe3a0 line=1d hitv=00000000 ro=45670123 tag=000000 V=00001111 L=00000000
4034 PC=0x98000000400fe3a0 [00000000400fe3a0]	00108438 dsll   $s0,$s0,16
4034 Reg write s0=ffff980000000000
4035 PC=0x98000000400fe3a4 [00000000400fe3a4]	3610511f ori    $s0,$s0,0x511f
4035 Reg write s0=ffff98000000511f
4036 PC=0x98000000400fe3a8 [00000000400fe3a8]	00108438 dsll   $s0,$s0,16
4036 Reg write s0=98000000511f0000
4037 PC=0x98000000400fe3ac [00000000400fe3ac]	3610d655 ori    $s0,$s0,0xd655
4037 Reg write s0=98000000511fd655
4038 icache  3610d655 load  hit           pol=3 VA=98000000400fe3b0 PA=0400fe3b0 line=1d hitv=00010000 ro=56701234 tag=0400fe V=00011111 L=00000000
4038 PC=0x98000000400fe3b0 [00000000400fe3b0]	ae1628b7 sw     $s6,0x28b7($s0)
[va=98000000511fff0c pa=00000000511fff0c]
4038 dcache  ae1628b7 store miss w/alloc  pol=3 VA=98000000511fff0c PA=0511fff08 line=78 hitv=00000000 ro=03546712 tag=000000 V=11111111 W=00000000 L=00000000
4038 scache  ae1628b7 store miss w/alloc  pol=3 VA=98000000511fff0c PA=0511fff08 line=ff8 hitv=0000 ro=2301 tag=00000 V=1111 W=0111 data=000000000000006e mask=00001111
4038 dmemacc: store 8 addr=055afff00 data=d03c0cc9a0d5980f mask=11111111 cline 
4038 dmemacc: store 8 addr=055afff08 data=ea6ffd21189a0f03 mask=11111111 cline 
4038 dmemacc: store 8 addr=055afff10 data=1e6616779b17f914 mask=11111111 cline 
4038 dmemacc: store 8 addr=055afff18 data=44a82de839041c3b mask=11111111 cline 
4039 PC=0x98000000400fe3b4 [00000000400fe3b4]	3c1c9800 lui    $gp,0x9800
4039 Reg write gp=ffffffff98000000
4040 PC=0x98000000400fe3b8 [00000000400fe3b8]	001ce438 dsll   $gp,$gp,16
4040 Reg write gp=ffff980000000000
4041 PC=0x98000000400fe3bc [00000000400fe3bc]	379c4220 ori    $gp,$gp,0x4220
4041 Reg write gp=ffff980000004220
4042 icache  379c4220 load  miss refill   pol=3 VA=98000000400fe3c0 PA=0400fe3c0 line=1e hitv=00000000 ro=45670123 tag=000000 V=00001111 L=00000000
4042 PC=0x98000000400fe3c0 [00000000400fe3c0]	001ce438 dsll   $gp,$gp,16
4042 Reg write gp=9800000042200000
4043 PC=0x98000000400fe3c4 [00000000400fe3c4]	379c5adf ori    $gp,$gp,0x5adf
4043 Reg write gp=9800000042205adf
4044 PC=0x98000000400fe3c8 [00000000400fe3c8]	838ba432 lb     $t3,0xffffa432($gp)
[va=98000000421fff11 pa=00000000421fff11]
4044 dcache  838ba432 load  miss refill   pol=3 VA=98000000421fff11 PA=0421fff10 line=78 hitv=00000000 ro=35467120 tag=000000 V=11111111 W=00000000 L=00000000
4044 scache  838ba432 load  miss refill   pol=3 VA=98000000421fff11 PA=0421fff00 line=ff8 hitv=0000 ro=3012 tag=00000 V=1111 W=0111
4044 Reg write t3=0000000000000055
4045 PC=0x98000000400fe3cc [00000000400fe3cc]	3c1d9800 lui    $sp,0x9800
4045 Reg write sp=ffffffff98000000
4046 icache  3c1d9800 load  hit           pol=3 VA=98000000400fe3d0 PA=0400fe3d0 line=1e hitv=00010000 ro=56701234 tag=0400fe V=00011111 L=00000000
4046 PC=0x98000000400fe3d0 [00000000400fe3d0]	001dec38 dsll   $sp,$sp,16
4046 Reg write sp=ffff980000000000
4047 PC=0x98000000400fe3d4 [00000000400fe3d4]	37bd4380 ori    $sp,$sp,0x4380
4047 Reg write sp=ffff980000004380
4048 PC=0x98000000400fe3d8 [00000000400fe3d8]	001dec38 dsll   $sp,$sp,16
4048 Reg write sp=9800000043800000
4049 PC=0x98000000400fe3dc [00000000400fe3dc]	37bd129b ori    $sp,$sp,0x129b
4049 Reg write sp=980000004380129b
4050 icache  37bd129b load  miss refill   pol=3 VA=98000000400fe3e0 PA=0400fe3e0 line=1f hitv=00000000 ro=45670123 tag=000000 V=00001111 L=00000000
4050 PC=0x98000000400fe3e0 [00000000400fe3e0]	8fafeea9 lw     $t7,0xffffeea9($sp)
[va=9800000043800144 pa=0000000043800144]
4050 dcache  8fafeea9 load  miss refill   pol=3 VA=9800000043800144 PA=043800140 line=0a hitv=00000000 ro=51607423 tag=000000 V=11111111 W=00000000 L=00000000
4050 scache  8fafeea9 load  miss refill   pol=3 VA=9800000043800144 PA=043800140 line=00a hitv=0000 ro=2301 tag=00000 V=1111 W=1011
4050 Reg write t7=ffffffffb1d0eb30
4051 PC=0x98000000400fe3e4 [00000000400fe3e4]	3c0a9800 lui    $t2,0x9800
4051 Reg write t2=ffffffff98000000
4052 PC=0x98000000400fe3e8 [00000000400fe3e8]	000a5438 dsll   $t2,$t2,16
4052 Reg write t2=ffff980000000000
4053 PC=0x98000000400fe3ec [00000000400fe3ec]	354a4d1f ori    $t2,$t2,0x4d1f
4053 Reg write t2=ffff980000004d1f
4054 icache  354a4d1f load  hit           pol=3 VA=98000000400fe3f0 PA=0400fe3f0 line=1f hitv=00010000 ro=56701234 tag=0400fe V=00011111 L=00000000
4054 PC=0x98000000400fe3f0 [00000000400fe3f0]	000a5438 dsll   $t2,$t2,16
4054 Reg write t2=980000004d1f0000
4055 PC=0x98000000400fe3f4 [00000000400fe3f4]	354aff90 ori    $t2,$t2,0xff90
4055 Reg write t2=980000004d1fff90
4056 PC=0x98000000400fe3f8 [00000000400fe3f8]	fd410020 sd     $r1,0x20($t2)
[va=980000004d1fffb0 pa=000000004d1fffb0]
4056 dcache  fd410020 store miss w/alloc  pol=3 VA=980000004d1fffb0 PA=04d1fffb0 line=7d hitv=00000000 ro=26301745 tag=000000 V=11111111 W=00000000 L=00000000
4056 scache  fd410020 store miss w/alloc  pol=3 VA=980000004d1fffb0 PA=04d1fffb0 line=ffd hitv=0000 ro=0213 tag=00000 V=1111 W=1111 data=9800000042202414 mask=11111111
4056 dmemacc: store 8 addr=0574fffa0 data=ae745afcfd21a135 mask=11111111 cline 
4056 dmemacc: store 8 addr=0574fffa8 data=e7ea321487626a8d mask=11111111 cline 
4056 dmemacc: store 8 addr=0574fffb0 data=ffffffffffffffff mask=11111111 cline 
4056 dmemacc: store 8 addr=0574fffb8 data=ee925520aac05a3a mask=11111111 cline 
4057 PC=0x98000000400fe3fc [00000000400fe3fc]	fd550120 sd     $s5,0x120($t2)
[va=980000004d2000b0 pa=000000004d2000b0]
4057 dcache  fd550120 store miss w/alloc  pol=3 VA=980000004d2000b0 PA=04d2000b0 line=05 hitv=00000000 ro=34715260 tag=000000 V=11111111 W=00000000 L=00000000
4057 scache  fd550120 store miss w/alloc  pol=3 VA=980000004d2000b0 PA=04d2000b0 line=005 hitv=0000 ro=1203 tag=00000 V=1111 W=1100 data=98000000451fcd12 mask=11111111
4058 icache  fd550120 load  miss refill   pol=3 VA=98000000400fe400 PA=0400fe400 line=20 hitv=00000000 ro=34567012 tag=000000 V=00000111 L=00000000
4058 PC=0x98000000400fe400 [00000000400fe400]	fd550260 sd     $s5,0x260($t2)
[va=980000004d2001f0 pa=000000004d2001f0]
4058 dcache  fd550260 store miss w/alloc  pol=3 VA=980000004d2001f0 PA=04d2001f0 line=0f hitv=00000000 ro=70132456 tag=000000 V=01111111 W=00000000 L=00000000
4058 scache  fd550260 store miss w/alloc  pol=3 VA=980000004d2001f0 PA=04d2001f0 line=00f hitv=0000 ro=1302 tag=00000 V=1111 W=0111 data=98000000451fcd12 mask=11111111
4058 dmemacc: store 8 addr=0422001e0 data=badc504357449817 mask=11111111 cline 
4058 dmemacc: store 8 addr=0422001e8 data=e19edb1c548ea6cf mask=11111111 cline 
4058 dmemacc: store 8 addr=0422001f0 data=98000000517fe68f mask=11111111 cline 
4058 dmemacc: store 8 addr=0422001f8 data=9800000050501b85 mask=11111111 cline 
4059 PC=0x98000000400fe404 [00000000400fe404]	fd4101e0 sd     $r1,0x1e0($t2)
[va=980000004d200170 pa=000000004d200170]
4059 dcache  fd4101e0 store miss w/alloc  pol=3 VA=980000004d200170 PA=04d200170 line=0b hitv=00000000 ro=65270341 tag=000000 V=11111111 W=00000000 L=00000000
4059 scache  fd4101e0 store miss w/alloc  pol=3 VA=980000004d200170 PA=04d200170 line=00b hitv=0000 ro=2013 tag=00000 V=1111 W=0101 data=9800000042202414 mask=11111111
4059 dmemacc: store 8 addr=055b00160 data=98000000512054a6 mask=11111111 cline 
4059 dmemacc: store 8 addr=055b00168 data=9cc426ced543e83b mask=11111111 cline 
4059 dmemacc: store 8 addr=055b00170 data=ffffffffffffffff mask=11111111 cline 
4059 dmemacc: store 8 addr=055b00178 data=6950836b0f607740 mask=11111111 cline 
4060 PC=0x98000000400fe408 [00000000400fe408]	fd5e01c0 sd     $s8,0x1c0($t2)
[va=980000004d200150 pa=000000004d200150]
4060 dcache  fd5e01c0 store miss w/alloc  pol=3 VA=980000004d200150 PA=04d200150 line=0a hitv=00000000 ro=16074235 tag=000000 V=11111111 W=00000000 L=00000000
4060 scache  fd5e01c0 store miss w/alloc  pol=3 VA=980000004d200150 PA=04d200150 line=00a hitv=0000 ro=3012 tag=00000 V=1111 W=1011 data=98000000504f9a1b mask=11111111
4060 dmemacc: store 8 addr=05ab00140 data=4d0eead966e34bc8 mask=11111111 cline 
4060 dmemacc: store 8 addr=05ab00148 data=c001fff0007ffc00 mask=11111111 cline 
4060 dmemacc: store 8 addr=05ab00150 data=03e3662199b2534b mask=11111111 cline 
4060 dmemacc: store 8 addr=05ab00158 data=d365f2bb8653ca73 mask=11111111 cline 
4061 PC=0x98000000400fe40c [00000000400fe40c]	fd5d0220 sd     $sp,0x220($t2)
[va=980000004d2001b0 pa=000000004d2001b0]
4061 dcache  fd5d0220 store miss w/alloc  pol=3 VA=980000004d2001b0 PA=04d2001b0 line=0d hitv=00000000 ro=56742013 tag=000000 V=11111111 W=00000000 L=00000000
4061 scache  fd5d0220 store miss w/alloc  pol=3 VA=980000004d2001b0 PA=04d2001b0 line=00d hitv=0000 ro=2301 tag=00000 V=1111 W=1110 data=980000004380129b mask=11111111
4061 dmemacc: store 8 addr=04b2001a0 data=98000000512020a5 mask=11111111 cline 
4061 dmemacc: store 8 addr=04b2001a8 data=8000000000000000 mask=11111111 cline 
4061 dmemacc: store 8 addr=04b2001b0 data=5555555555555555 mask=11111111 cline 
4061 dmemacc: store 8 addr=04b2001b8 data=9b304a4f0faa45e9 mask=11111111 cline 
4062 icache  fd5d0220 load  hit           pol=3 VA=98000000400fe410 PA=0400fe410 line=20 hitv=00001000 ro=45670123 tag=0400fe V=00001111 L=00000000
4062 PC=0x98000000400fe410 [00000000400fe410]	fd5900c0 sd     $t9,0xc0($t2)
[va=980000004d200050 pa=000000004d200050]
4062 dcache  fd5900c0 store miss w/alloc  pol=3 VA=980000004d200050 PA=04d200050 line=02 hitv=00000000 ro=47351062 tag=000000 V=11111111 W=00000000 L=00000000
4062 scache  fd5900c0 store miss w/alloc  pol=3 VA=980000004d200050 PA=04d200050 line=002 hitv=0000 ro=2103 tag=00000 V=1111 W=0101 data=9800000050506e2b mask=11111111
4062 dmemacc: store 8 addr=057500040 data=62b8a13fd449f653 mask=11111111 cline 
4062 dmemacc: store 8 addr=057500048 data=3d632b1a98695791 mask=11111111 cline 
4062 dmemacc: store 8 addr=057500050 data=3f9463b10e597221 mask=11111111 cline 
4062 dmemacc: store 8 addr=057500058 data=6d7818a42c32b3d5 mask=11111111 cline 
4063 PC=0x98000000400fe414 [00000000400fe414]	fd5c0240 sd     $gp,0x240($t2)
[va=980000004d2001d0 pa=000000004d2001d0]
4063 dcache  fd5c0240 store miss w/alloc  pol=3 VA=980000004d2001d0 PA=04d2001d0 line=0e hitv=00000000 ro=21563740 tag=000000 V=11111111 W=00000000 L=00000000
4063 scache  fd5c0240 store miss w/alloc  pol=3 VA=980000004d2001d0 PA=04d2001d0 line=00e hitv=0000 ro=2031 tag=00000 V=1111 W=1101 data=9800000042205adf mask=11111111
4063 dmemacc: store 8 addr=0425001c0 data=00000000000000dd mask=11111111 cline 
4063 dmemacc: store 8 addr=0425001c8 data=4c58356d98491059 mask=11111111 cline 
4063 dmemacc: store 8 addr=0425001d0 data=f03cbe0c56d3c61d mask=11111111 cline 
4063 dmemacc: store 8 addr=0425001d8 data=ffffffffffffffff mask=11111111 cline 
4064 PC=0x98000000400fe418 [00000000400fe418]	fd4c0180 sd     $t4,0x180($t2)
[va=980000004d200110 pa=000000004d200110]
4064 dcache  fd4c0180 store miss w/alloc  pol=3 VA=980000004d200110 PA=04d200110 line=08 hitv=00000000 ro=25671304 tag=000000 V=11111111 W=00000000 L=00000000
4064 scache  fd4c0180 store miss w/alloc  pol=3 VA=980000004d200110 PA=04d200110 line=008 hitv=0000 ro=1302 tag=00000 V=1111 W=1110 data=275c23e14ab06bf1 mask=11111111
4064 dmemacc: store 8 addr=05ab00100 data=0150e23584ec4da8 mask=11111111 cline 
4064 dmemacc: store 8 addr=05ab00108 data=0000000000000001 mask=11111111 cline 
4064 dmemacc: store 8 addr=05ab00110 data=08d4614af19bd926 mask=11111111 cline 
4064 dmemacc: store 8 addr=05ab00118 data=1c71c71c71c71c71 mask=11111111 cline 
4065 PC=0x98000000400fe41c [00000000400fe41c]	fd4a0160 sd     $t2,0x160($t2)
[va=980000004d2000f0 pa=000000004d2000f0]
4065 dcache  fd4a0160 store miss w/alloc  pol=3 VA=980000004d2000f0 PA=04d2000f0 line=07 hitv=00000000 ro=72364051 tag=000000 V=11111111 W=00000000 L=00000000
4065 scache  fd4a0160 store miss w/alloc  pol=3 VA=980000004d2000f0 PA=04d2000f0 line=007 hitv=0000 ro=0123 tag=00000 V=1111 W=1000 data=980000004d1fff90 mask=11111111
4066 icache  fd4a0160 load  miss refill   pol=3 VA=98000000400fe420 PA=0400fe420 line=21 hitv=00000000 ro=23456701 tag=000000 V=00000011 L=00000000
4066 PC=0x98000000400fe420 [00000000400fe420]	fd5000e0 sd     $s0,0xe0($t2)
[va=980000004d200070 pa=000000004d200070]
4066 dcache  fd5000e0 store miss w/alloc  pol=3 VA=980000004d200070 PA=04d200070 line=03 hitv=00000000 ro=45671032 tag=000000 V=11111111 W=00000000 L=00000000
4066 scache  fd5000e0 store miss w/alloc  pol=3 VA=980000004d200070 PA=04d200070 line=003 hitv=0000 ro=1203 tag=00000 V=1111 W=0011 data=98000000511fd655 mask=11111111
4066 dmemacc: store 8 addr=057500060 data=3f9463b10e597221 mask=11111111 cline 
4066 dmemacc: store 8 addr=057500068 data=6d7818a42c32b3d5 mask=11111111 cline 
4066 dmemacc: store 8 addr=057500070 data=e007fe007fe007fe mask=11111111 cline 
4066 dmemacc: store 8 addr=057500078 data=8000000000000000 mask=11111111 cline 
4067 PC=0x98000000400fe424 [00000000400fe424]	fd4b0000 sd     $t3,0x0($t2)
[va=980000004d1fff90 pa=000000004d1fff90]
4067 dcache  fd4b0000 store miss w/alloc  pol=3 VA=980000004d1fff90 PA=04d1fff90 line=7c hitv=00000000 ro=13754260 tag=000000 V=11111111 W=00000000 L=00000000
4067 scache  fd4b0000 store miss w/alloc  pol=3 VA=980000004d1fff90 PA=04d1fff90 line=ffc hitv=0000 ro=0123 tag=00000 V=1111 W=0100 data=0000000000000055 mask=11111111
4068 PC=0x98000000400fe428 [00000000400fe428]	fd4a0200 sd     $t2,0x200($t2)
[va=980000004d200190 pa=000000004d200190]
4068 dcache  fd4a0200 store miss w/alloc  pol=3 VA=980000004d200190 PA=04d200190 line=0c hitv=00000000 ro=71035246 tag=000000 V=11111111 W=00000000 L=00000000
4068 scache  fd4a0200 store miss w/alloc  pol=3 VA=980000004d200190 PA=04d200190 line=00c hitv=0000 ro=0213 tag=00000 V=1111 W=1101 data=980000004d1fff90 mask=11111111
4068 dmemacc: store 8 addr=042200180 data=77769e48f3e6896b mask=11111111 cline 
4068 dmemacc: store 8 addr=042200188 data=00000000001f6e78 mask=11111111 cline 
4068 dmemacc: store 8 addr=042200190 data=47705cd6c3adc127 mask=11111111 cline 
4068 dmemacc: store 8 addr=042200198 data=d177e223537ab5bd mask=11111111 cline 
4069 PC=0x98000000400fe42c [00000000400fe42c]	fd450080 sd     $a1,0x80($t2)
[va=980000004d200010 pa=000000004d200010]
4069 dcache  fd450080 store miss w/alloc  pol=3 VA=980000004d200010 PA=04d200010 line=00 hitv=00000000 ro=36250174 tag=000000 V=11111111 W=00000000 L=00000000
4069 scache  fd450080 store miss w/alloc  pol=3 VA=980000004d200010 PA=04d200010 line=000 hitv=0000 ro=0321 tag=00000 V=1111 W=0011 data=9800000054b00140 mask=11111111
4069 dmemacc: store 8 addr=041700000 data=50d2a0d0bfe71c35 mask=11111111 cline 
4069 dmemacc: store 8 addr=041700008 data=0000ba202c32b3d5 mask=11111111 cline 
4069 dmemacc: store 8 addr=041700010 data=8000000000000000 mask=11111111 cline 
4069 dmemacc: store 8 addr=041700018 data=609664d771e3d773 mask=11111111 cline 
4070 icache  fd450080 load  hit           pol=3 VA=98000000400fe430 PA=0400fe430 line=21 hitv=00000100 ro=34567012 tag=0400fe V=00000111 L=00000000
4070 PC=0x98000000400fe430 [00000000400fe430]	fd440100 sd     $a0,0x100($t2)
[va=980000004d200090 pa=000000004d200090]
4070 dcache  fd440100 store miss w/alloc  pol=3 VA=980000004d200090 PA=04d200090 line=04 hitv=00000000 ro=40132576 tag=000000 V=11111111 W=00000000 L=00000000
4070 scache  fd440100 store miss w/alloc  pol=3 VA=980000004d200090 PA=04d200090 line=004 hitv=0000 ro=2031 tag=00000 V=1111 W=0011 data=9800000055b00140 mask=11111111
4071 PC=0x98000000400fe434 [00000000400fe434]	fd5c01a0 sd     $gp,0x1a0($t2)
[va=980000004d200130 pa=000000004d200130]
4071 dcache  fd5c01a0 store miss w/alloc  pol=3 VA=980000004d200130 PA=04d200130 line=09 hitv=00000000 ro=45671230 tag=000000 V=11111111 W=00000000 L=00000000
4071 scache  fd5c01a0 store miss w/alloc  pol=3 VA=980000004d200130 PA=04d200130 line=009 hitv=0000 ro=0123 tag=00000 V=1111 W=1011 data=9800000042205adf mask=11111111
4071 dmemacc: store 8 addr=050500120 data=f8bc6a6c9cc6abc7 mask=11111111 cline 
4071 dmemacc: store 8 addr=050500128 data=0000000000000000 mask=11111111 cline 
4071 dmemacc: store 8 addr=050500130 data=41dbc36206015d92 mask=11111111 cline 
4071 dmemacc: store 8 addr=050500138 data=8cc1c86635cc928c mask=11111111 cline 
4072 PC=0x98000000400fe438 [00000000400fe438]	fd4900a0 sd     $t1,0xa0($t2)
[va=980000004d200030 pa=000000004d200030]
4072 dcache  fd4900a0 store miss w/alloc  pol=3 VA=980000004d200030 PA=04d200030 line=01 hitv=00000000 ro=40623715 tag=000000 V=11111111 W=00000000 L=00000000
4072 scache  fd4900a0 store miss w/alloc  pol=3 VA=980000004d200030 PA=04d200030 line=001 hitv=0000 ro=0213 tag=00000 V=1111 W=0011 data=1fffffffffffffff mask=11111111
4072 dmemacc: store 8 addr=043800020 data=98000000504fff30 mask=11111111 cline 
4072 dmemacc: store 8 addr=043800028 data=1f2728489901bc5c mask=11111111 cline 
4072 dmemacc: store 8 addr=043800030 data=0000000000000001 mask=11111111 cline 
4072 dmemacc: store 8 addr=043800038 data=1f2728489901bc5c mask=11111111 cline 
4073 PC=0x98000000400fe43c [00000000400fe43c]	fd4e0060 sd     $t6,0x60($t2)
[va=980000004d1ffff0 pa=000000004d1ffff0]
4073 dcache  fd4e0060 store miss w/alloc  pol=3 VA=980000004d1ffff0 PA=04d1ffff0 line=7f hitv=00000000 ro=65173042 tag=000000 V=11111111 W=00000000 L=00000000
4073 scache  fd4e0060 store miss w/alloc  pol=3 VA=980000004d1ffff0 PA=04d1ffff0 line=fff hitv=0000 ro=1302 tag=00000 V=1111 W=1110 data=98000000437f9cff mask=11111111
4073 dmemacc: store 8 addr=0504fffe0 data=0000000000000001 mask=11111111 cline 
4073 dmemacc: store 8 addr=0504fffe8 data=000000000007ffff mask=11111111 cline 
4073 dmemacc: store 8 addr=0504ffff0 data=98000000437ff6db mask=11111111 cline 
4073 dmemacc: store 8 addr=0504ffff8 data=7fffffffffffffff mask=11111111 cline 
4074 icache  fd4e0060 load  miss refill   pol=3 VA=98000000400fe440 PA=0400fe440 line=22 hitv=00000000 ro=23456701 tag=000000 V=00000011 L=00000000
4074 PC=0x98000000400fe440 [00000000400fe440]	fd550040 sd     $s5,0x40($t2)
[va=980000004d1fffd0 pa=000000004d1fffd0]
4074 dcache  fd550040 store miss w/alloc  pol=3 VA=980000004d1fffd0 PA=04d1fffd0 line=7e hitv=00000000 ro=23740615 tag=000000 V=11111111 W=00000000 L=00000000
4074 scache  fd550040 store miss w/alloc  pol=3 VA=980000004d1fffd0 PA=04d1fffd0 line=ffe hitv=0000 ro=1023 tag=00000 V=1111 W=1100 data=98000000451fcd12 mask=11111111
4075 PC=0x98000000400fe444 [00000000400fe444]	fd4b0140 sd     $t3,0x140($t2)
[va=980000004d2000d0 pa=000000004d2000d0]
4075 dcache  fd4b0140 store miss w/alloc  pol=3 VA=980000004d2000d0 PA=04d2000d0 line=06 hitv=00000000 ro=12673405 tag=000000 V=11111111 W=00000000 L=00000000
4075 scache  fd4b0140 store miss w/alloc  pol=3 VA=980000004d2000d0 PA=04d2000d0 line=006 hitv=0000 ro=3201 tag=00000 V=1111 W=1110 data=0000000000000055 mask=11111111
4075 dmemacc: store 8 addr=047b000c0 data=3bb9a036da46cd8f mask=11111111 cline 
4075 dmemacc: store 8 addr=047b000c8 data=cdd221a110b705b2 mask=11111111 cline 
4075 dmemacc: store 8 addr=047b000d0 data=bae37c580dd8e2be mask=11111111 cline 
4075 dmemacc: store 8 addr=047b000d8 data=0ab2e38f8044a0fd mask=11111111 cline 
4076 PC=0x98000000400fe448 [00000000400fe448]	2009ffa0 addi   $t1,$r0,0xffa0
4076 Reg write t1=ffffffffffffffa0
4077 PC=0x98000000400fe44c [00000000400fe44c]	340a0060 ori    $t2,$r0,0x60
4077 Reg write t2=0000000000000060
4078 icache  340a0060 load  hit           pol=3 VA=98000000400fe450 PA=0400fe450 line=22 hitv=00000100 ro=34567012 tag=0400fe V=00000111 L=00000000
4078 PC=0x98000000400fe450 [00000000400fe450]	3c089800 lui    $t0,0x9800
4078 Reg write t0=ffffffff98000000
4079 PC=0x98000000400fe454 [00000000400fe454]	00084438 dsll   $t0,$t0,16
4079 Reg write t0=ffff980000000000
4080 PC=0x98000000400fe458 [00000000400fe458]	35084b20 ori    $t0,$t0,0x4b20
4080 Reg write t0=ffff980000004b20
4081 PC=0x98000000400fe45c [00000000400fe45c]	00084438 dsll   $t0,$t0,16
4081 Reg write t0=980000004b200000
4082 icache  00084438 load  miss refill   pol=3 VA=98000000400fe460 PA=0400fe460 line=23 hitv=00000000 ro=34567012 tag=000000 V=00000111 L=00000000
4082 PC=0x98000000400fe460 [00000000400fe460]	350800a0 ori    $t0,$t0,0xa0
4082 Reg write t0=980000004b2000a0
4083 PC=0x98000000400fe464 [00000000400fe464]	4d090041 ldxc1  f1,$t1($t0)
[va=980000004b200040 pa=000000004b200040]
4083 dcache  4d090041 load  miss refill   pol=3 VA=980000004b200040 PA=04b200040 line=02 hitv=00000000 ro=73510624 tag=000000 V=11111111 W=00000000 L=00000000
4083 scache  4d090041 load  miss refill   pol=3 VA=980000004b200040 PA=04b200040 line=002 hitv=0000 ro=1032 tag=00000 V=1111 W=0101
4083 Reg write f[1]=98000000511fcf06  FCSR(fcr31)=6e000000
4084 PC=0x98000000400fe468 [00000000400fe468]	4d0a0809 sdxc1  f1,$t2($t0)
[va=980000004b200100 pa=000000004b200100]
4084 dcache  4d0a0809 store miss w/alloc  pol=3 VA=980000004b200100 PA=04b200100 line=08 hitv=00000000 ro=56713042 tag=000000 V=11111111 W=00000000 L=00000000
4084 scache  4d0a0809 store miss w/alloc  pol=3 VA=980000004b200100 PA=04b200100 line=008 hitv=0000 ro=3021 tag=00000 V=1111 W=1110 data=98000000511fcf06 mask=11111111
4084 dmemacc: store 8 addr=046b00100 data=1f2728489901bc5c mask=11111111 cline 
4084 dmemacc: store 8 addr=046b00108 data=b84dc5ace10b285c mask=11111111 cline 
4084 dmemacc: store 8 addr=046b00110 data=37f65353b4b7f261 mask=11111111 cline 
4084 dmemacc: store 8 addr=046b00118 data=0003ffffffffffff mask=11111111 cline 
4085 PC=0x98000000400fe46c [00000000400fe46c]	65290008 daddiu $t1,$t1,0x8
4085 Reg write t1=ffffffffffffffa8
4086 icache  65290008 load  hit           pol=3 VA=98000000400fe470 PA=0400fe470 line=23 hitv=00001000 ro=45670123 tag=0400fe V=00001111 L=00000000
4086 PC=0x98000000400fe470 [00000000400fe470]	654afff8 daddiu $t2,$t2,0xfff8
4086 Reg write t2=0000000000000058
4087 PC=0x98000000400fe474 [00000000400fe474]	5549fffc bnel   $t2,$t1,0x98000000400fe468
4088 PC=0x98000000400fe478 [00000000400fe478]	4d090041 ldxc1  f1,$t1($t0)
[va=980000004b200048 pa=000000004b200048]
4088 dcache  4d090041 load  hit           pol=3 VA=980000004b200048 PA=04b200048 line=02 hitv=10000000 ro=35106247 tag=04b200 V=11111111 W=00000000 L=00000000
4088 Reg write f[1]=0c8033344a84347a  FCSR(fcr31)=6e000000
4089 icache  4d090041 load  hit           pol=3 VA=98000000400fe468 PA=0400fe460 line=23 hitv=00001000 ro=45670123 tag=0400fe V=00001111 L=00000000
4089 PC=0x98000000400fe468 [00000000400fe468]	4d0a0809 sdxc1  f1,$t2($t0)
[va=980000004b2000f8 pa=000000004b2000f8]
4089 dcache  4d0a0809 store miss w/alloc  pol=3 VA=980000004b2000f8 PA=04b2000f8 line=07 hitv=00000000 ro=23640517 tag=000000 V=11111111 W=00000000 L=00000000
4089 scache  4d0a0809 store miss w/alloc  pol=3 VA=980000004b2000f8 PA=04b2000f8 line=007 hitv=0000 ro=1230 tag=00000 V=1111 W=1001 data=0c8033344a84347a mask=11111111
4090 PC=0x98000000400fe46c [00000000400fe46c]	65290008 daddiu $t1,$t1,0x8
4090 Reg write t1=ffffffffffffffb0
4091 icache  65290008 load  hit           pol=3 VA=98000000400fe470 PA=0400fe470 line=23 hitv=00001000 ro=45670123 tag=0400fe V=00001111 L=00000000
4091 PC=0x98000000400fe470 [00000000400fe470]	654afff8 daddiu $t2,$t2,0xfff8
4091 Reg write t2=0000000000000050
4092 PC=0x98000000400fe474 [00000000400fe474]	5549fffc bnel   $t2,$t1,0x98000000400fe468
4093 PC=0x98000000400fe478 [00000000400fe478]	4d090041 ldxc1  f1,$t1($t0)
[va=980000004b200050 pa=000000004b200050]
4093 dcache  4d090041 load  hit           pol=3 VA=980000004b200050 PA=04b200050 line=02 hitv=10000000 ro=35106247 tag=04b200 V=11111111 W=00000000 L=00000000
4093 Reg write f[1]=ffffffffffffffff  FCSR(fcr31)=6e000000
4094 icache  4d090041 load  hit           pol=3 VA=98000000400fe468 PA=0400fe460 line=23 hitv=00001000 ro=45670123 tag=0400fe V=00001111 L=00000000
4094 PC=0x98000000400fe468 [00000000400fe468]	4d0a0809 sdxc1  f1,$t2($t0)
[va=980000004b2000f0 pa=000000004b2000f0]
4094 dcache  4d0a0809 store hit           pol=3 VA=980000004b2000f0 PA=04b2000f0 line=07 hitv=00000100 ro=36405172 tag=04b200 V=11111111 W=00000000 L=00000000
4094 scache  4d0a0809 store hit           pol=3 VA=980000004b2000f0 PA=04b2000f0 line=007 hitv=0010 ro=2301 tag=02590 V=1111 W=1011 data=ffffffffffffffff mask=11111111
4095 PC=0x98000000400fe46c [00000000400fe46c]	65290008 daddiu $t1,$t1,0x8
4095 Reg write t1=ffffffffffffffb8
4096 icache  65290008 load  hit           pol=3 VA=98000000400fe470 PA=0400fe470 line=23 hitv=00001000 ro=45670123 tag=0400fe V=00001111 L=00000000
4096 PC=0x98000000400fe470 [00000000400fe470]	654afff8 daddiu $t2,$t2,0xfff8
4096 Reg write t2=0000000000000048
4097 PC=0x98000000400fe474 [00000000400fe474]	5549fffc bnel   $t2,$t1,0x98000000400fe468
4098 PC=0x98000000400fe478 [00000000400fe478]	4d090041 ldxc1  f1,$t1($t0)
[va=980000004b200058 pa=000000004b200058]
4098 dcache  4d090041 load  hit           pol=3 VA=980000004b200058 PA=04b200058 line=02 hitv=10000000 ro=35106247 tag=04b200 V=11111111 W=00000000 L=00000000
4098 Reg write f[1]=780f2add150171b6  FCSR(fcr31)=6e000000
4099 icache  4d090041 load  hit           pol=3 VA=98000000400fe468 PA=0400fe460 line=23 hitv=00001000 ro=45670123 tag=0400fe V=00001111 L=00000000
4099 PC=0x98000000400fe468 [00000000400fe468]	4d0a0809 sdxc1  f1,$t2($t0)
[va=980000004b2000e8 pa=000000004b2000e8]
4099 dcache  4d0a0809 store hit           pol=3 VA=980000004b2000e8 PA=04b2000e8 line=07 hitv=00000100 ro=36405172 tag=04b200 V=11111111 W=00000000 L=00000000
4099 scache  4d0a0809 store hit           pol=3 VA=980000004b2000e8 PA=04b2000e8 line=007 hitv=0010 ro=2301 tag=02590 V=1111 W=1011 data=780f2add150171b6 mask=11111111
4100 PC=0x98000000400fe46c [00000000400fe46c]	65290008 daddiu $t1,$t1,0x8
4100 Reg write t1=ffffffffffffffc0
4101 icache  65290008 load  hit           pol=3 VA=98000000400fe470 PA=0400fe470 line=23 hitv=00001000 ro=45670123 tag=0400fe V=00001111 L=00000000
4101 PC=0x98000000400fe470 [00000000400fe470]	654afff8 daddiu $t2,$t2,0xfff8
4101 Reg write t2=0000000000000040
4102 PC=0x98000000400fe474 [00000000400fe474]	5549fffc bnel   $t2,$t1,0x98000000400fe468
4103 PC=0x98000000400fe478 [00000000400fe478]	4d090041 ldxc1  f1,$t1($t0)
[va=980000004b200060 pa=000000004b200060]
4103 dcache  4d090041 load  miss refill   pol=3 VA=980000004b200060 PA=04b200060 line=03 hitv=00000000 ro=56710324 tag=000000 V=11111111 W=00000000 L=00000000
4103 scache  4d090041 load  miss refill   pol=3 VA=980000004b200060 PA=04b200060 line=003 hitv=0000 ro=2031 tag=00000 V=1111 W=0011
4103 Reg write f[1]=980000004b1fff60  FCSR(fcr31)=6e000000
4104 icache  4d090041 load  hit           pol=3 VA=98000000400fe468 PA=0400fe460 line=23 hitv=00001000 ro=45670123 tag=0400fe V=00001111 L=00000000
4104 PC=0x98000000400fe468 [00000000400fe468]	4d0a0809 sdxc1  f1,$t2($t0)
[va=980000004b2000e0 pa=000000004b2000e0]
4104 dcache  4d0a0809 store hit           pol=3 VA=980000004b2000e0 PA=04b2000e0 line=07 hitv=00000100 ro=36405172 tag=04b200 V=11111111 W=00000000 L=00000000
4104 scache  4d0a0809 store hit           pol=3 VA=980000004b2000e0 PA=04b2000e0 line=007 hitv=0010 ro=2301 tag=02590 V=1111 W=1011 data=980000004b1fff60 mask=11111111
4105 PC=0x98000000400fe46c [00000000400fe46c]	65290008 daddiu $t1,$t1,0x8
4105 Reg write t1=ffffffffffffffc8
4106 icache  65290008 load  hit           pol=3 VA=98000000400fe470 PA=0400fe470 line=23 hitv=00001000 ro=45670123 tag=0400fe V=00001111 L=00000000
4106 PC=0x98000000400fe470 [00000000400fe470]	654afff8 daddiu $t2,$t2,0xfff8
4106 Reg write t2=0000000000000038
4107 PC=0x98000000400fe474 [00000000400fe474]	5549fffc bnel   $t2,$t1,0x98000000400fe468
4108 PC=0x98000000400fe478 [00000000400fe478]	4d090041 ldxc1  f1,$t1($t0)
[va=980000004b200068 pa=000000004b200068]
4108 dcache  4d090041 load  hit           pol=3 VA=980000004b200068 PA=04b200068 line=03 hitv=00100000 ro=67103245 tag=04b200 V=11111111 W=00000000 L=00000000
4108 Reg write f[1]=ea9df05aacb3da32  FCSR(fcr31)=6e000000
4109 icache  4d090041 load  hit           pol=3 VA=98000000400fe468 PA=0400fe460 line=23 hitv=00001000 ro=45670123 tag=0400fe V=00001111 L=00000000
4109 PC=0x98000000400fe468 [00000000400fe468]	4d0a0809 sdxc1  f1,$t2($t0)
[va=980000004b2000d8 pa=000000004b2000d8]
4109 dcache  4d0a0809 store miss w/alloc  pol=3 VA=980000004b2000d8 PA=04b2000d8 line=06 hitv=00000000 ro=26734051 tag=000000 V=11111111 W=00000000 L=00000000
4109 scache  4d0a0809 store miss w/alloc  pol=3 VA=980000004b2000d8 PA=04b2000d8 line=006 hitv=0000 ro=2013 tag=00000 V=1111 W=1110 data=ea9df05aacb3da32 mask=11111111
4109 dmemacc: store 8 addr=0575000c0 data=68e154edc36e9f1a mask=11111111 cline 
4109 dmemacc: store 8 addr=0575000c8 data=0000007aced30f5c mask=11111111 cline 
4109 dmemacc: store 8 addr=0575000d0 data=186996609c559187 mask=11111111 cline 
4109 dmemacc: store 8 addr=0575000d8 data=8228e23b2626be6c mask=11111111 cline 
4110 PC=0x98000000400fe46c [00000000400fe46c]	65290008 daddiu $t1,$t1,0x8
4110 Reg write t1=ffffffffffffffd0
4111 icache  65290008 load  hit           pol=3 VA=98000000400fe470 PA=0400fe470 line=23 hitv=00001000 ro=45670123 tag=0400fe V=00001111 L=00000000
4111 PC=0x98000000400fe470 [00000000400fe470]	654afff8 daddiu $t2,$t2,0xfff8
4111 Reg write t2=0000000000000030
4112 PC=0x98000000400fe474 [00000000400fe474]	5549fffc bnel   $t2,$t1,0x98000000400fe468
4113 PC=0x98000000400fe478 [00000000400fe478]	4d090041 ldxc1  f1,$t1($t0)
[va=980000004b200070 pa=000000004b200070]
4113 dcache  4d090041 load  hit           pol=3 VA=980000004b200070 PA=04b200070 line=03 hitv=00100000 ro=67103245 tag=04b200 V=11111111 W=00000000 L=00000000
4113 Reg write f[1]=4532d1b45dbf3843  FCSR(fcr31)=6e000000
4114 icache  4d090041 load  hit           pol=3 VA=98000000400fe468 PA=0400fe460 line=23 hitv=00001000 ro=45670123 tag=0400fe V=00001111 L=00000000
4114 PC=0x98000000400fe468 [00000000400fe468]	4d0a0809 sdxc1  f1,$t2($t0)
[va=980000004b2000d0 pa=000000004b2000d0]
4114 dcache  4d0a0809 store hit           pol=3 VA=980000004b2000d0 PA=04b2000d0 line=06 hitv=00000100 ro=67340512 tag=04b200 V=11111111 W=00000000 L=00000000
4114 scache  4d0a0809 store hit           pol=3 VA=980000004b2000d0 PA=04b2000d0 line=006 hitv=0100 ro=0132 tag=02590 V=1111 W=1110 data=4532d1b45dbf3843 mask=11111111
4115 PC=0x98000000400fe46c [00000000400fe46c]	65290008 daddiu $t1,$t1,0x8
4115 Reg write t1=ffffffffffffffd8
4116 icache  65290008 load  hit           pol=3 VA=98000000400fe470 PA=0400fe470 line=23 hitv=00001000 ro=45670123 tag=0400fe V=00001111 L=00000000
4116 PC=0x98000000400fe470 [00000000400fe470]	654afff8 daddiu $t2,$t2,0xfff8
4116 Reg write t2=0000000000000028
4117 PC=0x98000000400fe474 [00000000400fe474]	5549fffc bnel   $t2,$t1,0x98000000400fe468
4118 PC=0x98000000400fe478 [00000000400fe478]	4d090041 ldxc1  f1,$t1($t0)
[va=980000004b200078 pa=000000004b200078]
4118 dcache  4d090041 load  hit           pol=3 VA=980000004b200078 PA=04b200078 line=03 hitv=00100000 ro=67103245 tag=04b200 V=11111111 W=00000000 L=00000000
4118 Reg write f[1]=38e38e38e38e38e3  FCSR(fcr31)=6e000000
4119 icache  4d090041 load  hit           pol=3 VA=98000000400fe468 PA=0400fe460 line=23 hitv=00001000 ro=45670123 tag=0400fe V=00001111 L=00000000
4119 PC=0x98000000400fe468 [00000000400fe468]	4d0a0809 sdxc1  f1,$t2($t0)
[va=980000004b2000c8 pa=000000004b2000c8]
4119 dcache  4d0a0809 store hit           pol=3 VA=980000004b2000c8 PA=04b2000c8 line=06 hitv=00000100 ro=67340512 tag=04b200 V=11111111 W=00000000 L=00000000
4119 scache  4d0a0809 store hit           pol=3 VA=980000004b2000c8 PA=04b2000c8 line=006 hitv=0100 ro=0132 tag=02590 V=1111 W=1110 data=38e38e38e38e38e3 mask=11111111
4120 PC=0x98000000400fe46c [00000000400fe46c]	65290008 daddiu $t1,$t1,0x8
4120 Reg write t1=ffffffffffffffe0
4121 icache  65290008 load  hit           pol=3 VA=98000000400fe470 PA=0400fe470 line=23 hitv=00001000 ro=45670123 tag=0400fe V=00001111 L=00000000
4121 PC=0x98000000400fe470 [00000000400fe470]	654afff8 daddiu $t2,$t2,0xfff8
4121 Reg write t2=0000000000000020
4122 PC=0x98000000400fe474 [00000000400fe474]	5549fffc bnel   $t2,$t1,0x98000000400fe468
4123 PC=0x98000000400fe478 [00000000400fe478]	4d090041 ldxc1  f1,$t1($t0)
[va=980000004b200080 pa=000000004b200080]
4123 dcache  4d090041 load  miss refill   pol=3 VA=980000004b200080 PA=04b200080 line=04 hitv=00000000 ro=01325764 tag=000000 V=11111111 W=00000000 L=00000000
4123 scache  4d090041 load  miss refill   pol=3 VA=980000004b200080 PA=04b200080 line=004 hitv=0000 ro=0312 tag=00000 V=1111 W=0111
4123 dmemacc: store 8 addr=057500080 data=2285a632f7e23089 mask=11111111 cline 
4123 dmemacc: store 8 addr=057500088 data=a4e61297e2beeffc mask=11111111 cline 
4123 dmemacc: store 8 addr=057500090 data=4687cbeee1008b52 mask=11111111 cline 
4123 dmemacc: store 8 addr=057500098 data=b943ba7307b90dd8 mask=11111111 cline 
4123 Reg write f[1]=0000000000000035  FCSR(fcr31)=6e000000
4124 icache  4d090041 load  hit           pol=3 VA=98000000400fe468 PA=0400fe460 line=23 hitv=00001000 ro=45670123 tag=0400fe V=00001111 L=00000000
4124 PC=0x98000000400fe468 [00000000400fe468]	4d0a0809 sdxc1  f1,$t2($t0)
[va=980000004b2000c0 pa=000000004b2000c0]
4124 dcache  4d0a0809 store hit           pol=3 VA=980000004b2000c0 PA=04b2000c0 line=06 hitv=00000100 ro=67340512 tag=04b200 V=11111111 W=00000000 L=00000000
4124 scache  4d0a0809 store hit           pol=3 VA=980000004b2000c0 PA=04b2000c0 line=006 hitv=0100 ro=0132 tag=02590 V=1111 W=1110 data=0000000000000035 mask=11111111
4125 PC=0x98000000400fe46c [00000000400fe46c]	65290008 daddiu $t1,$t1,0x8
4125 Reg write t1=ffffffffffffffe8
4126 icache  65290008 load  hit           pol=3 VA=98000000400fe470 PA=0400fe470 line=23 hitv=00001000 ro=45670123 tag=0400fe V=00001111 L=00000000
4126 PC=0x98000000400fe470 [00000000400fe470]	654afff8 daddiu $t2,$t2,0xfff8
4126 Reg write t2=0000000000000018
4127 PC=0x98000000400fe474 [00000000400fe474]	5549fffc bnel   $t2,$t1,0x98000000400fe468
4128 PC=0x98000000400fe478 [00000000400fe478]	4d090041 ldxc1  f1,$t1($t0)
[va=980000004b200088 pa=000000004b200088]
4128 dcache  4d090041 load  hit           pol=3 VA=980000004b200088 PA=04b200088 line=04 hitv=00000001 ro=13257640 tag=04b200 V=11111111 W=00000000 L=00000000
4128 Reg write f[1]=91daeda7df62a11c  FCSR(fcr31)=6e000000
4129 icache  4d090041 load  hit           pol=3 VA=98000000400fe468 PA=0400fe460 line=23 hitv=00001000 ro=45670123 tag=0400fe V=00001111 L=00000000
4129 PC=0x98000000400fe468 [00000000400fe468]	4d0a0809 sdxc1  f1,$t2($t0)
[va=980000004b2000b8 pa=000000004b2000b8]
4129 dcache  4d0a0809 store miss w/alloc  pol=3 VA=980000004b2000b8 PA=04b2000b8 line=05 hitv=00000000 ro=47152603 tag=000000 V=11111111 W=00000000 L=00000000
4129 scache  4d0a0809 store miss w/alloc  pol=3 VA=980000004b2000b8 PA=04b2000b8 line=005 hitv=0000 ro=2031 tag=00000 V=1111 W=1110 data=91daeda7df62a11c mask=11111111
4129 dmemacc: store 8 addr=0575000a0 data=4687cbeee1008b52 mask=11111111 cline 
4129 dmemacc: store 8 addr=0575000a8 data=b943ba7307b90dd8 mask=11111111 cline 
4129 dmemacc: store 8 addr=0575000b0 data=ffffffffffffffff mask=11111111 cline 
4129 dmemacc: store 8 addr=0575000b8 data=6259c22b91677e64 mask=11111111 cline 
4130 PC=0x98000000400fe46c [00000000400fe46c]	65290008 daddiu $t1,$t1,0x8
4130 Reg write t1=fffffffffffffff0
4131 icache  65290008 load  hit           pol=3 VA=98000000400fe470 PA=0400fe470 line=23 hitv=00001000 ro=45670123 tag=0400fe V=00001111 L=00000000
4131 PC=0x98000000400fe470 [00000000400fe470]	654afff8 daddiu $t2,$t2,0xfff8
4131 Reg write t2=0000000000000010
4132 PC=0x98000000400fe474 [00000000400fe474]	5549fffc bnel   $t2,$t1,0x98000000400fe468
4133 PC=0x98000000400fe478 [00000000400fe478]	4d090041 ldxc1  f1,$t1($t0)
[va=980000004b200090 pa=000000004b200090]
4133 dcache  4d090041 load  hit           pol=3 VA=980000004b200090 PA=04b200090 line=04 hitv=00000001 ro=13257640 tag=04b200 V=11111111 W=00000000 L=00000000
4133 Reg write f[1]=9cbe6b5ccdee4ace  FCSR(fcr31)=6e000000
4134 icache  4d090041 load  hit           pol=3 VA=98000000400fe468 PA=0400fe460 line=23 hitv=00001000 ro=45670123 tag=0400fe V=00001111 L=00000000
4134 PC=0x98000000400fe468 [00000000400fe468]	4d0a0809 sdxc1  f1,$t2($t0)
[va=980000004b2000b0 pa=000000004b2000b0]
4134 dcache  4d0a0809 store hit           pol=3 VA=980000004b2000b0 PA=04b2000b0 line=05 hitv=00010000 ro=71526034 tag=04b200 V=11111111 W=00000000 L=00000000
4134 scache  4d0a0809 store hit           pol=3 VA=980000004b2000b0 PA=04b2000b0 line=005 hitv=0100 ro=0312 tag=02590 V=1111 W=1110 data=9cbe6b5ccdee4ace mask=11111111
4135 PC=0x98000000400fe46c [00000000400fe46c]	65290008 daddiu $t1,$t1,0x8
4135 Reg write t1=fffffffffffffff8
4136 icache  65290008 load  hit           pol=3 VA=98000000400fe470 PA=0400fe470 line=23 hitv=00001000 ro=45670123 tag=0400fe V=00001111 L=00000000
4136 PC=0x98000000400fe470 [00000000400fe470]	654afff8 daddiu $t2,$t2,0xfff8
4136 Reg write t2=0000000000000008
4137 PC=0x98000000400fe474 [00000000400fe474]	5549fffc bnel   $t2,$t1,0x98000000400fe468
4138 PC=0x98000000400fe478 [00000000400fe478]	4d090041 ldxc1  f1,$t1($t0)
[va=980000004b200098 pa=000000004b200098]
4138 dcache  4d090041 load  hit           pol=3 VA=980000004b200098 PA=04b200098 line=04 hitv=00000001 ro=13257640 tag=04b200 V=11111111 W=00000000 L=00000000
4138 Reg write f[1]=06adc4506640a8b9  FCSR(fcr31)=6e000000
4139 icache  4d090041 load  hit           pol=3 VA=98000000400fe468 PA=0400fe460 line=23 hitv=00001000 ro=45670123 tag=0400fe V=00001111 L=00000000
4139 PC=0x98000000400fe468 [00000000400fe468]	4d0a0809 sdxc1  f1,$t2($t0)
[va=980000004b2000a8 pa=000000004b2000a8]
4139 dcache  4d0a0809 store hit           pol=3 VA=980000004b2000a8 PA=04b2000a8 line=05 hitv=00010000 ro=71526034 tag=04b200 V=11111111 W=00000000 L=00000000
4139 scache  4d0a0809 store hit           pol=3 VA=980000004b2000a8 PA=04b2000a8 line=005 hitv=0100 ro=0312 tag=02590 V=1111 W=1110 data=06adc4506640a8b9 mask=11111111
4140 PC=0x98000000400fe46c [00000000400fe46c]	65290008 daddiu $t1,$t1,0x8
4140 Reg write t1=0000000000000000
4141 icache  65290008 load  hit           pol=3 VA=98000000400fe470 PA=0400fe470 line=23 hitv=00001000 ro=45670123 tag=0400fe V=00001111 L=00000000
4141 PC=0x98000000400fe470 [00000000400fe470]	654afff8 daddiu $t2,$t2,0xfff8
4141 Reg write t2=0000000000000000
4142 PC=0x98000000400fe474 [00000000400fe474]	5549fffc bnel   $t2,$t1,0x98000000400fe468
4143 PC=0x98000000400fe47c [00000000400fe47c]	00000000 nop
4144 icache  00000000 load  miss refill   pol=3 VA=98000000400fe480 PA=0400fe480 line=24 hitv=00000000 ro=34567012 tag=000000 V=00000111 L=00000000
4144 PC=0x98000000400fe480 [00000000400fe480]	57200003 bnel   $t9,$r0,0x98000000400fe490
4145 PC=0x98000000400fe484 [00000000400fe484]	00000000 nop
4146 icache  00000000 load  hit           pol=3 VA=98000000400fe490 PA=0400fe490 line=24 hitv=00001000 ro=45670123 tag=0400fe V=00001111 L=00000000
4146 PC=0x98000000400fe490 [00000000400fe490]	2009ffa0 addi   $t1,$r0,0xffa0
4146 Reg write t1=ffffffffffffffa0
4147 PC=0x98000000400fe494 [00000000400fe494]	340a0060 ori    $t2,$r0,0x60
4147 Reg write t2=0000000000000060
4148 PC=0x98000000400fe498 [00000000400fe498]	3c089800 lui    $t0,0x9800
4148 Reg write t0=ffffffff98000000
4149 PC=0x98000000400fe49c [00000000400fe49c]	00084438 dsll   $t0,$t0,16
4149 Reg write t0=ffff980000000000
4150 icache  00084438 load  miss refill   pol=3 VA=98000000400fe4a0 PA=0400fe4a0 line=25 hitv=00000000 ro=23456701 tag=000000 V=00000011 L=00000000
4150 PC=0x98000000400fe4a0 [00000000400fe4a0]	35085680 ori    $t0,$t0,0x5680
4150 Reg write t0=ffff980000005680
4151 PC=0x98000000400fe4a4 [00000000400fe4a4]	00084438 dsll   $t0,$t0,16
4151 Reg write t0=9800000056800000
4152 PC=0x98000000400fe4a8 [00000000400fe4a8]	35080050 ori    $t0,$t0,0x50
4152 Reg write t0=9800000056800050
4153 PC=0x98000000400fe4ac [00000000400fe4ac]	4d090041 ldxc1  f1,$t1($t0)
[va=98000000567ffff0 pa=00000000567ffff0]
4153 dcache  4d090041 load  miss refill   pol=3 VA=98000000567ffff0 PA=0567ffff0 line=7f hitv=00000000 ro=51730426 tag=000000 V=11111111 W=00000000 L=00000000
4153 scache  4d090041 load  miss refill   pol=3 VA=98000000567ffff0 PA=0567fffe0 line=fff hitv=0000 ro=3021 tag=00000 V=1111 W=1110
4153 dmemacc: store 8 addr=0412fffe0 data=b4c7b7efee3fdd99 mask=11111111 cline 
4153 dmemacc: store 8 addr=0412fffe8 data=98000000541fffc0 mask=11111111 cline 
4153 dmemacc: store 8 addr=0412ffff0 data=9eea3e2041304294 mask=11111111 cline 
4153 dmemacc: store 8 addr=0412ffff8 data=8f9ff0810f11382f mask=11111111 cline 
4153 Reg write f[1]=7fffffffffffffff  FCSR(fcr31)=6e000000
4154 icache  4d090041 load  hit           pol=3 VA=98000000400fe4b0 PA=0400fe4b0 line=25 hitv=00000100 ro=34567012 tag=0400fe V=00000111 L=00000000
4154 PC=0x98000000400fe4b0 [00000000400fe4b0]	4d0a0809 sdxc1  f1,$t2($t0)
[va=98000000568000b0 pa=00000000568000b0]
4154 dcache  4d0a0809 store miss w/alloc  pol=3 VA=98000000568000b0 PA=0568000b0 line=05 hitv=00000000 ro=71526034 tag=000000 V=11111111 W=00000000 L=00000000
4154 scache  4d0a0809 store miss w/alloc  pol=3 VA=98000000568000b0 PA=0568000b0 line=005 hitv=0000 ro=0312 tag=00000 V=1111 W=1110 data=7fffffffffffffff mask=11111111
4155 PC=0x98000000400fe4b4 [00000000400fe4b4]	65290008 daddiu $t1,$t1,0x8
4155 Reg write t1=ffffffffffffffa8
4156 PC=0x98000000400fe4b8 [00000000400fe4b8]	654afff8 daddiu $t2,$t2,0xfff8
4156 Reg write t2=0000000000000058
4157 PC=0x98000000400fe4bc [00000000400fe4bc]	5549fffc bnel   $t2,$t1,0x98000000400fe4b0
4158 icache  5549fffc load  miss refill   pol=3 VA=98000000400fe4c0 PA=0400fe4c0 line=26 hitv=00000000 ro=23456701 tag=000000 V=00000011 L=00000000
4158 PC=0x98000000400fe4c0 [00000000400fe4c0]	4d090041 ldxc1  f1,$t1($t0)
[va=98000000567ffff8 pa=00000000567ffff8]
4158 dcache  4d090041 load  hit           pol=3 VA=98000000567ffff8 PA=0567ffff8 line=7f hitv=00100000 ro=17304265 tag=0567ff V=11111111 W=00000000 L=00000000
4158 Reg write f[1]=6d9a324c6fb76290  FCSR(fcr31)=6e000000
4159 icache  4d090041 load  hit           pol=3 VA=98000000400fe4b0 PA=0400fe4b0 line=25 hitv=00000100 ro=34567012 tag=0400fe V=00000111 L=00000000
4159 PC=0x98000000400fe4b0 [00000000400fe4b0]	4d0a0809 sdxc1  f1,$t2($t0)
[va=98000000568000a8 pa=00000000568000a8]
4159 dcache  4d0a0809 store hit           pol=3 VA=98000000568000a8 PA=0568000a8 line=05 hitv=10000000 ro=15260347 tag=056800 V=11111111 W=00000000 L=00000000
4159 scache  4d0a0809 store hit           pol=3 VA=98000000568000a8 PA=0568000a8 line=005 hitv=0001 ro=3120 tag=02b40 V=1111 W=1111 data=6d9a324c6fb76290 mask=11111111
4160 PC=0x98000000400fe4b4 [00000000400fe4b4]	65290008 daddiu $t1,$t1,0x8
4160 Reg write t1=ffffffffffffffb0
4161 PC=0x98000000400fe4b8 [00000000400fe4b8]	654afff8 daddiu $t2,$t2,0xfff8
4161 Reg write t2=0000000000000050
4162 PC=0x98000000400fe4bc [00000000400fe4bc]	5549fffc bnel   $t2,$t1,0x98000000400fe4b0
4163 icache  5549fffc load  hit           pol=3 VA=98000000400fe4c0 PA=0400fe4c0 line=26 hitv=00000100 ro=34567012 tag=0400fe V=00000111 L=00000000
4163 PC=0x98000000400fe4c0 [00000000400fe4c0]	4d090041 ldxc1  f1,$t1($t0)
[va=9800000056800000 pa=0000000056800000]
4163 dcache  4d090041 load  miss refill   pol=3 VA=9800000056800000 PA=056800000 line=00 hitv=00000000 ro=62501743 tag=000000 V=11111111 W=00000000 L=00000000
4163 scache  4d090041 load  miss refill   pol=3 VA=9800000056800000 PA=056800000 line=000 hitv=0000 ro=3210 tag=00000 V=1111 W=0011
4163 Reg write f[1]=283e0edf6eb85958  FCSR(fcr31)=6e000000
4164 icache  4d090041 load  hit           pol=3 VA=98000000400fe4b0 PA=0400fe4b0 line=25 hitv=00000100 ro=34567012 tag=0400fe V=00000111 L=00000000
4164 PC=0x98000000400fe4b0 [00000000400fe4b0]	4d0a0809 sdxc1  f1,$t2($t0)
[va=98000000568000a0 pa=00000000568000a0]
4164 dcache  4d0a0809 store hit           pol=3 VA=98000000568000a0 PA=0568000a0 line=05 hitv=10000000 ro=15260347 tag=056800 V=11111111 W=00000000 L=00000000
4164 scache  4d0a0809 store hit           pol=3 VA=98000000568000a0 PA=0568000a0 line=005 hitv=0001 ro=3120 tag=02b40 V=1111 W=1111 data=283e0edf6eb85958 mask=11111111
4165 PC=0x98000000400fe4b4 [00000000400fe4b4]	65290008 daddiu $t1,$t1,0x8
4165 Reg write t1=ffffffffffffffb8
4166 PC=0x98000000400fe4b8 [00000000400fe4b8]	654afff8 daddiu $t2,$t2,0xfff8
4166 Reg write t2=0000000000000048
4167 PC=0x98000000400fe4bc [00000000400fe4bc]	5549fffc bnel   $t2,$t1,0x98000000400fe4b0
4168 icache  5549fffc load  hit           pol=3 VA=98000000400fe4c0 PA=0400fe4c0 line=26 hitv=00000100 ro=34567012 tag=0400fe V=00000111 L=00000000
4168 PC=0x98000000400fe4c0 [00000000400fe4c0]	4d090041 ldxc1  f1,$t1($t0)
[va=9800000056800008 pa=0000000056800008]
4168 dcache  4d090041 load  hit           pol=3 VA=9800000056800008 PA=056800008 line=00 hitv=01000000 ro=25017436 tag=056800 V=11111111 W=00000000 L=00000000
4168 Reg write f[1]=cff92f4c650fa032  FCSR(fcr31)=6e000000
4169 icache  4d090041 load  hit           pol=3 VA=98000000400fe4b0 PA=0400fe4b0 line=25 hitv=00000100 ro=34567012 tag=0400fe V=00000111 L=00000000
4169 PC=0x98000000400fe4b0 [00000000400fe4b0]	4d0a0809 sdxc1  f1,$t2($t0)
[va=9800000056800098 pa=0000000056800098]
4169 dcache  4d0a0809 store miss w/alloc  pol=3 VA=9800000056800098 PA=056800098 line=04 hitv=00000000 ro=13257640 tag=000000 V=11111111 W=00000000 L=00000000
4169 scache  4d0a0809 store miss w/alloc  pol=3 VA=9800000056800098 PA=056800098 line=004 hitv=0000 ro=3120 tag=00000 V=1111 W=0110 data=cff92f4c650fa032 mask=11111111
4170 PC=0x98000000400fe4b4 [00000000400fe4b4]	65290008 daddiu $t1,$t1,0x8
4170 Reg write t1=ffffffffffffffc0
4171 PC=0x98000000400fe4b8 [00000000400fe4b8]	654afff8 daddiu $t2,$t2,0xfff8
4171 Reg write t2=0000000000000040
4172 PC=0x98000000400fe4bc [00000000400fe4bc]	5549fffc bnel   $t2,$t1,0x98000000400fe4b0
4173 icache  5549fffc load  hit           pol=3 VA=98000000400fe4c0 PA=0400fe4c0 line=26 hitv=00000100 ro=34567012 tag=0400fe V=00000111 L=00000000
4173 PC=0x98000000400fe4c0 [00000000400fe4c0]	4d090041 ldxc1  f1,$t1($t0)
[va=9800000056800010 pa=0000000056800010]
4173 dcache  4d090041 load  hit           pol=3 VA=9800000056800010 PA=056800010 line=00 hitv=01000000 ro=25017436 tag=056800 V=11111111 W=00000000 L=00000000
4173 Reg write f[1]=7fffffffffffffff  FCSR(fcr31)=6e000000
4174 icache  4d090041 load  hit           pol=3 VA=98000000400fe4b0 PA=0400fe4b0 line=25 hitv=00000100 ro=34567012 tag=0400fe V=00000111 L=00000000
4174 PC=0x98000000400fe4b0 [00000000400fe4b0]	4d0a0809 sdxc1  f1,$t2($t0)
[va=9800000056800090 pa=0000000056800090]
4174 dcache  4d0a0809 store hit           pol=3 VA=9800000056800090 PA=056800090 line=04 hitv=00000010 ro=32576401 tag=056800 V=11111111 W=00000000 L=00000000
4174 scache  4d0a0809 store hit           pol=3 VA=9800000056800090 PA=056800090 line=004 hitv=1000 ro=1203 tag=02b40 V=1111 W=1110 data=7fffffffffffffff mask=11111111
4175 PC=0x98000000400fe4b4 [00000000400fe4b4]	65290008 daddiu $t1,$t1,0x8
4175 Reg write t1=ffffffffffffffc8
4176 PC=0x98000000400fe4b8 [00000000400fe4b8]	654afff8 daddiu $t2,$t2,0xfff8
4176 Reg write t2=0000000000000038
4177 PC=0x98000000400fe4bc [00000000400fe4bc]	5549fffc bnel   $t2,$t1,0x98000000400fe4b0
4178 icache  5549fffc load  hit           pol=3 VA=98000000400fe4c0 PA=0400fe4c0 line=26 hitv=00000100 ro=34567012 tag=0400fe V=00000111 L=00000000
4178 PC=0x98000000400fe4c0 [00000000400fe4c0]	4d090041 ldxc1  f1,$t1($t0)
[va=9800000056800018 pa=0000000056800018]
4178 dcache  4d090041 load  hit           pol=3 VA=9800000056800018 PA=056800018 line=00 hitv=01000000 ro=25017436 tag=056800 V=11111111 W=00000000 L=00000000
4178 Reg write f[1]=482318e7e7e6f55d  FCSR(fcr31)=6e000000
4179 icache  4d090041 load  hit           pol=3 VA=98000000400fe4b0 PA=0400fe4b0 line=25 hitv=00000100 ro=34567012 tag=0400fe V=00000111 L=00000000
4179 PC=0x98000000400fe4b0 [00000000400fe4b0]	4d0a0809 sdxc1  f1,$t2($t0)
[va=9800000056800088 pa=0000000056800088]
4179 dcache  4d0a0809 store hit           pol=3 VA=9800000056800088 PA=056800088 line=04 hitv=00000010 ro=32576401 tag=056800 V=11111111 W=00000000 L=00000000
4179 scache  4d0a0809 store hit           pol=3 VA=9800000056800088 PA=056800088 line=004 hitv=1000 ro=1203 tag=02b40 V=1111 W=1110 data=482318e7e7e6f55d mask=11111111
4180 PC=0x98000000400fe4b4 [00000000400fe4b4]	65290008 daddiu $t1,$t1,0x8
4180 Reg write t1=ffffffffffffffd0
4181 PC=0x98000000400fe4b8 [00000000400fe4b8]	654afff8 daddiu $t2,$t2,0xfff8
4181 Reg write t2=0000000000000030
4182 PC=0x98000000400fe4bc [00000000400fe4bc]	5549fffc bnel   $t2,$t1,0x98000000400fe4b0
4183 icache  5549fffc load  hit           pol=3 VA=98000000400fe4c0 PA=0400fe4c0 line=26 hitv=00000100 ro=34567012 tag=0400fe V=00000111 L=00000000
4183 PC=0x98000000400fe4c0 [00000000400fe4c0]	4d090041 ldxc1  f1,$t1($t0)
[va=9800000056800020 pa=0000000056800020]
4183 dcache  4d090041 load  miss refill   pol=3 VA=9800000056800020 PA=056800020 line=01 hitv=00000000 ro=06237154 tag=000000 V=11111111 W=00000000 L=00000000
4183 scache  4d090041 load  miss refill   pol=3 VA=9800000056800020 PA=056800020 line=001 hitv=0000 ro=2130 tag=00000 V=1111 W=0011
4183 Reg write f[1]=ff007fc01ff007fc  FCSR(fcr31)=6e000000
4184 icache  4d090041 load  hit           pol=3 VA=98000000400fe4b0 PA=0400fe4b0 line=25 hitv=00000100 ro=34567012 tag=0400fe V=00000111 L=00000000
4184 PC=0x98000000400fe4b0 [00000000400fe4b0]	4d0a0809 sdxc1  f1,$t2($t0)
[va=9800000056800080 pa=0000000056800080]
4184 dcache  4d0a0809 store hit           pol=3 VA=9800000056800080 PA=056800080 line=04 hitv=00000010 ro=32576401 tag=056800 V=11111111 W=00000000 L=00000000
4184 scache  4d0a0809 store hit           pol=3 VA=9800000056800080 PA=056800080 line=004 hitv=1000 ro=1203 tag=02b40 V=1111 W=1110 data=ff007fc01ff007fc mask=11111111
4185 PC=0x98000000400fe4b4 [00000000400fe4b4]	65290008 daddiu $t1,$t1,0x8
4185 Reg write t1=ffffffffffffffd8
4186 PC=0x98000000400fe4b8 [00000000400fe4b8]	654afff8 daddiu $t2,$t2,0xfff8
4186 Reg write t2=0000000000000028
4187 PC=0x98000000400fe4bc [00000000400fe4bc]	5549fffc bnel   $t2,$t1,0x98000000400fe4b0
4188 icache  5549fffc load  hit           pol=3 VA=98000000400fe4c0 PA=0400fe4c0 line=26 hitv=00000100 ro=34567012 tag=0400fe V=00000111 L=00000000
4188 PC=0x98000000400fe4c0 [00000000400fe4c0]	4d090041 ldxc1  f1,$t1($t0)
[va=9800000056800028 pa=0000000056800028]
4188 dcache  4d090041 load  hit           pol=3 VA=9800000056800028 PA=056800028 line=01 hitv=00000001 ro=62371540 tag=056800 V=11111111 W=00000000 L=00000000
4188 Reg write f[1]=a311bf2e74e67073  FCSR(fcr31)=6e000000
4189 icache  4d090041 load  hit           pol=3 VA=98000000400fe4b0 PA=0400fe4b0 line=25 hitv=00000100 ro=34567012 tag=0400fe V=00000111 L=00000000
4189 PC=0x98000000400fe4b0 [00000000400fe4b0]	4d0a0809 sdxc1  f1,$t2($t0)
[va=9800000056800078 pa=0000000056800078]
4189 dcache  4d0a0809 store miss w/alloc  pol=3 VA=9800000056800078 PA=056800078 line=03 hitv=00000000 ro=67103245 tag=000000 V=11111111 W=00000000 L=00000000
4189 scache  4d0a0809 store miss w/alloc  pol=3 VA=9800000056800078 PA=056800078 line=003 hitv=0000 ro=0312 tag=00000 V=1111 W=0011 data=a311bf2e74e67073 mask=11111111
4189 dmemacc: store 8 addr=051600060 data=9800000000007164 mask=11111111 cline 
4189 dmemacc: store 8 addr=051600068 data=0000000000000000 mask=11111111 cline 
4189 dmemacc: store 8 addr=051600070 data=0ff128d39b3c05c2 mask=11111111 cline 
4189 dmemacc: store 8 addr=051600078 data=7fffffffffffffff mask=11111111 cline 
4190 PC=0x98000000400fe4b4 [00000000400fe4b4]	65290008 daddiu $t1,$t1,0x8
4190 Reg write t1=ffffffffffffffe0
4191 PC=0x98000000400fe4b8 [00000000400fe4b8]	654afff8 daddiu $t2,$t2,0xfff8
4191 Reg write t2=0000000000000020
4192 PC=0x98000000400fe4bc [00000000400fe4bc]	5549fffc bnel   $t2,$t1,0x98000000400fe4b0
4193 icache  5549fffc load  hit           pol=3 VA=98000000400fe4c0 PA=0400fe4c0 line=26 hitv=00000100 ro=34567012 tag=0400fe V=00000111 L=00000000
4193 PC=0x98000000400fe4c0 [00000000400fe4c0]	4d090041 ldxc1  f1,$t1($t0)
[va=9800000056800030 pa=0000000056800030]
4193 dcache  4d090041 load  hit           pol=3 VA=9800000056800030 PA=056800030 line=01 hitv=00000001 ro=62371540 tag=056800 V=11111111 W=00000000 L=00000000
4193 Reg write f[1]=ec7c441ae256bfe7  FCSR(fcr31)=6e000000
4194 icache  4d090041 load  hit           pol=3 VA=98000000400fe4b0 PA=0400fe4b0 line=25 hitv=00000100 ro=34567012 tag=0400fe V=00000111 L=00000000
4194 PC=0x98000000400fe4b0 [00000000400fe4b0]	4d0a0809 sdxc1  f1,$t2($t0)
[va=9800000056800070 pa=0000000056800070]
4194 dcache  4d0a0809 store hit           pol=3 VA=9800000056800070 PA=056800070 line=03 hitv=01000000 ro=71032456 tag=056800 V=11111111 W=00000000 L=00000000
4194 scache  4d0a0809 store hit           pol=3 VA=9800000056800070 PA=056800070 line=003 hitv=0001 ro=3120 tag=02b40 V=1111 W=0011 data=ec7c441ae256bfe7 mask=11111111
4195 PC=0x98000000400fe4b4 [00000000400fe4b4]	65290008 daddiu $t1,$t1,0x8
4195 Reg write t1=ffffffffffffffe8
4196 PC=0x98000000400fe4b8 [00000000400fe4b8]	654afff8 daddiu $t2,$t2,0xfff8
4196 Reg write t2=0000000000000018
4197 PC=0x98000000400fe4bc [00000000400fe4bc]	5549fffc bnel   $t2,$t1,0x98000000400fe4b0
4198 icache  5549fffc load  hit           pol=3 VA=98000000400fe4c0 PA=0400fe4c0 line=26 hitv=00000100 ro=34567012 tag=0400fe V=00000111 L=00000000
4198 PC=0x98000000400fe4c0 [00000000400fe4c0]	4d090041 ldxc1  f1,$t1($t0)
[va=9800000056800038 pa=0000000056800038]
4198 dcache  4d090041 load  hit           pol=3 VA=9800000056800038 PA=056800038 line=01 hitv=00000001 ro=62371540 tag=056800 V=11111111 W=00000000 L=00000000
4198 Reg write f[1]=6f6ef44a4b99d01e  FCSR(fcr31)=6e000000
4199 icache  4d090041 load  hit           pol=3 VA=98000000400fe4b0 PA=0400fe4b0 line=25 hitv=00000100 ro=34567012 tag=0400fe V=00000111 L=00000000
4199 PC=0x98000000400fe4b0 [00000000400fe4b0]	4d0a0809 sdxc1  f1,$t2($t0)
[va=9800000056800068 pa=0000000056800068]
4199 dcache  4d0a0809 store hit           pol=3 VA=9800000056800068 PA=056800068 line=03 hitv=01000000 ro=71032456 tag=056800 V=11111111 W=00000000 L=00000000
4199 scache  4d0a0809 store hit           pol=3 VA=9800000056800068 PA=056800068 line=003 hitv=0001 ro=3120 tag=02b40 V=1111 W=0011 data=6f6ef44a4b99d01e mask=11111111
4200 PC=0x98000000400fe4b4 [00000000400fe4b4]	65290008 daddiu $t1,$t1,0x8
4200 Reg write t1=fffffffffffffff0
4201 PC=0x98000000400fe4b8 [00000000400fe4b8]	654afff8 daddiu $t2,$t2,0xfff8
4201 Reg write t2=0000000000000010
4202 PC=0x98000000400fe4bc [00000000400fe4bc]	5549fffc bnel   $t2,$t1,0x98000000400fe4b0
4203 icache  5549fffc load  hit           pol=3 VA=98000000400fe4c0 PA=0400fe4c0 line=26 hitv=00000100 ro=34567012 tag=0400fe V=00000111 L=00000000
4203 PC=0x98000000400fe4c0 [00000000400fe4c0]	4d090041 ldxc1  f1,$t1($t0)
[va=9800000056800040 pa=0000000056800040]
4203 dcache  4d090041 load  miss refill   pol=3 VA=9800000056800040 PA=056800040 line=02 hitv=00000000 ro=35106247 tag=000000 V=11111111 W=00000000 L=00000000
4203 scache  4d090041 load  miss refill   pol=3 VA=9800000056800040 PA=056800040 line=002 hitv=0000 ro=0321 tag=00000 V=1111 W=0101
4203 dmemacc: store 8 addr=043800040 data=98000000414fb8bb mask=11111111 cline 
4203 dmemacc: store 8 addr=043800048 data=3333333333333333 mask=11111111 cline 
4203 dmemacc: store 8 addr=043800050 data=f7582b33fad4eadd mask=11111111 cline 
4203 dmemacc: store 8 addr=043800058 data=3333333333333333 mask=11111111 cline 
4203 Reg write f[1]=56edd1abf18edeaf  FCSR(fcr31)=6e000000
4204 icache  4d090041 load  hit           pol=3 VA=98000000400fe4b0 PA=0400fe4b0 line=25 hitv=00000100 ro=34567012 tag=0400fe V=00000111 L=00000000
4204 PC=0x98000000400fe4b0 [00000000400fe4b0]	4d0a0809 sdxc1  f1,$t2($t0)
[va=9800000056800060 pa=0000000056800060]
4204 dcache  4d0a0809 store hit           pol=3 VA=9800000056800060 PA=056800060 line=03 hitv=01000000 ro=71032456 tag=056800 V=11111111 W=00000000 L=00000000
4204 scache  4d0a0809 store hit           pol=3 VA=9800000056800060 PA=056800060 line=003 hitv=0001 ro=3120 tag=02b40 V=1111 W=0011 data=56edd1abf18edeaf mask=11111111
4205 PC=0x98000000400fe4b4 [00000000400fe4b4]	65290008 daddiu $t1,$t1,0x8
4205 Reg write t1=fffffffffffffff8
4206 PC=0x98000000400fe4b8 [00000000400fe4b8]	654afff8 daddiu $t2,$t2,0xfff8
4206 Reg write t2=0000000000000008
4207 PC=0x98000000400fe4bc [00000000400fe4bc]	5549fffc bnel   $t2,$t1,0x98000000400fe4b0
4208 icache  5549fffc load  hit           pol=3 VA=98000000400fe4c0 PA=0400fe4c0 line=26 hitv=00000100 ro=34567012 tag=0400fe V=00000111 L=00000000
4208 PC=0x98000000400fe4c0 [00000000400fe4c0]	4d090041 ldxc1  f1,$t1($t0)
[va=9800000056800048 pa=0000000056800048]
4208 dcache  4d090041 load  hit           pol=3 VA=9800000056800048 PA=056800048 line=02 hitv=00001000 ro=51062473 tag=056800 V=11111111 W=00000000 L=00000000
4208 Reg write f[1]=f5620eacdbd6168b  FCSR(fcr31)=6e000000
4209 icache  4d090041 load  hit           pol=3 VA=98000000400fe4b0 PA=0400fe4b0 line=25 hitv=00000100 ro=34567012 tag=0400fe V=00000111 L=00000000
4209 PC=0x98000000400fe4b0 [00000000400fe4b0]	4d0a0809 sdxc1  f1,$t2($t0)
[va=9800000056800058 pa=0000000056800058]
4209 dcache  4d0a0809 store hit           pol=3 VA=9800000056800058 PA=056800058 line=02 hitv=00001000 ro=51062473 tag=056800 V=11111111 W=00000000 L=00000000
4209 scache  4d0a0809 store hit           pol=3 VA=9800000056800058 PA=056800058 line=002 hitv=0001 ro=3210 tag=02b40 V=1111 W=0100 data=f5620eacdbd6168b mask=11111111
4210 PC=0x98000000400fe4b4 [00000000400fe4b4]	65290008 daddiu $t1,$t1,0x8
4210 Reg write t1=0000000000000000
4211 PC=0x98000000400fe4b8 [00000000400fe4b8]	654afff8 daddiu $t2,$t2,0xfff8
4211 Reg write t2=0000000000000000
4212 PC=0x98000000400fe4bc [00000000400fe4bc]	5549fffc bnel   $t2,$t1,0x98000000400fe4b0
4213 icache  5549fffc load  hit           pol=3 VA=98000000400fe4c4 PA=0400fe4c0 line=26 hitv=00000100 ro=34567012 tag=0400fe V=00000111 L=00000000
4213 PC=0x98000000400fe4c4 [00000000400fe4c4]	3c199800 lui    $t9,0x9800
4213 Reg write t9=ffffffff98000000
4214 PC=0x98000000400fe4c8 [00000000400fe4c8]	0019cc38 dsll   $t9,$t9,16
4214 Reg write t9=ffff980000000000
4215 PC=0x98000000400fe4cc [00000000400fe4cc]	3739511f ori    $t9,$t9,0x511f
4215 Reg write t9=ffff98000000511f
4216 icache  3739511f load  hit           pol=3 VA=98000000400fe4d0 PA=0400fe4d0 line=26 hitv=00000100 ro=34567012 tag=0400fe V=00000111 L=00000000
4216 PC=0x98000000400fe4d0 [00000000400fe4d0]	0019cc38 dsll   $t9,$t9,16
4216 Reg write t9=98000000511f0000
4217 PC=0x98000000400fe4d4 [00000000400fe4d4]	3739dbfe ori    $t9,$t9,0xdbfe
4217 Reg write t9=98000000511fdbfe
4218 PC=0x98000000400fe4d8 [00000000400fe4d8]	af2723ce sw     $a3,0x23ce($t9)
[va=98000000511fffcc pa=00000000511fffcc]
4218 dcache  af2723ce store miss w/alloc  pol=3 VA=98000000511fffcc PA=0511fffc8 line=7e hitv=00000000 ro=37406152 tag=000000 V=11111111 W=00000000 L=00000000
4218 scache  af2723ce store miss w/alloc  pol=3 VA=98000000511fffcc PA=0511fffc8 line=ffe hitv=0000 ro=0231 tag=00000 V=1111 W=1110 data=00000000ffffffff mask=00001111
4219 PC=0x98000000400fe4dc [00000000400fe4dc]	3c019800 lui    $r1,0x9800
4219 Reg write r1=ffffffff98000000
4220 icache  3c019800 load  miss refill   pol=3 VA=98000000400fe4e0 PA=0400fe4e0 line=27 hitv=00000000 ro=23456701 tag=000000 V=00000011 L=00000000
4220 PC=0x98000000400fe4e0 [00000000400fe4e0]	00010c38 dsll   $r1,$r1,16
4220 Reg write r1=ffff980000000000
4221 PC=0x98000000400fe4e4 [00000000400fe4e4]	34215120 ori    $r1,$r1,0x5120
4221 Reg write r1=ffff980000005120
4222 PC=0x98000000400fe4e8 [00000000400fe4e8]	00010c38 dsll   $r1,$r1,16
4222 Reg write r1=9800000051200000
4223 PC=0x98000000400fe4ec [00000000400fe4ec]	34213fc6 ori    $r1,$r1,0x3fc6
4223 Reg write r1=9800000051203fc6
4224 icache  34213fc6 load  hit           pol=3 VA=98000000400fe4f0 PA=0400fe4f0 line=27 hitv=00000100 ro=34567012 tag=0400fe V=00000111 L=00000000
4224 PC=0x98000000400fe4f0 [00000000400fe4f0]	dc2cc18a ld     $t4,0xffffc18a($r1)
[va=9800000051200150 pa=0000000051200150]
4224 dcache  dc2cc18a load  miss refill   pol=3 VA=9800000051200150 PA=051200150 line=0a hitv=00000000 ro=60742351 tag=000000 V=11111111 W=00000000 L=00000000
4224 scache  dc2cc18a load  miss refill   pol=3 VA=9800000051200150 PA=051200140 line=00a hitv=0000 ro=0123 tag=00000 V=1111 W=1011
4224 dmemacc: store 8 addr=046b00140 data=1f2728489901bc5c mask=11111111 cline 
4224 dmemacc: store 8 addr=046b00148 data=5b22767de7c895b2 mask=11111111 cline 
4224 dmemacc: store 8 addr=046b00150 data=bd9fa33637a15ade mask=11111111 cline 
4224 dmemacc: store 8 addr=046b00158 data=c3c3c3c3c3c3c3c3 mask=11111111 cline 
4224 Reg write t4=0000000000000000
4225 PC=0x98000000400fe4f4 [00000000400fe4f4]	3c139800 lui    $s3,0x9800
4225 Reg write s3=ffffffff98000000
4226 PC=0x98000000400fe4f8 [00000000400fe4f8]	00139c38 dsll   $s3,$s3,16
4226 Reg write s3=ffff980000000000
4227 PC=0x98000000400fe4fc [00000000400fe4fc]	3673517f ori    $s3,$s3,0x517f
4227 Reg write s3=ffff98000000517f
4228 icache  3673517f load  miss refill   pol=3 VA=98000000400fe500 PA=0400fe500 line=28 hitv=00000000 ro=23456701 tag=000000 V=00000011 L=00000000
4228 PC=0x98000000400fe500 [00000000400fe500]	00139c38 dsll   $s3,$s3,16
4228 Reg write s3=98000000517f0000
4229 PC=0x98000000400fe504 [00000000400fe504]	3673e9e3 ori    $s3,$s3,0xe9e3
4229 Reg write s3=98000000517fe9e3
4230 PC=0x98000000400fe508 [00000000400fe508]	de7316c5 ld     $s3,0x16c5($s3)
[va=98000000518000a8 pa=00000000518000a8]
4230 dcache  de7316c5 load  miss refill   pol=3 VA=98000000518000a8 PA=0518000a8 line=05 hitv=00000000 ro=15260347 tag=000000 V=11111111 W=00000000 L=00000000
4230 scache  de7316c5 load  miss refill   pol=3 VA=98000000518000a8 PA=0518000a0 line=005 hitv=0000 ro=3120 tag=00000 V=1111 W=1111
4230 dmemacc: store 8 addr=0505000a0 data=f548f0fc750a0746 mask=11111111 cline 
4230 dmemacc: store 8 addr=0505000a8 data=275c23e14ab06bf1 mask=11111111 cline 
4230 dmemacc: store 8 addr=0505000b0 data=98000000416ff2e9 mask=11111111 cline 
4230 dmemacc: store 8 addr=0505000b8 data=0000000000000001 mask=11111111 cline 
4230 Reg write s3=0a4109a0038567ca
4231 PC=0x98000000400fe50c [00000000400fe50c]	3c139800 lui    $s3,0x9800
4231 Reg write s3=ffffffff98000000
4232 icache  3c139800 load  hit           pol=3 VA=98000000400fe510 PA=0400fe510 line=28 hitv=00000100 ro=34567012 tag=0400fe V=00000111 L=00000000
4232 PC=0x98000000400fe510 [00000000400fe510]	00139c38 dsll   $s3,$s3,16
4232 Reg write s3=ffff980000000000
4233 PC=0x98000000400fe514 [00000000400fe514]	36734520 ori    $s3,$s3,0x4520
4233 Reg write s3=ffff980000004520
4234 PC=0x98000000400fe518 [00000000400fe518]	00139c38 dsll   $s3,$s3,16
4234 Reg write s3=9800000045200000
4235 PC=0x98000000400fe51c [00000000400fe51c]	36731ef5 ori    $s3,$s3,0x1ef5
4235 Reg write s3=9800000045201ef5
4236 icache  36731ef5 load  miss refill   pol=3 VA=98000000400fe520 PA=0400fe520 line=29 hitv=00000000 ro=23456701 tag=000000 V=00000011 L=00000000
4236 PC=0x98000000400fe520 [00000000400fe520]	fe6be0c3 sd     $t3,0xffffe0c3($s3)
[va=98000000451fffb8 pa=00000000451fffb8]
4236 dcache  fe6be0c3 store miss w/alloc  pol=3 VA=98000000451fffb8 PA=0451fffb8 line=7d hitv=00000000 ro=63017452 tag=000000 V=11111111 W=00000000 L=00000000
4236 scache  fe6be0c3 store miss w/alloc  pol=3 VA=98000000451fffb8 PA=0451fffb8 line=ffd hitv=0000 ro=2130 tag=00000 V=1111 W=1111 data=0000000000000055 mask=11111111
4236 dmemacc: store 8 addr=0504fffa0 data=9800000050505821 mask=11111111 cline 
4236 dmemacc: store 8 addr=0504fffa8 data=97880d43d20078ef mask=11111111 cline 
4236 dmemacc: store 8 addr=0504fffb0 data=98000000515fd3c6 mask=11111111 cline 
4236 dmemacc: store 8 addr=0504fffb8 data=c9016fa64170184c mask=11111111 cline 
4237 PC=0x98000000400fe524 [00000000400fe524]	3c199800 lui    $t9,0x9800
4237 Reg write t9=ffffffff98000000
4238 PC=0x98000000400fe528 [00000000400fe528]	0019cc38 dsll   $t9,$t9,16
4238 Reg write t9=ffff980000000000
4239 PC=0x98000000400fe52c [00000000400fe52c]	37394520 ori    $t9,$t9,0x4520
4239 Reg write t9=ffff980000004520
4240 icache  37394520 load  hit           pol=3 VA=98000000400fe530 PA=0400fe530 line=29 hitv=00000100 ro=34567012 tag=0400fe V=00000111 L=00000000
4240 PC=0x98000000400fe530 [00000000400fe530]	0019cc38 dsll   $t9,$t9,16
4240 Reg write t9=9800000045200000
4241 PC=0x98000000400fe534 [00000000400fe534]	37390d57 ori    $t9,$t9,0xd57
4241 Reg write t9=9800000045200d57
4242 PC=0x98000000400fe538 [00000000400fe538]	a321f258 sb     $r1,0xfffff258($t9)
[va=98000000451fffaf pa=00000000451fffaf]
4242 dcache  a321f258 store hit           pol=3 VA=98000000451fffaf PA=0451fffa8 line=7d hitv=01000000 ro=30174526 tag=0451ff V=11111111 W=00000000 L=00000000
4242 scache  a321f258 store hit           pol=3 VA=98000000451fffaf PA=0451fffa8 line=ffd hitv=0100 ro=1302 tag=0228f V=1111 W=1111 data=00000000000000c6 mask=00000001
4243 PC=0x98000000400fe53c [00000000400fe53c]	3c139800 lui    $s3,0x9800
4243 Reg write s3=ffffffff98000000
4244 icache  3c139800 load  miss refill   pol=3 VA=98000000400fe540 PA=0400fe540 line=2a hitv=00000000 ro=23456701 tag=000000 V=00000011 L=00000000
4244 PC=0x98000000400fe540 [00000000400fe540]	00139c38 dsll   $s3,$s3,16
4244 Reg write s3=ffff980000000000
4245 PC=0x98000000400fe544 [00000000400fe544]	36735120 ori    $s3,$s3,0x5120
4245 Reg write s3=ffff980000005120
4246 PC=0x98000000400fe548 [00000000400fe548]	00139c38 dsll   $s3,$s3,16
4246 Reg write s3=9800000051200000
4247 PC=0x98000000400fe54c [00000000400fe54c]	36734431 ori    $s3,$s3,0x4431
4247 Reg write s3=9800000051204431
4248 icache  36734431 load  hit           pol=3 VA=98000000400fe550 PA=0400fe550 line=2a hitv=00000100 ro=34567012 tag=0400fe V=00000111 L=00000000
4248 PC=0x98000000400fe550 [00000000400fe550]	de70bbdf ld     $s0,0xffffbbdf($s3)
[va=9800000051200010 pa=0000000051200010]
4248 dcache  de70bbdf load  miss refill   pol=3 VA=9800000051200010 PA=051200010 line=00 hitv=00000000 ro=25017436 tag=000000 V=11111111 W=00000000 L=00000000
4248 scache  de70bbdf load  miss refill   pol=3 VA=9800000051200010 PA=051200000 line=000 hitv=0000 ro=2103 tag=00000 V=1111 W=0011
4248 Reg write s0=45102deeaa730690
4249 PC=0x98000000400fe554 [00000000400fe554]	3c0e9800 lui    $t6,0x9800
4249 Reg write t6=ffffffff98000000
4250 PC=0x98000000400fe558 [00000000400fe558]	000e7438 dsll   $t6,$t6,16
4250 Reg write t6=ffff980000000000
4251 PC=0x98000000400fe55c [00000000400fe55c]	35ce5180 ori    $t6,$t6,0x5180
4251 Reg write t6=ffff980000005180
4252 icache  35ce5180 load  miss refill   pol=3 VA=98000000400fe560 PA=0400fe560 line=2b hitv=00000000 ro=23456701 tag=000000 V=00000011 L=00000000
4252 PC=0x98000000400fe560 [00000000400fe560]	000e7438 dsll   $t6,$t6,16
4252 Reg write t6=9800000051800000
4253 PC=0x98000000400fe564 [00000000400fe564]	35ce6f84 ori    $t6,$t6,0x6f84
4253 Reg write t6=9800000051806f84
4254 PC=0x98000000400fe568 [00000000400fe568]	81de8f9b lb     $s8,0xffff8f9b($t6)
[va=98000000517fff1f pa=00000000517fff1f]
4254 dcache  81de8f9b load  miss refill   pol=3 VA=98000000517fff1f PA=0517fff18 line=78 hitv=00000000 ro=54671203 tag=000000 V=11111111 W=00000000 L=00000000
4254 scache  81de8f9b load  miss refill   pol=3 VA=98000000517fff1f PA=0517fff00 line=ff8 hitv=0000 ro=0123 tag=00000 V=1111 W=0111
4254 dmemacc: store 8 addr=0451fff00 data=3333333333333333 mask=11111111 cline 
4254 dmemacc: store 8 addr=0451fff08 data=5306eb7ea57b8d35 mask=11111111 cline 
4254 dmemacc: store 8 addr=0451fff10 data=8000000000000000 mask=11111111 cline 
4254 dmemacc: store 8 addr=0451fff18 data=e024313b450a27c6 mask=11111111 cline 
4254 Reg write s8=ffffffffffffffa2
4255 PC=0x98000000400fe56c [00000000400fe56c]	3c1e9800 lui    $s8,0x9800
4255 Reg write s8=ffffffff98000000
4256 icache  3c1e9800 load  hit           pol=3 VA=98000000400fe570 PA=0400fe570 line=2b hitv=00000100 ro=34567012 tag=0400fe V=00000111 L=00000000
4256 PC=0x98000000400fe570 [00000000400fe570]	001ef438 dsll   $s8,$s8,16
4256 Reg write s8=ffff980000000000
4257 PC=0x98000000400fe574 [00000000400fe574]	37de5020 ori    $s8,$s8,0x5020
4257 Reg write s8=ffff980000005020
4258 PC=0x98000000400fe578 [00000000400fe578]	001ef438 dsll   $s8,$s8,16
4258 Reg write s8=9800000050200000
4259 PC=0x98000000400fe57c [00000000400fe57c]	37de21ba ori    $s8,$s8,0x21ba
4259 Reg write s8=98000000502021ba
4260 icache  37de21ba load  miss refill   pol=3 VA=98000000400fe580 PA=0400fe580 line=2c hitv=00000000 ro=23456701 tag=000000 V=00000011 L=00000000
4260 PC=0x98000000400fe580 [00000000400fe580]	dfcedfd6 ld     $t6,0xffffdfd6($s8)
[va=9800000050200190 pa=0000000050200190]
4260 dcache  dfcedfd6 load  miss refill   pol=3 VA=9800000050200190 PA=050200190 line=0c hitv=00000000 ro=10352467 tag=000000 V=11111111 W=00000000 L=00000000
4260 scache  dfcedfd6 load  miss refill   pol=3 VA=9800000050200190 PA=050200180 line=00c hitv=0000 ro=2130 tag=00000 V=1111 W=1101
4260 dmemacc: store 8 addr=046b00180 data=1f2728489901bc5c mask=11111111 cline 
4260 dmemacc: store 8 addr=046b00188 data=ffffffffffffffff mask=11111111 cline 
4260 dmemacc: store 8 addr=046b00190 data=8f58e3224b517f4b mask=11111111 cline 
4260 dmemacc: store 8 addr=046b00198 data=510309b1ea8b4a47 mask=11111111 cline 
4260 Reg write t6=ffffffffffffffff
4261 PC=0x98000000400fe584 [00000000400fe584]	3c049800 lui    $a0,0x9800
4261 Reg write a0=ffffffff98000000
4262 PC=0x98000000400fe588 [00000000400fe588]	00042438 dsll   $a0,$a0,16
4262 Reg write a0=ffff980000000000
4263 PC=0x98000000400fe58c [00000000400fe58c]	3484567f ori    $a0,$a0,0x567f
4263 Reg write a0=ffff98000000567f
4264 icache  3484567f load  hit           pol=3 VA=98000000400fe590 PA=0400fe590 line=2c hitv=00000100 ro=34567012 tag=0400fe V=00000111 L=00000000
4264 PC=0x98000000400fe590 [00000000400fe590]	00042438 dsll   $a0,$a0,16
4264 Reg write a0=98000000567f0000
4265 PC=0x98000000400fe594 [00000000400fe594]	3484ff30 ori    $a0,$a0,0xff30
4265 Reg write a0=98000000567fff30
4266 PC=0x98000000400fe598 [00000000400fe598]	3c059800 lui    $a1,0x9800
4266 Reg write a1=ffffffff98000000
4267 PC=0x98000000400fe59c [00000000400fe59c]	00052c38 dsll   $a1,$a1,16
4267 Reg write a1=ffff980000000000
4268 icache  00052c38 load  miss refill   pol=3 VA=98000000400fe5a0 PA=0400fe5a0 line=2d hitv=00000000 ro=12345670 tag=000000 V=00000001 L=00000000
4268 PC=0x98000000400fe5a0 [00000000400fe5a0]	34a5544f ori    $a1,$a1,0x544f
4268 Reg write a1=ffff98000000544f
4269 PC=0x98000000400fe5a4 [00000000400fe5a4]	00052c38 dsll   $a1,$a1,16
4269 Reg write a1=98000000544f0000
4270 PC=0x98000000400fe5a8 [00000000400fe5a8]	34a5ff10 ori    $a1,$a1,0xff10
4270 Reg write a1=98000000544fff10
4271 PC=0x98000000400fe5ac [00000000400fe5ac]	24060007 addiu  $a2,$r0,0x7
4271 Reg write a2=0000000000000007
4272 icache  24060007 load  hit           pol=3 VA=98000000400fe5b0 PA=0400fe5b0 line=2d hitv=00000010 ro=23456701 tag=0400fe V=00000011 L=00000000
4272 PC=0x98000000400fe5b0 [00000000400fe5b0]	64c6ffff daddiu $a2,$a2,0xffff
4272 Reg write a2=0000000000000006
4273 PC=0x98000000400fe5b4 [00000000400fe5b4]	dcaf0028 ld     $t7,0x28($a1)
[va=98000000544fff38 pa=00000000544fff38]
4273 dcache  dcaf0028 load  miss refill   pol=3 VA=98000000544fff38 PA=0544fff38 line=79 hitv=00000000 ro=02345167 tag=000000 V=11111111 W=00000000 L=00000000
4273 scache  dcaf0028 load  miss refill   pol=3 VA=98000000544fff38 PA=0544fff20 line=ff9 hitv=0000 ro=0132 tag=00000 V=1111 W=0111
4273 dmemacc: store 8 addr=055afff20 data=9800000051b04f5a mask=11111111 cline 
4273 dmemacc: store 8 addr=055afff28 data=8c86dd5e9d76ae6d mask=11111111 cline 
4273 dmemacc: store 8 addr=055afff30 data=a449adbbad09275e mask=11111111 cline 
4273 dmemacc: store 8 addr=055afff38 data=a254681143d4090d mask=11111111 cline 
4273 Reg write t7=0000000000000001
4274 PC=0x98000000400fe5b8 [00000000400fe5b8]	fc8cffe0 sd     $t4,0xffffffe0($a0)
[va=98000000567fff10 pa=00000000567fff10]
4274 dcache  fc8cffe0 store miss w/alloc  pol=3 VA=98000000567fff10 PA=0567fff10 line=78 hitv=00000000 ro=46712035 tag=000000 V=11111111 W=00000000 L=00000000
4274 scache  fc8cffe0 store miss w/alloc  pol=3 VA=98000000567fff10 PA=0567fff10 line=ff8 hitv=0000 ro=1230 tag=00000 V=1111 W=0110 data=0000000000000000 mask=11111111
4274 dmemacc: store 8 addr=0574fff00 data=45e3b41db79f1cf9 mask=11111111 cline 
4274 dmemacc: store 8 addr=0574fff08 data=0b8a310961891fc1 mask=11111111 cline 
4274 dmemacc: store 8 addr=0574fff10 data=9800000043800030 mask=11111111 cline 
4274 dmemacc: store 8 addr=0574fff18 data=dd083e52ef0e0002 mask=11111111 cline 
4275 PC=0x98000000400fe5bc [00000000400fe5bc]	dca90038 ld     $t1,0x38($a1)
[va=98000000544fff48 pa=00000000544fff48]
4275 dcache  dca90038 load  miss refill   pol=3 VA=98000000544fff48 PA=0544fff48 line=7a hitv=00000000 ro=62014357 tag=000000 V=11111111 W=00000000 L=00000000
4275 scache  dca90038 load  miss refill   pol=3 VA=98000000544fff48 PA=0544fff40 line=ffa hitv=0000 ro=1203 tag=00000 V=1111 W=1010
4275 dmemacc: store 8 addr=0574fff40 data=77d07456985899c8 mask=11111111 cline 
4275 dmemacc: store 8 addr=0574fff48 data=65619b9191bcb7b2 mask=11111111 cline 
4275 dmemacc: store 8 addr=0574fff50 data=6de0c13361734c79 mask=11111111 cline 
4275 dmemacc: store 8 addr=0574fff58 data=fffffffff2382320 mask=11111111 cline 
4275 Reg write t1=dceb0b08a406e2b0
4276 icache  dca90038 load  miss refill   pol=3 VA=98000000400fe5c0 PA=0400fe5c0 line=2e hitv=00000000 ro=12345670 tag=000000 V=00000001 L=00000000
4276 PC=0x98000000400fe5c0 [00000000400fe5c0]	dca90008 ld     $t1,0x8($a1)
[va=98000000544fff18 pa=00000000544fff18]
4276 dcache  dca90008 load  miss refill   pol=3 VA=98000000544fff18 PA=0544fff18 line=78 hitv=00000000 ro=67120354 tag=000000 V=11111111 W=00000000 L=00000000
4276 scache  dca90008 load  miss refill   pol=3 VA=98000000544fff18 PA=0544fff00 line=ff8 hitv=0000 ro=2301 tag=00000 V=1111 W=0110
4276 dmemacc: store 8 addr=0511fff00 data=8a8d0dbd3005b91b mask=11111111 cline 
4276 dmemacc: store 8 addr=0511fff08 data=13c9eebd0000006e mask=11111111 cline 
4276 dmemacc: store 8 addr=0511fff10 data=50f8cdf95bce68c4 mask=11111111 cline 
4276 dmemacc: store 8 addr=0511fff18 data=0000000000000001 mask=11111111 cline 
4276 Reg write t1=2bb72f4e7e6c5d99
4277 PC=0x98000000400fe5c4 [00000000400fe5c4]	64840040 daddiu $a0,$a0,0x40
4277 Reg write a0=98000000567fff70
4278 PC=0x98000000400fe5c8 [00000000400fe5c8]	dca80000 ld     $t0,0x0($a1)
[va=98000000544fff10 pa=00000000544fff10]
4278 dcache  dca80000 load  hit           pol=3 VA=98000000544fff10 PA=0544fff10 line=78 hitv=01000000 ro=71203546 tag=0544ff V=11111111 W=00000000 L=00000000
4278 Reg write t0=07d408ba3df27dde
4279 PC=0x98000000400fe5cc [00000000400fe5cc]	fc88fff0 sd     $t0,0xfffffff0($a0)
[va=98000000567fff60 pa=00000000567fff60]
4279 dcache  fc88fff0 store miss w/alloc  pol=3 VA=98000000567fff60 PA=0567fff60 line=7b hitv=00000000 ro=31760524 tag=000000 V=11111111 W=00000000 L=00000000
4279 scache  fc88fff0 store miss w/alloc  pol=3 VA=98000000567fff60 PA=0567fff60 line=ffb hitv=0000 ro=0312 tag=00000 V=1111 W=0111 data=07d408ba3df27dde mask=11111111
4279 dmemacc: store 8 addr=0574fff60 data=6de0c13361734c79 mask=11111111 cline 
4279 dmemacc: store 8 addr=0574fff68 data=fffffffff2382320 mask=11111111 cline 
4279 dmemacc: store 8 addr=0574fff70 data=4d397b0c14a2feb1 mask=11111111 cline 
4279 dmemacc: store 8 addr=0574fff78 data=0000000000000000 mask=11111111 cline 
4280 icache  fc88fff0 load  hit           pol=3 VA=98000000400fe5d0 PA=0400fe5d0 line=2e hitv=00000010 ro=23456701 tag=0400fe V=00000011 L=00000000
4280 PC=0x98000000400fe5d0 [00000000400fe5d0]	fc8affd0 sd     $t2,0xffffffd0($a0)
[va=98000000567fff40 pa=00000000567fff40]
4280 dcache  fc8affd0 store miss w/alloc  pol=3 VA=98000000567fff40 PA=0567fff40 line=7a hitv=00000000 ro=20143576 tag=000000 V=11111111 W=00000000 L=00000000
4280 scache  fc8affd0 store miss w/alloc  pol=3 VA=98000000567fff40 PA=0567fff40 line=ffa hitv=0000 ro=2031 tag=00000 V=1111 W=1000 data=0000000000000000 mask=11111111
4281 PC=0x98000000400fe5d4 [00000000400fe5d4]	fc89fff8 sd     $t1,0xfffffff8($a0)
[va=98000000567fff68 pa=00000000567fff68]
4281 dcache  fc89fff8 store hit           pol=3 VA=98000000567fff68 PA=0567fff68 line=7b hitv=00001000 ro=17605243 tag=0567ff V=11111111 W=00000000 L=00000000
4281 scache  fc89fff8 store hit           pol=3 VA=98000000567fff68 PA=0567fff68 line=ffb hitv=0001 ro=3120 tag=02b3f V=1111 W=0111 data=2bb72f4e7e6c5d99 mask=11111111
4282 PC=0x98000000400fe5d8 [00000000400fe5d8]	fc880000 sd     $t0,0x0($a0)
[va=98000000567fff70 pa=00000000567fff70]
4282 dcache  fc880000 store hit           pol=3 VA=98000000567fff70 PA=0567fff70 line=7b hitv=00001000 ro=17605243 tag=0567ff V=11111111 W=00000000 L=00000000
4282 scache  fc880000 store hit           pol=3 VA=98000000567fff70 PA=0567fff70 line=ffb hitv=0001 ro=3120 tag=02b3f V=1111 W=0111 data=07d408ba3df27dde mask=11111111
4283 PC=0x98000000400fe5dc [00000000400fe5dc]	dcaa0010 ld     $t2,0x10($a1)
[va=98000000544fff20 pa=00000000544fff20]
4283 dcache  dcaa0010 load  hit           pol=3 VA=98000000544fff20 PA=0544fff20 line=79 hitv=00000001 ro=23451670 tag=0544ff V=11111111 W=00000000 L=00000000
4283 Reg write t2=2b2297952c0b6600
4284 icache  dcaa0010 load  miss refill   pol=3 VA=98000000400fe5e0 PA=0400fe5e0 line=2f hitv=00000000 ro=12345670 tag=000000 V=00000001 L=00000000
4284 PC=0x98000000400fe5e0 [00000000400fe5e0]	dca80030 ld     $t0,0x30($a1)
[va=98000000544fff40 pa=00000000544fff40]
4284 dcache  dca80030 load  hit           pol=3 VA=98000000544fff40 PA=0544fff40 line=7a hitv=01000000 ro=01435762 tag=0544ff V=11111111 W=00000000 L=00000000
4284 Reg write t0=7fffffffffffffff
4285 PC=0x98000000400fe5e4 [00000000400fe5e4]	fc8fffe8 sd     $t7,0xffffffe8($a0)
[va=98000000567fff58 pa=00000000567fff58]
4285 dcache  fc8fffe8 store hit           pol=3 VA=98000000567fff58 PA=0567fff58 line=7a hitv=00000100 ro=01435726 tag=0567ff V=11111111 W=00000000 L=00000000
4285 scache  fc8fffe8 store hit           pol=3 VA=98000000567fff58 PA=0567fff58 line=ffa hitv=0100 ro=0312 tag=02b3f V=1111 W=1100 data=0000000000000001 mask=11111111
4286 PC=0x98000000400fe5e8 [00000000400fe5e8]	fc890008 sd     $t1,0x8($a0)
[va=98000000567fff78 pa=00000000567fff78]
4286 dcache  fc890008 store hit           pol=3 VA=98000000567fff78 PA=0567fff78 line=7b hitv=00001000 ro=17605243 tag=0567ff V=11111111 W=00000000 L=00000000
4286 scache  fc890008 store hit           pol=3 VA=98000000567fff78 PA=0567fff78 line=ffb hitv=0001 ro=3120 tag=02b3f V=1111 W=0111 data=2bb72f4e7e6c5d99 mask=11111111
4287 PC=0x98000000400fe5ec [00000000400fe5ec]	dcac0020 ld     $t4,0x20($a1)
[va=98000000544fff30 pa=00000000544fff30]
4287 dcache  dcac0020 load  hit           pol=3 VA=98000000544fff30 PA=0544fff30 line=79 hitv=00000001 ro=23451670 tag=0544ff V=11111111 W=00000000 L=00000000
4287 Reg write t4=c71c71c71c71c71c
4288 icache  dcac0020 load  hit           pol=3 VA=98000000400fe5f0 PA=0400fe5f0 line=2f hitv=00000010 ro=23456701 tag=0400fe V=00000011 L=00000000
4288 PC=0x98000000400fe5f0 [00000000400fe5f0]	dcab0018 ld     $t3,0x18($a1)
[va=98000000544fff28 pa=00000000544fff28]
4288 dcache  dcab0018 load  hit           pol=3 VA=98000000544fff28 PA=0544fff28 line=79 hitv=00000001 ro=23451670 tag=0544ff V=11111111 W=00000000 L=00000000
4288 Reg write t3=1c71c71c71c71c71
4289 PC=0x98000000400fe5f4 [00000000400fe5f4]	fc8bffd8 sd     $t3,0xffffffd8($a0)
[va=98000000567fff48 pa=00000000567fff48]
4289 dcache  fc8bffd8 store hit           pol=3 VA=98000000567fff48 PA=0567fff48 line=7a hitv=00000100 ro=01435762 tag=0567ff V=11111111 W=00000000 L=00000000
4289 scache  fc8bffd8 store hit           pol=3 VA=98000000567fff48 PA=0567fff48 line=ffa hitv=0100 ro=0312 tag=02b3f V=1111 W=1100 data=1c71c71c71c71c71 mask=11111111
4290 PC=0x98000000400fe5f8 [00000000400fe5f8]	14c0ffed bne    $a2,$r0,0x98000000400fe5b0
4291 PC=0x98000000400fe5fc [00000000400fe5fc]	64a50040 daddiu $a1,$a1,0x40
4291 Reg write a1=98000000544fff50
4292 icache  64a50040 load  hit           pol=3 VA=98000000400fe5b0 PA=0400fe5b0 line=2d hitv=00000010 ro=23456701 tag=0400fe V=00000011 L=00000000
4292 PC=0x98000000400fe5b0 [00000000400fe5b0]	64c6ffff daddiu $a2,$a2,0xffff
4292 Reg write a2=0000000000000005
4293 PC=0x98000000400fe5b4 [00000000400fe5b4]	dcaf0028 ld     $t7,0x28($a1)
[va=98000000544fff78 pa=00000000544fff78]
4293 dcache  dcaf0028 load  miss refill   pol=3 VA=98000000544fff78 PA=0544fff78 line=7b hitv=00000000 ro=17605243 tag=000000 V=11111111 W=00000000 L=00000000
4293 scache  dcaf0028 load  miss refill   pol=3 VA=98000000544fff78 PA=0544fff60 line=ffb hitv=0000 ro=3120 tag=00000 V=1111 W=0111
4293 Reg write t7=ffffffffffffffff
4294 PC=0x98000000400fe5b8 [00000000400fe5b8]	fc8cffe0 sd     $t4,0xffffffe0($a0)
[va=98000000567fff50 pa=00000000567fff50]
4294 dcache  fc8cffe0 store hit           pol=3 VA=98000000567fff50 PA=0567fff50 line=7a hitv=00000100 ro=01435762 tag=0567ff V=11111111 W=00000000 L=00000000
4294 scache  fc8cffe0 store hit           pol=3 VA=98000000567fff50 PA=0567fff50 line=ffa hitv=0100 ro=0312 tag=02b3f V=1111 W=1100 data=c71c71c71c71c71c mask=11111111
4295 PC=0x98000000400fe5bc [00000000400fe5bc]	dca90038 ld     $t1,0x38($a1)
[va=98000000544fff88 pa=00000000544fff88]
4295 dcache  dca90038 load  miss refill   pol=3 VA=98000000544fff88 PA=0544fff88 line=7c hitv=00000000 ro=37542601 tag=000000 V=11111111 W=00000000 L=00000000
4295 scache  dca90038 load  miss refill   pol=3 VA=98000000544fff88 PA=0544fff80 line=ffc hitv=0000 ro=1230 tag=00000 V=1111 W=0101
4295 Reg write t1=291f12b3ef43364a
4296 icache  dca90038 load  hit           pol=3 VA=98000000400fe5c0 PA=0400fe5c0 line=2e hitv=00000010 ro=23456701 tag=0400fe V=00000011 L=00000000
4296 PC=0x98000000400fe5c0 [00000000400fe5c0]	dca90008 ld     $t1,0x8($a1)
[va=98000000544fff58 pa=00000000544fff58]
4296 dcache  dca90008 load  hit           pol=3 VA=98000000544fff58 PA=0544fff58 line=7a hitv=01000000 ro=01435762 tag=0544ff V=11111111 W=00000000 L=00000000
4296 Reg write t1=e5fa414a32d66d43
4297 PC=0x98000000400fe5c4 [00000000400fe5c4]	64840040 daddiu $a0,$a0,0x40
4297 Reg write a0=98000000567fffb0
4298 PC=0x98000000400fe5c8 [00000000400fe5c8]	dca80000 ld     $t0,0x0($a1)
[va=98000000544fff50 pa=00000000544fff50]
4298 dcache  dca80000 load  hit           pol=3 VA=98000000544fff50 PA=0544fff50 line=7a hitv=01000000 ro=01435726 tag=0544ff V=11111111 W=00000000 L=00000000
4298 Reg write t0=de1616492c50716b
4299 PC=0x98000000400fe5cc [00000000400fe5cc]	fc88fff0 sd     $t0,0xfffffff0($a0)
[va=98000000567fffa0 pa=00000000567fffa0]
4299 dcache  fc88fff0 store miss w/alloc  pol=3 VA=98000000567fffa0 PA=0567fffa0 line=7d hitv=00000000 ro=30174526 tag=000000 V=11111111 W=00000000 L=00000000
4299 scache  fc88fff0 store miss w/alloc  pol=3 VA=98000000567fffa0 PA=0567fffa0 line=ffd hitv=0000 ro=1302 tag=00000 V=1111 W=1111 data=de1616492c50716b mask=11111111
4299 dmemacc: store 8 addr=054afffa0 data=0000000000000001 mask=11111111 cline 
4299 dmemacc: store 8 addr=054afffa8 data=1f2728489901bc5c mask=11111111 cline 
4299 dmemacc: store 8 addr=054afffb0 data=98000000504fff30 mask=11111111 cline 
4299 dmemacc: store 8 addr=054afffb8 data=3333333333333333 mask=11111111 cline 
4300 icache  fc88fff0 load  hit           pol=3 VA=98000000400fe5d0 PA=0400fe5d0 line=2e hitv=00000010 ro=23456701 tag=0400fe V=00000011 L=00000000
4300 PC=0x98000000400fe5d0 [00000000400fe5d0]	fc8affd0 sd     $t2,0xffffffd0($a0)
[va=98000000567fff80 pa=00000000567fff80]
4300 dcache  fc8affd0 store miss w/alloc  pol=3 VA=98000000567fff80 PA=0567fff80 line=7c hitv=00000000 ro=75426013 tag=000000 V=11111111 W=00000000 L=00000000
4300 scache  fc8affd0 store miss w/alloc  pol=3 VA=98000000567fff80 PA=0567fff80 line=ffc hitv=0000 ro=2301 tag=00000 V=1111 W=0101 data=2b2297952c0b6600 mask=11111111
4300 dmemacc: store 8 addr=054afff80 data=ffffffffffffffff mask=11111111 cline 
4300 dmemacc: store 8 addr=054afff88 data=aaaaaaaaaaaaaaaa mask=11111111 cline 
4300 dmemacc: store 8 addr=054afff90 data=ffffffffffffffff mask=11111111 cline 
4300 dmemacc: store 8 addr=054afff98 data=aaaaaaaaaaaaaaaa mask=11111111 cline 
4301 PC=0x98000000400fe5d4 [00000000400fe5d4]	fc89fff8 sd     $t1,0xfffffff8($a0)
[va=98000000567fffa8 pa=00000000567fffa8]
4301 dcache  fc89fff8 store hit           pol=3 VA=98000000567fffa8 PA=0567fffa8 line=7d hitv=00001000 ro=01745263 tag=0567ff V=11111111 W=00000000 L=00000000
4301 scache  fc89fff8 store hit           pol=3 VA=98000000567fffa8 PA=0567fffa8 line=ffd hitv=0010 ro=3021 tag=02b3f V=1111 W=1111 data=e5fa414a32d66d43 mask=11111111
4302 PC=0x98000000400fe5d8 [00000000400fe5d8]	fc880000 sd     $t0,0x0($a0)
[va=98000000567fffb0 pa=00000000567fffb0]
4302 dcache  fc880000 store hit           pol=3 VA=98000000567fffb0 PA=0567fffb0 line=7d hitv=00001000 ro=01745263 tag=0567ff V=11111111 W=00000000 L=00000000
4302 scache  fc880000 store hit           pol=3 VA=98000000567fffb0 PA=0567fffb0 line=ffd hitv=0010 ro=3021 tag=02b3f V=1111 W=1111 data=de1616492c50716b mask=11111111
4303 PC=0x98000000400fe5dc [00000000400fe5dc]	dcaa0010 ld     $t2,0x10($a1)
[va=98000000544fff60 pa=00000000544fff60]
4303 dcache  dcaa0010 load  hit           pol=3 VA=98000000544fff60 PA=0544fff60 line=7b hitv=00000010 ro=76052431 tag=0544ff V=11111111 W=00000000 L=00000000
4303 Reg write t2=9ea4a484b9e04e2b
4304 icache  dcaa0010 load  hit           pol=3 VA=98000000400fe5e0 PA=0400fe5e0 line=2f hitv=00000010 ro=23456701 tag=0400fe V=00000011 L=00000000
4304 PC=0x98000000400fe5e0 [00000000400fe5e0]	dca80030 ld     $t0,0x30($a1)
[va=98000000544fff80 pa=00000000544fff80]
4304 dcache  dca80030 load  hit           pol=3 VA=98000000544fff80 PA=0544fff80 line=7c hitv=00001000 ro=54260137 tag=0544ff V=11111111 W=00000000 L=00000000
4304 Reg write t0=b4a1e4d24d07a012
4305 PC=0x98000000400fe5e4 [00000000400fe5e4]	fc8fffe8 sd     $t7,0xffffffe8($a0)
[va=98000000567fff98 pa=00000000567fff98]
4305 dcache  fc8fffe8 store hit           pol=3 VA=98000000567fff98 PA=0567fff98 line=7c hitv=10000000 ro=54260173 tag=0567ff V=11111111 W=00000000 L=00000000
4305 scache  fc8fffe8 store hit           pol=3 VA=98000000567fff98 PA=0567fff98 line=ffc hitv=0100 ro=3012 tag=02b3f V=1111 W=0101 data=ffffffffffffffff mask=11111111
4306 PC=0x98000000400fe5e8 [00000000400fe5e8]	fc890008 sd     $t1,0x8($a0)
[va=98000000567fffb8 pa=00000000567fffb8]
4306 dcache  fc890008 store hit           pol=3 VA=98000000567fffb8 PA=0567fffb8 line=7d hitv=00001000 ro=01745263 tag=0567ff V=11111111 W=00000000 L=00000000
4306 scache  fc890008 store hit           pol=3 VA=98000000567fffb8 PA=0567fffb8 line=ffd hitv=0010 ro=3021 tag=02b3f V=1111 W=1111 data=e5fa414a32d66d43 mask=11111111
4307 PC=0x98000000400fe5ec [00000000400fe5ec]	dcac0020 ld     $t4,0x20($a1)
[va=98000000544fff70 pa=00000000544fff70]
4307 dcache  dcac0020 load  hit           pol=3 VA=98000000544fff70 PA=0544fff70 line=7b hitv=00000010 ro=76052431 tag=0544ff V=11111111 W=00000000 L=00000000
4307 Reg write t4=fffffffc00000000
4308 icache  dcac0020 load  hit           pol=3 VA=98000000400fe5f0 PA=0400fe5f0 line=2f hitv=00000010 ro=23456701 tag=0400fe V=00000011 L=00000000
4308 PC=0x98000000400fe5f0 [00000000400fe5f0]	dcab0018 ld     $t3,0x18($a1)
[va=98000000544fff68 pa=00000000544fff68]
4308 dcache  dcab0018 load  hit           pol=3 VA=98000000544fff68 PA=0544fff68 line=7b hitv=00000010 ro=76052431 tag=0544ff V=11111111 W=00000000 L=00000000
4308 Reg write t3=3333333333333333
4309 PC=0x98000000400fe5f4 [00000000400fe5f4]	fc8bffd8 sd     $t3,0xffffffd8($a0)
[va=98000000567fff88 pa=00000000567fff88]
4309 dcache  fc8bffd8 store hit           pol=3 VA=98000000567fff88 PA=0567fff88 line=7c hitv=10000000 ro=54260137 tag=0567ff V=11111111 W=00000000 L=00000000
4309 scache  fc8bffd8 store hit           pol=3 VA=98000000567fff88 PA=0567fff88 line=ffc hitv=0100 ro=3012 tag=02b3f V=1111 W=0101 data=3333333333333333 mask=11111111
4310 PC=0x98000000400fe5f8 [00000000400fe5f8]	14c0ffed bne    $a2,$r0,0x98000000400fe5b0
4311 PC=0x98000000400fe5fc [00000000400fe5fc]	64a50040 daddiu $a1,$a1,0x40
4311 Reg write a1=98000000544fff90
4312 icache  64a50040 load  hit           pol=3 VA=98000000400fe5b0 PA=0400fe5b0 line=2d hitv=00000010 ro=23456701 tag=0400fe V=00000011 L=00000000
4312 PC=0x98000000400fe5b0 [00000000400fe5b0]	64c6ffff daddiu $a2,$a2,0xffff
4312 Reg write a2=0000000000000004
4313 PC=0x98000000400fe5b4 [00000000400fe5b4]	dcaf0028 ld     $t7,0x28($a1)
[va=98000000544fffb8 pa=00000000544fffb8]
4313 dcache  dcaf0028 load  miss refill   pol=3 VA=98000000544fffb8 PA=0544fffb8 line=7d hitv=00000000 ro=01745263 tag=000000 V=11111111 W=00000000 L=00000000
4313 scache  dcaf0028 load  miss refill   pol=3 VA=98000000544fffb8 PA=0544fffa0 line=ffd hitv=0000 ro=3021 tag=00000 V=1111 W=1111
4313 dmemacc: store 8 addr=0437fffa0 data=ffffffffffffffbb mask=11111111 cline 
4313 dmemacc: store 8 addr=0437fffa8 data=af4784df8b115274 mask=11111111 cline 
4313 dmemacc: store 8 addr=0437fffb0 data=1e68cf2268c7912d mask=11111111 cline 
4313 dmemacc: store 8 addr=0437fffb8 data=5555555555555555 mask=11111111 cline 
4313 Reg write t7=fda0a8f102c390d2
4314 PC=0x98000000400fe5b8 [00000000400fe5b8]	fc8cffe0 sd     $t4,0xffffffe0($a0)
[va=98000000567fff90 pa=00000000567fff90]
4314 dcache  fc8cffe0 store hit           pol=3 VA=98000000567fff90 PA=0567fff90 line=7c hitv=10000000 ro=54260137 tag=0567ff V=11111111 W=00000000 L=00000000
4314 scache  fc8cffe0 store hit           pol=3 VA=98000000567fff90 PA=0567fff90 line=ffc hitv=0100 ro=3012 tag=02b3f V=1111 W=0101 data=fffffffc00000000 mask=11111111
4315 PC=0x98000000400fe5bc [00000000400fe5bc]	dca90038 ld     $t1,0x38($a1)
[va=98000000544fffc8 pa=00000000544fffc8]
4315 dcache  dca90038 load  miss refill   pol=3 VA=98000000544fffc8 PA=0544fffc8 line=7e hitv=00000000 ro=74061523 tag=000000 V=11111111 W=00000000 L=00000000
4315 scache  dca90038 load  miss refill   pol=3 VA=98000000544fffc8 PA=0544fffc0 line=ffe hitv=0000 ro=2310 tag=00000 V=1111 W=1111
4315 dmemacc: store 8 addr=0574fffc0 data=e8b8c27fb3a9cddb mask=11111111 cline 
4315 dmemacc: store 8 addr=0574fffc8 data=cf0c4a5863b2679d mask=11111111 cline 
4315 dmemacc: store 8 addr=0574fffd0 data=ffffffffff000000 mask=11111111 cline 
4315 dmemacc: store 8 addr=0574fffd8 data=4fa890fcf99a0058 mask=11111111 cline 
4315 Reg write t1=c0654fbd905257a7
4316 icache  dca90038 load  hit           pol=3 VA=98000000400fe5c0 PA=0400fe5c0 line=2e hitv=00000010 ro=23456701 tag=0400fe V=00000011 L=00000000
4316 PC=0x98000000400fe5c0 [00000000400fe5c0]	dca90008 ld     $t1,0x8($a1)
[va=98000000544fff98 pa=00000000544fff98]
4316 dcache  dca90008 load  hit           pol=3 VA=98000000544fff98 PA=0544fff98 line=7c hitv=00001000 ro=54260137 tag=0544ff V=11111111 W=00000000 L=00000000
4316 Reg write t1=ffffffffffffffff
4317 PC=0x98000000400fe5c4 [00000000400fe5c4]	64840040 daddiu $a0,$a0,0x40
4317 Reg write a0=98000000567ffff0
4318 PC=0x98000000400fe5c8 [00000000400fe5c8]	dca80000 ld     $t0,0x0($a1)
[va=98000000544fff90 pa=00000000544fff90]
4318 dcache  dca80000 load  hit           pol=3 VA=98000000544fff90 PA=0544fff90 line=7c hitv=00001000 ro=54260173 tag=0544ff V=11111111 W=00000000 L=00000000
4318 Reg write t0=166062556baa723a
4319 PC=0x98000000400fe5cc [00000000400fe5cc]	fc88fff0 sd     $t0,0xfffffff0($a0)
[va=98000000567fffe0 pa=00000000567fffe0]
4319 dcache  fc88fff0 store hit           pol=3 VA=98000000567fffe0 PA=0567fffe0 line=7f hitv=00100000 ro=17304265 tag=0567ff V=11111111 W=00000000 L=00000000
4319 scache  fc88fff0 store hit           pol=3 VA=98000000567fffe0 PA=0567fffe0 line=fff hitv=1000 ro=0213 tag=02b3f V=1111 W=0110 data=166062556baa723a mask=11111111
4320 icache  fc88fff0 load  hit           pol=3 VA=98000000400fe5d0 PA=0400fe5d0 line=2e hitv=00000010 ro=23456701 tag=0400fe V=00000011 L=00000000
4320 PC=0x98000000400fe5d0 [00000000400fe5d0]	fc8affd0 sd     $t2,0xffffffd0($a0)
[va=98000000567fffc0 pa=00000000567fffc0]
4320 dcache  fc8affd0 store miss w/alloc  pol=3 VA=98000000567fffc0 PA=0567fffc0 line=7e hitv=00000000 ro=40615237 tag=000000 V=11111111 W=00000000 L=00000000
4320 scache  fc8affd0 store miss w/alloc  pol=3 VA=98000000567fffc0 PA=0567fffc0 line=ffe hitv=0000 ro=3102 tag=00000 V=1111 W=1011 data=9ea4a484b9e04e2b mask=11111111
4320 dmemacc: store 8 addr=054afffc0 data=1fffffffffffffff mask=11111111 cline 
4320 dmemacc: store 8 addr=054afffc8 data=3333333333333333 mask=11111111 cline 
4320 dmemacc: store 8 addr=054afffd0 data=1fffffffffffffff mask=11111111 cline 
4320 dmemacc: store 8 addr=054afffd8 data=3333333333333333 mask=11111111 cline 
4321 PC=0x98000000400fe5d4 [00000000400fe5d4]	fc89fff8 sd     $t1,0xfffffff8($a0)
[va=98000000567fffe8 pa=00000000567fffe8]
4321 dcache  fc89fff8 store hit           pol=3 VA=98000000567fffe8 PA=0567fffe8 line=7f hitv=00100000 ro=17304265 tag=0567ff V=11111111 W=00000000 L=00000000
4321 scache  fc89fff8 store hit           pol=3 VA=98000000567fffe8 PA=0567fffe8 line=fff hitv=1000 ro=0213 tag=02b3f V=1111 W=1110 data=ffffffffffffffff mask=11111111
4322 PC=0x98000000400fe5d8 [00000000400fe5d8]	fc880000 sd     $t0,0x0($a0)
[va=98000000567ffff0 pa=00000000567ffff0]
4322 dcache  fc880000 store hit           pol=3 VA=98000000567ffff0 PA=0567ffff0 line=7f hitv=00100000 ro=17304265 tag=0567ff V=11111111 W=00000000 L=00000000
4322 scache  fc880000 store hit           pol=3 VA=98000000567ffff0 PA=0567ffff0 line=fff hitv=1000 ro=0213 tag=02b3f V=1111 W=1110 data=166062556baa723a mask=11111111
4323 PC=0x98000000400fe5dc [00000000400fe5dc]	dcaa0010 ld     $t2,0x10($a1)
[va=98000000544fffa0 pa=00000000544fffa0]
4323 dcache  dcaa0010 load  hit           pol=3 VA=98000000544fffa0 PA=0544fffa0 line=7d hitv=00000001 ro=17452630 tag=0544ff V=11111111 W=00000000 L=00000000
4323 Reg write t2=7fffffffffffffff
4324 icache  dcaa0010 load  hit           pol=3 VA=98000000400fe5e0 PA=0400fe5e0 line=2f hitv=00000010 ro=23456701 tag=0400fe V=00000011 L=00000000
4324 PC=0x98000000400fe5e0 [00000000400fe5e0]	dca80030 ld     $t0,0x30($a1)
[va=98000000544fffc0 pa=00000000544fffc0]
4324 dcache  dca80030 load  hit           pol=3 VA=98000000544fffc0 PA=0544fffc0 line=7e hitv=10000000 ro=06152374 tag=0544ff V=11111111 W=00000000 L=00000000
4324 Reg write t0=ffffffffffffffff
4325 PC=0x98000000400fe5e4 [00000000400fe5e4]	fc8fffe8 sd     $t7,0xffffffe8($a0)
[va=98000000567fffd8 pa=00000000567fffd8]
4325 dcache  fc8fffe8 store hit           pol=3 VA=98000000567fffd8 PA=0567fffd8 line=7e hitv=00010000 ro=06152347 tag=0567ff V=11111111 W=00000000 L=00000000
4325 scache  fc8fffe8 store hit           pol=3 VA=98000000567fffd8 PA=0567fffd8 line=ffe hitv=1000 ro=1023 tag=02b3f V=1111 W=1011 data=fda0a8f102c390d2 mask=11111111
4326 PC=0x98000000400fe5e8 [00000000400fe5e8]	fc890008 sd     $t1,0x8($a0)
[va=98000000567ffff8 pa=00000000567ffff8]
4326 dcache  fc890008 store hit           pol=3 VA=98000000567ffff8 PA=0567ffff8 line=7f hitv=00100000 ro=17304265 tag=0567ff V=11111111 W=00000000 L=00000000
4326 scache  fc890008 store hit           pol=3 VA=98000000567ffff8 PA=0567ffff8 line=fff hitv=1000 ro=0213 tag=02b3f V=1111 W=1110 data=ffffffffffffffff mask=11111111
4327 PC=0x98000000400fe5ec [00000000400fe5ec]	dcac0020 ld     $t4,0x20($a1)
[va=98000000544fffb0 pa=00000000544fffb0]
4327 dcache  dcac0020 load  hit           pol=3 VA=98000000544fffb0 PA=0544fffb0 line=7d hitv=00000001 ro=17452630 tag=0544ff V=11111111 W=00000000 L=00000000
4327 Reg write t4=94ce2ce78e498fba
4328 icache  dcac0020 load  hit           pol=3 VA=98000000400fe5f0 PA=0400fe5f0 line=2f hitv=00000010 ro=23456701 tag=0400fe V=00000011 L=00000000
4328 PC=0x98000000400fe5f0 [00000000400fe5f0]	dcab0018 ld     $t3,0x18($a1)
[va=98000000544fffa8 pa=00000000544fffa8]
4328 dcache  dcab0018 load  hit           pol=3 VA=98000000544fffa8 PA=0544fffa8 line=7d hitv=00000001 ro=17452630 tag=0544ff V=11111111 W=00000000 L=00000000
4328 Reg write t3=65131e7c0ab779cd
4329 PC=0x98000000400fe5f4 [00000000400fe5f4]	fc8bffd8 sd     $t3,0xffffffd8($a0)
[va=98000000567fffc8 pa=00000000567fffc8]
4329 dcache  fc8bffd8 store hit           pol=3 VA=98000000567fffc8 PA=0567fffc8 line=7e hitv=00010000 ro=06152374 tag=0567ff V=11111111 W=00000000 L=00000000
4329 scache  fc8bffd8 store hit           pol=3 VA=98000000567fffc8 PA=0567fffc8 line=ffe hitv=1000 ro=1023 tag=02b3f V=1111 W=1011 data=65131e7c0ab779cd mask=11111111
4330 PC=0x98000000400fe5f8 [00000000400fe5f8]	14c0ffed bne    $a2,$r0,0x98000000400fe5b0
4331 PC=0x98000000400fe5fc [00000000400fe5fc]	64a50040 daddiu $a1,$a1,0x40
4331 Reg write a1=98000000544fffd0
4332 icache  64a50040 load  hit           pol=3 VA=98000000400fe5b0 PA=0400fe5b0 line=2d hitv=00000010 ro=23456701 tag=0400fe V=00000011 L=00000000
4332 PC=0x98000000400fe5b0 [00000000400fe5b0]	64c6ffff daddiu $a2,$a2,0xffff
4332 Reg write a2=0000000000000003
4333 PC=0x98000000400fe5b4 [00000000400fe5b4]	dcaf0028 ld     $t7,0x28($a1)
[va=98000000544ffff8 pa=00000000544ffff8]
4333 dcache  dcaf0028 load  miss refill   pol=3 VA=98000000544ffff8 PA=0544ffff8 line=7f hitv=00000000 ro=17304265 tag=000000 V=11111111 W=00000000 L=00000000
4333 scache  dcaf0028 load  miss refill   pol=3 VA=98000000544ffff8 PA=0544fffe0 line=fff hitv=0000 ro=0213 tag=00000 V=1111 W=1110
4333 Reg write t7=6192ff14e711d8f9
4334 PC=0x98000000400fe5b8 [00000000400fe5b8]	fc8cffe0 sd     $t4,0xffffffe0($a0)
[va=98000000567fffd0 pa=00000000567fffd0]
4334 dcache  fc8cffe0 store hit           pol=3 VA=98000000567fffd0 PA=0567fffd0 line=7e hitv=00010000 ro=06152374 tag=0567ff V=11111111 W=00000000 L=00000000
4334 scache  fc8cffe0 store hit           pol=3 VA=98000000567fffd0 PA=0567fffd0 line=ffe hitv=1000 ro=1023 tag=02b3f V=1111 W=1011 data=94ce2ce78e498fba mask=11111111
4335 PC=0x98000000400fe5bc [00000000400fe5bc]	dca90038 ld     $t1,0x38($a1)
[va=9800000054500008 pa=0000000054500008]
4335 dcache  dca90038 load  miss refill   pol=3 VA=9800000054500008 PA=054500008 line=00 hitv=00000000 ro=50174362 tag=000000 V=11111111 W=00000000 L=00000000
4335 scache  dca90038 load  miss refill   pol=3 VA=9800000054500008 PA=054500000 line=000 hitv=0000 ro=1032 tag=00000 V=1111 W=0011
4335 dmemacc: store 8 addr=055b00000 data=1fffffffffffffff mask=11111111 cline 
4335 dmemacc: store 8 addr=055b00008 data=ffffffffffffffff mask=11111111 cline 
4335 dmemacc: store 8 addr=055b00010 data=1fffffffffffffff mask=11111111 cline 
4335 dmemacc: store 8 addr=055b00018 data=063e818d72e357df mask=11111111 cline 
4335 Reg write t1=19492cd293a20bd7
4336 icache  dca90038 load  hit           pol=3 VA=98000000400fe5c0 PA=0400fe5c0 line=2e hitv=00000010 ro=23456701 tag=0400fe V=00000011 L=00000000
4336 PC=0x98000000400fe5c0 [00000000400fe5c0]	dca90008 ld     $t1,0x8($a1)
[va=98000000544fffd8 pa=00000000544fffd8]
4336 dcache  dca90008 load  hit           pol=3 VA=98000000544fffd8 PA=0544fffd8 line=7e hitv=10000000 ro=06152374 tag=0544ff V=11111111 W=00000000 L=00000000
4336 Reg write t1=4161acebd954429a
4337 PC=0x98000000400fe5c4 [00000000400fe5c4]	64840040 daddiu $a0,$a0,0x40
4337 Reg write a0=9800000056800030
4338 PC=0x98000000400fe5c8 [00000000400fe5c8]	dca80000 ld     $t0,0x0($a1)
[va=98000000544fffd0 pa=00000000544fffd0]
4338 dcache  dca80000 load  hit           pol=3 VA=98000000544fffd0 PA=0544fffd0 line=7e hitv=10000000 ro=06152347 tag=0544ff V=11111111 W=00000000 L=00000000
4338 Reg write t0=ffffffe000000000
4339 PC=0x98000000400fe5cc [00000000400fe5cc]	fc88fff0 sd     $t0,0xfffffff0($a0)
[va=9800000056800020 pa=0000000056800020]
4339 dcache  fc88fff0 store hit           pol=3 VA=9800000056800020 PA=056800020 line=01 hitv=00000001 ro=62371540 tag=056800 V=11111111 W=00000000 L=00000000
4339 scache  fc88fff0 store hit           pol=3 VA=9800000056800020 PA=056800020 line=001 hitv=0100 ro=1302 tag=02b40 V=1111 W=0011 data=ffffffe000000000 mask=11111111
4340 icache  fc88fff0 load  hit           pol=3 VA=98000000400fe5d0 PA=0400fe5d0 line=2e hitv=00000010 ro=23456701 tag=0400fe V=00000011 L=00000000
4340 PC=0x98000000400fe5d0 [00000000400fe5d0]	fc8affd0 sd     $t2,0xffffffd0($a0)
[va=9800000056800000 pa=0000000056800000]
4340 dcache  fc8affd0 store hit           pol=3 VA=9800000056800000 PA=056800000 line=00 hitv=01000000 ro=01743625 tag=056800 V=11111111 W=00000000 L=00000000
4340 scache  fc8affd0 store hit           pol=3 VA=9800000056800000 PA=056800000 line=000 hitv=1000 ro=0321 tag=02b40 V=1111 W=0001 data=7fffffffffffffff mask=11111111
4341 PC=0x98000000400fe5d4 [00000000400fe5d4]	fc89fff8 sd     $t1,0xfffffff8($a0)
[va=9800000056800028 pa=0000000056800028]
4341 dcache  fc89fff8 store hit           pol=3 VA=9800000056800028 PA=056800028 line=01 hitv=00000001 ro=62371540 tag=056800 V=11111111 W=00000000 L=00000000
4341 scache  fc89fff8 store hit           pol=3 VA=9800000056800028 PA=056800028 line=001 hitv=0100 ro=1302 tag=02b40 V=1111 W=0111 data=4161acebd954429a mask=11111111
4342 PC=0x98000000400fe5d8 [00000000400fe5d8]	fc880000 sd     $t0,0x0($a0)
[va=9800000056800030 pa=0000000056800030]
4342 dcache  fc880000 store hit           pol=3 VA=9800000056800030 PA=056800030 line=01 hitv=00000001 ro=62371540 tag=056800 V=11111111 W=00000000 L=00000000
4342 scache  fc880000 store hit           pol=3 VA=9800000056800030 PA=056800030 line=001 hitv=0100 ro=1302 tag=02b40 V=1111 W=0111 data=ffffffe000000000 mask=11111111
4343 PC=0x98000000400fe5dc [00000000400fe5dc]	dcaa0010 ld     $t2,0x10($a1)
[va=98000000544fffe0 pa=00000000544fffe0]
4343 dcache  dcaa0010 load  hit           pol=3 VA=98000000544fffe0 PA=0544fffe0 line=7f hitv=00000010 ro=73042651 tag=0544ff V=11111111 W=00000000 L=00000000
4343 Reg write t2=d0abeeafc236a10d
4344 icache  dcaa0010 load  hit           pol=3 VA=98000000400fe5e0 PA=0400fe5e0 line=2f hitv=00000010 ro=23456701 tag=0400fe V=00000011 L=00000000
4344 PC=0x98000000400fe5e0 [00000000400fe5e0]	dca80030 ld     $t0,0x30($a1)
[va=9800000054500000 pa=0000000054500000]
4344 dcache  dca80030 load  hit           pol=3 VA=9800000054500000 PA=054500000 line=00 hitv=00100000 ro=01743256 tag=054500 V=11111111 W=00000000 L=00000000
4344 Reg write t0=6e4ff61651943f4d
4345 PC=0x98000000400fe5e4 [00000000400fe5e4]	fc8fffe8 sd     $t7,0xffffffe8($a0)
[va=9800000056800018 pa=0000000056800018]
4345 dcache  fc8fffe8 store hit           pol=3 VA=9800000056800018 PA=056800018 line=00 hitv=01000000 ro=01743265 tag=056800 V=11111111 W=00000000 L=00000000
4345 scache  fc8fffe8 store hit           pol=3 VA=9800000056800018 PA=056800018 line=000 hitv=1000 ro=0213 tag=02b40 V=1111 W=1001 data=6192ff14e711d8f9 mask=11111111
4346 PC=0x98000000400fe5e8 [00000000400fe5e8]	fc890008 sd     $t1,0x8($a0)
[va=9800000056800038 pa=0000000056800038]
4346 dcache  fc890008 store hit           pol=3 VA=9800000056800038 PA=056800038 line=01 hitv=00000001 ro=62371540 tag=056800 V=11111111 W=00000000 L=00000000
4346 scache  fc890008 store hit           pol=3 VA=9800000056800038 PA=056800038 line=001 hitv=0100 ro=1302 tag=02b40 V=1111 W=0111 data=4161acebd954429a mask=11111111
4347 PC=0x98000000400fe5ec [00000000400fe5ec]	dcac0020 ld     $t4,0x20($a1)
[va=98000000544ffff0 pa=00000000544ffff0]
4347 dcache  dcac0020 load  hit           pol=3 VA=98000000544ffff0 PA=0544ffff0 line=7f hitv=00000010 ro=73042651 tag=0544ff V=11111111 W=00000000 L=00000000
4347 Reg write t4=0007ffffffffffff
4348 icache  dcac0020 load  hit           pol=3 VA=98000000400fe5f0 PA=0400fe5f0 line=2f hitv=00000010 ro=23456701 tag=0400fe V=00000011 L=00000000
4348 PC=0x98000000400fe5f0 [00000000400fe5f0]	dcab0018 ld     $t3,0x18($a1)
[va=98000000544fffe8 pa=00000000544fffe8]
4348 dcache  dcab0018 load  hit           pol=3 VA=98000000544fffe8 PA=0544fffe8 line=7f hitv=00000010 ro=73042651 tag=0544ff V=11111111 W=00000000 L=00000000
4348 Reg write t3=8000000000000000
4349 PC=0x98000000400fe5f4 [00000000400fe5f4]	fc8bffd8 sd     $t3,0xffffffd8($a0)
[va=9800000056800008 pa=0000000056800008]
4349 dcache  fc8bffd8 store hit           pol=3 VA=9800000056800008 PA=056800008 line=00 hitv=01000000 ro=01743256 tag=056800 V=11111111 W=00000000 L=00000000
4349 scache  fc8bffd8 store hit           pol=3 VA=9800000056800008 PA=056800008 line=000 hitv=1000 ro=0213 tag=02b40 V=1111 W=1001 data=8000000000000000 mask=11111111
4350 PC=0x98000000400fe5f8 [00000000400fe5f8]	14c0ffed bne    $a2,$r0,0x98000000400fe5b0
4351 PC=0x98000000400fe5fc [00000000400fe5fc]	64a50040 daddiu $a1,$a1,0x40
4351 Reg write a1=9800000054500010
4352 icache  64a50040 load  hit           pol=3 VA=98000000400fe5b0 PA=0400fe5b0 line=2d hitv=00000010 ro=23456701 tag=0400fe V=00000011 L=00000000
4352 PC=0x98000000400fe5b0 [00000000400fe5b0]	64c6ffff daddiu $a2,$a2,0xffff
4352 Reg write a2=0000000000000002
4353 PC=0x98000000400fe5b4 [00000000400fe5b4]	dcaf0028 ld     $t7,0x28($a1)
[va=9800000054500038 pa=0000000054500038]
4353 dcache  dcaf0028 load  miss refill   pol=3 VA=9800000054500038 PA=054500038 line=01 hitv=00000000 ro=62371540 tag=000000 V=11111111 W=00000000 L=00000000
4353 scache  dcaf0028 load  miss refill   pol=3 VA=9800000054500038 PA=054500020 line=001 hitv=0000 ro=1302 tag=00000 V=1111 W=0111
4353 dmemacc: store 8 addr=057500020 data=50d2a0d0bfe71c35 mask=11111111 cline 
4353 dmemacc: store 8 addr=057500028 data=ffffffffffffffff mask=11111111 cline 
4353 dmemacc: store 8 addr=057500030 data=8000000000000000 mask=11111111 cline 
4353 dmemacc: store 8 addr=057500038 data=ffffffffffffffff mask=11111111 cline 
4353 Reg write t7=eaf591aabfb215f1
4354 PC=0x98000000400fe5b8 [00000000400fe5b8]	fc8cffe0 sd     $t4,0xffffffe0($a0)
[va=9800000056800010 pa=0000000056800010]
4354 dcache  fc8cffe0 store hit           pol=3 VA=9800000056800010 PA=056800010 line=00 hitv=01000000 ro=01743256 tag=056800 V=11111111 W=00000000 L=00000000
4354 scache  fc8cffe0 store hit           pol=3 VA=9800000056800010 PA=056800010 line=000 hitv=1000 ro=0213 tag=02b40 V=1111 W=1001 data=0007ffffffffffff mask=11111111
4355 PC=0x98000000400fe5bc [00000000400fe5bc]	dca90038 ld     $t1,0x38($a1)
[va=9800000054500048 pa=0000000054500048]
4355 dcache  dca90038 load  miss refill   pol=3 VA=9800000054500048 PA=054500048 line=02 hitv=00000000 ro=51062473 tag=000000 V=11111111 W=00000000 L=00000000
4355 scache  dca90038 load  miss refill   pol=3 VA=9800000054500048 PA=054500040 line=002 hitv=0000 ro=3210 tag=00000 V=1111 W=0101
4355 Reg write t1=ce202de7925ecb3a
4356 icache  dca90038 load  hit           pol=3 VA=98000000400fe5c0 PA=0400fe5c0 line=2e hitv=00000010 ro=23456701 tag=0400fe V=00000011 L=00000000
4356 PC=0x98000000400fe5c0 [00000000400fe5c0]	dca90008 ld     $t1,0x8($a1)
[va=9800000054500018 pa=0000000054500018]
4356 dcache  dca90008 load  hit           pol=3 VA=9800000054500018 PA=054500018 line=00 hitv=00100000 ro=01743256 tag=054500 V=11111111 W=00000000 L=00000000
4356 Reg write t1=0000000000000000
4357 PC=0x98000000400fe5c4 [00000000400fe5c4]	64840040 daddiu $a0,$a0,0x40
4357 Reg write a0=9800000056800070
4358 PC=0x98000000400fe5c8 [00000000400fe5c8]	dca80000 ld     $t0,0x0($a1)
[va=9800000054500010 pa=0000000054500010]
4358 dcache  dca80000 load  hit           pol=3 VA=9800000054500010 PA=054500010 line=00 hitv=00100000 ro=01743265 tag=054500 V=11111111 W=00000000 L=00000000
4358 Reg write t0=b09d0adf6272f198
4359 PC=0x98000000400fe5cc [00000000400fe5cc]	fc88fff0 sd     $t0,0xfffffff0($a0)
[va=9800000056800060 pa=0000000056800060]
4359 dcache  fc88fff0 store hit           pol=3 VA=9800000056800060 PA=056800060 line=03 hitv=01000000 ro=71032456 tag=056800 V=11111111 W=00000000 L=00000000
4359 scache  fc88fff0 store hit           pol=3 VA=9800000056800060 PA=056800060 line=003 hitv=0001 ro=3120 tag=02b40 V=1111 W=0011 data=b09d0adf6272f198 mask=11111111
4360 icache  fc88fff0 load  hit           pol=3 VA=98000000400fe5d0 PA=0400fe5d0 line=2e hitv=00000010 ro=23456701 tag=0400fe V=00000011 L=00000000
4360 PC=0x98000000400fe5d0 [00000000400fe5d0]	fc8affd0 sd     $t2,0xffffffd0($a0)
[va=9800000056800040 pa=0000000056800040]
4360 dcache  fc8affd0 store hit           pol=3 VA=9800000056800040 PA=056800040 line=02 hitv=00001000 ro=10624735 tag=056800 V=11111111 W=00000000 L=00000000
4360 scache  fc8affd0 store hit           pol=3 VA=9800000056800040 PA=056800040 line=002 hitv=0001 ro=2103 tag=02b40 V=1111 W=0101 data=d0abeeafc236a10d mask=11111111
4361 PC=0x98000000400fe5d4 [00000000400fe5d4]	fc89fff8 sd     $t1,0xfffffff8($a0)
[va=9800000056800068 pa=0000000056800068]
4361 dcache  fc89fff8 store hit           pol=3 VA=9800000056800068 PA=056800068 line=03 hitv=01000000 ro=71032456 tag=056800 V=11111111 W=00000000 L=00000000
4361 scache  fc89fff8 store hit           pol=3 VA=9800000056800068 PA=056800068 line=003 hitv=0001 ro=3120 tag=02b40 V=1111 W=0011 data=0000000000000000 mask=11111111
4362 PC=0x98000000400fe5d8 [00000000400fe5d8]	fc880000 sd     $t0,0x0($a0)
[va=9800000056800070 pa=0000000056800070]
4362 dcache  fc880000 store hit           pol=3 VA=9800000056800070 PA=056800070 line=03 hitv=01000000 ro=71032456 tag=056800 V=11111111 W=00000000 L=00000000
4362 scache  fc880000 store hit           pol=3 VA=9800000056800070 PA=056800070 line=003 hitv=0001 ro=3120 tag=02b40 V=1111 W=0011 data=b09d0adf6272f198 mask=11111111
4363 PC=0x98000000400fe5dc [00000000400fe5dc]	dcaa0010 ld     $t2,0x10($a1)
[va=9800000054500020 pa=0000000054500020]
4363 dcache  dcaa0010 load  hit           pol=3 VA=9800000054500020 PA=054500020 line=01 hitv=01000000 ro=23715406 tag=054500 V=11111111 W=00000000 L=00000000
4363 Reg write t2=0000000000000001
4364 icache  dcaa0010 load  hit           pol=3 VA=98000000400fe5e0 PA=0400fe5e0 line=2f hitv=00000010 ro=23456701 tag=0400fe V=00000011 L=00000000
4364 PC=0x98000000400fe5e0 [00000000400fe5e0]	dca80030 ld     $t0,0x30($a1)
[va=9800000054500040 pa=0000000054500040]
4364 dcache  dca80030 load  hit           pol=3 VA=9800000054500040 PA=054500040 line=02 hitv=00100000 ro=10624753 tag=054500 V=11111111 W=00000000 L=00000000
4364 Reg write t0=f110b58eb26f9112
4365 PC=0x98000000400fe5e4 [00000000400fe5e4]	fc8fffe8 sd     $t7,0xffffffe8($a0)
[va=9800000056800058 pa=0000000056800058]
4365 dcache  fc8fffe8 store hit           pol=3 VA=9800000056800058 PA=056800058 line=02 hitv=00001000 ro=10624735 tag=056800 V=11111111 W=00000000 L=00000000
4365 scache  fc8fffe8 store hit           pol=3 VA=9800000056800058 PA=056800058 line=002 hitv=0001 ro=2130 tag=02b40 V=1111 W=0101 data=eaf591aabfb215f1 mask=11111111
4366 PC=0x98000000400fe5e8 [00000000400fe5e8]	fc890008 sd     $t1,0x8($a0)
[va=9800000056800078 pa=0000000056800078]
4366 dcache  fc890008 store hit           pol=3 VA=9800000056800078 PA=056800078 line=03 hitv=01000000 ro=71032456 tag=056800 V=11111111 W=00000000 L=00000000
4366 scache  fc890008 store hit           pol=3 VA=9800000056800078 PA=056800078 line=003 hitv=0001 ro=3120 tag=02b40 V=1111 W=0011 data=0000000000000000 mask=11111111
4367 PC=0x98000000400fe5ec [00000000400fe5ec]	dcac0020 ld     $t4,0x20($a1)
[va=9800000054500030 pa=0000000054500030]
4367 dcache  dcac0020 load  hit           pol=3 VA=9800000054500030 PA=054500030 line=01 hitv=01000000 ro=23715406 tag=054500 V=11111111 W=00000000 L=00000000
4367 Reg write t4=af0d82c156932b58
4368 icache  dcac0020 load  hit           pol=3 VA=98000000400fe5f0 PA=0400fe5f0 line=2f hitv=00000010 ro=23456701 tag=0400fe V=00000011 L=00000000
4368 PC=0x98000000400fe5f0 [00000000400fe5f0]	dcab0018 ld     $t3,0x18($a1)
[va=9800000054500028 pa=0000000054500028]
4368 dcache  dcab0018 load  hit           pol=3 VA=9800000054500028 PA=054500028 line=01 hitv=01000000 ro=23715406 tag=054500 V=11111111 W=00000000 L=00000000
4368 Reg write t3=0000000000000001
4369 PC=0x98000000400fe5f4 [00000000400fe5f4]	fc8bffd8 sd     $t3,0xffffffd8($a0)
[va=9800000056800048 pa=0000000056800048]
4369 dcache  fc8bffd8 store hit           pol=3 VA=9800000056800048 PA=056800048 line=02 hitv=00001000 ro=10624753 tag=056800 V=11111111 W=00000000 L=00000000
4369 scache  fc8bffd8 store hit           pol=3 VA=9800000056800048 PA=056800048 line=002 hitv=0001 ro=2130 tag=02b40 V=1111 W=0101 data=0000000000000001 mask=11111111
4370 PC=0x98000000400fe5f8 [00000000400fe5f8]	14c0ffed bne    $a2,$r0,0x98000000400fe5b0
4371 PC=0x98000000400fe5fc [00000000400fe5fc]	64a50040 daddiu $a1,$a1,0x40
4371 Reg write a1=9800000054500050
4372 icache  64a50040 load  hit           pol=3 VA=98000000400fe5b0 PA=0400fe5b0 line=2d hitv=00000010 ro=23456701 tag=0400fe V=00000011 L=00000000
4372 PC=0x98000000400fe5b0 [00000000400fe5b0]	64c6ffff daddiu $a2,$a2,0xffff
4372 Reg write a2=0000000000000001
4373 PC=0x98000000400fe5b4 [00000000400fe5b4]	dcaf0028 ld     $t7,0x28($a1)
[va=9800000054500078 pa=0000000054500078]
4373 dcache  dcaf0028 load  miss refill   pol=3 VA=9800000054500078 PA=054500078 line=03 hitv=00000000 ro=71032456 tag=000000 V=11111111 W=00000000 L=00000000
4373 scache  dcaf0028 load  miss refill   pol=3 VA=9800000054500078 PA=054500060 line=003 hitv=0000 ro=3120 tag=00000 V=1111 W=0011
4373 Reg write t7=836f3935b50c845e
4374 PC=0x98000000400fe5b8 [00000000400fe5b8]	fc8cffe0 sd     $t4,0xffffffe0($a0)
[va=9800000056800050 pa=0000000056800050]
4374 dcache  fc8cffe0 store hit           pol=3 VA=9800000056800050 PA=056800050 line=02 hitv=00001000 ro=10624753 tag=056800 V=11111111 W=00000000 L=00000000
4374 scache  fc8cffe0 store hit           pol=3 VA=9800000056800050 PA=056800050 line=002 hitv=0001 ro=2130 tag=02b40 V=1111 W=0101 data=af0d82c156932b58 mask=11111111
4375 PC=0x98000000400fe5bc [00000000400fe5bc]	dca90038 ld     $t1,0x38($a1)
[va=9800000054500088 pa=0000000054500088]
4375 dcache  dca90038 load  miss refill   pol=3 VA=9800000054500088 PA=054500088 line=04 hitv=00000000 ro=32576401 tag=000000 V=11111111 W=00000000 L=00000000
4375 scache  dca90038 load  miss refill   pol=3 VA=9800000054500088 PA=054500080 line=004 hitv=0000 ro=1203 tag=00000 V=1111 W=1110
4375 dmemacc: store 8 addr=050500080 data=4170436b3093d18e mask=11111111 cline 
4375 dmemacc: store 8 addr=050500088 data=5f2bb550337d416d mask=11111111 cline 
4375 dmemacc: store 8 addr=050500090 data=9800000041af95ce mask=11111111 cline 
4375 dmemacc: store 8 addr=050500098 data=ffffffffffffffff mask=11111111 cline 
4375 Reg write t1=0000000000000001
4376 icache  dca90038 load  hit           pol=3 VA=98000000400fe5c0 PA=0400fe5c0 line=2e hitv=00000010 ro=23456701 tag=0400fe V=00000011 L=00000000
4376 PC=0x98000000400fe5c0 [00000000400fe5c0]	dca90008 ld     $t1,0x8($a1)
[va=9800000054500058 pa=0000000054500058]
4376 dcache  dca90008 load  hit           pol=3 VA=9800000054500058 PA=054500058 line=02 hitv=00100000 ro=10624753 tag=054500 V=11111111 W=00000000 L=00000000
4376 Reg write t1=0000000000000001
4377 PC=0x98000000400fe5c4 [00000000400fe5c4]	64840040 daddiu $a0,$a0,0x40
4377 Reg write a0=98000000568000b0
4378 PC=0x98000000400fe5c8 [00000000400fe5c8]	dca80000 ld     $t0,0x0($a1)
[va=9800000054500050 pa=0000000054500050]
4378 dcache  dca80000 load  hit           pol=3 VA=9800000054500050 PA=054500050 line=02 hitv=00100000 ro=10624735 tag=054500 V=11111111 W=00000000 L=00000000
4378 Reg write t0=d7c93453cda5c76f
4379 PC=0x98000000400fe5cc [00000000400fe5cc]	fc88fff0 sd     $t0,0xfffffff0($a0)
[va=98000000568000a0 pa=00000000568000a0]
4379 dcache  fc88fff0 store hit           pol=3 VA=98000000568000a0 PA=0568000a0 line=05 hitv=10000000 ro=52603471 tag=056800 V=11111111 W=00000000 L=00000000
4379 scache  fc88fff0 store hit           pol=3 VA=98000000568000a0 PA=0568000a0 line=005 hitv=0001 ro=1203 tag=02b40 V=1111 W=0111 data=d7c93453cda5c76f mask=11111111
4380 icache  fc88fff0 load  hit           pol=3 VA=98000000400fe5d0 PA=0400fe5d0 line=2e hitv=00000010 ro=23456701 tag=0400fe V=00000011 L=00000000
4380 PC=0x98000000400fe5d0 [00000000400fe5d0]	fc8affd0 sd     $t2,0xffffffd0($a0)
[va=9800000056800080 pa=0000000056800080]
4380 dcache  fc8affd0 store hit           pol=3 VA=9800000056800080 PA=056800080 line=04 hitv=00000010 ro=25764013 tag=056800 V=11111111 W=00000000 L=00000000
4380 scache  fc8affd0 store hit           pol=3 VA=9800000056800080 PA=056800080 line=004 hitv=1000 ro=2031 tag=02b40 V=1111 W=1100 data=0000000000000001 mask=11111111
4381 PC=0x98000000400fe5d4 [00000000400fe5d4]	fc89fff8 sd     $t1,0xfffffff8($a0)
[va=98000000568000a8 pa=00000000568000a8]
4381 dcache  fc89fff8 store hit           pol=3 VA=98000000568000a8 PA=0568000a8 line=05 hitv=10000000 ro=52603417 tag=056800 V=11111111 W=00000000 L=00000000
4381 scache  fc89fff8 store hit           pol=3 VA=98000000568000a8 PA=0568000a8 line=005 hitv=0001 ro=1230 tag=02b40 V=1111 W=0111 data=0000000000000001 mask=11111111
4382 PC=0x98000000400fe5d8 [00000000400fe5d8]	fc880000 sd     $t0,0x0($a0)
[va=98000000568000b0 pa=00000000568000b0]
4382 dcache  fc880000 store hit           pol=3 VA=98000000568000b0 PA=0568000b0 line=05 hitv=10000000 ro=52603417 tag=056800 V=11111111 W=00000000 L=00000000
4382 scache  fc880000 store hit           pol=3 VA=98000000568000b0 PA=0568000b0 line=005 hitv=0001 ro=1230 tag=02b40 V=1111 W=0111 data=d7c93453cda5c76f mask=11111111
4383 PC=0x98000000400fe5dc [00000000400fe5dc]	dcaa0010 ld     $t2,0x10($a1)
[va=9800000054500060 pa=0000000054500060]
4383 dcache  dcaa0010 load  hit           pol=3 VA=9800000054500060 PA=054500060 line=03 hitv=10000000 ro=10324567 tag=054500 V=11111111 W=00000000 L=00000000
4383 Reg write t2=8000000000000000
4384 icache  dcaa0010 load  hit           pol=3 VA=98000000400fe5e0 PA=0400fe5e0 line=2f hitv=00000010 ro=23456701 tag=0400fe V=00000011 L=00000000
4384 PC=0x98000000400fe5e0 [00000000400fe5e0]	dca80030 ld     $t0,0x30($a1)
[va=9800000054500080 pa=0000000054500080]
4384 dcache  dca80030 load  hit           pol=3 VA=9800000054500080 PA=054500080 line=04 hitv=00001000 ro=25764031 tag=054500 V=11111111 W=00000000 L=00000000
4384 Reg write t0=5d4fe98644a13818
4385 PC=0x98000000400fe5e4 [00000000400fe5e4]	fc8fffe8 sd     $t7,0xffffffe8($a0)
[va=9800000056800098 pa=0000000056800098]
4385 dcache  fc8fffe8 store hit           pol=3 VA=9800000056800098 PA=056800098 line=04 hitv=00000010 ro=25764013 tag=056800 V=11111111 W=00000000 L=00000000
4385 scache  fc8fffe8 store hit           pol=3 VA=9800000056800098 PA=056800098 line=004 hitv=1000 ro=2013 tag=02b40 V=1111 W=1100 data=836f3935b50c845e mask=11111111
4386 PC=0x98000000400fe5e8 [00000000400fe5e8]	fc890008 sd     $t1,0x8($a0)
[va=98000000568000b8 pa=00000000568000b8]
4386 dcache  fc890008 store hit           pol=3 VA=98000000568000b8 PA=0568000b8 line=05 hitv=10000000 ro=52603417 tag=056800 V=11111111 W=00000000 L=00000000
4386 scache  fc890008 store hit           pol=3 VA=98000000568000b8 PA=0568000b8 line=005 hitv=0001 ro=1230 tag=02b40 V=1111 W=0111 data=0000000000000001 mask=11111111
4387 PC=0x98000000400fe5ec [00000000400fe5ec]	dcac0020 ld     $t4,0x20($a1)
[va=9800000054500070 pa=0000000054500070]
4387 dcache  dcac0020 load  hit           pol=3 VA=9800000054500070 PA=054500070 line=03 hitv=10000000 ro=10324567 tag=054500 V=11111111 W=00000000 L=00000000
4387 Reg write t4=ffffffffffffffff
4388 icache  dcac0020 load  hit           pol=3 VA=98000000400fe5f0 PA=0400fe5f0 line=2f hitv=00000010 ro=23456701 tag=0400fe V=00000011 L=00000000
4388 PC=0x98000000400fe5f0 [00000000400fe5f0]	dcab0018 ld     $t3,0x18($a1)
[va=9800000054500068 pa=0000000054500068]
4388 dcache  dcab0018 load  hit           pol=3 VA=9800000054500068 PA=054500068 line=03 hitv=10000000 ro=10324567 tag=054500 V=11111111 W=00000000 L=00000000
4388 Reg write t3=9999999999999999
4389 PC=0x98000000400fe5f4 [00000000400fe5f4]	fc8bffd8 sd     $t3,0xffffffd8($a0)
[va=9800000056800088 pa=0000000056800088]
4389 dcache  fc8bffd8 store hit           pol=3 VA=9800000056800088 PA=056800088 line=04 hitv=00000010 ro=25764031 tag=056800 V=11111111 W=00000000 L=00000000
4389 scache  fc8bffd8 store hit           pol=3 VA=9800000056800088 PA=056800088 line=004 hitv=1000 ro=2013 tag=02b40 V=1111 W=1100 data=9999999999999999 mask=11111111
4390 PC=0x98000000400fe5f8 [00000000400fe5f8]	14c0ffed bne    $a2,$r0,0x98000000400fe5b0
4391 PC=0x98000000400fe5fc [00000000400fe5fc]	64a50040 daddiu $a1,$a1,0x40
4391 Reg write a1=9800000054500090
4392 icache  64a50040 load  hit           pol=3 VA=98000000400fe5b0 PA=0400fe5b0 line=2d hitv=00000010 ro=23456701 tag=0400fe V=00000011 L=00000000
4392 PC=0x98000000400fe5b0 [00000000400fe5b0]	64c6ffff daddiu $a2,$a2,0xffff
4392 Reg write a2=0000000000000000
4393 PC=0x98000000400fe5b4 [00000000400fe5b4]	dcaf0028 ld     $t7,0x28($a1)
[va=98000000545000b8 pa=00000000545000b8]
4393 dcache  dcaf0028 load  miss refill   pol=3 VA=98000000545000b8 PA=0545000b8 line=05 hitv=00000000 ro=52603417 tag=000000 V=11111111 W=00000000 L=00000000
4393 scache  dcaf0028 load  miss refill   pol=3 VA=98000000545000b8 PA=0545000a0 line=005 hitv=0000 ro=1230 tag=00000 V=1111 W=0111
4393 dmemacc: store 8 addr=04d2000a0 data=0000000000000000 mask=11111111 cline 
4393 dmemacc: store 8 addr=04d2000a8 data=4196a3c0efc0f439 mask=11111111 cline 
4393 dmemacc: store 8 addr=04d2000b0 data=98000000451fcd12 mask=11111111 cline 
4393 dmemacc: store 8 addr=04d2000b8 data=fec89573139273a4 mask=11111111 cline 
4393 Reg write t7=af0f5618529434b2
4394 PC=0x98000000400fe5b8 [00000000400fe5b8]	fc8cffe0 sd     $t4,0xffffffe0($a0)
[va=9800000056800090 pa=0000000056800090]
4394 dcache  fc8cffe0 store hit           pol=3 VA=9800000056800090 PA=056800090 line=04 hitv=00000010 ro=25764031 tag=056800 V=11111111 W=00000000 L=00000000
4394 scache  fc8cffe0 store hit           pol=3 VA=9800000056800090 PA=056800090 line=004 hitv=1000 ro=2013 tag=02b40 V=1111 W=1100 data=ffffffffffffffff mask=11111111
4395 PC=0x98000000400fe5bc [00000000400fe5bc]	dca90038 ld     $t1,0x38($a1)
[va=98000000545000c8 pa=00000000545000c8]
4395 dcache  dca90038 load  miss refill   pol=3 VA=98000000545000c8 PA=0545000c8 line=06 hitv=00000000 ro=67340512 tag=000000 V=11111111 W=00000000 L=00000000
4395 scache  dca90038 load  miss refill   pol=3 VA=98000000545000c8 PA=0545000c0 line=006 hitv=0000 ro=0132 tag=00000 V=1111 W=1110
4395 Reg write t1=23fdaab3a3a63c7a
4396 icache  dca90038 load  hit           pol=3 VA=98000000400fe5c0 PA=0400fe5c0 line=2e hitv=00000010 ro=23456701 tag=0400fe V=00000011 L=00000000
4396 PC=0x98000000400fe5c0 [00000000400fe5c0]	dca90008 ld     $t1,0x8($a1)
[va=9800000054500098 pa=0000000054500098]
4396 dcache  dca90008 load  hit           pol=3 VA=9800000054500098 PA=054500098 line=04 hitv=00001000 ro=25764031 tag=054500 V=11111111 W=00000000 L=00000000
4396 Reg write t1=1a819240445f112a
4397 PC=0x98000000400fe5c4 [00000000400fe5c4]	64840040 daddiu $a0,$a0,0x40
4397 Reg write a0=98000000568000f0
4398 PC=0x98000000400fe5c8 [00000000400fe5c8]	dca80000 ld     $t0,0x0($a1)
[va=9800000054500090 pa=0000000054500090]
4398 dcache  dca80000 load  hit           pol=3 VA=9800000054500090 PA=054500090 line=04 hitv=00001000 ro=25764013 tag=054500 V=11111111 W=00000000 L=00000000
4398 Reg write t0=7561211d7bb952f9
4399 PC=0x98000000400fe5cc [00000000400fe5cc]	fc88fff0 sd     $t0,0xfffffff0($a0)
[va=98000000568000e0 pa=00000000568000e0]
4399 dcache  fc88fff0 store miss w/alloc  pol=3 VA=98000000568000e0 PA=0568000e0 line=07 hitv=00000000 ro=36405172 tag=000000 V=11111111 W=00000000 L=00000000
4399 scache  fc88fff0 store miss w/alloc  pol=3 VA=98000000568000e0 PA=0568000e0 line=007 hitv=0000 ro=2301 tag=00000 V=1111 W=1011 data=7561211d7bb952f9 mask=11111111
4400 icache  fc88fff0 load  hit           pol=3 VA=98000000400fe5d0 PA=0400fe5d0 line=2e hitv=00000010 ro=23456701 tag=0400fe V=00000011 L=00000000
4400 PC=0x98000000400fe5d0 [00000000400fe5d0]	fc8affd0 sd     $t2,0xffffffd0($a0)
[va=98000000568000c0 pa=00000000568000c0]
4400 dcache  fc8affd0 store miss w/alloc  pol=3 VA=98000000568000c0 PA=0568000c0 line=06 hitv=00000000 ro=73405126 tag=000000 V=11111111 W=00000000 L=00000000
4400 scache  fc8affd0 store miss w/alloc  pol=3 VA=98000000568000c0 PA=0568000c0 line=006 hitv=0000 ro=1320 tag=00000 V=1111 W=1110 data=8000000000000000 mask=11111111
4400 dmemacc: store 8 addr=055b000c0 data=df916c09db59889e mask=11111111 cline 
4400 dmemacc: store 8 addr=055b000c8 data=0000000000ffffff mask=11111111 cline 
4400 dmemacc: store 8 addr=055b000d0 data=99d9d23c458cda4e mask=11111111 cline 
4400 dmemacc: store 8 addr=055b000d8 data=17982178d3d31ba9 mask=11111111 cline 
4401 PC=0x98000000400fe5d4 [00000000400fe5d4]	fc89fff8 sd     $t1,0xfffffff8($a0)
[va=98000000568000e8 pa=00000000568000e8]
4401 dcache  fc89fff8 store hit           pol=3 VA=98000000568000e8 PA=0568000e8 line=07 hitv=00001000 ro=64051723 tag=056800 V=11111111 W=00000000 L=00000000
4401 scache  fc89fff8 store hit           pol=3 VA=98000000568000e8 PA=0568000e8 line=007 hitv=0100 ro=3012 tag=02b40 V=1111 W=1111 data=1a819240445f112a mask=11111111
4402 PC=0x98000000400fe5d8 [00000000400fe5d8]	fc880000 sd     $t0,0x0($a0)
[va=98000000568000f0 pa=00000000568000f0]
4402 dcache  fc880000 store hit           pol=3 VA=98000000568000f0 PA=0568000f0 line=07 hitv=00001000 ro=64051723 tag=056800 V=11111111 W=00000000 L=00000000
4402 scache  fc880000 store hit           pol=3 VA=98000000568000f0 PA=0568000f0 line=007 hitv=0100 ro=3012 tag=02b40 V=1111 W=1111 data=7561211d7bb952f9 mask=11111111
4403 PC=0x98000000400fe5dc [00000000400fe5dc]	dcaa0010 ld     $t2,0x10($a1)
[va=98000000545000a0 pa=00000000545000a0]
4403 dcache  dcaa0010 load  hit           pol=3 VA=98000000545000a0 PA=0545000a0 line=05 hitv=00100000 ro=26034175 tag=054500 V=11111111 W=00000000 L=00000000
4403 Reg write t2=d8b29b854a916450
4404 icache  dcaa0010 load  hit           pol=3 VA=98000000400fe5e0 PA=0400fe5e0 line=2f hitv=00000010 ro=23456701 tag=0400fe V=00000011 L=00000000
4404 PC=0x98000000400fe5e0 [00000000400fe5e0]	dca80030 ld     $t0,0x30($a1)
[va=98000000545000c0 pa=00000000545000c0]
4404 dcache  dca80030 load  hit           pol=3 VA=98000000545000c0 PA=0545000c0 line=06 hitv=01000000 ro=34051267 tag=054500 V=11111111 W=00000000 L=00000000
4404 Reg write t0=8000000000000000
4405 PC=0x98000000400fe5e4 [00000000400fe5e4]	fc8fffe8 sd     $t7,0xffffffe8($a0)
[va=98000000568000d8 pa=00000000568000d8]
4405 dcache  fc8fffe8 store hit           pol=3 VA=98000000568000d8 PA=0568000d8 line=06 hitv=10000000 ro=34051276 tag=056800 V=11111111 W=00000000 L=00000000
4405 scache  fc8fffe8 store hit           pol=3 VA=98000000568000d8 PA=0568000d8 line=006 hitv=0010 ro=3201 tag=02b40 V=1111 W=1110 data=af0f5618529434b2 mask=11111111
4406 PC=0x98000000400fe5e8 [00000000400fe5e8]	fc890008 sd     $t1,0x8($a0)
[va=98000000568000f8 pa=00000000568000f8]
4406 dcache  fc890008 store hit           pol=3 VA=98000000568000f8 PA=0568000f8 line=07 hitv=00001000 ro=64051723 tag=056800 V=11111111 W=00000000 L=00000000
4406 scache  fc890008 store hit           pol=3 VA=98000000568000f8 PA=0568000f8 line=007 hitv=0100 ro=3012 tag=02b40 V=1111 W=1111 data=1a819240445f112a mask=11111111
4407 PC=0x98000000400fe5ec [00000000400fe5ec]	dcac0020 ld     $t4,0x20($a1)
[va=98000000545000b0 pa=00000000545000b0]
4407 dcache  dcac0020 load  hit           pol=3 VA=98000000545000b0 PA=0545000b0 line=05 hitv=00100000 ro=26034175 tag=054500 V=11111111 W=00000000 L=00000000
4407 Reg write t4=e74a0364b2bf098f
4408 icache  dcac0020 load  hit           pol=3 VA=98000000400fe5f0 PA=0400fe5f0 line=2f hitv=00000010 ro=23456701 tag=0400fe V=00000011 L=00000000
4408 PC=0x98000000400fe5f0 [00000000400fe5f0]	dcab0018 ld     $t3,0x18($a1)
[va=98000000545000a8 pa=00000000545000a8]
4408 dcache  dcab0018 load  hit           pol=3 VA=98000000545000a8 PA=0545000a8 line=05 hitv=00100000 ro=26034175 tag=054500 V=11111111 W=00000000 L=00000000
4408 Reg write t3=40d353f44728f538
4409 PC=0x98000000400fe5f4 [00000000400fe5f4]	fc8bffd8 sd     $t3,0xffffffd8($a0)
[va=98000000568000c8 pa=00000000568000c8]
4409 dcache  fc8bffd8 store hit           pol=3 VA=98000000568000c8 PA=0568000c8 line=06 hitv=10000000 ro=34051267 tag=056800 V=11111111 W=00000000 L=00000000
4409 scache  fc8bffd8 store hit           pol=3 VA=98000000568000c8 PA=0568000c8 line=006 hitv=0010 ro=3201 tag=02b40 V=1111 W=1110 data=40d353f44728f538 mask=11111111
4410 PC=0x98000000400fe5f8 [00000000400fe5f8]	14c0ffed bne    $a2,$r0,0x98000000400fe5b0
4411 PC=0x98000000400fe5fc [00000000400fe5fc]	64a50040 daddiu $a1,$a1,0x40
4411 Reg write a1=98000000545000d0
4412 icache  64a50040 load  miss refill   pol=3 VA=98000000400fe600 PA=0400fe600 line=30 hitv=00000000 ro=12345670 tag=000000 V=00000001 L=00000000
4412 PC=0x98000000400fe600 [00000000400fe600]	00000000 nop
4413 PC=0x98000000400fe604 [00000000400fe604]	340d0013 ori    $t5,$r0,0x13
4413 Reg write t5=0000000000000013
4414 PC=0x98000000400fe608 [00000000400fe608]	000d6efc dsll32 $t5,$t5,27
4414 Reg write t5=9800000000000000
4415 PC=0x98000000400fe60c [00000000400fe60c]	35ad460c ori    $t5,$t5,0x460c
4415 Reg write t5=980000000000460c
4416 icache  35ad460c load  hit           pol=3 VA=98000000400fe610 PA=0400fe610 line=30 hitv=00000010 ro=23456701 tag=0400fe V=00000011 L=00000000
4416 PC=0x98000000400fe610 [00000000400fe610]	01a0f809 jalr   $ra,$t5
4416 Reg write ra=98000000400fe618
4417 PC=0x98000000400fe614 [00000000400fe614]	3c0b9800 lui    $t3,0x9800
4417 Reg write t3=ffffffff98000000
4418 icache  3c0b9800 load  miss refill   pol=3 VA=980000000000460c PA=000004600 line=30 hitv=00000000 ro=23456701 tag=000000 V=00000011 L=00000000
4418 PC=0x980000000000460c [000000000000460c]	d46e0188 ldc1   f14,0x188($v1)
[va=98000000505000b8 pa=00000000505000b8]
4418 dcache  d46e0188 load  hit           pol=3 VA=98000000505000b8 PA=0505000b8 line=05 hitv=00000001 ro=26034175 tag=050500 V=11111111 W=00000000 L=00000000
4418 Reg write f[14]=0000000000000001  FCSR(fcr31)=6e000000
4419 icache  d46e0188 load  hit           pol=3 VA=9800000000004610 PA=000004610 line=30 hitv=00000100 ro=34567012 tag=000004 V=00000111 L=00000000
4419 PC=0x9800000000004610 [0000000000004610]	d4670050 ldc1   f7,0x50($v1)
[va=98000000504fff80 pa=00000000504fff80]
4419 dcache  d4670050 load  hit           pol=3 VA=98000000504fff80 PA=0504fff80 line=7c hitv=01000000 ro=54260173 tag=0504ff V=11111111 W=00000000 L=00000000
4419 Reg write f[7]=ffffffffffffffff  FCSR(fcr31)=6e000000
4420 PC=0x9800000000004614 [0000000000004614]	fc7a0218 sd     $k0,0x218($v1)
[va=9800000050500148 pa=0000000050500148]
4420 dcache  fc7a0218 store hit           pol=3 VA=9800000050500148 PA=050500148 line=0a hitv=00001000 ro=07423516 tag=050500 V=11111111 W=00000000 L=00000000
4420 scache  fc7a0218 store miss wo/alloc pol=3 VA=9800000050500148 PA=050500148 line=00a hitv=0000 ro=1230 tag=00000 V=1111 W=1010 data=f136b5e4cac3aae1 mask=11111111
4420 dmemacc: store 8 addr=050500148 data=f136b5e4cac3aae1 mask=11111111 
4421 PC=0x9800000000004618 [0000000000004618]	00000000 nop
4422 PC=0x980000000000461c [000000000000461c]	03e00008 jr     $ra
4423 icache  03e00008 load  miss refill   pol=3 VA=9800000000004620 PA=000004620 line=31 hitv=00000000 ro=12345670 tag=000000 V=00000001 L=00000000
4423 PC=0x9800000000004620 [0000000000004620]	d4730150 ldc1   f19,0x150($v1)
[va=9800000050500080 pa=0000000050500080]
4423 dcache  d4730150 load  hit           pol=3 VA=9800000050500080 PA=050500080 line=04 hitv=01000000 ro=25764013 tag=050500 V=11111111 W=00000000 L=00000000
4423 Reg write f[19]=4170436b3093d18e  FCSR(fcr31)=6e000000
4424 icache  d4730150 load  hit           pol=3 VA=98000000400fe618 PA=0400fe610 line=30 hitv=00000010 ro=34567012 tag=0400fe V=00000111 L=00000000
4424 PC=0x98000000400fe618 [00000000400fe618]	000b5c38 dsll   $t3,$t3,16
4424 Reg write t3=ffff980000000000
4425 PC=0x98000000400fe61c [00000000400fe61c]	356b511f ori    $t3,$t3,0x511f
4425 Reg write t3=ffff98000000511f
4426 icache  356b511f load  miss refill   pol=3 VA=98000000400fe620 PA=0400fe620 line=31 hitv=00000000 ro=23456701 tag=000000 V=00000011 L=00000000
4426 PC=0x98000000400fe620 [00000000400fe620]	000b5c38 dsll   $t3,$t3,16
4426 Reg write t3=98000000511f0000
4427 PC=0x98000000400fe624 [00000000400fe624]	356be623 ori    $t3,$t3,0xe623
4427 Reg write t3=98000000511fe623
4428 PC=0x98000000400fe628 [00000000400fe628]	85781b2b lh     $t8,0x1b2b($t3)
[va=980000005120014e pa=000000005120014e]
4428 dcache  85781b2b load  hit           pol=3 VA=980000005120014e PA=051200148 line=0a hitv=01000000 ro=07425163 tag=051200 V=11111111 W=00000000 L=00000000
4428 Reg write t8=0000000000000003
4429 PC=0x98000000400fe62c [00000000400fe62c]	3c169800 lui    $s6,0x9800
4429 Reg write s6=ffffffff98000000
4430 icache  3c169800 load  hit           pol=3 VA=98000000400fe630 PA=0400fe630 line=31 hitv=00000100 ro=34567012 tag=0400fe V=00000111 L=00000000
4430 PC=0x98000000400fe630 [00000000400fe630]	0016b438 dsll   $s6,$s6,16
4430 Reg write s6=ffff980000000000
4431 PC=0x98000000400fe634 [00000000400fe634]	36d6515f ori    $s6,$s6,0x515f
4431 Reg write s6=ffff98000000515f
4432 PC=0x98000000400fe638 [00000000400fe638]	0016b438 dsll   $s6,$s6,16
4432 Reg write s6=98000000515f0000
4433 PC=0x98000000400fe63c [00000000400fe63c]	36d6e907 ori    $s6,$s6,0xe907
4433 Reg write s6=98000000515fe907
4434 icache  36d6e907 load  miss refill   pol=3 VA=98000000400fe640 PA=0400fe640 line=32 hitv=00000000 ro=12345670 tag=000000 V=00000001 L=00000000
4434 PC=0x98000000400fe640 [00000000400fe640]	96de17ab lhu    $s8,0x17ab($s6)
[va=98000000516000b2 pa=00000000516000b2]
4434 dcache  96de17ab load  miss refill   pol=3 VA=98000000516000b2 PA=0516000b0 line=05 hitv=00000000 ro=26341750 tag=000000 V=11111111 W=00000000 L=00000000
4434 scache  96de17ab load  miss refill   pol=3 VA=98000000516000b2 PA=0516000a0 line=005 hitv=0000 ro=2301 tag=00000 V=1111 W=0101
4434 dmemacc: store 8 addr=04b2000a0 data=8000000000000000 mask=11111111 cline 
4434 dmemacc: store 8 addr=04b2000a8 data=06adc4506640a8b9 mask=11111111 cline 
4434 dmemacc: store 8 addr=04b2000b0 data=9cbe6b5ccdee4ace mask=11111111 cline 
4434 dmemacc: store 8 addr=04b2000b8 data=91daeda7df62a11c mask=11111111 cline 
4434 Reg write s8=000000000000a72f
4435 PC=0x98000000400fe644 [00000000400fe644]	3c0b9800 lui    $t3,0x9800
4435 Reg write t3=ffffffff98000000
4436 PC=0x98000000400fe648 [00000000400fe648]	000b5c38 dsll   $t3,$t3,16
4436 Reg write t3=ffff980000000000
4437 PC=0x98000000400fe64c [00000000400fe64c]	356b437f ori    $t3,$t3,0x437f
4437 Reg write t3=ffff98000000437f
4438 icache  356b437f load  hit           pol=3 VA=98000000400fe650 PA=0400fe650 line=32 hitv=00000010 ro=23456701 tag=0400fe V=00000011 L=00000000
4438 PC=0x98000000400fe650 [00000000400fe650]	000b5c38 dsll   $t3,$t3,16
4438 Reg write t3=98000000437f0000
4439 PC=0x98000000400fe654 [00000000400fe654]	356bb018 ori    $t3,$t3,0xb018
4439 Reg write t3=98000000437fb018
4440 PC=0x98000000400fe658 [00000000400fe658]	8d6b5028 lw     $t3,0x5028($t3)
[va=9800000043800040 pa=0000000043800040]
4440 dcache  8d6b5028 load  hit           pol=3 VA=9800000043800040 PA=043800040 line=02 hitv=00000001 ro=10624735 tag=043800 V=11111111 W=00000000 L=00000000
4440 Reg write t3=ffffffff98000000
4441 PC=0x98000000400fe65c [00000000400fe65c]	3c1d9800 lui    $sp,0x9800
4441 Reg write sp=ffffffff98000000
4442 icache  3c1d9800 load  miss refill   pol=3 VA=98000000400fe660 PA=0400fe660 line=33 hitv=00000000 ro=12345670 tag=000000 V=00000001 L=00000000
4442 PC=0x98000000400fe660 [00000000400fe660]	001dec38 dsll   $sp,$sp,16
4442 Reg write sp=ffff980000000000
4443 PC=0x98000000400fe664 [00000000400fe664]	37bd515f ori    $sp,$sp,0x515f
4443 Reg write sp=ffff98000000515f
4444 PC=0x98000000400fe668 [00000000400fe668]	001dec38 dsll   $sp,$sp,16
4444 Reg write sp=98000000515f0000
4445 PC=0x98000000400fe66c [00000000400fe66c]	37bdf576 ori    $sp,$sp,0xf576
4445 Reg write sp=98000000515ff576
4446 icache  37bdf576 load  hit           pol=3 VA=98000000400fe670 PA=0400fe670 line=33 hitv=00000010 ro=23456701 tag=0400fe V=00000011 L=00000000
4446 PC=0x98000000400fe670 [00000000400fe670]	dfb20b4a ld     $s2,0xb4a($sp)
[va=98000000516000c0 pa=00000000516000c0]
4446 dcache  dfb20b4a load  miss refill   pol=3 VA=98000000516000c0 PA=0516000c0 line=06 hitv=00000000 ro=34051267 tag=000000 V=11111111 W=00000000 L=00000000
4446 scache  dfb20b4a load  miss refill   pol=3 VA=98000000516000c0 PA=0516000c0 line=006 hitv=0000 ro=3201 tag=00000 V=1111 W=1110
4446 dmemacc: store 8 addr=04d2000c0 data=0001ffffffffffff mask=11111111 cline 
4446 dmemacc: store 8 addr=04d2000c8 data=c04d7c9e098a6bb6 mask=11111111 cline 
4446 dmemacc: store 8 addr=04d2000d0 data=0000000000000055 mask=11111111 cline 
4446 dmemacc: store 8 addr=04d2000d8 data=91a1091349869d4d mask=11111111 cline 
4446 Reg write s2=ffffffffffffffff
4447 PC=0x98000000400fe674 [00000000400fe674]	3c1d9800 lui    $sp,0x9800
4447 Reg write sp=ffffffff98000000
4448 PC=0x98000000400fe678 [00000000400fe678]	001dec38 dsll   $sp,$sp,16
4448 Reg write sp=ffff980000000000
4449 PC=0x98000000400fe67c [00000000400fe67c]	37bd5020 ori    $sp,$sp,0x5020
4449 Reg write sp=ffff980000005020
4450 icache  37bd5020 load  miss refill   pol=3 VA=98000000400fe680 PA=0400fe680 line=34 hitv=00000000 ro=34567012 tag=000000 V=00000111 L=00000000
4450 PC=0x98000000400fe680 [00000000400fe680]	001dec38 dsll   $sp,$sp,16
4450 Reg write sp=9800000050200000
4451 PC=0x98000000400fe684 [00000000400fe684]	37bd1575 ori    $sp,$sp,0x1575
4451 Reg write sp=9800000050201575
4452 PC=0x98000000400fe688 [00000000400fe688]	8fb2ec1b lw     $s2,0xffffec1b($sp)
[va=9800000050200190 pa=0000000050200190]
4452 dcache  8fb2ec1b load  hit           pol=3 VA=9800000050200190 PA=050200190 line=0c hitv=00000010 ro=03524671 tag=050200 V=11111111 W=00000000 L=00000000
4452 Reg write s2=ffffffffffffffff
4453 PC=0x98000000400fe68c [00000000400fe68c]	3c049800 lui    $a0,0x9800
4453 Reg write a0=ffffffff98000000
4454 icache  3c049800 load  hit           pol=3 VA=98000000400fe690 PA=0400fe690 line=34 hitv=00001000 ro=45670123 tag=0400fe V=00001111 L=00000000
4454 PC=0x98000000400fe690 [00000000400fe690]	00042438 dsll   $a0,$a0,16
4454 Reg write a0=ffff980000000000
4455 PC=0x98000000400fe694 [00000000400fe694]	348451b0 ori    $a0,$a0,0x51b0
4455 Reg write a0=ffff9800000051b0
4456 PC=0x98000000400fe698 [00000000400fe698]	00042438 dsll   $a0,$a0,16
4456 Reg write a0=9800000051b00000
4457 PC=0x98000000400fe69c [00000000400fe69c]	3484087a ori    $a0,$a0,0x87a
4457 Reg write a0=9800000051b0087a
4458 icache  3484087a load  miss refill   pol=3 VA=98000000400fe6a0 PA=0400fe6a0 line=35 hitv=00000000 ro=34567012 tag=000000 V=00000111 L=00000000
4458 PC=0x98000000400fe6a0 [00000000400fe6a0]	9c98f6e6 lwu    $t8,0xfffff6e6($a0)
[va=9800000051afff60 pa=0000000051afff60]
4458 dcache  9c98f6e6 load  miss refill   pol=3 VA=9800000051afff60 PA=051afff60 line=7b hitv=00000000 ro=76052431 tag=000000 V=11111111 W=00000000 L=00000000
4458 scache  9c98f6e6 load  miss refill   pol=3 VA=9800000051afff60 PA=051afff60 line=ffb hitv=0000 ro=1203 tag=00000 V=1111 W=0111
4458 dmemacc: store 8 addr=054afff60 data=1e68cf2268c7912d mask=11111111 cline 
4458 dmemacc: store 8 addr=054afff68 data=5555555555555555 mask=11111111 cline 
4458 dmemacc: store 8 addr=054afff70 data=06dda7e73e876dfb mask=11111111 cline 
4458 dmemacc: store 8 addr=054afff78 data=7b9c5ad1675f19b9 mask=11111111 cline 
4458 Reg write t8=00000000ffffffff
4459 PC=0x98000000400fe6a4 [00000000400fe6a4]	3c069800 lui    $a2,0x9800
4459 Reg write a2=ffffffff98000000
4460 PC=0x98000000400fe6a8 [00000000400fe6a8]	00063438 dsll   $a2,$a2,16
4460 Reg write a2=ffff980000000000
4461 PC=0x98000000400fe6ac [00000000400fe6ac]	34c651b0 ori    $a2,$a2,0x51b0
4461 Reg write a2=ffff9800000051b0
4462 icache  34c651b0 load  hit           pol=3 VA=98000000400fe6b0 PA=0400fe6b0 line=35 hitv=00001000 ro=45670123 tag=0400fe V=00001111 L=00000000
4462 PC=0x98000000400fe6b0 [00000000400fe6b0]	00063438 dsll   $a2,$a2,16
4462 Reg write a2=9800000051b00000
4463 PC=0x98000000400fe6b4 [00000000400fe6b4]	34c65f5f ori    $a2,$a2,0x5f5f
4463 Reg write a2=9800000051b05f5f
4464 PC=0x98000000400fe6b8 [00000000400fe6b8]	9ccda221 lwu    $t5,0xffffa221($a2)
[va=9800000051b00180 pa=0000000051b00180]
4464 dcache  9ccda221 load  miss refill   pol=3 VA=9800000051b00180 PA=051b00180 line=0c hitv=00000000 ro=03524671 tag=000000 V=11111111 W=00000000 L=00000000
4464 scache  9ccda221 load  miss refill   pol=3 VA=9800000051b00180 PA=051b00180 line=00c hitv=0000 ro=1302 tag=00000 V=1111 W=1001
4464 Reg write t5=00000000433b9057
4465 PC=0x98000000400fe6bc [00000000400fe6bc]	3c0c9800 lui    $t4,0x9800
4465 Reg write t4=ffffffff98000000
4466 icache  3c0c9800 load  miss refill   pol=3 VA=98000000400fe6c0 PA=0400fe6c0 line=36 hitv=00000000 ro=23456701 tag=000000 V=00000011 L=00000000
4466 PC=0x98000000400fe6c0 [00000000400fe6c0]	000c6438 dsll   $t4,$t4,16
4466 Reg write t4=ffff980000000000
4467 PC=0x98000000400fe6c4 [00000000400fe6c4]	358c515f ori    $t4,$t4,0x515f
4467 Reg write t4=ffff98000000515f
4468 PC=0x98000000400fe6c8 [00000000400fe6c8]	000c6438 dsll   $t4,$t4,16
4468 Reg write t4=98000000515f0000
4469 PC=0x98000000400fe6cc [00000000400fe6cc]	358ce1b3 ori    $t4,$t4,0xe1b3
4469 Reg write t4=98000000515fe1b3
4470 icache  358ce1b3 load  hit           pol=3 VA=98000000400fe6d0 PA=0400fe6d0 line=36 hitv=00000100 ro=34567012 tag=0400fe V=00000111 L=00000000
4470 PC=0x98000000400fe6d0 [00000000400fe6d0]	9d811f1d lwu    $r1,0x1f1d($t4)
[va=98000000516000d0 pa=00000000516000d0]
4470 dcache  9d811f1d load  hit           pol=3 VA=98000000516000d0 PA=0516000d0 line=06 hitv=00001000 ro=40512673 tag=051600 V=11111111 W=00000000 L=00000000
4470 Reg write r1=00000000f5d9f996
4471 PC=0x98000000400fe6d4 [00000000400fe6d4]	3c169800 lui    $s6,0x9800
4471 Reg write s6=ffffffff98000000
4472 PC=0x98000000400fe6d8 [00000000400fe6d8]	0016b438 dsll   $s6,$s6,16
4472 Reg write s6=ffff980000000000
4473 PC=0x98000000400fe6dc [00000000400fe6dc]	36d651b0 ori    $s6,$s6,0x51b0
4473 Reg write s6=ffff9800000051b0
4474 icache  36d651b0 load  miss refill   pol=3 VA=98000000400fe6e0 PA=0400fe6e0 line=37 hitv=00000000 ro=23456701 tag=000000 V=00000011 L=00000000
4474 PC=0x98000000400fe6e0 [00000000400fe6e0]	0016b438 dsll   $s6,$s6,16
4474 Reg write s6=9800000051b00000
4475 PC=0x98000000400fe6e4 [00000000400fe6e4]	36d61204 ori    $s6,$s6,0x1204
4475 Reg write s6=9800000051b01204
4476 PC=0x98000000400fe6e8 [00000000400fe6e8]	8edeeeb0 lw     $s8,0xffffeeb0($s6)
[va=9800000051b000b4 pa=0000000051b000b4]
4476 dcache  8edeeeb0 load  miss refill   pol=3 VA=9800000051b000b4 PA=051b000b0 line=05 hitv=00000000 ro=63417502 tag=000000 V=11111111 W=00000000 L=00000000
4476 scache  8edeeeb0 load  miss refill   pol=3 VA=9800000051b000b4 PA=051b000a0 line=005 hitv=0000 ro=3012 tag=00000 V=1111 W=0001
4476 Reg write s8=ffffffffb9ad22e6
4477 PC=0x98000000400fe6ec [00000000400fe6ec]	04720003 bltzall $v1,0x98000000400fe6fc
4477 Reg write ra=98000000400fe6f4
4478 icache  04720003 load  hit           pol=3 VA=98000000400fe6f0 PA=0400fe6f0 line=37 hitv=00000100 ro=34567012 tag=0400fe V=00000111 L=00000000
4478 PC=0x98000000400fe6f0 [00000000400fe6f0]	3c099800 lui    $t1,0x9800
4478 Reg write t1=ffffffff98000000
4479 icache  3c099800 load  hit           pol=3 VA=98000000400fe6fc PA=0400fe6f0 line=37 hitv=00000100 ro=34567012 tag=0400fe V=00000111 L=00000000
4479 PC=0x98000000400fe6fc [00000000400fe6fc]	00094c38 dsll   $t1,$t1,16
4479 Reg write t1=ffff980000000000
4480 icache  00094c38 load  miss refill   pol=3 VA=98000000400fe700 PA=0400fe700 line=38 hitv=00000000 ro=23456701 tag=000000 V=00000011 L=00000000
4480 PC=0x98000000400fe700 [00000000400fe700]	35294170 ori    $t1,$t1,0x4170
4480 Reg write t1=ffff980000004170
4481 PC=0x98000000400fe704 [00000000400fe704]	00094c38 dsll   $t1,$t1,16
4481 Reg write t1=9800000041700000
4482 PC=0x98000000400fe708 [00000000400fe708]	35291ee5 ori    $t1,$t1,0x1ee5
4482 Reg write t1=9800000041701ee5
4483 PC=0x98000000400fe70c [00000000400fe70c]	9527e1c1 lhu    $a3,0xffffe1c1($t1)
[va=98000000417000a6 pa=00000000417000a6]
4483 dcache  9527e1c1 load  miss refill   pol=3 VA=98000000417000a6 PA=0417000a0 line=05 hitv=00000000 ro=34175026 tag=000000 V=11111111 W=00000000 L=00000000
4483 scache  9527e1c1 load  miss refill   pol=3 VA=98000000417000a6 PA=0417000a0 line=005 hitv=0000 ro=0123 tag=00000 V=1111 W=0001
4483 dmemacc: store 8 addr=0568000a0 data=d7c93453cda5c76f mask=11111111 cline 
4483 dmemacc: store 8 addr=0568000a8 data=0000000000000001 mask=11111111 cline 
4483 dmemacc: store 8 addr=0568000b0 data=d7c93453cda5c76f mask=11111111 cline 
4483 dmemacc: store 8 addr=0568000b8 data=0000000000000001 mask=11111111 cline 
4483 Reg write a3=0000000000003089
4484 icache  9527e1c1 load  hit           pol=3 VA=98000000400fe710 PA=0400fe710 line=38 hitv=00000100 ro=34567012 tag=0400fe V=00000111 L=00000000
4484 PC=0x98000000400fe710 [00000000400fe710]	3c109800 lui    $s0,0x9800
4484 Reg write s0=ffffffff98000000
4485 PC=0x98000000400fe714 [00000000400fe714]	00108438 dsll   $s0,$s0,16
4485 Reg write s0=ffff980000000000
4486 PC=0x98000000400fe718 [00000000400fe718]	3610416f ori    $s0,$s0,0x416f
4486 Reg write s0=ffff98000000416f
4487 PC=0x98000000400fe71c [00000000400fe71c]	00108438 dsll   $s0,$s0,16
4487 Reg write s0=98000000416f0000
4488 icache  00108438 load  miss refill   pol=3 VA=98000000400fe720 PA=0400fe720 line=39 hitv=00000000 ro=23456701 tag=000000 V=00000011 L=00000000
4488 PC=0x98000000400fe720 [00000000400fe720]	3610e15f ori    $s0,$s0,0xe15f
4488 Reg write s0=98000000416fe15f
4489 PC=0x98000000400fe724 [00000000400fe724]	a2021f4d sb     $v0,0x1f4d($s0)
[va=98000000417000ac pa=00000000417000ac]
4489 dcache  a2021f4d store hit           pol=3 VA=98000000417000ac PA=0417000a8 line=05 hitv=00001000 ro=41750263 tag=041700 V=11111111 W=00000000 L=00000000
4489 scache  a2021f4d store hit           pol=3 VA=98000000417000ac PA=0417000a8 line=005 hitv=0001 ro=1230 tag=020b8 V=1111 W=0000 data=00000000b8000000 mask=00001000
4490 PC=0x98000000400fe728 [00000000400fe728]	3c1d9800 lui    $sp,0x9800
4490 Reg write sp=ffffffff98000000
4491 PC=0x98000000400fe72c [00000000400fe72c]	001dec38 dsll   $sp,$sp,16
4491 Reg write sp=ffff980000000000
4492 icache  001dec38 load  hit           pol=3 VA=98000000400fe730 PA=0400fe730 line=39 hitv=00000100 ro=34567012 tag=0400fe V=00000111 L=00000000
4492 PC=0x98000000400fe730 [00000000400fe730]	37bd4150 ori    $sp,$sp,0x4150
4492 Reg write sp=ffff980000004150
4493 PC=0x98000000400fe734 [00000000400fe734]	001dec38 dsll   $sp,$sp,16
4493 Reg write sp=9800000041500000
4494 PC=0x98000000400fe738 [00000000400fe738]	37bd3888 ori    $sp,$sp,0x3888
4494 Reg write sp=9800000041503888
4495 PC=0x98000000400fe73c [00000000400fe73c]	afabc81c sw     $t3,0xffffc81c($sp)
[va=98000000415000a4 pa=00000000415000a4]
4495 dcache  afabc81c store miss w/alloc  pol=3 VA=98000000415000a4 PA=0415000a0 line=05 hitv=00000000 ro=41750263 tag=000000 V=11111111 W=00000000 L=00000000
4495 scache  afabc81c store miss w/alloc  pol=3 VA=98000000415000a4 PA=0415000a0 line=005 hitv=0000 ro=1230 tag=00000 V=1111 W=0001 data=0000000098000000 mask=00001111
4496 icache  afabc81c load  miss refill   pol=3 VA=98000000400fe740 PA=0400fe740 line=3a hitv=00000000 ro=23456701 tag=000000 V=00000011 L=00000000
4496 PC=0x98000000400fe740 [00000000400fe740]	3c059800 lui    $a1,0x9800
4496 Reg write a1=ffffffff98000000
4497 PC=0x98000000400fe744 [00000000400fe744]	00052c38 dsll   $a1,$a1,16
4497 Reg write a1=ffff980000000000
4498 PC=0x98000000400fe748 [00000000400fe748]	34a54027 ori    $a1,$a1,0x4027
4498 Reg write a1=ffff980000004027
4499 PC=0x98000000400fe74c [00000000400fe74c]	00052c38 dsll   $a1,$a1,16
4499 Reg write a1=9800000040270000
4500 icache  00052c38 load  hit           pol=3 VA=98000000400fe750 PA=0400fe750 line=3a hitv=00000100 ro=34567012 tag=0400fe V=00000111 L=00000000
4500 PC=0x98000000400fe750 [00000000400fe750]	34a594c0 ori    $a1,$a1,0x94c0
4500 Reg write a1=98000000402794c0
4501 PC=0x98000000400fe754 [00000000400fe754]	a4a26b5e sh     $v0,0x6b5e($a1)
[va=980000004028001e pa=000000004028001e]
4501 dcache  a4a26b5e store miss w/alloc  pol=3 VA=980000004028001e PA=040280018 line=00 hitv=00000000 ro=01743265 tag=000000 V=11111111 W=00000000 L=00000000
4501 scache  a4a26b5e store miss w/alloc  pol=3 VA=980000004028001e PA=040280018 line=000 hitv=0000 ro=0213 tag=00000 V=1111 W=1001 data=00000000000012b8 mask=00000011
4501 dmemacc: store 8 addr=04d200000 data=43e66ae530fb3b16 mask=11111111 cline 
4501 dmemacc: store 8 addr=04d200008 data=8000000000000000 mask=11111111 cline 
4501 dmemacc: store 8 addr=04d200010 data=9800000054b00140 mask=11111111 cline 
4501 dmemacc: store 8 addr=04d200018 data=f43d186898e6a1bb mask=11111111 cline 
4502 PC=0x98000000400fe758 [00000000400fe758]	3c029800 lui    $v0,0x9800
4502 Reg write v0=ffffffff98000000
4503 PC=0x98000000400fe75c [00000000400fe75c]	00021438 dsll   $v0,$v0,16
4503 Reg write v0=ffff980000000000
4504 icache  00021438 load  miss refill   pol=3 VA=98000000400fe760 PA=0400fe760 line=3b hitv=00000000 ro=23456701 tag=000000 V=00000011 L=00000000
4504 PC=0x98000000400fe760 [00000000400fe760]	34425180 ori    $v0,$v0,0x5180
4504 Reg write v0=ffff980000005180
4505 PC=0x98000000400fe764 [00000000400fe764]	00021438 dsll   $v0,$v0,16
4505 Reg write v0=9800000051800000
4506 PC=0x98000000400fe768 [00000000400fe768]	344259e0 ori    $v0,$v0,0x59e0
4506 Reg write v0=98000000518059e0
4507 PC=0x98000000400fe76c [00000000400fe76c]	ac46a6b0 sw     $a2,0xffffa6b0($v0)
[va=9800000051800090 pa=0000000051800090]
4507 dcache  ac46a6b0 store miss w/alloc  pol=3 VA=9800000051800090 PA=051800090 line=04 hitv=00000000 ro=25740136 tag=000000 V=11111111 W=00000000 L=00000000
4507 scache  ac46a6b0 store miss w/alloc  pol=3 VA=9800000051800090 PA=051800090 line=004 hitv=0000 ro=2013 tag=00000 V=1111 W=1100 data=51b05f5f00000000 mask=11110000
4507 dmemacc: store 8 addr=04d200080 data=630a1b29b33dd987 mask=11111111 cline 
4507 dmemacc: store 8 addr=04d200088 data=905416c9e72f7c74 mask=11111111 cline 
4507 dmemacc: store 8 addr=04d200090 data=9800000055b00140 mask=11111111 cline 
4507 dmemacc: store 8 addr=04d200098 data=b96d5a7c55739744 mask=11111111 cline 
4508 icache  ac46a6b0 load  hit           pol=3 VA=98000000400fe770 PA=0400fe770 line=3b hitv=00000100 ro=34567012 tag=0400fe V=00000111 L=00000000
4508 PC=0x98000000400fe770 [00000000400fe770]	3c029800 lui    $v0,0x9800
4508 Reg write v0=ffffffff98000000
4509 PC=0x98000000400fe774 [00000000400fe774]	00021438 dsll   $v0,$v0,16
4509 Reg write v0=ffff980000000000
4510 PC=0x98000000400fe778 [00000000400fe778]	3442421f ori    $v0,$v0,0x421f
4510 Reg write v0=ffff98000000421f
4511 PC=0x98000000400fe77c [00000000400fe77c]	00021438 dsll   $v0,$v0,16
4511 Reg write v0=98000000421f0000
4512 icache  00021438 load  miss refill   pol=3 VA=98000000400fe780 PA=0400fe780 line=3c hitv=00000000 ro=23456701 tag=000000 V=00000011 L=00000000
4512 PC=0x98000000400fe780 [00000000400fe780]	3442c5bf ori    $v0,$v0,0xc5bf
4512 Reg write v0=98000000421fc5bf
4513 PC=0x98000000400fe784 [00000000400fe784]	dc483b29 ld     $t0,0x3b29($v0)
[va=98000000422000e8 pa=00000000422000e8]
4513 dcache  dc483b29 load  miss refill   pol=3 VA=98000000422000e8 PA=0422000e8 line=07 hitv=00000000 ro=64051723 tag=000000 V=11111111 W=00000000 L=00000000
4513 scache  dc483b29 load  miss refill   pol=3 VA=98000000422000e8 PA=0422000e0 line=007 hitv=0000 ro=3012 tag=00000 V=1111 W=1111
4513 dmemacc: store 8 addr=055b000e0 data=0000000000000001 mask=11111111 cline 
4513 dmemacc: store 8 addr=055b000e8 data=a046e6b3a0d79a0e mask=11111111 cline 
4513 dmemacc: store 8 addr=055b000f0 data=0f0f0f0f0f0f0f0f mask=11111111 cline 
4513 dmemacc: store 8 addr=055b000f8 data=8ff93ba46fd412b9 mask=11111111 cline 
4513 Reg write t0=91de3c2efd113d7c
4514 PC=0x98000000400fe788 [00000000400fe788]	3c069800 lui    $a2,0x9800
4514 Reg write a2=ffffffff98000000
4515 PC=0x98000000400fe78c [00000000400fe78c]	00063438 dsll   $a2,$a2,16
4515 Reg write a2=ffff980000000000
4516 icache  00063438 load  hit           pol=3 VA=98000000400fe790 PA=0400fe790 line=3c hitv=00000100 ro=34567012 tag=0400fe V=00000111 L=00000000
4516 PC=0x98000000400fe790 [00000000400fe790]	34c6416f ori    $a2,$a2,0x416f
4516 Reg write a2=ffff98000000416f
4517 PC=0x98000000400fe794 [00000000400fe794]	00063438 dsll   $a2,$a2,16
4517 Reg write a2=98000000416f0000
4518 PC=0x98000000400fe798 [00000000400fe798]	34c6f36d ori    $a2,$a2,0xf36d
4518 Reg write a2=98000000416ff36d
4519 PC=0x98000000400fe79c [00000000400fe79c]	94d40d83 lhu    $s4,0xd83($a2)
[va=98000000417000f0 pa=00000000417000f0]
4519 dcache  94d40d83 load  miss refill   pol=3 VA=98000000417000f0 PA=0417000f0 line=07 hitv=00000000 ro=40517236 tag=000000 V=11111111 W=00000000 L=00000000
4519 scache  94d40d83 load  miss refill   pol=3 VA=98000000417000f0 PA=0417000e0 line=007 hitv=0000 ro=0123 tag=00000 V=1111 W=0111
4519 dmemacc: store 8 addr=04d2000e0 data=8000000000000000 mask=11111111 cline 
4519 dmemacc: store 8 addr=04d2000e8 data=ffffffffffffffff mask=11111111 cline 
4519 dmemacc: store 8 addr=04d2000f0 data=980000004d1fff90 mask=11111111 cline 
4519 dmemacc: store 8 addr=04d2000f8 data=c71c71c71c71c71c mask=11111111 cline 
4519 Reg write s4=000000000000c71c
4520 icache  94d40d83 load  miss refill   pol=3 VA=98000000400fe7a0 PA=0400fe7a0 line=3d hitv=00000000 ro=23456701 tag=000000 V=00000011 L=00000000
4520 PC=0x98000000400fe7a0 [00000000400fe7a0]	3c0a9800 lui    $t2,0x9800
4520 Reg write t2=ffffffff98000000
4521 PC=0x98000000400fe7a4 [00000000400fe7a4]	000a5438 dsll   $t2,$t2,16
4521 Reg write t2=ffff980000000000
4522 PC=0x98000000400fe7a8 [00000000400fe7a8]	354a403f ori    $t2,$t2,0x403f
4522 Reg write t2=ffff98000000403f
4523 PC=0x98000000400fe7ac [00000000400fe7ac]	000a5438 dsll   $t2,$t2,16
4523 Reg write t2=98000000403f0000
4524 icache  000a5438 load  hit           pol=3 VA=98000000400fe7b0 PA=0400fe7b0 line=3d hitv=00000100 ro=34567012 tag=0400fe V=00000111 L=00000000
4524 PC=0x98000000400fe7b0 [00000000400fe7b0]	354ae000 ori    $t2,$t2,0xe000
4524 Reg write t2=98000000403fe000
4525 PC=0x98000000400fe7b4 [00000000400fe7b4]	01400008 jr     $t2
4526 PC=0x98000000400fe7b8 [00000000400fe7b8]	3c179800 lui    $s7,0x9800
4526 Reg write s7=ffffffff98000000
4527 icache  3c179800 load  miss refill   pol=3 VA=98000000403fe000 PA=0403fe000 line=00 hitv=00000000 ro=56701234 tag=000000 V=00011111 L=00000000
4527 PC=0x98000000403fe000 [00000000403fe000]	0017bc38 dsll   $s7,$s7,16
4527 Reg write s7=ffff980000000000
4528 PC=0x98000000403fe004 [00000000403fe004]	36f7416f ori    $s7,$s7,0x416f
4528 Reg write s7=ffff98000000416f
4529 PC=0x98000000403fe008 [00000000403fe008]	0017bc38 dsll   $s7,$s7,16
4529 Reg write s7=98000000416f0000
4530 PC=0x98000000403fe00c [00000000403fe00c]	36f7ee3a ori    $s7,$s7,0xee3a
4530 Reg write s7=98000000416fee3a
4531 icache  36f7ee3a load  hit           pol=3 VA=98000000403fe010 PA=0403fe010 line=00 hitv=00100000 ro=67012345 tag=0403fe V=00111111 L=00000000
4531 PC=0x98000000403fe010 [00000000403fe010]	92f612b1 lbu    $s6,0x12b1($s7)
[va=98000000417000eb pa=00000000417000eb]
4531 dcache  92f612b1 load  hit           pol=3 VA=98000000417000eb PA=0417000e8 line=07 hitv=00010000 ro=05172364 tag=041700 V=11111111 W=00000000 L=00000000
4531 Reg write s6=000000000000007a
4532 PC=0x98000000403fe014 [00000000403fe014]	3c179800 lui    $s7,0x9800
4532 Reg write s7=ffffffff98000000
4533 PC=0x98000000403fe018 [00000000403fe018]	0017bc38 dsll   $s7,$s7,16
4533 Reg write s7=ffff980000000000
4534 PC=0x98000000403fe01c [00000000403fe01c]	36f7451f ori    $s7,$s7,0x451f
4534 Reg write s7=ffff98000000451f
4535 icache  36f7451f load  miss refill   pol=3 VA=98000000403fe020 PA=0403fe020 line=01 hitv=00000000 ro=67012345 tag=000000 V=00111111 L=00000000
4535 PC=0x98000000403fe020 [00000000403fe020]	0017bc38 dsll   $s7,$s7,16
4535 Reg write s7=98000000451f0000
4536 PC=0x98000000403fe024 [00000000403fe024]	36f7a08e ori    $s7,$s7,0xa08e
4536 Reg write s7=98000000451fa08e
4537 PC=0x98000000403fe028 [00000000403fe028]	fee2606a sd     $v0,0x606a($s7)
[va=98000000452000f8 pa=00000000452000f8]
4537 dcache  fee2606a store miss w/alloc  pol=3 VA=98000000452000f8 PA=0452000f8 line=07 hitv=00000000 ro=05172364 tag=000000 V=11111111 W=00000000 L=00000000
4537 scache  fee2606a store miss w/alloc  pol=3 VA=98000000452000f8 PA=0452000f8 line=007 hitv=0000 ro=1230 tag=00000 V=1111 W=0110 data=98000000421fc5bf mask=11111111
4537 dmemacc: store 8 addr=04b2000e0 data=980000004b1fff60 mask=11111111 cline 
4537 dmemacc: store 8 addr=04b2000e8 data=780f2add150171b6 mask=11111111 cline 
4537 dmemacc: store 8 addr=04b2000f0 data=ffffffffffffffff mask=11111111 cline 
4537 dmemacc: store 8 addr=04b2000f8 data=0c8033344a84347a mask=11111111 cline 
4538 PC=0x98000000403fe02c [00000000403fe02c]	3c129800 lui    $s2,0x9800
4538 Reg write s2=ffffffff98000000
4539 icache  3c129800 load  hit           pol=3 VA=98000000403fe030 PA=0403fe030 line=01 hitv=01000000 ro=70123456 tag=0403fe V=01111111 L=00000000
4539 PC=0x98000000403fe030 [00000000403fe030]	00129438 dsll   $s2,$s2,16
4539 Reg write s2=ffff980000000000
4540 PC=0x98000000403fe034 [00000000403fe034]	3652412f ori    $s2,$s2,0x412f
4540 Reg write s2=ffff98000000412f
4541 PC=0x98000000403fe038 [00000000403fe038]	00129438 dsll   $s2,$s2,16
4541 Reg write s2=98000000412f0000
4542 PC=0x98000000403fe03c [00000000403fe03c]	3652d2d5 ori    $s2,$s2,0xd2d5
4542 Reg write s2=98000000412fd2d5
4543 icache  3652d2d5 load  miss refill   pol=3 VA=98000000403fe040 PA=0403fe040 line=02 hitv=00000000 ro=67012345 tag=000000 V=00111111 L=00000000
4543 PC=0x98000000403fe040 [00000000403fe040]	de572eab ld     $s7,0x2eab($s2)
[va=9800000041300180 pa=0000000041300180]
4543 dcache  de572eab load  miss refill   pol=3 VA=9800000041300180 PA=041300180 line=0c hitv=00000000 ro=35246710 tag=000000 V=11111111 W=00000000 L=00000000
4543 scache  de572eab load  miss refill   pol=3 VA=9800000041300180 PA=041300180 line=00c hitv=0000 ro=3021 tag=00000 V=1111 W=1001
4543 dmemacc: store 8 addr=045200180 data=efc7ffe82251bb35 mask=11111111 cline 
4543 dmemacc: store 8 addr=045200188 data=0043d19e542078e5 mask=11111111 cline 
4543 dmemacc: store 8 addr=045200190 data=9800000041303282 mask=11111111 cline 
4543 dmemacc: store 8 addr=045200198 data=6daba99daaec97a9 mask=11111111 cline 
4543 Reg write s7=2bd5bd8e2c5de5b5
4544 PC=0x98000000403fe044 [00000000403fe044]	3c179800 lui    $s7,0x9800
4544 Reg write s7=ffffffff98000000
4545 PC=0x98000000403fe048 [00000000403fe048]	0017bc38 dsll   $s7,$s7,16
4545 Reg write s7=ffff980000000000
4546 PC=0x98000000403fe04c [00000000403fe04c]	36f74520 ori    $s7,$s7,0x4520
4546 Reg write s7=ffff980000004520
4547 icache  36f74520 load  hit           pol=3 VA=98000000403fe050 PA=0403fe050 line=02 hitv=01000000 ro=70123456 tag=0403fe V=01111111 L=00000000
4547 PC=0x98000000403fe050 [00000000403fe050]	0017bc38 dsll   $s7,$s7,16
4547 Reg write s7=9800000045200000
4548 PC=0x98000000403fe054 [00000000403fe054]	36f7553d ori    $s7,$s7,0x553d
4548 Reg write s7=980000004520553d
4549 PC=0x98000000403fe058 [00000000403fe058]	92eeac44 lbu    $t6,0xffffac44($s7)
[va=9800000045200181 pa=0000000045200181]
4549 dcache  92eeac44 load  hit           pol=3 VA=9800000045200181 PA=045200180 line=0c hitv=01000000 ro=52467103 tag=045200 V=11111111 W=00000000 L=00000000
4549 Reg write t6=00000000000000c7
4550 PC=0x98000000403fe05c [00000000403fe05c]	3c029800 lui    $v0,0x9800
4550 Reg write v0=ffffffff98000000
4551 icache  3c029800 load  miss refill   pol=3 VA=98000000403fe060 PA=0403fe060 line=03 hitv=00000000 ro=67012345 tag=000000 V=00111111 L=00000000
4551 PC=0x98000000403fe060 [00000000403fe060]	00021438 dsll   $v0,$v0,16
4551 Reg write v0=ffff980000000000
4552 PC=0x98000000403fe064 [00000000403fe064]	34425180 ori    $v0,$v0,0x5180
4552 Reg write v0=ffff980000005180
4553 PC=0x98000000403fe068 [00000000403fe068]	00021438 dsll   $v0,$v0,16
4553 Reg write v0=9800000051800000
4554 PC=0x98000000403fe06c [00000000403fe06c]	34426f85 ori    $v0,$v0,0x6f85
4554 Reg write v0=9800000051806f85
4555 icache  34426f85 load  hit           pol=3 VA=98000000403fe070 PA=0403fe070 line=03 hitv=01000000 ro=70123456 tag=0403fe V=01111111 L=00000000
4555 PC=0x98000000403fe070 [00000000403fe070]	a0499201 sb     $t1,0xffff9201($v0)
[va=9800000051800186 pa=0000000051800186]
4555 dcache  a0499201 store miss w/alloc  pol=3 VA=9800000051800186 PA=051800180 line=0c hitv=00000000 ro=52471036 tag=000000 V=11111111 W=00000000 L=00000000
4555 scache  a0499201 store miss w/alloc  pol=3 VA=9800000051800186 PA=051800180 line=00c hitv=0000 ro=0213 tag=00000 V=1111 W=0001 data=000000000000e500 mask=00000010
4555 dmemacc: store 8 addr=04d200180 data=fbac9527ceff808a mask=11111111 cline 
4555 dmemacc: store 8 addr=04d200188 data=70bbe2a28d05f446 mask=11111111 cline 
4555 dmemacc: store 8 addr=04d200190 data=980000004d1fff90 mask=11111111 cline 
4555 dmemacc: store 8 addr=04d200198 data=4e7aad01c6b4c277 mask=11111111 cline 
4556 PC=0x98000000403fe074 [00000000403fe074]	3c069800 lui    $a2,0x9800
4556 Reg write a2=ffffffff98000000
4557 PC=0x98000000403fe078 [00000000403fe078]	00063438 dsll   $a2,$a2,16
4557 Reg write a2=ffff980000000000
4558 PC=0x98000000403fe07c [00000000403fe07c]	34c64220 ori    $a2,$a2,0x4220
4558 Reg write a2=ffff980000004220
4559 icache  34c64220 load  miss refill   pol=3 VA=98000000403fe080 PA=0403fe080 line=04 hitv=00000000 ro=67012345 tag=000000 V=00111111 L=00000000
4559 PC=0x98000000403fe080 [00000000403fe080]	00063438 dsll   $a2,$a2,16
4559 Reg write a2=9800000042200000
4560 PC=0x98000000403fe084 [00000000403fe084]	34c62361 ori    $a2,$a2,0x2361
4560 Reg write a2=9800000042202361
4561 PC=0x98000000403fe088 [00000000403fe088]	9cd2de33 lwu    $s2,0xffffde33($a2)
[va=9800000042200194 pa=0000000042200194]
4561 dcache  9cd2de33 load  miss refill   pol=3 VA=9800000042200194 PA=042200190 line=0c hitv=00000000 ro=24710365 tag=000000 V=11111111 W=00000000 L=00000000
4561 scache  9cd2de33 load  miss refill   pol=3 VA=9800000042200194 PA=042200180 line=00c hitv=0000 ro=2130 tag=00000 V=1111 W=0001
4561 Reg write s2=00000000c3adc127
4562 PC=0x98000000403fe08c [00000000403fe08c]	3c069800 lui    $a2,0x9800
4562 Reg write a2=ffffffff98000000
4563 icache  3c069800 load  hit           pol=3 VA=98000000403fe090 PA=0403fe090 line=04 hitv=01000000 ro=70123456 tag=0403fe V=01111111 L=00000000
4563 PC=0x98000000403fe090 [00000000403fe090]	00063438 dsll   $a2,$a2,16
4563 Reg write a2=ffff980000000000
4564 PC=0x98000000403fe094 [00000000403fe094]	34c6501f ori    $a2,$a2,0x501f
4564 Reg write a2=ffff98000000501f
4565 PC=0x98000000403fe098 [00000000403fe098]	00063438 dsll   $a2,$a2,16
4565 Reg write a2=98000000501f0000
4566 PC=0x98000000403fe09c [00000000403fe09c]	34c6fdef ori    $a2,$a2,0xfdef
4566 Reg write a2=98000000501ffdef
4567 icache  34c6fdef load  miss refill   pol=3 VA=98000000403fe0a0 PA=0403fe0a0 line=05 hitv=00000000 ro=70123546 tag=000000 V=01111111 L=00000000
4567 PC=0x98000000403fe0a0 [00000000403fe0a0]	8cd80111 lw     $t8,0x111($a2)
[va=98000000501fff00 pa=00000000501fff00]
4567 dcache  8cd80111 load  miss refill   pol=3 VA=98000000501fff00 PA=0501fff00 line=78 hitv=00000000 ro=71203546 tag=000000 V=11111111 W=00000000 L=00000000
4567 scache  8cd80111 load  miss refill   pol=3 VA=98000000501fff00 PA=0501fff00 line=ff8 hitv=0000 ro=3012 tag=00000 V=1111 W=0010
4567 Reg write t8=00000000706da052
4568 PC=0x98000000403fe0a4 [00000000403fe0a4]	3c049800 lui    $a0,0x9800
4568 Reg write a0=ffffffff98000000
4569 PC=0x98000000403fe0a8 [00000000403fe0a8]	00042438 dsll   $a0,$a0,16
4569 Reg write a0=ffff980000000000
4570 PC=0x98000000403fe0ac [00000000403fe0ac]	34844cdf ori    $a0,$a0,0x4cdf
4570 Reg write a0=ffff980000004cdf
4571 icache  34844cdf load  hit           pol=3 VA=98000000403fe0b0 PA=0403fe0b0 line=05 hitv=10000000 ro=01235467 tag=0403fe V=11111111 L=00000000
4571 PC=0x98000000403fe0b0 [00000000403fe0b0]	00042438 dsll   $a0,$a0,16
4571 Reg write a0=980000004cdf0000
4572 PC=0x98000000403fe0b4 [00000000403fe0b4]	3484ff10 ori    $a0,$a0,0xff10
4572 Reg write a0=980000004cdfff10
4573 PC=0x98000000403fe0b8 [00000000403fe0b8]	3c059800 lui    $a1,0x9800
4573 Reg write a1=ffffffff98000000
4574 PC=0x98000000403fe0bc [00000000403fe0bc]	00052c38 dsll   $a1,$a1,16
4574 Reg write a1=ffff980000000000
4575 icache  00052c38 load  miss refill   pol=3 VA=98000000403fe0c0 PA=0403fe0c0 line=06 hitv=00000000 ro=70123456 tag=000000 V=01111111 L=00000000
4575 PC=0x98000000403fe0c0 [00000000403fe0c0]	34a5585f ori    $a1,$a1,0x585f
4575 Reg write a1=ffff98000000585f
4576 PC=0x98000000403fe0c4 [00000000403fe0c4]	00052c38 dsll   $a1,$a1,16
4576 Reg write a1=98000000585f0000
4577 PC=0x98000000403fe0c8 [00000000403fe0c8]	34a5ff70 ori    $a1,$a1,0xff70
4577 Reg write a1=98000000585fff70
4578 PC=0x98000000403fe0cc [00000000403fe0cc]	24060001 addiu  $a2,$r0,0x1
4578 Reg write a2=0000000000000001
4579 icache  24060001 load  hit           pol=3 VA=98000000403fe0d0 PA=0403fe0d0 line=06 hitv=10000000 ro=01234567 tag=0403fe V=11111111 L=00000000
4579 PC=0x98000000403fe0d0 [00000000403fe0d0]	fc89fff8 sd     $t1,0xfffffff8($a0)
[va=980000004cdfff08 pa=000000004cdfff08]
4579 dcache  fc89fff8 store miss w/alloc  pol=3 VA=980000004cdfff08 PA=04cdfff08 line=78 hitv=00000000 ro=12035467 tag=000000 V=11111111 W=00000000 L=00000000
4579 scache  fc89fff8 store miss w/alloc  pol=3 VA=980000004cdfff08 PA=04cdfff08 line=ff8 hitv=0000 ro=0123 tag=00000 V=1111 W=0010 data=9800000041701ee5 mask=11111111
4580 PC=0x98000000403fe0d4 [00000000403fe0d4]	dca80000 ld     $t0,0x0($a1)
[va=98000000585fff70 pa=00000000585fff70]
4580 dcache  dca80000 load  miss refill   pol=3 VA=98000000585fff70 PA=0585fff70 line=7b hitv=00000000 ro=60524317 tag=000000 V=11111111 W=00000000 L=00000000
4580 scache  dca80000 load  miss refill   pol=3 VA=98000000585fff70 PA=0585fff60 line=ffb hitv=0000 ro=2031 tag=00000 V=1111 W=0101
4580 dmemacc: store 8 addr=0504fff60 data=98000000504fff30 mask=11111111 cline 
4580 dmemacc: store 8 addr=0504fff68 data=e7be1dfd245f5603 mask=11111111 cline 
4580 dmemacc: store 8 addr=0504fff70 data=6666666666666666 mask=11111111 cline 
4580 dmemacc: store 8 addr=0504fff78 data=0000000000000000 mask=11111111 cline 
4580 Reg write t0=2f98c457abb2c777
4581 PC=0x98000000403fe0d8 [00000000403fe0d8]	fc8cffe0 sd     $t4,0xffffffe0($a0)
[va=980000004cdffef0 pa=000000004cdffef0]
4581 dcache  fc8cffe0 store miss w/alloc  pol=3 VA=980000004cdffef0 PA=04cdffef0 line=77 hitv=00000000 ro=45670123 tag=000000 V=00001111 W=00000000 L=00000000
4581 scache  fc8cffe0 store miss w/alloc  pol=3 VA=980000004cdffef0 PA=04cdffef0 line=ff7 hitv=0000 ro=0123 tag=00000 V=1111 W=1111 data=98000000515fe1b3 mask=11111111
4581 dmemacc: store 8 addr=0414ffee0 data=00000000000049bb mask=11111111 cline 
4581 dmemacc: store 8 addr=0414ffee8 data=0000000000000000 mask=11111111 cline 
4581 dmemacc: store 8 addr=0414ffef0 data=0000000000007411 mask=11111111 cline 
4581 dmemacc: store 8 addr=0414ffef8 data=0000000000000000 mask=11111111 cline 
4582 PC=0x98000000403fe0dc [00000000403fe0dc]	64c6ffff daddiu $a2,$a2,0xffff
4582 Reg write a2=0000000000000000
4583 icache  64c6ffff load  miss refill   pol=3 VA=98000000403fe0e0 PA=0403fe0e0 line=07 hitv=00000000 ro=56701234 tag=000000 V=00011111 L=00000000
4583 PC=0x98000000403fe0e0 [00000000403fe0e0]	fc88fff0 sd     $t0,0xfffffff0($a0)
[va=980000004cdfff00 pa=000000004cdfff00]
4583 dcache  fc88fff0 store hit           pol=3 VA=980000004cdfff00 PA=04cdfff00 line=78 hitv=00000010 ro=20354671 tag=04cdff V=11111111 W=00000000 L=00000000
4583 scache  fc88fff0 store hit           pol=3 VA=980000004cdfff00 PA=04cdfff00 line=ff8 hitv=0001 ro=1230 tag=0266f V=1111 W=0011 data=2f98c457abb2c777 mask=11111111
4584 PC=0x98000000403fe0e4 [00000000403fe0e4]	dcab0018 ld     $t3,0x18($a1)
[va=98000000585fff88 pa=00000000585fff88]
4584 dcache  dcab0018 load  miss refill   pol=3 VA=98000000585fff88 PA=0585fff88 line=7c hitv=00000000 ro=54201736 tag=000000 V=11111111 W=00000000 L=00000000
4584 scache  dcab0018 load  miss refill   pol=3 VA=98000000585fff88 PA=0585fff80 line=ffc hitv=0000 ro=3012 tag=00000 V=1111 W=0101
4584 Reg write t3=6a489b56ae01901c
4585 PC=0x98000000403fe0e8 [00000000403fe0e8]	fc8bffd8 sd     $t3,0xffffffd8($a0)
[va=980000004cdffee8 pa=000000004cdffee8]
4585 dcache  fc8bffd8 store hit           pol=3 VA=980000004cdffee8 PA=04cdffee8 line=77 hitv=00010000 ro=56701234 tag=04cdff V=00011111 W=00000000 L=00000000
4585 scache  fc8bffd8 store hit           pol=3 VA=980000004cdffee8 PA=04cdffee8 line=ff7 hitv=0001 ro=1230 tag=0266f V=1111 W=1111 data=6a489b56ae01901c mask=11111111
4586 PC=0x98000000403fe0ec [00000000403fe0ec]	64a50040 daddiu $a1,$a1,0x40
4586 Reg write a1=98000000585fffb0
4587 icache  64a50040 load  hit           pol=3 VA=98000000403fe0f0 PA=0403fe0f0 line=07 hitv=00100000 ro=67012345 tag=0403fe V=00111111 L=00000000
4587 PC=0x98000000403fe0f0 [00000000403fe0f0]	dcac0020 ld     $t4,0x20($a1)
[va=98000000585fffd0 pa=00000000585fffd0]
4587 dcache  dcac0020 load  miss refill   pol=3 VA=98000000585fffd0 PA=0585fffd0 line=7e hitv=00000000 ro=06152347 tag=000000 V=11111111 W=00000000 L=00000000
4587 scache  dcac0020 load  miss refill   pol=3 VA=98000000585fffd0 PA=0585fffc0 line=ffe hitv=0000 ro=1023 tag=00000 V=1111 W=1011
4587 dmemacc: store 8 addr=04d1fffc0 data=bf42ba3dcc569f50 mask=11111111 cline 
4587 dmemacc: store 8 addr=04d1fffc8 data=9175bb9c7184358d mask=11111111 cline 
4587 dmemacc: store 8 addr=04d1fffd0 data=98000000451fcd12 mask=11111111 cline 
4587 dmemacc: store 8 addr=04d1fffd8 data=aaaaaaaaaaaaaaaa mask=11111111 cline 
4587 Reg write t4=0000000000000001
4588 PC=0x98000000403fe0f4 [00000000403fe0f4]	dca80030 ld     $t0,0x30($a1)
[va=98000000585fffe0 pa=00000000585fffe0]
4588 dcache  dca80030 load  miss refill   pol=3 VA=98000000585fffe0 PA=0585fffe0 line=7f hitv=00000000 ro=73042651 tag=000000 V=11111111 W=00000000 L=00000000
4588 scache  dca80030 load  miss refill   pol=3 VA=98000000585fffe0 PA=0585fffe0 line=fff hitv=0000 ro=2130 tag=00000 V=1111 W=1110
4588 dmemacc: store 8 addr=055afffe0 data=39dfaeef30e506d9 mask=11111111 cline 
4588 dmemacc: store 8 addr=055afffe8 data=1f2728489901bc5c mask=11111111 cline 
4588 dmemacc: store 8 addr=055affff0 data=1fffffffffffffff mask=11111111 cline 
4588 dmemacc: store 8 addr=055affff8 data=3333333333333333 mask=11111111 cline 
4588 Reg write t0=4590eb7783082f07
4589 PC=0x98000000403fe0f8 [00000000403fe0f8]	fc880000 sd     $t0,0x0($a0)
[va=980000004cdfff10 pa=000000004cdfff10]
4589 dcache  fc880000 store hit           pol=3 VA=980000004cdfff10 PA=04cdfff10 line=78 hitv=00000010 ro=20354671 tag=04cdff V=11111111 W=00000000 L=00000000
4589 scache  fc880000 store hit           pol=3 VA=980000004cdfff10 PA=04cdfff10 line=ff8 hitv=0001 ro=1230 tag=0266f V=1111 W=0011 data=4590eb7783082f07 mask=11111111
4590 PC=0x98000000403fe0fc [00000000403fe0fc]	fc8affd0 sd     $t2,0xffffffd0($a0)
[va=980000004cdffee0 pa=000000004cdffee0]
4590 dcache  fc8affd0 store hit           pol=3 VA=980000004cdffee0 PA=04cdffee0 line=77 hitv=00010000 ro=56701234 tag=04cdff V=00011111 W=00000000 L=00000000
4590 scache  fc8affd0 store hit           pol=3 VA=980000004cdffee0 PA=04cdffee0 line=ff7 hitv=0001 ro=1230 tag=0266f V=1111 W=1111 data=98000000403fe000 mask=11111111
4591 icache  fc8affd0 load  miss refill   pol=3 VA=98000000403fe100 PA=0403fe100 line=08 hitv=00000000 ro=56701234 tag=000000 V=00011111 L=00000000
4591 PC=0x98000000403fe100 [00000000403fe100]	dca90038 ld     $t1,0x38($a1)
[va=98000000585fffe8 pa=00000000585fffe8]
4591 dcache  dca90038 load  hit           pol=3 VA=98000000585fffe8 PA=0585fffe8 line=7f hitv=10000000 ro=30426517 tag=0585ff V=11111111 W=00000000 L=00000000
4591 Reg write t1=76da9e333eb3182a
4592 PC=0x98000000403fe104 [00000000403fe104]	dcaf0028 ld     $t7,0x28($a1)
[va=98000000585fffd8 pa=00000000585fffd8]
4592 dcache  dcaf0028 load  hit           pol=3 VA=98000000585fffd8 PA=0585fffd8 line=7e hitv=00000001 ro=61523470 tag=0585ff V=11111111 W=00000000 L=00000000
4592 Reg write t7=62f7534ef199c2d5
4593 PC=0x98000000403fe108 [00000000403fe108]	dca90008 ld     $t1,0x8($a1)
[va=98000000585fffb8 pa=00000000585fffb8]
4593 dcache  dca90008 load  miss refill   pol=3 VA=98000000585fffb8 PA=0585fffb8 line=7d hitv=00000000 ro=17452630 tag=000000 V=11111111 W=00000000 L=00000000
4593 scache  dca90008 load  miss refill   pol=3 VA=98000000585fffb8 PA=0585fffa0 line=ffd hitv=0000 ro=0213 tag=00000 V=1111 W=0111
4593 dmemacc: store 8 addr=04d1fffa0 data=1843c36657384879 mask=11111111 cline 
4593 dmemacc: store 8 addr=04d1fffa8 data=8e38e38e38e38e38 mask=11111111 cline 
4593 dmemacc: store 8 addr=04d1fffb0 data=9800000042202414 mask=11111111 cline 
4593 dmemacc: store 8 addr=04d1fffb8 data=2b43211c6ebed0cc mask=11111111 cline 
4593 Reg write t1=e88e460160396700
4594 PC=0x98000000403fe10c [00000000403fe10c]	64840040 daddiu $a0,$a0,0x40
4594 Reg write a0=980000004cdfff50
4595 icache  64840040 load  hit           pol=3 VA=98000000403fe110 PA=0403fe110 line=08 hitv=00100000 ro=67012345 tag=0403fe V=00111111 L=00000000
4595 PC=0x98000000403fe110 [00000000403fe110]	dcaa0010 ld     $t2,0x10($a1)
[va=98000000585fffc0 pa=00000000585fffc0]
4595 dcache  dcaa0010 load  hit           pol=3 VA=98000000585fffc0 PA=0585fffc0 line=7e hitv=00000001 ro=61523470 tag=0585ff V=11111111 W=00000000 L=00000000
4595 Reg write t2=8acdf7df23c2e136
4596 PC=0x98000000403fe114 [00000000403fe114]	fc8fffe8 sd     $t7,0xffffffe8($a0)
[va=980000004cdfff38 pa=000000004cdfff38]
4596 dcache  fc8fffe8 store miss w/alloc  pol=3 VA=980000004cdfff38 PA=04cdfff38 line=79 hitv=00000000 ro=23451670 tag=000000 V=11111111 W=00000000 L=00000000
4596 scache  fc8fffe8 store miss w/alloc  pol=3 VA=980000004cdfff38 PA=04cdfff38 line=ff9 hitv=0000 ro=1320 tag=00000 V=1111 W=0110 data=62f7534ef199c2d5 mask=11111111
4596 dmemacc: store 8 addr=0574fff20 data=8e9edf370af5374c mask=11111111 cline 
4596 dmemacc: store 8 addr=0574fff28 data=1b9aa06199331403 mask=11111111 cline 
4596 dmemacc: store 8 addr=0574fff30 data=930a72c0bec47aa1 mask=11111111 cline 
4596 dmemacc: store 8 addr=0574fff38 data=cdd0b5501089b94d mask=11111111 cline 
4597 PC=0x98000000403fe118 [00000000403fe118]	14c0ffed bne    $a2,$r0,0x98000000403fe0d0
4598 PC=0x98000000403fe11c [00000000403fe11c]	fc890008 sd     $t1,0x8($a0)
[va=980000004cdfff58 pa=000000004cdfff58]
4598 dcache  fc890008 store miss w/alloc  pol=3 VA=980000004cdfff58 PA=04cdfff58 line=7a hitv=00000000 ro=01435726 tag=000000 V=11111111 W=00000000 L=00000000
4598 scache  fc890008 store miss w/alloc  pol=3 VA=980000004cdfff58 PA=04cdfff58 line=ffa hitv=0000 ro=0312 tag=00000 V=1111 W=1100 data=e88e460160396700 mask=11111111
4599 icache  fc890008 load  miss refill   pol=3 VA=98000000403fe120 PA=0403fe120 line=09 hitv=00000000 ro=56701234 tag=000000 V=00011111 L=00000000
4599 PC=0x98000000403fe120 [00000000403fe120]	00000000 nop
4600 PC=0x98000000403fe124 [00000000403fe124]	34190013 ori    $t9,$r0,0x13
4600 Reg write t9=0000000000000013
4601 PC=0x98000000403fe128 [00000000403fe128]	0019cefc dsll32 $t9,$t9,27
4601 Reg write t9=9800000000000000
4602 PC=0x98000000403fe12c [00000000403fe12c]	3739bd6c ori    $t9,$t9,0xbd6c
4602 Reg write t9=980000000000bd6c
4603 icache  3739bd6c load  hit           pol=3 VA=98000000403fe130 PA=0403fe130 line=09 hitv=00100000 ro=67012345 tag=0403fe V=00111111 L=00000000
4603 PC=0x98000000403fe130 [00000000403fe130]	03200008 jr     $t9
4604 PC=0x98000000403fe134 [00000000403fe134]	00000000 nop
4605 icache  00000000 load  miss refill   pol=3 VA=980000000000bd6c PA=00000bd60 line=6b hitv=00000000 ro=23456701 tag=000000 V=00000011 L=00000000
4605 PC=0x980000000000bd6c [000000000000bd6c]	3c089800 lui    $t0,0x9800
4605 Reg write t0=ffffffff98000000
4606 icache  3c089800 load  hit           pol=3 VA=980000000000bd70 PA=00000bd70 line=6b hitv=00000100 ro=34567012 tag=00000b V=00000111 L=00000000
4606 PC=0x980000000000bd70 [000000000000bd70]	00084438 dsll   $t0,$t0,16
4606 Reg write t0=ffff980000000000
4607 PC=0x980000000000bd74 [000000000000bd74]	35085720 ori    $t0,$t0,0x5720
4607 Reg write t0=ffff980000005720
4608 PC=0x980000000000bd78 [000000000000bd78]	00084438 dsll   $t0,$t0,16
4608 Reg write t0=9800000057200000
4609 PC=0x980000000000bd7c [000000000000bd7c]	35080050 ori    $t0,$t0,0x50
4609 Reg write t0=9800000057200050
4610 icache  35080050 load  miss refill   pol=3 VA=980000000000bd80 PA=00000bd80 line=6c hitv=00000000 ro=23456710 tag=000000 V=00000011 L=00000000
4610 PC=0x980000000000bd80 [000000000000bd80]	240a0004 addiu  $t2,$r0,0x4
4610 Reg write t2=0000000000000004
4611 PC=0x980000000000bd84 [000000000000bd84]	850b0000 lh     $t3,0x0($t0)
[va=9800000057200050 pa=0000000057200050]
4611 dcache  850b0000 load  miss refill   pol=3 VA=9800000057200050 PA=057200050 line=02 hitv=00000000 ro=16247350 tag=000000 V=11111111 W=00000000 L=00000000
4611 scache  850b0000 load  miss refill   pol=3 VA=9800000057200050 PA=057200040 line=002 hitv=0000 ro=2130 tag=00000 V=1111 W=0101
4611 dmemacc: store 8 addr=04d200040 data=07ed32d2bb912a4c mask=11111111 cline 
4611 dmemacc: store 8 addr=04d200048 data=7fffffffffffffff mask=11111111 cline 
4611 dmemacc: store 8 addr=04d200050 data=9800000050506e2b mask=11111111 cline 
4611 dmemacc: store 8 addr=04d200058 data=fffc000000000000 mask=11111111 cline 
4611 Reg write t3=0000000000000000
4612 PC=0x980000000000bd88 [000000000000bd88]	8d0b0010 lw     $t3,0x10($t0)
[va=9800000057200060 pa=0000000057200060]
4612 dcache  8d0b0010 load  miss refill   pol=3 VA=9800000057200060 PA=057200060 line=03 hitv=00000000 ro=10324567 tag=000000 V=11111111 W=00000000 L=00000000
4612 scache  8d0b0010 load  miss refill   pol=3 VA=9800000057200060 PA=057200060 line=003 hitv=0000 ro=1203 tag=00000 V=1111 W=0011
4612 dmemacc: store 8 addr=04d200060 data=41831dc3c4f1caeb mask=11111111 cline 
4612 dmemacc: store 8 addr=04d200068 data=f03f03f03f03f03f mask=11111111 cline 
4612 dmemacc: store 8 addr=04d200070 data=98000000511fd655 mask=11111111 cline 
4612 dmemacc: store 8 addr=04d200078 data=0000000000000000 mask=11111111 cline 
4612 Reg write t3=ffffffffc6c7c97d
4613 PC=0x980000000000bd8c [000000000000bd8c]	254affff addiu  $t2,$t2,0xffff
4613 Reg write t2=0000000000000003
4614 icache  254affff load  hit           pol=3 VA=980000000000bd90 PA=00000bd90 line=6c hitv=00000100 ro=34567102 tag=00000b V=00000111 L=00000000
4614 PC=0x980000000000bd90 [000000000000bd90]	1540fffc bne    $t2,$r0,0x980000000000bd84
4615 PC=0x980000000000bd94 [000000000000bd94]	6508ffe0 daddiu $t0,$t0,0xffe0
4615 Reg write t0=9800000057200030
4616 icache  6508ffe0 load  hit           pol=3 VA=980000000000bd84 PA=00000bd80 line=6c hitv=00000100 ro=34567102 tag=00000b V=00000111 L=00000000
4616 PC=0x980000000000bd84 [000000000000bd84]	850b0000 lh     $t3,0x0($t0)
[va=9800000057200030 pa=0000000057200030]
4616 dcache  850b0000 load  miss refill   pol=3 VA=9800000057200030 PA=057200030 line=01 hitv=00000000 ro=23715406 tag=000000 V=11111111 W=00000000 L=00000000
4616 scache  850b0000 load  miss refill   pol=3 VA=9800000057200030 PA=057200020 line=001 hitv=0000 ro=3021 tag=00000 V=1111 W=0101
4616 Reg write t3=ffffffffffffb2f6
4617 PC=0x980000000000bd88 [000000000000bd88]	8d0b0010 lw     $t3,0x10($t0)
[va=9800000057200040 pa=0000000057200040]
4617 dcache  8d0b0010 load  hit           pol=3 VA=9800000057200040 PA=057200040 line=02 hitv=00000010 ro=62473501 tag=057200 V=11111111 W=00000000 L=00000000
4617 Reg write t3=ffffffffa4a18e57
4618 PC=0x980000000000bd8c [000000000000bd8c]	254affff addiu  $t2,$t2,0xffff
4618 Reg write t2=0000000000000002
4619 icache  254affff load  hit           pol=3 VA=980000000000bd90 PA=00000bd90 line=6c hitv=00000100 ro=34567102 tag=00000b V=00000111 L=00000000
4619 PC=0x980000000000bd90 [000000000000bd90]	1540fffc bne    $t2,$r0,0x980000000000bd84
4620 PC=0x980000000000bd94 [000000000000bd94]	6508ffe0 daddiu $t0,$t0,0xffe0
4620 Reg write t0=9800000057200010
4621 icache  6508ffe0 load  hit           pol=3 VA=980000000000bd84 PA=00000bd80 line=6c hitv=00000100 ro=34567102 tag=00000b V=00000111 L=00000000
4621 PC=0x980000000000bd84 [000000000000bd84]	850b0000 lh     $t3,0x0($t0)
[va=9800000057200010 pa=0000000057200010]
4621 dcache  850b0000 load  miss refill   pol=3 VA=9800000057200010 PA=057200010 line=00 hitv=00000000 ro=17432650 tag=000000 V=11111111 W=00000000 L=00000000
4621 scache  850b0000 load  miss refill   pol=3 VA=9800000057200010 PA=057200000 line=000 hitv=0000 ro=2130 tag=00000 V=1111 W=1001
4621 Reg write t3=ffffffffffff8000
4622 PC=0x980000000000bd88 [000000000000bd88]	8d0b0010 lw     $t3,0x10($t0)
[va=9800000057200020 pa=0000000057200020]
4622 dcache  8d0b0010 load  hit           pol=3 VA=9800000057200020 PA=057200020 line=01 hitv=00000100 ro=37154062 tag=057200 V=11111111 W=00000000 L=00000000
4622 Reg write t3=ffffffffa5d0e7ee
4623 PC=0x980000000000bd8c [000000000000bd8c]	254affff addiu  $t2,$t2,0xffff
4623 Reg write t2=0000000000000001
4624 icache  254affff load  hit           pol=3 VA=980000000000bd90 PA=00000bd90 line=6c hitv=00000100 ro=34567102 tag=00000b V=00000111 L=00000000
4624 PC=0x980000000000bd90 [000000000000bd90]	1540fffc bne    $t2,$r0,0x980000000000bd84
4625 PC=0x980000000000bd94 [000000000000bd94]	6508ffe0 daddiu $t0,$t0,0xffe0
4625 Reg write t0=98000000571ffff0
4626 icache  6508ffe0 load  hit           pol=3 VA=980000000000bd84 PA=00000bd80 line=6c hitv=00000100 ro=34567102 tag=00000b V=00000111 L=00000000
4626 PC=0x980000000000bd84 [000000000000bd84]	850b0000 lh     $t3,0x0($t0)
[va=98000000571ffff0 pa=00000000571ffff0]
4626 dcache  850b0000 load  miss refill   pol=3 VA=98000000571ffff0 PA=0571ffff0 line=7f hitv=00000000 ro=30426517 tag=000000 V=11111111 W=00000000 L=00000000
4626 scache  850b0000 load  miss refill   pol=3 VA=98000000571ffff0 PA=0571fffe0 line=fff hitv=0000 ro=1302 tag=00000 V=1111 W=1010
4626 dmemacc: store 8 addr=04d1fffe0 data=ac649e14500d0076 mask=11111111 cline 
4626 dmemacc: store 8 addr=04d1fffe8 data=2ad109ba88a49505 mask=11111111 cline 
4626 dmemacc: store 8 addr=04d1ffff0 data=98000000437f9cff mask=11111111 cline 
4626 dmemacc: store 8 addr=04d1ffff8 data=8e38e38e38e38e38 mask=11111111 cline 
4626 Reg write t3=ffffffffffff8000
4627 PC=0x980000000000bd88 [000000000000bd88]	8d0b0010 lw     $t3,0x10($t0)
[va=9800000057200000 pa=0000000057200000]
4627 dcache  8d0b0010 load  hit           pol=3 VA=9800000057200000 PA=057200000 line=00 hitv=00000010 ro=74326501 tag=057200 V=11111111 W=00000000 L=00000000
4627 Reg write t3=00000000681dad62
4628 PC=0x980000000000bd8c [000000000000bd8c]	254affff addiu  $t2,$t2,0xffff
4628 Reg write t2=0000000000000000
4629 icache  254affff load  hit           pol=3 VA=980000000000bd90 PA=00000bd90 line=6c hitv=00000100 ro=34567102 tag=00000b V=00000111 L=00000000
4629 PC=0x980000000000bd90 [000000000000bd90]	1540fffc bne    $t2,$r0,0x980000000000bd84
4630 PC=0x980000000000bd94 [000000000000bd94]	6508ffe0 daddiu $t0,$t0,0xffe0
4630 Reg write t0=98000000571fffd0
4631 PC=0x980000000000bd98 [000000000000bd98]	3c1e9800 lui    $s8,0x9800
4631 Reg write s8=ffffffff98000000
4632 PC=0x980000000000bd9c [000000000000bd9c]	001ef438 dsll   $s8,$s8,16
4632 Reg write s8=ffff980000000000
4633 icache  001ef438 load  miss refill   pol=3 VA=980000000000bda0 PA=00000bda0 line=6d hitv=00000000 ro=23456710 tag=000000 V=00000011 L=00000000
4633 PC=0x980000000000bda0 [000000000000bda0]	37de4170 ori    $s8,$s8,0x4170
4633 Reg write s8=ffff980000004170
4634 PC=0x980000000000bda4 [000000000000bda4]	001ef438 dsll   $s8,$s8,16
4634 Reg write s8=9800000041700000
4635 PC=0x980000000000bda8 [000000000000bda8]	37de1a9d ori    $s8,$s8,0x1a9d
4635 Reg write s8=9800000041701a9d
4636 PC=0x980000000000bdac [000000000000bdac]	97cfe463 lhu    $t7,0xffffe463($s8)
[va=98000000416fff00 pa=00000000416fff00]
4636 dcache  97cfe463 load  miss refill   pol=3 VA=98000000416fff00 PA=0416fff00 line=78 hitv=00000000 ro=20354671 tag=000000 V=11111111 W=00000000 L=00000000
4636 scache  97cfe463 load  miss refill   pol=3 VA=98000000416fff00 PA=0416fff00 line=ff8 hitv=0000 ro=1230 tag=00000 V=1111 W=0011
4636 dmemacc: store 8 addr=0567fff00 data=03fe00ff803fe00f mask=11111111 cline 
4636 dmemacc: store 8 addr=0567fff08 data=c0eba6ee6877261d mask=11111111 cline 
4636 dmemacc: store 8 addr=0567fff10 data=0000000000000000 mask=11111111 cline 
4636 dmemacc: store 8 addr=0567fff18 data=f38e57a3828dadf2 mask=11111111 cline 
4636 Reg write t7=000000000000d35e
4637 icache  97cfe463 load  hit           pol=3 VA=980000000000bdb0 PA=00000bdb0 line=6d hitv=00000100 ro=34567102 tag=00000b V=00000111 L=00000000
4637 PC=0x980000000000bdb0 [000000000000bdb0]	3c0b9800 lui    $t3,0x9800
4637 Reg write t3=ffffffff98000000
4638 PC=0x980000000000bdb4 [000000000000bdb4]	000b5c38 dsll   $t3,$t3,16
4638 Reg write t3=ffff980000000000
4639 PC=0x980000000000bdb8 [000000000000bdb8]	356b414f ori    $t3,$t3,0x414f
4639 Reg write t3=ffff98000000414f
4640 PC=0x980000000000bdbc [000000000000bdbc]	000b5c38 dsll   $t3,$t3,16
4640 Reg write t3=98000000414f0000
4641 icache  000b5c38 load  miss refill   pol=3 VA=980000000000bdc0 PA=00000bdc0 line=6e hitv=00000000 ro=12345670 tag=000000 V=00000001 L=00000000
4641 PC=0x980000000000bdc0 [000000000000bdc0]	356bdea7 ori    $t3,$t3,0xdea7
4641 Reg write t3=98000000414fdea7
4642 PC=0x980000000000bdc4 [000000000000bdc4]	856f20f1 lh     $t7,0x20f1($t3)
[va=98000000414fff98 pa=00000000414fff98]
4642 dcache  856f20f1 load  miss refill   pol=3 VA=98000000414fff98 PA=0414fff98 line=7c hitv=00000000 ro=42017365 tag=000000 V=11111111 W=00000000 L=00000000
4642 scache  856f20f1 load  miss refill   pol=3 VA=98000000414fff98 PA=0414fff80 line=ffc hitv=0000 ro=0123 tag=00000 V=1111 W=0101
4642 dmemacc: store 8 addr=04d1fff80 data=a5e8b24df1005631 mask=11111111 cline 
4642 dmemacc: store 8 addr=04d1fff88 data=cdb21076e4dab401 mask=11111111 cline 
4642 dmemacc: store 8 addr=04d1fff90 data=0000000000000055 mask=11111111 cline 
4642 dmemacc: store 8 addr=04d1fff98 data=98000000515fb3ff mask=11111111 cline 
4642 Reg write t7=000000000000735e
4643 PC=0x980000000000bdc8 [000000000000bdc8]	3c0d9800 lui    $t5,0x9800
4643 Reg write t5=ffffffff98000000
4644 PC=0x980000000000bdcc [000000000000bdcc]	000d6c38 dsll   $t5,$t5,16
4644 Reg write t5=ffff980000000000
4645 icache  000d6c38 load  hit           pol=3 VA=980000000000bdd0 PA=00000bdd0 line=6e hitv=00000010 ro=23456701 tag=00000b V=00000011 L=00000000
4645 PC=0x980000000000bdd0 [000000000000bdd0]	35ad4027 ori    $t5,$t5,0x4027
4645 Reg write t5=ffff980000004027
4646 PC=0x980000000000bdd4 [000000000000bdd4]	000d6c38 dsll   $t5,$t5,16
4646 Reg write t5=9800000040270000
4647 PC=0x980000000000bdd8 [000000000000bdd8]	35ada1a8 ori    $t5,$t5,0xa1a8
4647 Reg write t5=980000004027a1a8
4648 PC=0x980000000000bddc [000000000000bddc]	91b15eb4 lbu    $s1,0x5eb4($t5)
[va=980000004028005c pa=000000004028005c]
4648 dcache  91b15eb4 load  miss refill   pol=3 VA=980000004028005c PA=040280058 line=02 hitv=00000000 ro=62473501 tag=000000 V=11111111 W=00000000 L=00000000
4648 scache  91b15eb4 load  miss refill   pol=3 VA=980000004028005c PA=040280040 line=002 hitv=0000 ro=1302 tag=00000 V=1111 W=0001
4648 Reg write s1=000000000000000e
4649 icache  91b15eb4 load  miss refill   pol=3 VA=980000000000bde0 PA=00000bde0 line=6f hitv=00000000 ro=12345670 tag=000000 V=00000001 L=00000000
4649 PC=0x980000000000bde0 [000000000000bde0]	3c099800 lui    $t1,0x9800
4649 Reg write t1=ffffffff98000000
4650 PC=0x980000000000bde4 [000000000000bde4]	00094c38 dsll   $t1,$t1,16
4650 Reg write t1=ffff980000000000
4651 PC=0x980000000000bde8 [000000000000bde8]	35294250 ori    $t1,$t1,0x4250
4651 Reg write t1=ffff980000004250
4652 PC=0x980000000000bdec [000000000000bdec]	00094c38 dsll   $t1,$t1,16
4652 Reg write t1=9800000042500000
4653 icache  00094c38 load  hit           pol=3 VA=980000000000bdf0 PA=00000bdf0 line=6f hitv=00000010 ro=23456701 tag=00000b V=00000011 L=00000000
4653 PC=0x980000000000bdf0 [000000000000bdf0]	352904b3 ori    $t1,$t1,0x4b3
4653 Reg write t1=98000000425004b3
4654 PC=0x980000000000bdf4 [000000000000bdf4]	8136fa61 lb     $s6,0xfffffa61($t1)
[va=98000000424fff14 pa=00000000424fff14]
4654 dcache  8136fa61 load  miss refill   pol=3 VA=98000000424fff14 PA=0424fff10 line=78 hitv=00000000 ro=03546712 tag=000000 V=11111111 W=00000000 L=00000000
4654 scache  8136fa61 load  miss refill   pol=3 VA=98000000424fff14 PA=0424fff00 line=ff8 hitv=0000 ro=2301 tag=00000 V=1111 W=0001
4654 Reg write s6=000000000000005f
4655 PC=0x980000000000bdf8 [000000000000bdf8]	3c099800 lui    $t1,0x9800
4655 Reg write t1=ffffffff98000000
4656 PC=0x980000000000bdfc [000000000000bdfc]	00094c38 dsll   $t1,$t1,16
4656 Reg write t1=ffff980000000000
4657 icache  00094c38 load  miss refill   pol=3 VA=980000000000be00 PA=00000be00 line=70 hitv=00000000 ro=12345670 tag=000000 V=00000001 L=00000000
4657 PC=0x980000000000be00 [000000000000be00]	3529421f ori    $t1,$t1,0x421f
4657 Reg write t1=ffff98000000421f
4658 PC=0x980000000000be04 [000000000000be04]	00094c38 dsll   $t1,$t1,16
4658 Reg write t1=98000000421f0000
4659 PC=0x980000000000be08 [000000000000be08]	3529aa90 ori    $t1,$t1,0xaa90
4659 Reg write t1=98000000421faa90
4660 PC=0x980000000000be0c [000000000000be0c]	ad2f56c0 sw     $t7,0x56c0($t1)
[va=9800000042200150 pa=0000000042200150]
4660 dcache  ad2f56c0 store miss w/alloc  pol=3 VA=9800000042200150 PA=042200150 line=0a hitv=00000000 ro=07425136 tag=000000 V=11111111 W=00000000 L=00000000
4660 scache  ad2f56c0 store miss w/alloc  pol=3 VA=9800000042200150 PA=042200150 line=00a hitv=0000 ro=1230 tag=00000 V=1111 W=1010 data=0000735e00000000 mask=11110000
4660 dmemacc: store 8 addr=055b00140 data=d5a0ec54a8235790 mask=11111111 cline 
4660 dmemacc: store 8 addr=055b00148 data=3cc45e16467c307a mask=11111111 cline 
4660 dmemacc: store 8 addr=055b00150 data=cf0ded4bc7960c66 mask=11111111 cline 
4660 dmemacc: store 8 addr=055b00158 data=0aa1e30da1310f58 mask=11111111 cline 
4661 icache  ad2f56c0 load  hit           pol=3 VA=980000000000be10 PA=00000be10 line=70 hitv=00000010 ro=23456701 tag=00000b V=00000011 L=00000000
4661 PC=0x980000000000be10 [000000000000be10]	08002fc0 j      0x980000000000bf00
4662 PC=0x980000000000be14 [000000000000be14]	3c159800 lui    $s5,0x9800
4662 Reg write s5=ffffffff98000000
4663 icache  3c159800 load  miss refill   pol=3 VA=980000000000bf00 PA=00000bf00 line=78 hitv=00000000 ro=12345670 tag=000000 V=00000001 L=00000000
4663 PC=0x980000000000bf00 [000000000000bf00]	0015ac38 dsll   $s5,$s5,16
4663 Reg write s5=ffff980000000000
4664 PC=0x980000000000bf04 [000000000000bf04]	36b5421f ori    $s5,$s5,0x421f
4664 Reg write s5=ffff98000000421f
4665 PC=0x980000000000bf08 [000000000000bf08]	0015ac38 dsll   $s5,$s5,16
4665 Reg write s5=98000000421f0000
4666 PC=0x980000000000bf0c [000000000000bf0c]	36b5e2e8 ori    $s5,$s5,0xe2e8
4666 Reg write s5=98000000421fe2e8
4667 icache  36b5e2e8 load  hit           pol=3 VA=980000000000bf10 PA=00000bf10 line=78 hitv=00000010 ro=23456701 tag=00000b V=00000011 L=00000000
4667 PC=0x980000000000bf10 [000000000000bf10]	a2a51ec6 sb     $a1,0x1ec6($s5)
[va=98000000422001ae pa=00000000422001ae]
4667 dcache  a2a51ec6 store miss w/alloc  pol=3 VA=98000000422001ae PA=0422001a8 line=0d hitv=00000000 ro=67420135 tag=000000 V=11111111 W=00000000 L=00000000
4667 scache  a2a51ec6 store miss w/alloc  pol=3 VA=98000000422001ae PA=0422001a8 line=00d hitv=0000 ro=3012 tag=00000 V=1111 W=1110 data=000000000000b000 mask=00000010
4667 dmemacc: store 8 addr=0505001a0 data=70d4e0d988138d56 mask=11111111 cline 
4667 dmemacc: store 8 addr=0505001a8 data=cbc85a8e0be67d2f mask=11111111 cline 
4667 dmemacc: store 8 addr=0505001b0 data=2f98e30efc3b3a9d mask=11111111 cline 
4667 dmemacc: store 8 addr=0505001b8 data=98000000414fb8bb mask=11111111 cline 
4668 PC=0x980000000000bf14 [000000000000bf14]	3c109800 lui    $s0,0x9800
4668 Reg write s0=ffffffff98000000
4669 PC=0x980000000000bf18 [000000000000bf18]	00108438 dsll   $s0,$s0,16
4669 Reg write s0=ffff980000000000
4670 PC=0x980000000000bf1c [000000000000bf1c]	36104150 ori    $s0,$s0,0x4150
4670 Reg write s0=ffff980000004150
4671 icache  36104150 load  miss refill   pol=3 VA=980000000000bf20 PA=00000bf20 line=79 hitv=00000000 ro=12345670 tag=000000 V=00000001 L=00000000
4671 PC=0x980000000000bf20 [000000000000bf20]	00108438 dsll   $s0,$s0,16
4671 Reg write s0=9800000041500000
4672 PC=0x980000000000bf24 [000000000000bf24]	36106e12 ori    $s0,$s0,0x6e12
4672 Reg write s0=9800000041506e12
4673 PC=0x980000000000bf28 [000000000000bf28]	8e0993a6 lw     $t1,0xffff93a6($s0)
[va=98000000415001b8 pa=00000000415001b8]
4673 dcache  8e0993a6 load  miss refill   pol=3 VA=98000000415001b8 PA=0415001b8 line=0d hitv=00000000 ro=74201356 tag=000000 V=11111111 W=00000000 L=00000000
4673 scache  8e0993a6 load  miss refill   pol=3 VA=98000000415001b8 PA=0415001a0 line=00d hitv=0000 ro=0123 tag=00000 V=1111 W=1110
4673 Reg write t1=00000000660a6768
4674 PC=0x980000000000bf2c [000000000000bf2c]	3c099800 lui    $t1,0x9800
4674 Reg write t1=ffffffff98000000
4675 icache  3c099800 load  hit           pol=3 VA=980000000000bf30 PA=00000bf30 line=79 hitv=00000010 ro=23456701 tag=00000b V=00000011 L=00000000
4675 PC=0x980000000000bf30 [000000000000bf30]	00094c38 dsll   $t1,$t1,16
4675 Reg write t1=ffff980000000000
4676 PC=0x980000000000bf34 [000000000000bf34]	3529414f ori    $t1,$t1,0x414f
4676 Reg write t1=ffff98000000414f
4677 PC=0x980000000000bf38 [000000000000bf38]	00094c38 dsll   $t1,$t1,16
4677 Reg write t1=98000000414f0000
4678 PC=0x980000000000bf3c [000000000000bf3c]	3529d2cf ori    $t1,$t1,0xd2cf
4678 Reg write t1=98000000414fd2cf
4679 icache  3529d2cf load  miss refill   pol=3 VA=980000000000bf40 PA=00000bf40 line=7a hitv=00000000 ro=12345670 tag=000000 V=00000001 L=00000000
4679 PC=0x980000000000bf40 [000000000000bf40]	ad372ee9 sw     $s7,0x2ee9($t1)
[va=98000000415001b8 pa=00000000415001b8]
4679 dcache  ad372ee9 store hit           pol=3 VA=98000000415001b8 PA=0415001b8 line=0d hitv=10000000 ro=42013567 tag=041500 V=11111111 W=00000000 L=00000000
4679 scache  ad372ee9 store hit           pol=3 VA=98000000415001b8 PA=0415001b8 line=00d hitv=0001 ro=1230 tag=020a8 V=1111 W=1110 data=4520553d00000000 mask=11110000
4680 PC=0x980000000000bf44 [000000000000bf44]	3c0b9800 lui    $t3,0x9800
4680 Reg write t3=ffffffff98000000
4681 PC=0x980000000000bf48 [000000000000bf48]	000b5c38 dsll   $t3,$t3,16
4681 Reg write t3=ffff980000000000
4682 PC=0x980000000000bf4c [000000000000bf4c]	356b4028 ori    $t3,$t3,0x4028
4682 Reg write t3=ffff980000004028
4683 icache  356b4028 load  hit           pol=3 VA=980000000000bf50 PA=00000bf50 line=7a hitv=00000010 ro=23456701 tag=00000b V=00000011 L=00000000
4683 PC=0x980000000000bf50 [000000000000bf50]	000b5c38 dsll   $t3,$t3,16
4683 Reg write t3=9800000040280000
4684 PC=0x980000000000bf54 [000000000000bf54]	356b1832 ori    $t3,$t3,0x1832
4684 Reg write t3=9800000040281832
4685 PC=0x980000000000bf58 [000000000000bf58]	8168e7ba lb     $t0,0xffffe7ba($t3)
[va=980000004027ffec pa=000000004027ffec]
4685 dcache  8168e7ba load  miss refill   pol=3 VA=980000004027ffec PA=04027ffe8 line=7f hitv=00000000 ro=04265173 tag=000000 V=11111111 W=00000000 L=00000000
4685 scache  8168e7ba load  miss refill   pol=3 VA=980000004027ffec PA=04027ffe0 line=fff hitv=0000 ro=3021 tag=00000 V=1111 W=1000
4685 dmemacc: store 8 addr=0567fffe0 data=166062556baa723a mask=11111111 cline 
4685 dmemacc: store 8 addr=0567fffe8 data=ffffffffffffffff mask=11111111 cline 
4685 dmemacc: store 8 addr=0567ffff0 data=166062556baa723a mask=11111111 cline 
4685 dmemacc: store 8 addr=0567ffff8 data=ffffffffffffffff mask=11111111 cline 
4685 Reg write t0=fffffffffffffff8
4686 PC=0x980000000000bf5c [000000000000bf5c]	3c089800 lui    $t0,0x9800
4686 Reg write t0=ffffffff98000000
4687 icache  3c089800 load  miss refill   pol=3 VA=980000000000bf60 PA=00000bf60 line=7b hitv=00000000 ro=12345670 tag=000000 V=00000001 L=00000000
4687 PC=0x980000000000bf60 [000000000000bf60]	00084438 dsll   $t0,$t0,16
4687 Reg write t0=ffff980000000000
4688 PC=0x980000000000bf64 [000000000000bf64]	35084028 ori    $t0,$t0,0x4028
4688 Reg write t0=ffff980000004028
4689 PC=0x980000000000bf68 [000000000000bf68]	00084438 dsll   $t0,$t0,16
4689 Reg write t0=9800000040280000
4690 PC=0x980000000000bf6c [000000000000bf6c]	35082413 ori    $t0,$t0,0x2413
4690 Reg write t0=9800000040282413
4691 icache  35082413 load  hit           pol=3 VA=980000000000bf70 PA=00000bf70 line=7b hitv=00000010 ro=23456701 tag=00000b V=00000011 L=00000000
4691 PC=0x980000000000bf70 [000000000000bf70]	dd1ddbdd ld     $sp,0xffffdbdd($t0)
[va=980000004027fff0 pa=000000004027fff0]
4691 dcache  dd1ddbdd load  hit           pol=3 VA=980000004027fff0 PA=04027fff0 line=7f hitv=00000001 ro=42651730 tag=04027f V=11111111 W=00000000 L=00000000
4691 Reg write sp=5ff97a867ec6d716
4692 PC=0x980000000000bf74 [000000000000bf74]	3c0a9800 lui    $t2,0x9800
4692 Reg write t2=ffffffff98000000
4693 PC=0x980000000000bf78 [000000000000bf78]	000a5438 dsll   $t2,$t2,16
4693 Reg write t2=ffff980000000000
4694 PC=0x980000000000bf7c [000000000000bf7c]	354a4027 ori    $t2,$t2,0x4027
4694 Reg write t2=ffff980000004027
4695 icache  354a4027 load  miss refill   pol=3 VA=980000000000bf80 PA=00000bf80 line=7c hitv=00000000 ro=12345670 tag=000000 V=00000001 L=00000000
4695 PC=0x980000000000bf80 [000000000000bf80]	000a5438 dsll   $t2,$t2,16
4695 Reg write t2=9800000040270000
4696 PC=0x980000000000bf84 [000000000000bf84]	354ad8cd ori    $t2,$t2,0xd8cd
4696 Reg write t2=980000004027d8cd
4697 PC=0x980000000000bf88 [000000000000bf88]	854b271f lh     $t3,0x271f($t2)
[va=980000004027ffec pa=000000004027ffec]
4697 dcache  854b271f load  hit           pol=3 VA=980000004027ffec PA=04027ffe8 line=7f hitv=00000001 ro=42651730 tag=04027f V=11111111 W=00000000 L=00000000
4697 Reg write t3=fffffffffffff807
4698 PC=0x980000000000bf8c [000000000000bf8c]	3c189800 lui    $t8,0x9800
4698 Reg write t8=ffffffff98000000
4699 icache  3c189800 load  hit           pol=3 VA=980000000000bf90 PA=00000bf90 line=7c hitv=00000010 ro=23456701 tag=00000b V=00000011 L=00000000
4699 PC=0x980000000000bf90 [000000000000bf90]	0018c438 dsll   $t8,$t8,16
4699 Reg write t8=ffff980000000000
4700 PC=0x980000000000bf94 [000000000000bf94]	3718403f ori    $t8,$t8,0x403f
4700 Reg write t8=ffff98000000403f
4701 PC=0x980000000000bf98 [000000000000bf98]	0018c438 dsll   $t8,$t8,16
4701 Reg write t8=98000000403f0000
4702 PC=0x980000000000bf9c [000000000000bf9c]	3718e138 ori    $t8,$t8,0xe138
4702 Reg write t8=98000000403fe138
4703 icache  3718e138 load  hit           pol=3 VA=980000000000bfa0 PA=00000bfa0 line=7d hitv=00000001 ro=34567012 tag=00000b V=00000111 L=00000000
4703 PC=0x980000000000bfa0 [000000000000bfa0]	03000008 jr     $t8
4704 PC=0x980000000000bfa4 [000000000000bfa4]	3c0a9800 lui    $t2,0x9800
4704 Reg write t2=ffffffff98000000
4705 icache  3c0a9800 load  hit           pol=3 VA=98000000403fe138 PA=0403fe130 line=09 hitv=00100000 ro=67012345 tag=0403fe V=00111111 L=00000000
4705 PC=0x98000000403fe138 [00000000403fe138]	000a5438 dsll   $t2,$t2,16
4705 Reg write t2=ffff980000000000
4706 PC=0x98000000403fe13c [00000000403fe13c]	354a41af ori    $t2,$t2,0x41af
4706 Reg write t2=ffff9800000041af
4707 icache  354a41af load  miss refill   pol=3 VA=98000000403fe140 PA=0403fe140 line=0a hitv=00000000 ro=67013245 tag=000000 V=00111111 L=00000000
4707 PC=0x98000000403fe140 [00000000403fe140]	000a5438 dsll   $t2,$t2,16
4707 Reg write t2=9800000041af0000
4708 PC=0x98000000403fe144 [00000000403fe144]	354ab8fe ori    $t2,$t2,0xb8fe
4708 Reg write t2=9800000041afb8fe
4709 PC=0x98000000403fe148 [00000000403fe148]	a156476b sb     $s6,0x476b($t2)
[va=9800000041b00069 pa=0000000041b00069]
4709 dcache  a156476b store miss w/alloc  pol=3 VA=9800000041b00069 PA=041b00068 line=03 hitv=00000000 ro=03245671 tag=000000 V=11111111 W=00000000 L=00000000
4709 scache  a156476b store miss w/alloc  pol=3 VA=9800000041b00069 PA=041b00068 line=003 hitv=0000 ro=2031 tag=00000 V=1111 W=0001 data=005f000000000000 mask=01000000
4710 PC=0x98000000403fe14c [00000000403fe14c]	3c159800 lui    $s5,0x9800
4710 Reg write s5=ffffffff98000000
4711 icache  3c159800 load  hit           pol=3 VA=98000000403fe150 PA=0403fe150 line=0a hitv=01000000 ro=70132456 tag=0403fe V=01111111 L=00000000
4711 PC=0x98000000403fe150 [00000000403fe150]	0015ac38 dsll   $s5,$s5,16
4711 Reg write s5=ffff980000000000
4712 PC=0x98000000403fe154 [00000000403fe154]	36b5414f ori    $s5,$s5,0x414f
4712 Reg write s5=ffff98000000414f
4713 PC=0x98000000403fe158 [00000000403fe158]	0015ac38 dsll   $s5,$s5,16
4713 Reg write s5=98000000414f0000
4714 PC=0x98000000403fe15c [00000000403fe15c]	36b5c22e ori    $s5,$s5,0xc22e
4714 Reg write s5=98000000414fc22e
4715 icache  36b5c22e load  miss refill   pol=3 VA=98000000403fe160 PA=0403fe160 line=0b hitv=00000000 ro=70123456 tag=000000 V=01111111 L=00000000
4715 PC=0x98000000403fe160 [00000000403fe160]	deaa3d8a ld     $t2,0x3d8a($s5)
[va=98000000414fffb8 pa=00000000414fffb8]
4715 dcache  deaa3d8a load  miss refill   pol=3 VA=98000000414fffb8 PA=0414fffb8 line=7d hitv=00000000 ro=74526301 tag=000000 V=11111111 W=00000000 L=00000000
4715 scache  deaa3d8a load  miss refill   pol=3 VA=98000000414fffb8 PA=0414fffa0 line=ffd hitv=0000 ro=2130 tag=00000 V=1111 W=0110
4715 dmemacc: store 8 addr=0451fffa0 data=d0bb1cc902c5ab20 mask=11111111 cline 
4715 dmemacc: store 8 addr=0451fffa8 data=80000000000000c6 mask=11111111 cline 
4715 dmemacc: store 8 addr=0451fffb0 data=c58866540d8d1bb1 mask=11111111 cline 
4715 dmemacc: store 8 addr=0451fffb8 data=0000000000000055 mask=11111111 cline 
4715 Reg write t2=01fff0007ffc001f
4716 PC=0x98000000403fe164 [00000000403fe164]	3c189800 lui    $t8,0x9800
4716 Reg write t8=ffffffff98000000
4717 PC=0x98000000403fe168 [00000000403fe168]	0018c438 dsll   $t8,$t8,16
4717 Reg write t8=ffff980000000000
4718 PC=0x98000000403fe16c [00000000403fe16c]	37185160 ori    $t8,$t8,0x5160
4718 Reg write t8=ffff980000005160
4719 icache  37185160 load  hit           pol=3 VA=98000000403fe170 PA=0403fe170 line=0b hitv=10000000 ro=01234567 tag=0403fe V=11111111 L=00000000
4719 PC=0x98000000403fe170 [00000000403fe170]	0018c438 dsll   $t8,$t8,16
4719 Reg write t8=9800000051600000
4720 PC=0x98000000403fe174 [00000000403fe174]	37184c61 ori    $t8,$t8,0x4c61
4720 Reg write t8=9800000051604c61
4721 PC=0x98000000403fe178 [00000000403fe178]	9310b3f2 lbu    $s0,0xffffb3f2($t8)
[va=9800000051600053 pa=0000000051600053]
4721 dcache  9310b3f2 load  miss refill   pol=3 VA=9800000051600053 PA=051600050 line=02 hitv=00000000 ro=24735016 tag=000000 V=11111111 W=00000000 L=00000000
4721 scache  9310b3f2 load  miss refill   pol=3 VA=9800000051600053 PA=051600040 line=002 hitv=0000 ro=3021 tag=00000 V=1111 W=0001
4721 Reg write s0=0000000000000082
4722 PC=0x98000000403fe17c [00000000403fe17c]	3c0e9800 lui    $t6,0x9800
4722 Reg write t6=ffffffff98000000
4723 icache  3c0e9800 load  miss refill   pol=3 VA=98000000403fe180 PA=0403fe180 line=0c hitv=00000000 ro=67012354 tag=000000 V=00111111 L=00000000
4723 PC=0x98000000403fe180 [00000000403fe180]	000e7438 dsll   $t6,$t6,16
4723 Reg write t6=ffff980000000000
4724 PC=0x98000000403fe184 [00000000403fe184]	35ce414f ori    $t6,$t6,0x414f
4724 Reg write t6=ffff98000000414f
4725 PC=0x98000000403fe188 [00000000403fe188]	000e7438 dsll   $t6,$t6,16
4725 Reg write t6=98000000414f0000
4726 PC=0x98000000403fe18c [00000000403fe18c]	35ceb86a ori    $t6,$t6,0xb86a
4726 Reg write t6=98000000414fb86a
4727 icache  35ceb86a load  hit           pol=3 VA=98000000403fe190 PA=0403fe190 line=0c hitv=01000000 ro=70123546 tag=0403fe V=01111111 L=00000000
4727 PC=0x98000000403fe190 [00000000403fe190]	95c84748 lhu    $t0,0x4748($t6)
[va=98000000414fffb2 pa=00000000414fffb2]
4727 dcache  95c84748 load  hit           pol=3 VA=98000000414fffb2 PA=0414fffb0 line=7d hitv=10000000 ro=45263017 tag=0414ff V=11111111 W=00000000 L=00000000
4727 Reg write t0=000000000000fb0f
4728 PC=0x98000000403fe194 [00000000403fe194]	3c0a9800 lui    $t2,0x9800
4728 Reg write t2=ffffffff98000000
4729 PC=0x98000000403fe198 [00000000403fe198]	000a5438 dsll   $t2,$t2,16
4729 Reg write t2=ffff980000000000
4730 PC=0x98000000403fe19c [00000000403fe19c]	354a5020 ori    $t2,$t2,0x5020
4730 Reg write t2=ffff980000005020
4731 icache  354a5020 load  miss refill   pol=3 VA=98000000403fe1a0 PA=0403fe1a0 line=0d hitv=00000000 ro=34567012 tag=000000 V=00000111 L=00000000
4731 PC=0x98000000403fe1a0 [00000000403fe1a0]	000a5438 dsll   $t2,$t2,16
4731 Reg write t2=9800000050200000
4732 PC=0x98000000403fe1a4 [00000000403fe1a4]	354a18f1 ori    $t2,$t2,0x18f1
4732 Reg write t2=98000000502018f1
4733 PC=0x98000000403fe1a8 [00000000403fe1a8]	fd4ae707 sd     $t2,0xffffe707($t2)
[va=98000000501ffff8 pa=00000000501ffff8]
4733 dcache  fd4ae707 store miss w/alloc  pol=3 VA=98000000501ffff8 PA=0501ffff8 line=7f hitv=00000000 ro=42651730 tag=000000 V=11111111 W=00000000 L=00000000
4733 scache  fd4ae707 store miss w/alloc  pol=3 VA=98000000501ffff8 PA=0501ffff8 line=fff hitv=0000 ro=0213 tag=00000 V=1111 W=0000 data=98000000502018f1 mask=11111111
4734 PC=0x98000000403fe1ac [00000000403fe1ac]	3c109800 lui    $s0,0x9800
4734 Reg write s0=ffffffff98000000
4735 icache  3c109800 load  hit           pol=3 VA=98000000403fe1b0 PA=0403fe1b0 line=0d hitv=00001000 ro=45670123 tag=0403fe V=00001111 L=00000000
4735 PC=0x98000000403fe1b0 [00000000403fe1b0]	00108438 dsll   $s0,$s0,16
4735 Reg write s0=ffff980000000000
4736 PC=0x98000000403fe1b4 [00000000403fe1b4]	36105120 ori    $s0,$s0,0x5120
4736 Reg write s0=ffff980000005120
4737 PC=0x98000000403fe1b8 [00000000403fe1b8]	00108438 dsll   $s0,$s0,16
4737 Reg write s0=9800000051200000
4738 PC=0x98000000403fe1bc [00000000403fe1bc]	36105d58 ori    $s0,$s0,0x5d58
4738 Reg write s0=9800000051205d58
4739 icache  36105d58 load  miss refill   pol=3 VA=98000000403fe1c0 PA=0403fe1c0 line=0e hitv=00000000 ro=56701234 tag=000000 V=00011111 L=00000000
4739 PC=0x98000000403fe1c0 [00000000403fe1c0]	a214a270 sb     $s4,0xffffa270($s0)
[va=98000000511fffc8 pa=00000000511fffc8]
4739 dcache  a214a270 store hit           pol=3 VA=98000000511fffc8 PA=0511fffc8 line=7e hitv=00001000 ro=61523470 tag=0511ff V=11111111 W=00000000 L=00000000
4739 scache  a214a270 store hit           pol=3 VA=98000000511fffc8 PA=0511fffc8 line=ffe hitv=0001 ro=0231 tag=0288f V=1111 W=1001 data=1c00000000000000 mask=10000000
4740 PC=0x98000000403fe1c4 [00000000403fe1c4]	3c089800 lui    $t0,0x9800
4740 Reg write t0=ffffffff98000000
4741 PC=0x98000000403fe1c8 [00000000403fe1c8]	00084438 dsll   $t0,$t0,16
4741 Reg write t0=ffff980000000000
4742 PC=0x98000000403fe1cc [00000000403fe1cc]	3508504f ori    $t0,$t0,0x504f
4742 Reg write t0=ffff98000000504f
4743 icache  3508504f load  hit           pol=3 VA=98000000403fe1d0 PA=0403fe1d0 line=0e hitv=00100000 ro=67012345 tag=0403fe V=00111111 L=00000000
4743 PC=0x98000000403fe1d0 [00000000403fe1d0]	00084438 dsll   $t0,$t0,16
4743 Reg write t0=98000000504f0000
4744 PC=0x98000000403fe1d4 [00000000403fe1d4]	3508da7e ori    $t0,$t0,0xda7e
4744 Reg write t0=98000000504fda7e
4745 PC=0x98000000403fe1d8 [00000000403fe1d8]	8119258a lb     $t9,0x258a($t0)
[va=9800000050500008 pa=0000000050500008]
4745 dcache  8119258a load  miss refill   pol=3 VA=9800000050500008 PA=050500008 line=00 hitv=00000000 ro=74326501 tag=000000 V=11111111 W=00000000 L=00000000
4745 scache  8119258a load  miss refill   pol=3 VA=9800000050500008 PA=050500000 line=000 hitv=0000 ro=1302 tag=00000 V=1111 W=1001
4745 Reg write t9=000000000000003b
4746 PC=0x98000000403fe1dc [00000000403fe1dc]	3c199800 lui    $t9,0x9800
4746 Reg write t9=ffffffff98000000
4747 icache  3c199800 load  miss refill   pol=3 VA=98000000403fe1e0 PA=0403fe1e0 line=0f hitv=00000000 ro=67012345 tag=000000 V=00111111 L=00000000
4747 PC=0x98000000403fe1e0 [00000000403fe1e0]	0019cc38 dsll   $t9,$t9,16
4747 Reg write t9=ffff980000000000
4748 PC=0x98000000403fe1e4 [00000000403fe1e4]	37395050 ori    $t9,$t9,0x5050
4748 Reg write t9=ffff980000005050
4749 PC=0x98000000403fe1e8 [00000000403fe1e8]	0019cc38 dsll   $t9,$t9,16
4749 Reg write t9=9800000050500000
4750 PC=0x98000000403fe1ec [00000000403fe1ec]	37397f8f ori    $t9,$t9,0x7f8f
4750 Reg write t9=9800000050507f8f
4751 icache  37397f8f load  hit           pol=3 VA=98000000403fe1f0 PA=0403fe1f0 line=0f hitv=01000000 ro=70123456 tag=0403fe V=01111111 L=00000000
4751 PC=0x98000000403fe1f0 [00000000403fe1f0]	933c8045 lbu    $gp,0xffff8045($t9)
[va=98000000504fffd4 pa=00000000504fffd4]
4751 dcache  933c8045 load  miss refill   pol=3 VA=98000000504fffd4 PA=0504fffd0 line=7e hitv=00000000 ro=61524703 tag=000000 V=11111111 W=00000000 L=00000000
4751 scache  933c8045 load  miss refill   pol=3 VA=98000000504fffd4 PA=0504fffc0 line=ffe hitv=0000 ro=2310 tag=00000 V=1111 W=1001
4751 Reg write gp=0000000000000007
4752 PC=0x98000000403fe1f4 [00000000403fe1f4]	3c089800 lui    $t0,0x9800
4752 Reg write t0=ffffffff98000000
4753 PC=0x98000000403fe1f8 [00000000403fe1f8]	00084438 dsll   $t0,$t0,16
4753 Reg write t0=ffff980000000000
4754 PC=0x98000000403fe1fc [00000000403fe1fc]	35084027 ori    $t0,$t0,0x4027
4754 Reg write t0=ffff980000004027
4755 icache  35084027 load  miss refill   pol=3 VA=98000000403fe200 PA=0403fe200 line=10 hitv=00000000 ro=45670123 tag=000000 V=00001111 L=00000000
4755 PC=0x98000000403fe200 [00000000403fe200]	00084438 dsll   $t0,$t0,16
4755 Reg write t0=9800000040270000
4756 PC=0x98000000403fe204 [00000000403fe204]	3508b681 ori    $t0,$t0,0xb681
4756 Reg write t0=980000004027b681
4757 PC=0x98000000403fe208 [00000000403fe208]	ad1c4b2f sw     $gp,0x4b2f($t0)
[va=98000000402801b0 pa=00000000402801b0]
4757 dcache  ad1c4b2f store hit           pol=3 VA=98000000402801b0 PA=0402801b0 line=0d hitv=00000100 ro=42013567 tag=040280 V=11111111 W=00000000 L=00000000
4757 scache  ad1c4b2f store miss wo/alloc pol=3 VA=98000000402801b0 PA=0402801b0 line=00d hitv=0000 ro=1230 tag=00000 V=1111 W=1111 data=0000000700000000 mask=11110000
4757 dmemacc: store 4 addr=0402801b0 data=0000000700000000 mask=11110000 
4758 PC=0x98000000403fe20c [00000000403fe20c]	3c089800 lui    $t0,0x9800
4758 Reg write t0=ffffffff98000000
4759 icache  3c089800 load  hit           pol=3 VA=98000000403fe210 PA=0403fe210 line=10 hitv=00010000 ro=56701234 tag=0403fe V=00011111 L=00000000
4759 PC=0x98000000403fe210 [00000000403fe210]	00084438 dsll   $t0,$t0,16
4759 Reg write t0=ffff980000000000
4760 PC=0x98000000403fe214 [00000000403fe214]	35085050 ori    $t0,$t0,0x5050
4760 Reg write t0=ffff980000005050
4761 PC=0x98000000403fe218 [00000000403fe218]	00084438 dsll   $t0,$t0,16
4761 Reg write t0=9800000050500000
4762 PC=0x98000000403fe21c [00000000403fe21c]	3508463e ori    $t0,$t0,0x463e
4762 Reg write t0=980000005050463e
4763 icache  3508463e load  miss refill   pol=3 VA=98000000403fe220 PA=0403fe220 line=11 hitv=00000000 ro=45670123 tag=000000 V=00001111 L=00000000
4763 PC=0x98000000403fe220 [00000000403fe220]	dd0bb8da ld     $t3,0xffffb8da($t0)
[va=98000000504fff18 pa=00000000504fff18]
4763 dcache  dd0bb8da load  miss refill   pol=3 VA=98000000504fff18 PA=0504fff18 line=78 hitv=00000000 ro=35467120 tag=000000 V=11111111 W=00000000 L=00000000
4763 scache  dd0bb8da load  miss refill   pol=3 VA=98000000504fff18 PA=0504fff00 line=ff8 hitv=0000 ro=3012 tag=00000 V=1111 W=0001
4763 Reg write t3=aaaaaaaaaaaaaaaa
4764 PC=0x98000000403fe224 [00000000403fe224]	3c049800 lui    $a0,0x9800
4764 Reg write a0=ffffffff98000000
4765 PC=0x98000000403fe228 [00000000403fe228]	00042438 dsll   $a0,$a0,16
4765 Reg write a0=ffff980000000000
4766 PC=0x98000000403fe22c [00000000403fe22c]	348454af ori    $a0,$a0,0x54af
4766 Reg write a0=ffff9800000054af
4767 icache  348454af load  hit           pol=3 VA=98000000403fe230 PA=0403fe230 line=11 hitv=00010000 ro=56701234 tag=0403fe V=00011111 L=00000000
4767 PC=0x98000000403fe230 [00000000403fe230]	00042438 dsll   $a0,$a0,16
4767 Reg write a0=9800000054af0000
4768 PC=0x98000000403fe234 [00000000403fe234]	3484ff50 ori    $a0,$a0,0xff50
4768 Reg write a0=9800000054afff50
4769 PC=0x98000000403fe238 [00000000403fe238]	3c059800 lui    $a1,0x9800
4769 Reg write a1=ffffffff98000000
4770 PC=0x98000000403fe23c [00000000403fe23c]	00052c38 dsll   $a1,$a1,16
4770 Reg write a1=ffff980000000000
4771 icache  00052c38 load  miss refill   pol=3 VA=98000000403fe240 PA=0403fe240 line=12 hitv=00000000 ro=45670123 tag=000000 V=00001111 L=00000000
4771 PC=0x98000000403fe240 [00000000403fe240]	34a54b1f ori    $a1,$a1,0x4b1f
4771 Reg write a1=ffff980000004b1f
4772 PC=0x98000000403fe244 [00000000403fe244]	00052c38 dsll   $a1,$a1,16
4772 Reg write a1=980000004b1f0000
4773 PC=0x98000000403fe248 [00000000403fe248]	34a5ff60 ori    $a1,$a1,0xff60
4773 Reg write a1=980000004b1fff60
4774 PC=0x98000000403fe24c [00000000403fe24c]	24060001 addiu  $a2,$r0,0x1
4774 Reg write a2=0000000000000001
4775 icache  24060001 load  hit           pol=3 VA=98000000403fe250 PA=0403fe250 line=12 hitv=00010000 ro=56701234 tag=0403fe V=00011111 L=00000000
4775 PC=0x98000000403fe250 [00000000403fe250]	64840040 daddiu $a0,$a0,0x40
4775 Reg write a0=9800000054afff90
4776 PC=0x98000000403fe254 [00000000403fe254]	fc890008 sd     $t1,0x8($a0)
[va=9800000054afff98 pa=0000000054afff98]
4776 dcache  fc890008 store miss w/alloc  pol=3 VA=9800000054afff98 PA=054afff98 line=7c hitv=00000000 ro=20173654 tag=000000 V=11111111 W=00000000 L=00000000
4776 scache  fc890008 store miss w/alloc  pol=3 VA=9800000054afff98 PA=054afff98 line=ffc hitv=0000 ro=1230 tag=00000 V=1111 W=0100 data=98000000414fd2cf mask=11111111
4777 PC=0x98000000403fe258 [00000000403fe258]	fc8fffe8 sd     $t7,0xffffffe8($a0)
[va=9800000054afff78 pa=0000000054afff78]
4777 dcache  fc8fffe8 store hit           pol=3 VA=9800000054afff78 PA=054afff78 line=7b hitv=00000100 ro=05243176 tag=054aff V=11111111 W=00000000 L=00000000
4777 scache  fc8fffe8 store miss wo/alloc pol=3 VA=9800000054afff78 PA=054afff78 line=ffb hitv=0000 ro=0312 tag=00000 V=1111 W=0001 data=000000000000735e mask=11111111
4777 dmemacc: store 8 addr=054afff78 data=000000000000735e mask=11111111 
4778 PC=0x98000000403fe25c [00000000403fe25c]	dcaa0010 ld     $t2,0x10($a1)
[va=980000004b1fff70 pa=000000004b1fff70]
4778 dcache  dcaa0010 load  miss refill   pol=3 VA=980000004b1fff70 PA=04b1fff70 line=7b hitv=00000000 ro=05431762 tag=000000 V=11111111 W=00000000 L=00000000
4778 scache  dcaa0010 load  miss refill   pol=3 VA=980000004b1fff70 PA=04b1fff60 line=ffb hitv=0000 ro=0312 tag=00000 V=1111 W=0001
4778 dmemacc: store 8 addr=0567fff60 data=07d408ba3df27dde mask=11111111 cline 
4778 dmemacc: store 8 addr=0567fff68 data=2bb72f4e7e6c5d99 mask=11111111 cline 
4778 dmemacc: store 8 addr=0567fff70 data=07d408ba3df27dde mask=11111111 cline 
4778 dmemacc: store 8 addr=0567fff78 data=2bb72f4e7e6c5d99 mask=11111111 cline 
4778 Reg write t2=8bcb27032c4b7805
4779 icache  dcaa0010 load  miss refill   pol=3 VA=98000000403fe260 PA=0403fe260 line=13 hitv=00000000 ro=45670123 tag=000000 V=00001111 L=00000000
4779 PC=0x98000000403fe260 [00000000403fe260]	dca90008 ld     $t1,0x8($a1)
[va=980000004b1fff68 pa=000000004b1fff68]
4779 dcache  dca90008 load  hit           pol=3 VA=980000004b1fff68 PA=04b1fff68 line=7b hitv=00000001 ro=54317620 tag=04b1ff V=11111111 W=00000000 L=00000000
4779 Reg write t1=ef7a23d81d7feff9
4780 PC=0x98000000403fe264 [00000000403fe264]	fc880000 sd     $t0,0x0($a0)
[va=9800000054afff90 pa=0000000054afff90]
4780 dcache  fc880000 store hit           pol=3 VA=9800000054afff90 PA=054afff90 line=7c hitv=00000100 ro=01736542 tag=054aff V=11111111 W=00000000 L=00000000
4780 scache  fc880000 store hit           pol=3 VA=9800000054afff90 PA=054afff90 line=ffc hitv=0010 ro=2301 tag=02a57 V=1111 W=0110 data=980000005050463e mask=11111111
4781 PC=0x98000000403fe268 [00000000403fe268]	dca80030 ld     $t0,0x30($a1)
[va=980000004b1fff90 pa=000000004b1fff90]
4781 dcache  dca80030 load  miss refill   pol=3 VA=980000004b1fff90 PA=04b1fff90 line=7c hitv=00000000 ro=01736542 tag=000000 V=11111111 W=00000000 L=00000000
4781 scache  dca80030 load  miss refill   pol=3 VA=980000004b1fff90 PA=04b1fff80 line=ffc hitv=0000 ro=2301 tag=00000 V=1111 W=0110
4781 dmemacc: store 8 addr=0567fff80 data=2b2297952c0b6600 mask=11111111 cline 
4781 dmemacc: store 8 addr=0567fff88 data=3333333333333333 mask=11111111 cline 
4781 dmemacc: store 8 addr=0567fff90 data=fffffffc00000000 mask=11111111 cline 
4781 dmemacc: store 8 addr=0567fff98 data=ffffffffffffffff mask=11111111 cline 
4781 Reg write t0=207aec30fb5861f7
4782 PC=0x98000000403fe26c [00000000403fe26c]	64c6ffff daddiu $a2,$a2,0xffff
4782 Reg write a2=0000000000000000
4783 icache  64c6ffff load  hit           pol=3 VA=98000000403fe270 PA=0403fe270 line=13 hitv=00010000 ro=56701234 tag=0403fe V=00011111 L=00000000
4783 PC=0x98000000403fe270 [00000000403fe270]	fc8cffe0 sd     $t4,0xffffffe0($a0)
[va=9800000054afff70 pa=0000000054afff70]
4783 dcache  fc8cffe0 store hit           pol=3 VA=9800000054afff70 PA=054afff70 line=7b hitv=00000100 ro=54317620 tag=054aff V=11111111 W=00000000 L=00000000
4783 scache  fc8cffe0 store miss wo/alloc pol=3 VA=9800000054afff70 PA=054afff70 line=ffb hitv=0000 ro=3120 tag=00000 V=1111 W=0000 data=0000000000000001 mask=11111111
4783 dmemacc: store 8 addr=054afff70 data=0000000000000001 mask=11111111 
4784 PC=0x98000000403fe274 [00000000403fe274]	fc88fff0 sd     $t0,0xfffffff0($a0)
[va=9800000054afff80 pa=0000000054afff80]
4784 dcache  fc88fff0 store hit           pol=3 VA=9800000054afff80 PA=054afff80 line=7c hitv=00000100 ro=17365420 tag=054aff V=11111111 W=00000000 L=00000000
4784 scache  fc88fff0 store hit           pol=3 VA=9800000054afff80 PA=054afff80 line=ffc hitv=0010 ro=3012 tag=02a57 V=1111 W=0010 data=207aec30fb5861f7 mask=11111111
4785 PC=0x98000000403fe278 [00000000403fe278]	dcab0018 ld     $t3,0x18($a1)
[va=980000004b1fff78 pa=000000004b1fff78]
4785 dcache  dcab0018 load  hit           pol=3 VA=980000004b1fff78 PA=04b1fff78 line=7b hitv=00000001 ro=54317602 tag=04b1ff V=11111111 W=00000000 L=00000000
4785 Reg write t3=0000000000000001
4786 PC=0x98000000403fe27c [00000000403fe27c]	64a50040 daddiu $a1,$a1,0x40
4786 Reg write a1=980000004b1fffa0
4787 icache  64a50040 load  miss refill   pol=3 VA=98000000403fe280 PA=0403fe280 line=14 hitv=00000000 ro=45670123 tag=000000 V=00001111 L=00000000
4787 PC=0x98000000403fe280 [00000000403fe280]	dcac0020 ld     $t4,0x20($a1)
[va=980000004b1fffc0 pa=000000004b1fffc0]
4787 dcache  dcac0020 load  miss refill   pol=3 VA=980000004b1fffc0 PA=04b1fffc0 line=7e hitv=00000000 ro=15247036 tag=000000 V=11111111 W=00000000 L=00000000
4787 scache  dcac0020 load  miss refill   pol=3 VA=980000004b1fffc0 PA=04b1fffc0 line=ffe hitv=0000 ro=3102 tag=00000 V=1111 W=1001
4787 dmemacc: store 8 addr=0567fffc0 data=9ea4a484b9e04e2b mask=11111111 cline 
4787 dmemacc: store 8 addr=0567fffc8 data=65131e7c0ab779cd mask=11111111 cline 
4787 dmemacc: store 8 addr=0567fffd0 data=94ce2ce78e498fba mask=11111111 cline 
4787 dmemacc: store 8 addr=0567fffd8 data=fda0a8f102c390d2 mask=11111111 cline 
4787 Reg write t4=980000004a500060
4788 PC=0x98000000403fe284 [00000000403fe284]	fc8affd0 sd     $t2,0xffffffd0($a0)
[va=9800000054afff60 pa=0000000054afff60]
4788 dcache  fc8affd0 store hit           pol=3 VA=9800000054afff60 PA=054afff60 line=7b hitv=00000100 ro=54317620 tag=054aff V=11111111 W=00000000 L=00000000
4788 scache  fc8affd0 store miss wo/alloc pol=3 VA=9800000054afff60 PA=054afff60 line=ffb hitv=0000 ro=3120 tag=00000 V=1111 W=0000 data=8bcb27032c4b7805 mask=11111111
4788 dmemacc: store 8 addr=054afff60 data=8bcb27032c4b7805 mask=11111111 
4789 PC=0x98000000403fe288 [00000000403fe288]	dca90038 ld     $t1,0x38($a1)
[va=980000004b1fffd8 pa=000000004b1fffd8]
4789 dcache  dca90038 load  hit           pol=3 VA=980000004b1fffd8 PA=04b1fffd8 line=7e hitv=00000010 ro=52470361 tag=04b1ff V=11111111 W=00000000 L=00000000
4789 Reg write t1=4da3c7e5827446a1
4790 PC=0x98000000403fe28c [00000000403fe28c]	fc8bffd8 sd     $t3,0xffffffd8($a0)
[va=9800000054afff68 pa=0000000054afff68]
4790 dcache  fc8bffd8 store hit           pol=3 VA=9800000054afff68 PA=054afff68 line=7b hitv=00000100 ro=54317602 tag=054aff V=11111111 W=00000000 L=00000000
4790 scache  fc8bffd8 store miss wo/alloc pol=3 VA=9800000054afff68 PA=054afff68 line=ffb hitv=0000 ro=3120 tag=00000 V=1111 W=0000 data=0000000000000001 mask=11111111
4790 dmemacc: store 8 addr=054afff68 data=0000000000000001 mask=11111111 
4791 icache  fc8bffd8 load  hit           pol=3 VA=98000000403fe290 PA=0403fe290 line=14 hitv=00010000 ro=56701234 tag=0403fe V=00011111 L=00000000
4791 PC=0x98000000403fe290 [00000000403fe290]	dca80000 ld     $t0,0x0($a1)
[va=980000004b1fffa0 pa=000000004b1fffa0]
4791 dcache  dca80000 load  miss refill   pol=3 VA=980000004b1fffa0 PA=04b1fffa0 line=7d hitv=00000000 ro=45263017 tag=000000 V=11111111 W=00000000 L=00000000
4791 scache  dca80000 load  miss refill   pol=3 VA=980000004b1fffa0 PA=04b1fffa0 line=ffd hitv=0000 ro=1302 tag=00000 V=1111 W=0010
4791 dmemacc: store 8 addr=0567fffa0 data=de1616492c50716b mask=11111111 cline 
4791 dmemacc: store 8 addr=0567fffa8 data=e5fa414a32d66d43 mask=11111111 cline 
4791 dmemacc: store 8 addr=0567fffb0 data=de1616492c50716b mask=11111111 cline 
4791 dmemacc: store 8 addr=0567fffb8 data=e5fa414a32d66d43 mask=11111111 cline 
4791 Reg write t0=8ff93ba46fd412b9
4792 PC=0x98000000403fe294 [00000000403fe294]	fc89fff8 sd     $t1,0xfffffff8($a0)
[va=9800000054afff88 pa=0000000054afff88]
4792 dcache  fc89fff8 store hit           pol=3 VA=9800000054afff88 PA=054afff88 line=7c hitv=00000100 ro=17365402 tag=054aff V=11111111 W=00000000 L=00000000
4792 scache  fc89fff8 store hit           pol=3 VA=9800000054afff88 PA=054afff88 line=ffc hitv=0010 ro=3021 tag=02a57 V=1111 W=0010 data=4da3c7e5827446a1 mask=11111111
4793 PC=0x98000000403fe298 [00000000403fe298]	14c0ffed bne    $a2,$r0,0x98000000403fe250
4794 PC=0x98000000403fe29c [00000000403fe29c]	dcaf0028 ld     $t7,0x28($a1)
[va=980000004b1fffc8 pa=000000004b1fffc8]
4794 dcache  dcaf0028 load  hit           pol=3 VA=980000004b1fffc8 PA=04b1fffc8 line=7e hitv=00000010 ro=52470361 tag=04b1ff V=11111111 W=00000000 L=00000000
4794 Reg write t7=5e62405e7588581c
4795 icache  dcaf0028 load  miss refill   pol=3 VA=98000000403fe2a0 PA=0403fe2a0 line=15 hitv=00000000 ro=45670123 tag=000000 V=00001111 L=00000000
4795 PC=0x98000000403fe2a0 [00000000403fe2a0]	00000000 nop
4796 PC=0x98000000403fe2a4 [00000000403fe2a4]	340f0013 ori    $t7,$r0,0x13
4796 Reg write t7=0000000000000013
4797 PC=0x98000000403fe2a8 [00000000403fe2a8]	000f7efc dsll32 $t7,$t7,27
4797 Reg write t7=9800000000000000
4798 PC=0x98000000403fe2ac [00000000403fe2ac]	35ef72ac ori    $t7,$t7,0x72ac
4798 Reg write t7=98000000000072ac
4799 icache  35ef72ac load  hit           pol=3 VA=98000000403fe2b0 PA=0403fe2b0 line=15 hitv=00010000 ro=56701234 tag=0403fe V=00011111 L=00000000
4799 PC=0x98000000403fe2b0 [00000000403fe2b0]	01e0f809 jalr   $ra,$t7
4799 Reg write ra=98000000403fe2b8
4800 PC=0x98000000403fe2b4 [00000000403fe2b4]	00000000 nop
4801 icache  00000000 load  miss refill   pol=3 VA=98000000000072ac PA=0000072a0 line=15 hitv=00000000 ro=56701234 tag=000000 V=00011111 L=00000000
4801 PC=0x98000000000072ac [00000000000072ac]	fc740248 sd     $s4,0x248($v1)
[va=9800000050500178 pa=0000000050500178]
4801 dcache  fc740248 store hit           pol=3 VA=9800000050500178 PA=050500178 line=0b hitv=00000100 ro=52703416 tag=050500 V=11111111 W=00000000 L=00000000
4801 scache  fc740248 store miss wo/alloc pol=3 VA=9800000050500178 PA=050500178 line=00b hitv=0000 ro=0132 tag=00000 V=1111 W=0101 data=000000000000c71c mask=11111111
4801 dmemacc: store 8 addr=050500178 data=000000000000c71c mask=11111111 
4802 icache  fc740248 load  hit           pol=3 VA=98000000000072b0 PA=0000072b0 line=15 hitv=00100000 ro=67012345 tag=000007 V=00111111 L=00000000
4802 PC=0x98000000000072b0 [00000000000072b0]	fc6c0178 sd     $t4,0x178($v1)
[va=98000000505000a8 pa=00000000505000a8]
4802 dcache  fc6c0178 store hit           pol=3 VA=98000000505000a8 PA=0505000a8 line=05 hitv=00000001 ro=17502634 tag=050500 V=11111111 W=00000000 L=00000000
4802 scache  fc6c0178 store miss wo/alloc pol=3 VA=98000000505000a8 PA=0505000a8 line=005 hitv=0000 ro=2301 tag=00000 V=1111 W=0011 data=980000004a500060 mask=11111111
4802 dmemacc: store 8 addr=0505000a8 data=980000004a500060 mask=11111111 
4803 PC=0x98000000000072b4 [00000000000072b4]	fc7500c0 sd     $s5,0xc0($v1)
[va=98000000504ffff0 pa=00000000504ffff0]
4803 dcache  fc7500c0 store miss w/alloc  pol=3 VA=98000000504ffff0 PA=0504ffff0 line=7f hitv=00000000 ro=26517304 tag=000000 V=11111111 W=00000000 L=00000000
4803 scache  fc7500c0 store miss w/alloc  pol=3 VA=98000000504ffff0 PA=0504ffff0 line=fff hitv=0000 ro=2130 tag=00000 V=1111 W=0001 data=98000000414fc22e mask=11111111
4804 PC=0x98000000000072b8 [00000000000072b8]	00000000 nop
4805 PC=0x98000000000072bc [00000000000072bc]	03e00008 jr     $ra
4806 icache  03e00008 load  miss refill   pol=3 VA=98000000000072c0 PA=0000072c0 line=16 hitv=00000000 ro=45670123 tag=000000 V=00001111 L=00000000
4806 PC=0x98000000000072c0 [00000000000072c0]	fc6a0168 sd     $t2,0x168($v1)
[va=9800000050500098 pa=0000000050500098]
4806 dcache  fc6a0168 store hit           pol=3 VA=9800000050500098 PA=050500098 line=04 hitv=01000000 ro=57401362 tag=050500 V=11111111 W=00000000 L=00000000
4806 scache  fc6a0168 store miss wo/alloc pol=3 VA=9800000050500098 PA=050500098 line=004 hitv=0000 ro=0132 tag=00000 V=1111 W=1100 data=8bcb27032c4b7805 mask=11111111
4806 dmemacc: store 8 addr=050500098 data=8bcb27032c4b7805 mask=11111111 
4807 icache  fc6a0168 load  hit           pol=3 VA=98000000403fe2b8 PA=0403fe2b0 line=15 hitv=00010000 ro=67012345 tag=0403fe V=00111111 L=00000000
4807 PC=0x98000000403fe2b8 [00000000403fe2b8]	00000000 nop
4808 PC=0x98000000403fe2bc [00000000403fe2bc]	00000000 nop
4809 icache  00000000 load  miss refill   pol=3 VA=98000000403fe2c0 PA=0403fe2c0 line=16 hitv=00000000 ro=56701234 tag=000000 V=00011111 L=00000000
4809 PC=0x98000000403fe2c0 [00000000403fe2c0]	40186000 mfc0   $t8,$12 # Status
4809 Reg write t8=00000000340080e1
4810 PC=0x98000000403fe2c4 [00000000403fe2c4]	24190001 addiu  $t9,$r0,0x1
4810 Reg write t9=0000000000000001
4811 PC=0x98000000403fe2c8 [00000000403fe2c8]	0339c827 nor    $t9,$t9,$t9
4811 Reg write t9=fffffffffffffffe
4812 PC=0x98000000403fe2cc [00000000403fe2cc]	0319c024 and    $t8,$t8,$t9
4812 Reg write t8=00000000340080e0
4813 icache  0319c024 load  hit           pol=3 VA=98000000403fe2d0 PA=0403fe2d0 line=16 hitv=00100000 ro=67012345 tag=0403fe V=00111111 L=00000000
4813 PC=0x98000000403fe2d0 [00000000403fe2d0]	40986000 mtc0   $t8,$12 # Status
4814 PC=0x98000000403fe2d4 [00000000403fe2d4]	00000040 ssnop
4815 PC=0x98000000403fe2d8 [00000000403fe2d8]	00000040 ssnop
4816 PC=0x98000000403fe2dc [00000000403fe2dc]	3c010003 lui    $r1,0x3
4816 Reg write r1=0000000000030000
4817 icache  3c010003 load  miss refill   pol=3 VA=98000000403fe2e0 PA=0403fe2e0 line=17 hitv=00000000 ro=45670123 tag=000000 V=00001111 L=00000000
4817 PC=0x98000000403fe2e0 [00000000403fe2e0]	34211255 ori    $r1,$r1,0x1255
4817 Reg write r1=0000000000031255
4818 PC=0x98000000403fe2e4 [00000000403fe2e4]	40815800 mtc0   $r1,$11 # Compare
4819 PC=0x98000000403fe2e8 [00000000403fe2e8]	00000040 ssnop
4820 PC=0x98000000403fe2ec [00000000403fe2ec]	00000040 ssnop
4821 icache  00000040 load  hit           pol=3 VA=98000000403fe2f0 PA=0403fe2f0 line=17 hitv=00010000 ro=56701234 tag=0403fe V=00011111 L=00000000
4821 PC=0x98000000403fe2f0 [00000000403fe2f0]	40186000 mfc0   $t8,$12 # Status
4821 Reg write t8=00000000340080e0
4822 PC=0x98000000403fe2f4 [00000000403fe2f4]	37180001 ori    $t8,$t8,0x1
4822 Reg write t8=00000000340080e1
4823 PC=0x98000000403fe2f8 [00000000403fe2f8]	40986000 mtc0   $t8,$12 # Status
4824 PC=0x98000000403fe2fc [00000000403fe2fc]	00000040 ssnop
4825 icache  00000040 load  miss refill   pol=3 VA=98000000403fe300 PA=0403fe300 line=18 hitv=00000000 ro=56701234 tag=000000 V=00011111 L=00000000
4825 PC=0x98000000403fe300 [00000000403fe300]	3c1f8000 lui    $ra,0x8000
4825 Reg write ra=ffffffff80000000
4826 PC=0x98000000403fe304 [00000000403fe304]	37ff2000 ori    $ra,$ra,0x2000
4826 Reg write ra=ffffffff80002000
4827 PC=0x98000000403fe308 [00000000403fe308]	dc041ff8 ld     $a0,0x1ff8($r0)
4827 Exception XTLBRefill, cause=00000008(TLBL) at PC=98000000403fe308 triggered, instr=dc041ff8
  Delay state is NORMAL; mem access mode is data load
  Instruction dump:
[va=98000000403fe300 pa=00000000403fe300]
    0x98000000403fe300 [00000000403fe300]  3c1f8000 lui    $ra,0x8000
[va=98000000403fe304 pa=00000000403fe304]
    0x98000000403fe304 [00000000403fe304]  37ff2000 ori    $ra,$ra,0x2000
[va=98000000403fe308 pa=00000000403fe308]
    0x98000000403fe308 [00000000403fe308]  dc041ff8 ld     $a0,0x1ff8($r0)
[va=98000000403fe30c pa=00000000403fe30c]
    0x98000000403fe30c [00000000403fe30c]  10800003 beq    $a0,$r0,0x98000000403fe31c
[va=98000000403fe310 pa=00000000403fe310]
    0x98000000403fe310 [00000000403fe310]  fc001ff8 sd     $r0,0x1ff8($r0)
4828 icache  dc041ff8 load  miss refill   pol=3 VA=ffffffff80000080 PA=000000080 line=04 hitv=00000000 ro=70123456 tag=000000 V=01111111 L=00000000
4828 PC=0xffffffff80000080 [0000000000000080]	401a0800 mfc0   $k0,$1 # Random
4828 Reg write k0=0000000000000010
4829 PC=0xffffffff80000084 [0000000000000084]	401b4800 mfc0   $k1,$9 # Count
4829 Reg write k1=000000000000121b
4830 PC=0xffffffff80000088 [0000000000000088]	403a4000 dmfc0  $k0,$8 # BadVAddr
4830 Reg write k0=0000000000001ff8
4831 PC=0xffffffff8000008c [000000000000008c]	401b6800 mfc0   $k1,$13 # Cause
4831 Reg write k1=0000000000000008
4832 icache  401b6800 load  hit           pol=3 VA=ffffffff80000090 PA=000000090 line=04 hitv=10000000 ro=01234567 tag=000000 V=11111111 L=00000000
4832 PC=0xffffffff80000090 [0000000000000090]	001ad37a dsrl   $k0,$k0,13
4832 Reg write k0=0000000000000000
4833 PC=0xffffffff80000094 [0000000000000094]	001ad378 dsll   $k0,$k0,13
4833 Reg write k0=0000000000000000
4834 PC=0xffffffff80000098 [0000000000000098]	401b6000 mfc0   $k1,$12 # Status
4834 Reg write k1=00000000340080e3
4835 PC=0xffffffff8000009c [000000000000009c]	40ba5000 dmtc0  $k0,$10 # EntryHi
4836 icache  40ba5000 load  miss refill   pol=3 VA=ffffffff800000a0 PA=0000000a0 line=05 hitv=00000000 ro=01235467 tag=000000 V=11111111 L=00000000
4836 PC=0xffffffff800000a0 [00000000000000a0]	001ad7f8 dsll   $k0,$k0,31
4836 Reg write k0=0000000000000000
4837 PC=0xffffffff800000a4 [00000000000000a4]	001ad17e dsrl32 $k0,$k0,5
4837 Reg write k0=0000000000000000
4838 PC=0xffffffff800000a8 [00000000000000a8]	375a001f ori    $k0,$k0,0x1f
4838 Reg write k0=000000000000001f
4839 PC=0xffffffff800000ac [00000000000000ac]	401b2000 mfc0   $k1,$4 # Context
4839 Reg write k1=0000000000000000
4840 icache  401b2000 load  hit           pol=3 VA=ffffffff800000b0 PA=0000000b0 line=05 hitv=00000001 ro=12354670 tag=000000 V=11111111 L=00000000
4840 PC=0xffffffff800000b0 [00000000000000b0]	40ba1000 dmtc0  $k0,$2 # EntryLo0
4841 PC=0xffffffff800000b4 [00000000000000b4]	375a0040 ori    $k0,$k0,0x40
4841 Reg write k0=000000000000005f
4842 PC=0xffffffff800000b8 [00000000000000b8]	401ba000 mfc0   $k1,$20 # XContext
4842 Reg write k1=0000000000000000
4843 PC=0xffffffff800000bc [00000000000000bc]	40ba1800 dmtc0  $k0,$3 # EntryLo1
4844 icache  40ba1800 load  miss refill   pol=3 VA=ffffffff800000c0 PA=0000000c0 line=06 hitv=00000000 ro=01234567 tag=000000 V=11111111 L=00000000
4844 PC=0xffffffff800000c0 [00000000000000c0]	40a02800 dmtc0  $r0,$5 # PageMask
4845 PC=0xffffffff800000c4 [00000000000000c4]	00000040 ssnop
4846 PC=0xffffffff800000c8 [00000000000000c8]	00000040 ssnop
4847 PC=0xffffffff800000cc [00000000000000cc]	42000006 tlbwr
4847 tlb write 61:    4K . 0 0000000000000000-0000000000001fff G 00 . 00000000 3 DVrx . 00001000 3 DVrx 1
4848 icache  42000006 load  hit           pol=3 VA=ffffffff800000d0 PA=0000000d0 line=06 hitv=00000001 ro=12345670 tag=000000 V=11111111 L=00000000
4848 PC=0xffffffff800000d0 [00000000000000d0]	00000040 ssnop
4849 PC=0xffffffff800000d4 [00000000000000d4]	00000040 ssnop
4850 PC=0xffffffff800000d8 [00000000000000d8]	42000018 eret
4851 icache  42000018 load  hit           pol=3 VA=98000000403fe308 PA=0403fe300 line=18 hitv=00100000 ro=67012345 tag=0403fe V=00111111 L=00000000
4851 PC=0x98000000403fe308 [00000000403fe308]	dc041ff8 ld     $a0,0x1ff8($r0)
[va=0000000000001ff8 pa=0000000000001ff8]
4851 dcache  dc041ff8 load  miss refill   pol=3 VA=0000000000001ff8 PA=000001ff8 line=7f hitv=00000000 ro=65173042 tag=000000 V=11111111 W=00000000 L=00000000
4851 scache  dc041ff8 load  miss refill   pol=3 VA=0000000000001ff8 PA=000001fe0 line=0ff hitv=0000 ro=0123 tag=00000 V=0000 W=0000
4851 Reg write a0=0000000000000000
4852 PC=0x98000000403fe30c [00000000403fe30c]	10800003 beq    $a0,$r0,0x98000000403fe31c
4853 icache  10800003 load  hit           pol=3 VA=98000000403fe310 PA=0403fe310 line=18 hitv=00100000 ro=67012345 tag=0403fe V=00111111 L=00000000
4853 PC=0x98000000403fe310 [00000000403fe310]	fc001ff8 sd     $r0,0x1ff8($r0)
[va=0000000000001ff8 pa=0000000000001ff8]
4853 dcache  fc001ff8 store hit           pol=3 VA=0000000000001ff8 PA=000001ff8 line=7f hitv=01000000 ro=51730426 tag=000001 V=11111111 W=00000000 L=00000000
4853 scache  fc001ff8 store hit           pol=3 VA=0000000000001ff8 PA=000001ff8 line=0ff hitv=0001 ro=1230 tag=00000 V=0001 W=0000 data=0000000000000000 mask=11111111
4854 icache  fc001ff8 load  hit           pol=3 VA=98000000403fe31c PA=0403fe310 line=18 hitv=00100000 ro=67012345 tag=0403fe V=00111111 L=00000000
4854 PC=0x98000000403fe31c [00000000403fe31c]	0000000d break
4854 Exception Breakpoint, cause=00000024(Bp) at PC=98000000403fe31c triggered, instr=0000000d
  Delay state is NORMAL; mem access mode is not applicable
  Instruction dump:
[va=98000000403fe314 pa=00000000403fe314]
    0x98000000403fe314 [00000000403fe314]  03e00008 jr     $ra
[va=98000000403fe318 pa=00000000403fe318]
    0x98000000403fe318 [00000000403fe318]  98000000 lwr    $r0,0x0($r0)
[va=98000000403fe31c pa=00000000403fe31c]
    0x98000000403fe31c [00000000403fe31c]  0000000d break
[va=98000000403fe320 pa=00000000403fe320]
    0x98000000403fe320 [00000000403fe320]  00000000 nop
[va=98000000403fe324 pa=00000000403fe324]
    0x98000000403fe324 [00000000403fe324]  00000040 ssnop
4855 icache  0000000d load  miss refill   pol=3 VA=ffffffff80000180 PA=000000180 line=0c hitv=00000000 ro=70123546 tag=000000 V=01111111 L=00000000
4855 PC=0xffffffff80000180 [0000000000000180]	401a6800 mfc0   $k0,$13 # Cause
4855 Reg write k0=0000000000000024
4856 PC=0xffffffff80000184 [0000000000000184]	335a007f andi   $k0,$k0,0x7f
4856 Reg write k0=0000000000000024
4857 PC=0xffffffff80000188 [0000000000000188]	3c1b8000 lui    $k1,0x8000
4857 Reg write k1=ffffffff80000000
4858 PC=0xffffffff8000018c [000000000000018c]	001ad180 sll    $k0,$k0,6
4858 Reg write k0=0000000000000900
4859 icache  001ad180 load  hit           pol=3 VA=ffffffff80000190 PA=000000190 line=0c hitv=10000000 ro=01235467 tag=000000 V=11111111 L=00000000
4859 PC=0xffffffff80000190 [0000000000000190]	377b0200 ori    $k1,$k1,0x200
4859 Reg write k1=ffffffff80000200
4860 PC=0xffffffff80000194 [0000000000000194]	035bd02d daddu  $k0,$k0,$k1
4860 Reg write k0=ffffffff80000b00
4861 PC=0xffffffff80000198 [0000000000000198]	03400008 jr     $k0
4862 PC=0xffffffff8000019c [000000000000019c]	401b6800 mfc0   $k1,$13 # Cause
4862 Reg write k1=0000000000000024
4863 icache  401b6800 load  miss refill   pol=3 VA=ffffffff80000b00 PA=000000b00 line=58 hitv=00000000 ro=23456701 tag=000000 V=00000011 L=00000000
4863 PC=0xffffffff80000b00 [0000000000000b00]	34021234 ori    $v0,$r0,0x1234
4863 Reg write v0=0000000000001234
4864 PC=0xffffffff80000b04 [0000000000000b04]	00000040 ssnop
4865 PC=0xffffffff80000b08 [0000000000000b08]	43ffffe0 wait   0x7ffff
* WAIT 0x7ffff instruction reached -- HALTING *

************* HALT *************

CP0 registers dump:
  Set 0:
    Index       ( 0)=0000000000000000
    Random      ( 1)=000000000000002b
    EntryLo0    ( 2)=000000000000001f
    EntryLo1    ( 3)=000000000000005f
    Context     ( 4)=0000000000000000
    PageMask    ( 5)=0000000000000000
    Wired       ( 6)=0000000000000000
    HWREna      ( 7)=0000000008000000
    BadVAddr    ( 8)=0000000000001ff8
    Count       ( 9)=000000000000123f
    EntryHi     (10)=0000000000000000
    Compare     (11)=0000000000031255
    Status      (12)=00000000340080e3
    Cause       (13)=0000000000000024
    EPC         (14)=98000000403fe31c
    PRId        (15)=0000000005130533
    Config      (16)=0000000080d0c483
    LLAddr      (17)=0000000000000000
    WatchLo     (18)=0000000000000000
    WatchHi     (19)=0000000080000000
    XContext    (20)=0000000000000000
    ChipMemCtrl (22)=0000000000000000
    DebugReg    (23)=0000000002018000
    DEPC        (24)=0000000000000000
    PerfCount   (25)=00000000c0000000
    ECC         (26)=0000000000000000
    CacheErr    (27)=0000000000000000
    TagLo       (28)=0000000000000000
    TagHi       (29)=0000000000000000
    ErrorEPC    (30)=0000000000000000
    DeSave      (31)=0000000000000000
  Set 1:
    PageGrain   ( 5)=0000000000000000
    IntCtl      (12)=00000000fc000000
    EBase       (15)=ffffffff80000000
    Config1     (16)=00000000fe6733db
    WatchLo1    (18)=0000000000000000
    WatchHi1    (19)=0000000000000000
    PerfCount1  (25)=0000000000000000
    DErrAddr0   (26)=0000000000000000
    DErrAddr1   (27)=0000000000000000
    DataHi      (29)=0000000000000000
  Set 2:
    ULR         ( 4)=0000000000000000
    SRSCtl      (12)=0000000000000000
    Config2     (16)=0000000080000643
    PerfCount2  (25)=0000000040000000
    KScratch1   (31)=0000000000000000
  Set 3:
    Scratch1    ( 8)=0000000000000000
    Scratch2    ( 9)=0000000000000000
    Scratch3    (10)=0000000000000000
    Scratch4    (11)=0000000000000000
    Scratch5    (12)=0000000000000000
    Scratch6    (13)=0000000000000000
    Scratch7    (14)=0000000000000000
    Scratch8    (15)=0000000000000000
    Config3     (16)=0000000080003000
    PerfCount3  (25)=0000000000000000
    KScratch2   (31)=0000000000000000
  Set 4:
    Config4     (16)=00000000000c0000
    PerfCount4  (25)=0000000000000000
  Set 5:
    PerfCount5  (25)=0000000000000000
  Set 6:
    PerfCount6  (25)=0000000000000000
  Set 7:
    PerfCount7  (25)=0000000000000000
mtc0queue dump:...
Statistics [total (user/supervisor/kernel/exl)]:
  0x00  clocks                : 4864 (0/0/4830/34)
  0x01  totinstr              : 4865 (0/0/4831/34)
  0x02  fpuinstr              : 298 (0/0/298/0)
  0x03  intinstr              : 2566 (0/0/2549/17)
  0x04  loadinstr             : 822 (0/0/821/1)
  0x05  storeinstr            : 853 (0/0/853/0)
  0x06  dualissued            : 0 (0/0/0/0)
  0x07  branchprefetch        : 191 (0/0/191/0)
  0x08  fpuexc                : 0 (0/0/0/0)
  0x09  intexc                : 0 (0/0/0/0)
  0x0a  scachemiss            : 767 (0/0/767/0)
  0x0b  icachemiss            : 415 (0/0/410/5)
  0x0c  dcachemiss            : 666 (0/0/666/0)
  0x0d  dtlbmiss              : 2 (0/0/2/0)
  0x0e  itlbmiss              : 0 (0/0/0/0)
  0x0f  jtlbimiss             : 0 (0/0/0/0)
  0x10  jtlbdmiss             : 1 (0/0/1/0)
  0x11  branchtaken           : 57 (0/0/56/1)
  0x12  branchissued          : 285 (0/0/284/1)
  0x13  seccachewriteback     : 0 (0/0/0/0)
  0x14  prmcachewriteback     : 0 (0/0/0/0)
  0x15  dcachemissstallcycles : 0 (0/0/0/0)
  0x16  cachemiss             : 0 (0/0/0/0)
  0x17  fppossibleexccycles   : 0 (0/0/0/0)
  0x19  stallcycles           : 0 (0/0/0/0)
  0x1a  LL/SC success         : 0 (0/0/0/0)
  0x1b  LL/SC discard by snoop: 0 (0/0/0/0)
  0x1c  clocks instr fetch    : 4865 (0/0/4831/34)
Goodbye.
